[2024-09-12T06:38:59.418+0000] {processor.py:157} INFO - Started process (PID=7052) to work on /home/vscode/.local/lib/python3.10/site-packages/airflow/example_dags/example_xcom.py
[2024-09-12T06:38:59.418+0000] {processor.py:826} INFO - Processing file /home/vscode/.local/lib/python3.10/site-packages/airflow/example_dags/example_xcom.py for tasks to queue
[2024-09-12T06:38:59.419+0000] {logging_mixin.py:150} INFO - [2024-09-12T06:38:59.419+0000] {dagbag.py:541} INFO - Filling up the DagBag from /home/vscode/.local/lib/python3.10/site-packages/airflow/example_dags/example_xcom.py
[2024-09-12T06:38:59.424+0000] {processor.py:836} INFO - DAG(s) dict_keys(['example_xcom']) retrieved from /home/vscode/.local/lib/python3.10/site-packages/airflow/example_dags/example_xcom.py
[2024-09-12T06:38:59.641+0000] {logging_mixin.py:150} INFO - [2024-09-12T06:38:59.641+0000] {manager.py:504} INFO - Created Permission View: can edit on DAG:example_xcom
[2024-09-12T06:38:59.666+0000] {logging_mixin.py:150} INFO - [2024-09-12T06:38:59.666+0000] {manager.py:504} INFO - Created Permission View: can read on DAG:example_xcom
[2024-09-12T06:38:59.688+0000] {logging_mixin.py:150} INFO - [2024-09-12T06:38:59.688+0000] {manager.py:504} INFO - Created Permission View: can delete on DAG:example_xcom
[2024-09-12T06:38:59.696+0000] {logging_mixin.py:150} INFO - [2024-09-12T06:38:59.695+0000] {dag.py:2742} INFO - Sync 1 DAGs
[2024-09-12T06:38:59.703+0000] {logging_mixin.py:150} INFO - [2024-09-12T06:38:59.703+0000] {dag.py:2763} INFO - Creating ORM DAG for example_xcom
[2024-09-12T06:38:59.708+0000] {logging_mixin.py:150} INFO - [2024-09-12T06:38:59.708+0000] {dag.py:3504} INFO - Setting next_dagrun for example_xcom to 2021-01-01T00:00:00+00:00, run_after=2021-01-01T00:00:00+00:00
[2024-09-12T06:38:59.756+0000] {processor.py:179} INFO - Processing /home/vscode/.local/lib/python3.10/site-packages/airflow/example_dags/example_xcom.py took 0.340 seconds
[2024-09-12T06:39:31.378+0000] {processor.py:157} INFO - Started process (PID=7400) to work on /home/vscode/.local/lib/python3.10/site-packages/airflow/example_dags/example_xcom.py
[2024-09-12T06:39:31.379+0000] {processor.py:826} INFO - Processing file /home/vscode/.local/lib/python3.10/site-packages/airflow/example_dags/example_xcom.py for tasks to queue
[2024-09-12T06:39:31.379+0000] {logging_mixin.py:150} INFO - [2024-09-12T06:39:31.379+0000] {dagbag.py:541} INFO - Filling up the DagBag from /home/vscode/.local/lib/python3.10/site-packages/airflow/example_dags/example_xcom.py
[2024-09-12T06:39:31.384+0000] {processor.py:836} INFO - DAG(s) dict_keys(['example_xcom']) retrieved from /home/vscode/.local/lib/python3.10/site-packages/airflow/example_dags/example_xcom.py
[2024-09-12T06:39:31.397+0000] {logging_mixin.py:150} INFO - [2024-09-12T06:39:31.397+0000] {dag.py:2742} INFO - Sync 1 DAGs
[2024-09-12T06:39:31.484+0000] {logging_mixin.py:150} INFO - [2024-09-12T06:39:31.484+0000] {dag.py:3504} INFO - Setting next_dagrun for example_xcom to 2021-01-01T00:00:00+00:00, run_after=2021-01-01T00:00:00+00:00
[2024-09-12T06:39:31.527+0000] {processor.py:179} INFO - Processing /home/vscode/.local/lib/python3.10/site-packages/airflow/example_dags/example_xcom.py took 0.151 seconds
[2024-09-12T06:40:25.504+0000] {processor.py:157} INFO - Started process (PID=7747) to work on /home/vscode/.local/lib/python3.10/site-packages/airflow/example_dags/example_xcom.py
[2024-09-12T06:40:25.505+0000] {processor.py:826} INFO - Processing file /home/vscode/.local/lib/python3.10/site-packages/airflow/example_dags/example_xcom.py for tasks to queue
[2024-09-12T06:40:25.506+0000] {logging_mixin.py:150} INFO - [2024-09-12T06:40:25.505+0000] {dagbag.py:541} INFO - Filling up the DagBag from /home/vscode/.local/lib/python3.10/site-packages/airflow/example_dags/example_xcom.py
[2024-09-12T06:40:25.511+0000] {processor.py:836} INFO - DAG(s) dict_keys(['example_xcom']) retrieved from /home/vscode/.local/lib/python3.10/site-packages/airflow/example_dags/example_xcom.py
[2024-09-12T06:40:25.527+0000] {logging_mixin.py:150} INFO - [2024-09-12T06:40:25.527+0000] {dag.py:2742} INFO - Sync 1 DAGs
[2024-09-12T06:40:25.547+0000] {logging_mixin.py:150} INFO - [2024-09-12T06:40:25.547+0000] {dag.py:3504} INFO - Setting next_dagrun for example_xcom to 2021-01-01T00:00:00+00:00, run_after=2021-01-01T00:00:00+00:00
[2024-09-12T06:40:25.587+0000] {processor.py:179} INFO - Processing /home/vscode/.local/lib/python3.10/site-packages/airflow/example_dags/example_xcom.py took 0.085 seconds
[2024-09-12T06:41:07.937+0000] {processor.py:157} INFO - Started process (PID=8024) to work on /home/vscode/.local/lib/python3.10/site-packages/airflow/example_dags/example_xcom.py
[2024-09-12T06:41:07.938+0000] {processor.py:826} INFO - Processing file /home/vscode/.local/lib/python3.10/site-packages/airflow/example_dags/example_xcom.py for tasks to queue
[2024-09-12T06:41:07.938+0000] {logging_mixin.py:150} INFO - [2024-09-12T06:41:07.938+0000] {dagbag.py:541} INFO - Filling up the DagBag from /home/vscode/.local/lib/python3.10/site-packages/airflow/example_dags/example_xcom.py
[2024-09-12T06:41:07.944+0000] {processor.py:836} INFO - DAG(s) dict_keys(['example_xcom']) retrieved from /home/vscode/.local/lib/python3.10/site-packages/airflow/example_dags/example_xcom.py
[2024-09-12T06:41:07.956+0000] {logging_mixin.py:150} INFO - [2024-09-12T06:41:07.956+0000] {dag.py:2742} INFO - Sync 1 DAGs
[2024-09-12T06:41:07.969+0000] {logging_mixin.py:150} INFO - [2024-09-12T06:41:07.969+0000] {dag.py:3504} INFO - Setting next_dagrun for example_xcom to 2021-01-01T00:00:00+00:00, run_after=2021-01-01T00:00:00+00:00
[2024-09-12T06:41:08.004+0000] {processor.py:179} INFO - Processing /home/vscode/.local/lib/python3.10/site-packages/airflow/example_dags/example_xcom.py took 0.069 seconds
[2024-09-12T06:41:50.125+0000] {processor.py:157} INFO - Started process (PID=8312) to work on /home/vscode/.local/lib/python3.10/site-packages/airflow/example_dags/example_xcom.py
[2024-09-12T06:41:50.126+0000] {processor.py:826} INFO - Processing file /home/vscode/.local/lib/python3.10/site-packages/airflow/example_dags/example_xcom.py for tasks to queue
[2024-09-12T06:41:50.126+0000] {logging_mixin.py:150} INFO - [2024-09-12T06:41:50.126+0000] {dagbag.py:541} INFO - Filling up the DagBag from /home/vscode/.local/lib/python3.10/site-packages/airflow/example_dags/example_xcom.py
[2024-09-12T06:41:50.132+0000] {processor.py:836} INFO - DAG(s) dict_keys(['example_xcom']) retrieved from /home/vscode/.local/lib/python3.10/site-packages/airflow/example_dags/example_xcom.py
[2024-09-12T06:41:50.144+0000] {logging_mixin.py:150} INFO - [2024-09-12T06:41:50.144+0000] {dag.py:2742} INFO - Sync 1 DAGs
[2024-09-12T06:41:50.160+0000] {logging_mixin.py:150} INFO - [2024-09-12T06:41:50.160+0000] {dag.py:3504} INFO - Setting next_dagrun for example_xcom to 2021-01-01T00:00:00+00:00, run_after=2021-01-01T00:00:00+00:00
[2024-09-12T06:41:50.209+0000] {processor.py:179} INFO - Processing /home/vscode/.local/lib/python3.10/site-packages/airflow/example_dags/example_xcom.py took 0.086 seconds
[2024-09-12T06:42:34.630+0000] {processor.py:157} INFO - Started process (PID=8608) to work on /home/vscode/.local/lib/python3.10/site-packages/airflow/example_dags/example_xcom.py
[2024-09-12T06:42:34.631+0000] {processor.py:826} INFO - Processing file /home/vscode/.local/lib/python3.10/site-packages/airflow/example_dags/example_xcom.py for tasks to queue
[2024-09-12T06:42:34.632+0000] {logging_mixin.py:150} INFO - [2024-09-12T06:42:34.631+0000] {dagbag.py:541} INFO - Filling up the DagBag from /home/vscode/.local/lib/python3.10/site-packages/airflow/example_dags/example_xcom.py
[2024-09-12T06:42:34.637+0000] {processor.py:836} INFO - DAG(s) dict_keys(['example_xcom']) retrieved from /home/vscode/.local/lib/python3.10/site-packages/airflow/example_dags/example_xcom.py
[2024-09-12T06:42:34.648+0000] {logging_mixin.py:150} INFO - [2024-09-12T06:42:34.648+0000] {dag.py:2742} INFO - Sync 1 DAGs
[2024-09-12T06:42:34.662+0000] {logging_mixin.py:150} INFO - [2024-09-12T06:42:34.662+0000] {dag.py:3504} INFO - Setting next_dagrun for example_xcom to 2021-01-01T00:00:00+00:00, run_after=2021-01-01T00:00:00+00:00
[2024-09-12T06:42:34.691+0000] {processor.py:179} INFO - Processing /home/vscode/.local/lib/python3.10/site-packages/airflow/example_dags/example_xcom.py took 0.063 seconds
[2024-09-12T06:43:18.975+0000] {processor.py:157} INFO - Started process (PID=8911) to work on /home/vscode/.local/lib/python3.10/site-packages/airflow/example_dags/example_xcom.py
[2024-09-12T06:43:18.975+0000] {processor.py:826} INFO - Processing file /home/vscode/.local/lib/python3.10/site-packages/airflow/example_dags/example_xcom.py for tasks to queue
[2024-09-12T06:43:18.976+0000] {logging_mixin.py:150} INFO - [2024-09-12T06:43:18.976+0000] {dagbag.py:541} INFO - Filling up the DagBag from /home/vscode/.local/lib/python3.10/site-packages/airflow/example_dags/example_xcom.py
[2024-09-12T06:43:18.981+0000] {processor.py:836} INFO - DAG(s) dict_keys(['example_xcom']) retrieved from /home/vscode/.local/lib/python3.10/site-packages/airflow/example_dags/example_xcom.py
[2024-09-12T06:43:18.993+0000] {logging_mixin.py:150} INFO - [2024-09-12T06:43:18.992+0000] {dag.py:2742} INFO - Sync 1 DAGs
[2024-09-12T06:43:19.007+0000] {logging_mixin.py:150} INFO - [2024-09-12T06:43:19.007+0000] {dag.py:3504} INFO - Setting next_dagrun for example_xcom to 2021-01-01T00:00:00+00:00, run_after=2021-01-01T00:00:00+00:00
[2024-09-12T06:43:19.049+0000] {processor.py:179} INFO - Processing /home/vscode/.local/lib/python3.10/site-packages/airflow/example_dags/example_xcom.py took 0.076 seconds
[2024-09-12T06:44:02.004+0000] {processor.py:157} INFO - Started process (PID=9201) to work on /home/vscode/.local/lib/python3.10/site-packages/airflow/example_dags/example_xcom.py
[2024-09-12T06:44:02.005+0000] {processor.py:826} INFO - Processing file /home/vscode/.local/lib/python3.10/site-packages/airflow/example_dags/example_xcom.py for tasks to queue
[2024-09-12T06:44:02.006+0000] {logging_mixin.py:150} INFO - [2024-09-12T06:44:02.005+0000] {dagbag.py:541} INFO - Filling up the DagBag from /home/vscode/.local/lib/python3.10/site-packages/airflow/example_dags/example_xcom.py
[2024-09-12T06:44:02.011+0000] {processor.py:836} INFO - DAG(s) dict_keys(['example_xcom']) retrieved from /home/vscode/.local/lib/python3.10/site-packages/airflow/example_dags/example_xcom.py
[2024-09-12T06:44:02.024+0000] {logging_mixin.py:150} INFO - [2024-09-12T06:44:02.023+0000] {dag.py:2742} INFO - Sync 1 DAGs
[2024-09-12T06:44:02.037+0000] {logging_mixin.py:150} INFO - [2024-09-12T06:44:02.037+0000] {dag.py:3504} INFO - Setting next_dagrun for example_xcom to 2021-01-01T00:00:00+00:00, run_after=2021-01-01T00:00:00+00:00
[2024-09-12T06:44:02.079+0000] {processor.py:179} INFO - Processing /home/vscode/.local/lib/python3.10/site-packages/airflow/example_dags/example_xcom.py took 0.077 seconds
[2024-09-12T06:44:42.404+0000] {processor.py:157} INFO - Started process (PID=9477) to work on /home/vscode/.local/lib/python3.10/site-packages/airflow/example_dags/example_xcom.py
[2024-09-12T06:44:42.405+0000] {processor.py:826} INFO - Processing file /home/vscode/.local/lib/python3.10/site-packages/airflow/example_dags/example_xcom.py for tasks to queue
[2024-09-12T06:44:42.405+0000] {logging_mixin.py:150} INFO - [2024-09-12T06:44:42.405+0000] {dagbag.py:541} INFO - Filling up the DagBag from /home/vscode/.local/lib/python3.10/site-packages/airflow/example_dags/example_xcom.py
[2024-09-12T06:44:42.411+0000] {processor.py:836} INFO - DAG(s) dict_keys(['example_xcom']) retrieved from /home/vscode/.local/lib/python3.10/site-packages/airflow/example_dags/example_xcom.py
[2024-09-12T06:44:42.423+0000] {logging_mixin.py:150} INFO - [2024-09-12T06:44:42.422+0000] {dag.py:2742} INFO - Sync 1 DAGs
[2024-09-12T06:44:42.437+0000] {logging_mixin.py:150} INFO - [2024-09-12T06:44:42.437+0000] {dag.py:3504} INFO - Setting next_dagrun for example_xcom to 2021-01-01T00:00:00+00:00, run_after=2021-01-01T00:00:00+00:00
[2024-09-12T06:44:42.468+0000] {processor.py:179} INFO - Processing /home/vscode/.local/lib/python3.10/site-packages/airflow/example_dags/example_xcom.py took 0.066 seconds
[2024-09-12T06:45:26.941+0000] {processor.py:157} INFO - Started process (PID=9773) to work on /home/vscode/.local/lib/python3.10/site-packages/airflow/example_dags/example_xcom.py
[2024-09-12T06:45:26.942+0000] {processor.py:826} INFO - Processing file /home/vscode/.local/lib/python3.10/site-packages/airflow/example_dags/example_xcom.py for tasks to queue
[2024-09-12T06:45:26.942+0000] {logging_mixin.py:150} INFO - [2024-09-12T06:45:26.942+0000] {dagbag.py:541} INFO - Filling up the DagBag from /home/vscode/.local/lib/python3.10/site-packages/airflow/example_dags/example_xcom.py
[2024-09-12T06:45:26.948+0000] {processor.py:836} INFO - DAG(s) dict_keys(['example_xcom']) retrieved from /home/vscode/.local/lib/python3.10/site-packages/airflow/example_dags/example_xcom.py
[2024-09-12T06:45:26.960+0000] {logging_mixin.py:150} INFO - [2024-09-12T06:45:26.960+0000] {dag.py:2742} INFO - Sync 1 DAGs
[2024-09-12T06:45:26.974+0000] {logging_mixin.py:150} INFO - [2024-09-12T06:45:26.973+0000] {dag.py:3504} INFO - Setting next_dagrun for example_xcom to 2021-01-01T00:00:00+00:00, run_after=2021-01-01T00:00:00+00:00
[2024-09-12T06:45:27.005+0000] {processor.py:179} INFO - Processing /home/vscode/.local/lib/python3.10/site-packages/airflow/example_dags/example_xcom.py took 0.066 seconds
[2024-09-12T06:46:12.401+0000] {processor.py:157} INFO - Started process (PID=10082) to work on /home/vscode/.local/lib/python3.10/site-packages/airflow/example_dags/example_xcom.py
[2024-09-12T06:46:12.402+0000] {processor.py:826} INFO - Processing file /home/vscode/.local/lib/python3.10/site-packages/airflow/example_dags/example_xcom.py for tasks to queue
[2024-09-12T06:46:12.402+0000] {logging_mixin.py:150} INFO - [2024-09-12T06:46:12.402+0000] {dagbag.py:541} INFO - Filling up the DagBag from /home/vscode/.local/lib/python3.10/site-packages/airflow/example_dags/example_xcom.py
[2024-09-12T06:46:12.408+0000] {processor.py:836} INFO - DAG(s) dict_keys(['example_xcom']) retrieved from /home/vscode/.local/lib/python3.10/site-packages/airflow/example_dags/example_xcom.py
[2024-09-12T06:46:12.419+0000] {logging_mixin.py:150} INFO - [2024-09-12T06:46:12.419+0000] {dag.py:2742} INFO - Sync 1 DAGs
[2024-09-12T06:46:12.433+0000] {logging_mixin.py:150} INFO - [2024-09-12T06:46:12.432+0000] {dag.py:3504} INFO - Setting next_dagrun for example_xcom to 2021-01-01T00:00:00+00:00, run_after=2021-01-01T00:00:00+00:00
[2024-09-12T06:46:12.472+0000] {processor.py:179} INFO - Processing /home/vscode/.local/lib/python3.10/site-packages/airflow/example_dags/example_xcom.py took 0.073 seconds
[2024-09-12T06:46:57.350+0000] {processor.py:157} INFO - Started process (PID=10378) to work on /home/vscode/.local/lib/python3.10/site-packages/airflow/example_dags/example_xcom.py
[2024-09-12T06:46:57.351+0000] {processor.py:826} INFO - Processing file /home/vscode/.local/lib/python3.10/site-packages/airflow/example_dags/example_xcom.py for tasks to queue
[2024-09-12T06:46:57.352+0000] {logging_mixin.py:150} INFO - [2024-09-12T06:46:57.351+0000] {dagbag.py:541} INFO - Filling up the DagBag from /home/vscode/.local/lib/python3.10/site-packages/airflow/example_dags/example_xcom.py
[2024-09-12T06:46:57.357+0000] {processor.py:836} INFO - DAG(s) dict_keys(['example_xcom']) retrieved from /home/vscode/.local/lib/python3.10/site-packages/airflow/example_dags/example_xcom.py
[2024-09-12T06:46:57.369+0000] {logging_mixin.py:150} INFO - [2024-09-12T06:46:57.368+0000] {dag.py:2742} INFO - Sync 1 DAGs
[2024-09-12T06:46:57.382+0000] {logging_mixin.py:150} INFO - [2024-09-12T06:46:57.382+0000] {dag.py:3504} INFO - Setting next_dagrun for example_xcom to 2021-01-01T00:00:00+00:00, run_after=2021-01-01T00:00:00+00:00
[2024-09-12T06:46:57.419+0000] {processor.py:179} INFO - Processing /home/vscode/.local/lib/python3.10/site-packages/airflow/example_dags/example_xcom.py took 0.071 seconds
[2024-09-12T06:47:42.646+0000] {processor.py:157} INFO - Started process (PID=10681) to work on /home/vscode/.local/lib/python3.10/site-packages/airflow/example_dags/example_xcom.py
[2024-09-12T06:47:42.647+0000] {processor.py:826} INFO - Processing file /home/vscode/.local/lib/python3.10/site-packages/airflow/example_dags/example_xcom.py for tasks to queue
[2024-09-12T06:47:42.648+0000] {logging_mixin.py:150} INFO - [2024-09-12T06:47:42.647+0000] {dagbag.py:541} INFO - Filling up the DagBag from /home/vscode/.local/lib/python3.10/site-packages/airflow/example_dags/example_xcom.py
[2024-09-12T06:47:42.653+0000] {processor.py:836} INFO - DAG(s) dict_keys(['example_xcom']) retrieved from /home/vscode/.local/lib/python3.10/site-packages/airflow/example_dags/example_xcom.py
[2024-09-12T06:47:42.665+0000] {logging_mixin.py:150} INFO - [2024-09-12T06:47:42.665+0000] {dag.py:2742} INFO - Sync 1 DAGs
[2024-09-12T06:47:42.679+0000] {logging_mixin.py:150} INFO - [2024-09-12T06:47:42.678+0000] {dag.py:3504} INFO - Setting next_dagrun for example_xcom to 2021-01-01T00:00:00+00:00, run_after=2021-01-01T00:00:00+00:00
[2024-09-12T06:47:42.720+0000] {processor.py:179} INFO - Processing /home/vscode/.local/lib/python3.10/site-packages/airflow/example_dags/example_xcom.py took 0.076 seconds
[2024-09-12T06:48:25.165+0000] {processor.py:157} INFO - Started process (PID=10970) to work on /home/vscode/.local/lib/python3.10/site-packages/airflow/example_dags/example_xcom.py
[2024-09-12T06:48:25.166+0000] {processor.py:826} INFO - Processing file /home/vscode/.local/lib/python3.10/site-packages/airflow/example_dags/example_xcom.py for tasks to queue
[2024-09-12T06:48:25.166+0000] {logging_mixin.py:150} INFO - [2024-09-12T06:48:25.166+0000] {dagbag.py:541} INFO - Filling up the DagBag from /home/vscode/.local/lib/python3.10/site-packages/airflow/example_dags/example_xcom.py
[2024-09-12T06:48:25.171+0000] {processor.py:836} INFO - DAG(s) dict_keys(['example_xcom']) retrieved from /home/vscode/.local/lib/python3.10/site-packages/airflow/example_dags/example_xcom.py
[2024-09-12T06:48:25.183+0000] {logging_mixin.py:150} INFO - [2024-09-12T06:48:25.183+0000] {dag.py:2742} INFO - Sync 1 DAGs
[2024-09-12T06:48:25.196+0000] {logging_mixin.py:150} INFO - [2024-09-12T06:48:25.196+0000] {dag.py:3504} INFO - Setting next_dagrun for example_xcom to 2021-01-01T00:00:00+00:00, run_after=2021-01-01T00:00:00+00:00
[2024-09-12T06:48:25.238+0000] {processor.py:179} INFO - Processing /home/vscode/.local/lib/python3.10/site-packages/airflow/example_dags/example_xcom.py took 0.076 seconds
[2024-09-12T06:49:06.938+0000] {processor.py:157} INFO - Started process (PID=11252) to work on /home/vscode/.local/lib/python3.10/site-packages/airflow/example_dags/example_xcom.py
[2024-09-12T06:49:06.938+0000] {processor.py:826} INFO - Processing file /home/vscode/.local/lib/python3.10/site-packages/airflow/example_dags/example_xcom.py for tasks to queue
[2024-09-12T06:49:06.939+0000] {logging_mixin.py:150} INFO - [2024-09-12T06:49:06.939+0000] {dagbag.py:541} INFO - Filling up the DagBag from /home/vscode/.local/lib/python3.10/site-packages/airflow/example_dags/example_xcom.py
[2024-09-12T06:49:06.944+0000] {processor.py:836} INFO - DAG(s) dict_keys(['example_xcom']) retrieved from /home/vscode/.local/lib/python3.10/site-packages/airflow/example_dags/example_xcom.py
[2024-09-12T06:49:06.956+0000] {logging_mixin.py:150} INFO - [2024-09-12T06:49:06.956+0000] {dag.py:2742} INFO - Sync 1 DAGs
[2024-09-12T06:49:06.970+0000] {logging_mixin.py:150} INFO - [2024-09-12T06:49:06.970+0000] {dag.py:3504} INFO - Setting next_dagrun for example_xcom to 2021-01-01T00:00:00+00:00, run_after=2021-01-01T00:00:00+00:00
[2024-09-12T06:49:07.013+0000] {processor.py:179} INFO - Processing /home/vscode/.local/lib/python3.10/site-packages/airflow/example_dags/example_xcom.py took 0.077 seconds
[2024-09-12T06:49:49.317+0000] {processor.py:157} INFO - Started process (PID=11538) to work on /home/vscode/.local/lib/python3.10/site-packages/airflow/example_dags/example_xcom.py
[2024-09-12T06:49:49.319+0000] {processor.py:826} INFO - Processing file /home/vscode/.local/lib/python3.10/site-packages/airflow/example_dags/example_xcom.py for tasks to queue
[2024-09-12T06:49:49.320+0000] {logging_mixin.py:150} INFO - [2024-09-12T06:49:49.319+0000] {dagbag.py:541} INFO - Filling up the DagBag from /home/vscode/.local/lib/python3.10/site-packages/airflow/example_dags/example_xcom.py
[2024-09-12T06:49:49.328+0000] {processor.py:836} INFO - DAG(s) dict_keys(['example_xcom']) retrieved from /home/vscode/.local/lib/python3.10/site-packages/airflow/example_dags/example_xcom.py
[2024-09-12T06:49:49.344+0000] {logging_mixin.py:150} INFO - [2024-09-12T06:49:49.343+0000] {dag.py:2742} INFO - Sync 1 DAGs
[2024-09-12T06:49:49.366+0000] {logging_mixin.py:150} INFO - [2024-09-12T06:49:49.365+0000] {dag.py:3504} INFO - Setting next_dagrun for example_xcom to 2021-01-01T00:00:00+00:00, run_after=2021-01-01T00:00:00+00:00
[2024-09-12T06:49:49.410+0000] {processor.py:179} INFO - Processing /home/vscode/.local/lib/python3.10/site-packages/airflow/example_dags/example_xcom.py took 0.096 seconds
[2024-09-12T06:50:29.447+0000] {processor.py:157} INFO - Started process (PID=11811) to work on /home/vscode/.local/lib/python3.10/site-packages/airflow/example_dags/example_xcom.py
[2024-09-12T06:50:29.447+0000] {processor.py:826} INFO - Processing file /home/vscode/.local/lib/python3.10/site-packages/airflow/example_dags/example_xcom.py for tasks to queue
[2024-09-12T06:50:29.448+0000] {logging_mixin.py:150} INFO - [2024-09-12T06:50:29.448+0000] {dagbag.py:541} INFO - Filling up the DagBag from /home/vscode/.local/lib/python3.10/site-packages/airflow/example_dags/example_xcom.py
[2024-09-12T06:50:29.453+0000] {processor.py:836} INFO - DAG(s) dict_keys(['example_xcom']) retrieved from /home/vscode/.local/lib/python3.10/site-packages/airflow/example_dags/example_xcom.py
[2024-09-12T06:50:29.465+0000] {logging_mixin.py:150} INFO - [2024-09-12T06:50:29.465+0000] {dag.py:2742} INFO - Sync 1 DAGs
[2024-09-12T06:50:29.479+0000] {logging_mixin.py:150} INFO - [2024-09-12T06:50:29.479+0000] {dag.py:3504} INFO - Setting next_dagrun for example_xcom to 2021-01-01T00:00:00+00:00, run_after=2021-01-01T00:00:00+00:00
[2024-09-12T06:50:29.514+0000] {processor.py:179} INFO - Processing /home/vscode/.local/lib/python3.10/site-packages/airflow/example_dags/example_xcom.py took 0.070 seconds
[2024-09-12T06:51:15.425+0000] {processor.py:157} INFO - Started process (PID=12119) to work on /home/vscode/.local/lib/python3.10/site-packages/airflow/example_dags/example_xcom.py
[2024-09-12T06:51:15.425+0000] {processor.py:826} INFO - Processing file /home/vscode/.local/lib/python3.10/site-packages/airflow/example_dags/example_xcom.py for tasks to queue
[2024-09-12T06:51:15.426+0000] {logging_mixin.py:150} INFO - [2024-09-12T06:51:15.426+0000] {dagbag.py:541} INFO - Filling up the DagBag from /home/vscode/.local/lib/python3.10/site-packages/airflow/example_dags/example_xcom.py
[2024-09-12T06:51:15.431+0000] {processor.py:836} INFO - DAG(s) dict_keys(['example_xcom']) retrieved from /home/vscode/.local/lib/python3.10/site-packages/airflow/example_dags/example_xcom.py
[2024-09-12T06:51:15.443+0000] {logging_mixin.py:150} INFO - [2024-09-12T06:51:15.442+0000] {dag.py:2742} INFO - Sync 1 DAGs
[2024-09-12T06:51:15.456+0000] {logging_mixin.py:150} INFO - [2024-09-12T06:51:15.455+0000] {dag.py:3504} INFO - Setting next_dagrun for example_xcom to 2021-01-01T00:00:00+00:00, run_after=2021-01-01T00:00:00+00:00
[2024-09-12T06:51:15.480+0000] {processor.py:179} INFO - Processing /home/vscode/.local/lib/python3.10/site-packages/airflow/example_dags/example_xcom.py took 0.058 seconds
[2024-09-12T06:52:00.520+0000] {processor.py:157} INFO - Started process (PID=12424) to work on /home/vscode/.local/lib/python3.10/site-packages/airflow/example_dags/example_xcom.py
[2024-09-12T06:52:00.521+0000] {processor.py:826} INFO - Processing file /home/vscode/.local/lib/python3.10/site-packages/airflow/example_dags/example_xcom.py for tasks to queue
[2024-09-12T06:52:00.521+0000] {logging_mixin.py:150} INFO - [2024-09-12T06:52:00.521+0000] {dagbag.py:541} INFO - Filling up the DagBag from /home/vscode/.local/lib/python3.10/site-packages/airflow/example_dags/example_xcom.py
[2024-09-12T06:52:00.527+0000] {processor.py:836} INFO - DAG(s) dict_keys(['example_xcom']) retrieved from /home/vscode/.local/lib/python3.10/site-packages/airflow/example_dags/example_xcom.py
[2024-09-12T06:52:00.539+0000] {logging_mixin.py:150} INFO - [2024-09-12T06:52:00.539+0000] {dag.py:2742} INFO - Sync 1 DAGs
[2024-09-12T06:52:00.552+0000] {logging_mixin.py:150} INFO - [2024-09-12T06:52:00.552+0000] {dag.py:3504} INFO - Setting next_dagrun for example_xcom to 2021-01-01T00:00:00+00:00, run_after=2021-01-01T00:00:00+00:00
[2024-09-12T06:52:00.585+0000] {processor.py:179} INFO - Processing /home/vscode/.local/lib/python3.10/site-packages/airflow/example_dags/example_xcom.py took 0.066 seconds
[2024-09-12T06:52:47.385+0000] {processor.py:157} INFO - Started process (PID=12735) to work on /home/vscode/.local/lib/python3.10/site-packages/airflow/example_dags/example_xcom.py
[2024-09-12T06:52:47.385+0000] {processor.py:826} INFO - Processing file /home/vscode/.local/lib/python3.10/site-packages/airflow/example_dags/example_xcom.py for tasks to queue
[2024-09-12T06:52:47.386+0000] {logging_mixin.py:150} INFO - [2024-09-12T06:52:47.386+0000] {dagbag.py:541} INFO - Filling up the DagBag from /home/vscode/.local/lib/python3.10/site-packages/airflow/example_dags/example_xcom.py
[2024-09-12T06:52:47.391+0000] {processor.py:836} INFO - DAG(s) dict_keys(['example_xcom']) retrieved from /home/vscode/.local/lib/python3.10/site-packages/airflow/example_dags/example_xcom.py
[2024-09-12T06:52:47.403+0000] {logging_mixin.py:150} INFO - [2024-09-12T06:52:47.403+0000] {dag.py:2742} INFO - Sync 1 DAGs
[2024-09-12T06:52:47.417+0000] {logging_mixin.py:150} INFO - [2024-09-12T06:52:47.417+0000] {dag.py:3504} INFO - Setting next_dagrun for example_xcom to 2021-01-01T00:00:00+00:00, run_after=2021-01-01T00:00:00+00:00
[2024-09-12T06:52:47.463+0000] {processor.py:179} INFO - Processing /home/vscode/.local/lib/python3.10/site-packages/airflow/example_dags/example_xcom.py took 0.080 seconds
[2024-09-12T06:53:32.484+0000] {processor.py:157} INFO - Started process (PID=13041) to work on /home/vscode/.local/lib/python3.10/site-packages/airflow/example_dags/example_xcom.py
[2024-09-12T06:53:32.485+0000] {processor.py:826} INFO - Processing file /home/vscode/.local/lib/python3.10/site-packages/airflow/example_dags/example_xcom.py for tasks to queue
[2024-09-12T06:53:32.485+0000] {logging_mixin.py:150} INFO - [2024-09-12T06:53:32.485+0000] {dagbag.py:541} INFO - Filling up the DagBag from /home/vscode/.local/lib/python3.10/site-packages/airflow/example_dags/example_xcom.py
[2024-09-12T06:53:32.491+0000] {processor.py:836} INFO - DAG(s) dict_keys(['example_xcom']) retrieved from /home/vscode/.local/lib/python3.10/site-packages/airflow/example_dags/example_xcom.py
[2024-09-12T06:53:32.503+0000] {logging_mixin.py:150} INFO - [2024-09-12T06:53:32.503+0000] {dag.py:2742} INFO - Sync 1 DAGs
[2024-09-12T06:53:32.516+0000] {logging_mixin.py:150} INFO - [2024-09-12T06:53:32.516+0000] {dag.py:3504} INFO - Setting next_dagrun for example_xcom to 2021-01-01T00:00:00+00:00, run_after=2021-01-01T00:00:00+00:00
[2024-09-12T06:53:32.548+0000] {processor.py:179} INFO - Processing /home/vscode/.local/lib/python3.10/site-packages/airflow/example_dags/example_xcom.py took 0.067 seconds
[2024-09-12T06:54:18.940+0000] {processor.py:157} INFO - Started process (PID=13355) to work on /home/vscode/.local/lib/python3.10/site-packages/airflow/example_dags/example_xcom.py
[2024-09-12T06:54:18.941+0000] {processor.py:826} INFO - Processing file /home/vscode/.local/lib/python3.10/site-packages/airflow/example_dags/example_xcom.py for tasks to queue
[2024-09-12T06:54:18.941+0000] {logging_mixin.py:150} INFO - [2024-09-12T06:54:18.941+0000] {dagbag.py:541} INFO - Filling up the DagBag from /home/vscode/.local/lib/python3.10/site-packages/airflow/example_dags/example_xcom.py
[2024-09-12T06:54:18.947+0000] {processor.py:836} INFO - DAG(s) dict_keys(['example_xcom']) retrieved from /home/vscode/.local/lib/python3.10/site-packages/airflow/example_dags/example_xcom.py
[2024-09-12T06:54:18.958+0000] {logging_mixin.py:150} INFO - [2024-09-12T06:54:18.958+0000] {dag.py:2742} INFO - Sync 1 DAGs
[2024-09-12T06:54:18.971+0000] {logging_mixin.py:150} INFO - [2024-09-12T06:54:18.971+0000] {dag.py:3504} INFO - Setting next_dagrun for example_xcom to 2021-01-01T00:00:00+00:00, run_after=2021-01-01T00:00:00+00:00
[2024-09-12T06:54:19.020+0000] {processor.py:179} INFO - Processing /home/vscode/.local/lib/python3.10/site-packages/airflow/example_dags/example_xcom.py took 0.082 seconds
[2024-09-12T06:55:05.542+0000] {processor.py:157} INFO - Started process (PID=13666) to work on /home/vscode/.local/lib/python3.10/site-packages/airflow/example_dags/example_xcom.py
[2024-09-12T06:55:05.542+0000] {processor.py:826} INFO - Processing file /home/vscode/.local/lib/python3.10/site-packages/airflow/example_dags/example_xcom.py for tasks to queue
[2024-09-12T06:55:05.543+0000] {logging_mixin.py:150} INFO - [2024-09-12T06:55:05.543+0000] {dagbag.py:541} INFO - Filling up the DagBag from /home/vscode/.local/lib/python3.10/site-packages/airflow/example_dags/example_xcom.py
[2024-09-12T06:55:05.548+0000] {processor.py:836} INFO - DAG(s) dict_keys(['example_xcom']) retrieved from /home/vscode/.local/lib/python3.10/site-packages/airflow/example_dags/example_xcom.py
[2024-09-12T06:55:05.562+0000] {logging_mixin.py:150} INFO - [2024-09-12T06:55:05.562+0000] {dag.py:2742} INFO - Sync 1 DAGs
[2024-09-12T06:55:05.576+0000] {logging_mixin.py:150} INFO - [2024-09-12T06:55:05.576+0000] {dag.py:3504} INFO - Setting next_dagrun for example_xcom to 2021-01-01T00:00:00+00:00, run_after=2021-01-01T00:00:00+00:00
[2024-09-12T06:55:05.621+0000] {processor.py:179} INFO - Processing /home/vscode/.local/lib/python3.10/site-packages/airflow/example_dags/example_xcom.py took 0.081 seconds
[2024-09-12T06:55:49.611+0000] {processor.py:157} INFO - Started process (PID=13962) to work on /home/vscode/.local/lib/python3.10/site-packages/airflow/example_dags/example_xcom.py
[2024-09-12T06:55:49.612+0000] {processor.py:826} INFO - Processing file /home/vscode/.local/lib/python3.10/site-packages/airflow/example_dags/example_xcom.py for tasks to queue
[2024-09-12T06:55:49.612+0000] {logging_mixin.py:150} INFO - [2024-09-12T06:55:49.612+0000] {dagbag.py:541} INFO - Filling up the DagBag from /home/vscode/.local/lib/python3.10/site-packages/airflow/example_dags/example_xcom.py
[2024-09-12T06:55:49.618+0000] {processor.py:836} INFO - DAG(s) dict_keys(['example_xcom']) retrieved from /home/vscode/.local/lib/python3.10/site-packages/airflow/example_dags/example_xcom.py
[2024-09-12T06:55:49.629+0000] {logging_mixin.py:150} INFO - [2024-09-12T06:55:49.629+0000] {dag.py:2742} INFO - Sync 1 DAGs
[2024-09-12T06:55:49.643+0000] {logging_mixin.py:150} INFO - [2024-09-12T06:55:49.643+0000] {dag.py:3504} INFO - Setting next_dagrun for example_xcom to 2021-01-01T00:00:00+00:00, run_after=2021-01-01T00:00:00+00:00
[2024-09-12T06:55:49.687+0000] {processor.py:179} INFO - Processing /home/vscode/.local/lib/python3.10/site-packages/airflow/example_dags/example_xcom.py took 0.079 seconds
[2024-09-12T06:56:40.657+0000] {processor.py:157} INFO - Started process (PID=14298) to work on /home/vscode/.local/lib/python3.10/site-packages/airflow/example_dags/example_xcom.py
[2024-09-12T06:56:40.657+0000] {processor.py:826} INFO - Processing file /home/vscode/.local/lib/python3.10/site-packages/airflow/example_dags/example_xcom.py for tasks to queue
[2024-09-12T06:56:40.658+0000] {logging_mixin.py:150} INFO - [2024-09-12T06:56:40.658+0000] {dagbag.py:541} INFO - Filling up the DagBag from /home/vscode/.local/lib/python3.10/site-packages/airflow/example_dags/example_xcom.py
[2024-09-12T06:56:40.663+0000] {processor.py:836} INFO - DAG(s) dict_keys(['example_xcom']) retrieved from /home/vscode/.local/lib/python3.10/site-packages/airflow/example_dags/example_xcom.py
[2024-09-12T06:56:40.678+0000] {logging_mixin.py:150} INFO - [2024-09-12T06:56:40.678+0000] {dag.py:2742} INFO - Sync 1 DAGs
[2024-09-12T06:56:40.693+0000] {logging_mixin.py:150} INFO - [2024-09-12T06:56:40.693+0000] {dag.py:3504} INFO - Setting next_dagrun for example_xcom to 2021-01-01T00:00:00+00:00, run_after=2021-01-01T00:00:00+00:00
[2024-09-12T06:56:40.754+0000] {processor.py:179} INFO - Processing /home/vscode/.local/lib/python3.10/site-packages/airflow/example_dags/example_xcom.py took 0.099 seconds
[2024-09-12T06:57:24.164+0000] {processor.py:157} INFO - Started process (PID=14591) to work on /home/vscode/.local/lib/python3.10/site-packages/airflow/example_dags/example_xcom.py
[2024-09-12T06:57:24.165+0000] {processor.py:826} INFO - Processing file /home/vscode/.local/lib/python3.10/site-packages/airflow/example_dags/example_xcom.py for tasks to queue
[2024-09-12T06:57:24.166+0000] {logging_mixin.py:150} INFO - [2024-09-12T06:57:24.165+0000] {dagbag.py:541} INFO - Filling up the DagBag from /home/vscode/.local/lib/python3.10/site-packages/airflow/example_dags/example_xcom.py
[2024-09-12T06:57:24.175+0000] {processor.py:836} INFO - DAG(s) dict_keys(['example_xcom']) retrieved from /home/vscode/.local/lib/python3.10/site-packages/airflow/example_dags/example_xcom.py
[2024-09-12T06:57:24.193+0000] {logging_mixin.py:150} INFO - [2024-09-12T06:57:24.193+0000] {dag.py:2742} INFO - Sync 1 DAGs
[2024-09-12T06:57:24.212+0000] {logging_mixin.py:150} INFO - [2024-09-12T06:57:24.212+0000] {dag.py:3504} INFO - Setting next_dagrun for example_xcom to 2021-01-01T00:00:00+00:00, run_after=2021-01-01T00:00:00+00:00
[2024-09-12T06:57:24.257+0000] {processor.py:179} INFO - Processing /home/vscode/.local/lib/python3.10/site-packages/airflow/example_dags/example_xcom.py took 0.096 seconds
[2024-09-12T06:58:06.471+0000] {processor.py:157} INFO - Started process (PID=14877) to work on /home/vscode/.local/lib/python3.10/site-packages/airflow/example_dags/example_xcom.py
[2024-09-12T06:58:06.472+0000] {processor.py:826} INFO - Processing file /home/vscode/.local/lib/python3.10/site-packages/airflow/example_dags/example_xcom.py for tasks to queue
[2024-09-12T06:58:06.472+0000] {logging_mixin.py:150} INFO - [2024-09-12T06:58:06.472+0000] {dagbag.py:541} INFO - Filling up the DagBag from /home/vscode/.local/lib/python3.10/site-packages/airflow/example_dags/example_xcom.py
[2024-09-12T06:58:06.478+0000] {processor.py:836} INFO - DAG(s) dict_keys(['example_xcom']) retrieved from /home/vscode/.local/lib/python3.10/site-packages/airflow/example_dags/example_xcom.py
[2024-09-12T06:58:06.489+0000] {logging_mixin.py:150} INFO - [2024-09-12T06:58:06.489+0000] {dag.py:2742} INFO - Sync 1 DAGs
[2024-09-12T06:58:06.503+0000] {logging_mixin.py:150} INFO - [2024-09-12T06:58:06.503+0000] {dag.py:3504} INFO - Setting next_dagrun for example_xcom to 2021-01-01T00:00:00+00:00, run_after=2021-01-01T00:00:00+00:00
[2024-09-12T06:58:06.533+0000] {processor.py:179} INFO - Processing /home/vscode/.local/lib/python3.10/site-packages/airflow/example_dags/example_xcom.py took 0.064 seconds
[2024-09-12T06:58:49.011+0000] {processor.py:157} INFO - Started process (PID=15168) to work on /home/vscode/.local/lib/python3.10/site-packages/airflow/example_dags/example_xcom.py
[2024-09-12T06:58:49.012+0000] {processor.py:826} INFO - Processing file /home/vscode/.local/lib/python3.10/site-packages/airflow/example_dags/example_xcom.py for tasks to queue
[2024-09-12T06:58:49.012+0000] {logging_mixin.py:150} INFO - [2024-09-12T06:58:49.012+0000] {dagbag.py:541} INFO - Filling up the DagBag from /home/vscode/.local/lib/python3.10/site-packages/airflow/example_dags/example_xcom.py
[2024-09-12T06:58:49.018+0000] {processor.py:836} INFO - DAG(s) dict_keys(['example_xcom']) retrieved from /home/vscode/.local/lib/python3.10/site-packages/airflow/example_dags/example_xcom.py
[2024-09-12T06:58:49.031+0000] {logging_mixin.py:150} INFO - [2024-09-12T06:58:49.031+0000] {dag.py:2742} INFO - Sync 1 DAGs
[2024-09-12T06:58:49.045+0000] {logging_mixin.py:150} INFO - [2024-09-12T06:58:49.045+0000] {dag.py:3504} INFO - Setting next_dagrun for example_xcom to 2021-01-01T00:00:00+00:00, run_after=2021-01-01T00:00:00+00:00
[2024-09-12T06:58:49.080+0000] {processor.py:179} INFO - Processing /home/vscode/.local/lib/python3.10/site-packages/airflow/example_dags/example_xcom.py took 0.071 seconds
[2024-09-12T06:59:31.927+0000] {processor.py:157} INFO - Started process (PID=15456) to work on /home/vscode/.local/lib/python3.10/site-packages/airflow/example_dags/example_xcom.py
[2024-09-12T06:59:31.928+0000] {processor.py:826} INFO - Processing file /home/vscode/.local/lib/python3.10/site-packages/airflow/example_dags/example_xcom.py for tasks to queue
[2024-09-12T06:59:31.929+0000] {logging_mixin.py:150} INFO - [2024-09-12T06:59:31.928+0000] {dagbag.py:541} INFO - Filling up the DagBag from /home/vscode/.local/lib/python3.10/site-packages/airflow/example_dags/example_xcom.py
[2024-09-12T06:59:31.934+0000] {processor.py:836} INFO - DAG(s) dict_keys(['example_xcom']) retrieved from /home/vscode/.local/lib/python3.10/site-packages/airflow/example_dags/example_xcom.py
[2024-09-12T06:59:31.946+0000] {logging_mixin.py:150} INFO - [2024-09-12T06:59:31.945+0000] {dag.py:2742} INFO - Sync 1 DAGs
[2024-09-12T06:59:31.959+0000] {logging_mixin.py:150} INFO - [2024-09-12T06:59:31.959+0000] {dag.py:3504} INFO - Setting next_dagrun for example_xcom to 2021-01-01T00:00:00+00:00, run_after=2021-01-01T00:00:00+00:00
[2024-09-12T06:59:32.009+0000] {processor.py:179} INFO - Processing /home/vscode/.local/lib/python3.10/site-packages/airflow/example_dags/example_xcom.py took 0.084 seconds
[2024-09-12T07:00:14.750+0000] {processor.py:157} INFO - Started process (PID=15741) to work on /home/vscode/.local/lib/python3.10/site-packages/airflow/example_dags/example_xcom.py
[2024-09-12T07:00:14.751+0000] {processor.py:826} INFO - Processing file /home/vscode/.local/lib/python3.10/site-packages/airflow/example_dags/example_xcom.py for tasks to queue
[2024-09-12T07:00:14.751+0000] {logging_mixin.py:150} INFO - [2024-09-12T07:00:14.751+0000] {dagbag.py:541} INFO - Filling up the DagBag from /home/vscode/.local/lib/python3.10/site-packages/airflow/example_dags/example_xcom.py
[2024-09-12T07:00:14.757+0000] {processor.py:836} INFO - DAG(s) dict_keys(['example_xcom']) retrieved from /home/vscode/.local/lib/python3.10/site-packages/airflow/example_dags/example_xcom.py
[2024-09-12T07:00:14.769+0000] {logging_mixin.py:150} INFO - [2024-09-12T07:00:14.769+0000] {dag.py:2742} INFO - Sync 1 DAGs
[2024-09-12T07:00:14.782+0000] {logging_mixin.py:150} INFO - [2024-09-12T07:00:14.782+0000] {dag.py:3504} INFO - Setting next_dagrun for example_xcom to 2021-01-01T00:00:00+00:00, run_after=2021-01-01T00:00:00+00:00
[2024-09-12T07:00:14.823+0000] {processor.py:179} INFO - Processing /home/vscode/.local/lib/python3.10/site-packages/airflow/example_dags/example_xcom.py took 0.075 seconds
[2024-09-12T07:01:00.626+0000] {processor.py:157} INFO - Started process (PID=16052) to work on /home/vscode/.local/lib/python3.10/site-packages/airflow/example_dags/example_xcom.py
[2024-09-12T07:01:00.626+0000] {processor.py:826} INFO - Processing file /home/vscode/.local/lib/python3.10/site-packages/airflow/example_dags/example_xcom.py for tasks to queue
[2024-09-12T07:01:00.627+0000] {logging_mixin.py:150} INFO - [2024-09-12T07:01:00.627+0000] {dagbag.py:541} INFO - Filling up the DagBag from /home/vscode/.local/lib/python3.10/site-packages/airflow/example_dags/example_xcom.py
[2024-09-12T07:01:00.632+0000] {processor.py:836} INFO - DAG(s) dict_keys(['example_xcom']) retrieved from /home/vscode/.local/lib/python3.10/site-packages/airflow/example_dags/example_xcom.py
[2024-09-12T07:01:00.644+0000] {logging_mixin.py:150} INFO - [2024-09-12T07:01:00.644+0000] {dag.py:2742} INFO - Sync 1 DAGs
[2024-09-12T07:01:00.658+0000] {logging_mixin.py:150} INFO - [2024-09-12T07:01:00.658+0000] {dag.py:3504} INFO - Setting next_dagrun for example_xcom to 2021-01-01T00:00:00+00:00, run_after=2021-01-01T00:00:00+00:00
[2024-09-12T07:01:00.688+0000] {processor.py:179} INFO - Processing /home/vscode/.local/lib/python3.10/site-packages/airflow/example_dags/example_xcom.py took 0.064 seconds
[2024-09-12T07:01:43.066+0000] {processor.py:157} INFO - Started process (PID=16339) to work on /home/vscode/.local/lib/python3.10/site-packages/airflow/example_dags/example_xcom.py
[2024-09-12T07:01:43.066+0000] {processor.py:826} INFO - Processing file /home/vscode/.local/lib/python3.10/site-packages/airflow/example_dags/example_xcom.py for tasks to queue
[2024-09-12T07:01:43.067+0000] {logging_mixin.py:150} INFO - [2024-09-12T07:01:43.067+0000] {dagbag.py:541} INFO - Filling up the DagBag from /home/vscode/.local/lib/python3.10/site-packages/airflow/example_dags/example_xcom.py
[2024-09-12T07:01:43.075+0000] {processor.py:836} INFO - DAG(s) dict_keys(['example_xcom']) retrieved from /home/vscode/.local/lib/python3.10/site-packages/airflow/example_dags/example_xcom.py
[2024-09-12T07:01:43.090+0000] {logging_mixin.py:150} INFO - [2024-09-12T07:01:43.090+0000] {dag.py:2742} INFO - Sync 1 DAGs
[2024-09-12T07:01:43.104+0000] {logging_mixin.py:150} INFO - [2024-09-12T07:01:43.104+0000] {dag.py:3504} INFO - Setting next_dagrun for example_xcom to 2021-01-01T00:00:00+00:00, run_after=2021-01-01T00:00:00+00:00
[2024-09-12T07:01:43.135+0000] {processor.py:179} INFO - Processing /home/vscode/.local/lib/python3.10/site-packages/airflow/example_dags/example_xcom.py took 0.072 seconds
[2024-09-12T07:02:21.747+0000] {processor.py:157} INFO - Started process (PID=16598) to work on /home/vscode/.local/lib/python3.10/site-packages/airflow/example_dags/example_xcom.py
[2024-09-12T07:02:21.747+0000] {processor.py:826} INFO - Processing file /home/vscode/.local/lib/python3.10/site-packages/airflow/example_dags/example_xcom.py for tasks to queue
[2024-09-12T07:02:21.748+0000] {logging_mixin.py:150} INFO - [2024-09-12T07:02:21.748+0000] {dagbag.py:541} INFO - Filling up the DagBag from /home/vscode/.local/lib/python3.10/site-packages/airflow/example_dags/example_xcom.py
[2024-09-12T07:02:21.753+0000] {processor.py:836} INFO - DAG(s) dict_keys(['example_xcom']) retrieved from /home/vscode/.local/lib/python3.10/site-packages/airflow/example_dags/example_xcom.py
[2024-09-12T07:02:21.765+0000] {logging_mixin.py:150} INFO - [2024-09-12T07:02:21.765+0000] {dag.py:2742} INFO - Sync 1 DAGs
[2024-09-12T07:02:21.779+0000] {logging_mixin.py:150} INFO - [2024-09-12T07:02:21.779+0000] {dag.py:3504} INFO - Setting next_dagrun for example_xcom to 2021-01-01T00:00:00+00:00, run_after=2021-01-01T00:00:00+00:00
[2024-09-12T07:02:21.817+0000] {processor.py:179} INFO - Processing /home/vscode/.local/lib/python3.10/site-packages/airflow/example_dags/example_xcom.py took 0.073 seconds
[2024-09-12T07:03:06.738+0000] {processor.py:157} INFO - Started process (PID=16899) to work on /home/vscode/.local/lib/python3.10/site-packages/airflow/example_dags/example_xcom.py
[2024-09-12T07:03:06.739+0000] {processor.py:826} INFO - Processing file /home/vscode/.local/lib/python3.10/site-packages/airflow/example_dags/example_xcom.py for tasks to queue
[2024-09-12T07:03:06.740+0000] {logging_mixin.py:150} INFO - [2024-09-12T07:03:06.739+0000] {dagbag.py:541} INFO - Filling up the DagBag from /home/vscode/.local/lib/python3.10/site-packages/airflow/example_dags/example_xcom.py
[2024-09-12T07:03:06.745+0000] {processor.py:836} INFO - DAG(s) dict_keys(['example_xcom']) retrieved from /home/vscode/.local/lib/python3.10/site-packages/airflow/example_dags/example_xcom.py
[2024-09-12T07:03:06.758+0000] {logging_mixin.py:150} INFO - [2024-09-12T07:03:06.758+0000] {dag.py:2742} INFO - Sync 1 DAGs
[2024-09-12T07:03:06.772+0000] {logging_mixin.py:150} INFO - [2024-09-12T07:03:06.772+0000] {dag.py:3504} INFO - Setting next_dagrun for example_xcom to 2021-01-01T00:00:00+00:00, run_after=2021-01-01T00:00:00+00:00
[2024-09-12T07:03:06.821+0000] {processor.py:179} INFO - Processing /home/vscode/.local/lib/python3.10/site-packages/airflow/example_dags/example_xcom.py took 0.085 seconds
[2024-09-12T07:03:42.947+0000] {processor.py:157} INFO - Started process (PID=17170) to work on /home/vscode/.local/lib/python3.10/site-packages/airflow/example_dags/example_xcom.py
[2024-09-12T07:03:42.947+0000] {processor.py:826} INFO - Processing file /home/vscode/.local/lib/python3.10/site-packages/airflow/example_dags/example_xcom.py for tasks to queue
[2024-09-12T07:03:42.948+0000] {logging_mixin.py:150} INFO - [2024-09-12T07:03:42.948+0000] {dagbag.py:541} INFO - Filling up the DagBag from /home/vscode/.local/lib/python3.10/site-packages/airflow/example_dags/example_xcom.py
[2024-09-12T07:03:42.953+0000] {processor.py:836} INFO - DAG(s) dict_keys(['example_xcom']) retrieved from /home/vscode/.local/lib/python3.10/site-packages/airflow/example_dags/example_xcom.py
[2024-09-12T07:03:42.965+0000] {logging_mixin.py:150} INFO - [2024-09-12T07:03:42.965+0000] {dag.py:2742} INFO - Sync 1 DAGs
[2024-09-12T07:03:42.978+0000] {logging_mixin.py:150} INFO - [2024-09-12T07:03:42.978+0000] {dag.py:3504} INFO - Setting next_dagrun for example_xcom to 2021-01-01T00:00:00+00:00, run_after=2021-01-01T00:00:00+00:00
[2024-09-12T07:03:43.015+0000] {processor.py:179} INFO - Processing /home/vscode/.local/lib/python3.10/site-packages/airflow/example_dags/example_xcom.py took 0.071 seconds
[2024-09-12T07:04:31.107+0000] {processor.py:157} INFO - Started process (PID=17558) to work on /home/vscode/.local/lib/python3.10/site-packages/airflow/example_dags/example_xcom.py
[2024-09-12T07:04:31.108+0000] {processor.py:826} INFO - Processing file /home/vscode/.local/lib/python3.10/site-packages/airflow/example_dags/example_xcom.py for tasks to queue
[2024-09-12T07:04:31.108+0000] {logging_mixin.py:150} INFO - [2024-09-12T07:04:31.108+0000] {dagbag.py:541} INFO - Filling up the DagBag from /home/vscode/.local/lib/python3.10/site-packages/airflow/example_dags/example_xcom.py
[2024-09-12T07:04:31.114+0000] {processor.py:836} INFO - DAG(s) dict_keys(['example_xcom']) retrieved from /home/vscode/.local/lib/python3.10/site-packages/airflow/example_dags/example_xcom.py
[2024-09-12T07:04:31.126+0000] {logging_mixin.py:150} INFO - [2024-09-12T07:04:31.126+0000] {dag.py:2742} INFO - Sync 1 DAGs
[2024-09-12T07:04:31.140+0000] {logging_mixin.py:150} INFO - [2024-09-12T07:04:31.140+0000] {dag.py:3504} INFO - Setting next_dagrun for example_xcom to 2021-01-01T00:00:00+00:00, run_after=2021-01-01T00:00:00+00:00
[2024-09-12T07:04:31.185+0000] {processor.py:179} INFO - Processing /home/vscode/.local/lib/python3.10/site-packages/airflow/example_dags/example_xcom.py took 0.080 seconds
[2024-09-12T07:05:16.039+0000] {processor.py:157} INFO - Started process (PID=17935) to work on /home/vscode/.local/lib/python3.10/site-packages/airflow/example_dags/example_xcom.py
[2024-09-12T07:05:16.040+0000] {processor.py:826} INFO - Processing file /home/vscode/.local/lib/python3.10/site-packages/airflow/example_dags/example_xcom.py for tasks to queue
[2024-09-12T07:05:16.041+0000] {logging_mixin.py:150} INFO - [2024-09-12T07:05:16.040+0000] {dagbag.py:541} INFO - Filling up the DagBag from /home/vscode/.local/lib/python3.10/site-packages/airflow/example_dags/example_xcom.py
[2024-09-12T07:05:16.047+0000] {processor.py:836} INFO - DAG(s) dict_keys(['example_xcom']) retrieved from /home/vscode/.local/lib/python3.10/site-packages/airflow/example_dags/example_xcom.py
[2024-09-12T07:05:16.059+0000] {logging_mixin.py:150} INFO - [2024-09-12T07:05:16.059+0000] {dag.py:2742} INFO - Sync 1 DAGs
[2024-09-12T07:05:16.072+0000] {logging_mixin.py:150} INFO - [2024-09-12T07:05:16.072+0000] {dag.py:3504} INFO - Setting next_dagrun for example_xcom to 2021-01-01T00:00:00+00:00, run_after=2021-01-01T00:00:00+00:00
[2024-09-12T07:05:16.121+0000] {processor.py:179} INFO - Processing /home/vscode/.local/lib/python3.10/site-packages/airflow/example_dags/example_xcom.py took 0.083 seconds
[2024-09-12T07:05:59.308+0000] {processor.py:157} INFO - Started process (PID=18287) to work on /home/vscode/.local/lib/python3.10/site-packages/airflow/example_dags/example_xcom.py
[2024-09-12T07:05:59.309+0000] {processor.py:826} INFO - Processing file /home/vscode/.local/lib/python3.10/site-packages/airflow/example_dags/example_xcom.py for tasks to queue
[2024-09-12T07:05:59.309+0000] {logging_mixin.py:150} INFO - [2024-09-12T07:05:59.309+0000] {dagbag.py:541} INFO - Filling up the DagBag from /home/vscode/.local/lib/python3.10/site-packages/airflow/example_dags/example_xcom.py
[2024-09-12T07:05:59.316+0000] {processor.py:836} INFO - DAG(s) dict_keys(['example_xcom']) retrieved from /home/vscode/.local/lib/python3.10/site-packages/airflow/example_dags/example_xcom.py
[2024-09-12T07:05:59.327+0000] {logging_mixin.py:150} INFO - [2024-09-12T07:05:59.327+0000] {dag.py:2742} INFO - Sync 1 DAGs
[2024-09-12T07:05:59.341+0000] {logging_mixin.py:150} INFO - [2024-09-12T07:05:59.341+0000] {dag.py:3504} INFO - Setting next_dagrun for example_xcom to 2021-01-01T00:00:00+00:00, run_after=2021-01-01T00:00:00+00:00
[2024-09-12T07:05:59.389+0000] {processor.py:179} INFO - Processing /home/vscode/.local/lib/python3.10/site-packages/airflow/example_dags/example_xcom.py took 0.084 seconds
[2024-09-12T07:06:45.889+0000] {processor.py:157} INFO - Started process (PID=18649) to work on /home/vscode/.local/lib/python3.10/site-packages/airflow/example_dags/example_xcom.py
[2024-09-12T07:06:45.890+0000] {processor.py:826} INFO - Processing file /home/vscode/.local/lib/python3.10/site-packages/airflow/example_dags/example_xcom.py for tasks to queue
[2024-09-12T07:06:45.890+0000] {logging_mixin.py:150} INFO - [2024-09-12T07:06:45.890+0000] {dagbag.py:541} INFO - Filling up the DagBag from /home/vscode/.local/lib/python3.10/site-packages/airflow/example_dags/example_xcom.py
[2024-09-12T07:06:45.896+0000] {processor.py:836} INFO - DAG(s) dict_keys(['example_xcom']) retrieved from /home/vscode/.local/lib/python3.10/site-packages/airflow/example_dags/example_xcom.py
[2024-09-12T07:06:45.908+0000] {logging_mixin.py:150} INFO - [2024-09-12T07:06:45.908+0000] {dag.py:2742} INFO - Sync 1 DAGs
[2024-09-12T07:06:45.922+0000] {logging_mixin.py:150} INFO - [2024-09-12T07:06:45.922+0000] {dag.py:3504} INFO - Setting next_dagrun for example_xcom to 2021-01-01T00:00:00+00:00, run_after=2021-01-01T00:00:00+00:00
[2024-09-12T07:06:45.957+0000] {processor.py:179} INFO - Processing /home/vscode/.local/lib/python3.10/site-packages/airflow/example_dags/example_xcom.py took 0.070 seconds
[2024-09-12T07:07:31.091+0000] {processor.py:157} INFO - Started process (PID=18955) to work on /home/vscode/.local/lib/python3.10/site-packages/airflow/example_dags/example_xcom.py
[2024-09-12T07:07:31.092+0000] {processor.py:826} INFO - Processing file /home/vscode/.local/lib/python3.10/site-packages/airflow/example_dags/example_xcom.py for tasks to queue
[2024-09-12T07:07:31.092+0000] {logging_mixin.py:150} INFO - [2024-09-12T07:07:31.092+0000] {dagbag.py:541} INFO - Filling up the DagBag from /home/vscode/.local/lib/python3.10/site-packages/airflow/example_dags/example_xcom.py
[2024-09-12T07:07:31.098+0000] {processor.py:836} INFO - DAG(s) dict_keys(['example_xcom']) retrieved from /home/vscode/.local/lib/python3.10/site-packages/airflow/example_dags/example_xcom.py
[2024-09-12T07:07:31.110+0000] {logging_mixin.py:150} INFO - [2024-09-12T07:07:31.110+0000] {dag.py:2742} INFO - Sync 1 DAGs
[2024-09-12T07:07:31.125+0000] {logging_mixin.py:150} INFO - [2024-09-12T07:07:31.125+0000] {dag.py:3504} INFO - Setting next_dagrun for example_xcom to 2021-01-01T00:00:00+00:00, run_after=2021-01-01T00:00:00+00:00
[2024-09-12T07:07:31.153+0000] {processor.py:179} INFO - Processing /home/vscode/.local/lib/python3.10/site-packages/airflow/example_dags/example_xcom.py took 0.064 seconds
[2024-09-12T07:08:14.874+0000] {processor.py:157} INFO - Started process (PID=19284) to work on /home/vscode/.local/lib/python3.10/site-packages/airflow/example_dags/example_xcom.py
[2024-09-12T07:08:14.874+0000] {processor.py:826} INFO - Processing file /home/vscode/.local/lib/python3.10/site-packages/airflow/example_dags/example_xcom.py for tasks to queue
[2024-09-12T07:08:14.875+0000] {logging_mixin.py:150} INFO - [2024-09-12T07:08:14.875+0000] {dagbag.py:541} INFO - Filling up the DagBag from /home/vscode/.local/lib/python3.10/site-packages/airflow/example_dags/example_xcom.py
[2024-09-12T07:08:14.880+0000] {processor.py:836} INFO - DAG(s) dict_keys(['example_xcom']) retrieved from /home/vscode/.local/lib/python3.10/site-packages/airflow/example_dags/example_xcom.py
[2024-09-12T07:08:14.893+0000] {logging_mixin.py:150} INFO - [2024-09-12T07:08:14.893+0000] {dag.py:2742} INFO - Sync 1 DAGs
[2024-09-12T07:08:14.907+0000] {logging_mixin.py:150} INFO - [2024-09-12T07:08:14.906+0000] {dag.py:3504} INFO - Setting next_dagrun for example_xcom to 2021-01-01T00:00:00+00:00, run_after=2021-01-01T00:00:00+00:00
[2024-09-12T07:08:14.934+0000] {processor.py:179} INFO - Processing /home/vscode/.local/lib/python3.10/site-packages/airflow/example_dags/example_xcom.py took 0.063 seconds
[2024-09-12T07:09:00.015+0000] {processor.py:157} INFO - Started process (PID=19672) to work on /home/vscode/.local/lib/python3.10/site-packages/airflow/example_dags/example_xcom.py
[2024-09-12T07:09:00.016+0000] {processor.py:826} INFO - Processing file /home/vscode/.local/lib/python3.10/site-packages/airflow/example_dags/example_xcom.py for tasks to queue
[2024-09-12T07:09:00.016+0000] {logging_mixin.py:150} INFO - [2024-09-12T07:09:00.016+0000] {dagbag.py:541} INFO - Filling up the DagBag from /home/vscode/.local/lib/python3.10/site-packages/airflow/example_dags/example_xcom.py
[2024-09-12T07:09:00.022+0000] {processor.py:836} INFO - DAG(s) dict_keys(['example_xcom']) retrieved from /home/vscode/.local/lib/python3.10/site-packages/airflow/example_dags/example_xcom.py
[2024-09-12T07:09:00.034+0000] {logging_mixin.py:150} INFO - [2024-09-12T07:09:00.034+0000] {dag.py:2742} INFO - Sync 1 DAGs
[2024-09-12T07:09:00.048+0000] {logging_mixin.py:150} INFO - [2024-09-12T07:09:00.047+0000] {dag.py:3504} INFO - Setting next_dagrun for example_xcom to 2021-01-01T00:00:00+00:00, run_after=2021-01-01T00:00:00+00:00
[2024-09-12T07:09:00.077+0000] {processor.py:179} INFO - Processing /home/vscode/.local/lib/python3.10/site-packages/airflow/example_dags/example_xcom.py took 0.064 seconds
[2024-09-12T07:09:45.225+0000] {processor.py:157} INFO - Started process (PID=19980) to work on /home/vscode/.local/lib/python3.10/site-packages/airflow/example_dags/example_xcom.py
[2024-09-12T07:09:45.226+0000] {processor.py:826} INFO - Processing file /home/vscode/.local/lib/python3.10/site-packages/airflow/example_dags/example_xcom.py for tasks to queue
[2024-09-12T07:09:45.226+0000] {logging_mixin.py:150} INFO - [2024-09-12T07:09:45.226+0000] {dagbag.py:541} INFO - Filling up the DagBag from /home/vscode/.local/lib/python3.10/site-packages/airflow/example_dags/example_xcom.py
[2024-09-12T07:09:45.232+0000] {processor.py:836} INFO - DAG(s) dict_keys(['example_xcom']) retrieved from /home/vscode/.local/lib/python3.10/site-packages/airflow/example_dags/example_xcom.py
[2024-09-12T07:09:45.244+0000] {logging_mixin.py:150} INFO - [2024-09-12T07:09:45.243+0000] {dag.py:2742} INFO - Sync 1 DAGs
[2024-09-12T07:09:45.259+0000] {logging_mixin.py:150} INFO - [2024-09-12T07:09:45.259+0000] {dag.py:3504} INFO - Setting next_dagrun for example_xcom to 2021-01-01T00:00:00+00:00, run_after=2021-01-01T00:00:00+00:00
[2024-09-12T07:09:45.291+0000] {processor.py:179} INFO - Processing /home/vscode/.local/lib/python3.10/site-packages/airflow/example_dags/example_xcom.py took 0.068 seconds
