[2024-09-12T06:39:59.474+0000] {processor.py:157} INFO - Started process (PID=7578) to work on /home/vscode/.local/lib/python3.10/site-packages/airflow/example_dags/example_dynamic_task_mapping_with_no_taskflow_operators.py
[2024-09-12T06:39:59.475+0000] {processor.py:826} INFO - Processing file /home/vscode/.local/lib/python3.10/site-packages/airflow/example_dags/example_dynamic_task_mapping_with_no_taskflow_operators.py for tasks to queue
[2024-09-12T06:39:59.476+0000] {logging_mixin.py:150} INFO - [2024-09-12T06:39:59.475+0000] {dagbag.py:541} INFO - Filling up the DagBag from /home/vscode/.local/lib/python3.10/site-packages/airflow/example_dags/example_dynamic_task_mapping_with_no_taskflow_operators.py
[2024-09-12T06:39:59.567+0000] {processor.py:836} INFO - DAG(s) dict_keys(['example_dynamic_task_mapping_with_no_taskflow_operators']) retrieved from /home/vscode/.local/lib/python3.10/site-packages/airflow/example_dags/example_dynamic_task_mapping_with_no_taskflow_operators.py
[2024-09-12T06:39:59.676+0000] {logging_mixin.py:150} INFO - [2024-09-12T06:39:59.676+0000] {manager.py:504} INFO - Created Permission View: can delete on DAG:example_dynamic_task_mapping_with_no_taskflow_operators
[2024-09-12T06:39:59.714+0000] {logging_mixin.py:150} INFO - [2024-09-12T06:39:59.713+0000] {manager.py:504} INFO - Created Permission View: can read on DAG:example_dynamic_task_mapping_with_no_taskflow_operators
[2024-09-12T06:39:59.741+0000] {logging_mixin.py:150} INFO - [2024-09-12T06:39:59.741+0000] {manager.py:504} INFO - Created Permission View: can edit on DAG:example_dynamic_task_mapping_with_no_taskflow_operators
[2024-09-12T06:39:59.748+0000] {logging_mixin.py:150} INFO - [2024-09-12T06:39:59.748+0000] {dag.py:2742} INFO - Sync 1 DAGs
[2024-09-12T06:39:59.754+0000] {logging_mixin.py:150} INFO - [2024-09-12T06:39:59.754+0000] {dag.py:2763} INFO - Creating ORM DAG for example_dynamic_task_mapping_with_no_taskflow_operators
[2024-09-12T06:39:59.760+0000] {logging_mixin.py:150} INFO - [2024-09-12T06:39:59.760+0000] {dag.py:3504} INFO - Setting next_dagrun for example_dynamic_task_mapping_with_no_taskflow_operators to 2024-09-11T06:39:59.760069+00:00, run_after=2024-09-12T06:39:59.760069+00:00
[2024-09-12T06:39:59.812+0000] {processor.py:179} INFO - Processing /home/vscode/.local/lib/python3.10/site-packages/airflow/example_dags/example_dynamic_task_mapping_with_no_taskflow_operators.py took 0.341 seconds
[2024-09-12T06:40:48.747+0000] {processor.py:157} INFO - Started process (PID=7896) to work on /home/vscode/.local/lib/python3.10/site-packages/airflow/example_dags/example_dynamic_task_mapping_with_no_taskflow_operators.py
[2024-09-12T06:40:48.748+0000] {processor.py:826} INFO - Processing file /home/vscode/.local/lib/python3.10/site-packages/airflow/example_dags/example_dynamic_task_mapping_with_no_taskflow_operators.py for tasks to queue
[2024-09-12T06:40:48.749+0000] {logging_mixin.py:150} INFO - [2024-09-12T06:40:48.748+0000] {dagbag.py:541} INFO - Filling up the DagBag from /home/vscode/.local/lib/python3.10/site-packages/airflow/example_dags/example_dynamic_task_mapping_with_no_taskflow_operators.py
[2024-09-12T06:40:48.754+0000] {processor.py:836} INFO - DAG(s) dict_keys(['example_dynamic_task_mapping_with_no_taskflow_operators']) retrieved from /home/vscode/.local/lib/python3.10/site-packages/airflow/example_dags/example_dynamic_task_mapping_with_no_taskflow_operators.py
[2024-09-12T06:40:48.765+0000] {logging_mixin.py:150} INFO - [2024-09-12T06:40:48.765+0000] {dag.py:2742} INFO - Sync 1 DAGs
[2024-09-12T06:40:48.779+0000] {logging_mixin.py:150} INFO - [2024-09-12T06:40:48.778+0000] {dag.py:3504} INFO - Setting next_dagrun for example_dynamic_task_mapping_with_no_taskflow_operators to 2024-09-11T06:40:48.778794+00:00, run_after=2024-09-12T06:40:48.778794+00:00
[2024-09-12T06:40:48.824+0000] {processor.py:179} INFO - Processing /home/vscode/.local/lib/python3.10/site-packages/airflow/example_dags/example_dynamic_task_mapping_with_no_taskflow_operators.py took 0.079 seconds
[2024-09-12T06:41:33.744+0000] {processor.py:157} INFO - Started process (PID=8207) to work on /home/vscode/.local/lib/python3.10/site-packages/airflow/example_dags/example_dynamic_task_mapping_with_no_taskflow_operators.py
[2024-09-12T06:41:33.745+0000] {processor.py:826} INFO - Processing file /home/vscode/.local/lib/python3.10/site-packages/airflow/example_dags/example_dynamic_task_mapping_with_no_taskflow_operators.py for tasks to queue
[2024-09-12T06:41:33.746+0000] {logging_mixin.py:150} INFO - [2024-09-12T06:41:33.745+0000] {dagbag.py:541} INFO - Filling up the DagBag from /home/vscode/.local/lib/python3.10/site-packages/airflow/example_dags/example_dynamic_task_mapping_with_no_taskflow_operators.py
[2024-09-12T06:41:33.751+0000] {processor.py:836} INFO - DAG(s) dict_keys(['example_dynamic_task_mapping_with_no_taskflow_operators']) retrieved from /home/vscode/.local/lib/python3.10/site-packages/airflow/example_dags/example_dynamic_task_mapping_with_no_taskflow_operators.py
[2024-09-12T06:41:33.762+0000] {logging_mixin.py:150} INFO - [2024-09-12T06:41:33.762+0000] {dag.py:2742} INFO - Sync 1 DAGs
[2024-09-12T06:41:33.776+0000] {logging_mixin.py:150} INFO - [2024-09-12T06:41:33.776+0000] {dag.py:3504} INFO - Setting next_dagrun for example_dynamic_task_mapping_with_no_taskflow_operators to 2024-09-11T06:41:33.775857+00:00, run_after=2024-09-12T06:41:33.775857+00:00
[2024-09-12T06:41:33.809+0000] {processor.py:179} INFO - Processing /home/vscode/.local/lib/python3.10/site-packages/airflow/example_dags/example_dynamic_task_mapping_with_no_taskflow_operators.py took 0.067 seconds
[2024-09-12T06:42:19.494+0000] {processor.py:157} INFO - Started process (PID=8508) to work on /home/vscode/.local/lib/python3.10/site-packages/airflow/example_dags/example_dynamic_task_mapping_with_no_taskflow_operators.py
[2024-09-12T06:42:19.494+0000] {processor.py:826} INFO - Processing file /home/vscode/.local/lib/python3.10/site-packages/airflow/example_dags/example_dynamic_task_mapping_with_no_taskflow_operators.py for tasks to queue
[2024-09-12T06:42:19.495+0000] {logging_mixin.py:150} INFO - [2024-09-12T06:42:19.495+0000] {dagbag.py:541} INFO - Filling up the DagBag from /home/vscode/.local/lib/python3.10/site-packages/airflow/example_dags/example_dynamic_task_mapping_with_no_taskflow_operators.py
[2024-09-12T06:42:19.500+0000] {processor.py:836} INFO - DAG(s) dict_keys(['example_dynamic_task_mapping_with_no_taskflow_operators']) retrieved from /home/vscode/.local/lib/python3.10/site-packages/airflow/example_dags/example_dynamic_task_mapping_with_no_taskflow_operators.py
[2024-09-12T06:42:19.511+0000] {logging_mixin.py:150} INFO - [2024-09-12T06:42:19.511+0000] {dag.py:2742} INFO - Sync 1 DAGs
[2024-09-12T06:42:19.525+0000] {logging_mixin.py:150} INFO - [2024-09-12T06:42:19.525+0000] {dag.py:3504} INFO - Setting next_dagrun for example_dynamic_task_mapping_with_no_taskflow_operators to 2024-09-11T06:42:19.524871+00:00, run_after=2024-09-12T06:42:19.524871+00:00
[2024-09-12T06:42:19.560+0000] {processor.py:179} INFO - Processing /home/vscode/.local/lib/python3.10/site-packages/airflow/example_dags/example_dynamic_task_mapping_with_no_taskflow_operators.py took 0.069 seconds
[2024-09-12T06:43:04.575+0000] {processor.py:157} INFO - Started process (PID=8814) to work on /home/vscode/.local/lib/python3.10/site-packages/airflow/example_dags/example_dynamic_task_mapping_with_no_taskflow_operators.py
[2024-09-12T06:43:04.576+0000] {processor.py:826} INFO - Processing file /home/vscode/.local/lib/python3.10/site-packages/airflow/example_dags/example_dynamic_task_mapping_with_no_taskflow_operators.py for tasks to queue
[2024-09-12T06:43:04.577+0000] {logging_mixin.py:150} INFO - [2024-09-12T06:43:04.576+0000] {dagbag.py:541} INFO - Filling up the DagBag from /home/vscode/.local/lib/python3.10/site-packages/airflow/example_dags/example_dynamic_task_mapping_with_no_taskflow_operators.py
[2024-09-12T06:43:04.582+0000] {processor.py:836} INFO - DAG(s) dict_keys(['example_dynamic_task_mapping_with_no_taskflow_operators']) retrieved from /home/vscode/.local/lib/python3.10/site-packages/airflow/example_dags/example_dynamic_task_mapping_with_no_taskflow_operators.py
[2024-09-12T06:43:04.593+0000] {logging_mixin.py:150} INFO - [2024-09-12T06:43:04.593+0000] {dag.py:2742} INFO - Sync 1 DAGs
[2024-09-12T06:43:04.607+0000] {logging_mixin.py:150} INFO - [2024-09-12T06:43:04.607+0000] {dag.py:3504} INFO - Setting next_dagrun for example_dynamic_task_mapping_with_no_taskflow_operators to 2024-09-11T06:43:04.607062+00:00, run_after=2024-09-12T06:43:04.607062+00:00
[2024-09-12T06:43:04.637+0000] {processor.py:179} INFO - Processing /home/vscode/.local/lib/python3.10/site-packages/airflow/example_dags/example_dynamic_task_mapping_with_no_taskflow_operators.py took 0.063 seconds
[2024-09-12T06:43:46.515+0000] {processor.py:157} INFO - Started process (PID=9100) to work on /home/vscode/.local/lib/python3.10/site-packages/airflow/example_dags/example_dynamic_task_mapping_with_no_taskflow_operators.py
[2024-09-12T06:43:46.516+0000] {processor.py:826} INFO - Processing file /home/vscode/.local/lib/python3.10/site-packages/airflow/example_dags/example_dynamic_task_mapping_with_no_taskflow_operators.py for tasks to queue
[2024-09-12T06:43:46.517+0000] {logging_mixin.py:150} INFO - [2024-09-12T06:43:46.516+0000] {dagbag.py:541} INFO - Filling up the DagBag from /home/vscode/.local/lib/python3.10/site-packages/airflow/example_dags/example_dynamic_task_mapping_with_no_taskflow_operators.py
[2024-09-12T06:43:46.522+0000] {processor.py:836} INFO - DAG(s) dict_keys(['example_dynamic_task_mapping_with_no_taskflow_operators']) retrieved from /home/vscode/.local/lib/python3.10/site-packages/airflow/example_dags/example_dynamic_task_mapping_with_no_taskflow_operators.py
[2024-09-12T06:43:46.533+0000] {logging_mixin.py:150} INFO - [2024-09-12T06:43:46.532+0000] {dag.py:2742} INFO - Sync 1 DAGs
[2024-09-12T06:43:46.546+0000] {logging_mixin.py:150} INFO - [2024-09-12T06:43:46.546+0000] {dag.py:3504} INFO - Setting next_dagrun for example_dynamic_task_mapping_with_no_taskflow_operators to 2024-09-11T06:43:46.546620+00:00, run_after=2024-09-12T06:43:46.546620+00:00
[2024-09-12T06:43:46.582+0000] {processor.py:179} INFO - Processing /home/vscode/.local/lib/python3.10/site-packages/airflow/example_dags/example_dynamic_task_mapping_with_no_taskflow_operators.py took 0.069 seconds
[2024-09-12T06:44:27.385+0000] {processor.py:157} INFO - Started process (PID=9373) to work on /home/vscode/.local/lib/python3.10/site-packages/airflow/example_dags/example_dynamic_task_mapping_with_no_taskflow_operators.py
[2024-09-12T06:44:27.386+0000] {processor.py:826} INFO - Processing file /home/vscode/.local/lib/python3.10/site-packages/airflow/example_dags/example_dynamic_task_mapping_with_no_taskflow_operators.py for tasks to queue
[2024-09-12T06:44:27.387+0000] {logging_mixin.py:150} INFO - [2024-09-12T06:44:27.386+0000] {dagbag.py:541} INFO - Filling up the DagBag from /home/vscode/.local/lib/python3.10/site-packages/airflow/example_dags/example_dynamic_task_mapping_with_no_taskflow_operators.py
[2024-09-12T06:44:27.392+0000] {processor.py:836} INFO - DAG(s) dict_keys(['example_dynamic_task_mapping_with_no_taskflow_operators']) retrieved from /home/vscode/.local/lib/python3.10/site-packages/airflow/example_dags/example_dynamic_task_mapping_with_no_taskflow_operators.py
[2024-09-12T06:44:27.402+0000] {logging_mixin.py:150} INFO - [2024-09-12T06:44:27.402+0000] {dag.py:2742} INFO - Sync 1 DAGs
[2024-09-12T06:44:27.416+0000] {logging_mixin.py:150} INFO - [2024-09-12T06:44:27.416+0000] {dag.py:3504} INFO - Setting next_dagrun for example_dynamic_task_mapping_with_no_taskflow_operators to 2024-09-11T06:44:27.416297+00:00, run_after=2024-09-12T06:44:27.416297+00:00
[2024-09-12T06:44:27.448+0000] {processor.py:179} INFO - Processing /home/vscode/.local/lib/python3.10/site-packages/airflow/example_dags/example_dynamic_task_mapping_with_no_taskflow_operators.py took 0.065 seconds
[2024-09-12T06:45:12.686+0000] {processor.py:157} INFO - Started process (PID=9682) to work on /home/vscode/.local/lib/python3.10/site-packages/airflow/example_dags/example_dynamic_task_mapping_with_no_taskflow_operators.py
[2024-09-12T06:45:12.686+0000] {processor.py:826} INFO - Processing file /home/vscode/.local/lib/python3.10/site-packages/airflow/example_dags/example_dynamic_task_mapping_with_no_taskflow_operators.py for tasks to queue
[2024-09-12T06:45:12.687+0000] {logging_mixin.py:150} INFO - [2024-09-12T06:45:12.687+0000] {dagbag.py:541} INFO - Filling up the DagBag from /home/vscode/.local/lib/python3.10/site-packages/airflow/example_dags/example_dynamic_task_mapping_with_no_taskflow_operators.py
[2024-09-12T06:45:12.692+0000] {processor.py:836} INFO - DAG(s) dict_keys(['example_dynamic_task_mapping_with_no_taskflow_operators']) retrieved from /home/vscode/.local/lib/python3.10/site-packages/airflow/example_dags/example_dynamic_task_mapping_with_no_taskflow_operators.py
[2024-09-12T06:45:12.702+0000] {logging_mixin.py:150} INFO - [2024-09-12T06:45:12.702+0000] {dag.py:2742} INFO - Sync 1 DAGs
[2024-09-12T06:45:12.716+0000] {logging_mixin.py:150} INFO - [2024-09-12T06:45:12.716+0000] {dag.py:3504} INFO - Setting next_dagrun for example_dynamic_task_mapping_with_no_taskflow_operators to 2024-09-11T06:45:12.716117+00:00, run_after=2024-09-12T06:45:12.716117+00:00
[2024-09-12T06:45:12.744+0000] {processor.py:179} INFO - Processing /home/vscode/.local/lib/python3.10/site-packages/airflow/example_dags/example_dynamic_task_mapping_with_no_taskflow_operators.py took 0.061 seconds
[2024-09-12T06:45:59.246+0000] {processor.py:157} INFO - Started process (PID=9987) to work on /home/vscode/.local/lib/python3.10/site-packages/airflow/example_dags/example_dynamic_task_mapping_with_no_taskflow_operators.py
[2024-09-12T06:45:59.247+0000] {processor.py:826} INFO - Processing file /home/vscode/.local/lib/python3.10/site-packages/airflow/example_dags/example_dynamic_task_mapping_with_no_taskflow_operators.py for tasks to queue
[2024-09-12T06:45:59.247+0000] {logging_mixin.py:150} INFO - [2024-09-12T06:45:59.247+0000] {dagbag.py:541} INFO - Filling up the DagBag from /home/vscode/.local/lib/python3.10/site-packages/airflow/example_dags/example_dynamic_task_mapping_with_no_taskflow_operators.py
[2024-09-12T06:45:59.252+0000] {processor.py:836} INFO - DAG(s) dict_keys(['example_dynamic_task_mapping_with_no_taskflow_operators']) retrieved from /home/vscode/.local/lib/python3.10/site-packages/airflow/example_dags/example_dynamic_task_mapping_with_no_taskflow_operators.py
[2024-09-12T06:45:59.263+0000] {logging_mixin.py:150} INFO - [2024-09-12T06:45:59.263+0000] {dag.py:2742} INFO - Sync 1 DAGs
[2024-09-12T06:45:59.277+0000] {logging_mixin.py:150} INFO - [2024-09-12T06:45:59.277+0000] {dag.py:3504} INFO - Setting next_dagrun for example_dynamic_task_mapping_with_no_taskflow_operators to 2024-09-11T06:45:59.276967+00:00, run_after=2024-09-12T06:45:59.276967+00:00
[2024-09-12T06:45:59.327+0000] {processor.py:179} INFO - Processing /home/vscode/.local/lib/python3.10/site-packages/airflow/example_dags/example_dynamic_task_mapping_with_no_taskflow_operators.py took 0.083 seconds
[2024-09-12T06:46:43.635+0000] {processor.py:157} INFO - Started process (PID=10283) to work on /home/vscode/.local/lib/python3.10/site-packages/airflow/example_dags/example_dynamic_task_mapping_with_no_taskflow_operators.py
[2024-09-12T06:46:43.636+0000] {processor.py:826} INFO - Processing file /home/vscode/.local/lib/python3.10/site-packages/airflow/example_dags/example_dynamic_task_mapping_with_no_taskflow_operators.py for tasks to queue
[2024-09-12T06:46:43.636+0000] {logging_mixin.py:150} INFO - [2024-09-12T06:46:43.636+0000] {dagbag.py:541} INFO - Filling up the DagBag from /home/vscode/.local/lib/python3.10/site-packages/airflow/example_dags/example_dynamic_task_mapping_with_no_taskflow_operators.py
[2024-09-12T06:46:43.641+0000] {processor.py:836} INFO - DAG(s) dict_keys(['example_dynamic_task_mapping_with_no_taskflow_operators']) retrieved from /home/vscode/.local/lib/python3.10/site-packages/airflow/example_dags/example_dynamic_task_mapping_with_no_taskflow_operators.py
[2024-09-12T06:46:43.651+0000] {logging_mixin.py:150} INFO - [2024-09-12T06:46:43.651+0000] {dag.py:2742} INFO - Sync 1 DAGs
[2024-09-12T06:46:43.665+0000] {logging_mixin.py:150} INFO - [2024-09-12T06:46:43.665+0000] {dag.py:3504} INFO - Setting next_dagrun for example_dynamic_task_mapping_with_no_taskflow_operators to 2024-09-11T06:46:43.665187+00:00, run_after=2024-09-12T06:46:43.665187+00:00
[2024-09-12T06:46:43.703+0000] {processor.py:179} INFO - Processing /home/vscode/.local/lib/python3.10/site-packages/airflow/example_dags/example_dynamic_task_mapping_with_no_taskflow_operators.py took 0.070 seconds
[2024-09-12T06:47:30.065+0000] {processor.py:157} INFO - Started process (PID=10596) to work on /home/vscode/.local/lib/python3.10/site-packages/airflow/example_dags/example_dynamic_task_mapping_with_no_taskflow_operators.py
[2024-09-12T06:47:30.065+0000] {processor.py:826} INFO - Processing file /home/vscode/.local/lib/python3.10/site-packages/airflow/example_dags/example_dynamic_task_mapping_with_no_taskflow_operators.py for tasks to queue
[2024-09-12T06:47:30.066+0000] {logging_mixin.py:150} INFO - [2024-09-12T06:47:30.065+0000] {dagbag.py:541} INFO - Filling up the DagBag from /home/vscode/.local/lib/python3.10/site-packages/airflow/example_dags/example_dynamic_task_mapping_with_no_taskflow_operators.py
[2024-09-12T06:47:30.071+0000] {processor.py:836} INFO - DAG(s) dict_keys(['example_dynamic_task_mapping_with_no_taskflow_operators']) retrieved from /home/vscode/.local/lib/python3.10/site-packages/airflow/example_dags/example_dynamic_task_mapping_with_no_taskflow_operators.py
[2024-09-12T06:47:30.081+0000] {logging_mixin.py:150} INFO - [2024-09-12T06:47:30.081+0000] {dag.py:2742} INFO - Sync 1 DAGs
[2024-09-12T06:47:30.095+0000] {logging_mixin.py:150} INFO - [2024-09-12T06:47:30.095+0000] {dag.py:3504} INFO - Setting next_dagrun for example_dynamic_task_mapping_with_no_taskflow_operators to 2024-09-11T06:47:30.095085+00:00, run_after=2024-09-12T06:47:30.095085+00:00
[2024-09-12T06:47:30.144+0000] {processor.py:179} INFO - Processing /home/vscode/.local/lib/python3.10/site-packages/airflow/example_dags/example_dynamic_task_mapping_with_no_taskflow_operators.py took 0.082 seconds
[2024-09-12T06:48:14.822+0000] {processor.py:157} INFO - Started process (PID=10898) to work on /home/vscode/.local/lib/python3.10/site-packages/airflow/example_dags/example_dynamic_task_mapping_with_no_taskflow_operators.py
[2024-09-12T06:48:14.823+0000] {processor.py:826} INFO - Processing file /home/vscode/.local/lib/python3.10/site-packages/airflow/example_dags/example_dynamic_task_mapping_with_no_taskflow_operators.py for tasks to queue
[2024-09-12T06:48:14.824+0000] {logging_mixin.py:150} INFO - [2024-09-12T06:48:14.823+0000] {dagbag.py:541} INFO - Filling up the DagBag from /home/vscode/.local/lib/python3.10/site-packages/airflow/example_dags/example_dynamic_task_mapping_with_no_taskflow_operators.py
[2024-09-12T06:48:14.829+0000] {processor.py:836} INFO - DAG(s) dict_keys(['example_dynamic_task_mapping_with_no_taskflow_operators']) retrieved from /home/vscode/.local/lib/python3.10/site-packages/airflow/example_dags/example_dynamic_task_mapping_with_no_taskflow_operators.py
[2024-09-12T06:48:14.839+0000] {logging_mixin.py:150} INFO - [2024-09-12T06:48:14.839+0000] {dag.py:2742} INFO - Sync 1 DAGs
[2024-09-12T06:48:14.852+0000] {logging_mixin.py:150} INFO - [2024-09-12T06:48:14.852+0000] {dag.py:3504} INFO - Setting next_dagrun for example_dynamic_task_mapping_with_no_taskflow_operators to 2024-09-11T06:48:14.852449+00:00, run_after=2024-09-12T06:48:14.852449+00:00
[2024-09-12T06:48:14.894+0000] {processor.py:179} INFO - Processing /home/vscode/.local/lib/python3.10/site-packages/airflow/example_dags/example_dynamic_task_mapping_with_no_taskflow_operators.py took 0.074 seconds
[2024-09-12T06:49:08.879+0000] {processor.py:157} INFO - Started process (PID=11262) to work on /home/vscode/.local/lib/python3.10/site-packages/airflow/example_dags/example_dynamic_task_mapping_with_no_taskflow_operators.py
[2024-09-12T06:49:08.880+0000] {processor.py:826} INFO - Processing file /home/vscode/.local/lib/python3.10/site-packages/airflow/example_dags/example_dynamic_task_mapping_with_no_taskflow_operators.py for tasks to queue
[2024-09-12T06:49:08.880+0000] {logging_mixin.py:150} INFO - [2024-09-12T06:49:08.880+0000] {dagbag.py:541} INFO - Filling up the DagBag from /home/vscode/.local/lib/python3.10/site-packages/airflow/example_dags/example_dynamic_task_mapping_with_no_taskflow_operators.py
[2024-09-12T06:49:08.886+0000] {processor.py:836} INFO - DAG(s) dict_keys(['example_dynamic_task_mapping_with_no_taskflow_operators']) retrieved from /home/vscode/.local/lib/python3.10/site-packages/airflow/example_dags/example_dynamic_task_mapping_with_no_taskflow_operators.py
[2024-09-12T06:49:08.896+0000] {logging_mixin.py:150} INFO - [2024-09-12T06:49:08.896+0000] {dag.py:2742} INFO - Sync 1 DAGs
[2024-09-12T06:49:08.911+0000] {logging_mixin.py:150} INFO - [2024-09-12T06:49:08.911+0000] {dag.py:3504} INFO - Setting next_dagrun for example_dynamic_task_mapping_with_no_taskflow_operators to 2024-09-11T06:49:08.910856+00:00, run_after=2024-09-12T06:49:08.910856+00:00
[2024-09-12T06:49:08.940+0000] {processor.py:179} INFO - Processing /home/vscode/.local/lib/python3.10/site-packages/airflow/example_dags/example_dynamic_task_mapping_with_no_taskflow_operators.py took 0.063 seconds
[2024-09-12T06:49:51.590+0000] {processor.py:157} INFO - Started process (PID=11554) to work on /home/vscode/.local/lib/python3.10/site-packages/airflow/example_dags/example_dynamic_task_mapping_with_no_taskflow_operators.py
[2024-09-12T06:49:51.590+0000] {processor.py:826} INFO - Processing file /home/vscode/.local/lib/python3.10/site-packages/airflow/example_dags/example_dynamic_task_mapping_with_no_taskflow_operators.py for tasks to queue
[2024-09-12T06:49:51.591+0000] {logging_mixin.py:150} INFO - [2024-09-12T06:49:51.590+0000] {dagbag.py:541} INFO - Filling up the DagBag from /home/vscode/.local/lib/python3.10/site-packages/airflow/example_dags/example_dynamic_task_mapping_with_no_taskflow_operators.py
[2024-09-12T06:49:51.596+0000] {processor.py:836} INFO - DAG(s) dict_keys(['example_dynamic_task_mapping_with_no_taskflow_operators']) retrieved from /home/vscode/.local/lib/python3.10/site-packages/airflow/example_dags/example_dynamic_task_mapping_with_no_taskflow_operators.py
[2024-09-12T06:49:51.609+0000] {logging_mixin.py:150} INFO - [2024-09-12T06:49:51.609+0000] {dag.py:2742} INFO - Sync 1 DAGs
[2024-09-12T06:49:51.628+0000] {logging_mixin.py:150} INFO - [2024-09-12T06:49:51.628+0000] {dag.py:3504} INFO - Setting next_dagrun for example_dynamic_task_mapping_with_no_taskflow_operators to 2024-09-11T06:49:51.628286+00:00, run_after=2024-09-12T06:49:51.628286+00:00
[2024-09-12T06:49:51.667+0000] {processor.py:179} INFO - Processing /home/vscode/.local/lib/python3.10/site-packages/airflow/example_dags/example_dynamic_task_mapping_with_no_taskflow_operators.py took 0.079 seconds
[2024-09-12T06:50:32.970+0000] {processor.py:157} INFO - Started process (PID=11835) to work on /home/vscode/.local/lib/python3.10/site-packages/airflow/example_dags/example_dynamic_task_mapping_with_no_taskflow_operators.py
[2024-09-12T06:50:32.970+0000] {processor.py:826} INFO - Processing file /home/vscode/.local/lib/python3.10/site-packages/airflow/example_dags/example_dynamic_task_mapping_with_no_taskflow_operators.py for tasks to queue
[2024-09-12T06:50:32.971+0000] {logging_mixin.py:150} INFO - [2024-09-12T06:50:32.970+0000] {dagbag.py:541} INFO - Filling up the DagBag from /home/vscode/.local/lib/python3.10/site-packages/airflow/example_dags/example_dynamic_task_mapping_with_no_taskflow_operators.py
[2024-09-12T06:50:32.976+0000] {processor.py:836} INFO - DAG(s) dict_keys(['example_dynamic_task_mapping_with_no_taskflow_operators']) retrieved from /home/vscode/.local/lib/python3.10/site-packages/airflow/example_dags/example_dynamic_task_mapping_with_no_taskflow_operators.py
[2024-09-12T06:50:32.986+0000] {logging_mixin.py:150} INFO - [2024-09-12T06:50:32.986+0000] {dag.py:2742} INFO - Sync 1 DAGs
[2024-09-12T06:50:32.999+0000] {logging_mixin.py:150} INFO - [2024-09-12T06:50:32.999+0000] {dag.py:3504} INFO - Setting next_dagrun for example_dynamic_task_mapping_with_no_taskflow_operators to 2024-09-11T06:50:32.999572+00:00, run_after=2024-09-12T06:50:32.999572+00:00
[2024-09-12T06:50:33.042+0000] {processor.py:179} INFO - Processing /home/vscode/.local/lib/python3.10/site-packages/airflow/example_dags/example_dynamic_task_mapping_with_no_taskflow_operators.py took 0.075 seconds
[2024-09-12T06:51:17.680+0000] {processor.py:157} INFO - Started process (PID=12136) to work on /home/vscode/.local/lib/python3.10/site-packages/airflow/example_dags/example_dynamic_task_mapping_with_no_taskflow_operators.py
[2024-09-12T06:51:17.681+0000] {processor.py:826} INFO - Processing file /home/vscode/.local/lib/python3.10/site-packages/airflow/example_dags/example_dynamic_task_mapping_with_no_taskflow_operators.py for tasks to queue
[2024-09-12T06:51:17.682+0000] {logging_mixin.py:150} INFO - [2024-09-12T06:51:17.682+0000] {dagbag.py:541} INFO - Filling up the DagBag from /home/vscode/.local/lib/python3.10/site-packages/airflow/example_dags/example_dynamic_task_mapping_with_no_taskflow_operators.py
[2024-09-12T06:51:17.689+0000] {processor.py:836} INFO - DAG(s) dict_keys(['example_dynamic_task_mapping_with_no_taskflow_operators']) retrieved from /home/vscode/.local/lib/python3.10/site-packages/airflow/example_dags/example_dynamic_task_mapping_with_no_taskflow_operators.py
[2024-09-12T06:51:17.707+0000] {logging_mixin.py:150} INFO - [2024-09-12T06:51:17.707+0000] {dag.py:2742} INFO - Sync 1 DAGs
[2024-09-12T06:51:17.727+0000] {logging_mixin.py:150} INFO - [2024-09-12T06:51:17.727+0000] {dag.py:3504} INFO - Setting next_dagrun for example_dynamic_task_mapping_with_no_taskflow_operators to 2024-09-11T06:51:17.727467+00:00, run_after=2024-09-12T06:51:17.727467+00:00
[2024-09-12T06:51:17.763+0000] {processor.py:179} INFO - Processing /home/vscode/.local/lib/python3.10/site-packages/airflow/example_dags/example_dynamic_task_mapping_with_no_taskflow_operators.py took 0.086 seconds
[2024-09-12T06:52:03.741+0000] {processor.py:157} INFO - Started process (PID=12436) to work on /home/vscode/.local/lib/python3.10/site-packages/airflow/example_dags/example_dynamic_task_mapping_with_no_taskflow_operators.py
[2024-09-12T06:52:03.741+0000] {processor.py:826} INFO - Processing file /home/vscode/.local/lib/python3.10/site-packages/airflow/example_dags/example_dynamic_task_mapping_with_no_taskflow_operators.py for tasks to queue
[2024-09-12T06:52:03.742+0000] {logging_mixin.py:150} INFO - [2024-09-12T06:52:03.741+0000] {dagbag.py:541} INFO - Filling up the DagBag from /home/vscode/.local/lib/python3.10/site-packages/airflow/example_dags/example_dynamic_task_mapping_with_no_taskflow_operators.py
[2024-09-12T06:52:03.747+0000] {processor.py:836} INFO - DAG(s) dict_keys(['example_dynamic_task_mapping_with_no_taskflow_operators']) retrieved from /home/vscode/.local/lib/python3.10/site-packages/airflow/example_dags/example_dynamic_task_mapping_with_no_taskflow_operators.py
[2024-09-12T06:52:03.757+0000] {logging_mixin.py:150} INFO - [2024-09-12T06:52:03.757+0000] {dag.py:2742} INFO - Sync 1 DAGs
[2024-09-12T06:52:03.771+0000] {logging_mixin.py:150} INFO - [2024-09-12T06:52:03.771+0000] {dag.py:3504} INFO - Setting next_dagrun for example_dynamic_task_mapping_with_no_taskflow_operators to 2024-09-11T06:52:03.771104+00:00, run_after=2024-09-12T06:52:03.771104+00:00
[2024-09-12T06:52:03.800+0000] {processor.py:179} INFO - Processing /home/vscode/.local/lib/python3.10/site-packages/airflow/example_dags/example_dynamic_task_mapping_with_no_taskflow_operators.py took 0.061 seconds
[2024-09-12T06:52:50.221+0000] {processor.py:157} INFO - Started process (PID=12753) to work on /home/vscode/.local/lib/python3.10/site-packages/airflow/example_dags/example_dynamic_task_mapping_with_no_taskflow_operators.py
[2024-09-12T06:52:50.222+0000] {processor.py:826} INFO - Processing file /home/vscode/.local/lib/python3.10/site-packages/airflow/example_dags/example_dynamic_task_mapping_with_no_taskflow_operators.py for tasks to queue
[2024-09-12T06:52:50.222+0000] {logging_mixin.py:150} INFO - [2024-09-12T06:52:50.222+0000] {dagbag.py:541} INFO - Filling up the DagBag from /home/vscode/.local/lib/python3.10/site-packages/airflow/example_dags/example_dynamic_task_mapping_with_no_taskflow_operators.py
[2024-09-12T06:52:50.228+0000] {processor.py:836} INFO - DAG(s) dict_keys(['example_dynamic_task_mapping_with_no_taskflow_operators']) retrieved from /home/vscode/.local/lib/python3.10/site-packages/airflow/example_dags/example_dynamic_task_mapping_with_no_taskflow_operators.py
[2024-09-12T06:52:50.238+0000] {logging_mixin.py:150} INFO - [2024-09-12T06:52:50.238+0000] {dag.py:2742} INFO - Sync 1 DAGs
[2024-09-12T06:52:50.252+0000] {logging_mixin.py:150} INFO - [2024-09-12T06:52:50.252+0000] {dag.py:3504} INFO - Setting next_dagrun for example_dynamic_task_mapping_with_no_taskflow_operators to 2024-09-11T06:52:50.251948+00:00, run_after=2024-09-12T06:52:50.251948+00:00
[2024-09-12T06:52:50.300+0000] {processor.py:179} INFO - Processing /home/vscode/.local/lib/python3.10/site-packages/airflow/example_dags/example_dynamic_task_mapping_with_no_taskflow_operators.py took 0.081 seconds
[2024-09-12T06:53:35.351+0000] {processor.py:157} INFO - Started process (PID=13059) to work on /home/vscode/.local/lib/python3.10/site-packages/airflow/example_dags/example_dynamic_task_mapping_with_no_taskflow_operators.py
[2024-09-12T06:53:35.351+0000] {processor.py:826} INFO - Processing file /home/vscode/.local/lib/python3.10/site-packages/airflow/example_dags/example_dynamic_task_mapping_with_no_taskflow_operators.py for tasks to queue
[2024-09-12T06:53:35.352+0000] {logging_mixin.py:150} INFO - [2024-09-12T06:53:35.352+0000] {dagbag.py:541} INFO - Filling up the DagBag from /home/vscode/.local/lib/python3.10/site-packages/airflow/example_dags/example_dynamic_task_mapping_with_no_taskflow_operators.py
[2024-09-12T06:53:35.357+0000] {processor.py:836} INFO - DAG(s) dict_keys(['example_dynamic_task_mapping_with_no_taskflow_operators']) retrieved from /home/vscode/.local/lib/python3.10/site-packages/airflow/example_dags/example_dynamic_task_mapping_with_no_taskflow_operators.py
[2024-09-12T06:53:35.367+0000] {logging_mixin.py:150} INFO - [2024-09-12T06:53:35.367+0000] {dag.py:2742} INFO - Sync 1 DAGs
[2024-09-12T06:53:35.381+0000] {logging_mixin.py:150} INFO - [2024-09-12T06:53:35.381+0000] {dag.py:3504} INFO - Setting next_dagrun for example_dynamic_task_mapping_with_no_taskflow_operators to 2024-09-11T06:53:35.380920+00:00, run_after=2024-09-12T06:53:35.380920+00:00
[2024-09-12T06:53:35.422+0000] {processor.py:179} INFO - Processing /home/vscode/.local/lib/python3.10/site-packages/airflow/example_dags/example_dynamic_task_mapping_with_no_taskflow_operators.py took 0.073 seconds
[2024-09-12T06:54:21.507+0000] {processor.py:157} INFO - Started process (PID=13373) to work on /home/vscode/.local/lib/python3.10/site-packages/airflow/example_dags/example_dynamic_task_mapping_with_no_taskflow_operators.py
[2024-09-12T06:54:21.508+0000] {processor.py:826} INFO - Processing file /home/vscode/.local/lib/python3.10/site-packages/airflow/example_dags/example_dynamic_task_mapping_with_no_taskflow_operators.py for tasks to queue
[2024-09-12T06:54:21.508+0000] {logging_mixin.py:150} INFO - [2024-09-12T06:54:21.508+0000] {dagbag.py:541} INFO - Filling up the DagBag from /home/vscode/.local/lib/python3.10/site-packages/airflow/example_dags/example_dynamic_task_mapping_with_no_taskflow_operators.py
[2024-09-12T06:54:21.514+0000] {processor.py:836} INFO - DAG(s) dict_keys(['example_dynamic_task_mapping_with_no_taskflow_operators']) retrieved from /home/vscode/.local/lib/python3.10/site-packages/airflow/example_dags/example_dynamic_task_mapping_with_no_taskflow_operators.py
[2024-09-12T06:54:21.525+0000] {logging_mixin.py:150} INFO - [2024-09-12T06:54:21.525+0000] {dag.py:2742} INFO - Sync 1 DAGs
[2024-09-12T06:54:21.539+0000] {logging_mixin.py:150} INFO - [2024-09-12T06:54:21.539+0000] {dag.py:3504} INFO - Setting next_dagrun for example_dynamic_task_mapping_with_no_taskflow_operators to 2024-09-11T06:54:21.539123+00:00, run_after=2024-09-12T06:54:21.539123+00:00
[2024-09-12T06:54:21.572+0000] {processor.py:179} INFO - Processing /home/vscode/.local/lib/python3.10/site-packages/airflow/example_dags/example_dynamic_task_mapping_with_no_taskflow_operators.py took 0.068 seconds
[2024-09-12T06:55:08.305+0000] {processor.py:157} INFO - Started process (PID=13685) to work on /home/vscode/.local/lib/python3.10/site-packages/airflow/example_dags/example_dynamic_task_mapping_with_no_taskflow_operators.py
[2024-09-12T06:55:08.306+0000] {processor.py:826} INFO - Processing file /home/vscode/.local/lib/python3.10/site-packages/airflow/example_dags/example_dynamic_task_mapping_with_no_taskflow_operators.py for tasks to queue
[2024-09-12T06:55:08.306+0000] {logging_mixin.py:150} INFO - [2024-09-12T06:55:08.306+0000] {dagbag.py:541} INFO - Filling up the DagBag from /home/vscode/.local/lib/python3.10/site-packages/airflow/example_dags/example_dynamic_task_mapping_with_no_taskflow_operators.py
[2024-09-12T06:55:08.311+0000] {processor.py:836} INFO - DAG(s) dict_keys(['example_dynamic_task_mapping_with_no_taskflow_operators']) retrieved from /home/vscode/.local/lib/python3.10/site-packages/airflow/example_dags/example_dynamic_task_mapping_with_no_taskflow_operators.py
[2024-09-12T06:55:08.322+0000] {logging_mixin.py:150} INFO - [2024-09-12T06:55:08.322+0000] {dag.py:2742} INFO - Sync 1 DAGs
[2024-09-12T06:55:08.335+0000] {logging_mixin.py:150} INFO - [2024-09-12T06:55:08.335+0000] {dag.py:3504} INFO - Setting next_dagrun for example_dynamic_task_mapping_with_no_taskflow_operators to 2024-09-11T06:55:08.335253+00:00, run_after=2024-09-12T06:55:08.335253+00:00
[2024-09-12T06:55:08.379+0000] {processor.py:179} INFO - Processing /home/vscode/.local/lib/python3.10/site-packages/airflow/example_dags/example_dynamic_task_mapping_with_no_taskflow_operators.py took 0.076 seconds
[2024-09-12T06:55:52.625+0000] {processor.py:157} INFO - Started process (PID=13980) to work on /home/vscode/.local/lib/python3.10/site-packages/airflow/example_dags/example_dynamic_task_mapping_with_no_taskflow_operators.py
[2024-09-12T06:55:52.626+0000] {processor.py:826} INFO - Processing file /home/vscode/.local/lib/python3.10/site-packages/airflow/example_dags/example_dynamic_task_mapping_with_no_taskflow_operators.py for tasks to queue
[2024-09-12T06:55:52.626+0000] {logging_mixin.py:150} INFO - [2024-09-12T06:55:52.626+0000] {dagbag.py:541} INFO - Filling up the DagBag from /home/vscode/.local/lib/python3.10/site-packages/airflow/example_dags/example_dynamic_task_mapping_with_no_taskflow_operators.py
[2024-09-12T06:55:52.631+0000] {processor.py:836} INFO - DAG(s) dict_keys(['example_dynamic_task_mapping_with_no_taskflow_operators']) retrieved from /home/vscode/.local/lib/python3.10/site-packages/airflow/example_dags/example_dynamic_task_mapping_with_no_taskflow_operators.py
[2024-09-12T06:55:52.641+0000] {logging_mixin.py:150} INFO - [2024-09-12T06:55:52.641+0000] {dag.py:2742} INFO - Sync 1 DAGs
[2024-09-12T06:55:52.655+0000] {logging_mixin.py:150} INFO - [2024-09-12T06:55:52.655+0000] {dag.py:3504} INFO - Setting next_dagrun for example_dynamic_task_mapping_with_no_taskflow_operators to 2024-09-11T06:55:52.655420+00:00, run_after=2024-09-12T06:55:52.655420+00:00
[2024-09-12T06:55:52.686+0000] {processor.py:179} INFO - Processing /home/vscode/.local/lib/python3.10/site-packages/airflow/example_dags/example_dynamic_task_mapping_with_no_taskflow_operators.py took 0.063 seconds
[2024-09-12T06:56:43.132+0000] {processor.py:157} INFO - Started process (PID=14317) to work on /home/vscode/.local/lib/python3.10/site-packages/airflow/example_dags/example_dynamic_task_mapping_with_no_taskflow_operators.py
[2024-09-12T06:56:43.133+0000] {processor.py:826} INFO - Processing file /home/vscode/.local/lib/python3.10/site-packages/airflow/example_dags/example_dynamic_task_mapping_with_no_taskflow_operators.py for tasks to queue
[2024-09-12T06:56:43.133+0000] {logging_mixin.py:150} INFO - [2024-09-12T06:56:43.133+0000] {dagbag.py:541} INFO - Filling up the DagBag from /home/vscode/.local/lib/python3.10/site-packages/airflow/example_dags/example_dynamic_task_mapping_with_no_taskflow_operators.py
[2024-09-12T06:56:43.138+0000] {processor.py:836} INFO - DAG(s) dict_keys(['example_dynamic_task_mapping_with_no_taskflow_operators']) retrieved from /home/vscode/.local/lib/python3.10/site-packages/airflow/example_dags/example_dynamic_task_mapping_with_no_taskflow_operators.py
[2024-09-12T06:56:43.149+0000] {logging_mixin.py:150} INFO - [2024-09-12T06:56:43.149+0000] {dag.py:2742} INFO - Sync 1 DAGs
[2024-09-12T06:56:43.163+0000] {logging_mixin.py:150} INFO - [2024-09-12T06:56:43.163+0000] {dag.py:3504} INFO - Setting next_dagrun for example_dynamic_task_mapping_with_no_taskflow_operators to 2024-09-11T06:56:43.162970+00:00, run_after=2024-09-12T06:56:43.162970+00:00
[2024-09-12T06:56:43.196+0000] {processor.py:179} INFO - Processing /home/vscode/.local/lib/python3.10/site-packages/airflow/example_dags/example_dynamic_task_mapping_with_no_taskflow_operators.py took 0.067 seconds
[2024-09-12T06:57:27.496+0000] {processor.py:157} INFO - Started process (PID=14621) to work on /home/vscode/.local/lib/python3.10/site-packages/airflow/example_dags/example_dynamic_task_mapping_with_no_taskflow_operators.py
[2024-09-12T06:57:27.497+0000] {processor.py:826} INFO - Processing file /home/vscode/.local/lib/python3.10/site-packages/airflow/example_dags/example_dynamic_task_mapping_with_no_taskflow_operators.py for tasks to queue
[2024-09-12T06:57:27.497+0000] {logging_mixin.py:150} INFO - [2024-09-12T06:57:27.497+0000] {dagbag.py:541} INFO - Filling up the DagBag from /home/vscode/.local/lib/python3.10/site-packages/airflow/example_dags/example_dynamic_task_mapping_with_no_taskflow_operators.py
[2024-09-12T06:57:27.503+0000] {processor.py:836} INFO - DAG(s) dict_keys(['example_dynamic_task_mapping_with_no_taskflow_operators']) retrieved from /home/vscode/.local/lib/python3.10/site-packages/airflow/example_dags/example_dynamic_task_mapping_with_no_taskflow_operators.py
[2024-09-12T06:57:27.513+0000] {logging_mixin.py:150} INFO - [2024-09-12T06:57:27.513+0000] {dag.py:2742} INFO - Sync 1 DAGs
[2024-09-12T06:57:27.527+0000] {logging_mixin.py:150} INFO - [2024-09-12T06:57:27.526+0000] {dag.py:3504} INFO - Setting next_dagrun for example_dynamic_task_mapping_with_no_taskflow_operators to 2024-09-11T06:57:27.526737+00:00, run_after=2024-09-12T06:57:27.526737+00:00
[2024-09-12T06:57:27.566+0000] {processor.py:179} INFO - Processing /home/vscode/.local/lib/python3.10/site-packages/airflow/example_dags/example_dynamic_task_mapping_with_no_taskflow_operators.py took 0.072 seconds
[2024-09-12T06:58:10.606+0000] {processor.py:157} INFO - Started process (PID=14909) to work on /home/vscode/.local/lib/python3.10/site-packages/airflow/example_dags/example_dynamic_task_mapping_with_no_taskflow_operators.py
[2024-09-12T06:58:10.606+0000] {processor.py:826} INFO - Processing file /home/vscode/.local/lib/python3.10/site-packages/airflow/example_dags/example_dynamic_task_mapping_with_no_taskflow_operators.py for tasks to queue
[2024-09-12T06:58:10.607+0000] {logging_mixin.py:150} INFO - [2024-09-12T06:58:10.607+0000] {dagbag.py:541} INFO - Filling up the DagBag from /home/vscode/.local/lib/python3.10/site-packages/airflow/example_dags/example_dynamic_task_mapping_with_no_taskflow_operators.py
[2024-09-12T06:58:10.612+0000] {processor.py:836} INFO - DAG(s) dict_keys(['example_dynamic_task_mapping_with_no_taskflow_operators']) retrieved from /home/vscode/.local/lib/python3.10/site-packages/airflow/example_dags/example_dynamic_task_mapping_with_no_taskflow_operators.py
[2024-09-12T06:58:10.623+0000] {logging_mixin.py:150} INFO - [2024-09-12T06:58:10.623+0000] {dag.py:2742} INFO - Sync 1 DAGs
[2024-09-12T06:58:10.636+0000] {logging_mixin.py:150} INFO - [2024-09-12T06:58:10.636+0000] {dag.py:3504} INFO - Setting next_dagrun for example_dynamic_task_mapping_with_no_taskflow_operators to 2024-09-11T06:58:10.636452+00:00, run_after=2024-09-12T06:58:10.636452+00:00
[2024-09-12T06:58:10.669+0000] {processor.py:179} INFO - Processing /home/vscode/.local/lib/python3.10/site-packages/airflow/example_dags/example_dynamic_task_mapping_with_no_taskflow_operators.py took 0.065 seconds
[2024-09-12T06:58:53.164+0000] {processor.py:157} INFO - Started process (PID=15195) to work on /home/vscode/.local/lib/python3.10/site-packages/airflow/example_dags/example_dynamic_task_mapping_with_no_taskflow_operators.py
[2024-09-12T06:58:53.166+0000] {processor.py:826} INFO - Processing file /home/vscode/.local/lib/python3.10/site-packages/airflow/example_dags/example_dynamic_task_mapping_with_no_taskflow_operators.py for tasks to queue
[2024-09-12T06:58:53.166+0000] {logging_mixin.py:150} INFO - [2024-09-12T06:58:53.166+0000] {dagbag.py:541} INFO - Filling up the DagBag from /home/vscode/.local/lib/python3.10/site-packages/airflow/example_dags/example_dynamic_task_mapping_with_no_taskflow_operators.py
[2024-09-12T06:58:53.175+0000] {processor.py:836} INFO - DAG(s) dict_keys(['example_dynamic_task_mapping_with_no_taskflow_operators']) retrieved from /home/vscode/.local/lib/python3.10/site-packages/airflow/example_dags/example_dynamic_task_mapping_with_no_taskflow_operators.py
[2024-09-12T06:58:53.190+0000] {logging_mixin.py:150} INFO - [2024-09-12T06:58:53.190+0000] {dag.py:2742} INFO - Sync 1 DAGs
[2024-09-12T06:58:53.209+0000] {logging_mixin.py:150} INFO - [2024-09-12T06:58:53.209+0000] {dag.py:3504} INFO - Setting next_dagrun for example_dynamic_task_mapping_with_no_taskflow_operators to 2024-09-11T06:58:53.209380+00:00, run_after=2024-09-12T06:58:53.209380+00:00
[2024-09-12T06:58:53.252+0000] {processor.py:179} INFO - Processing /home/vscode/.local/lib/python3.10/site-packages/airflow/example_dags/example_dynamic_task_mapping_with_no_taskflow_operators.py took 0.091 seconds
[2024-09-12T06:59:36.483+0000] {processor.py:157} INFO - Started process (PID=15483) to work on /home/vscode/.local/lib/python3.10/site-packages/airflow/example_dags/example_dynamic_task_mapping_with_no_taskflow_operators.py
[2024-09-12T06:59:36.484+0000] {processor.py:826} INFO - Processing file /home/vscode/.local/lib/python3.10/site-packages/airflow/example_dags/example_dynamic_task_mapping_with_no_taskflow_operators.py for tasks to queue
[2024-09-12T06:59:36.484+0000] {logging_mixin.py:150} INFO - [2024-09-12T06:59:36.484+0000] {dagbag.py:541} INFO - Filling up the DagBag from /home/vscode/.local/lib/python3.10/site-packages/airflow/example_dags/example_dynamic_task_mapping_with_no_taskflow_operators.py
[2024-09-12T06:59:36.490+0000] {processor.py:836} INFO - DAG(s) dict_keys(['example_dynamic_task_mapping_with_no_taskflow_operators']) retrieved from /home/vscode/.local/lib/python3.10/site-packages/airflow/example_dags/example_dynamic_task_mapping_with_no_taskflow_operators.py
[2024-09-12T06:59:36.500+0000] {logging_mixin.py:150} INFO - [2024-09-12T06:59:36.500+0000] {dag.py:2742} INFO - Sync 1 DAGs
[2024-09-12T06:59:36.514+0000] {logging_mixin.py:150} INFO - [2024-09-12T06:59:36.514+0000] {dag.py:3504} INFO - Setting next_dagrun for example_dynamic_task_mapping_with_no_taskflow_operators to 2024-09-11T06:59:36.514191+00:00, run_after=2024-09-12T06:59:36.514191+00:00
[2024-09-12T06:59:36.547+0000] {processor.py:179} INFO - Processing /home/vscode/.local/lib/python3.10/site-packages/airflow/example_dags/example_dynamic_task_mapping_with_no_taskflow_operators.py took 0.066 seconds
[2024-09-12T07:00:20.339+0000] {processor.py:157} INFO - Started process (PID=15783) to work on /home/vscode/.local/lib/python3.10/site-packages/airflow/example_dags/example_dynamic_task_mapping_with_no_taskflow_operators.py
[2024-09-12T07:00:20.340+0000] {processor.py:826} INFO - Processing file /home/vscode/.local/lib/python3.10/site-packages/airflow/example_dags/example_dynamic_task_mapping_with_no_taskflow_operators.py for tasks to queue
[2024-09-12T07:00:20.340+0000] {logging_mixin.py:150} INFO - [2024-09-12T07:00:20.340+0000] {dagbag.py:541} INFO - Filling up the DagBag from /home/vscode/.local/lib/python3.10/site-packages/airflow/example_dags/example_dynamic_task_mapping_with_no_taskflow_operators.py
[2024-09-12T07:00:20.346+0000] {processor.py:836} INFO - DAG(s) dict_keys(['example_dynamic_task_mapping_with_no_taskflow_operators']) retrieved from /home/vscode/.local/lib/python3.10/site-packages/airflow/example_dags/example_dynamic_task_mapping_with_no_taskflow_operators.py
[2024-09-12T07:00:20.356+0000] {logging_mixin.py:150} INFO - [2024-09-12T07:00:20.356+0000] {dag.py:2742} INFO - Sync 1 DAGs
[2024-09-12T07:00:20.369+0000] {logging_mixin.py:150} INFO - [2024-09-12T07:00:20.369+0000] {dag.py:3504} INFO - Setting next_dagrun for example_dynamic_task_mapping_with_no_taskflow_operators to 2024-09-11T07:00:20.369626+00:00, run_after=2024-09-12T07:00:20.369626+00:00
[2024-09-12T07:00:20.412+0000] {processor.py:179} INFO - Processing /home/vscode/.local/lib/python3.10/site-packages/airflow/example_dags/example_dynamic_task_mapping_with_no_taskflow_operators.py took 0.075 seconds
[2024-09-12T07:01:06.520+0000] {processor.py:157} INFO - Started process (PID=16088) to work on /home/vscode/.local/lib/python3.10/site-packages/airflow/example_dags/example_dynamic_task_mapping_with_no_taskflow_operators.py
[2024-09-12T07:01:06.521+0000] {processor.py:826} INFO - Processing file /home/vscode/.local/lib/python3.10/site-packages/airflow/example_dags/example_dynamic_task_mapping_with_no_taskflow_operators.py for tasks to queue
[2024-09-12T07:01:06.522+0000] {logging_mixin.py:150} INFO - [2024-09-12T07:01:06.521+0000] {dagbag.py:541} INFO - Filling up the DagBag from /home/vscode/.local/lib/python3.10/site-packages/airflow/example_dags/example_dynamic_task_mapping_with_no_taskflow_operators.py
[2024-09-12T07:01:06.527+0000] {processor.py:836} INFO - DAG(s) dict_keys(['example_dynamic_task_mapping_with_no_taskflow_operators']) retrieved from /home/vscode/.local/lib/python3.10/site-packages/airflow/example_dags/example_dynamic_task_mapping_with_no_taskflow_operators.py
[2024-09-12T07:01:06.537+0000] {logging_mixin.py:150} INFO - [2024-09-12T07:01:06.537+0000] {dag.py:2742} INFO - Sync 1 DAGs
[2024-09-12T07:01:06.551+0000] {logging_mixin.py:150} INFO - [2024-09-12T07:01:06.551+0000] {dag.py:3504} INFO - Setting next_dagrun for example_dynamic_task_mapping_with_no_taskflow_operators to 2024-09-11T07:01:06.551154+00:00, run_after=2024-09-12T07:01:06.551154+00:00
[2024-09-12T07:01:06.584+0000] {processor.py:179} INFO - Processing /home/vscode/.local/lib/python3.10/site-packages/airflow/example_dags/example_dynamic_task_mapping_with_no_taskflow_operators.py took 0.066 seconds
[2024-09-12T07:01:49.452+0000] {processor.py:157} INFO - Started process (PID=16386) to work on /home/vscode/.local/lib/python3.10/site-packages/airflow/example_dags/example_dynamic_task_mapping_with_no_taskflow_operators.py
[2024-09-12T07:01:49.452+0000] {processor.py:826} INFO - Processing file /home/vscode/.local/lib/python3.10/site-packages/airflow/example_dags/example_dynamic_task_mapping_with_no_taskflow_operators.py for tasks to queue
[2024-09-12T07:01:49.453+0000] {logging_mixin.py:150} INFO - [2024-09-12T07:01:49.453+0000] {dagbag.py:541} INFO - Filling up the DagBag from /home/vscode/.local/lib/python3.10/site-packages/airflow/example_dags/example_dynamic_task_mapping_with_no_taskflow_operators.py
[2024-09-12T07:01:49.458+0000] {processor.py:836} INFO - DAG(s) dict_keys(['example_dynamic_task_mapping_with_no_taskflow_operators']) retrieved from /home/vscode/.local/lib/python3.10/site-packages/airflow/example_dags/example_dynamic_task_mapping_with_no_taskflow_operators.py
[2024-09-12T07:01:49.470+0000] {logging_mixin.py:150} INFO - [2024-09-12T07:01:49.470+0000] {dag.py:2742} INFO - Sync 1 DAGs
[2024-09-12T07:01:49.490+0000] {logging_mixin.py:150} INFO - [2024-09-12T07:01:49.490+0000] {dag.py:3504} INFO - Setting next_dagrun for example_dynamic_task_mapping_with_no_taskflow_operators to 2024-09-11T07:01:49.490473+00:00, run_after=2024-09-12T07:01:49.490473+00:00
[2024-09-12T07:01:49.528+0000] {processor.py:179} INFO - Processing /home/vscode/.local/lib/python3.10/site-packages/airflow/example_dags/example_dynamic_task_mapping_with_no_taskflow_operators.py took 0.078 seconds
[2024-09-12T07:02:29.641+0000] {processor.py:157} INFO - Started process (PID=16656) to work on /home/vscode/.local/lib/python3.10/site-packages/airflow/example_dags/example_dynamic_task_mapping_with_no_taskflow_operators.py
[2024-09-12T07:02:29.642+0000] {processor.py:826} INFO - Processing file /home/vscode/.local/lib/python3.10/site-packages/airflow/example_dags/example_dynamic_task_mapping_with_no_taskflow_operators.py for tasks to queue
[2024-09-12T07:02:29.643+0000] {logging_mixin.py:150} INFO - [2024-09-12T07:02:29.642+0000] {dagbag.py:541} INFO - Filling up the DagBag from /home/vscode/.local/lib/python3.10/site-packages/airflow/example_dags/example_dynamic_task_mapping_with_no_taskflow_operators.py
[2024-09-12T07:02:29.648+0000] {processor.py:836} INFO - DAG(s) dict_keys(['example_dynamic_task_mapping_with_no_taskflow_operators']) retrieved from /home/vscode/.local/lib/python3.10/site-packages/airflow/example_dags/example_dynamic_task_mapping_with_no_taskflow_operators.py
[2024-09-12T07:02:29.658+0000] {logging_mixin.py:150} INFO - [2024-09-12T07:02:29.658+0000] {dag.py:2742} INFO - Sync 1 DAGs
[2024-09-12T07:02:29.672+0000] {logging_mixin.py:150} INFO - [2024-09-12T07:02:29.672+0000] {dag.py:3504} INFO - Setting next_dagrun for example_dynamic_task_mapping_with_no_taskflow_operators to 2024-09-11T07:02:29.672137+00:00, run_after=2024-09-12T07:02:29.672137+00:00
[2024-09-12T07:02:29.703+0000] {processor.py:179} INFO - Processing /home/vscode/.local/lib/python3.10/site-packages/airflow/example_dags/example_dynamic_task_mapping_with_no_taskflow_operators.py took 0.064 seconds
[2024-09-12T07:03:16.873+0000] {processor.py:157} INFO - Started process (PID=16968) to work on /home/vscode/.local/lib/python3.10/site-packages/airflow/example_dags/example_dynamic_task_mapping_with_no_taskflow_operators.py
[2024-09-12T07:03:16.873+0000] {processor.py:826} INFO - Processing file /home/vscode/.local/lib/python3.10/site-packages/airflow/example_dags/example_dynamic_task_mapping_with_no_taskflow_operators.py for tasks to queue
[2024-09-12T07:03:16.874+0000] {logging_mixin.py:150} INFO - [2024-09-12T07:03:16.874+0000] {dagbag.py:541} INFO - Filling up the DagBag from /home/vscode/.local/lib/python3.10/site-packages/airflow/example_dags/example_dynamic_task_mapping_with_no_taskflow_operators.py
[2024-09-12T07:03:16.879+0000] {processor.py:836} INFO - DAG(s) dict_keys(['example_dynamic_task_mapping_with_no_taskflow_operators']) retrieved from /home/vscode/.local/lib/python3.10/site-packages/airflow/example_dags/example_dynamic_task_mapping_with_no_taskflow_operators.py
[2024-09-12T07:03:16.890+0000] {logging_mixin.py:150} INFO - [2024-09-12T07:03:16.890+0000] {dag.py:2742} INFO - Sync 1 DAGs
[2024-09-12T07:03:16.903+0000] {logging_mixin.py:150} INFO - [2024-09-12T07:03:16.903+0000] {dag.py:3504} INFO - Setting next_dagrun for example_dynamic_task_mapping_with_no_taskflow_operators to 2024-09-11T07:03:16.903720+00:00, run_after=2024-09-12T07:03:16.903720+00:00
[2024-09-12T07:03:16.935+0000] {processor.py:179} INFO - Processing /home/vscode/.local/lib/python3.10/site-packages/airflow/example_dags/example_dynamic_task_mapping_with_no_taskflow_operators.py took 0.064 seconds
[2024-09-12T07:04:07.416+0000] {processor.py:157} INFO - Started process (PID=17364) to work on /home/vscode/.local/lib/python3.10/site-packages/airflow/example_dags/example_dynamic_task_mapping_with_no_taskflow_operators.py
[2024-09-12T07:04:07.417+0000] {processor.py:826} INFO - Processing file /home/vscode/.local/lib/python3.10/site-packages/airflow/example_dags/example_dynamic_task_mapping_with_no_taskflow_operators.py for tasks to queue
[2024-09-12T07:04:07.417+0000] {logging_mixin.py:150} INFO - [2024-09-12T07:04:07.417+0000] {dagbag.py:541} INFO - Filling up the DagBag from /home/vscode/.local/lib/python3.10/site-packages/airflow/example_dags/example_dynamic_task_mapping_with_no_taskflow_operators.py
[2024-09-12T07:04:07.423+0000] {processor.py:836} INFO - DAG(s) dict_keys(['example_dynamic_task_mapping_with_no_taskflow_operators']) retrieved from /home/vscode/.local/lib/python3.10/site-packages/airflow/example_dags/example_dynamic_task_mapping_with_no_taskflow_operators.py
[2024-09-12T07:04:07.435+0000] {logging_mixin.py:150} INFO - [2024-09-12T07:04:07.435+0000] {dag.py:2742} INFO - Sync 1 DAGs
[2024-09-12T07:04:07.451+0000] {logging_mixin.py:150} INFO - [2024-09-12T07:04:07.451+0000] {dag.py:3504} INFO - Setting next_dagrun for example_dynamic_task_mapping_with_no_taskflow_operators to 2024-09-11T07:04:07.451341+00:00, run_after=2024-09-12T07:04:07.451341+00:00
[2024-09-12T07:04:07.497+0000] {processor.py:179} INFO - Processing /home/vscode/.local/lib/python3.10/site-packages/airflow/example_dags/example_dynamic_task_mapping_with_no_taskflow_operators.py took 0.083 seconds
[2024-09-12T07:04:51.756+0000] {processor.py:157} INFO - Started process (PID=17697) to work on /home/vscode/.local/lib/python3.10/site-packages/airflow/example_dags/example_dynamic_task_mapping_with_no_taskflow_operators.py
[2024-09-12T07:04:51.757+0000] {processor.py:826} INFO - Processing file /home/vscode/.local/lib/python3.10/site-packages/airflow/example_dags/example_dynamic_task_mapping_with_no_taskflow_operators.py for tasks to queue
[2024-09-12T07:04:51.757+0000] {logging_mixin.py:150} INFO - [2024-09-12T07:04:51.757+0000] {dagbag.py:541} INFO - Filling up the DagBag from /home/vscode/.local/lib/python3.10/site-packages/airflow/example_dags/example_dynamic_task_mapping_with_no_taskflow_operators.py
[2024-09-12T07:04:51.762+0000] {processor.py:836} INFO - DAG(s) dict_keys(['example_dynamic_task_mapping_with_no_taskflow_operators']) retrieved from /home/vscode/.local/lib/python3.10/site-packages/airflow/example_dags/example_dynamic_task_mapping_with_no_taskflow_operators.py
[2024-09-12T07:04:51.772+0000] {logging_mixin.py:150} INFO - [2024-09-12T07:04:51.772+0000] {dag.py:2742} INFO - Sync 1 DAGs
[2024-09-12T07:04:51.786+0000] {logging_mixin.py:150} INFO - [2024-09-12T07:04:51.786+0000] {dag.py:3504} INFO - Setting next_dagrun for example_dynamic_task_mapping_with_no_taskflow_operators to 2024-09-11T07:04:51.785997+00:00, run_after=2024-09-12T07:04:51.785997+00:00
[2024-09-12T07:04:51.903+0000] {processor.py:179} INFO - Processing /home/vscode/.local/lib/python3.10/site-packages/airflow/example_dags/example_dynamic_task_mapping_with_no_taskflow_operators.py took 0.149 seconds
[2024-09-12T07:05:38.378+0000] {processor.py:157} INFO - Started process (PID=18123) to work on /home/vscode/.local/lib/python3.10/site-packages/airflow/example_dags/example_dynamic_task_mapping_with_no_taskflow_operators.py
[2024-09-12T07:05:38.378+0000] {processor.py:826} INFO - Processing file /home/vscode/.local/lib/python3.10/site-packages/airflow/example_dags/example_dynamic_task_mapping_with_no_taskflow_operators.py for tasks to queue
[2024-09-12T07:05:38.379+0000] {logging_mixin.py:150} INFO - [2024-09-12T07:05:38.379+0000] {dagbag.py:541} INFO - Filling up the DagBag from /home/vscode/.local/lib/python3.10/site-packages/airflow/example_dags/example_dynamic_task_mapping_with_no_taskflow_operators.py
[2024-09-12T07:05:38.384+0000] {processor.py:836} INFO - DAG(s) dict_keys(['example_dynamic_task_mapping_with_no_taskflow_operators']) retrieved from /home/vscode/.local/lib/python3.10/site-packages/airflow/example_dags/example_dynamic_task_mapping_with_no_taskflow_operators.py
[2024-09-12T07:05:38.395+0000] {logging_mixin.py:150} INFO - [2024-09-12T07:05:38.395+0000] {dag.py:2742} INFO - Sync 1 DAGs
[2024-09-12T07:05:38.408+0000] {logging_mixin.py:150} INFO - [2024-09-12T07:05:38.408+0000] {dag.py:3504} INFO - Setting next_dagrun for example_dynamic_task_mapping_with_no_taskflow_operators to 2024-09-11T07:05:38.408737+00:00, run_after=2024-09-12T07:05:38.408737+00:00
[2024-09-12T07:05:38.447+0000] {processor.py:179} INFO - Processing /home/vscode/.local/lib/python3.10/site-packages/airflow/example_dags/example_dynamic_task_mapping_with_no_taskflow_operators.py took 0.071 seconds
[2024-09-12T07:06:22.385+0000] {processor.py:157} INFO - Started process (PID=18482) to work on /home/vscode/.local/lib/python3.10/site-packages/airflow/example_dags/example_dynamic_task_mapping_with_no_taskflow_operators.py
[2024-09-12T07:06:22.386+0000] {processor.py:826} INFO - Processing file /home/vscode/.local/lib/python3.10/site-packages/airflow/example_dags/example_dynamic_task_mapping_with_no_taskflow_operators.py for tasks to queue
[2024-09-12T07:06:22.387+0000] {logging_mixin.py:150} INFO - [2024-09-12T07:06:22.386+0000] {dagbag.py:541} INFO - Filling up the DagBag from /home/vscode/.local/lib/python3.10/site-packages/airflow/example_dags/example_dynamic_task_mapping_with_no_taskflow_operators.py
[2024-09-12T07:06:22.392+0000] {processor.py:836} INFO - DAG(s) dict_keys(['example_dynamic_task_mapping_with_no_taskflow_operators']) retrieved from /home/vscode/.local/lib/python3.10/site-packages/airflow/example_dags/example_dynamic_task_mapping_with_no_taskflow_operators.py
[2024-09-12T07:06:22.403+0000] {logging_mixin.py:150} INFO - [2024-09-12T07:06:22.403+0000] {dag.py:2742} INFO - Sync 1 DAGs
[2024-09-12T07:06:22.416+0000] {logging_mixin.py:150} INFO - [2024-09-12T07:06:22.416+0000] {dag.py:3504} INFO - Setting next_dagrun for example_dynamic_task_mapping_with_no_taskflow_operators to 2024-09-11T07:06:22.416647+00:00, run_after=2024-09-12T07:06:22.416647+00:00
[2024-09-12T07:06:22.464+0000] {processor.py:179} INFO - Processing /home/vscode/.local/lib/python3.10/site-packages/airflow/example_dags/example_dynamic_task_mapping_with_no_taskflow_operators.py took 0.081 seconds
[2024-09-12T07:07:06.541+0000] {processor.py:157} INFO - Started process (PID=18789) to work on /home/vscode/.local/lib/python3.10/site-packages/airflow/example_dags/example_dynamic_task_mapping_with_no_taskflow_operators.py
[2024-09-12T07:07:06.542+0000] {processor.py:826} INFO - Processing file /home/vscode/.local/lib/python3.10/site-packages/airflow/example_dags/example_dynamic_task_mapping_with_no_taskflow_operators.py for tasks to queue
[2024-09-12T07:07:06.542+0000] {logging_mixin.py:150} INFO - [2024-09-12T07:07:06.542+0000] {dagbag.py:541} INFO - Filling up the DagBag from /home/vscode/.local/lib/python3.10/site-packages/airflow/example_dags/example_dynamic_task_mapping_with_no_taskflow_operators.py
[2024-09-12T07:07:06.549+0000] {processor.py:836} INFO - DAG(s) dict_keys(['example_dynamic_task_mapping_with_no_taskflow_operators']) retrieved from /home/vscode/.local/lib/python3.10/site-packages/airflow/example_dags/example_dynamic_task_mapping_with_no_taskflow_operators.py
[2024-09-12T07:07:06.560+0000] {logging_mixin.py:150} INFO - [2024-09-12T07:07:06.560+0000] {dag.py:2742} INFO - Sync 1 DAGs
[2024-09-12T07:07:06.574+0000] {logging_mixin.py:150} INFO - [2024-09-12T07:07:06.573+0000] {dag.py:3504} INFO - Setting next_dagrun for example_dynamic_task_mapping_with_no_taskflow_operators to 2024-09-11T07:07:06.573810+00:00, run_after=2024-09-12T07:07:06.573810+00:00
[2024-09-12T07:07:06.612+0000] {processor.py:179} INFO - Processing /home/vscode/.local/lib/python3.10/site-packages/airflow/example_dags/example_dynamic_task_mapping_with_no_taskflow_operators.py took 0.073 seconds
[2024-09-12T07:07:51.461+0000] {processor.py:157} INFO - Started process (PID=19093) to work on /home/vscode/.local/lib/python3.10/site-packages/airflow/example_dags/example_dynamic_task_mapping_with_no_taskflow_operators.py
[2024-09-12T07:07:51.462+0000] {processor.py:826} INFO - Processing file /home/vscode/.local/lib/python3.10/site-packages/airflow/example_dags/example_dynamic_task_mapping_with_no_taskflow_operators.py for tasks to queue
[2024-09-12T07:07:51.463+0000] {logging_mixin.py:150} INFO - [2024-09-12T07:07:51.462+0000] {dagbag.py:541} INFO - Filling up the DagBag from /home/vscode/.local/lib/python3.10/site-packages/airflow/example_dags/example_dynamic_task_mapping_with_no_taskflow_operators.py
[2024-09-12T07:07:51.468+0000] {processor.py:836} INFO - DAG(s) dict_keys(['example_dynamic_task_mapping_with_no_taskflow_operators']) retrieved from /home/vscode/.local/lib/python3.10/site-packages/airflow/example_dags/example_dynamic_task_mapping_with_no_taskflow_operators.py
[2024-09-12T07:07:51.478+0000] {logging_mixin.py:150} INFO - [2024-09-12T07:07:51.478+0000] {dag.py:2742} INFO - Sync 1 DAGs
[2024-09-12T07:07:51.492+0000] {logging_mixin.py:150} INFO - [2024-09-12T07:07:51.492+0000] {dag.py:3504} INFO - Setting next_dagrun for example_dynamic_task_mapping_with_no_taskflow_operators to 2024-09-11T07:07:51.491963+00:00, run_after=2024-09-12T07:07:51.491963+00:00
[2024-09-12T07:07:51.545+0000] {processor.py:179} INFO - Processing /home/vscode/.local/lib/python3.10/site-packages/airflow/example_dags/example_dynamic_task_mapping_with_no_taskflow_operators.py took 0.086 seconds
[2024-09-12T07:08:34.218+0000] {processor.py:157} INFO - Started process (PID=19434) to work on /home/vscode/.local/lib/python3.10/site-packages/airflow/example_dags/example_dynamic_task_mapping_with_no_taskflow_operators.py
[2024-09-12T07:08:34.219+0000] {processor.py:826} INFO - Processing file /home/vscode/.local/lib/python3.10/site-packages/airflow/example_dags/example_dynamic_task_mapping_with_no_taskflow_operators.py for tasks to queue
[2024-09-12T07:08:34.219+0000] {logging_mixin.py:150} INFO - [2024-09-12T07:08:34.219+0000] {dagbag.py:541} INFO - Filling up the DagBag from /home/vscode/.local/lib/python3.10/site-packages/airflow/example_dags/example_dynamic_task_mapping_with_no_taskflow_operators.py
[2024-09-12T07:08:34.224+0000] {processor.py:836} INFO - DAG(s) dict_keys(['example_dynamic_task_mapping_with_no_taskflow_operators']) retrieved from /home/vscode/.local/lib/python3.10/site-packages/airflow/example_dags/example_dynamic_task_mapping_with_no_taskflow_operators.py
[2024-09-12T07:08:34.235+0000] {logging_mixin.py:150} INFO - [2024-09-12T07:08:34.235+0000] {dag.py:2742} INFO - Sync 1 DAGs
[2024-09-12T07:08:34.248+0000] {logging_mixin.py:150} INFO - [2024-09-12T07:08:34.248+0000] {dag.py:3504} INFO - Setting next_dagrun for example_dynamic_task_mapping_with_no_taskflow_operators to 2024-09-11T07:08:34.248637+00:00, run_after=2024-09-12T07:08:34.248637+00:00
[2024-09-12T07:08:34.288+0000] {processor.py:179} INFO - Processing /home/vscode/.local/lib/python3.10/site-packages/airflow/example_dags/example_dynamic_task_mapping_with_no_taskflow_operators.py took 0.072 seconds
[2024-09-12T07:09:20.659+0000] {processor.py:157} INFO - Started process (PID=19806) to work on /home/vscode/.local/lib/python3.10/site-packages/airflow/example_dags/example_dynamic_task_mapping_with_no_taskflow_operators.py
[2024-09-12T07:09:20.659+0000] {processor.py:826} INFO - Processing file /home/vscode/.local/lib/python3.10/site-packages/airflow/example_dags/example_dynamic_task_mapping_with_no_taskflow_operators.py for tasks to queue
[2024-09-12T07:09:20.660+0000] {logging_mixin.py:150} INFO - [2024-09-12T07:09:20.660+0000] {dagbag.py:541} INFO - Filling up the DagBag from /home/vscode/.local/lib/python3.10/site-packages/airflow/example_dags/example_dynamic_task_mapping_with_no_taskflow_operators.py
[2024-09-12T07:09:20.666+0000] {processor.py:836} INFO - DAG(s) dict_keys(['example_dynamic_task_mapping_with_no_taskflow_operators']) retrieved from /home/vscode/.local/lib/python3.10/site-packages/airflow/example_dags/example_dynamic_task_mapping_with_no_taskflow_operators.py
[2024-09-12T07:09:20.676+0000] {logging_mixin.py:150} INFO - [2024-09-12T07:09:20.676+0000] {dag.py:2742} INFO - Sync 1 DAGs
[2024-09-12T07:09:20.690+0000] {logging_mixin.py:150} INFO - [2024-09-12T07:09:20.690+0000] {dag.py:3504} INFO - Setting next_dagrun for example_dynamic_task_mapping_with_no_taskflow_operators to 2024-09-11T07:09:20.689974+00:00, run_after=2024-09-12T07:09:20.689974+00:00
[2024-09-12T07:09:20.728+0000] {processor.py:179} INFO - Processing /home/vscode/.local/lib/python3.10/site-packages/airflow/example_dags/example_dynamic_task_mapping_with_no_taskflow_operators.py took 0.072 seconds
[2024-09-12T07:10:05.596+0000] {processor.py:157} INFO - Started process (PID=20135) to work on /home/vscode/.local/lib/python3.10/site-packages/airflow/example_dags/example_dynamic_task_mapping_with_no_taskflow_operators.py
[2024-09-12T07:10:05.596+0000] {processor.py:826} INFO - Processing file /home/vscode/.local/lib/python3.10/site-packages/airflow/example_dags/example_dynamic_task_mapping_with_no_taskflow_operators.py for tasks to queue
[2024-09-12T07:10:05.597+0000] {logging_mixin.py:150} INFO - [2024-09-12T07:10:05.597+0000] {dagbag.py:541} INFO - Filling up the DagBag from /home/vscode/.local/lib/python3.10/site-packages/airflow/example_dags/example_dynamic_task_mapping_with_no_taskflow_operators.py
[2024-09-12T07:10:05.602+0000] {processor.py:836} INFO - DAG(s) dict_keys(['example_dynamic_task_mapping_with_no_taskflow_operators']) retrieved from /home/vscode/.local/lib/python3.10/site-packages/airflow/example_dags/example_dynamic_task_mapping_with_no_taskflow_operators.py
[2024-09-12T07:10:05.613+0000] {logging_mixin.py:150} INFO - [2024-09-12T07:10:05.613+0000] {dag.py:2742} INFO - Sync 1 DAGs
[2024-09-12T07:10:05.626+0000] {logging_mixin.py:150} INFO - [2024-09-12T07:10:05.626+0000] {dag.py:3504} INFO - Setting next_dagrun for example_dynamic_task_mapping_with_no_taskflow_operators to 2024-09-11T07:10:05.626677+00:00, run_after=2024-09-12T07:10:05.626677+00:00
[2024-09-12T07:10:05.664+0000] {processor.py:179} INFO - Processing /home/vscode/.local/lib/python3.10/site-packages/airflow/example_dags/example_dynamic_task_mapping_with_no_taskflow_operators.py took 0.070 seconds
