[2024-09-12T06:40:12.807+0000] {processor.py:157} INFO - Started process (PID=7661) to work on /home/vscode/.local/lib/python3.10/site-packages/airflow/example_dags/example_bash_operator.py
[2024-09-12T06:40:12.808+0000] {processor.py:826} INFO - Processing file /home/vscode/.local/lib/python3.10/site-packages/airflow/example_dags/example_bash_operator.py for tasks to queue
[2024-09-12T06:40:12.808+0000] {logging_mixin.py:150} INFO - [2024-09-12T06:40:12.808+0000] {dagbag.py:541} INFO - Filling up the DagBag from /home/vscode/.local/lib/python3.10/site-packages/airflow/example_dags/example_bash_operator.py
[2024-09-12T06:40:12.816+0000] {processor.py:836} INFO - DAG(s) dict_keys(['example_bash_operator']) retrieved from /home/vscode/.local/lib/python3.10/site-packages/airflow/example_dags/example_bash_operator.py
[2024-09-12T06:40:12.949+0000] {logging_mixin.py:150} INFO - [2024-09-12T06:40:12.949+0000] {manager.py:504} INFO - Created Permission View: can delete on DAG:example_bash_operator
[2024-09-12T06:40:12.974+0000] {logging_mixin.py:150} INFO - [2024-09-12T06:40:12.974+0000] {manager.py:504} INFO - Created Permission View: can read on DAG:example_bash_operator
[2024-09-12T06:40:12.991+0000] {logging_mixin.py:150} INFO - [2024-09-12T06:40:12.991+0000] {manager.py:504} INFO - Created Permission View: can edit on DAG:example_bash_operator
[2024-09-12T06:40:12.998+0000] {logging_mixin.py:150} INFO - [2024-09-12T06:40:12.998+0000] {dag.py:2742} INFO - Sync 1 DAGs
[2024-09-12T06:40:13.005+0000] {logging_mixin.py:150} INFO - [2024-09-12T06:40:13.005+0000] {dag.py:2763} INFO - Creating ORM DAG for example_bash_operator
[2024-09-12T06:40:13.013+0000] {logging_mixin.py:150} INFO - [2024-09-12T06:40:13.013+0000] {dag.py:3504} INFO - Setting next_dagrun for example_bash_operator to 2024-09-11T00:00:00+00:00, run_after=2024-09-12T00:00:00+00:00
[2024-09-12T06:40:13.056+0000] {processor.py:179} INFO - Processing /home/vscode/.local/lib/python3.10/site-packages/airflow/example_dags/example_bash_operator.py took 0.251 seconds
[2024-09-12T06:41:11.840+0000] {processor.py:157} INFO - Started process (PID=8056) to work on /home/vscode/.local/lib/python3.10/site-packages/airflow/example_dags/example_bash_operator.py
[2024-09-12T06:41:11.841+0000] {processor.py:826} INFO - Processing file /home/vscode/.local/lib/python3.10/site-packages/airflow/example_dags/example_bash_operator.py for tasks to queue
[2024-09-12T06:41:11.842+0000] {logging_mixin.py:150} INFO - [2024-09-12T06:41:11.841+0000] {dagbag.py:541} INFO - Filling up the DagBag from /home/vscode/.local/lib/python3.10/site-packages/airflow/example_dags/example_bash_operator.py
[2024-09-12T06:41:11.851+0000] {processor.py:836} INFO - DAG(s) dict_keys(['example_bash_operator']) retrieved from /home/vscode/.local/lib/python3.10/site-packages/airflow/example_dags/example_bash_operator.py
[2024-09-12T06:41:11.871+0000] {logging_mixin.py:150} INFO - [2024-09-12T06:41:11.871+0000] {dag.py:2742} INFO - Sync 1 DAGs
[2024-09-12T06:41:11.887+0000] {logging_mixin.py:150} INFO - [2024-09-12T06:41:11.886+0000] {dag.py:3504} INFO - Setting next_dagrun for example_bash_operator to 2024-09-11T00:00:00+00:00, run_after=2024-09-12T00:00:00+00:00
[2024-09-12T06:41:11.928+0000] {processor.py:179} INFO - Processing /home/vscode/.local/lib/python3.10/site-packages/airflow/example_dags/example_bash_operator.py took 0.090 seconds
[2024-09-12T06:42:07.759+0000] {processor.py:157} INFO - Started process (PID=8425) to work on /home/vscode/.local/lib/python3.10/site-packages/airflow/example_dags/example_bash_operator.py
[2024-09-12T06:42:07.760+0000] {processor.py:826} INFO - Processing file /home/vscode/.local/lib/python3.10/site-packages/airflow/example_dags/example_bash_operator.py for tasks to queue
[2024-09-12T06:42:07.761+0000] {logging_mixin.py:150} INFO - [2024-09-12T06:42:07.760+0000] {dagbag.py:541} INFO - Filling up the DagBag from /home/vscode/.local/lib/python3.10/site-packages/airflow/example_dags/example_bash_operator.py
[2024-09-12T06:42:07.769+0000] {processor.py:836} INFO - DAG(s) dict_keys(['example_bash_operator']) retrieved from /home/vscode/.local/lib/python3.10/site-packages/airflow/example_dags/example_bash_operator.py
[2024-09-12T06:42:07.786+0000] {logging_mixin.py:150} INFO - [2024-09-12T06:42:07.786+0000] {dag.py:2742} INFO - Sync 1 DAGs
[2024-09-12T06:42:07.801+0000] {logging_mixin.py:150} INFO - [2024-09-12T06:42:07.801+0000] {dag.py:3504} INFO - Setting next_dagrun for example_bash_operator to 2024-09-11T00:00:00+00:00, run_after=2024-09-12T00:00:00+00:00
[2024-09-12T06:42:07.832+0000] {processor.py:179} INFO - Processing /home/vscode/.local/lib/python3.10/site-packages/airflow/example_dags/example_bash_operator.py took 0.075 seconds
[2024-09-12T06:42:54.939+0000] {processor.py:157} INFO - Started process (PID=8747) to work on /home/vscode/.local/lib/python3.10/site-packages/airflow/example_dags/example_bash_operator.py
[2024-09-12T06:42:54.940+0000] {processor.py:826} INFO - Processing file /home/vscode/.local/lib/python3.10/site-packages/airflow/example_dags/example_bash_operator.py for tasks to queue
[2024-09-12T06:42:54.940+0000] {logging_mixin.py:150} INFO - [2024-09-12T06:42:54.940+0000] {dagbag.py:541} INFO - Filling up the DagBag from /home/vscode/.local/lib/python3.10/site-packages/airflow/example_dags/example_bash_operator.py
[2024-09-12T06:42:54.948+0000] {processor.py:836} INFO - DAG(s) dict_keys(['example_bash_operator']) retrieved from /home/vscode/.local/lib/python3.10/site-packages/airflow/example_dags/example_bash_operator.py
[2024-09-12T06:42:54.966+0000] {logging_mixin.py:150} INFO - [2024-09-12T06:42:54.966+0000] {dag.py:2742} INFO - Sync 1 DAGs
[2024-09-12T06:42:54.981+0000] {logging_mixin.py:150} INFO - [2024-09-12T06:42:54.981+0000] {dag.py:3504} INFO - Setting next_dagrun for example_bash_operator to 2024-09-11T00:00:00+00:00, run_after=2024-09-12T00:00:00+00:00
[2024-09-12T06:42:55.012+0000] {processor.py:179} INFO - Processing /home/vscode/.local/lib/python3.10/site-packages/airflow/example_dags/example_bash_operator.py took 0.075 seconds
[2024-09-12T06:43:51.693+0000] {processor.py:157} INFO - Started process (PID=9138) to work on /home/vscode/.local/lib/python3.10/site-packages/airflow/example_dags/example_bash_operator.py
[2024-09-12T06:43:51.694+0000] {processor.py:826} INFO - Processing file /home/vscode/.local/lib/python3.10/site-packages/airflow/example_dags/example_bash_operator.py for tasks to queue
[2024-09-12T06:43:51.694+0000] {logging_mixin.py:150} INFO - [2024-09-12T06:43:51.694+0000] {dagbag.py:541} INFO - Filling up the DagBag from /home/vscode/.local/lib/python3.10/site-packages/airflow/example_dags/example_bash_operator.py
[2024-09-12T06:43:51.702+0000] {processor.py:836} INFO - DAG(s) dict_keys(['example_bash_operator']) retrieved from /home/vscode/.local/lib/python3.10/site-packages/airflow/example_dags/example_bash_operator.py
[2024-09-12T06:43:51.719+0000] {logging_mixin.py:150} INFO - [2024-09-12T06:43:51.719+0000] {dag.py:2742} INFO - Sync 1 DAGs
[2024-09-12T06:43:51.733+0000] {logging_mixin.py:150} INFO - [2024-09-12T06:43:51.733+0000] {dag.py:3504} INFO - Setting next_dagrun for example_bash_operator to 2024-09-11T00:00:00+00:00, run_after=2024-09-12T00:00:00+00:00
[2024-09-12T06:43:51.763+0000] {processor.py:179} INFO - Processing /home/vscode/.local/lib/python3.10/site-packages/airflow/example_dags/example_bash_operator.py took 0.072 seconds
[2024-09-12T06:44:45.678+0000] {processor.py:157} INFO - Started process (PID=9501) to work on /home/vscode/.local/lib/python3.10/site-packages/airflow/example_dags/example_bash_operator.py
[2024-09-12T06:44:45.679+0000] {processor.py:826} INFO - Processing file /home/vscode/.local/lib/python3.10/site-packages/airflow/example_dags/example_bash_operator.py for tasks to queue
[2024-09-12T06:44:45.680+0000] {logging_mixin.py:150} INFO - [2024-09-12T06:44:45.680+0000] {dagbag.py:541} INFO - Filling up the DagBag from /home/vscode/.local/lib/python3.10/site-packages/airflow/example_dags/example_bash_operator.py
[2024-09-12T06:44:45.692+0000] {processor.py:836} INFO - DAG(s) dict_keys(['example_bash_operator']) retrieved from /home/vscode/.local/lib/python3.10/site-packages/airflow/example_dags/example_bash_operator.py
[2024-09-12T06:44:45.710+0000] {logging_mixin.py:150} INFO - [2024-09-12T06:44:45.710+0000] {dag.py:2742} INFO - Sync 1 DAGs
[2024-09-12T06:44:45.725+0000] {logging_mixin.py:150} INFO - [2024-09-12T06:44:45.725+0000] {dag.py:3504} INFO - Setting next_dagrun for example_bash_operator to 2024-09-11T00:00:00+00:00, run_after=2024-09-12T00:00:00+00:00
[2024-09-12T06:44:45.756+0000] {processor.py:179} INFO - Processing /home/vscode/.local/lib/python3.10/site-packages/airflow/example_dags/example_bash_operator.py took 0.092 seconds
[2024-09-12T06:45:32.099+0000] {processor.py:157} INFO - Started process (PID=9807) to work on /home/vscode/.local/lib/python3.10/site-packages/airflow/example_dags/example_bash_operator.py
[2024-09-12T06:45:32.100+0000] {processor.py:826} INFO - Processing file /home/vscode/.local/lib/python3.10/site-packages/airflow/example_dags/example_bash_operator.py for tasks to queue
[2024-09-12T06:45:32.101+0000] {logging_mixin.py:150} INFO - [2024-09-12T06:45:32.100+0000] {dagbag.py:541} INFO - Filling up the DagBag from /home/vscode/.local/lib/python3.10/site-packages/airflow/example_dags/example_bash_operator.py
[2024-09-12T06:45:32.109+0000] {processor.py:836} INFO - DAG(s) dict_keys(['example_bash_operator']) retrieved from /home/vscode/.local/lib/python3.10/site-packages/airflow/example_dags/example_bash_operator.py
[2024-09-12T06:45:32.126+0000] {logging_mixin.py:150} INFO - [2024-09-12T06:45:32.126+0000] {dag.py:2742} INFO - Sync 1 DAGs
[2024-09-12T06:45:32.142+0000] {logging_mixin.py:150} INFO - [2024-09-12T06:45:32.142+0000] {dag.py:3504} INFO - Setting next_dagrun for example_bash_operator to 2024-09-11T00:00:00+00:00, run_after=2024-09-12T00:00:00+00:00
[2024-09-12T06:45:32.174+0000] {processor.py:179} INFO - Processing /home/vscode/.local/lib/python3.10/site-packages/airflow/example_dags/example_bash_operator.py took 0.077 seconds
[2024-09-12T06:46:17.551+0000] {processor.py:157} INFO - Started process (PID=10110) to work on /home/vscode/.local/lib/python3.10/site-packages/airflow/example_dags/example_bash_operator.py
[2024-09-12T06:46:17.551+0000] {processor.py:826} INFO - Processing file /home/vscode/.local/lib/python3.10/site-packages/airflow/example_dags/example_bash_operator.py for tasks to queue
[2024-09-12T06:46:17.552+0000] {logging_mixin.py:150} INFO - [2024-09-12T06:46:17.552+0000] {dagbag.py:541} INFO - Filling up the DagBag from /home/vscode/.local/lib/python3.10/site-packages/airflow/example_dags/example_bash_operator.py
[2024-09-12T06:46:17.560+0000] {processor.py:836} INFO - DAG(s) dict_keys(['example_bash_operator']) retrieved from /home/vscode/.local/lib/python3.10/site-packages/airflow/example_dags/example_bash_operator.py
[2024-09-12T06:46:17.578+0000] {logging_mixin.py:150} INFO - [2024-09-12T06:46:17.578+0000] {dag.py:2742} INFO - Sync 1 DAGs
[2024-09-12T06:46:17.593+0000] {logging_mixin.py:150} INFO - [2024-09-12T06:46:17.593+0000] {dag.py:3504} INFO - Setting next_dagrun for example_bash_operator to 2024-09-11T00:00:00+00:00, run_after=2024-09-12T00:00:00+00:00
[2024-09-12T06:46:17.640+0000] {processor.py:179} INFO - Processing /home/vscode/.local/lib/python3.10/site-packages/airflow/example_dags/example_bash_operator.py took 0.092 seconds
[2024-09-12T06:47:16.591+0000] {processor.py:157} INFO - Started process (PID=10507) to work on /home/vscode/.local/lib/python3.10/site-packages/airflow/example_dags/example_bash_operator.py
[2024-09-12T06:47:16.591+0000] {processor.py:826} INFO - Processing file /home/vscode/.local/lib/python3.10/site-packages/airflow/example_dags/example_bash_operator.py for tasks to queue
[2024-09-12T06:47:16.592+0000] {logging_mixin.py:150} INFO - [2024-09-12T06:47:16.592+0000] {dagbag.py:541} INFO - Filling up the DagBag from /home/vscode/.local/lib/python3.10/site-packages/airflow/example_dags/example_bash_operator.py
[2024-09-12T06:47:16.600+0000] {processor.py:836} INFO - DAG(s) dict_keys(['example_bash_operator']) retrieved from /home/vscode/.local/lib/python3.10/site-packages/airflow/example_dags/example_bash_operator.py
[2024-09-12T06:47:16.618+0000] {logging_mixin.py:150} INFO - [2024-09-12T06:47:16.618+0000] {dag.py:2742} INFO - Sync 1 DAGs
[2024-09-12T06:47:16.633+0000] {logging_mixin.py:150} INFO - [2024-09-12T06:47:16.633+0000] {dag.py:3504} INFO - Setting next_dagrun for example_bash_operator to 2024-09-11T00:00:00+00:00, run_after=2024-09-12T00:00:00+00:00
[2024-09-12T06:47:16.668+0000] {processor.py:179} INFO - Processing /home/vscode/.local/lib/python3.10/site-packages/airflow/example_dags/example_bash_operator.py took 0.079 seconds
[2024-09-12T06:48:03.401+0000] {processor.py:157} INFO - Started process (PID=10827) to work on /home/vscode/.local/lib/python3.10/site-packages/airflow/example_dags/example_bash_operator.py
[2024-09-12T06:48:03.401+0000] {processor.py:826} INFO - Processing file /home/vscode/.local/lib/python3.10/site-packages/airflow/example_dags/example_bash_operator.py for tasks to queue
[2024-09-12T06:48:03.402+0000] {logging_mixin.py:150} INFO - [2024-09-12T06:48:03.402+0000] {dagbag.py:541} INFO - Filling up the DagBag from /home/vscode/.local/lib/python3.10/site-packages/airflow/example_dags/example_bash_operator.py
[2024-09-12T06:48:03.413+0000] {processor.py:836} INFO - DAG(s) dict_keys(['example_bash_operator']) retrieved from /home/vscode/.local/lib/python3.10/site-packages/airflow/example_dags/example_bash_operator.py
[2024-09-12T06:48:03.437+0000] {logging_mixin.py:150} INFO - [2024-09-12T06:48:03.437+0000] {dag.py:2742} INFO - Sync 1 DAGs
[2024-09-12T06:48:03.452+0000] {logging_mixin.py:150} INFO - [2024-09-12T06:48:03.452+0000] {dag.py:3504} INFO - Setting next_dagrun for example_bash_operator to 2024-09-11T00:00:00+00:00, run_after=2024-09-12T00:00:00+00:00
[2024-09-12T06:48:03.483+0000] {processor.py:179} INFO - Processing /home/vscode/.local/lib/python3.10/site-packages/airflow/example_dags/example_bash_operator.py took 0.085 seconds
[2024-09-12T06:48:57.772+0000] {processor.py:157} INFO - Started process (PID=11185) to work on /home/vscode/.local/lib/python3.10/site-packages/airflow/example_dags/example_bash_operator.py
[2024-09-12T06:48:57.773+0000] {processor.py:826} INFO - Processing file /home/vscode/.local/lib/python3.10/site-packages/airflow/example_dags/example_bash_operator.py for tasks to queue
[2024-09-12T06:48:57.773+0000] {logging_mixin.py:150} INFO - [2024-09-12T06:48:57.773+0000] {dagbag.py:541} INFO - Filling up the DagBag from /home/vscode/.local/lib/python3.10/site-packages/airflow/example_dags/example_bash_operator.py
[2024-09-12T06:48:57.781+0000] {processor.py:836} INFO - DAG(s) dict_keys(['example_bash_operator']) retrieved from /home/vscode/.local/lib/python3.10/site-packages/airflow/example_dags/example_bash_operator.py
[2024-09-12T06:48:57.798+0000] {logging_mixin.py:150} INFO - [2024-09-12T06:48:57.798+0000] {dag.py:2742} INFO - Sync 1 DAGs
[2024-09-12T06:48:57.814+0000] {logging_mixin.py:150} INFO - [2024-09-12T06:48:57.814+0000] {dag.py:3504} INFO - Setting next_dagrun for example_bash_operator to 2024-09-11T00:00:00+00:00, run_after=2024-09-12T00:00:00+00:00
[2024-09-12T06:48:57.845+0000] {processor.py:179} INFO - Processing /home/vscode/.local/lib/python3.10/site-packages/airflow/example_dags/example_bash_operator.py took 0.075 seconds
[2024-09-12T06:49:41.523+0000] {processor.py:157} INFO - Started process (PID=11484) to work on /home/vscode/.local/lib/python3.10/site-packages/airflow/example_dags/example_bash_operator.py
[2024-09-12T06:49:41.524+0000] {processor.py:826} INFO - Processing file /home/vscode/.local/lib/python3.10/site-packages/airflow/example_dags/example_bash_operator.py for tasks to queue
[2024-09-12T06:49:41.525+0000] {logging_mixin.py:150} INFO - [2024-09-12T06:49:41.524+0000] {dagbag.py:541} INFO - Filling up the DagBag from /home/vscode/.local/lib/python3.10/site-packages/airflow/example_dags/example_bash_operator.py
[2024-09-12T06:49:41.537+0000] {processor.py:836} INFO - DAG(s) dict_keys(['example_bash_operator']) retrieved from /home/vscode/.local/lib/python3.10/site-packages/airflow/example_dags/example_bash_operator.py
[2024-09-12T06:49:41.562+0000] {logging_mixin.py:150} INFO - [2024-09-12T06:49:41.562+0000] {dag.py:2742} INFO - Sync 1 DAGs
[2024-09-12T06:49:41.576+0000] {logging_mixin.py:150} INFO - [2024-09-12T06:49:41.576+0000] {dag.py:3504} INFO - Setting next_dagrun for example_bash_operator to 2024-09-11T00:00:00+00:00, run_after=2024-09-12T00:00:00+00:00
[2024-09-12T06:49:41.619+0000] {processor.py:179} INFO - Processing /home/vscode/.local/lib/python3.10/site-packages/airflow/example_dags/example_bash_operator.py took 0.099 seconds
[2024-09-12T06:50:37.116+0000] {processor.py:157} INFO - Started process (PID=11862) to work on /home/vscode/.local/lib/python3.10/site-packages/airflow/example_dags/example_bash_operator.py
[2024-09-12T06:50:37.117+0000] {processor.py:826} INFO - Processing file /home/vscode/.local/lib/python3.10/site-packages/airflow/example_dags/example_bash_operator.py for tasks to queue
[2024-09-12T06:50:37.117+0000] {logging_mixin.py:150} INFO - [2024-09-12T06:50:37.117+0000] {dagbag.py:541} INFO - Filling up the DagBag from /home/vscode/.local/lib/python3.10/site-packages/airflow/example_dags/example_bash_operator.py
[2024-09-12T06:50:37.125+0000] {processor.py:836} INFO - DAG(s) dict_keys(['example_bash_operator']) retrieved from /home/vscode/.local/lib/python3.10/site-packages/airflow/example_dags/example_bash_operator.py
[2024-09-12T06:50:37.142+0000] {logging_mixin.py:150} INFO - [2024-09-12T06:50:37.142+0000] {dag.py:2742} INFO - Sync 1 DAGs
[2024-09-12T06:50:37.157+0000] {logging_mixin.py:150} INFO - [2024-09-12T06:50:37.157+0000] {dag.py:3504} INFO - Setting next_dagrun for example_bash_operator to 2024-09-11T00:00:00+00:00, run_after=2024-09-12T00:00:00+00:00
[2024-09-12T06:50:37.204+0000] {processor.py:179} INFO - Processing /home/vscode/.local/lib/python3.10/site-packages/airflow/example_dags/example_bash_operator.py took 0.090 seconds
[2024-09-12T06:51:23.514+0000] {processor.py:157} INFO - Started process (PID=12173) to work on /home/vscode/.local/lib/python3.10/site-packages/airflow/example_dags/example_bash_operator.py
[2024-09-12T06:51:23.515+0000] {processor.py:826} INFO - Processing file /home/vscode/.local/lib/python3.10/site-packages/airflow/example_dags/example_bash_operator.py for tasks to queue
[2024-09-12T06:51:23.515+0000] {logging_mixin.py:150} INFO - [2024-09-12T06:51:23.515+0000] {dagbag.py:541} INFO - Filling up the DagBag from /home/vscode/.local/lib/python3.10/site-packages/airflow/example_dags/example_bash_operator.py
[2024-09-12T06:51:23.523+0000] {processor.py:836} INFO - DAG(s) dict_keys(['example_bash_operator']) retrieved from /home/vscode/.local/lib/python3.10/site-packages/airflow/example_dags/example_bash_operator.py
[2024-09-12T06:51:23.541+0000] {logging_mixin.py:150} INFO - [2024-09-12T06:51:23.541+0000] {dag.py:2742} INFO - Sync 1 DAGs
[2024-09-12T06:51:23.555+0000] {logging_mixin.py:150} INFO - [2024-09-12T06:51:23.555+0000] {dag.py:3504} INFO - Setting next_dagrun for example_bash_operator to 2024-09-11T00:00:00+00:00, run_after=2024-09-12T00:00:00+00:00
[2024-09-12T06:51:23.587+0000] {processor.py:179} INFO - Processing /home/vscode/.local/lib/python3.10/site-packages/airflow/example_dags/example_bash_operator.py took 0.075 seconds
[2024-09-12T06:52:09.329+0000] {processor.py:157} INFO - Started process (PID=12477) to work on /home/vscode/.local/lib/python3.10/site-packages/airflow/example_dags/example_bash_operator.py
[2024-09-12T06:52:09.329+0000] {processor.py:826} INFO - Processing file /home/vscode/.local/lib/python3.10/site-packages/airflow/example_dags/example_bash_operator.py for tasks to queue
[2024-09-12T06:52:09.330+0000] {logging_mixin.py:150} INFO - [2024-09-12T06:52:09.330+0000] {dagbag.py:541} INFO - Filling up the DagBag from /home/vscode/.local/lib/python3.10/site-packages/airflow/example_dags/example_bash_operator.py
[2024-09-12T06:52:09.338+0000] {processor.py:836} INFO - DAG(s) dict_keys(['example_bash_operator']) retrieved from /home/vscode/.local/lib/python3.10/site-packages/airflow/example_dags/example_bash_operator.py
[2024-09-12T06:52:09.355+0000] {logging_mixin.py:150} INFO - [2024-09-12T06:52:09.355+0000] {dag.py:2742} INFO - Sync 1 DAGs
[2024-09-12T06:52:09.375+0000] {logging_mixin.py:150} INFO - [2024-09-12T06:52:09.375+0000] {dag.py:3504} INFO - Setting next_dagrun for example_bash_operator to 2024-09-11T00:00:00+00:00, run_after=2024-09-12T00:00:00+00:00
[2024-09-12T06:52:09.407+0000] {processor.py:179} INFO - Processing /home/vscode/.local/lib/python3.10/site-packages/airflow/example_dags/example_bash_operator.py took 0.080 seconds
[2024-09-12T06:52:55.972+0000] {processor.py:157} INFO - Started process (PID=12796) to work on /home/vscode/.local/lib/python3.10/site-packages/airflow/example_dags/example_bash_operator.py
[2024-09-12T06:52:55.972+0000] {processor.py:826} INFO - Processing file /home/vscode/.local/lib/python3.10/site-packages/airflow/example_dags/example_bash_operator.py for tasks to queue
[2024-09-12T06:52:55.973+0000] {logging_mixin.py:150} INFO - [2024-09-12T06:52:55.973+0000] {dagbag.py:541} INFO - Filling up the DagBag from /home/vscode/.local/lib/python3.10/site-packages/airflow/example_dags/example_bash_operator.py
[2024-09-12T06:52:55.981+0000] {processor.py:836} INFO - DAG(s) dict_keys(['example_bash_operator']) retrieved from /home/vscode/.local/lib/python3.10/site-packages/airflow/example_dags/example_bash_operator.py
[2024-09-12T06:52:55.998+0000] {logging_mixin.py:150} INFO - [2024-09-12T06:52:55.997+0000] {dag.py:2742} INFO - Sync 1 DAGs
[2024-09-12T06:52:56.014+0000] {logging_mixin.py:150} INFO - [2024-09-12T06:52:56.013+0000] {dag.py:3504} INFO - Setting next_dagrun for example_bash_operator to 2024-09-11T00:00:00+00:00, run_after=2024-09-12T00:00:00+00:00
[2024-09-12T06:52:56.057+0000] {processor.py:179} INFO - Processing /home/vscode/.local/lib/python3.10/site-packages/airflow/example_dags/example_bash_operator.py took 0.087 seconds
[2024-09-12T06:53:40.504+0000] {processor.py:157} INFO - Started process (PID=13094) to work on /home/vscode/.local/lib/python3.10/site-packages/airflow/example_dags/example_bash_operator.py
[2024-09-12T06:53:40.505+0000] {processor.py:826} INFO - Processing file /home/vscode/.local/lib/python3.10/site-packages/airflow/example_dags/example_bash_operator.py for tasks to queue
[2024-09-12T06:53:40.505+0000] {logging_mixin.py:150} INFO - [2024-09-12T06:53:40.505+0000] {dagbag.py:541} INFO - Filling up the DagBag from /home/vscode/.local/lib/python3.10/site-packages/airflow/example_dags/example_bash_operator.py
[2024-09-12T06:53:40.513+0000] {processor.py:836} INFO - DAG(s) dict_keys(['example_bash_operator']) retrieved from /home/vscode/.local/lib/python3.10/site-packages/airflow/example_dags/example_bash_operator.py
[2024-09-12T06:53:40.531+0000] {logging_mixin.py:150} INFO - [2024-09-12T06:53:40.531+0000] {dag.py:2742} INFO - Sync 1 DAGs
[2024-09-12T06:53:40.546+0000] {logging_mixin.py:150} INFO - [2024-09-12T06:53:40.546+0000] {dag.py:3504} INFO - Setting next_dagrun for example_bash_operator to 2024-09-11T00:00:00+00:00, run_after=2024-09-12T00:00:00+00:00
[2024-09-12T06:53:40.576+0000] {processor.py:179} INFO - Processing /home/vscode/.local/lib/python3.10/site-packages/airflow/example_dags/example_bash_operator.py took 0.074 seconds
[2024-09-12T06:54:26.736+0000] {processor.py:157} INFO - Started process (PID=13409) to work on /home/vscode/.local/lib/python3.10/site-packages/airflow/example_dags/example_bash_operator.py
[2024-09-12T06:54:26.737+0000] {processor.py:826} INFO - Processing file /home/vscode/.local/lib/python3.10/site-packages/airflow/example_dags/example_bash_operator.py for tasks to queue
[2024-09-12T06:54:26.737+0000] {logging_mixin.py:150} INFO - [2024-09-12T06:54:26.737+0000] {dagbag.py:541} INFO - Filling up the DagBag from /home/vscode/.local/lib/python3.10/site-packages/airflow/example_dags/example_bash_operator.py
[2024-09-12T06:54:26.745+0000] {processor.py:836} INFO - DAG(s) dict_keys(['example_bash_operator']) retrieved from /home/vscode/.local/lib/python3.10/site-packages/airflow/example_dags/example_bash_operator.py
[2024-09-12T06:54:26.762+0000] {logging_mixin.py:150} INFO - [2024-09-12T06:54:26.762+0000] {dag.py:2742} INFO - Sync 1 DAGs
[2024-09-12T06:54:26.783+0000] {logging_mixin.py:150} INFO - [2024-09-12T06:54:26.783+0000] {dag.py:3504} INFO - Setting next_dagrun for example_bash_operator to 2024-09-11T00:00:00+00:00, run_after=2024-09-12T00:00:00+00:00
[2024-09-12T06:54:26.829+0000] {processor.py:179} INFO - Processing /home/vscode/.local/lib/python3.10/site-packages/airflow/example_dags/example_bash_operator.py took 0.095 seconds
[2024-09-12T06:55:13.459+0000] {processor.py:157} INFO - Started process (PID=13714) to work on /home/vscode/.local/lib/python3.10/site-packages/airflow/example_dags/example_bash_operator.py
[2024-09-12T06:55:13.459+0000] {processor.py:826} INFO - Processing file /home/vscode/.local/lib/python3.10/site-packages/airflow/example_dags/example_bash_operator.py for tasks to queue
[2024-09-12T06:55:13.460+0000] {logging_mixin.py:150} INFO - [2024-09-12T06:55:13.460+0000] {dagbag.py:541} INFO - Filling up the DagBag from /home/vscode/.local/lib/python3.10/site-packages/airflow/example_dags/example_bash_operator.py
[2024-09-12T06:55:13.468+0000] {processor.py:836} INFO - DAG(s) dict_keys(['example_bash_operator']) retrieved from /home/vscode/.local/lib/python3.10/site-packages/airflow/example_dags/example_bash_operator.py
[2024-09-12T06:55:13.485+0000] {logging_mixin.py:150} INFO - [2024-09-12T06:55:13.485+0000] {dag.py:2742} INFO - Sync 1 DAGs
[2024-09-12T06:55:13.501+0000] {logging_mixin.py:150} INFO - [2024-09-12T06:55:13.501+0000] {dag.py:3504} INFO - Setting next_dagrun for example_bash_operator to 2024-09-11T00:00:00+00:00, run_after=2024-09-12T00:00:00+00:00
[2024-09-12T06:55:13.541+0000] {processor.py:179} INFO - Processing /home/vscode/.local/lib/python3.10/site-packages/airflow/example_dags/example_bash_operator.py took 0.084 seconds
[2024-09-12T06:56:15.128+0000] {processor.py:157} INFO - Started process (PID=14134) to work on /home/vscode/.local/lib/python3.10/site-packages/airflow/example_dags/example_bash_operator.py
[2024-09-12T06:56:15.129+0000] {processor.py:826} INFO - Processing file /home/vscode/.local/lib/python3.10/site-packages/airflow/example_dags/example_bash_operator.py for tasks to queue
[2024-09-12T06:56:15.129+0000] {logging_mixin.py:150} INFO - [2024-09-12T06:56:15.129+0000] {dagbag.py:541} INFO - Filling up the DagBag from /home/vscode/.local/lib/python3.10/site-packages/airflow/example_dags/example_bash_operator.py
[2024-09-12T06:56:15.137+0000] {processor.py:836} INFO - DAG(s) dict_keys(['example_bash_operator']) retrieved from /home/vscode/.local/lib/python3.10/site-packages/airflow/example_dags/example_bash_operator.py
[2024-09-12T06:56:15.155+0000] {logging_mixin.py:150} INFO - [2024-09-12T06:56:15.154+0000] {dag.py:2742} INFO - Sync 1 DAGs
[2024-09-12T06:56:15.169+0000] {logging_mixin.py:150} INFO - [2024-09-12T06:56:15.169+0000] {dag.py:3504} INFO - Setting next_dagrun for example_bash_operator to 2024-09-11T00:00:00+00:00, run_after=2024-09-12T00:00:00+00:00
[2024-09-12T06:56:15.209+0000] {processor.py:179} INFO - Processing /home/vscode/.local/lib/python3.10/site-packages/airflow/example_dags/example_bash_operator.py took 0.084 seconds
[2024-09-12T06:57:05.556+0000] {processor.py:157} INFO - Started process (PID=14466) to work on /home/vscode/.local/lib/python3.10/site-packages/airflow/example_dags/example_bash_operator.py
[2024-09-12T06:57:05.557+0000] {processor.py:826} INFO - Processing file /home/vscode/.local/lib/python3.10/site-packages/airflow/example_dags/example_bash_operator.py for tasks to queue
[2024-09-12T06:57:05.557+0000] {logging_mixin.py:150} INFO - [2024-09-12T06:57:05.557+0000] {dagbag.py:541} INFO - Filling up the DagBag from /home/vscode/.local/lib/python3.10/site-packages/airflow/example_dags/example_bash_operator.py
[2024-09-12T06:57:05.565+0000] {processor.py:836} INFO - DAG(s) dict_keys(['example_bash_operator']) retrieved from /home/vscode/.local/lib/python3.10/site-packages/airflow/example_dags/example_bash_operator.py
[2024-09-12T06:57:05.582+0000] {logging_mixin.py:150} INFO - [2024-09-12T06:57:05.582+0000] {dag.py:2742} INFO - Sync 1 DAGs
[2024-09-12T06:57:05.597+0000] {logging_mixin.py:150} INFO - [2024-09-12T06:57:05.597+0000] {dag.py:3504} INFO - Setting next_dagrun for example_bash_operator to 2024-09-11T00:00:00+00:00, run_after=2024-09-12T00:00:00+00:00
[2024-09-12T06:57:05.640+0000] {processor.py:179} INFO - Processing /home/vscode/.local/lib/python3.10/site-packages/airflow/example_dags/example_bash_operator.py took 0.086 seconds
[2024-09-12T06:58:02.470+0000] {processor.py:157} INFO - Started process (PID=14850) to work on /home/vscode/.local/lib/python3.10/site-packages/airflow/example_dags/example_bash_operator.py
[2024-09-12T06:58:02.470+0000] {processor.py:826} INFO - Processing file /home/vscode/.local/lib/python3.10/site-packages/airflow/example_dags/example_bash_operator.py for tasks to queue
[2024-09-12T06:58:02.471+0000] {logging_mixin.py:150} INFO - [2024-09-12T06:58:02.471+0000] {dagbag.py:541} INFO - Filling up the DagBag from /home/vscode/.local/lib/python3.10/site-packages/airflow/example_dags/example_bash_operator.py
[2024-09-12T06:58:02.479+0000] {processor.py:836} INFO - DAG(s) dict_keys(['example_bash_operator']) retrieved from /home/vscode/.local/lib/python3.10/site-packages/airflow/example_dags/example_bash_operator.py
[2024-09-12T06:58:02.498+0000] {logging_mixin.py:150} INFO - [2024-09-12T06:58:02.497+0000] {dag.py:2742} INFO - Sync 1 DAGs
[2024-09-12T06:58:02.519+0000] {logging_mixin.py:150} INFO - [2024-09-12T06:58:02.519+0000] {dag.py:3504} INFO - Setting next_dagrun for example_bash_operator to 2024-09-11T00:00:00+00:00, run_after=2024-09-12T00:00:00+00:00
[2024-09-12T06:58:02.574+0000] {processor.py:179} INFO - Processing /home/vscode/.local/lib/python3.10/site-packages/airflow/example_dags/example_bash_operator.py took 0.106 seconds
[2024-09-12T06:58:59.369+0000] {processor.py:157} INFO - Started process (PID=15238) to work on /home/vscode/.local/lib/python3.10/site-packages/airflow/example_dags/example_bash_operator.py
[2024-09-12T06:58:59.370+0000] {processor.py:826} INFO - Processing file /home/vscode/.local/lib/python3.10/site-packages/airflow/example_dags/example_bash_operator.py for tasks to queue
[2024-09-12T06:58:59.370+0000] {logging_mixin.py:150} INFO - [2024-09-12T06:58:59.370+0000] {dagbag.py:541} INFO - Filling up the DagBag from /home/vscode/.local/lib/python3.10/site-packages/airflow/example_dags/example_bash_operator.py
[2024-09-12T06:58:59.379+0000] {processor.py:836} INFO - DAG(s) dict_keys(['example_bash_operator']) retrieved from /home/vscode/.local/lib/python3.10/site-packages/airflow/example_dags/example_bash_operator.py
[2024-09-12T06:58:59.397+0000] {logging_mixin.py:150} INFO - [2024-09-12T06:58:59.397+0000] {dag.py:2742} INFO - Sync 1 DAGs
[2024-09-12T06:58:59.411+0000] {logging_mixin.py:150} INFO - [2024-09-12T06:58:59.411+0000] {dag.py:3504} INFO - Setting next_dagrun for example_bash_operator to 2024-09-11T00:00:00+00:00, run_after=2024-09-12T00:00:00+00:00
[2024-09-12T06:58:59.451+0000] {processor.py:179} INFO - Processing /home/vscode/.local/lib/python3.10/site-packages/airflow/example_dags/example_bash_operator.py took 0.084 seconds
[2024-09-12T06:59:42.250+0000] {processor.py:157} INFO - Started process (PID=15525) to work on /home/vscode/.local/lib/python3.10/site-packages/airflow/example_dags/example_bash_operator.py
[2024-09-12T06:59:42.250+0000] {processor.py:826} INFO - Processing file /home/vscode/.local/lib/python3.10/site-packages/airflow/example_dags/example_bash_operator.py for tasks to queue
[2024-09-12T06:59:42.251+0000] {logging_mixin.py:150} INFO - [2024-09-12T06:59:42.251+0000] {dagbag.py:541} INFO - Filling up the DagBag from /home/vscode/.local/lib/python3.10/site-packages/airflow/example_dags/example_bash_operator.py
[2024-09-12T06:59:42.259+0000] {processor.py:836} INFO - DAG(s) dict_keys(['example_bash_operator']) retrieved from /home/vscode/.local/lib/python3.10/site-packages/airflow/example_dags/example_bash_operator.py
[2024-09-12T06:59:42.276+0000] {logging_mixin.py:150} INFO - [2024-09-12T06:59:42.276+0000] {dag.py:2742} INFO - Sync 1 DAGs
[2024-09-12T06:59:42.291+0000] {logging_mixin.py:150} INFO - [2024-09-12T06:59:42.290+0000] {dag.py:3504} INFO - Setting next_dagrun for example_bash_operator to 2024-09-11T00:00:00+00:00, run_after=2024-09-12T00:00:00+00:00
[2024-09-12T06:59:42.331+0000] {processor.py:179} INFO - Processing /home/vscode/.local/lib/python3.10/site-packages/airflow/example_dags/example_bash_operator.py took 0.084 seconds
[2024-09-12T07:00:27.152+0000] {processor.py:157} INFO - Started process (PID=15820) to work on /home/vscode/.local/lib/python3.10/site-packages/airflow/example_dags/example_bash_operator.py
[2024-09-12T07:00:27.153+0000] {processor.py:826} INFO - Processing file /home/vscode/.local/lib/python3.10/site-packages/airflow/example_dags/example_bash_operator.py for tasks to queue
[2024-09-12T07:00:27.153+0000] {logging_mixin.py:150} INFO - [2024-09-12T07:00:27.153+0000] {dagbag.py:541} INFO - Filling up the DagBag from /home/vscode/.local/lib/python3.10/site-packages/airflow/example_dags/example_bash_operator.py
[2024-09-12T07:00:27.161+0000] {processor.py:836} INFO - DAG(s) dict_keys(['example_bash_operator']) retrieved from /home/vscode/.local/lib/python3.10/site-packages/airflow/example_dags/example_bash_operator.py
[2024-09-12T07:00:27.178+0000] {logging_mixin.py:150} INFO - [2024-09-12T07:00:27.178+0000] {dag.py:2742} INFO - Sync 1 DAGs
[2024-09-12T07:00:27.193+0000] {logging_mixin.py:150} INFO - [2024-09-12T07:00:27.193+0000] {dag.py:3504} INFO - Setting next_dagrun for example_bash_operator to 2024-09-11T00:00:00+00:00, run_after=2024-09-12T00:00:00+00:00
[2024-09-12T07:00:27.223+0000] {processor.py:179} INFO - Processing /home/vscode/.local/lib/python3.10/site-packages/airflow/example_dags/example_bash_operator.py took 0.073 seconds
[2024-09-12T07:01:14.440+0000] {processor.py:157} INFO - Started process (PID=16140) to work on /home/vscode/.local/lib/python3.10/site-packages/airflow/example_dags/example_bash_operator.py
[2024-09-12T07:01:14.440+0000] {processor.py:826} INFO - Processing file /home/vscode/.local/lib/python3.10/site-packages/airflow/example_dags/example_bash_operator.py for tasks to queue
[2024-09-12T07:01:14.441+0000] {logging_mixin.py:150} INFO - [2024-09-12T07:01:14.441+0000] {dagbag.py:541} INFO - Filling up the DagBag from /home/vscode/.local/lib/python3.10/site-packages/airflow/example_dags/example_bash_operator.py
[2024-09-12T07:01:14.449+0000] {processor.py:836} INFO - DAG(s) dict_keys(['example_bash_operator']) retrieved from /home/vscode/.local/lib/python3.10/site-packages/airflow/example_dags/example_bash_operator.py
[2024-09-12T07:01:14.465+0000] {logging_mixin.py:150} INFO - [2024-09-12T07:01:14.465+0000] {dag.py:2742} INFO - Sync 1 DAGs
[2024-09-12T07:01:14.480+0000] {logging_mixin.py:150} INFO - [2024-09-12T07:01:14.480+0000] {dag.py:3504} INFO - Setting next_dagrun for example_bash_operator to 2024-09-11T00:00:00+00:00, run_after=2024-09-12T00:00:00+00:00
[2024-09-12T07:01:14.523+0000] {processor.py:179} INFO - Processing /home/vscode/.local/lib/python3.10/site-packages/airflow/example_dags/example_bash_operator.py took 0.086 seconds
[2024-09-12T07:02:06.209+0000] {processor.py:157} INFO - Started process (PID=16494) to work on /home/vscode/.local/lib/python3.10/site-packages/airflow/example_dags/example_bash_operator.py
[2024-09-12T07:02:06.210+0000] {processor.py:826} INFO - Processing file /home/vscode/.local/lib/python3.10/site-packages/airflow/example_dags/example_bash_operator.py for tasks to queue
[2024-09-12T07:02:06.210+0000] {logging_mixin.py:150} INFO - [2024-09-12T07:02:06.210+0000] {dagbag.py:541} INFO - Filling up the DagBag from /home/vscode/.local/lib/python3.10/site-packages/airflow/example_dags/example_bash_operator.py
[2024-09-12T07:02:06.218+0000] {processor.py:836} INFO - DAG(s) dict_keys(['example_bash_operator']) retrieved from /home/vscode/.local/lib/python3.10/site-packages/airflow/example_dags/example_bash_operator.py
[2024-09-12T07:02:06.235+0000] {logging_mixin.py:150} INFO - [2024-09-12T07:02:06.235+0000] {dag.py:2742} INFO - Sync 1 DAGs
[2024-09-12T07:02:06.249+0000] {logging_mixin.py:150} INFO - [2024-09-12T07:02:06.249+0000] {dag.py:3504} INFO - Setting next_dagrun for example_bash_operator to 2024-09-11T00:00:00+00:00, run_after=2024-09-12T00:00:00+00:00
[2024-09-12T07:02:06.281+0000] {processor.py:179} INFO - Processing /home/vscode/.local/lib/python3.10/site-packages/airflow/example_dags/example_bash_operator.py took 0.074 seconds
[2024-09-12T07:03:03.311+0000] {processor.py:157} INFO - Started process (PID=16880) to work on /home/vscode/.local/lib/python3.10/site-packages/airflow/example_dags/example_bash_operator.py
[2024-09-12T07:03:03.311+0000] {processor.py:826} INFO - Processing file /home/vscode/.local/lib/python3.10/site-packages/airflow/example_dags/example_bash_operator.py for tasks to queue
[2024-09-12T07:03:03.312+0000] {logging_mixin.py:150} INFO - [2024-09-12T07:03:03.312+0000] {dagbag.py:541} INFO - Filling up the DagBag from /home/vscode/.local/lib/python3.10/site-packages/airflow/example_dags/example_bash_operator.py
[2024-09-12T07:03:03.320+0000] {processor.py:836} INFO - DAG(s) dict_keys(['example_bash_operator']) retrieved from /home/vscode/.local/lib/python3.10/site-packages/airflow/example_dags/example_bash_operator.py
[2024-09-12T07:03:03.337+0000] {logging_mixin.py:150} INFO - [2024-09-12T07:03:03.337+0000] {dag.py:2742} INFO - Sync 1 DAGs
[2024-09-12T07:03:03.351+0000] {logging_mixin.py:150} INFO - [2024-09-12T07:03:03.351+0000] {dag.py:3504} INFO - Setting next_dagrun for example_bash_operator to 2024-09-11T00:00:00+00:00, run_after=2024-09-12T00:00:00+00:00
[2024-09-12T07:03:03.397+0000] {processor.py:179} INFO - Processing /home/vscode/.local/lib/python3.10/site-packages/airflow/example_dags/example_bash_operator.py took 0.089 seconds
[2024-09-12T07:03:53.363+0000] {processor.py:157} INFO - Started process (PID=17252) to work on /home/vscode/.local/lib/python3.10/site-packages/airflow/example_dags/example_bash_operator.py
[2024-09-12T07:03:53.363+0000] {processor.py:826} INFO - Processing file /home/vscode/.local/lib/python3.10/site-packages/airflow/example_dags/example_bash_operator.py for tasks to queue
[2024-09-12T07:03:53.364+0000] {logging_mixin.py:150} INFO - [2024-09-12T07:03:53.364+0000] {dagbag.py:541} INFO - Filling up the DagBag from /home/vscode/.local/lib/python3.10/site-packages/airflow/example_dags/example_bash_operator.py
[2024-09-12T07:03:53.372+0000] {processor.py:836} INFO - DAG(s) dict_keys(['example_bash_operator']) retrieved from /home/vscode/.local/lib/python3.10/site-packages/airflow/example_dags/example_bash_operator.py
[2024-09-12T07:03:53.389+0000] {logging_mixin.py:150} INFO - [2024-09-12T07:03:53.389+0000] {dag.py:2742} INFO - Sync 1 DAGs
[2024-09-12T07:03:53.403+0000] {logging_mixin.py:150} INFO - [2024-09-12T07:03:53.403+0000] {dag.py:3504} INFO - Setting next_dagrun for example_bash_operator to 2024-09-11T00:00:00+00:00, run_after=2024-09-12T00:00:00+00:00
[2024-09-12T07:03:53.439+0000] {processor.py:179} INFO - Processing /home/vscode/.local/lib/python3.10/site-packages/airflow/example_dags/example_bash_operator.py took 0.079 seconds
[2024-09-12T07:04:41.134+0000] {processor.py:157} INFO - Started process (PID=17627) to work on /home/vscode/.local/lib/python3.10/site-packages/airflow/example_dags/example_bash_operator.py
[2024-09-12T07:04:41.135+0000] {processor.py:826} INFO - Processing file /home/vscode/.local/lib/python3.10/site-packages/airflow/example_dags/example_bash_operator.py for tasks to queue
[2024-09-12T07:04:41.136+0000] {logging_mixin.py:150} INFO - [2024-09-12T07:04:41.135+0000] {dagbag.py:541} INFO - Filling up the DagBag from /home/vscode/.local/lib/python3.10/site-packages/airflow/example_dags/example_bash_operator.py
[2024-09-12T07:04:41.144+0000] {processor.py:836} INFO - DAG(s) dict_keys(['example_bash_operator']) retrieved from /home/vscode/.local/lib/python3.10/site-packages/airflow/example_dags/example_bash_operator.py
[2024-09-12T07:04:41.161+0000] {logging_mixin.py:150} INFO - [2024-09-12T07:04:41.161+0000] {dag.py:2742} INFO - Sync 1 DAGs
[2024-09-12T07:04:41.175+0000] {logging_mixin.py:150} INFO - [2024-09-12T07:04:41.175+0000] {dag.py:3504} INFO - Setting next_dagrun for example_bash_operator to 2024-09-11T00:00:00+00:00, run_after=2024-09-12T00:00:00+00:00
[2024-09-12T07:04:41.208+0000] {processor.py:179} INFO - Processing /home/vscode/.local/lib/python3.10/site-packages/airflow/example_dags/example_bash_operator.py took 0.076 seconds
[2024-09-12T07:05:26.578+0000] {processor.py:157} INFO - Started process (PID=18032) to work on /home/vscode/.local/lib/python3.10/site-packages/airflow/example_dags/example_bash_operator.py
[2024-09-12T07:05:26.578+0000] {processor.py:826} INFO - Processing file /home/vscode/.local/lib/python3.10/site-packages/airflow/example_dags/example_bash_operator.py for tasks to queue
[2024-09-12T07:05:26.579+0000] {logging_mixin.py:150} INFO - [2024-09-12T07:05:26.579+0000] {dagbag.py:541} INFO - Filling up the DagBag from /home/vscode/.local/lib/python3.10/site-packages/airflow/example_dags/example_bash_operator.py
[2024-09-12T07:05:26.587+0000] {processor.py:836} INFO - DAG(s) dict_keys(['example_bash_operator']) retrieved from /home/vscode/.local/lib/python3.10/site-packages/airflow/example_dags/example_bash_operator.py
[2024-09-12T07:05:26.604+0000] {logging_mixin.py:150} INFO - [2024-09-12T07:05:26.603+0000] {dag.py:2742} INFO - Sync 1 DAGs
[2024-09-12T07:05:26.619+0000] {logging_mixin.py:150} INFO - [2024-09-12T07:05:26.619+0000] {dag.py:3504} INFO - Setting next_dagrun for example_bash_operator to 2024-09-11T00:00:00+00:00, run_after=2024-09-12T00:00:00+00:00
[2024-09-12T07:05:26.659+0000] {processor.py:179} INFO - Processing /home/vscode/.local/lib/python3.10/site-packages/airflow/example_dags/example_bash_operator.py took 0.084 seconds
[2024-09-12T07:06:25.222+0000] {processor.py:157} INFO - Started process (PID=18506) to work on /home/vscode/.local/lib/python3.10/site-packages/airflow/example_dags/example_bash_operator.py
[2024-09-12T07:06:25.223+0000] {processor.py:826} INFO - Processing file /home/vscode/.local/lib/python3.10/site-packages/airflow/example_dags/example_bash_operator.py for tasks to queue
[2024-09-12T07:06:25.223+0000] {logging_mixin.py:150} INFO - [2024-09-12T07:06:25.223+0000] {dagbag.py:541} INFO - Filling up the DagBag from /home/vscode/.local/lib/python3.10/site-packages/airflow/example_dags/example_bash_operator.py
[2024-09-12T07:06:25.231+0000] {processor.py:836} INFO - DAG(s) dict_keys(['example_bash_operator']) retrieved from /home/vscode/.local/lib/python3.10/site-packages/airflow/example_dags/example_bash_operator.py
[2024-09-12T07:06:25.248+0000] {logging_mixin.py:150} INFO - [2024-09-12T07:06:25.248+0000] {dag.py:2742} INFO - Sync 1 DAGs
[2024-09-12T07:06:25.263+0000] {logging_mixin.py:150} INFO - [2024-09-12T07:06:25.263+0000] {dag.py:3504} INFO - Setting next_dagrun for example_bash_operator to 2024-09-11T00:00:00+00:00, run_after=2024-09-12T00:00:00+00:00
[2024-09-12T07:06:25.303+0000] {processor.py:179} INFO - Processing /home/vscode/.local/lib/python3.10/site-packages/airflow/example_dags/example_bash_operator.py took 0.083 seconds
[2024-09-12T07:07:09.683+0000] {processor.py:157} INFO - Started process (PID=18807) to work on /home/vscode/.local/lib/python3.10/site-packages/airflow/example_dags/example_bash_operator.py
[2024-09-12T07:07:09.684+0000] {processor.py:826} INFO - Processing file /home/vscode/.local/lib/python3.10/site-packages/airflow/example_dags/example_bash_operator.py for tasks to queue
[2024-09-12T07:07:09.684+0000] {logging_mixin.py:150} INFO - [2024-09-12T07:07:09.684+0000] {dagbag.py:541} INFO - Filling up the DagBag from /home/vscode/.local/lib/python3.10/site-packages/airflow/example_dags/example_bash_operator.py
[2024-09-12T07:07:09.692+0000] {processor.py:836} INFO - DAG(s) dict_keys(['example_bash_operator']) retrieved from /home/vscode/.local/lib/python3.10/site-packages/airflow/example_dags/example_bash_operator.py
[2024-09-12T07:07:09.709+0000] {logging_mixin.py:150} INFO - [2024-09-12T07:07:09.709+0000] {dag.py:2742} INFO - Sync 1 DAGs
[2024-09-12T07:07:09.724+0000] {logging_mixin.py:150} INFO - [2024-09-12T07:07:09.724+0000] {dag.py:3504} INFO - Setting next_dagrun for example_bash_operator to 2024-09-11T00:00:00+00:00, run_after=2024-09-12T00:00:00+00:00
[2024-09-12T07:07:09.756+0000] {processor.py:179} INFO - Processing /home/vscode/.local/lib/python3.10/site-packages/airflow/example_dags/example_bash_operator.py took 0.076 seconds
[2024-09-12T07:07:54.245+0000] {processor.py:157} INFO - Started process (PID=19105) to work on /home/vscode/.local/lib/python3.10/site-packages/airflow/example_dags/example_bash_operator.py
[2024-09-12T07:07:54.245+0000] {processor.py:826} INFO - Processing file /home/vscode/.local/lib/python3.10/site-packages/airflow/example_dags/example_bash_operator.py for tasks to queue
[2024-09-12T07:07:54.246+0000] {logging_mixin.py:150} INFO - [2024-09-12T07:07:54.246+0000] {dagbag.py:541} INFO - Filling up the DagBag from /home/vscode/.local/lib/python3.10/site-packages/airflow/example_dags/example_bash_operator.py
[2024-09-12T07:07:54.254+0000] {processor.py:836} INFO - DAG(s) dict_keys(['example_bash_operator']) retrieved from /home/vscode/.local/lib/python3.10/site-packages/airflow/example_dags/example_bash_operator.py
[2024-09-12T07:07:54.272+0000] {logging_mixin.py:150} INFO - [2024-09-12T07:07:54.271+0000] {dag.py:2742} INFO - Sync 1 DAGs
[2024-09-12T07:07:54.293+0000] {logging_mixin.py:150} INFO - [2024-09-12T07:07:54.293+0000] {dag.py:3504} INFO - Setting next_dagrun for example_bash_operator to 2024-09-11T00:00:00+00:00, run_after=2024-09-12T00:00:00+00:00
[2024-09-12T07:07:54.353+0000] {processor.py:179} INFO - Processing /home/vscode/.local/lib/python3.10/site-packages/airflow/example_dags/example_bash_operator.py took 0.111 seconds
[2024-09-12T07:08:53.412+0000] {processor.py:157} INFO - Started process (PID=19617) to work on /home/vscode/.local/lib/python3.10/site-packages/airflow/example_dags/example_bash_operator.py
[2024-09-12T07:08:53.413+0000] {processor.py:826} INFO - Processing file /home/vscode/.local/lib/python3.10/site-packages/airflow/example_dags/example_bash_operator.py for tasks to queue
[2024-09-12T07:08:53.413+0000] {logging_mixin.py:150} INFO - [2024-09-12T07:08:53.413+0000] {dagbag.py:541} INFO - Filling up the DagBag from /home/vscode/.local/lib/python3.10/site-packages/airflow/example_dags/example_bash_operator.py
[2024-09-12T07:08:53.422+0000] {processor.py:836} INFO - DAG(s) dict_keys(['example_bash_operator']) retrieved from /home/vscode/.local/lib/python3.10/site-packages/airflow/example_dags/example_bash_operator.py
[2024-09-12T07:08:53.440+0000] {logging_mixin.py:150} INFO - [2024-09-12T07:08:53.439+0000] {dag.py:2742} INFO - Sync 1 DAGs
[2024-09-12T07:08:53.456+0000] {logging_mixin.py:150} INFO - [2024-09-12T07:08:53.455+0000] {dag.py:3504} INFO - Setting next_dagrun for example_bash_operator to 2024-09-11T00:00:00+00:00, run_after=2024-09-12T00:00:00+00:00
[2024-09-12T07:08:53.503+0000] {processor.py:179} INFO - Processing /home/vscode/.local/lib/python3.10/site-packages/airflow/example_dags/example_bash_operator.py took 0.093 seconds
[2024-09-12T07:09:39.548+0000] {processor.py:157} INFO - Started process (PID=19938) to work on /home/vscode/.local/lib/python3.10/site-packages/airflow/example_dags/example_bash_operator.py
[2024-09-12T07:09:39.548+0000] {processor.py:826} INFO - Processing file /home/vscode/.local/lib/python3.10/site-packages/airflow/example_dags/example_bash_operator.py for tasks to queue
[2024-09-12T07:09:39.549+0000] {logging_mixin.py:150} INFO - [2024-09-12T07:09:39.549+0000] {dagbag.py:541} INFO - Filling up the DagBag from /home/vscode/.local/lib/python3.10/site-packages/airflow/example_dags/example_bash_operator.py
[2024-09-12T07:09:39.557+0000] {processor.py:836} INFO - DAG(s) dict_keys(['example_bash_operator']) retrieved from /home/vscode/.local/lib/python3.10/site-packages/airflow/example_dags/example_bash_operator.py
[2024-09-12T07:09:39.574+0000] {logging_mixin.py:150} INFO - [2024-09-12T07:09:39.574+0000] {dag.py:2742} INFO - Sync 1 DAGs
[2024-09-12T07:09:39.590+0000] {logging_mixin.py:150} INFO - [2024-09-12T07:09:39.590+0000] {dag.py:3504} INFO - Setting next_dagrun for example_bash_operator to 2024-09-11T00:00:00+00:00, run_after=2024-09-12T00:00:00+00:00
[2024-09-12T07:09:39.623+0000] {processor.py:179} INFO - Processing /home/vscode/.local/lib/python3.10/site-packages/airflow/example_dags/example_bash_operator.py took 0.077 seconds
