[2024-09-12T06:40:04.473+0000] {processor.py:157} INFO - Started process (PID=7611) to work on /home/vscode/.local/lib/python3.10/site-packages/airflow/example_dags/example_branch_operator.py
[2024-09-12T06:40:04.474+0000] {processor.py:826} INFO - Processing file /home/vscode/.local/lib/python3.10/site-packages/airflow/example_dags/example_branch_operator.py for tasks to queue
[2024-09-12T06:40:04.475+0000] {logging_mixin.py:150} INFO - [2024-09-12T06:40:04.474+0000] {dagbag.py:541} INFO - Filling up the DagBag from /home/vscode/.local/lib/python3.10/site-packages/airflow/example_dags/example_branch_operator.py
[2024-09-12T06:40:04.557+0000] {processor.py:836} INFO - DAG(s) dict_keys(['example_branch_operator']) retrieved from /home/vscode/.local/lib/python3.10/site-packages/airflow/example_dags/example_branch_operator.py
[2024-09-12T06:40:04.699+0000] {logging_mixin.py:150} INFO - [2024-09-12T06:40:04.699+0000] {manager.py:504} INFO - Created Permission View: can delete on DAG:example_branch_operator
[2024-09-12T06:40:04.726+0000] {logging_mixin.py:150} INFO - [2024-09-12T06:40:04.726+0000] {manager.py:504} INFO - Created Permission View: can read on DAG:example_branch_operator
[2024-09-12T06:40:04.747+0000] {logging_mixin.py:150} INFO - [2024-09-12T06:40:04.746+0000] {manager.py:504} INFO - Created Permission View: can edit on DAG:example_branch_operator
[2024-09-12T06:40:04.754+0000] {logging_mixin.py:150} INFO - [2024-09-12T06:40:04.754+0000] {dag.py:2742} INFO - Sync 1 DAGs
[2024-09-12T06:40:04.760+0000] {logging_mixin.py:150} INFO - [2024-09-12T06:40:04.760+0000] {dag.py:2763} INFO - Creating ORM DAG for example_branch_operator
[2024-09-12T06:40:04.767+0000] {logging_mixin.py:150} INFO - [2024-09-12T06:40:04.766+0000] {dag.py:3504} INFO - Setting next_dagrun for example_branch_operator to 2024-09-11T00:00:00+00:00, run_after=2024-09-12T00:00:00+00:00
[2024-09-12T06:40:04.812+0000] {processor.py:179} INFO - Processing /home/vscode/.local/lib/python3.10/site-packages/airflow/example_dags/example_branch_operator.py took 0.341 seconds
[2024-09-12T06:40:52.444+0000] {processor.py:157} INFO - Started process (PID=7928) to work on /home/vscode/.local/lib/python3.10/site-packages/airflow/example_dags/example_branch_operator.py
[2024-09-12T06:40:52.444+0000] {processor.py:826} INFO - Processing file /home/vscode/.local/lib/python3.10/site-packages/airflow/example_dags/example_branch_operator.py for tasks to queue
[2024-09-12T06:40:52.445+0000] {logging_mixin.py:150} INFO - [2024-09-12T06:40:52.445+0000] {dagbag.py:541} INFO - Filling up the DagBag from /home/vscode/.local/lib/python3.10/site-packages/airflow/example_dags/example_branch_operator.py
[2024-09-12T06:40:52.452+0000] {processor.py:836} INFO - DAG(s) dict_keys(['example_branch_operator']) retrieved from /home/vscode/.local/lib/python3.10/site-packages/airflow/example_dags/example_branch_operator.py
[2024-09-12T06:40:52.465+0000] {logging_mixin.py:150} INFO - [2024-09-12T06:40:52.465+0000] {dag.py:2742} INFO - Sync 1 DAGs
[2024-09-12T06:40:52.493+0000] {logging_mixin.py:150} INFO - [2024-09-12T06:40:52.493+0000] {dag.py:3504} INFO - Setting next_dagrun for example_branch_operator to 2024-09-11T00:00:00+00:00, run_after=2024-09-12T00:00:00+00:00
[2024-09-12T06:40:52.532+0000] {processor.py:179} INFO - Processing /home/vscode/.local/lib/python3.10/site-packages/airflow/example_dags/example_branch_operator.py took 0.090 seconds
[2024-09-12T06:41:37.556+0000] {processor.py:157} INFO - Started process (PID=8227) to work on /home/vscode/.local/lib/python3.10/site-packages/airflow/example_dags/example_branch_operator.py
[2024-09-12T06:41:37.557+0000] {processor.py:826} INFO - Processing file /home/vscode/.local/lib/python3.10/site-packages/airflow/example_dags/example_branch_operator.py for tasks to queue
[2024-09-12T06:41:37.558+0000] {logging_mixin.py:150} INFO - [2024-09-12T06:41:37.557+0000] {dagbag.py:541} INFO - Filling up the DagBag from /home/vscode/.local/lib/python3.10/site-packages/airflow/example_dags/example_branch_operator.py
[2024-09-12T06:41:37.564+0000] {processor.py:836} INFO - DAG(s) dict_keys(['example_branch_operator']) retrieved from /home/vscode/.local/lib/python3.10/site-packages/airflow/example_dags/example_branch_operator.py
[2024-09-12T06:41:37.578+0000] {logging_mixin.py:150} INFO - [2024-09-12T06:41:37.578+0000] {dag.py:2742} INFO - Sync 1 DAGs
[2024-09-12T06:41:37.592+0000] {logging_mixin.py:150} INFO - [2024-09-12T06:41:37.592+0000] {dag.py:3504} INFO - Setting next_dagrun for example_branch_operator to 2024-09-11T00:00:00+00:00, run_after=2024-09-12T00:00:00+00:00
[2024-09-12T06:41:37.631+0000] {processor.py:179} INFO - Processing /home/vscode/.local/lib/python3.10/site-packages/airflow/example_dags/example_branch_operator.py took 0.076 seconds
[2024-09-12T06:42:24.030+0000] {processor.py:157} INFO - Started process (PID=8535) to work on /home/vscode/.local/lib/python3.10/site-packages/airflow/example_dags/example_branch_operator.py
[2024-09-12T06:42:24.031+0000] {processor.py:826} INFO - Processing file /home/vscode/.local/lib/python3.10/site-packages/airflow/example_dags/example_branch_operator.py for tasks to queue
[2024-09-12T06:42:24.031+0000] {logging_mixin.py:150} INFO - [2024-09-12T06:42:24.031+0000] {dagbag.py:541} INFO - Filling up the DagBag from /home/vscode/.local/lib/python3.10/site-packages/airflow/example_dags/example_branch_operator.py
[2024-09-12T06:42:24.038+0000] {processor.py:836} INFO - DAG(s) dict_keys(['example_branch_operator']) retrieved from /home/vscode/.local/lib/python3.10/site-packages/airflow/example_dags/example_branch_operator.py
[2024-09-12T06:42:24.051+0000] {logging_mixin.py:150} INFO - [2024-09-12T06:42:24.051+0000] {dag.py:2742} INFO - Sync 1 DAGs
[2024-09-12T06:42:24.066+0000] {logging_mixin.py:150} INFO - [2024-09-12T06:42:24.066+0000] {dag.py:3504} INFO - Setting next_dagrun for example_branch_operator to 2024-09-11T00:00:00+00:00, run_after=2024-09-12T00:00:00+00:00
[2024-09-12T06:42:24.105+0000] {processor.py:179} INFO - Processing /home/vscode/.local/lib/python3.10/site-packages/airflow/example_dags/example_branch_operator.py took 0.077 seconds
[2024-09-12T06:43:07.558+0000] {processor.py:157} INFO - Started process (PID=8833) to work on /home/vscode/.local/lib/python3.10/site-packages/airflow/example_dags/example_branch_operator.py
[2024-09-12T06:43:07.558+0000] {processor.py:826} INFO - Processing file /home/vscode/.local/lib/python3.10/site-packages/airflow/example_dags/example_branch_operator.py for tasks to queue
[2024-09-12T06:43:07.559+0000] {logging_mixin.py:150} INFO - [2024-09-12T06:43:07.559+0000] {dagbag.py:541} INFO - Filling up the DagBag from /home/vscode/.local/lib/python3.10/site-packages/airflow/example_dags/example_branch_operator.py
[2024-09-12T06:43:07.566+0000] {processor.py:836} INFO - DAG(s) dict_keys(['example_branch_operator']) retrieved from /home/vscode/.local/lib/python3.10/site-packages/airflow/example_dags/example_branch_operator.py
[2024-09-12T06:43:07.579+0000] {logging_mixin.py:150} INFO - [2024-09-12T06:43:07.579+0000] {dag.py:2742} INFO - Sync 1 DAGs
[2024-09-12T06:43:07.595+0000] {logging_mixin.py:150} INFO - [2024-09-12T06:43:07.595+0000] {dag.py:3504} INFO - Setting next_dagrun for example_branch_operator to 2024-09-11T00:00:00+00:00, run_after=2024-09-12T00:00:00+00:00
[2024-09-12T06:43:07.627+0000] {processor.py:179} INFO - Processing /home/vscode/.local/lib/python3.10/site-packages/airflow/example_dags/example_branch_operator.py took 0.071 seconds
[2024-09-12T06:43:50.350+0000] {processor.py:157} INFO - Started process (PID=9114) to work on /home/vscode/.local/lib/python3.10/site-packages/airflow/example_dags/example_branch_operator.py
[2024-09-12T06:43:50.351+0000] {processor.py:826} INFO - Processing file /home/vscode/.local/lib/python3.10/site-packages/airflow/example_dags/example_branch_operator.py for tasks to queue
[2024-09-12T06:43:50.352+0000] {logging_mixin.py:150} INFO - [2024-09-12T06:43:50.351+0000] {dagbag.py:541} INFO - Filling up the DagBag from /home/vscode/.local/lib/python3.10/site-packages/airflow/example_dags/example_branch_operator.py
[2024-09-12T06:43:50.361+0000] {processor.py:836} INFO - DAG(s) dict_keys(['example_branch_operator']) retrieved from /home/vscode/.local/lib/python3.10/site-packages/airflow/example_dags/example_branch_operator.py
[2024-09-12T06:43:50.381+0000] {logging_mixin.py:150} INFO - [2024-09-12T06:43:50.381+0000] {dag.py:2742} INFO - Sync 1 DAGs
[2024-09-12T06:43:50.401+0000] {logging_mixin.py:150} INFO - [2024-09-12T06:43:50.401+0000] {dag.py:3504} INFO - Setting next_dagrun for example_branch_operator to 2024-09-11T00:00:00+00:00, run_after=2024-09-12T00:00:00+00:00
[2024-09-12T06:43:50.431+0000] {processor.py:179} INFO - Processing /home/vscode/.local/lib/python3.10/site-packages/airflow/example_dags/example_branch_operator.py took 0.084 seconds
[2024-09-12T06:44:43.378+0000] {processor.py:157} INFO - Started process (PID=9482) to work on /home/vscode/.local/lib/python3.10/site-packages/airflow/example_dags/example_branch_operator.py
[2024-09-12T06:44:43.379+0000] {processor.py:826} INFO - Processing file /home/vscode/.local/lib/python3.10/site-packages/airflow/example_dags/example_branch_operator.py for tasks to queue
[2024-09-12T06:44:43.380+0000] {logging_mixin.py:150} INFO - [2024-09-12T06:44:43.380+0000] {dagbag.py:541} INFO - Filling up the DagBag from /home/vscode/.local/lib/python3.10/site-packages/airflow/example_dags/example_branch_operator.py
[2024-09-12T06:44:43.391+0000] {processor.py:836} INFO - DAG(s) dict_keys(['example_branch_operator']) retrieved from /home/vscode/.local/lib/python3.10/site-packages/airflow/example_dags/example_branch_operator.py
[2024-09-12T06:44:43.410+0000] {logging_mixin.py:150} INFO - [2024-09-12T06:44:43.410+0000] {dag.py:2742} INFO - Sync 1 DAGs
[2024-09-12T06:44:43.426+0000] {logging_mixin.py:150} INFO - [2024-09-12T06:44:43.426+0000] {dag.py:3504} INFO - Setting next_dagrun for example_branch_operator to 2024-09-11T00:00:00+00:00, run_after=2024-09-12T00:00:00+00:00
[2024-09-12T06:44:43.453+0000] {processor.py:179} INFO - Processing /home/vscode/.local/lib/python3.10/site-packages/airflow/example_dags/example_branch_operator.py took 0.078 seconds
[2024-09-12T06:45:28.073+0000] {processor.py:157} INFO - Started process (PID=9775) to work on /home/vscode/.local/lib/python3.10/site-packages/airflow/example_dags/example_branch_operator.py
[2024-09-12T06:45:28.074+0000] {processor.py:826} INFO - Processing file /home/vscode/.local/lib/python3.10/site-packages/airflow/example_dags/example_branch_operator.py for tasks to queue
[2024-09-12T06:45:28.074+0000] {logging_mixin.py:150} INFO - [2024-09-12T06:45:28.074+0000] {dagbag.py:541} INFO - Filling up the DagBag from /home/vscode/.local/lib/python3.10/site-packages/airflow/example_dags/example_branch_operator.py
[2024-09-12T06:45:28.081+0000] {processor.py:836} INFO - DAG(s) dict_keys(['example_branch_operator']) retrieved from /home/vscode/.local/lib/python3.10/site-packages/airflow/example_dags/example_branch_operator.py
[2024-09-12T06:45:28.094+0000] {logging_mixin.py:150} INFO - [2024-09-12T06:45:28.094+0000] {dag.py:2742} INFO - Sync 1 DAGs
[2024-09-12T06:45:28.109+0000] {logging_mixin.py:150} INFO - [2024-09-12T06:45:28.109+0000] {dag.py:3504} INFO - Setting next_dagrun for example_branch_operator to 2024-09-11T00:00:00+00:00, run_after=2024-09-12T00:00:00+00:00
[2024-09-12T06:45:28.148+0000] {processor.py:179} INFO - Processing /home/vscode/.local/lib/python3.10/site-packages/airflow/example_dags/example_branch_operator.py took 0.077 seconds
[2024-09-12T06:46:13.493+0000] {processor.py:157} INFO - Started process (PID=10090) to work on /home/vscode/.local/lib/python3.10/site-packages/airflow/example_dags/example_branch_operator.py
[2024-09-12T06:46:13.493+0000] {processor.py:826} INFO - Processing file /home/vscode/.local/lib/python3.10/site-packages/airflow/example_dags/example_branch_operator.py for tasks to queue
[2024-09-12T06:46:13.494+0000] {logging_mixin.py:150} INFO - [2024-09-12T06:46:13.494+0000] {dagbag.py:541} INFO - Filling up the DagBag from /home/vscode/.local/lib/python3.10/site-packages/airflow/example_dags/example_branch_operator.py
[2024-09-12T06:46:13.501+0000] {processor.py:836} INFO - DAG(s) dict_keys(['example_branch_operator']) retrieved from /home/vscode/.local/lib/python3.10/site-packages/airflow/example_dags/example_branch_operator.py
[2024-09-12T06:46:13.513+0000] {logging_mixin.py:150} INFO - [2024-09-12T06:46:13.513+0000] {dag.py:2742} INFO - Sync 1 DAGs
[2024-09-12T06:46:13.528+0000] {logging_mixin.py:150} INFO - [2024-09-12T06:46:13.528+0000] {dag.py:3504} INFO - Setting next_dagrun for example_branch_operator to 2024-09-11T00:00:00+00:00, run_after=2024-09-12T00:00:00+00:00
[2024-09-12T06:46:13.556+0000] {processor.py:179} INFO - Processing /home/vscode/.local/lib/python3.10/site-packages/airflow/example_dags/example_branch_operator.py took 0.066 seconds
[2024-09-12T06:46:57.952+0000] {processor.py:157} INFO - Started process (PID=10379) to work on /home/vscode/.local/lib/python3.10/site-packages/airflow/example_dags/example_branch_operator.py
[2024-09-12T06:46:57.953+0000] {processor.py:826} INFO - Processing file /home/vscode/.local/lib/python3.10/site-packages/airflow/example_dags/example_branch_operator.py for tasks to queue
[2024-09-12T06:46:57.953+0000] {logging_mixin.py:150} INFO - [2024-09-12T06:46:57.953+0000] {dagbag.py:541} INFO - Filling up the DagBag from /home/vscode/.local/lib/python3.10/site-packages/airflow/example_dags/example_branch_operator.py
[2024-09-12T06:46:57.963+0000] {processor.py:836} INFO - DAG(s) dict_keys(['example_branch_operator']) retrieved from /home/vscode/.local/lib/python3.10/site-packages/airflow/example_dags/example_branch_operator.py
[2024-09-12T06:46:57.985+0000] {logging_mixin.py:150} INFO - [2024-09-12T06:46:57.985+0000] {dag.py:2742} INFO - Sync 1 DAGs
[2024-09-12T06:46:58.007+0000] {logging_mixin.py:150} INFO - [2024-09-12T06:46:58.007+0000] {dag.py:3504} INFO - Setting next_dagrun for example_branch_operator to 2024-09-11T00:00:00+00:00, run_after=2024-09-12T00:00:00+00:00
[2024-09-12T06:46:58.038+0000] {processor.py:179} INFO - Processing /home/vscode/.local/lib/python3.10/site-packages/airflow/example_dags/example_branch_operator.py took 0.089 seconds
[2024-09-12T06:47:44.381+0000] {processor.py:157} INFO - Started process (PID=10691) to work on /home/vscode/.local/lib/python3.10/site-packages/airflow/example_dags/example_branch_operator.py
[2024-09-12T06:47:44.382+0000] {processor.py:826} INFO - Processing file /home/vscode/.local/lib/python3.10/site-packages/airflow/example_dags/example_branch_operator.py for tasks to queue
[2024-09-12T06:47:44.382+0000] {logging_mixin.py:150} INFO - [2024-09-12T06:47:44.382+0000] {dagbag.py:541} INFO - Filling up the DagBag from /home/vscode/.local/lib/python3.10/site-packages/airflow/example_dags/example_branch_operator.py
[2024-09-12T06:47:44.389+0000] {processor.py:836} INFO - DAG(s) dict_keys(['example_branch_operator']) retrieved from /home/vscode/.local/lib/python3.10/site-packages/airflow/example_dags/example_branch_operator.py
[2024-09-12T06:47:44.402+0000] {logging_mixin.py:150} INFO - [2024-09-12T06:47:44.402+0000] {dag.py:2742} INFO - Sync 1 DAGs
[2024-09-12T06:47:44.417+0000] {logging_mixin.py:150} INFO - [2024-09-12T06:47:44.417+0000] {dag.py:3504} INFO - Setting next_dagrun for example_branch_operator to 2024-09-11T00:00:00+00:00, run_after=2024-09-12T00:00:00+00:00
[2024-09-12T06:47:44.459+0000] {processor.py:179} INFO - Processing /home/vscode/.local/lib/python3.10/site-packages/airflow/example_dags/example_branch_operator.py took 0.080 seconds
[2024-09-12T06:48:26.804+0000] {processor.py:157} INFO - Started process (PID=10979) to work on /home/vscode/.local/lib/python3.10/site-packages/airflow/example_dags/example_branch_operator.py
[2024-09-12T06:48:26.804+0000] {processor.py:826} INFO - Processing file /home/vscode/.local/lib/python3.10/site-packages/airflow/example_dags/example_branch_operator.py for tasks to queue
[2024-09-12T06:48:26.805+0000] {logging_mixin.py:150} INFO - [2024-09-12T06:48:26.805+0000] {dagbag.py:541} INFO - Filling up the DagBag from /home/vscode/.local/lib/python3.10/site-packages/airflow/example_dags/example_branch_operator.py
[2024-09-12T06:48:26.811+0000] {processor.py:836} INFO - DAG(s) dict_keys(['example_branch_operator']) retrieved from /home/vscode/.local/lib/python3.10/site-packages/airflow/example_dags/example_branch_operator.py
[2024-09-12T06:48:26.824+0000] {logging_mixin.py:150} INFO - [2024-09-12T06:48:26.824+0000] {dag.py:2742} INFO - Sync 1 DAGs
[2024-09-12T06:48:26.839+0000] {logging_mixin.py:150} INFO - [2024-09-12T06:48:26.839+0000] {dag.py:3504} INFO - Setting next_dagrun for example_branch_operator to 2024-09-11T00:00:00+00:00, run_after=2024-09-12T00:00:00+00:00
[2024-09-12T06:48:26.868+0000] {processor.py:179} INFO - Processing /home/vscode/.local/lib/python3.10/site-packages/airflow/example_dags/example_branch_operator.py took 0.067 seconds
[2024-09-12T06:49:13.265+0000] {processor.py:157} INFO - Started process (PID=11296) to work on /home/vscode/.local/lib/python3.10/site-packages/airflow/example_dags/example_branch_operator.py
[2024-09-12T06:49:13.265+0000] {processor.py:826} INFO - Processing file /home/vscode/.local/lib/python3.10/site-packages/airflow/example_dags/example_branch_operator.py for tasks to queue
[2024-09-12T06:49:13.266+0000] {logging_mixin.py:150} INFO - [2024-09-12T06:49:13.266+0000] {dagbag.py:541} INFO - Filling up the DagBag from /home/vscode/.local/lib/python3.10/site-packages/airflow/example_dags/example_branch_operator.py
[2024-09-12T06:49:13.273+0000] {processor.py:836} INFO - DAG(s) dict_keys(['example_branch_operator']) retrieved from /home/vscode/.local/lib/python3.10/site-packages/airflow/example_dags/example_branch_operator.py
[2024-09-12T06:49:13.286+0000] {logging_mixin.py:150} INFO - [2024-09-12T06:49:13.286+0000] {dag.py:2742} INFO - Sync 1 DAGs
[2024-09-12T06:49:13.302+0000] {logging_mixin.py:150} INFO - [2024-09-12T06:49:13.301+0000] {dag.py:3504} INFO - Setting next_dagrun for example_branch_operator to 2024-09-11T00:00:00+00:00, run_after=2024-09-12T00:00:00+00:00
[2024-09-12T06:49:13.336+0000] {processor.py:179} INFO - Processing /home/vscode/.local/lib/python3.10/site-packages/airflow/example_dags/example_branch_operator.py took 0.074 seconds
[2024-09-12T06:50:06.689+0000] {processor.py:157} INFO - Started process (PID=11661) to work on /home/vscode/.local/lib/python3.10/site-packages/airflow/example_dags/example_branch_operator.py
[2024-09-12T06:50:06.689+0000] {processor.py:826} INFO - Processing file /home/vscode/.local/lib/python3.10/site-packages/airflow/example_dags/example_branch_operator.py for tasks to queue
[2024-09-12T06:50:06.690+0000] {logging_mixin.py:150} INFO - [2024-09-12T06:50:06.690+0000] {dagbag.py:541} INFO - Filling up the DagBag from /home/vscode/.local/lib/python3.10/site-packages/airflow/example_dags/example_branch_operator.py
[2024-09-12T06:50:06.696+0000] {processor.py:836} INFO - DAG(s) dict_keys(['example_branch_operator']) retrieved from /home/vscode/.local/lib/python3.10/site-packages/airflow/example_dags/example_branch_operator.py
[2024-09-12T06:50:06.709+0000] {logging_mixin.py:150} INFO - [2024-09-12T06:50:06.709+0000] {dag.py:2742} INFO - Sync 1 DAGs
[2024-09-12T06:50:06.723+0000] {logging_mixin.py:150} INFO - [2024-09-12T06:50:06.723+0000] {dag.py:3504} INFO - Setting next_dagrun for example_branch_operator to 2024-09-11T00:00:00+00:00, run_after=2024-09-12T00:00:00+00:00
[2024-09-12T06:50:06.762+0000] {processor.py:179} INFO - Processing /home/vscode/.local/lib/python3.10/site-packages/airflow/example_dags/example_branch_operator.py took 0.076 seconds
[2024-09-12T06:50:50.027+0000] {processor.py:157} INFO - Started process (PID=11948) to work on /home/vscode/.local/lib/python3.10/site-packages/airflow/example_dags/example_branch_operator.py
[2024-09-12T06:50:50.028+0000] {processor.py:826} INFO - Processing file /home/vscode/.local/lib/python3.10/site-packages/airflow/example_dags/example_branch_operator.py for tasks to queue
[2024-09-12T06:50:50.028+0000] {logging_mixin.py:150} INFO - [2024-09-12T06:50:50.028+0000] {dagbag.py:541} INFO - Filling up the DagBag from /home/vscode/.local/lib/python3.10/site-packages/airflow/example_dags/example_branch_operator.py
[2024-09-12T06:50:50.035+0000] {processor.py:836} INFO - DAG(s) dict_keys(['example_branch_operator']) retrieved from /home/vscode/.local/lib/python3.10/site-packages/airflow/example_dags/example_branch_operator.py
[2024-09-12T06:50:50.049+0000] {logging_mixin.py:150} INFO - [2024-09-12T06:50:50.049+0000] {dag.py:2742} INFO - Sync 1 DAGs
[2024-09-12T06:50:50.063+0000] {logging_mixin.py:150} INFO - [2024-09-12T06:50:50.063+0000] {dag.py:3504} INFO - Setting next_dagrun for example_branch_operator to 2024-09-11T00:00:00+00:00, run_after=2024-09-12T00:00:00+00:00
[2024-09-12T06:50:50.100+0000] {processor.py:179} INFO - Processing /home/vscode/.local/lib/python3.10/site-packages/airflow/example_dags/example_branch_operator.py took 0.075 seconds
[2024-09-12T06:51:36.687+0000] {processor.py:157} INFO - Started process (PID=12263) to work on /home/vscode/.local/lib/python3.10/site-packages/airflow/example_dags/example_branch_operator.py
[2024-09-12T06:51:36.688+0000] {processor.py:826} INFO - Processing file /home/vscode/.local/lib/python3.10/site-packages/airflow/example_dags/example_branch_operator.py for tasks to queue
[2024-09-12T06:51:36.689+0000] {logging_mixin.py:150} INFO - [2024-09-12T06:51:36.688+0000] {dagbag.py:541} INFO - Filling up the DagBag from /home/vscode/.local/lib/python3.10/site-packages/airflow/example_dags/example_branch_operator.py
[2024-09-12T06:51:36.695+0000] {processor.py:836} INFO - DAG(s) dict_keys(['example_branch_operator']) retrieved from /home/vscode/.local/lib/python3.10/site-packages/airflow/example_dags/example_branch_operator.py
[2024-09-12T06:51:36.709+0000] {logging_mixin.py:150} INFO - [2024-09-12T06:51:36.709+0000] {dag.py:2742} INFO - Sync 1 DAGs
[2024-09-12T06:51:36.725+0000] {logging_mixin.py:150} INFO - [2024-09-12T06:51:36.725+0000] {dag.py:3504} INFO - Setting next_dagrun for example_branch_operator to 2024-09-11T00:00:00+00:00, run_after=2024-09-12T00:00:00+00:00
[2024-09-12T06:51:36.758+0000] {processor.py:179} INFO - Processing /home/vscode/.local/lib/python3.10/site-packages/airflow/example_dags/example_branch_operator.py took 0.073 seconds
[2024-09-12T06:52:24.468+0000] {processor.py:157} INFO - Started process (PID=12580) to work on /home/vscode/.local/lib/python3.10/site-packages/airflow/example_dags/example_branch_operator.py
[2024-09-12T06:52:24.469+0000] {processor.py:826} INFO - Processing file /home/vscode/.local/lib/python3.10/site-packages/airflow/example_dags/example_branch_operator.py for tasks to queue
[2024-09-12T06:52:24.470+0000] {logging_mixin.py:150} INFO - [2024-09-12T06:52:24.469+0000] {dagbag.py:541} INFO - Filling up the DagBag from /home/vscode/.local/lib/python3.10/site-packages/airflow/example_dags/example_branch_operator.py
[2024-09-12T06:52:24.481+0000] {processor.py:836} INFO - DAG(s) dict_keys(['example_branch_operator']) retrieved from /home/vscode/.local/lib/python3.10/site-packages/airflow/example_dags/example_branch_operator.py
[2024-09-12T06:52:24.506+0000] {logging_mixin.py:150} INFO - [2024-09-12T06:52:24.506+0000] {dag.py:2742} INFO - Sync 1 DAGs
[2024-09-12T06:52:24.527+0000] {logging_mixin.py:150} INFO - [2024-09-12T06:52:24.527+0000] {dag.py:3504} INFO - Setting next_dagrun for example_branch_operator to 2024-09-11T00:00:00+00:00, run_after=2024-09-12T00:00:00+00:00
[2024-09-12T06:52:24.567+0000] {processor.py:179} INFO - Processing /home/vscode/.local/lib/python3.10/site-packages/airflow/example_dags/example_branch_operator.py took 0.102 seconds
[2024-09-12T06:53:09.971+0000] {processor.py:157} INFO - Started process (PID=12885) to work on /home/vscode/.local/lib/python3.10/site-packages/airflow/example_dags/example_branch_operator.py
[2024-09-12T06:53:09.972+0000] {processor.py:826} INFO - Processing file /home/vscode/.local/lib/python3.10/site-packages/airflow/example_dags/example_branch_operator.py for tasks to queue
[2024-09-12T06:53:09.972+0000] {logging_mixin.py:150} INFO - [2024-09-12T06:53:09.972+0000] {dagbag.py:541} INFO - Filling up the DagBag from /home/vscode/.local/lib/python3.10/site-packages/airflow/example_dags/example_branch_operator.py
[2024-09-12T06:53:09.979+0000] {processor.py:836} INFO - DAG(s) dict_keys(['example_branch_operator']) retrieved from /home/vscode/.local/lib/python3.10/site-packages/airflow/example_dags/example_branch_operator.py
[2024-09-12T06:53:09.992+0000] {logging_mixin.py:150} INFO - [2024-09-12T06:53:09.992+0000] {dag.py:2742} INFO - Sync 1 DAGs
[2024-09-12T06:53:10.007+0000] {logging_mixin.py:150} INFO - [2024-09-12T06:53:10.007+0000] {dag.py:3504} INFO - Setting next_dagrun for example_branch_operator to 2024-09-11T00:00:00+00:00, run_after=2024-09-12T00:00:00+00:00
[2024-09-12T06:53:10.042+0000] {processor.py:179} INFO - Processing /home/vscode/.local/lib/python3.10/site-packages/airflow/example_dags/example_branch_operator.py took 0.073 seconds
[2024-09-12T06:53:55.330+0000] {processor.py:157} INFO - Started process (PID=13195) to work on /home/vscode/.local/lib/python3.10/site-packages/airflow/example_dags/example_branch_operator.py
[2024-09-12T06:53:55.331+0000] {processor.py:826} INFO - Processing file /home/vscode/.local/lib/python3.10/site-packages/airflow/example_dags/example_branch_operator.py for tasks to queue
[2024-09-12T06:53:55.331+0000] {logging_mixin.py:150} INFO - [2024-09-12T06:53:55.331+0000] {dagbag.py:541} INFO - Filling up the DagBag from /home/vscode/.local/lib/python3.10/site-packages/airflow/example_dags/example_branch_operator.py
[2024-09-12T06:53:55.338+0000] {processor.py:836} INFO - DAG(s) dict_keys(['example_branch_operator']) retrieved from /home/vscode/.local/lib/python3.10/site-packages/airflow/example_dags/example_branch_operator.py
[2024-09-12T06:53:55.351+0000] {logging_mixin.py:150} INFO - [2024-09-12T06:53:55.351+0000] {dag.py:2742} INFO - Sync 1 DAGs
[2024-09-12T06:53:55.365+0000] {logging_mixin.py:150} INFO - [2024-09-12T06:53:55.365+0000] {dag.py:3504} INFO - Setting next_dagrun for example_branch_operator to 2024-09-11T00:00:00+00:00, run_after=2024-09-12T00:00:00+00:00
[2024-09-12T06:53:55.398+0000] {processor.py:179} INFO - Processing /home/vscode/.local/lib/python3.10/site-packages/airflow/example_dags/example_branch_operator.py took 0.070 seconds
[2024-09-12T06:54:39.690+0000] {processor.py:157} INFO - Started process (PID=13494) to work on /home/vscode/.local/lib/python3.10/site-packages/airflow/example_dags/example_branch_operator.py
[2024-09-12T06:54:39.690+0000] {processor.py:826} INFO - Processing file /home/vscode/.local/lib/python3.10/site-packages/airflow/example_dags/example_branch_operator.py for tasks to queue
[2024-09-12T06:54:39.691+0000] {logging_mixin.py:150} INFO - [2024-09-12T06:54:39.691+0000] {dagbag.py:541} INFO - Filling up the DagBag from /home/vscode/.local/lib/python3.10/site-packages/airflow/example_dags/example_branch_operator.py
[2024-09-12T06:54:39.698+0000] {processor.py:836} INFO - DAG(s) dict_keys(['example_branch_operator']) retrieved from /home/vscode/.local/lib/python3.10/site-packages/airflow/example_dags/example_branch_operator.py
[2024-09-12T06:54:39.711+0000] {logging_mixin.py:150} INFO - [2024-09-12T06:54:39.711+0000] {dag.py:2742} INFO - Sync 1 DAGs
[2024-09-12T06:54:39.726+0000] {logging_mixin.py:150} INFO - [2024-09-12T06:54:39.725+0000] {dag.py:3504} INFO - Setting next_dagrun for example_branch_operator to 2024-09-11T00:00:00+00:00, run_after=2024-09-12T00:00:00+00:00
[2024-09-12T06:54:39.760+0000] {processor.py:179} INFO - Processing /home/vscode/.local/lib/python3.10/site-packages/airflow/example_dags/example_branch_operator.py took 0.072 seconds
[2024-09-12T06:55:27.256+0000] {processor.py:157} INFO - Started process (PID=13815) to work on /home/vscode/.local/lib/python3.10/site-packages/airflow/example_dags/example_branch_operator.py
[2024-09-12T06:55:27.256+0000] {processor.py:826} INFO - Processing file /home/vscode/.local/lib/python3.10/site-packages/airflow/example_dags/example_branch_operator.py for tasks to queue
[2024-09-12T06:55:27.257+0000] {logging_mixin.py:150} INFO - [2024-09-12T06:55:27.257+0000] {dagbag.py:541} INFO - Filling up the DagBag from /home/vscode/.local/lib/python3.10/site-packages/airflow/example_dags/example_branch_operator.py
[2024-09-12T06:55:27.264+0000] {processor.py:836} INFO - DAG(s) dict_keys(['example_branch_operator']) retrieved from /home/vscode/.local/lib/python3.10/site-packages/airflow/example_dags/example_branch_operator.py
[2024-09-12T06:55:27.277+0000] {logging_mixin.py:150} INFO - [2024-09-12T06:55:27.277+0000] {dag.py:2742} INFO - Sync 1 DAGs
[2024-09-12T06:55:27.291+0000] {logging_mixin.py:150} INFO - [2024-09-12T06:55:27.291+0000] {dag.py:3504} INFO - Setting next_dagrun for example_branch_operator to 2024-09-11T00:00:00+00:00, run_after=2024-09-12T00:00:00+00:00
[2024-09-12T06:55:27.326+0000] {processor.py:179} INFO - Processing /home/vscode/.local/lib/python3.10/site-packages/airflow/example_dags/example_branch_operator.py took 0.072 seconds
[2024-09-12T06:56:12.765+0000] {processor.py:157} INFO - Started process (PID=14114) to work on /home/vscode/.local/lib/python3.10/site-packages/airflow/example_dags/example_branch_operator.py
[2024-09-12T06:56:12.766+0000] {processor.py:826} INFO - Processing file /home/vscode/.local/lib/python3.10/site-packages/airflow/example_dags/example_branch_operator.py for tasks to queue
[2024-09-12T06:56:12.767+0000] {logging_mixin.py:150} INFO - [2024-09-12T06:56:12.767+0000] {dagbag.py:541} INFO - Filling up the DagBag from /home/vscode/.local/lib/python3.10/site-packages/airflow/example_dags/example_branch_operator.py
[2024-09-12T06:56:12.781+0000] {processor.py:836} INFO - DAG(s) dict_keys(['example_branch_operator']) retrieved from /home/vscode/.local/lib/python3.10/site-packages/airflow/example_dags/example_branch_operator.py
[2024-09-12T06:56:12.800+0000] {logging_mixin.py:150} INFO - [2024-09-12T06:56:12.800+0000] {dag.py:2742} INFO - Sync 1 DAGs
[2024-09-12T06:56:12.815+0000] {logging_mixin.py:150} INFO - [2024-09-12T06:56:12.815+0000] {dag.py:3504} INFO - Setting next_dagrun for example_branch_operator to 2024-09-11T00:00:00+00:00, run_after=2024-09-12T00:00:00+00:00
[2024-09-12T06:56:12.861+0000] {processor.py:179} INFO - Processing /home/vscode/.local/lib/python3.10/site-packages/airflow/example_dags/example_branch_operator.py took 0.099 seconds
[2024-09-12T06:57:03.274+0000] {processor.py:157} INFO - Started process (PID=14449) to work on /home/vscode/.local/lib/python3.10/site-packages/airflow/example_dags/example_branch_operator.py
[2024-09-12T06:57:03.275+0000] {processor.py:826} INFO - Processing file /home/vscode/.local/lib/python3.10/site-packages/airflow/example_dags/example_branch_operator.py for tasks to queue
[2024-09-12T06:57:03.276+0000] {logging_mixin.py:150} INFO - [2024-09-12T06:57:03.275+0000] {dagbag.py:541} INFO - Filling up the DagBag from /home/vscode/.local/lib/python3.10/site-packages/airflow/example_dags/example_branch_operator.py
[2024-09-12T06:57:03.282+0000] {processor.py:836} INFO - DAG(s) dict_keys(['example_branch_operator']) retrieved from /home/vscode/.local/lib/python3.10/site-packages/airflow/example_dags/example_branch_operator.py
[2024-09-12T06:57:03.295+0000] {logging_mixin.py:150} INFO - [2024-09-12T06:57:03.295+0000] {dag.py:2742} INFO - Sync 1 DAGs
[2024-09-12T06:57:03.311+0000] {logging_mixin.py:150} INFO - [2024-09-12T06:57:03.310+0000] {dag.py:3504} INFO - Setting next_dagrun for example_branch_operator to 2024-09-11T00:00:00+00:00, run_after=2024-09-12T00:00:00+00:00
[2024-09-12T06:57:03.365+0000] {processor.py:179} INFO - Processing /home/vscode/.local/lib/python3.10/site-packages/airflow/example_dags/example_branch_operator.py took 0.093 seconds
[2024-09-12T06:58:00.205+0000] {processor.py:157} INFO - Started process (PID=14840) to work on /home/vscode/.local/lib/python3.10/site-packages/airflow/example_dags/example_branch_operator.py
[2024-09-12T06:58:00.206+0000] {processor.py:826} INFO - Processing file /home/vscode/.local/lib/python3.10/site-packages/airflow/example_dags/example_branch_operator.py for tasks to queue
[2024-09-12T06:58:00.207+0000] {logging_mixin.py:150} INFO - [2024-09-12T06:58:00.206+0000] {dagbag.py:541} INFO - Filling up the DagBag from /home/vscode/.local/lib/python3.10/site-packages/airflow/example_dags/example_branch_operator.py
[2024-09-12T06:58:00.213+0000] {processor.py:836} INFO - DAG(s) dict_keys(['example_branch_operator']) retrieved from /home/vscode/.local/lib/python3.10/site-packages/airflow/example_dags/example_branch_operator.py
[2024-09-12T06:58:00.226+0000] {logging_mixin.py:150} INFO - [2024-09-12T06:58:00.226+0000] {dag.py:2742} INFO - Sync 1 DAGs
[2024-09-12T06:58:00.240+0000] {logging_mixin.py:150} INFO - [2024-09-12T06:58:00.240+0000] {dag.py:3504} INFO - Setting next_dagrun for example_branch_operator to 2024-09-11T00:00:00+00:00, run_after=2024-09-12T00:00:00+00:00
[2024-09-12T06:58:00.276+0000] {processor.py:179} INFO - Processing /home/vscode/.local/lib/python3.10/site-packages/airflow/example_dags/example_branch_operator.py took 0.072 seconds
[2024-09-12T06:58:43.438+0000] {processor.py:157} INFO - Started process (PID=15128) to work on /home/vscode/.local/lib/python3.10/site-packages/airflow/example_dags/example_branch_operator.py
[2024-09-12T06:58:43.438+0000] {processor.py:826} INFO - Processing file /home/vscode/.local/lib/python3.10/site-packages/airflow/example_dags/example_branch_operator.py for tasks to queue
[2024-09-12T06:58:43.439+0000] {logging_mixin.py:150} INFO - [2024-09-12T06:58:43.438+0000] {dagbag.py:541} INFO - Filling up the DagBag from /home/vscode/.local/lib/python3.10/site-packages/airflow/example_dags/example_branch_operator.py
[2024-09-12T06:58:43.445+0000] {processor.py:836} INFO - DAG(s) dict_keys(['example_branch_operator']) retrieved from /home/vscode/.local/lib/python3.10/site-packages/airflow/example_dags/example_branch_operator.py
[2024-09-12T06:58:43.458+0000] {logging_mixin.py:150} INFO - [2024-09-12T06:58:43.458+0000] {dag.py:2742} INFO - Sync 1 DAGs
[2024-09-12T06:58:43.473+0000] {logging_mixin.py:150} INFO - [2024-09-12T06:58:43.473+0000] {dag.py:3504} INFO - Setting next_dagrun for example_branch_operator to 2024-09-11T00:00:00+00:00, run_after=2024-09-12T00:00:00+00:00
[2024-09-12T06:58:43.516+0000] {processor.py:179} INFO - Processing /home/vscode/.local/lib/python3.10/site-packages/airflow/example_dags/example_branch_operator.py took 0.081 seconds
[2024-09-12T06:59:28.510+0000] {processor.py:157} INFO - Started process (PID=15432) to work on /home/vscode/.local/lib/python3.10/site-packages/airflow/example_dags/example_branch_operator.py
[2024-09-12T06:59:28.511+0000] {processor.py:826} INFO - Processing file /home/vscode/.local/lib/python3.10/site-packages/airflow/example_dags/example_branch_operator.py for tasks to queue
[2024-09-12T06:59:28.511+0000] {logging_mixin.py:150} INFO - [2024-09-12T06:59:28.511+0000] {dagbag.py:541} INFO - Filling up the DagBag from /home/vscode/.local/lib/python3.10/site-packages/airflow/example_dags/example_branch_operator.py
[2024-09-12T06:59:28.518+0000] {processor.py:836} INFO - DAG(s) dict_keys(['example_branch_operator']) retrieved from /home/vscode/.local/lib/python3.10/site-packages/airflow/example_dags/example_branch_operator.py
[2024-09-12T06:59:28.530+0000] {logging_mixin.py:150} INFO - [2024-09-12T06:59:28.530+0000] {dag.py:2742} INFO - Sync 1 DAGs
[2024-09-12T06:59:28.545+0000] {logging_mixin.py:150} INFO - [2024-09-12T06:59:28.545+0000] {dag.py:3504} INFO - Setting next_dagrun for example_branch_operator to 2024-09-11T00:00:00+00:00, run_after=2024-09-12T00:00:00+00:00
[2024-09-12T06:59:28.586+0000] {processor.py:179} INFO - Processing /home/vscode/.local/lib/python3.10/site-packages/airflow/example_dags/example_branch_operator.py took 0.078 seconds
[2024-09-12T07:00:24.676+0000] {processor.py:157} INFO - Started process (PID=15809) to work on /home/vscode/.local/lib/python3.10/site-packages/airflow/example_dags/example_branch_operator.py
[2024-09-12T07:00:24.677+0000] {processor.py:826} INFO - Processing file /home/vscode/.local/lib/python3.10/site-packages/airflow/example_dags/example_branch_operator.py for tasks to queue
[2024-09-12T07:00:24.678+0000] {logging_mixin.py:150} INFO - [2024-09-12T07:00:24.677+0000] {dagbag.py:541} INFO - Filling up the DagBag from /home/vscode/.local/lib/python3.10/site-packages/airflow/example_dags/example_branch_operator.py
[2024-09-12T07:00:24.684+0000] {processor.py:836} INFO - DAG(s) dict_keys(['example_branch_operator']) retrieved from /home/vscode/.local/lib/python3.10/site-packages/airflow/example_dags/example_branch_operator.py
[2024-09-12T07:00:24.699+0000] {logging_mixin.py:150} INFO - [2024-09-12T07:00:24.699+0000] {dag.py:2742} INFO - Sync 1 DAGs
[2024-09-12T07:00:24.714+0000] {logging_mixin.py:150} INFO - [2024-09-12T07:00:24.714+0000] {dag.py:3504} INFO - Setting next_dagrun for example_branch_operator to 2024-09-11T00:00:00+00:00, run_after=2024-09-12T00:00:00+00:00
[2024-09-12T07:00:24.747+0000] {processor.py:179} INFO - Processing /home/vscode/.local/lib/python3.10/site-packages/airflow/example_dags/example_branch_operator.py took 0.073 seconds
[2024-09-12T07:01:10.943+0000] {processor.py:157} INFO - Started process (PID=16120) to work on /home/vscode/.local/lib/python3.10/site-packages/airflow/example_dags/example_branch_operator.py
[2024-09-12T07:01:10.944+0000] {processor.py:826} INFO - Processing file /home/vscode/.local/lib/python3.10/site-packages/airflow/example_dags/example_branch_operator.py for tasks to queue
[2024-09-12T07:01:10.945+0000] {logging_mixin.py:150} INFO - [2024-09-12T07:01:10.944+0000] {dagbag.py:541} INFO - Filling up the DagBag from /home/vscode/.local/lib/python3.10/site-packages/airflow/example_dags/example_branch_operator.py
[2024-09-12T07:01:10.951+0000] {processor.py:836} INFO - DAG(s) dict_keys(['example_branch_operator']) retrieved from /home/vscode/.local/lib/python3.10/site-packages/airflow/example_dags/example_branch_operator.py
[2024-09-12T07:01:10.964+0000] {logging_mixin.py:150} INFO - [2024-09-12T07:01:10.964+0000] {dag.py:2742} INFO - Sync 1 DAGs
[2024-09-12T07:01:10.979+0000] {logging_mixin.py:150} INFO - [2024-09-12T07:01:10.979+0000] {dag.py:3504} INFO - Setting next_dagrun for example_branch_operator to 2024-09-11T00:00:00+00:00, run_after=2024-09-12T00:00:00+00:00
[2024-09-12T07:01:11.012+0000] {processor.py:179} INFO - Processing /home/vscode/.local/lib/python3.10/site-packages/airflow/example_dags/example_branch_operator.py took 0.071 seconds
[2024-09-12T07:01:53.380+0000] {processor.py:157} INFO - Started process (PID=16411) to work on /home/vscode/.local/lib/python3.10/site-packages/airflow/example_dags/example_branch_operator.py
[2024-09-12T07:01:53.381+0000] {processor.py:826} INFO - Processing file /home/vscode/.local/lib/python3.10/site-packages/airflow/example_dags/example_branch_operator.py for tasks to queue
[2024-09-12T07:01:53.381+0000] {logging_mixin.py:150} INFO - [2024-09-12T07:01:53.381+0000] {dagbag.py:541} INFO - Filling up the DagBag from /home/vscode/.local/lib/python3.10/site-packages/airflow/example_dags/example_branch_operator.py
[2024-09-12T07:01:53.388+0000] {processor.py:836} INFO - DAG(s) dict_keys(['example_branch_operator']) retrieved from /home/vscode/.local/lib/python3.10/site-packages/airflow/example_dags/example_branch_operator.py
[2024-09-12T07:01:53.401+0000] {logging_mixin.py:150} INFO - [2024-09-12T07:01:53.401+0000] {dag.py:2742} INFO - Sync 1 DAGs
[2024-09-12T07:01:53.417+0000] {logging_mixin.py:150} INFO - [2024-09-12T07:01:53.416+0000] {dag.py:3504} INFO - Setting next_dagrun for example_branch_operator to 2024-09-11T00:00:00+00:00, run_after=2024-09-12T00:00:00+00:00
[2024-09-12T07:01:53.461+0000] {processor.py:179} INFO - Processing /home/vscode/.local/lib/python3.10/site-packages/airflow/example_dags/example_branch_operator.py took 0.083 seconds
[2024-09-12T07:02:47.706+0000] {processor.py:157} INFO - Started process (PID=16771) to work on /home/vscode/.local/lib/python3.10/site-packages/airflow/example_dags/example_branch_operator.py
[2024-09-12T07:02:47.707+0000] {processor.py:826} INFO - Processing file /home/vscode/.local/lib/python3.10/site-packages/airflow/example_dags/example_branch_operator.py for tasks to queue
[2024-09-12T07:02:47.708+0000] {logging_mixin.py:150} INFO - [2024-09-12T07:02:47.707+0000] {dagbag.py:541} INFO - Filling up the DagBag from /home/vscode/.local/lib/python3.10/site-packages/airflow/example_dags/example_branch_operator.py
[2024-09-12T07:02:47.717+0000] {processor.py:836} INFO - DAG(s) dict_keys(['example_branch_operator']) retrieved from /home/vscode/.local/lib/python3.10/site-packages/airflow/example_dags/example_branch_operator.py
[2024-09-12T07:02:47.730+0000] {logging_mixin.py:150} INFO - [2024-09-12T07:02:47.730+0000] {dag.py:2742} INFO - Sync 1 DAGs
[2024-09-12T07:02:47.745+0000] {logging_mixin.py:150} INFO - [2024-09-12T07:02:47.745+0000] {dag.py:3504} INFO - Setting next_dagrun for example_branch_operator to 2024-09-11T00:00:00+00:00, run_after=2024-09-12T00:00:00+00:00
[2024-09-12T07:02:47.802+0000] {processor.py:179} INFO - Processing /home/vscode/.local/lib/python3.10/site-packages/airflow/example_dags/example_branch_operator.py took 0.100 seconds
[2024-09-12T07:03:36.602+0000] {processor.py:157} INFO - Started process (PID=17120) to work on /home/vscode/.local/lib/python3.10/site-packages/airflow/example_dags/example_branch_operator.py
[2024-09-12T07:03:36.602+0000] {processor.py:826} INFO - Processing file /home/vscode/.local/lib/python3.10/site-packages/airflow/example_dags/example_branch_operator.py for tasks to queue
[2024-09-12T07:03:36.603+0000] {logging_mixin.py:150} INFO - [2024-09-12T07:03:36.603+0000] {dagbag.py:541} INFO - Filling up the DagBag from /home/vscode/.local/lib/python3.10/site-packages/airflow/example_dags/example_branch_operator.py
[2024-09-12T07:03:36.610+0000] {processor.py:836} INFO - DAG(s) dict_keys(['example_branch_operator']) retrieved from /home/vscode/.local/lib/python3.10/site-packages/airflow/example_dags/example_branch_operator.py
[2024-09-12T07:03:36.623+0000] {logging_mixin.py:150} INFO - [2024-09-12T07:03:36.623+0000] {dag.py:2742} INFO - Sync 1 DAGs
[2024-09-12T07:03:36.637+0000] {logging_mixin.py:150} INFO - [2024-09-12T07:03:36.637+0000] {dag.py:3504} INFO - Setting next_dagrun for example_branch_operator to 2024-09-11T00:00:00+00:00, run_after=2024-09-12T00:00:00+00:00
[2024-09-12T07:03:36.679+0000] {processor.py:179} INFO - Processing /home/vscode/.local/lib/python3.10/site-packages/airflow/example_dags/example_branch_operator.py took 0.079 seconds
[2024-09-12T07:04:26.014+0000] {processor.py:157} INFO - Started process (PID=17511) to work on /home/vscode/.local/lib/python3.10/site-packages/airflow/example_dags/example_branch_operator.py
[2024-09-12T07:04:26.015+0000] {processor.py:826} INFO - Processing file /home/vscode/.local/lib/python3.10/site-packages/airflow/example_dags/example_branch_operator.py for tasks to queue
[2024-09-12T07:04:26.016+0000] {logging_mixin.py:150} INFO - [2024-09-12T07:04:26.015+0000] {dagbag.py:541} INFO - Filling up the DagBag from /home/vscode/.local/lib/python3.10/site-packages/airflow/example_dags/example_branch_operator.py
[2024-09-12T07:04:26.023+0000] {processor.py:836} INFO - DAG(s) dict_keys(['example_branch_operator']) retrieved from /home/vscode/.local/lib/python3.10/site-packages/airflow/example_dags/example_branch_operator.py
[2024-09-12T07:04:26.036+0000] {logging_mixin.py:150} INFO - [2024-09-12T07:04:26.036+0000] {dag.py:2742} INFO - Sync 1 DAGs
[2024-09-12T07:04:26.052+0000] {logging_mixin.py:150} INFO - [2024-09-12T07:04:26.052+0000] {dag.py:3504} INFO - Setting next_dagrun for example_branch_operator to 2024-09-11T00:00:00+00:00, run_after=2024-09-12T00:00:00+00:00
[2024-09-12T07:04:26.085+0000] {processor.py:179} INFO - Processing /home/vscode/.local/lib/python3.10/site-packages/airflow/example_dags/example_branch_operator.py took 0.074 seconds
[2024-09-12T07:05:10.301+0000] {processor.py:157} INFO - Started process (PID=17844) to work on /home/vscode/.local/lib/python3.10/site-packages/airflow/example_dags/example_branch_operator.py
[2024-09-12T07:05:10.302+0000] {processor.py:826} INFO - Processing file /home/vscode/.local/lib/python3.10/site-packages/airflow/example_dags/example_branch_operator.py for tasks to queue
[2024-09-12T07:05:10.302+0000] {logging_mixin.py:150} INFO - [2024-09-12T07:05:10.302+0000] {dagbag.py:541} INFO - Filling up the DagBag from /home/vscode/.local/lib/python3.10/site-packages/airflow/example_dags/example_branch_operator.py
[2024-09-12T07:05:10.310+0000] {processor.py:836} INFO - DAG(s) dict_keys(['example_branch_operator']) retrieved from /home/vscode/.local/lib/python3.10/site-packages/airflow/example_dags/example_branch_operator.py
[2024-09-12T07:05:10.323+0000] {logging_mixin.py:150} INFO - [2024-09-12T07:05:10.323+0000] {dag.py:2742} INFO - Sync 1 DAGs
[2024-09-12T07:05:10.338+0000] {logging_mixin.py:150} INFO - [2024-09-12T07:05:10.338+0000] {dag.py:3504} INFO - Setting next_dagrun for example_branch_operator to 2024-09-11T00:00:00+00:00, run_after=2024-09-12T00:00:00+00:00
[2024-09-12T07:05:10.370+0000] {processor.py:179} INFO - Processing /home/vscode/.local/lib/python3.10/site-packages/airflow/example_dags/example_branch_operator.py took 0.071 seconds
[2024-09-12T07:05:55.308+0000] {processor.py:157} INFO - Started process (PID=18267) to work on /home/vscode/.local/lib/python3.10/site-packages/airflow/example_dags/example_branch_operator.py
[2024-09-12T07:05:55.309+0000] {processor.py:826} INFO - Processing file /home/vscode/.local/lib/python3.10/site-packages/airflow/example_dags/example_branch_operator.py for tasks to queue
[2024-09-12T07:05:55.309+0000] {logging_mixin.py:150} INFO - [2024-09-12T07:05:55.309+0000] {dagbag.py:541} INFO - Filling up the DagBag from /home/vscode/.local/lib/python3.10/site-packages/airflow/example_dags/example_branch_operator.py
[2024-09-12T07:05:55.316+0000] {processor.py:836} INFO - DAG(s) dict_keys(['example_branch_operator']) retrieved from /home/vscode/.local/lib/python3.10/site-packages/airflow/example_dags/example_branch_operator.py
[2024-09-12T07:05:55.329+0000] {logging_mixin.py:150} INFO - [2024-09-12T07:05:55.329+0000] {dag.py:2742} INFO - Sync 1 DAGs
[2024-09-12T07:05:55.348+0000] {logging_mixin.py:150} INFO - [2024-09-12T07:05:55.348+0000] {dag.py:3504} INFO - Setting next_dagrun for example_branch_operator to 2024-09-11T00:00:00+00:00, run_after=2024-09-12T00:00:00+00:00
[2024-09-12T07:05:55.404+0000] {processor.py:179} INFO - Processing /home/vscode/.local/lib/python3.10/site-packages/airflow/example_dags/example_branch_operator.py took 0.098 seconds
[2024-09-12T07:06:40.419+0000] {processor.py:157} INFO - Started process (PID=18614) to work on /home/vscode/.local/lib/python3.10/site-packages/airflow/example_dags/example_branch_operator.py
[2024-09-12T07:06:40.420+0000] {processor.py:826} INFO - Processing file /home/vscode/.local/lib/python3.10/site-packages/airflow/example_dags/example_branch_operator.py for tasks to queue
[2024-09-12T07:06:40.420+0000] {logging_mixin.py:150} INFO - [2024-09-12T07:06:40.420+0000] {dagbag.py:541} INFO - Filling up the DagBag from /home/vscode/.local/lib/python3.10/site-packages/airflow/example_dags/example_branch_operator.py
[2024-09-12T07:06:40.427+0000] {processor.py:836} INFO - DAG(s) dict_keys(['example_branch_operator']) retrieved from /home/vscode/.local/lib/python3.10/site-packages/airflow/example_dags/example_branch_operator.py
[2024-09-12T07:06:40.440+0000] {logging_mixin.py:150} INFO - [2024-09-12T07:06:40.440+0000] {dag.py:2742} INFO - Sync 1 DAGs
[2024-09-12T07:06:40.455+0000] {logging_mixin.py:150} INFO - [2024-09-12T07:06:40.455+0000] {dag.py:3504} INFO - Setting next_dagrun for example_branch_operator to 2024-09-11T00:00:00+00:00, run_after=2024-09-12T00:00:00+00:00
[2024-09-12T07:06:40.491+0000] {processor.py:179} INFO - Processing /home/vscode/.local/lib/python3.10/site-packages/airflow/example_dags/example_branch_operator.py took 0.075 seconds
[2024-09-12T07:07:24.416+0000] {processor.py:157} INFO - Started process (PID=18911) to work on /home/vscode/.local/lib/python3.10/site-packages/airflow/example_dags/example_branch_operator.py
[2024-09-12T07:07:24.416+0000] {processor.py:826} INFO - Processing file /home/vscode/.local/lib/python3.10/site-packages/airflow/example_dags/example_branch_operator.py for tasks to queue
[2024-09-12T07:07:24.417+0000] {logging_mixin.py:150} INFO - [2024-09-12T07:07:24.417+0000] {dagbag.py:541} INFO - Filling up the DagBag from /home/vscode/.local/lib/python3.10/site-packages/airflow/example_dags/example_branch_operator.py
[2024-09-12T07:07:24.424+0000] {processor.py:836} INFO - DAG(s) dict_keys(['example_branch_operator']) retrieved from /home/vscode/.local/lib/python3.10/site-packages/airflow/example_dags/example_branch_operator.py
[2024-09-12T07:07:24.437+0000] {logging_mixin.py:150} INFO - [2024-09-12T07:07:24.436+0000] {dag.py:2742} INFO - Sync 1 DAGs
[2024-09-12T07:07:24.452+0000] {logging_mixin.py:150} INFO - [2024-09-12T07:07:24.451+0000] {dag.py:3504} INFO - Setting next_dagrun for example_branch_operator to 2024-09-11T00:00:00+00:00, run_after=2024-09-12T00:00:00+00:00
[2024-09-12T07:07:24.483+0000] {processor.py:179} INFO - Processing /home/vscode/.local/lib/python3.10/site-packages/airflow/example_dags/example_branch_operator.py took 0.069 seconds
[2024-09-12T07:08:08.545+0000] {processor.py:157} INFO - Started process (PID=19224) to work on /home/vscode/.local/lib/python3.10/site-packages/airflow/example_dags/example_branch_operator.py
[2024-09-12T07:08:08.546+0000] {processor.py:826} INFO - Processing file /home/vscode/.local/lib/python3.10/site-packages/airflow/example_dags/example_branch_operator.py for tasks to queue
[2024-09-12T07:08:08.546+0000] {logging_mixin.py:150} INFO - [2024-09-12T07:08:08.546+0000] {dagbag.py:541} INFO - Filling up the DagBag from /home/vscode/.local/lib/python3.10/site-packages/airflow/example_dags/example_branch_operator.py
[2024-09-12T07:08:08.553+0000] {processor.py:836} INFO - DAG(s) dict_keys(['example_branch_operator']) retrieved from /home/vscode/.local/lib/python3.10/site-packages/airflow/example_dags/example_branch_operator.py
[2024-09-12T07:08:08.567+0000] {logging_mixin.py:150} INFO - [2024-09-12T07:08:08.567+0000] {dag.py:2742} INFO - Sync 1 DAGs
[2024-09-12T07:08:08.582+0000] {logging_mixin.py:150} INFO - [2024-09-12T07:08:08.582+0000] {dag.py:3504} INFO - Setting next_dagrun for example_branch_operator to 2024-09-11T00:00:00+00:00, run_after=2024-09-12T00:00:00+00:00
[2024-09-12T07:08:08.618+0000] {processor.py:179} INFO - Processing /home/vscode/.local/lib/python3.10/site-packages/airflow/example_dags/example_branch_operator.py took 0.076 seconds
[2024-09-12T07:08:52.280+0000] {processor.py:157} INFO - Started process (PID=19615) to work on /home/vscode/.local/lib/python3.10/site-packages/airflow/example_dags/example_branch_operator.py
[2024-09-12T07:08:52.281+0000] {processor.py:826} INFO - Processing file /home/vscode/.local/lib/python3.10/site-packages/airflow/example_dags/example_branch_operator.py for tasks to queue
[2024-09-12T07:08:52.281+0000] {logging_mixin.py:150} INFO - [2024-09-12T07:08:52.281+0000] {dagbag.py:541} INFO - Filling up the DagBag from /home/vscode/.local/lib/python3.10/site-packages/airflow/example_dags/example_branch_operator.py
[2024-09-12T07:08:52.288+0000] {processor.py:836} INFO - DAG(s) dict_keys(['example_branch_operator']) retrieved from /home/vscode/.local/lib/python3.10/site-packages/airflow/example_dags/example_branch_operator.py
[2024-09-12T07:08:52.302+0000] {logging_mixin.py:150} INFO - [2024-09-12T07:08:52.302+0000] {dag.py:2742} INFO - Sync 1 DAGs
[2024-09-12T07:08:52.317+0000] {logging_mixin.py:150} INFO - [2024-09-12T07:08:52.317+0000] {dag.py:3504} INFO - Setting next_dagrun for example_branch_operator to 2024-09-11T00:00:00+00:00, run_after=2024-09-12T00:00:00+00:00
[2024-09-12T07:08:52.348+0000] {processor.py:179} INFO - Processing /home/vscode/.local/lib/python3.10/site-packages/airflow/example_dags/example_branch_operator.py took 0.070 seconds
[2024-09-12T07:09:38.416+0000] {processor.py:157} INFO - Started process (PID=19936) to work on /home/vscode/.local/lib/python3.10/site-packages/airflow/example_dags/example_branch_operator.py
[2024-09-12T07:09:38.416+0000] {processor.py:826} INFO - Processing file /home/vscode/.local/lib/python3.10/site-packages/airflow/example_dags/example_branch_operator.py for tasks to queue
[2024-09-12T07:09:38.417+0000] {logging_mixin.py:150} INFO - [2024-09-12T07:09:38.417+0000] {dagbag.py:541} INFO - Filling up the DagBag from /home/vscode/.local/lib/python3.10/site-packages/airflow/example_dags/example_branch_operator.py
[2024-09-12T07:09:38.424+0000] {processor.py:836} INFO - DAG(s) dict_keys(['example_branch_operator']) retrieved from /home/vscode/.local/lib/python3.10/site-packages/airflow/example_dags/example_branch_operator.py
[2024-09-12T07:09:38.437+0000] {logging_mixin.py:150} INFO - [2024-09-12T07:09:38.437+0000] {dag.py:2742} INFO - Sync 1 DAGs
[2024-09-12T07:09:38.452+0000] {logging_mixin.py:150} INFO - [2024-09-12T07:09:38.452+0000] {dag.py:3504} INFO - Setting next_dagrun for example_branch_operator to 2024-09-11T00:00:00+00:00, run_after=2024-09-12T00:00:00+00:00
[2024-09-12T07:09:38.495+0000] {processor.py:179} INFO - Processing /home/vscode/.local/lib/python3.10/site-packages/airflow/example_dags/example_branch_operator.py took 0.081 seconds
