[2024-09-12T06:38:48.950+0000] {processor.py:157} INFO - Started process (PID=6949) to work on /home/vscode/.local/lib/python3.10/site-packages/airflow/example_dags/example_short_circuit_operator.py
[2024-09-12T06:38:48.950+0000] {processor.py:826} INFO - Processing file /home/vscode/.local/lib/python3.10/site-packages/airflow/example_dags/example_short_circuit_operator.py for tasks to queue
[2024-09-12T06:38:48.951+0000] {logging_mixin.py:150} INFO - [2024-09-12T06:38:48.951+0000] {dagbag.py:541} INFO - Filling up the DagBag from /home/vscode/.local/lib/python3.10/site-packages/airflow/example_dags/example_short_circuit_operator.py
[2024-09-12T06:38:48.964+0000] {processor.py:836} INFO - DAG(s) dict_keys(['example_short_circuit_operator']) retrieved from /home/vscode/.local/lib/python3.10/site-packages/airflow/example_dags/example_short_circuit_operator.py
[2024-09-12T06:38:49.185+0000] {logging_mixin.py:150} INFO - [2024-09-12T06:38:49.184+0000] {manager.py:504} INFO - Created Permission View: can edit on DAG:example_short_circuit_operator
[2024-09-12T06:38:49.211+0000] {logging_mixin.py:150} INFO - [2024-09-12T06:38:49.211+0000] {manager.py:504} INFO - Created Permission View: can read on DAG:example_short_circuit_operator
[2024-09-12T06:38:49.241+0000] {logging_mixin.py:150} INFO - [2024-09-12T06:38:49.241+0000] {manager.py:504} INFO - Created Permission View: can delete on DAG:example_short_circuit_operator
[2024-09-12T06:38:49.249+0000] {logging_mixin.py:150} INFO - [2024-09-12T06:38:49.248+0000] {dag.py:2742} INFO - Sync 1 DAGs
[2024-09-12T06:38:49.256+0000] {logging_mixin.py:150} INFO - [2024-09-12T06:38:49.256+0000] {dag.py:2763} INFO - Creating ORM DAG for example_short_circuit_operator
[2024-09-12T06:38:49.262+0000] {logging_mixin.py:150} INFO - [2024-09-12T06:38:49.262+0000] {dag.py:3504} INFO - Setting next_dagrun for example_short_circuit_operator to 2024-09-11T06:38:49.261967+00:00, run_after=2024-09-12T06:38:49.261967+00:00
[2024-09-12T06:38:49.302+0000] {processor.py:179} INFO - Processing /home/vscode/.local/lib/python3.10/site-packages/airflow/example_dags/example_short_circuit_operator.py took 0.356 seconds
[2024-09-12T06:39:21.101+0000] {processor.py:157} INFO - Started process (PID=7323) to work on /home/vscode/.local/lib/python3.10/site-packages/airflow/example_dags/example_short_circuit_operator.py
[2024-09-12T06:39:21.101+0000] {processor.py:826} INFO - Processing file /home/vscode/.local/lib/python3.10/site-packages/airflow/example_dags/example_short_circuit_operator.py for tasks to queue
[2024-09-12T06:39:21.102+0000] {logging_mixin.py:150} INFO - [2024-09-12T06:39:21.102+0000] {dagbag.py:541} INFO - Filling up the DagBag from /home/vscode/.local/lib/python3.10/site-packages/airflow/example_dags/example_short_circuit_operator.py
[2024-09-12T06:39:21.109+0000] {processor.py:836} INFO - DAG(s) dict_keys(['example_short_circuit_operator']) retrieved from /home/vscode/.local/lib/python3.10/site-packages/airflow/example_dags/example_short_circuit_operator.py
[2024-09-12T06:39:21.128+0000] {logging_mixin.py:150} INFO - [2024-09-12T06:39:21.128+0000] {dag.py:2742} INFO - Sync 1 DAGs
[2024-09-12T06:39:21.222+0000] {logging_mixin.py:150} INFO - [2024-09-12T06:39:21.222+0000] {dag.py:3504} INFO - Setting next_dagrun for example_short_circuit_operator to 2024-09-11T06:39:21.221859+00:00, run_after=2024-09-12T06:39:21.221859+00:00
[2024-09-12T06:39:21.267+0000] {processor.py:179} INFO - Processing /home/vscode/.local/lib/python3.10/site-packages/airflow/example_dags/example_short_circuit_operator.py took 0.168 seconds
[2024-09-12T06:40:17.433+0000] {processor.py:157} INFO - Started process (PID=7688) to work on /home/vscode/.local/lib/python3.10/site-packages/airflow/example_dags/example_short_circuit_operator.py
[2024-09-12T06:40:17.433+0000] {processor.py:826} INFO - Processing file /home/vscode/.local/lib/python3.10/site-packages/airflow/example_dags/example_short_circuit_operator.py for tasks to queue
[2024-09-12T06:40:17.434+0000] {logging_mixin.py:150} INFO - [2024-09-12T06:40:17.434+0000] {dagbag.py:541} INFO - Filling up the DagBag from /home/vscode/.local/lib/python3.10/site-packages/airflow/example_dags/example_short_circuit_operator.py
[2024-09-12T06:40:17.440+0000] {processor.py:836} INFO - DAG(s) dict_keys(['example_short_circuit_operator']) retrieved from /home/vscode/.local/lib/python3.10/site-packages/airflow/example_dags/example_short_circuit_operator.py
[2024-09-12T06:40:17.453+0000] {logging_mixin.py:150} INFO - [2024-09-12T06:40:17.453+0000] {dag.py:2742} INFO - Sync 1 DAGs
[2024-09-12T06:40:17.467+0000] {logging_mixin.py:150} INFO - [2024-09-12T06:40:17.467+0000] {dag.py:3504} INFO - Setting next_dagrun for example_short_circuit_operator to 2024-09-11T06:40:17.467425+00:00, run_after=2024-09-12T06:40:17.467425+00:00
[2024-09-12T06:40:17.506+0000] {processor.py:179} INFO - Processing /home/vscode/.local/lib/python3.10/site-packages/airflow/example_dags/example_short_circuit_operator.py took 0.075 seconds
[2024-09-12T06:40:58.760+0000] {processor.py:157} INFO - Started process (PID=7964) to work on /home/vscode/.local/lib/python3.10/site-packages/airflow/example_dags/example_short_circuit_operator.py
[2024-09-12T06:40:58.760+0000] {processor.py:826} INFO - Processing file /home/vscode/.local/lib/python3.10/site-packages/airflow/example_dags/example_short_circuit_operator.py for tasks to queue
[2024-09-12T06:40:58.761+0000] {logging_mixin.py:150} INFO - [2024-09-12T06:40:58.760+0000] {dagbag.py:541} INFO - Filling up the DagBag from /home/vscode/.local/lib/python3.10/site-packages/airflow/example_dags/example_short_circuit_operator.py
[2024-09-12T06:40:58.767+0000] {processor.py:836} INFO - DAG(s) dict_keys(['example_short_circuit_operator']) retrieved from /home/vscode/.local/lib/python3.10/site-packages/airflow/example_dags/example_short_circuit_operator.py
[2024-09-12T06:40:58.780+0000] {logging_mixin.py:150} INFO - [2024-09-12T06:40:58.780+0000] {dag.py:2742} INFO - Sync 1 DAGs
[2024-09-12T06:40:58.793+0000] {logging_mixin.py:150} INFO - [2024-09-12T06:40:58.793+0000] {dag.py:3504} INFO - Setting next_dagrun for example_short_circuit_operator to 2024-09-11T06:40:58.793597+00:00, run_after=2024-09-12T06:40:58.793597+00:00
[2024-09-12T06:40:58.831+0000] {processor.py:179} INFO - Processing /home/vscode/.local/lib/python3.10/site-packages/airflow/example_dags/example_short_circuit_operator.py took 0.074 seconds
[2024-09-12T06:41:41.132+0000] {processor.py:157} INFO - Started process (PID=8258) to work on /home/vscode/.local/lib/python3.10/site-packages/airflow/example_dags/example_short_circuit_operator.py
[2024-09-12T06:41:41.134+0000] {processor.py:826} INFO - Processing file /home/vscode/.local/lib/python3.10/site-packages/airflow/example_dags/example_short_circuit_operator.py for tasks to queue
[2024-09-12T06:41:41.135+0000] {logging_mixin.py:150} INFO - [2024-09-12T06:41:41.135+0000] {dagbag.py:541} INFO - Filling up the DagBag from /home/vscode/.local/lib/python3.10/site-packages/airflow/example_dags/example_short_circuit_operator.py
[2024-09-12T06:41:41.143+0000] {processor.py:836} INFO - DAG(s) dict_keys(['example_short_circuit_operator']) retrieved from /home/vscode/.local/lib/python3.10/site-packages/airflow/example_dags/example_short_circuit_operator.py
[2024-09-12T06:41:41.163+0000] {logging_mixin.py:150} INFO - [2024-09-12T06:41:41.163+0000] {dag.py:2742} INFO - Sync 1 DAGs
[2024-09-12T06:41:41.188+0000] {logging_mixin.py:150} INFO - [2024-09-12T06:41:41.188+0000] {dag.py:3504} INFO - Setting next_dagrun for example_short_circuit_operator to 2024-09-11T06:41:41.188373+00:00, run_after=2024-09-12T06:41:41.188373+00:00
[2024-09-12T06:41:41.232+0000] {processor.py:179} INFO - Processing /home/vscode/.local/lib/python3.10/site-packages/airflow/example_dags/example_short_circuit_operator.py took 0.103 seconds
[2024-09-12T06:42:27.469+0000] {processor.py:157} INFO - Started process (PID=8560) to work on /home/vscode/.local/lib/python3.10/site-packages/airflow/example_dags/example_short_circuit_operator.py
[2024-09-12T06:42:27.469+0000] {processor.py:826} INFO - Processing file /home/vscode/.local/lib/python3.10/site-packages/airflow/example_dags/example_short_circuit_operator.py for tasks to queue
[2024-09-12T06:42:27.470+0000] {logging_mixin.py:150} INFO - [2024-09-12T06:42:27.470+0000] {dagbag.py:541} INFO - Filling up the DagBag from /home/vscode/.local/lib/python3.10/site-packages/airflow/example_dags/example_short_circuit_operator.py
[2024-09-12T06:42:27.476+0000] {processor.py:836} INFO - DAG(s) dict_keys(['example_short_circuit_operator']) retrieved from /home/vscode/.local/lib/python3.10/site-packages/airflow/example_dags/example_short_circuit_operator.py
[2024-09-12T06:42:27.493+0000] {logging_mixin.py:150} INFO - [2024-09-12T06:42:27.493+0000] {dag.py:2742} INFO - Sync 1 DAGs
[2024-09-12T06:42:27.507+0000] {logging_mixin.py:150} INFO - [2024-09-12T06:42:27.507+0000] {dag.py:3504} INFO - Setting next_dagrun for example_short_circuit_operator to 2024-09-11T06:42:27.507213+00:00, run_after=2024-09-12T06:42:27.507213+00:00
[2024-09-12T06:42:27.538+0000] {processor.py:179} INFO - Processing /home/vscode/.local/lib/python3.10/site-packages/airflow/example_dags/example_short_circuit_operator.py took 0.072 seconds
[2024-09-12T06:43:10.425+0000] {processor.py:157} INFO - Started process (PID=8851) to work on /home/vscode/.local/lib/python3.10/site-packages/airflow/example_dags/example_short_circuit_operator.py
[2024-09-12T06:43:10.425+0000] {processor.py:826} INFO - Processing file /home/vscode/.local/lib/python3.10/site-packages/airflow/example_dags/example_short_circuit_operator.py for tasks to queue
[2024-09-12T06:43:10.426+0000] {logging_mixin.py:150} INFO - [2024-09-12T06:43:10.426+0000] {dagbag.py:541} INFO - Filling up the DagBag from /home/vscode/.local/lib/python3.10/site-packages/airflow/example_dags/example_short_circuit_operator.py
[2024-09-12T06:43:10.432+0000] {processor.py:836} INFO - DAG(s) dict_keys(['example_short_circuit_operator']) retrieved from /home/vscode/.local/lib/python3.10/site-packages/airflow/example_dags/example_short_circuit_operator.py
[2024-09-12T06:43:10.445+0000] {logging_mixin.py:150} INFO - [2024-09-12T06:43:10.444+0000] {dag.py:2742} INFO - Sync 1 DAGs
[2024-09-12T06:43:10.458+0000] {logging_mixin.py:150} INFO - [2024-09-12T06:43:10.458+0000] {dag.py:3504} INFO - Setting next_dagrun for example_short_circuit_operator to 2024-09-11T06:43:10.458647+00:00, run_after=2024-09-12T06:43:10.458647+00:00
[2024-09-12T06:43:10.492+0000] {processor.py:179} INFO - Processing /home/vscode/.local/lib/python3.10/site-packages/airflow/example_dags/example_short_circuit_operator.py took 0.070 seconds
[2024-09-12T06:43:53.982+0000] {processor.py:157} INFO - Started process (PID=9148) to work on /home/vscode/.local/lib/python3.10/site-packages/airflow/example_dags/example_short_circuit_operator.py
[2024-09-12T06:43:53.983+0000] {processor.py:826} INFO - Processing file /home/vscode/.local/lib/python3.10/site-packages/airflow/example_dags/example_short_circuit_operator.py for tasks to queue
[2024-09-12T06:43:53.983+0000] {logging_mixin.py:150} INFO - [2024-09-12T06:43:53.983+0000] {dagbag.py:541} INFO - Filling up the DagBag from /home/vscode/.local/lib/python3.10/site-packages/airflow/example_dags/example_short_circuit_operator.py
[2024-09-12T06:43:53.990+0000] {processor.py:836} INFO - DAG(s) dict_keys(['example_short_circuit_operator']) retrieved from /home/vscode/.local/lib/python3.10/site-packages/airflow/example_dags/example_short_circuit_operator.py
[2024-09-12T06:43:54.002+0000] {logging_mixin.py:150} INFO - [2024-09-12T06:43:54.002+0000] {dag.py:2742} INFO - Sync 1 DAGs
[2024-09-12T06:43:54.016+0000] {logging_mixin.py:150} INFO - [2024-09-12T06:43:54.016+0000] {dag.py:3504} INFO - Setting next_dagrun for example_short_circuit_operator to 2024-09-11T06:43:54.016543+00:00, run_after=2024-09-12T06:43:54.016543+00:00
[2024-09-12T06:43:54.045+0000] {processor.py:179} INFO - Processing /home/vscode/.local/lib/python3.10/site-packages/airflow/example_dags/example_short_circuit_operator.py took 0.065 seconds
[2024-09-12T06:44:34.220+0000] {processor.py:157} INFO - Started process (PID=9418) to work on /home/vscode/.local/lib/python3.10/site-packages/airflow/example_dags/example_short_circuit_operator.py
[2024-09-12T06:44:34.220+0000] {processor.py:826} INFO - Processing file /home/vscode/.local/lib/python3.10/site-packages/airflow/example_dags/example_short_circuit_operator.py for tasks to queue
[2024-09-12T06:44:34.221+0000] {logging_mixin.py:150} INFO - [2024-09-12T06:44:34.221+0000] {dagbag.py:541} INFO - Filling up the DagBag from /home/vscode/.local/lib/python3.10/site-packages/airflow/example_dags/example_short_circuit_operator.py
[2024-09-12T06:44:34.227+0000] {processor.py:836} INFO - DAG(s) dict_keys(['example_short_circuit_operator']) retrieved from /home/vscode/.local/lib/python3.10/site-packages/airflow/example_dags/example_short_circuit_operator.py
[2024-09-12T06:44:34.240+0000] {logging_mixin.py:150} INFO - [2024-09-12T06:44:34.240+0000] {dag.py:2742} INFO - Sync 1 DAGs
[2024-09-12T06:44:34.253+0000] {logging_mixin.py:150} INFO - [2024-09-12T06:44:34.253+0000] {dag.py:3504} INFO - Setting next_dagrun for example_short_circuit_operator to 2024-09-11T06:44:34.253273+00:00, run_after=2024-09-12T06:44:34.253273+00:00
[2024-09-12T06:44:34.281+0000] {processor.py:179} INFO - Processing /home/vscode/.local/lib/python3.10/site-packages/airflow/example_dags/example_short_circuit_operator.py took 0.064 seconds
[2024-09-12T06:45:19.242+0000] {processor.py:157} INFO - Started process (PID=9720) to work on /home/vscode/.local/lib/python3.10/site-packages/airflow/example_dags/example_short_circuit_operator.py
[2024-09-12T06:45:19.243+0000] {processor.py:826} INFO - Processing file /home/vscode/.local/lib/python3.10/site-packages/airflow/example_dags/example_short_circuit_operator.py for tasks to queue
[2024-09-12T06:45:19.244+0000] {logging_mixin.py:150} INFO - [2024-09-12T06:45:19.243+0000] {dagbag.py:541} INFO - Filling up the DagBag from /home/vscode/.local/lib/python3.10/site-packages/airflow/example_dags/example_short_circuit_operator.py
[2024-09-12T06:45:19.250+0000] {processor.py:836} INFO - DAG(s) dict_keys(['example_short_circuit_operator']) retrieved from /home/vscode/.local/lib/python3.10/site-packages/airflow/example_dags/example_short_circuit_operator.py
[2024-09-12T06:45:19.262+0000] {logging_mixin.py:150} INFO - [2024-09-12T06:45:19.262+0000] {dag.py:2742} INFO - Sync 1 DAGs
[2024-09-12T06:45:19.276+0000] {logging_mixin.py:150} INFO - [2024-09-12T06:45:19.276+0000] {dag.py:3504} INFO - Setting next_dagrun for example_short_circuit_operator to 2024-09-11T06:45:19.275953+00:00, run_after=2024-09-12T06:45:19.275953+00:00
[2024-09-12T06:45:19.311+0000] {processor.py:179} INFO - Processing /home/vscode/.local/lib/python3.10/site-packages/airflow/example_dags/example_short_circuit_operator.py took 0.071 seconds
[2024-09-12T06:46:04.493+0000] {processor.py:157} INFO - Started process (PID=10022) to work on /home/vscode/.local/lib/python3.10/site-packages/airflow/example_dags/example_short_circuit_operator.py
[2024-09-12T06:46:04.493+0000] {processor.py:826} INFO - Processing file /home/vscode/.local/lib/python3.10/site-packages/airflow/example_dags/example_short_circuit_operator.py for tasks to queue
[2024-09-12T06:46:04.494+0000] {logging_mixin.py:150} INFO - [2024-09-12T06:46:04.494+0000] {dagbag.py:541} INFO - Filling up the DagBag from /home/vscode/.local/lib/python3.10/site-packages/airflow/example_dags/example_short_circuit_operator.py
[2024-09-12T06:46:04.500+0000] {processor.py:836} INFO - DAG(s) dict_keys(['example_short_circuit_operator']) retrieved from /home/vscode/.local/lib/python3.10/site-packages/airflow/example_dags/example_short_circuit_operator.py
[2024-09-12T06:46:04.512+0000] {logging_mixin.py:150} INFO - [2024-09-12T06:46:04.512+0000] {dag.py:2742} INFO - Sync 1 DAGs
[2024-09-12T06:46:04.526+0000] {logging_mixin.py:150} INFO - [2024-09-12T06:46:04.526+0000] {dag.py:3504} INFO - Setting next_dagrun for example_short_circuit_operator to 2024-09-11T06:46:04.526149+00:00, run_after=2024-09-12T06:46:04.526149+00:00
[2024-09-12T06:46:04.559+0000] {processor.py:179} INFO - Processing /home/vscode/.local/lib/python3.10/site-packages/airflow/example_dags/example_short_circuit_operator.py took 0.069 seconds
[2024-09-12T06:46:47.633+0000] {processor.py:157} INFO - Started process (PID=10310) to work on /home/vscode/.local/lib/python3.10/site-packages/airflow/example_dags/example_short_circuit_operator.py
[2024-09-12T06:46:47.633+0000] {processor.py:826} INFO - Processing file /home/vscode/.local/lib/python3.10/site-packages/airflow/example_dags/example_short_circuit_operator.py for tasks to queue
[2024-09-12T06:46:47.634+0000] {logging_mixin.py:150} INFO - [2024-09-12T06:46:47.634+0000] {dagbag.py:541} INFO - Filling up the DagBag from /home/vscode/.local/lib/python3.10/site-packages/airflow/example_dags/example_short_circuit_operator.py
[2024-09-12T06:46:47.640+0000] {processor.py:836} INFO - DAG(s) dict_keys(['example_short_circuit_operator']) retrieved from /home/vscode/.local/lib/python3.10/site-packages/airflow/example_dags/example_short_circuit_operator.py
[2024-09-12T06:46:47.656+0000] {logging_mixin.py:150} INFO - [2024-09-12T06:46:47.656+0000] {dag.py:2742} INFO - Sync 1 DAGs
[2024-09-12T06:46:47.671+0000] {logging_mixin.py:150} INFO - [2024-09-12T06:46:47.671+0000] {dag.py:3504} INFO - Setting next_dagrun for example_short_circuit_operator to 2024-09-11T06:46:47.671471+00:00, run_after=2024-09-12T06:46:47.671471+00:00
[2024-09-12T06:46:47.719+0000] {processor.py:179} INFO - Processing /home/vscode/.local/lib/python3.10/site-packages/airflow/example_dags/example_short_circuit_operator.py took 0.089 seconds
[2024-09-12T06:47:34.070+0000] {processor.py:157} INFO - Started process (PID=10628) to work on /home/vscode/.local/lib/python3.10/site-packages/airflow/example_dags/example_short_circuit_operator.py
[2024-09-12T06:47:34.071+0000] {processor.py:826} INFO - Processing file /home/vscode/.local/lib/python3.10/site-packages/airflow/example_dags/example_short_circuit_operator.py for tasks to queue
[2024-09-12T06:47:34.071+0000] {logging_mixin.py:150} INFO - [2024-09-12T06:47:34.071+0000] {dagbag.py:541} INFO - Filling up the DagBag from /home/vscode/.local/lib/python3.10/site-packages/airflow/example_dags/example_short_circuit_operator.py
[2024-09-12T06:47:34.077+0000] {processor.py:836} INFO - DAG(s) dict_keys(['example_short_circuit_operator']) retrieved from /home/vscode/.local/lib/python3.10/site-packages/airflow/example_dags/example_short_circuit_operator.py
[2024-09-12T06:47:34.092+0000] {logging_mixin.py:150} INFO - [2024-09-12T06:47:34.091+0000] {dag.py:2742} INFO - Sync 1 DAGs
[2024-09-12T06:47:34.105+0000] {logging_mixin.py:150} INFO - [2024-09-12T06:47:34.105+0000] {dag.py:3504} INFO - Setting next_dagrun for example_short_circuit_operator to 2024-09-11T06:47:34.105187+00:00, run_after=2024-09-12T06:47:34.105187+00:00
[2024-09-12T06:47:34.139+0000] {processor.py:179} INFO - Processing /home/vscode/.local/lib/python3.10/site-packages/airflow/example_dags/example_short_circuit_operator.py took 0.072 seconds
[2024-09-12T06:48:04.877+0000] {processor.py:157} INFO - Started process (PID=10830) to work on /home/vscode/.local/lib/python3.10/site-packages/airflow/example_dags/example_short_circuit_operator.py
[2024-09-12T06:48:04.878+0000] {processor.py:826} INFO - Processing file /home/vscode/.local/lib/python3.10/site-packages/airflow/example_dags/example_short_circuit_operator.py for tasks to queue
[2024-09-12T06:48:04.878+0000] {logging_mixin.py:150} INFO - [2024-09-12T06:48:04.878+0000] {dagbag.py:541} INFO - Filling up the DagBag from /home/vscode/.local/lib/python3.10/site-packages/airflow/example_dags/example_short_circuit_operator.py
[2024-09-12T06:48:04.884+0000] {processor.py:836} INFO - DAG(s) dict_keys(['example_short_circuit_operator']) retrieved from /home/vscode/.local/lib/python3.10/site-packages/airflow/example_dags/example_short_circuit_operator.py
[2024-09-12T06:48:04.897+0000] {logging_mixin.py:150} INFO - [2024-09-12T06:48:04.897+0000] {dag.py:2742} INFO - Sync 1 DAGs
[2024-09-12T06:48:04.911+0000] {logging_mixin.py:150} INFO - [2024-09-12T06:48:04.911+0000] {dag.py:3504} INFO - Setting next_dagrun for example_short_circuit_operator to 2024-09-11T06:48:04.911529+00:00, run_after=2024-09-12T06:48:04.911529+00:00
[2024-09-12T06:48:04.937+0000] {processor.py:179} INFO - Processing /home/vscode/.local/lib/python3.10/site-packages/airflow/example_dags/example_short_circuit_operator.py took 0.062 seconds
[2024-09-12T06:48:45.432+0000] {processor.py:157} INFO - Started process (PID=11107) to work on /home/vscode/.local/lib/python3.10/site-packages/airflow/example_dags/example_short_circuit_operator.py
[2024-09-12T06:48:45.432+0000] {processor.py:826} INFO - Processing file /home/vscode/.local/lib/python3.10/site-packages/airflow/example_dags/example_short_circuit_operator.py for tasks to queue
[2024-09-12T06:48:45.433+0000] {logging_mixin.py:150} INFO - [2024-09-12T06:48:45.433+0000] {dagbag.py:541} INFO - Filling up the DagBag from /home/vscode/.local/lib/python3.10/site-packages/airflow/example_dags/example_short_circuit_operator.py
[2024-09-12T06:48:45.439+0000] {processor.py:836} INFO - DAG(s) dict_keys(['example_short_circuit_operator']) retrieved from /home/vscode/.local/lib/python3.10/site-packages/airflow/example_dags/example_short_circuit_operator.py
[2024-09-12T06:48:45.452+0000] {logging_mixin.py:150} INFO - [2024-09-12T06:48:45.451+0000] {dag.py:2742} INFO - Sync 1 DAGs
[2024-09-12T06:48:45.465+0000] {logging_mixin.py:150} INFO - [2024-09-12T06:48:45.465+0000] {dag.py:3504} INFO - Setting next_dagrun for example_short_circuit_operator to 2024-09-11T06:48:45.465303+00:00, run_after=2024-09-12T06:48:45.465303+00:00
[2024-09-12T06:48:45.499+0000] {processor.py:179} INFO - Processing /home/vscode/.local/lib/python3.10/site-packages/airflow/example_dags/example_short_circuit_operator.py took 0.069 seconds
[2024-09-12T06:49:29.798+0000] {processor.py:157} INFO - Started process (PID=11405) to work on /home/vscode/.local/lib/python3.10/site-packages/airflow/example_dags/example_short_circuit_operator.py
[2024-09-12T06:49:29.799+0000] {processor.py:826} INFO - Processing file /home/vscode/.local/lib/python3.10/site-packages/airflow/example_dags/example_short_circuit_operator.py for tasks to queue
[2024-09-12T06:49:29.800+0000] {logging_mixin.py:150} INFO - [2024-09-12T06:49:29.799+0000] {dagbag.py:541} INFO - Filling up the DagBag from /home/vscode/.local/lib/python3.10/site-packages/airflow/example_dags/example_short_circuit_operator.py
[2024-09-12T06:49:29.805+0000] {processor.py:836} INFO - DAG(s) dict_keys(['example_short_circuit_operator']) retrieved from /home/vscode/.local/lib/python3.10/site-packages/airflow/example_dags/example_short_circuit_operator.py
[2024-09-12T06:49:29.818+0000] {logging_mixin.py:150} INFO - [2024-09-12T06:49:29.818+0000] {dag.py:2742} INFO - Sync 1 DAGs
[2024-09-12T06:49:29.832+0000] {logging_mixin.py:150} INFO - [2024-09-12T06:49:29.832+0000] {dag.py:3504} INFO - Setting next_dagrun for example_short_circuit_operator to 2024-09-11T06:49:29.831959+00:00, run_after=2024-09-12T06:49:29.831959+00:00
[2024-09-12T06:49:29.867+0000] {processor.py:179} INFO - Processing /home/vscode/.local/lib/python3.10/site-packages/airflow/example_dags/example_short_circuit_operator.py took 0.071 seconds
[2024-09-12T06:50:08.286+0000] {processor.py:157} INFO - Started process (PID=11671) to work on /home/vscode/.local/lib/python3.10/site-packages/airflow/example_dags/example_short_circuit_operator.py
[2024-09-12T06:50:08.287+0000] {processor.py:826} INFO - Processing file /home/vscode/.local/lib/python3.10/site-packages/airflow/example_dags/example_short_circuit_operator.py for tasks to queue
[2024-09-12T06:50:08.288+0000] {logging_mixin.py:150} INFO - [2024-09-12T06:50:08.287+0000] {dagbag.py:541} INFO - Filling up the DagBag from /home/vscode/.local/lib/python3.10/site-packages/airflow/example_dags/example_short_circuit_operator.py
[2024-09-12T06:50:08.295+0000] {processor.py:836} INFO - DAG(s) dict_keys(['example_short_circuit_operator']) retrieved from /home/vscode/.local/lib/python3.10/site-packages/airflow/example_dags/example_short_circuit_operator.py
[2024-09-12T06:50:08.308+0000] {logging_mixin.py:150} INFO - [2024-09-12T06:50:08.308+0000] {dag.py:2742} INFO - Sync 1 DAGs
[2024-09-12T06:50:08.325+0000] {logging_mixin.py:150} INFO - [2024-09-12T06:50:08.324+0000] {dag.py:3504} INFO - Setting next_dagrun for example_short_circuit_operator to 2024-09-11T06:50:08.324653+00:00, run_after=2024-09-12T06:50:08.324653+00:00
[2024-09-12T06:50:08.370+0000] {processor.py:179} INFO - Processing /home/vscode/.local/lib/python3.10/site-packages/airflow/example_dags/example_short_circuit_operator.py took 0.086 seconds
[2024-09-12T06:50:52.340+0000] {processor.py:157} INFO - Started process (PID=11958) to work on /home/vscode/.local/lib/python3.10/site-packages/airflow/example_dags/example_short_circuit_operator.py
[2024-09-12T06:50:52.341+0000] {processor.py:826} INFO - Processing file /home/vscode/.local/lib/python3.10/site-packages/airflow/example_dags/example_short_circuit_operator.py for tasks to queue
[2024-09-12T06:50:52.342+0000] {logging_mixin.py:150} INFO - [2024-09-12T06:50:52.342+0000] {dagbag.py:541} INFO - Filling up the DagBag from /home/vscode/.local/lib/python3.10/site-packages/airflow/example_dags/example_short_circuit_operator.py
[2024-09-12T06:50:52.351+0000] {processor.py:836} INFO - DAG(s) dict_keys(['example_short_circuit_operator']) retrieved from /home/vscode/.local/lib/python3.10/site-packages/airflow/example_dags/example_short_circuit_operator.py
[2024-09-12T06:50:52.371+0000] {logging_mixin.py:150} INFO - [2024-09-12T06:50:52.371+0000] {dag.py:2742} INFO - Sync 1 DAGs
[2024-09-12T06:50:52.391+0000] {logging_mixin.py:150} INFO - [2024-09-12T06:50:52.391+0000] {dag.py:3504} INFO - Setting next_dagrun for example_short_circuit_operator to 2024-09-11T06:50:52.391380+00:00, run_after=2024-09-12T06:50:52.391380+00:00
[2024-09-12T06:50:52.440+0000] {processor.py:179} INFO - Processing /home/vscode/.local/lib/python3.10/site-packages/airflow/example_dags/example_short_circuit_operator.py took 0.102 seconds
[2024-09-12T06:51:26.381+0000] {processor.py:157} INFO - Started process (PID=12192) to work on /home/vscode/.local/lib/python3.10/site-packages/airflow/example_dags/example_short_circuit_operator.py
[2024-09-12T06:51:26.382+0000] {processor.py:826} INFO - Processing file /home/vscode/.local/lib/python3.10/site-packages/airflow/example_dags/example_short_circuit_operator.py for tasks to queue
[2024-09-12T06:51:26.382+0000] {logging_mixin.py:150} INFO - [2024-09-12T06:51:26.382+0000] {dagbag.py:541} INFO - Filling up the DagBag from /home/vscode/.local/lib/python3.10/site-packages/airflow/example_dags/example_short_circuit_operator.py
[2024-09-12T06:51:26.388+0000] {processor.py:836} INFO - DAG(s) dict_keys(['example_short_circuit_operator']) retrieved from /home/vscode/.local/lib/python3.10/site-packages/airflow/example_dags/example_short_circuit_operator.py
[2024-09-12T06:51:26.401+0000] {logging_mixin.py:150} INFO - [2024-09-12T06:51:26.401+0000] {dag.py:2742} INFO - Sync 1 DAGs
[2024-09-12T06:51:26.415+0000] {logging_mixin.py:150} INFO - [2024-09-12T06:51:26.415+0000] {dag.py:3504} INFO - Setting next_dagrun for example_short_circuit_operator to 2024-09-11T06:51:26.415202+00:00, run_after=2024-09-12T06:51:26.415202+00:00
[2024-09-12T06:51:26.440+0000] {processor.py:179} INFO - Processing /home/vscode/.local/lib/python3.10/site-packages/airflow/example_dags/example_short_circuit_operator.py took 0.061 seconds
[2024-09-12T06:52:12.726+0000] {processor.py:157} INFO - Started process (PID=12502) to work on /home/vscode/.local/lib/python3.10/site-packages/airflow/example_dags/example_short_circuit_operator.py
[2024-09-12T06:52:12.727+0000] {processor.py:826} INFO - Processing file /home/vscode/.local/lib/python3.10/site-packages/airflow/example_dags/example_short_circuit_operator.py for tasks to queue
[2024-09-12T06:52:12.728+0000] {logging_mixin.py:150} INFO - [2024-09-12T06:52:12.727+0000] {dagbag.py:541} INFO - Filling up the DagBag from /home/vscode/.local/lib/python3.10/site-packages/airflow/example_dags/example_short_circuit_operator.py
[2024-09-12T06:52:12.733+0000] {processor.py:836} INFO - DAG(s) dict_keys(['example_short_circuit_operator']) retrieved from /home/vscode/.local/lib/python3.10/site-packages/airflow/example_dags/example_short_circuit_operator.py
[2024-09-12T06:52:12.746+0000] {logging_mixin.py:150} INFO - [2024-09-12T06:52:12.746+0000] {dag.py:2742} INFO - Sync 1 DAGs
[2024-09-12T06:52:12.760+0000] {logging_mixin.py:150} INFO - [2024-09-12T06:52:12.760+0000] {dag.py:3504} INFO - Setting next_dagrun for example_short_circuit_operator to 2024-09-11T06:52:12.759956+00:00, run_after=2024-09-12T06:52:12.759956+00:00
[2024-09-12T06:52:12.788+0000] {processor.py:179} INFO - Processing /home/vscode/.local/lib/python3.10/site-packages/airflow/example_dags/example_short_circuit_operator.py took 0.064 seconds
[2024-09-12T06:52:58.236+0000] {processor.py:157} INFO - Started process (PID=12806) to work on /home/vscode/.local/lib/python3.10/site-packages/airflow/example_dags/example_short_circuit_operator.py
[2024-09-12T06:52:58.236+0000] {processor.py:826} INFO - Processing file /home/vscode/.local/lib/python3.10/site-packages/airflow/example_dags/example_short_circuit_operator.py for tasks to queue
[2024-09-12T06:52:58.237+0000] {logging_mixin.py:150} INFO - [2024-09-12T06:52:58.237+0000] {dagbag.py:541} INFO - Filling up the DagBag from /home/vscode/.local/lib/python3.10/site-packages/airflow/example_dags/example_short_circuit_operator.py
[2024-09-12T06:52:58.243+0000] {processor.py:836} INFO - DAG(s) dict_keys(['example_short_circuit_operator']) retrieved from /home/vscode/.local/lib/python3.10/site-packages/airflow/example_dags/example_short_circuit_operator.py
[2024-09-12T06:52:58.256+0000] {logging_mixin.py:150} INFO - [2024-09-12T06:52:58.255+0000] {dag.py:2742} INFO - Sync 1 DAGs
[2024-09-12T06:52:58.269+0000] {logging_mixin.py:150} INFO - [2024-09-12T06:52:58.269+0000] {dag.py:3504} INFO - Setting next_dagrun for example_short_circuit_operator to 2024-09-11T06:52:58.269081+00:00, run_after=2024-09-12T06:52:58.269081+00:00
[2024-09-12T06:52:58.311+0000] {processor.py:179} INFO - Processing /home/vscode/.local/lib/python3.10/site-packages/airflow/example_dags/example_short_circuit_operator.py took 0.077 seconds
[2024-09-12T06:53:41.660+0000] {processor.py:157} INFO - Started process (PID=13097) to work on /home/vscode/.local/lib/python3.10/site-packages/airflow/example_dags/example_short_circuit_operator.py
[2024-09-12T06:53:41.660+0000] {processor.py:826} INFO - Processing file /home/vscode/.local/lib/python3.10/site-packages/airflow/example_dags/example_short_circuit_operator.py for tasks to queue
[2024-09-12T06:53:41.661+0000] {logging_mixin.py:150} INFO - [2024-09-12T06:53:41.661+0000] {dagbag.py:541} INFO - Filling up the DagBag from /home/vscode/.local/lib/python3.10/site-packages/airflow/example_dags/example_short_circuit_operator.py
[2024-09-12T06:53:41.667+0000] {processor.py:836} INFO - DAG(s) dict_keys(['example_short_circuit_operator']) retrieved from /home/vscode/.local/lib/python3.10/site-packages/airflow/example_dags/example_short_circuit_operator.py
[2024-09-12T06:53:41.680+0000] {logging_mixin.py:150} INFO - [2024-09-12T06:53:41.679+0000] {dag.py:2742} INFO - Sync 1 DAGs
[2024-09-12T06:53:41.693+0000] {logging_mixin.py:150} INFO - [2024-09-12T06:53:41.693+0000] {dag.py:3504} INFO - Setting next_dagrun for example_short_circuit_operator to 2024-09-11T06:53:41.693516+00:00, run_after=2024-09-12T06:53:41.693516+00:00
[2024-09-12T06:53:41.723+0000] {processor.py:179} INFO - Processing /home/vscode/.local/lib/python3.10/site-packages/airflow/example_dags/example_short_circuit_operator.py took 0.066 seconds
[2024-09-12T06:54:14.998+0000] {processor.py:157} INFO - Started process (PID=13322) to work on /home/vscode/.local/lib/python3.10/site-packages/airflow/example_dags/example_short_circuit_operator.py
[2024-09-12T06:54:14.999+0000] {processor.py:826} INFO - Processing file /home/vscode/.local/lib/python3.10/site-packages/airflow/example_dags/example_short_circuit_operator.py for tasks to queue
[2024-09-12T06:54:14.999+0000] {logging_mixin.py:150} INFO - [2024-09-12T06:54:14.999+0000] {dagbag.py:541} INFO - Filling up the DagBag from /home/vscode/.local/lib/python3.10/site-packages/airflow/example_dags/example_short_circuit_operator.py
[2024-09-12T06:54:15.005+0000] {processor.py:836} INFO - DAG(s) dict_keys(['example_short_circuit_operator']) retrieved from /home/vscode/.local/lib/python3.10/site-packages/airflow/example_dags/example_short_circuit_operator.py
[2024-09-12T06:54:15.018+0000] {logging_mixin.py:150} INFO - [2024-09-12T06:54:15.018+0000] {dag.py:2742} INFO - Sync 1 DAGs
[2024-09-12T06:54:15.032+0000] {logging_mixin.py:150} INFO - [2024-09-12T06:54:15.032+0000] {dag.py:3504} INFO - Setting next_dagrun for example_short_circuit_operator to 2024-09-11T06:54:15.032073+00:00, run_after=2024-09-12T06:54:15.032073+00:00
[2024-09-12T06:54:15.064+0000] {processor.py:179} INFO - Processing /home/vscode/.local/lib/python3.10/site-packages/airflow/example_dags/example_short_circuit_operator.py took 0.069 seconds
[2024-09-12T06:55:00.302+0000] {processor.py:157} INFO - Started process (PID=13632) to work on /home/vscode/.local/lib/python3.10/site-packages/airflow/example_dags/example_short_circuit_operator.py
[2024-09-12T06:55:00.303+0000] {processor.py:826} INFO - Processing file /home/vscode/.local/lib/python3.10/site-packages/airflow/example_dags/example_short_circuit_operator.py for tasks to queue
[2024-09-12T06:55:00.304+0000] {logging_mixin.py:150} INFO - [2024-09-12T06:55:00.303+0000] {dagbag.py:541} INFO - Filling up the DagBag from /home/vscode/.local/lib/python3.10/site-packages/airflow/example_dags/example_short_circuit_operator.py
[2024-09-12T06:55:00.310+0000] {processor.py:836} INFO - DAG(s) dict_keys(['example_short_circuit_operator']) retrieved from /home/vscode/.local/lib/python3.10/site-packages/airflow/example_dags/example_short_circuit_operator.py
[2024-09-12T06:55:00.322+0000] {logging_mixin.py:150} INFO - [2024-09-12T06:55:00.322+0000] {dag.py:2742} INFO - Sync 1 DAGs
[2024-09-12T06:55:00.339+0000] {logging_mixin.py:150} INFO - [2024-09-12T06:55:00.339+0000] {dag.py:3504} INFO - Setting next_dagrun for example_short_circuit_operator to 2024-09-11T06:55:00.338885+00:00, run_after=2024-09-12T06:55:00.338885+00:00
[2024-09-12T06:55:00.385+0000] {processor.py:179} INFO - Processing /home/vscode/.local/lib/python3.10/site-packages/airflow/example_dags/example_short_circuit_operator.py took 0.085 seconds
[2024-09-12T06:55:44.445+0000] {processor.py:157} INFO - Started process (PID=13928) to work on /home/vscode/.local/lib/python3.10/site-packages/airflow/example_dags/example_short_circuit_operator.py
[2024-09-12T06:55:44.446+0000] {processor.py:826} INFO - Processing file /home/vscode/.local/lib/python3.10/site-packages/airflow/example_dags/example_short_circuit_operator.py for tasks to queue
[2024-09-12T06:55:44.447+0000] {logging_mixin.py:150} INFO - [2024-09-12T06:55:44.447+0000] {dagbag.py:541} INFO - Filling up the DagBag from /home/vscode/.local/lib/python3.10/site-packages/airflow/example_dags/example_short_circuit_operator.py
[2024-09-12T06:55:44.456+0000] {processor.py:836} INFO - DAG(s) dict_keys(['example_short_circuit_operator']) retrieved from /home/vscode/.local/lib/python3.10/site-packages/airflow/example_dags/example_short_circuit_operator.py
[2024-09-12T06:55:44.474+0000] {logging_mixin.py:150} INFO - [2024-09-12T06:55:44.474+0000] {dag.py:2742} INFO - Sync 1 DAGs
[2024-09-12T06:55:44.495+0000] {logging_mixin.py:150} INFO - [2024-09-12T06:55:44.495+0000] {dag.py:3504} INFO - Setting next_dagrun for example_short_circuit_operator to 2024-09-11T06:55:44.494831+00:00, run_after=2024-09-12T06:55:44.494831+00:00
[2024-09-12T06:55:44.528+0000] {processor.py:179} INFO - Processing /home/vscode/.local/lib/python3.10/site-packages/airflow/example_dags/example_short_circuit_operator.py took 0.085 seconds
[2024-09-12T06:56:17.700+0000] {processor.py:157} INFO - Started process (PID=14151) to work on /home/vscode/.local/lib/python3.10/site-packages/airflow/example_dags/example_short_circuit_operator.py
[2024-09-12T06:56:17.701+0000] {processor.py:826} INFO - Processing file /home/vscode/.local/lib/python3.10/site-packages/airflow/example_dags/example_short_circuit_operator.py for tasks to queue
[2024-09-12T06:56:17.701+0000] {logging_mixin.py:150} INFO - [2024-09-12T06:56:17.701+0000] {dagbag.py:541} INFO - Filling up the DagBag from /home/vscode/.local/lib/python3.10/site-packages/airflow/example_dags/example_short_circuit_operator.py
[2024-09-12T06:56:17.707+0000] {processor.py:836} INFO - DAG(s) dict_keys(['example_short_circuit_operator']) retrieved from /home/vscode/.local/lib/python3.10/site-packages/airflow/example_dags/example_short_circuit_operator.py
[2024-09-12T06:56:17.721+0000] {logging_mixin.py:150} INFO - [2024-09-12T06:56:17.721+0000] {dag.py:2742} INFO - Sync 1 DAGs
[2024-09-12T06:56:17.735+0000] {logging_mixin.py:150} INFO - [2024-09-12T06:56:17.735+0000] {dag.py:3504} INFO - Setting next_dagrun for example_short_circuit_operator to 2024-09-11T06:56:17.735680+00:00, run_after=2024-09-12T06:56:17.735680+00:00
[2024-09-12T06:56:17.768+0000] {processor.py:179} INFO - Processing /home/vscode/.local/lib/python3.10/site-packages/airflow/example_dags/example_short_circuit_operator.py took 0.070 seconds
[2024-09-12T06:56:51.620+0000] {processor.py:157} INFO - Started process (PID=14376) to work on /home/vscode/.local/lib/python3.10/site-packages/airflow/example_dags/example_short_circuit_operator.py
[2024-09-12T06:56:51.620+0000] {processor.py:826} INFO - Processing file /home/vscode/.local/lib/python3.10/site-packages/airflow/example_dags/example_short_circuit_operator.py for tasks to queue
[2024-09-12T06:56:51.621+0000] {logging_mixin.py:150} INFO - [2024-09-12T06:56:51.621+0000] {dagbag.py:541} INFO - Filling up the DagBag from /home/vscode/.local/lib/python3.10/site-packages/airflow/example_dags/example_short_circuit_operator.py
[2024-09-12T06:56:51.630+0000] {processor.py:836} INFO - DAG(s) dict_keys(['example_short_circuit_operator']) retrieved from /home/vscode/.local/lib/python3.10/site-packages/airflow/example_dags/example_short_circuit_operator.py
[2024-09-12T06:56:51.649+0000] {logging_mixin.py:150} INFO - [2024-09-12T06:56:51.649+0000] {dag.py:2742} INFO - Sync 1 DAGs
[2024-09-12T06:56:51.669+0000] {logging_mixin.py:150} INFO - [2024-09-12T06:56:51.669+0000] {dag.py:3504} INFO - Setting next_dagrun for example_short_circuit_operator to 2024-09-11T06:56:51.669110+00:00, run_after=2024-09-12T06:56:51.669110+00:00
[2024-09-12T06:56:51.753+0000] {processor.py:179} INFO - Processing /home/vscode/.local/lib/python3.10/site-packages/airflow/example_dags/example_short_circuit_operator.py took 0.136 seconds
[2024-09-12T06:57:34.497+0000] {processor.py:157} INFO - Started process (PID=14665) to work on /home/vscode/.local/lib/python3.10/site-packages/airflow/example_dags/example_short_circuit_operator.py
[2024-09-12T06:57:34.497+0000] {processor.py:826} INFO - Processing file /home/vscode/.local/lib/python3.10/site-packages/airflow/example_dags/example_short_circuit_operator.py for tasks to queue
[2024-09-12T06:57:34.498+0000] {logging_mixin.py:150} INFO - [2024-09-12T06:57:34.498+0000] {dagbag.py:541} INFO - Filling up the DagBag from /home/vscode/.local/lib/python3.10/site-packages/airflow/example_dags/example_short_circuit_operator.py
[2024-09-12T06:57:34.504+0000] {processor.py:836} INFO - DAG(s) dict_keys(['example_short_circuit_operator']) retrieved from /home/vscode/.local/lib/python3.10/site-packages/airflow/example_dags/example_short_circuit_operator.py
[2024-09-12T06:57:34.517+0000] {logging_mixin.py:150} INFO - [2024-09-12T06:57:34.517+0000] {dag.py:2742} INFO - Sync 1 DAGs
[2024-09-12T06:57:34.530+0000] {logging_mixin.py:150} INFO - [2024-09-12T06:57:34.530+0000] {dag.py:3504} INFO - Setting next_dagrun for example_short_circuit_operator to 2024-09-11T06:57:34.530623+00:00, run_after=2024-09-12T06:57:34.530623+00:00
[2024-09-12T06:57:34.564+0000] {processor.py:179} INFO - Processing /home/vscode/.local/lib/python3.10/site-packages/airflow/example_dags/example_short_circuit_operator.py took 0.069 seconds
[2024-09-12T06:58:19.164+0000] {processor.py:157} INFO - Started process (PID=14963) to work on /home/vscode/.local/lib/python3.10/site-packages/airflow/example_dags/example_short_circuit_operator.py
[2024-09-12T06:58:19.165+0000] {processor.py:826} INFO - Processing file /home/vscode/.local/lib/python3.10/site-packages/airflow/example_dags/example_short_circuit_operator.py for tasks to queue
[2024-09-12T06:58:19.166+0000] {logging_mixin.py:150} INFO - [2024-09-12T06:58:19.165+0000] {dagbag.py:541} INFO - Filling up the DagBag from /home/vscode/.local/lib/python3.10/site-packages/airflow/example_dags/example_short_circuit_operator.py
[2024-09-12T06:58:19.172+0000] {processor.py:836} INFO - DAG(s) dict_keys(['example_short_circuit_operator']) retrieved from /home/vscode/.local/lib/python3.10/site-packages/airflow/example_dags/example_short_circuit_operator.py
[2024-09-12T06:58:19.184+0000] {logging_mixin.py:150} INFO - [2024-09-12T06:58:19.184+0000] {dag.py:2742} INFO - Sync 1 DAGs
[2024-09-12T06:58:19.198+0000] {logging_mixin.py:150} INFO - [2024-09-12T06:58:19.198+0000] {dag.py:3504} INFO - Setting next_dagrun for example_short_circuit_operator to 2024-09-11T06:58:19.197964+00:00, run_after=2024-09-12T06:58:19.197964+00:00
[2024-09-12T06:58:19.230+0000] {processor.py:179} INFO - Processing /home/vscode/.local/lib/python3.10/site-packages/airflow/example_dags/example_short_circuit_operator.py took 0.068 seconds
[2024-09-12T06:59:00.999+0000] {processor.py:157} INFO - Started process (PID=15247) to work on /home/vscode/.local/lib/python3.10/site-packages/airflow/example_dags/example_short_circuit_operator.py
[2024-09-12T06:59:00.999+0000] {processor.py:826} INFO - Processing file /home/vscode/.local/lib/python3.10/site-packages/airflow/example_dags/example_short_circuit_operator.py for tasks to queue
[2024-09-12T06:59:01.000+0000] {logging_mixin.py:150} INFO - [2024-09-12T06:59:01.000+0000] {dagbag.py:541} INFO - Filling up the DagBag from /home/vscode/.local/lib/python3.10/site-packages/airflow/example_dags/example_short_circuit_operator.py
[2024-09-12T06:59:01.006+0000] {processor.py:836} INFO - DAG(s) dict_keys(['example_short_circuit_operator']) retrieved from /home/vscode/.local/lib/python3.10/site-packages/airflow/example_dags/example_short_circuit_operator.py
[2024-09-12T06:59:01.019+0000] {logging_mixin.py:150} INFO - [2024-09-12T06:59:01.019+0000] {dag.py:2742} INFO - Sync 1 DAGs
[2024-09-12T06:59:01.033+0000] {logging_mixin.py:150} INFO - [2024-09-12T06:59:01.033+0000] {dag.py:3504} INFO - Setting next_dagrun for example_short_circuit_operator to 2024-09-11T06:59:01.032914+00:00, run_after=2024-09-12T06:59:01.032914+00:00
[2024-09-12T06:59:01.064+0000] {processor.py:179} INFO - Processing /home/vscode/.local/lib/python3.10/site-packages/airflow/example_dags/example_short_circuit_operator.py took 0.067 seconds
[2024-09-12T06:59:43.662+0000] {processor.py:157} INFO - Started process (PID=15534) to work on /home/vscode/.local/lib/python3.10/site-packages/airflow/example_dags/example_short_circuit_operator.py
[2024-09-12T06:59:43.662+0000] {processor.py:826} INFO - Processing file /home/vscode/.local/lib/python3.10/site-packages/airflow/example_dags/example_short_circuit_operator.py for tasks to queue
[2024-09-12T06:59:43.663+0000] {logging_mixin.py:150} INFO - [2024-09-12T06:59:43.663+0000] {dagbag.py:541} INFO - Filling up the DagBag from /home/vscode/.local/lib/python3.10/site-packages/airflow/example_dags/example_short_circuit_operator.py
[2024-09-12T06:59:43.669+0000] {processor.py:836} INFO - DAG(s) dict_keys(['example_short_circuit_operator']) retrieved from /home/vscode/.local/lib/python3.10/site-packages/airflow/example_dags/example_short_circuit_operator.py
[2024-09-12T06:59:43.681+0000] {logging_mixin.py:150} INFO - [2024-09-12T06:59:43.681+0000] {dag.py:2742} INFO - Sync 1 DAGs
[2024-09-12T06:59:43.702+0000] {logging_mixin.py:150} INFO - [2024-09-12T06:59:43.702+0000] {dag.py:3504} INFO - Setting next_dagrun for example_short_circuit_operator to 2024-09-11T06:59:43.702002+00:00, run_after=2024-09-12T06:59:43.702002+00:00
[2024-09-12T06:59:43.747+0000] {processor.py:179} INFO - Processing /home/vscode/.local/lib/python3.10/site-packages/airflow/example_dags/example_short_circuit_operator.py took 0.088 seconds
[2024-09-12T07:00:30.329+0000] {processor.py:157} INFO - Started process (PID=15852) to work on /home/vscode/.local/lib/python3.10/site-packages/airflow/example_dags/example_short_circuit_operator.py
[2024-09-12T07:00:30.330+0000] {processor.py:826} INFO - Processing file /home/vscode/.local/lib/python3.10/site-packages/airflow/example_dags/example_short_circuit_operator.py for tasks to queue
[2024-09-12T07:00:30.330+0000] {logging_mixin.py:150} INFO - [2024-09-12T07:00:30.330+0000] {dagbag.py:541} INFO - Filling up the DagBag from /home/vscode/.local/lib/python3.10/site-packages/airflow/example_dags/example_short_circuit_operator.py
[2024-09-12T07:00:30.336+0000] {processor.py:836} INFO - DAG(s) dict_keys(['example_short_circuit_operator']) retrieved from /home/vscode/.local/lib/python3.10/site-packages/airflow/example_dags/example_short_circuit_operator.py
[2024-09-12T07:00:30.350+0000] {logging_mixin.py:150} INFO - [2024-09-12T07:00:30.349+0000] {dag.py:2742} INFO - Sync 1 DAGs
[2024-09-12T07:00:30.363+0000] {logging_mixin.py:150} INFO - [2024-09-12T07:00:30.363+0000] {dag.py:3504} INFO - Setting next_dagrun for example_short_circuit_operator to 2024-09-11T07:00:30.363680+00:00, run_after=2024-09-12T07:00:30.363680+00:00
[2024-09-12T07:00:30.403+0000] {processor.py:179} INFO - Processing /home/vscode/.local/lib/python3.10/site-packages/airflow/example_dags/example_short_circuit_operator.py took 0.076 seconds
[2024-09-12T07:01:15.520+0000] {processor.py:157} INFO - Started process (PID=16150) to work on /home/vscode/.local/lib/python3.10/site-packages/airflow/example_dags/example_short_circuit_operator.py
[2024-09-12T07:01:15.520+0000] {processor.py:826} INFO - Processing file /home/vscode/.local/lib/python3.10/site-packages/airflow/example_dags/example_short_circuit_operator.py for tasks to queue
[2024-09-12T07:01:15.521+0000] {logging_mixin.py:150} INFO - [2024-09-12T07:01:15.521+0000] {dagbag.py:541} INFO - Filling up the DagBag from /home/vscode/.local/lib/python3.10/site-packages/airflow/example_dags/example_short_circuit_operator.py
[2024-09-12T07:01:15.527+0000] {processor.py:836} INFO - DAG(s) dict_keys(['example_short_circuit_operator']) retrieved from /home/vscode/.local/lib/python3.10/site-packages/airflow/example_dags/example_short_circuit_operator.py
[2024-09-12T07:01:15.539+0000] {logging_mixin.py:150} INFO - [2024-09-12T07:01:15.539+0000] {dag.py:2742} INFO - Sync 1 DAGs
[2024-09-12T07:01:15.553+0000] {logging_mixin.py:150} INFO - [2024-09-12T07:01:15.553+0000] {dag.py:3504} INFO - Setting next_dagrun for example_short_circuit_operator to 2024-09-11T07:01:15.553230+00:00, run_after=2024-09-12T07:01:15.553230+00:00
[2024-09-12T07:01:15.584+0000] {processor.py:179} INFO - Processing /home/vscode/.local/lib/python3.10/site-packages/airflow/example_dags/example_short_circuit_operator.py took 0.066 seconds
[2024-09-12T07:01:56.076+0000] {processor.py:157} INFO - Started process (PID=16423) to work on /home/vscode/.local/lib/python3.10/site-packages/airflow/example_dags/example_short_circuit_operator.py
[2024-09-12T07:01:56.077+0000] {processor.py:826} INFO - Processing file /home/vscode/.local/lib/python3.10/site-packages/airflow/example_dags/example_short_circuit_operator.py for tasks to queue
[2024-09-12T07:01:56.078+0000] {logging_mixin.py:150} INFO - [2024-09-12T07:01:56.077+0000] {dagbag.py:541} INFO - Filling up the DagBag from /home/vscode/.local/lib/python3.10/site-packages/airflow/example_dags/example_short_circuit_operator.py
[2024-09-12T07:01:56.084+0000] {processor.py:836} INFO - DAG(s) dict_keys(['example_short_circuit_operator']) retrieved from /home/vscode/.local/lib/python3.10/site-packages/airflow/example_dags/example_short_circuit_operator.py
[2024-09-12T07:01:56.097+0000] {logging_mixin.py:150} INFO - [2024-09-12T07:01:56.097+0000] {dag.py:2742} INFO - Sync 1 DAGs
[2024-09-12T07:01:56.111+0000] {logging_mixin.py:150} INFO - [2024-09-12T07:01:56.111+0000] {dag.py:3504} INFO - Setting next_dagrun for example_short_circuit_operator to 2024-09-11T07:01:56.111418+00:00, run_after=2024-09-12T07:01:56.111418+00:00
[2024-09-12T07:01:56.145+0000] {processor.py:179} INFO - Processing /home/vscode/.local/lib/python3.10/site-packages/airflow/example_dags/example_short_circuit_operator.py took 0.071 seconds
[2024-09-12T07:02:35.859+0000] {processor.py:157} INFO - Started process (PID=16692) to work on /home/vscode/.local/lib/python3.10/site-packages/airflow/example_dags/example_short_circuit_operator.py
[2024-09-12T07:02:35.859+0000] {processor.py:826} INFO - Processing file /home/vscode/.local/lib/python3.10/site-packages/airflow/example_dags/example_short_circuit_operator.py for tasks to queue
[2024-09-12T07:02:35.860+0000] {logging_mixin.py:150} INFO - [2024-09-12T07:02:35.860+0000] {dagbag.py:541} INFO - Filling up the DagBag from /home/vscode/.local/lib/python3.10/site-packages/airflow/example_dags/example_short_circuit_operator.py
[2024-09-12T07:02:35.866+0000] {processor.py:836} INFO - DAG(s) dict_keys(['example_short_circuit_operator']) retrieved from /home/vscode/.local/lib/python3.10/site-packages/airflow/example_dags/example_short_circuit_operator.py
[2024-09-12T07:02:35.879+0000] {logging_mixin.py:150} INFO - [2024-09-12T07:02:35.879+0000] {dag.py:2742} INFO - Sync 1 DAGs
[2024-09-12T07:02:35.892+0000] {logging_mixin.py:150} INFO - [2024-09-12T07:02:35.892+0000] {dag.py:3504} INFO - Setting next_dagrun for example_short_circuit_operator to 2024-09-11T07:02:35.892367+00:00, run_after=2024-09-12T07:02:35.892367+00:00
[2024-09-12T07:02:35.927+0000] {processor.py:179} INFO - Processing /home/vscode/.local/lib/python3.10/site-packages/airflow/example_dags/example_short_circuit_operator.py took 0.070 seconds
[2024-09-12T07:03:23.013+0000] {processor.py:157} INFO - Started process (PID=17010) to work on /home/vscode/.local/lib/python3.10/site-packages/airflow/example_dags/example_short_circuit_operator.py
[2024-09-12T07:03:23.014+0000] {processor.py:826} INFO - Processing file /home/vscode/.local/lib/python3.10/site-packages/airflow/example_dags/example_short_circuit_operator.py for tasks to queue
[2024-09-12T07:03:23.014+0000] {logging_mixin.py:150} INFO - [2024-09-12T07:03:23.014+0000] {dagbag.py:541} INFO - Filling up the DagBag from /home/vscode/.local/lib/python3.10/site-packages/airflow/example_dags/example_short_circuit_operator.py
[2024-09-12T07:03:23.021+0000] {processor.py:836} INFO - DAG(s) dict_keys(['example_short_circuit_operator']) retrieved from /home/vscode/.local/lib/python3.10/site-packages/airflow/example_dags/example_short_circuit_operator.py
[2024-09-12T07:03:23.037+0000] {logging_mixin.py:150} INFO - [2024-09-12T07:03:23.036+0000] {dag.py:2742} INFO - Sync 1 DAGs
[2024-09-12T07:03:23.053+0000] {logging_mixin.py:150} INFO - [2024-09-12T07:03:23.052+0000] {dag.py:3504} INFO - Setting next_dagrun for example_short_circuit_operator to 2024-09-11T07:03:23.052736+00:00, run_after=2024-09-12T07:03:23.052736+00:00
[2024-09-12T07:03:23.103+0000] {processor.py:179} INFO - Processing /home/vscode/.local/lib/python3.10/site-packages/airflow/example_dags/example_short_circuit_operator.py took 0.092 seconds
[2024-09-12T07:03:56.149+0000] {processor.py:157} INFO - Started process (PID=17282) to work on /home/vscode/.local/lib/python3.10/site-packages/airflow/example_dags/example_short_circuit_operator.py
[2024-09-12T07:03:56.150+0000] {processor.py:826} INFO - Processing file /home/vscode/.local/lib/python3.10/site-packages/airflow/example_dags/example_short_circuit_operator.py for tasks to queue
[2024-09-12T07:03:56.151+0000] {logging_mixin.py:150} INFO - [2024-09-12T07:03:56.150+0000] {dagbag.py:541} INFO - Filling up the DagBag from /home/vscode/.local/lib/python3.10/site-packages/airflow/example_dags/example_short_circuit_operator.py
[2024-09-12T07:03:56.156+0000] {processor.py:836} INFO - DAG(s) dict_keys(['example_short_circuit_operator']) retrieved from /home/vscode/.local/lib/python3.10/site-packages/airflow/example_dags/example_short_circuit_operator.py
[2024-09-12T07:03:56.169+0000] {logging_mixin.py:150} INFO - [2024-09-12T07:03:56.169+0000] {dag.py:2742} INFO - Sync 1 DAGs
[2024-09-12T07:03:56.183+0000] {logging_mixin.py:150} INFO - [2024-09-12T07:03:56.183+0000] {dag.py:3504} INFO - Setting next_dagrun for example_short_circuit_operator to 2024-09-11T07:03:56.183039+00:00, run_after=2024-09-12T07:03:56.183039+00:00
[2024-09-12T07:03:56.239+0000] {processor.py:179} INFO - Processing /home/vscode/.local/lib/python3.10/site-packages/airflow/example_dags/example_short_circuit_operator.py took 0.091 seconds
[2024-09-12T07:04:28.742+0000] {processor.py:157} INFO - Started process (PID=17541) to work on /home/vscode/.local/lib/python3.10/site-packages/airflow/example_dags/example_short_circuit_operator.py
[2024-09-12T07:04:28.743+0000] {processor.py:826} INFO - Processing file /home/vscode/.local/lib/python3.10/site-packages/airflow/example_dags/example_short_circuit_operator.py for tasks to queue
[2024-09-12T07:04:28.744+0000] {logging_mixin.py:150} INFO - [2024-09-12T07:04:28.744+0000] {dagbag.py:541} INFO - Filling up the DagBag from /home/vscode/.local/lib/python3.10/site-packages/airflow/example_dags/example_short_circuit_operator.py
[2024-09-12T07:04:28.752+0000] {processor.py:836} INFO - DAG(s) dict_keys(['example_short_circuit_operator']) retrieved from /home/vscode/.local/lib/python3.10/site-packages/airflow/example_dags/example_short_circuit_operator.py
[2024-09-12T07:04:28.784+0000] {logging_mixin.py:150} INFO - [2024-09-12T07:04:28.784+0000] {dag.py:2742} INFO - Sync 1 DAGs
[2024-09-12T07:04:28.812+0000] {logging_mixin.py:150} INFO - [2024-09-12T07:04:28.812+0000] {dag.py:3504} INFO - Setting next_dagrun for example_short_circuit_operator to 2024-09-11T07:04:28.812121+00:00, run_after=2024-09-12T07:04:28.812121+00:00
[2024-09-12T07:04:28.870+0000] {processor.py:179} INFO - Processing /home/vscode/.local/lib/python3.10/site-packages/airflow/example_dags/example_short_circuit_operator.py took 0.130 seconds
[2024-09-12T07:05:13.775+0000] {processor.py:157} INFO - Started process (PID=17919) to work on /home/vscode/.local/lib/python3.10/site-packages/airflow/example_dags/example_short_circuit_operator.py
[2024-09-12T07:05:13.776+0000] {processor.py:826} INFO - Processing file /home/vscode/.local/lib/python3.10/site-packages/airflow/example_dags/example_short_circuit_operator.py for tasks to queue
[2024-09-12T07:05:13.777+0000] {logging_mixin.py:150} INFO - [2024-09-12T07:05:13.777+0000] {dagbag.py:541} INFO - Filling up the DagBag from /home/vscode/.local/lib/python3.10/site-packages/airflow/example_dags/example_short_circuit_operator.py
[2024-09-12T07:05:13.786+0000] {processor.py:836} INFO - DAG(s) dict_keys(['example_short_circuit_operator']) retrieved from /home/vscode/.local/lib/python3.10/site-packages/airflow/example_dags/example_short_circuit_operator.py
[2024-09-12T07:05:13.801+0000] {logging_mixin.py:150} INFO - [2024-09-12T07:05:13.801+0000] {dag.py:2742} INFO - Sync 1 DAGs
[2024-09-12T07:05:13.815+0000] {logging_mixin.py:150} INFO - [2024-09-12T07:05:13.815+0000] {dag.py:3504} INFO - Setting next_dagrun for example_short_circuit_operator to 2024-09-11T07:05:13.815574+00:00, run_after=2024-09-12T07:05:13.815574+00:00
[2024-09-12T07:05:13.859+0000] {processor.py:179} INFO - Processing /home/vscode/.local/lib/python3.10/site-packages/airflow/example_dags/example_short_circuit_operator.py took 0.086 seconds
[2024-09-12T07:05:57.581+0000] {processor.py:157} INFO - Started process (PID=18277) to work on /home/vscode/.local/lib/python3.10/site-packages/airflow/example_dags/example_short_circuit_operator.py
[2024-09-12T07:05:57.581+0000] {processor.py:826} INFO - Processing file /home/vscode/.local/lib/python3.10/site-packages/airflow/example_dags/example_short_circuit_operator.py for tasks to queue
[2024-09-12T07:05:57.582+0000] {logging_mixin.py:150} INFO - [2024-09-12T07:05:57.582+0000] {dagbag.py:541} INFO - Filling up the DagBag from /home/vscode/.local/lib/python3.10/site-packages/airflow/example_dags/example_short_circuit_operator.py
[2024-09-12T07:05:57.588+0000] {processor.py:836} INFO - DAG(s) dict_keys(['example_short_circuit_operator']) retrieved from /home/vscode/.local/lib/python3.10/site-packages/airflow/example_dags/example_short_circuit_operator.py
[2024-09-12T07:05:57.601+0000] {logging_mixin.py:150} INFO - [2024-09-12T07:05:57.601+0000] {dag.py:2742} INFO - Sync 1 DAGs
[2024-09-12T07:05:57.615+0000] {logging_mixin.py:150} INFO - [2024-09-12T07:05:57.614+0000] {dag.py:3504} INFO - Setting next_dagrun for example_short_circuit_operator to 2024-09-11T07:05:57.614839+00:00, run_after=2024-09-12T07:05:57.614839+00:00
[2024-09-12T07:05:57.648+0000] {processor.py:179} INFO - Processing /home/vscode/.local/lib/python3.10/site-packages/airflow/example_dags/example_short_circuit_operator.py took 0.069 seconds
[2024-09-12T07:06:44.153+0000] {processor.py:157} INFO - Started process (PID=18640) to work on /home/vscode/.local/lib/python3.10/site-packages/airflow/example_dags/example_short_circuit_operator.py
[2024-09-12T07:06:44.154+0000] {processor.py:826} INFO - Processing file /home/vscode/.local/lib/python3.10/site-packages/airflow/example_dags/example_short_circuit_operator.py for tasks to queue
[2024-09-12T07:06:44.154+0000] {logging_mixin.py:150} INFO - [2024-09-12T07:06:44.154+0000] {dagbag.py:541} INFO - Filling up the DagBag from /home/vscode/.local/lib/python3.10/site-packages/airflow/example_dags/example_short_circuit_operator.py
[2024-09-12T07:06:44.161+0000] {processor.py:836} INFO - DAG(s) dict_keys(['example_short_circuit_operator']) retrieved from /home/vscode/.local/lib/python3.10/site-packages/airflow/example_dags/example_short_circuit_operator.py
[2024-09-12T07:06:44.184+0000] {logging_mixin.py:150} INFO - [2024-09-12T07:06:44.184+0000] {dag.py:2742} INFO - Sync 1 DAGs
[2024-09-12T07:06:44.203+0000] {logging_mixin.py:150} INFO - [2024-09-12T07:06:44.203+0000] {dag.py:3504} INFO - Setting next_dagrun for example_short_circuit_operator to 2024-09-11T07:06:44.203672+00:00, run_after=2024-09-12T07:06:44.203672+00:00
[2024-09-12T07:06:44.237+0000] {processor.py:179} INFO - Processing /home/vscode/.local/lib/python3.10/site-packages/airflow/example_dags/example_short_circuit_operator.py took 0.086 seconds
[2024-09-12T07:07:28.456+0000] {processor.py:157} INFO - Started process (PID=18937) to work on /home/vscode/.local/lib/python3.10/site-packages/airflow/example_dags/example_short_circuit_operator.py
[2024-09-12T07:07:28.457+0000] {processor.py:826} INFO - Processing file /home/vscode/.local/lib/python3.10/site-packages/airflow/example_dags/example_short_circuit_operator.py for tasks to queue
[2024-09-12T07:07:28.457+0000] {logging_mixin.py:150} INFO - [2024-09-12T07:07:28.457+0000] {dagbag.py:541} INFO - Filling up the DagBag from /home/vscode/.local/lib/python3.10/site-packages/airflow/example_dags/example_short_circuit_operator.py
[2024-09-12T07:07:28.463+0000] {processor.py:836} INFO - DAG(s) dict_keys(['example_short_circuit_operator']) retrieved from /home/vscode/.local/lib/python3.10/site-packages/airflow/example_dags/example_short_circuit_operator.py
[2024-09-12T07:07:28.476+0000] {logging_mixin.py:150} INFO - [2024-09-12T07:07:28.476+0000] {dag.py:2742} INFO - Sync 1 DAGs
[2024-09-12T07:07:28.489+0000] {logging_mixin.py:150} INFO - [2024-09-12T07:07:28.489+0000] {dag.py:3504} INFO - Setting next_dagrun for example_short_circuit_operator to 2024-09-11T07:07:28.489570+00:00, run_after=2024-09-12T07:07:28.489570+00:00
[2024-09-12T07:07:28.537+0000] {processor.py:179} INFO - Processing /home/vscode/.local/lib/python3.10/site-packages/airflow/example_dags/example_short_circuit_operator.py took 0.083 seconds
[2024-09-12T07:08:11.736+0000] {processor.py:157} INFO - Started process (PID=19260) to work on /home/vscode/.local/lib/python3.10/site-packages/airflow/example_dags/example_short_circuit_operator.py
[2024-09-12T07:08:11.737+0000] {processor.py:826} INFO - Processing file /home/vscode/.local/lib/python3.10/site-packages/airflow/example_dags/example_short_circuit_operator.py for tasks to queue
[2024-09-12T07:08:11.738+0000] {logging_mixin.py:150} INFO - [2024-09-12T07:08:11.738+0000] {dagbag.py:541} INFO - Filling up the DagBag from /home/vscode/.local/lib/python3.10/site-packages/airflow/example_dags/example_short_circuit_operator.py
[2024-09-12T07:08:11.744+0000] {processor.py:836} INFO - DAG(s) dict_keys(['example_short_circuit_operator']) retrieved from /home/vscode/.local/lib/python3.10/site-packages/airflow/example_dags/example_short_circuit_operator.py
[2024-09-12T07:08:11.757+0000] {logging_mixin.py:150} INFO - [2024-09-12T07:08:11.757+0000] {dag.py:2742} INFO - Sync 1 DAGs
[2024-09-12T07:08:11.771+0000] {logging_mixin.py:150} INFO - [2024-09-12T07:08:11.771+0000] {dag.py:3504} INFO - Setting next_dagrun for example_short_circuit_operator to 2024-09-11T07:08:11.771236+00:00, run_after=2024-09-12T07:08:11.771236+00:00
[2024-09-12T07:08:11.800+0000] {processor.py:179} INFO - Processing /home/vscode/.local/lib/python3.10/site-packages/airflow/example_dags/example_short_circuit_operator.py took 0.066 seconds
[2024-09-12T07:08:57.148+0000] {processor.py:157} INFO - Started process (PID=19649) to work on /home/vscode/.local/lib/python3.10/site-packages/airflow/example_dags/example_short_circuit_operator.py
[2024-09-12T07:08:57.149+0000] {processor.py:826} INFO - Processing file /home/vscode/.local/lib/python3.10/site-packages/airflow/example_dags/example_short_circuit_operator.py for tasks to queue
[2024-09-12T07:08:57.150+0000] {logging_mixin.py:150} INFO - [2024-09-12T07:08:57.149+0000] {dagbag.py:541} INFO - Filling up the DagBag from /home/vscode/.local/lib/python3.10/site-packages/airflow/example_dags/example_short_circuit_operator.py
[2024-09-12T07:08:57.156+0000] {processor.py:836} INFO - DAG(s) dict_keys(['example_short_circuit_operator']) retrieved from /home/vscode/.local/lib/python3.10/site-packages/airflow/example_dags/example_short_circuit_operator.py
[2024-09-12T07:08:57.169+0000] {logging_mixin.py:150} INFO - [2024-09-12T07:08:57.169+0000] {dag.py:2742} INFO - Sync 1 DAGs
[2024-09-12T07:08:57.183+0000] {logging_mixin.py:150} INFO - [2024-09-12T07:08:57.183+0000] {dag.py:3504} INFO - Setting next_dagrun for example_short_circuit_operator to 2024-09-11T07:08:57.182937+00:00, run_after=2024-09-12T07:08:57.182937+00:00
[2024-09-12T07:08:57.222+0000] {processor.py:179} INFO - Processing /home/vscode/.local/lib/python3.10/site-packages/airflow/example_dags/example_short_circuit_operator.py took 0.076 seconds
[2024-09-12T07:09:41.284+0000] {processor.py:157} INFO - Started process (PID=19948) to work on /home/vscode/.local/lib/python3.10/site-packages/airflow/example_dags/example_short_circuit_operator.py
[2024-09-12T07:09:41.285+0000] {processor.py:826} INFO - Processing file /home/vscode/.local/lib/python3.10/site-packages/airflow/example_dags/example_short_circuit_operator.py for tasks to queue
[2024-09-12T07:09:41.286+0000] {logging_mixin.py:150} INFO - [2024-09-12T07:09:41.285+0000] {dagbag.py:541} INFO - Filling up the DagBag from /home/vscode/.local/lib/python3.10/site-packages/airflow/example_dags/example_short_circuit_operator.py
[2024-09-12T07:09:41.292+0000] {processor.py:836} INFO - DAG(s) dict_keys(['example_short_circuit_operator']) retrieved from /home/vscode/.local/lib/python3.10/site-packages/airflow/example_dags/example_short_circuit_operator.py
[2024-09-12T07:09:41.306+0000] {logging_mixin.py:150} INFO - [2024-09-12T07:09:41.305+0000] {dag.py:2742} INFO - Sync 1 DAGs
[2024-09-12T07:09:41.320+0000] {logging_mixin.py:150} INFO - [2024-09-12T07:09:41.320+0000] {dag.py:3504} INFO - Setting next_dagrun for example_short_circuit_operator to 2024-09-11T07:09:41.320417+00:00, run_after=2024-09-12T07:09:41.320417+00:00
[2024-09-12T07:09:41.363+0000] {processor.py:179} INFO - Processing /home/vscode/.local/lib/python3.10/site-packages/airflow/example_dags/example_short_circuit_operator.py took 0.081 seconds
