[2024-09-12T06:39:01.915+0000] {processor.py:157} INFO - Started process (PID=7076) to work on /home/vscode/.local/lib/python3.10/site-packages/airflow/example_dags/example_xcomargs.py
[2024-09-12T06:39:01.915+0000] {processor.py:826} INFO - Processing file /home/vscode/.local/lib/python3.10/site-packages/airflow/example_dags/example_xcomargs.py for tasks to queue
[2024-09-12T06:39:01.916+0000] {logging_mixin.py:150} INFO - [2024-09-12T06:39:01.916+0000] {dagbag.py:541} INFO - Filling up the DagBag from /home/vscode/.local/lib/python3.10/site-packages/airflow/example_dags/example_xcomargs.py
[2024-09-12T06:39:01.922+0000] {processor.py:836} INFO - DAG(s) dict_keys(['example_xcom_args_with_operators', 'example_xcom_args']) retrieved from /home/vscode/.local/lib/python3.10/site-packages/airflow/example_dags/example_xcomargs.py
[2024-09-12T06:39:02.126+0000] {logging_mixin.py:150} INFO - [2024-09-12T06:39:02.125+0000] {manager.py:504} INFO - Created Permission View: can edit on DAG:example_xcom_args_with_operators
[2024-09-12T06:39:02.148+0000] {logging_mixin.py:150} INFO - [2024-09-12T06:39:02.148+0000] {manager.py:504} INFO - Created Permission View: can read on DAG:example_xcom_args_with_operators
[2024-09-12T06:39:02.195+0000] {logging_mixin.py:150} INFO - [2024-09-12T06:39:02.195+0000] {manager.py:504} INFO - Created Permission View: can delete on DAG:example_xcom_args_with_operators
[2024-09-12T06:39:02.258+0000] {logging_mixin.py:150} INFO - [2024-09-12T06:39:02.258+0000] {manager.py:504} INFO - Created Permission View: can edit on DAG:example_xcom_args
[2024-09-12T06:39:02.281+0000] {logging_mixin.py:150} INFO - [2024-09-12T06:39:02.281+0000] {manager.py:504} INFO - Created Permission View: can read on DAG:example_xcom_args
[2024-09-12T06:39:02.310+0000] {logging_mixin.py:150} INFO - [2024-09-12T06:39:02.310+0000] {manager.py:504} INFO - Created Permission View: can delete on DAG:example_xcom_args
[2024-09-12T06:39:02.314+0000] {logging_mixin.py:150} INFO - [2024-09-12T06:39:02.314+0000] {dag.py:2742} INFO - Sync 2 DAGs
[2024-09-12T06:39:02.320+0000] {logging_mixin.py:150} INFO - [2024-09-12T06:39:02.320+0000] {dag.py:2763} INFO - Creating ORM DAG for example_xcom_args
[2024-09-12T06:39:02.321+0000] {logging_mixin.py:150} INFO - [2024-09-12T06:39:02.321+0000] {dag.py:2763} INFO - Creating ORM DAG for example_xcom_args_with_operators
[2024-09-12T06:39:02.326+0000] {logging_mixin.py:150} INFO - [2024-09-12T06:39:02.326+0000] {dag.py:3504} INFO - Setting next_dagrun for example_xcom_args to None, run_after=None
[2024-09-12T06:39:02.327+0000] {logging_mixin.py:150} INFO - [2024-09-12T06:39:02.327+0000] {dag.py:3504} INFO - Setting next_dagrun for example_xcom_args_with_operators to None, run_after=None
[2024-09-12T06:39:02.362+0000] {processor.py:179} INFO - Processing /home/vscode/.local/lib/python3.10/site-packages/airflow/example_dags/example_xcomargs.py took 0.450 seconds
[2024-09-12T06:39:32.837+0000] {processor.py:157} INFO - Started process (PID=7403) to work on /home/vscode/.local/lib/python3.10/site-packages/airflow/example_dags/example_xcomargs.py
[2024-09-12T06:39:32.837+0000] {processor.py:826} INFO - Processing file /home/vscode/.local/lib/python3.10/site-packages/airflow/example_dags/example_xcomargs.py for tasks to queue
[2024-09-12T06:39:32.838+0000] {logging_mixin.py:150} INFO - [2024-09-12T06:39:32.838+0000] {dagbag.py:541} INFO - Filling up the DagBag from /home/vscode/.local/lib/python3.10/site-packages/airflow/example_dags/example_xcomargs.py
[2024-09-12T06:39:32.843+0000] {processor.py:836} INFO - DAG(s) dict_keys(['example_xcom_args', 'example_xcom_args_with_operators']) retrieved from /home/vscode/.local/lib/python3.10/site-packages/airflow/example_dags/example_xcomargs.py
[2024-09-12T06:39:32.858+0000] {logging_mixin.py:150} INFO - [2024-09-12T06:39:32.858+0000] {dag.py:2742} INFO - Sync 2 DAGs
[2024-09-12T06:39:32.945+0000] {logging_mixin.py:150} INFO - [2024-09-12T06:39:32.945+0000] {dag.py:3504} INFO - Setting next_dagrun for example_xcom_args to None, run_after=None
[2024-09-12T06:39:32.947+0000] {logging_mixin.py:150} INFO - [2024-09-12T06:39:32.947+0000] {dag.py:3504} INFO - Setting next_dagrun for example_xcom_args_with_operators to None, run_after=None
[2024-09-12T06:39:32.986+0000] {processor.py:179} INFO - Processing /home/vscode/.local/lib/python3.10/site-packages/airflow/example_dags/example_xcomargs.py took 0.151 seconds
[2024-09-12T06:40:27.795+0000] {processor.py:157} INFO - Started process (PID=7757) to work on /home/vscode/.local/lib/python3.10/site-packages/airflow/example_dags/example_xcomargs.py
[2024-09-12T06:40:27.796+0000] {processor.py:826} INFO - Processing file /home/vscode/.local/lib/python3.10/site-packages/airflow/example_dags/example_xcomargs.py for tasks to queue
[2024-09-12T06:40:27.796+0000] {logging_mixin.py:150} INFO - [2024-09-12T06:40:27.796+0000] {dagbag.py:541} INFO - Filling up the DagBag from /home/vscode/.local/lib/python3.10/site-packages/airflow/example_dags/example_xcomargs.py
[2024-09-12T06:40:27.802+0000] {processor.py:836} INFO - DAG(s) dict_keys(['example_xcom_args_with_operators', 'example_xcom_args']) retrieved from /home/vscode/.local/lib/python3.10/site-packages/airflow/example_dags/example_xcomargs.py
[2024-09-12T06:40:27.815+0000] {logging_mixin.py:150} INFO - [2024-09-12T06:40:27.815+0000] {dag.py:2742} INFO - Sync 2 DAGs
[2024-09-12T06:40:27.829+0000] {logging_mixin.py:150} INFO - [2024-09-12T06:40:27.829+0000] {dag.py:3504} INFO - Setting next_dagrun for example_xcom_args to None, run_after=None
[2024-09-12T06:40:27.831+0000] {logging_mixin.py:150} INFO - [2024-09-12T06:40:27.831+0000] {dag.py:3504} INFO - Setting next_dagrun for example_xcom_args_with_operators to None, run_after=None
[2024-09-12T06:40:27.858+0000] {processor.py:179} INFO - Processing /home/vscode/.local/lib/python3.10/site-packages/airflow/example_dags/example_xcomargs.py took 0.065 seconds
[2024-09-12T06:41:14.132+0000] {processor.py:157} INFO - Started process (PID=8073) to work on /home/vscode/.local/lib/python3.10/site-packages/airflow/example_dags/example_xcomargs.py
[2024-09-12T06:41:14.132+0000] {processor.py:826} INFO - Processing file /home/vscode/.local/lib/python3.10/site-packages/airflow/example_dags/example_xcomargs.py for tasks to queue
[2024-09-12T06:41:14.133+0000] {logging_mixin.py:150} INFO - [2024-09-12T06:41:14.133+0000] {dagbag.py:541} INFO - Filling up the DagBag from /home/vscode/.local/lib/python3.10/site-packages/airflow/example_dags/example_xcomargs.py
[2024-09-12T06:41:14.139+0000] {processor.py:836} INFO - DAG(s) dict_keys(['example_xcom_args_with_operators', 'example_xcom_args']) retrieved from /home/vscode/.local/lib/python3.10/site-packages/airflow/example_dags/example_xcomargs.py
[2024-09-12T06:41:14.153+0000] {logging_mixin.py:150} INFO - [2024-09-12T06:41:14.153+0000] {dag.py:2742} INFO - Sync 2 DAGs
[2024-09-12T06:41:14.166+0000] {logging_mixin.py:150} INFO - [2024-09-12T06:41:14.166+0000] {dag.py:3504} INFO - Setting next_dagrun for example_xcom_args to None, run_after=None
[2024-09-12T06:41:14.168+0000] {logging_mixin.py:150} INFO - [2024-09-12T06:41:14.168+0000] {dag.py:3504} INFO - Setting next_dagrun for example_xcom_args_with_operators to None, run_after=None
[2024-09-12T06:41:14.207+0000] {processor.py:179} INFO - Processing /home/vscode/.local/lib/python3.10/site-packages/airflow/example_dags/example_xcomargs.py took 0.078 seconds
[2024-09-12T06:41:54.379+0000] {processor.py:157} INFO - Started process (PID=8344) to work on /home/vscode/.local/lib/python3.10/site-packages/airflow/example_dags/example_xcomargs.py
[2024-09-12T06:41:54.380+0000] {processor.py:826} INFO - Processing file /home/vscode/.local/lib/python3.10/site-packages/airflow/example_dags/example_xcomargs.py for tasks to queue
[2024-09-12T06:41:54.381+0000] {logging_mixin.py:150} INFO - [2024-09-12T06:41:54.380+0000] {dagbag.py:541} INFO - Filling up the DagBag from /home/vscode/.local/lib/python3.10/site-packages/airflow/example_dags/example_xcomargs.py
[2024-09-12T06:41:54.386+0000] {processor.py:836} INFO - DAG(s) dict_keys(['example_xcom_args', 'example_xcom_args_with_operators']) retrieved from /home/vscode/.local/lib/python3.10/site-packages/airflow/example_dags/example_xcomargs.py
[2024-09-12T06:41:54.400+0000] {logging_mixin.py:150} INFO - [2024-09-12T06:41:54.399+0000] {dag.py:2742} INFO - Sync 2 DAGs
[2024-09-12T06:41:54.413+0000] {logging_mixin.py:150} INFO - [2024-09-12T06:41:54.413+0000] {dag.py:3504} INFO - Setting next_dagrun for example_xcom_args to None, run_after=None
[2024-09-12T06:41:54.415+0000] {logging_mixin.py:150} INFO - [2024-09-12T06:41:54.415+0000] {dag.py:3504} INFO - Setting next_dagrun for example_xcom_args_with_operators to None, run_after=None
[2024-09-12T06:41:54.445+0000] {processor.py:179} INFO - Processing /home/vscode/.local/lib/python3.10/site-packages/airflow/example_dags/example_xcomargs.py took 0.068 seconds
[2024-09-12T06:42:36.904+0000] {processor.py:157} INFO - Started process (PID=8628) to work on /home/vscode/.local/lib/python3.10/site-packages/airflow/example_dags/example_xcomargs.py
[2024-09-12T06:42:36.905+0000] {processor.py:826} INFO - Processing file /home/vscode/.local/lib/python3.10/site-packages/airflow/example_dags/example_xcomargs.py for tasks to queue
[2024-09-12T06:42:36.906+0000] {logging_mixin.py:150} INFO - [2024-09-12T06:42:36.905+0000] {dagbag.py:541} INFO - Filling up the DagBag from /home/vscode/.local/lib/python3.10/site-packages/airflow/example_dags/example_xcomargs.py
[2024-09-12T06:42:36.915+0000] {processor.py:836} INFO - DAG(s) dict_keys(['example_xcom_args_with_operators', 'example_xcom_args']) retrieved from /home/vscode/.local/lib/python3.10/site-packages/airflow/example_dags/example_xcomargs.py
[2024-09-12T06:42:36.929+0000] {logging_mixin.py:150} INFO - [2024-09-12T06:42:36.929+0000] {dag.py:2742} INFO - Sync 2 DAGs
[2024-09-12T06:42:36.943+0000] {logging_mixin.py:150} INFO - [2024-09-12T06:42:36.943+0000] {dag.py:3504} INFO - Setting next_dagrun for example_xcom_args to None, run_after=None
[2024-09-12T06:42:36.945+0000] {logging_mixin.py:150} INFO - [2024-09-12T06:42:36.945+0000] {dag.py:3504} INFO - Setting next_dagrun for example_xcom_args_with_operators to None, run_after=None
[2024-09-12T06:42:36.973+0000] {processor.py:179} INFO - Processing /home/vscode/.local/lib/python3.10/site-packages/airflow/example_dags/example_xcomargs.py took 0.072 seconds
[2024-09-12T06:43:20.750+0000] {processor.py:157} INFO - Started process (PID=8921) to work on /home/vscode/.local/lib/python3.10/site-packages/airflow/example_dags/example_xcomargs.py
[2024-09-12T06:43:20.751+0000] {processor.py:826} INFO - Processing file /home/vscode/.local/lib/python3.10/site-packages/airflow/example_dags/example_xcomargs.py for tasks to queue
[2024-09-12T06:43:20.752+0000] {logging_mixin.py:150} INFO - [2024-09-12T06:43:20.751+0000] {dagbag.py:541} INFO - Filling up the DagBag from /home/vscode/.local/lib/python3.10/site-packages/airflow/example_dags/example_xcomargs.py
[2024-09-12T06:43:20.757+0000] {processor.py:836} INFO - DAG(s) dict_keys(['example_xcom_args_with_operators', 'example_xcom_args']) retrieved from /home/vscode/.local/lib/python3.10/site-packages/airflow/example_dags/example_xcomargs.py
[2024-09-12T06:43:20.770+0000] {logging_mixin.py:150} INFO - [2024-09-12T06:43:20.770+0000] {dag.py:2742} INFO - Sync 2 DAGs
[2024-09-12T06:43:20.784+0000] {logging_mixin.py:150} INFO - [2024-09-12T06:43:20.784+0000] {dag.py:3504} INFO - Setting next_dagrun for example_xcom_args to None, run_after=None
[2024-09-12T06:43:20.786+0000] {logging_mixin.py:150} INFO - [2024-09-12T06:43:20.786+0000] {dag.py:3504} INFO - Setting next_dagrun for example_xcom_args_with_operators to None, run_after=None
[2024-09-12T06:43:20.838+0000] {processor.py:179} INFO - Processing /home/vscode/.local/lib/python3.10/site-packages/airflow/example_dags/example_xcomargs.py took 0.090 seconds
[2024-09-12T06:44:04.308+0000] {processor.py:157} INFO - Started process (PID=9217) to work on /home/vscode/.local/lib/python3.10/site-packages/airflow/example_dags/example_xcomargs.py
[2024-09-12T06:44:04.309+0000] {processor.py:826} INFO - Processing file /home/vscode/.local/lib/python3.10/site-packages/airflow/example_dags/example_xcomargs.py for tasks to queue
[2024-09-12T06:44:04.309+0000] {logging_mixin.py:150} INFO - [2024-09-12T06:44:04.309+0000] {dagbag.py:541} INFO - Filling up the DagBag from /home/vscode/.local/lib/python3.10/site-packages/airflow/example_dags/example_xcomargs.py
[2024-09-12T06:44:04.316+0000] {processor.py:836} INFO - DAG(s) dict_keys(['example_xcom_args_with_operators', 'example_xcom_args']) retrieved from /home/vscode/.local/lib/python3.10/site-packages/airflow/example_dags/example_xcomargs.py
[2024-09-12T06:44:04.333+0000] {logging_mixin.py:150} INFO - [2024-09-12T06:44:04.333+0000] {dag.py:2742} INFO - Sync 2 DAGs
[2024-09-12T06:44:04.347+0000] {logging_mixin.py:150} INFO - [2024-09-12T06:44:04.347+0000] {dag.py:3504} INFO - Setting next_dagrun for example_xcom_args to None, run_after=None
[2024-09-12T06:44:04.349+0000] {logging_mixin.py:150} INFO - [2024-09-12T06:44:04.349+0000] {dag.py:3504} INFO - Setting next_dagrun for example_xcom_args_with_operators to None, run_after=None
[2024-09-12T06:44:04.379+0000] {processor.py:179} INFO - Processing /home/vscode/.local/lib/python3.10/site-packages/airflow/example_dags/example_xcomargs.py took 0.073 seconds
[2024-09-12T06:44:49.712+0000] {processor.py:157} INFO - Started process (PID=9521) to work on /home/vscode/.local/lib/python3.10/site-packages/airflow/example_dags/example_xcomargs.py
[2024-09-12T06:44:49.713+0000] {processor.py:826} INFO - Processing file /home/vscode/.local/lib/python3.10/site-packages/airflow/example_dags/example_xcomargs.py for tasks to queue
[2024-09-12T06:44:49.714+0000] {logging_mixin.py:150} INFO - [2024-09-12T06:44:49.714+0000] {dagbag.py:541} INFO - Filling up the DagBag from /home/vscode/.local/lib/python3.10/site-packages/airflow/example_dags/example_xcomargs.py
[2024-09-12T06:44:49.720+0000] {processor.py:836} INFO - DAG(s) dict_keys(['example_xcom_args', 'example_xcom_args_with_operators']) retrieved from /home/vscode/.local/lib/python3.10/site-packages/airflow/example_dags/example_xcomargs.py
[2024-09-12T06:44:49.736+0000] {logging_mixin.py:150} INFO - [2024-09-12T06:44:49.736+0000] {dag.py:2742} INFO - Sync 2 DAGs
[2024-09-12T06:44:49.749+0000] {logging_mixin.py:150} INFO - [2024-09-12T06:44:49.749+0000] {dag.py:3504} INFO - Setting next_dagrun for example_xcom_args to None, run_after=None
[2024-09-12T06:44:49.751+0000] {logging_mixin.py:150} INFO - [2024-09-12T06:44:49.751+0000] {dag.py:3504} INFO - Setting next_dagrun for example_xcom_args_with_operators to None, run_after=None
[2024-09-12T06:44:49.782+0000] {processor.py:179} INFO - Processing /home/vscode/.local/lib/python3.10/site-packages/airflow/example_dags/example_xcomargs.py took 0.072 seconds
[2024-09-12T06:45:34.963+0000] {processor.py:157} INFO - Started process (PID=9831) to work on /home/vscode/.local/lib/python3.10/site-packages/airflow/example_dags/example_xcomargs.py
[2024-09-12T06:45:34.964+0000] {processor.py:826} INFO - Processing file /home/vscode/.local/lib/python3.10/site-packages/airflow/example_dags/example_xcomargs.py for tasks to queue
[2024-09-12T06:45:34.964+0000] {logging_mixin.py:150} INFO - [2024-09-12T06:45:34.964+0000] {dagbag.py:541} INFO - Filling up the DagBag from /home/vscode/.local/lib/python3.10/site-packages/airflow/example_dags/example_xcomargs.py
[2024-09-12T06:45:34.970+0000] {processor.py:836} INFO - DAG(s) dict_keys(['example_xcom_args_with_operators', 'example_xcom_args']) retrieved from /home/vscode/.local/lib/python3.10/site-packages/airflow/example_dags/example_xcomargs.py
[2024-09-12T06:45:34.984+0000] {logging_mixin.py:150} INFO - [2024-09-12T06:45:34.984+0000] {dag.py:2742} INFO - Sync 2 DAGs
[2024-09-12T06:45:34.999+0000] {logging_mixin.py:150} INFO - [2024-09-12T06:45:34.998+0000] {dag.py:3504} INFO - Setting next_dagrun for example_xcom_args to None, run_after=None
[2024-09-12T06:45:35.001+0000] {logging_mixin.py:150} INFO - [2024-09-12T06:45:35.001+0000] {dag.py:3504} INFO - Setting next_dagrun for example_xcom_args_with_operators to None, run_after=None
[2024-09-12T06:45:35.034+0000] {processor.py:179} INFO - Processing /home/vscode/.local/lib/python3.10/site-packages/airflow/example_dags/example_xcomargs.py took 0.073 seconds
[2024-09-12T06:46:19.376+0000] {processor.py:157} INFO - Started process (PID=10126) to work on /home/vscode/.local/lib/python3.10/site-packages/airflow/example_dags/example_xcomargs.py
[2024-09-12T06:46:19.377+0000] {processor.py:826} INFO - Processing file /home/vscode/.local/lib/python3.10/site-packages/airflow/example_dags/example_xcomargs.py for tasks to queue
[2024-09-12T06:46:19.377+0000] {logging_mixin.py:150} INFO - [2024-09-12T06:46:19.377+0000] {dagbag.py:541} INFO - Filling up the DagBag from /home/vscode/.local/lib/python3.10/site-packages/airflow/example_dags/example_xcomargs.py
[2024-09-12T06:46:19.383+0000] {processor.py:836} INFO - DAG(s) dict_keys(['example_xcom_args', 'example_xcom_args_with_operators']) retrieved from /home/vscode/.local/lib/python3.10/site-packages/airflow/example_dags/example_xcomargs.py
[2024-09-12T06:46:19.396+0000] {logging_mixin.py:150} INFO - [2024-09-12T06:46:19.396+0000] {dag.py:2742} INFO - Sync 2 DAGs
[2024-09-12T06:46:19.410+0000] {logging_mixin.py:150} INFO - [2024-09-12T06:46:19.410+0000] {dag.py:3504} INFO - Setting next_dagrun for example_xcom_args to None, run_after=None
[2024-09-12T06:46:19.412+0000] {logging_mixin.py:150} INFO - [2024-09-12T06:46:19.412+0000] {dag.py:3504} INFO - Setting next_dagrun for example_xcom_args_with_operators to None, run_after=None
[2024-09-12T06:46:19.465+0000] {processor.py:179} INFO - Processing /home/vscode/.local/lib/python3.10/site-packages/airflow/example_dags/example_xcomargs.py took 0.091 seconds
[2024-09-12T06:47:04.086+0000] {processor.py:157} INFO - Started process (PID=10422) to work on /home/vscode/.local/lib/python3.10/site-packages/airflow/example_dags/example_xcomargs.py
[2024-09-12T06:47:04.087+0000] {processor.py:826} INFO - Processing file /home/vscode/.local/lib/python3.10/site-packages/airflow/example_dags/example_xcomargs.py for tasks to queue
[2024-09-12T06:47:04.088+0000] {logging_mixin.py:150} INFO - [2024-09-12T06:47:04.087+0000] {dagbag.py:541} INFO - Filling up the DagBag from /home/vscode/.local/lib/python3.10/site-packages/airflow/example_dags/example_xcomargs.py
[2024-09-12T06:47:04.096+0000] {processor.py:836} INFO - DAG(s) dict_keys(['example_xcom_args_with_operators', 'example_xcom_args']) retrieved from /home/vscode/.local/lib/python3.10/site-packages/airflow/example_dags/example_xcomargs.py
[2024-09-12T06:47:04.116+0000] {logging_mixin.py:150} INFO - [2024-09-12T06:47:04.115+0000] {dag.py:2742} INFO - Sync 2 DAGs
[2024-09-12T06:47:04.135+0000] {logging_mixin.py:150} INFO - [2024-09-12T06:47:04.135+0000] {dag.py:3504} INFO - Setting next_dagrun for example_xcom_args to None, run_after=None
[2024-09-12T06:47:04.138+0000] {logging_mixin.py:150} INFO - [2024-09-12T06:47:04.138+0000] {dag.py:3504} INFO - Setting next_dagrun for example_xcom_args_with_operators to None, run_after=None
[2024-09-12T06:47:04.167+0000] {processor.py:179} INFO - Processing /home/vscode/.local/lib/python3.10/site-packages/airflow/example_dags/example_xcomargs.py took 0.083 seconds
[2024-09-12T06:47:50.719+0000] {processor.py:157} INFO - Started process (PID=10734) to work on /home/vscode/.local/lib/python3.10/site-packages/airflow/example_dags/example_xcomargs.py
[2024-09-12T06:47:50.720+0000] {processor.py:826} INFO - Processing file /home/vscode/.local/lib/python3.10/site-packages/airflow/example_dags/example_xcomargs.py for tasks to queue
[2024-09-12T06:47:50.720+0000] {logging_mixin.py:150} INFO - [2024-09-12T06:47:50.720+0000] {dagbag.py:541} INFO - Filling up the DagBag from /home/vscode/.local/lib/python3.10/site-packages/airflow/example_dags/example_xcomargs.py
[2024-09-12T06:47:50.726+0000] {processor.py:836} INFO - DAG(s) dict_keys(['example_xcom_args', 'example_xcom_args_with_operators']) retrieved from /home/vscode/.local/lib/python3.10/site-packages/airflow/example_dags/example_xcomargs.py
[2024-09-12T06:47:50.739+0000] {logging_mixin.py:150} INFO - [2024-09-12T06:47:50.739+0000] {dag.py:2742} INFO - Sync 2 DAGs
[2024-09-12T06:47:50.752+0000] {logging_mixin.py:150} INFO - [2024-09-12T06:47:50.752+0000] {dag.py:3504} INFO - Setting next_dagrun for example_xcom_args to None, run_after=None
[2024-09-12T06:47:50.754+0000] {logging_mixin.py:150} INFO - [2024-09-12T06:47:50.754+0000] {dag.py:3504} INFO - Setting next_dagrun for example_xcom_args_with_operators to None, run_after=None
[2024-09-12T06:47:50.786+0000] {processor.py:179} INFO - Processing /home/vscode/.local/lib/python3.10/site-packages/airflow/example_dags/example_xcomargs.py took 0.069 seconds
[2024-09-12T06:48:33.121+0000] {processor.py:157} INFO - Started process (PID=11022) to work on /home/vscode/.local/lib/python3.10/site-packages/airflow/example_dags/example_xcomargs.py
[2024-09-12T06:48:33.122+0000] {processor.py:826} INFO - Processing file /home/vscode/.local/lib/python3.10/site-packages/airflow/example_dags/example_xcomargs.py for tasks to queue
[2024-09-12T06:48:33.123+0000] {logging_mixin.py:150} INFO - [2024-09-12T06:48:33.122+0000] {dagbag.py:541} INFO - Filling up the DagBag from /home/vscode/.local/lib/python3.10/site-packages/airflow/example_dags/example_xcomargs.py
[2024-09-12T06:48:33.128+0000] {processor.py:836} INFO - DAG(s) dict_keys(['example_xcom_args_with_operators', 'example_xcom_args']) retrieved from /home/vscode/.local/lib/python3.10/site-packages/airflow/example_dags/example_xcomargs.py
[2024-09-12T06:48:33.142+0000] {logging_mixin.py:150} INFO - [2024-09-12T06:48:33.142+0000] {dag.py:2742} INFO - Sync 2 DAGs
[2024-09-12T06:48:33.156+0000] {logging_mixin.py:150} INFO - [2024-09-12T06:48:33.156+0000] {dag.py:3504} INFO - Setting next_dagrun for example_xcom_args to None, run_after=None
[2024-09-12T06:48:33.158+0000] {logging_mixin.py:150} INFO - [2024-09-12T06:48:33.158+0000] {dag.py:3504} INFO - Setting next_dagrun for example_xcom_args_with_operators to None, run_after=None
[2024-09-12T06:48:33.186+0000] {processor.py:179} INFO - Processing /home/vscode/.local/lib/python3.10/site-packages/airflow/example_dags/example_xcomargs.py took 0.067 seconds
[2024-09-12T06:49:17.649+0000] {processor.py:157} INFO - Started process (PID=11323) to work on /home/vscode/.local/lib/python3.10/site-packages/airflow/example_dags/example_xcomargs.py
[2024-09-12T06:49:17.650+0000] {processor.py:826} INFO - Processing file /home/vscode/.local/lib/python3.10/site-packages/airflow/example_dags/example_xcomargs.py for tasks to queue
[2024-09-12T06:49:17.650+0000] {logging_mixin.py:150} INFO - [2024-09-12T06:49:17.650+0000] {dagbag.py:541} INFO - Filling up the DagBag from /home/vscode/.local/lib/python3.10/site-packages/airflow/example_dags/example_xcomargs.py
[2024-09-12T06:49:17.656+0000] {processor.py:836} INFO - DAG(s) dict_keys(['example_xcom_args', 'example_xcom_args_with_operators']) retrieved from /home/vscode/.local/lib/python3.10/site-packages/airflow/example_dags/example_xcomargs.py
[2024-09-12T06:49:17.669+0000] {logging_mixin.py:150} INFO - [2024-09-12T06:49:17.669+0000] {dag.py:2742} INFO - Sync 2 DAGs
[2024-09-12T06:49:17.683+0000] {logging_mixin.py:150} INFO - [2024-09-12T06:49:17.683+0000] {dag.py:3504} INFO - Setting next_dagrun for example_xcom_args to None, run_after=None
[2024-09-12T06:49:17.685+0000] {logging_mixin.py:150} INFO - [2024-09-12T06:49:17.685+0000] {dag.py:3504} INFO - Setting next_dagrun for example_xcom_args_with_operators to None, run_after=None
[2024-09-12T06:49:17.715+0000] {processor.py:179} INFO - Processing /home/vscode/.local/lib/python3.10/site-packages/airflow/example_dags/example_xcomargs.py took 0.069 seconds
[2024-09-12T06:49:57.689+0000] {processor.py:157} INFO - Started process (PID=11599) to work on /home/vscode/.local/lib/python3.10/site-packages/airflow/example_dags/example_xcomargs.py
[2024-09-12T06:49:57.690+0000] {processor.py:826} INFO - Processing file /home/vscode/.local/lib/python3.10/site-packages/airflow/example_dags/example_xcomargs.py for tasks to queue
[2024-09-12T06:49:57.691+0000] {logging_mixin.py:150} INFO - [2024-09-12T06:49:57.690+0000] {dagbag.py:541} INFO - Filling up the DagBag from /home/vscode/.local/lib/python3.10/site-packages/airflow/example_dags/example_xcomargs.py
[2024-09-12T06:49:57.697+0000] {processor.py:836} INFO - DAG(s) dict_keys(['example_xcom_args', 'example_xcom_args_with_operators']) retrieved from /home/vscode/.local/lib/python3.10/site-packages/airflow/example_dags/example_xcomargs.py
[2024-09-12T06:49:57.711+0000] {logging_mixin.py:150} INFO - [2024-09-12T06:49:57.710+0000] {dag.py:2742} INFO - Sync 2 DAGs
[2024-09-12T06:49:57.724+0000] {logging_mixin.py:150} INFO - [2024-09-12T06:49:57.724+0000] {dag.py:3504} INFO - Setting next_dagrun for example_xcom_args to None, run_after=None
[2024-09-12T06:49:57.726+0000] {logging_mixin.py:150} INFO - [2024-09-12T06:49:57.726+0000] {dag.py:3504} INFO - Setting next_dagrun for example_xcom_args_with_operators to None, run_after=None
[2024-09-12T06:49:57.756+0000] {processor.py:179} INFO - Processing /home/vscode/.local/lib/python3.10/site-packages/airflow/example_dags/example_xcomargs.py took 0.068 seconds
[2024-09-12T06:50:40.859+0000] {processor.py:157} INFO - Started process (PID=11888) to work on /home/vscode/.local/lib/python3.10/site-packages/airflow/example_dags/example_xcomargs.py
[2024-09-12T06:50:40.860+0000] {processor.py:826} INFO - Processing file /home/vscode/.local/lib/python3.10/site-packages/airflow/example_dags/example_xcomargs.py for tasks to queue
[2024-09-12T06:50:40.860+0000] {logging_mixin.py:150} INFO - [2024-09-12T06:50:40.860+0000] {dagbag.py:541} INFO - Filling up the DagBag from /home/vscode/.local/lib/python3.10/site-packages/airflow/example_dags/example_xcomargs.py
[2024-09-12T06:50:40.866+0000] {processor.py:836} INFO - DAG(s) dict_keys(['example_xcom_args', 'example_xcom_args_with_operators']) retrieved from /home/vscode/.local/lib/python3.10/site-packages/airflow/example_dags/example_xcomargs.py
[2024-09-12T06:50:40.879+0000] {logging_mixin.py:150} INFO - [2024-09-12T06:50:40.879+0000] {dag.py:2742} INFO - Sync 2 DAGs
[2024-09-12T06:50:40.893+0000] {logging_mixin.py:150} INFO - [2024-09-12T06:50:40.893+0000] {dag.py:3504} INFO - Setting next_dagrun for example_xcom_args to None, run_after=None
[2024-09-12T06:50:40.895+0000] {logging_mixin.py:150} INFO - [2024-09-12T06:50:40.895+0000] {dag.py:3504} INFO - Setting next_dagrun for example_xcom_args_with_operators to None, run_after=None
[2024-09-12T06:50:40.932+0000] {processor.py:179} INFO - Processing /home/vscode/.local/lib/python3.10/site-packages/airflow/example_dags/example_xcomargs.py took 0.075 seconds
[2024-09-12T06:51:27.816+0000] {processor.py:157} INFO - Started process (PID=12208) to work on /home/vscode/.local/lib/python3.10/site-packages/airflow/example_dags/example_xcomargs.py
[2024-09-12T06:51:27.816+0000] {processor.py:826} INFO - Processing file /home/vscode/.local/lib/python3.10/site-packages/airflow/example_dags/example_xcomargs.py for tasks to queue
[2024-09-12T06:51:27.817+0000] {logging_mixin.py:150} INFO - [2024-09-12T06:51:27.817+0000] {dagbag.py:541} INFO - Filling up the DagBag from /home/vscode/.local/lib/python3.10/site-packages/airflow/example_dags/example_xcomargs.py
[2024-09-12T06:51:27.826+0000] {processor.py:836} INFO - DAG(s) dict_keys(['example_xcom_args', 'example_xcom_args_with_operators']) retrieved from /home/vscode/.local/lib/python3.10/site-packages/airflow/example_dags/example_xcomargs.py
[2024-09-12T06:51:27.845+0000] {logging_mixin.py:150} INFO - [2024-09-12T06:51:27.845+0000] {dag.py:2742} INFO - Sync 2 DAGs
[2024-09-12T06:51:27.865+0000] {logging_mixin.py:150} INFO - [2024-09-12T06:51:27.865+0000] {dag.py:3504} INFO - Setting next_dagrun for example_xcom_args to None, run_after=None
[2024-09-12T06:51:27.868+0000] {logging_mixin.py:150} INFO - [2024-09-12T06:51:27.868+0000] {dag.py:3504} INFO - Setting next_dagrun for example_xcom_args_with_operators to None, run_after=None
[2024-09-12T06:51:27.900+0000] {processor.py:179} INFO - Processing /home/vscode/.local/lib/python3.10/site-packages/airflow/example_dags/example_xcomargs.py took 0.088 seconds
[2024-09-12T06:52:16.432+0000] {processor.py:157} INFO - Started process (PID=12533) to work on /home/vscode/.local/lib/python3.10/site-packages/airflow/example_dags/example_xcomargs.py
[2024-09-12T06:52:16.433+0000] {processor.py:826} INFO - Processing file /home/vscode/.local/lib/python3.10/site-packages/airflow/example_dags/example_xcomargs.py for tasks to queue
[2024-09-12T06:52:16.434+0000] {logging_mixin.py:150} INFO - [2024-09-12T06:52:16.433+0000] {dagbag.py:541} INFO - Filling up the DagBag from /home/vscode/.local/lib/python3.10/site-packages/airflow/example_dags/example_xcomargs.py
[2024-09-12T06:52:16.441+0000] {processor.py:836} INFO - DAG(s) dict_keys(['example_xcom_args_with_operators', 'example_xcom_args']) retrieved from /home/vscode/.local/lib/python3.10/site-packages/airflow/example_dags/example_xcomargs.py
[2024-09-12T06:52:16.455+0000] {logging_mixin.py:150} INFO - [2024-09-12T06:52:16.455+0000] {dag.py:2742} INFO - Sync 2 DAGs
[2024-09-12T06:52:16.468+0000] {logging_mixin.py:150} INFO - [2024-09-12T06:52:16.468+0000] {dag.py:3504} INFO - Setting next_dagrun for example_xcom_args to None, run_after=None
[2024-09-12T06:52:16.470+0000] {logging_mixin.py:150} INFO - [2024-09-12T06:52:16.470+0000] {dag.py:3504} INFO - Setting next_dagrun for example_xcom_args_with_operators to None, run_after=None
[2024-09-12T06:52:16.500+0000] {processor.py:179} INFO - Processing /home/vscode/.local/lib/python3.10/site-packages/airflow/example_dags/example_xcomargs.py took 0.072 seconds
[2024-09-12T06:53:02.658+0000] {processor.py:157} INFO - Started process (PID=12833) to work on /home/vscode/.local/lib/python3.10/site-packages/airflow/example_dags/example_xcomargs.py
[2024-09-12T06:53:02.659+0000] {processor.py:826} INFO - Processing file /home/vscode/.local/lib/python3.10/site-packages/airflow/example_dags/example_xcomargs.py for tasks to queue
[2024-09-12T06:53:02.660+0000] {logging_mixin.py:150} INFO - [2024-09-12T06:53:02.659+0000] {dagbag.py:541} INFO - Filling up the DagBag from /home/vscode/.local/lib/python3.10/site-packages/airflow/example_dags/example_xcomargs.py
[2024-09-12T06:53:02.667+0000] {processor.py:836} INFO - DAG(s) dict_keys(['example_xcom_args', 'example_xcom_args_with_operators']) retrieved from /home/vscode/.local/lib/python3.10/site-packages/airflow/example_dags/example_xcomargs.py
[2024-09-12T06:53:02.680+0000] {logging_mixin.py:150} INFO - [2024-09-12T06:53:02.680+0000] {dag.py:2742} INFO - Sync 2 DAGs
[2024-09-12T06:53:02.694+0000] {logging_mixin.py:150} INFO - [2024-09-12T06:53:02.694+0000] {dag.py:3504} INFO - Setting next_dagrun for example_xcom_args to None, run_after=None
[2024-09-12T06:53:02.696+0000] {logging_mixin.py:150} INFO - [2024-09-12T06:53:02.696+0000] {dag.py:3504} INFO - Setting next_dagrun for example_xcom_args_with_operators to None, run_after=None
[2024-09-12T06:53:02.728+0000] {processor.py:179} INFO - Processing /home/vscode/.local/lib/python3.10/site-packages/airflow/example_dags/example_xcomargs.py took 0.072 seconds
[2024-09-12T06:53:45.658+0000] {processor.py:157} INFO - Started process (PID=13129) to work on /home/vscode/.local/lib/python3.10/site-packages/airflow/example_dags/example_xcomargs.py
[2024-09-12T06:53:45.659+0000] {processor.py:826} INFO - Processing file /home/vscode/.local/lib/python3.10/site-packages/airflow/example_dags/example_xcomargs.py for tasks to queue
[2024-09-12T06:53:45.660+0000] {logging_mixin.py:150} INFO - [2024-09-12T06:53:45.659+0000] {dagbag.py:541} INFO - Filling up the DagBag from /home/vscode/.local/lib/python3.10/site-packages/airflow/example_dags/example_xcomargs.py
[2024-09-12T06:53:45.665+0000] {processor.py:836} INFO - DAG(s) dict_keys(['example_xcom_args', 'example_xcom_args_with_operators']) retrieved from /home/vscode/.local/lib/python3.10/site-packages/airflow/example_dags/example_xcomargs.py
[2024-09-12T06:53:45.679+0000] {logging_mixin.py:150} INFO - [2024-09-12T06:53:45.678+0000] {dag.py:2742} INFO - Sync 2 DAGs
[2024-09-12T06:53:45.692+0000] {logging_mixin.py:150} INFO - [2024-09-12T06:53:45.692+0000] {dag.py:3504} INFO - Setting next_dagrun for example_xcom_args to None, run_after=None
[2024-09-12T06:53:45.694+0000] {logging_mixin.py:150} INFO - [2024-09-12T06:53:45.694+0000] {dag.py:3504} INFO - Setting next_dagrun for example_xcom_args_with_operators to None, run_after=None
[2024-09-12T06:53:45.734+0000] {processor.py:179} INFO - Processing /home/vscode/.local/lib/python3.10/site-packages/airflow/example_dags/example_xcomargs.py took 0.078 seconds
[2024-09-12T06:54:30.474+0000] {processor.py:157} INFO - Started process (PID=13428) to work on /home/vscode/.local/lib/python3.10/site-packages/airflow/example_dags/example_xcomargs.py
[2024-09-12T06:54:30.475+0000] {processor.py:826} INFO - Processing file /home/vscode/.local/lib/python3.10/site-packages/airflow/example_dags/example_xcomargs.py for tasks to queue
[2024-09-12T06:54:30.476+0000] {logging_mixin.py:150} INFO - [2024-09-12T06:54:30.475+0000] {dagbag.py:541} INFO - Filling up the DagBag from /home/vscode/.local/lib/python3.10/site-packages/airflow/example_dags/example_xcomargs.py
[2024-09-12T06:54:30.481+0000] {processor.py:836} INFO - DAG(s) dict_keys(['example_xcom_args_with_operators', 'example_xcom_args']) retrieved from /home/vscode/.local/lib/python3.10/site-packages/airflow/example_dags/example_xcomargs.py
[2024-09-12T06:54:30.495+0000] {logging_mixin.py:150} INFO - [2024-09-12T06:54:30.495+0000] {dag.py:2742} INFO - Sync 2 DAGs
[2024-09-12T06:54:30.511+0000] {logging_mixin.py:150} INFO - [2024-09-12T06:54:30.511+0000] {dag.py:3504} INFO - Setting next_dagrun for example_xcom_args to None, run_after=None
[2024-09-12T06:54:30.513+0000] {logging_mixin.py:150} INFO - [2024-09-12T06:54:30.513+0000] {dag.py:3504} INFO - Setting next_dagrun for example_xcom_args_with_operators to None, run_after=None
[2024-09-12T06:54:30.544+0000] {processor.py:179} INFO - Processing /home/vscode/.local/lib/python3.10/site-packages/airflow/example_dags/example_xcomargs.py took 0.072 seconds
[2024-09-12T06:55:18.631+0000] {processor.py:157} INFO - Started process (PID=13755) to work on /home/vscode/.local/lib/python3.10/site-packages/airflow/example_dags/example_xcomargs.py
[2024-09-12T06:55:18.631+0000] {processor.py:826} INFO - Processing file /home/vscode/.local/lib/python3.10/site-packages/airflow/example_dags/example_xcomargs.py for tasks to queue
[2024-09-12T06:55:18.632+0000] {logging_mixin.py:150} INFO - [2024-09-12T06:55:18.632+0000] {dagbag.py:541} INFO - Filling up the DagBag from /home/vscode/.local/lib/python3.10/site-packages/airflow/example_dags/example_xcomargs.py
[2024-09-12T06:55:18.638+0000] {processor.py:836} INFO - DAG(s) dict_keys(['example_xcom_args_with_operators', 'example_xcom_args']) retrieved from /home/vscode/.local/lib/python3.10/site-packages/airflow/example_dags/example_xcomargs.py
[2024-09-12T06:55:18.651+0000] {logging_mixin.py:150} INFO - [2024-09-12T06:55:18.651+0000] {dag.py:2742} INFO - Sync 2 DAGs
[2024-09-12T06:55:18.664+0000] {logging_mixin.py:150} INFO - [2024-09-12T06:55:18.664+0000] {dag.py:3504} INFO - Setting next_dagrun for example_xcom_args to None, run_after=None
[2024-09-12T06:55:18.666+0000] {logging_mixin.py:150} INFO - [2024-09-12T06:55:18.666+0000] {dag.py:3504} INFO - Setting next_dagrun for example_xcom_args_with_operators to None, run_after=None
[2024-09-12T06:55:18.696+0000] {processor.py:179} INFO - Processing /home/vscode/.local/lib/python3.10/site-packages/airflow/example_dags/example_xcomargs.py took 0.067 seconds
[2024-09-12T06:56:03.891+0000] {processor.py:157} INFO - Started process (PID=14058) to work on /home/vscode/.local/lib/python3.10/site-packages/airflow/example_dags/example_xcomargs.py
[2024-09-12T06:56:03.892+0000] {processor.py:826} INFO - Processing file /home/vscode/.local/lib/python3.10/site-packages/airflow/example_dags/example_xcomargs.py for tasks to queue
[2024-09-12T06:56:03.892+0000] {logging_mixin.py:150} INFO - [2024-09-12T06:56:03.892+0000] {dagbag.py:541} INFO - Filling up the DagBag from /home/vscode/.local/lib/python3.10/site-packages/airflow/example_dags/example_xcomargs.py
[2024-09-12T06:56:03.898+0000] {processor.py:836} INFO - DAG(s) dict_keys(['example_xcom_args', 'example_xcom_args_with_operators']) retrieved from /home/vscode/.local/lib/python3.10/site-packages/airflow/example_dags/example_xcomargs.py
[2024-09-12T06:56:03.911+0000] {logging_mixin.py:150} INFO - [2024-09-12T06:56:03.911+0000] {dag.py:2742} INFO - Sync 2 DAGs
[2024-09-12T06:56:03.925+0000] {logging_mixin.py:150} INFO - [2024-09-12T06:56:03.925+0000] {dag.py:3504} INFO - Setting next_dagrun for example_xcom_args to None, run_after=None
[2024-09-12T06:56:03.927+0000] {logging_mixin.py:150} INFO - [2024-09-12T06:56:03.927+0000] {dag.py:3504} INFO - Setting next_dagrun for example_xcom_args_with_operators to None, run_after=None
[2024-09-12T06:56:03.952+0000] {processor.py:179} INFO - Processing /home/vscode/.local/lib/python3.10/site-packages/airflow/example_dags/example_xcomargs.py took 0.064 seconds
[2024-09-12T06:56:53.271+0000] {processor.py:157} INFO - Started process (PID=14386) to work on /home/vscode/.local/lib/python3.10/site-packages/airflow/example_dags/example_xcomargs.py
[2024-09-12T06:56:53.271+0000] {processor.py:826} INFO - Processing file /home/vscode/.local/lib/python3.10/site-packages/airflow/example_dags/example_xcomargs.py for tasks to queue
[2024-09-12T06:56:53.272+0000] {logging_mixin.py:150} INFO - [2024-09-12T06:56:53.272+0000] {dagbag.py:541} INFO - Filling up the DagBag from /home/vscode/.local/lib/python3.10/site-packages/airflow/example_dags/example_xcomargs.py
[2024-09-12T06:56:53.278+0000] {processor.py:836} INFO - DAG(s) dict_keys(['example_xcom_args', 'example_xcom_args_with_operators']) retrieved from /home/vscode/.local/lib/python3.10/site-packages/airflow/example_dags/example_xcomargs.py
[2024-09-12T06:56:53.291+0000] {logging_mixin.py:150} INFO - [2024-09-12T06:56:53.291+0000] {dag.py:2742} INFO - Sync 2 DAGs
[2024-09-12T06:56:53.304+0000] {logging_mixin.py:150} INFO - [2024-09-12T06:56:53.304+0000] {dag.py:3504} INFO - Setting next_dagrun for example_xcom_args to None, run_after=None
[2024-09-12T06:56:53.306+0000] {logging_mixin.py:150} INFO - [2024-09-12T06:56:53.306+0000] {dag.py:3504} INFO - Setting next_dagrun for example_xcom_args_with_operators to None, run_after=None
[2024-09-12T06:56:53.340+0000] {processor.py:179} INFO - Processing /home/vscode/.local/lib/python3.10/site-packages/airflow/example_dags/example_xcomargs.py took 0.072 seconds
[2024-09-12T06:57:36.761+0000] {processor.py:157} INFO - Started process (PID=14688) to work on /home/vscode/.local/lib/python3.10/site-packages/airflow/example_dags/example_xcomargs.py
[2024-09-12T06:57:36.761+0000] {processor.py:826} INFO - Processing file /home/vscode/.local/lib/python3.10/site-packages/airflow/example_dags/example_xcomargs.py for tasks to queue
[2024-09-12T06:57:36.762+0000] {logging_mixin.py:150} INFO - [2024-09-12T06:57:36.762+0000] {dagbag.py:541} INFO - Filling up the DagBag from /home/vscode/.local/lib/python3.10/site-packages/airflow/example_dags/example_xcomargs.py
[2024-09-12T06:57:36.767+0000] {processor.py:836} INFO - DAG(s) dict_keys(['example_xcom_args', 'example_xcom_args_with_operators']) retrieved from /home/vscode/.local/lib/python3.10/site-packages/airflow/example_dags/example_xcomargs.py
[2024-09-12T06:57:36.780+0000] {logging_mixin.py:150} INFO - [2024-09-12T06:57:36.780+0000] {dag.py:2742} INFO - Sync 2 DAGs
[2024-09-12T06:57:36.794+0000] {logging_mixin.py:150} INFO - [2024-09-12T06:57:36.794+0000] {dag.py:3504} INFO - Setting next_dagrun for example_xcom_args to None, run_after=None
[2024-09-12T06:57:36.796+0000] {logging_mixin.py:150} INFO - [2024-09-12T06:57:36.796+0000] {dag.py:3504} INFO - Setting next_dagrun for example_xcom_args_with_operators to None, run_after=None
[2024-09-12T06:57:36.825+0000] {processor.py:179} INFO - Processing /home/vscode/.local/lib/python3.10/site-packages/airflow/example_dags/example_xcomargs.py took 0.067 seconds
[2024-09-12T06:58:20.072+0000] {processor.py:157} INFO - Started process (PID=14977) to work on /home/vscode/.local/lib/python3.10/site-packages/airflow/example_dags/example_xcomargs.py
[2024-09-12T06:58:20.073+0000] {processor.py:826} INFO - Processing file /home/vscode/.local/lib/python3.10/site-packages/airflow/example_dags/example_xcomargs.py for tasks to queue
[2024-09-12T06:58:20.073+0000] {logging_mixin.py:150} INFO - [2024-09-12T06:58:20.073+0000] {dagbag.py:541} INFO - Filling up the DagBag from /home/vscode/.local/lib/python3.10/site-packages/airflow/example_dags/example_xcomargs.py
[2024-09-12T06:58:20.080+0000] {processor.py:836} INFO - DAG(s) dict_keys(['example_xcom_args_with_operators', 'example_xcom_args']) retrieved from /home/vscode/.local/lib/python3.10/site-packages/airflow/example_dags/example_xcomargs.py
[2024-09-12T06:58:20.093+0000] {logging_mixin.py:150} INFO - [2024-09-12T06:58:20.093+0000] {dag.py:2742} INFO - Sync 2 DAGs
[2024-09-12T06:58:20.106+0000] {logging_mixin.py:150} INFO - [2024-09-12T06:58:20.106+0000] {dag.py:3504} INFO - Setting next_dagrun for example_xcom_args to None, run_after=None
[2024-09-12T06:58:20.108+0000] {logging_mixin.py:150} INFO - [2024-09-12T06:58:20.108+0000] {dag.py:3504} INFO - Setting next_dagrun for example_xcom_args_with_operators to None, run_after=None
[2024-09-12T06:58:20.136+0000] {processor.py:179} INFO - Processing /home/vscode/.local/lib/python3.10/site-packages/airflow/example_dags/example_xcomargs.py took 0.066 seconds
[2024-09-12T06:59:03.296+0000] {processor.py:157} INFO - Started process (PID=15264) to work on /home/vscode/.local/lib/python3.10/site-packages/airflow/example_dags/example_xcomargs.py
[2024-09-12T06:59:03.297+0000] {processor.py:826} INFO - Processing file /home/vscode/.local/lib/python3.10/site-packages/airflow/example_dags/example_xcomargs.py for tasks to queue
[2024-09-12T06:59:03.298+0000] {logging_mixin.py:150} INFO - [2024-09-12T06:59:03.297+0000] {dagbag.py:541} INFO - Filling up the DagBag from /home/vscode/.local/lib/python3.10/site-packages/airflow/example_dags/example_xcomargs.py
[2024-09-12T06:59:03.306+0000] {processor.py:836} INFO - DAG(s) dict_keys(['example_xcom_args_with_operators', 'example_xcom_args']) retrieved from /home/vscode/.local/lib/python3.10/site-packages/airflow/example_dags/example_xcomargs.py
[2024-09-12T06:59:03.326+0000] {logging_mixin.py:150} INFO - [2024-09-12T06:59:03.326+0000] {dag.py:2742} INFO - Sync 2 DAGs
[2024-09-12T06:59:03.350+0000] {logging_mixin.py:150} INFO - [2024-09-12T06:59:03.350+0000] {dag.py:3504} INFO - Setting next_dagrun for example_xcom_args to None, run_after=None
[2024-09-12T06:59:03.353+0000] {logging_mixin.py:150} INFO - [2024-09-12T06:59:03.353+0000] {dag.py:3504} INFO - Setting next_dagrun for example_xcom_args_with_operators to None, run_after=None
[2024-09-12T06:59:03.397+0000] {processor.py:179} INFO - Processing /home/vscode/.local/lib/python3.10/site-packages/airflow/example_dags/example_xcomargs.py took 0.107 seconds
[2024-09-12T06:59:45.483+0000] {processor.py:157} INFO - Started process (PID=15544) to work on /home/vscode/.local/lib/python3.10/site-packages/airflow/example_dags/example_xcomargs.py
[2024-09-12T06:59:45.483+0000] {processor.py:826} INFO - Processing file /home/vscode/.local/lib/python3.10/site-packages/airflow/example_dags/example_xcomargs.py for tasks to queue
[2024-09-12T06:59:45.484+0000] {logging_mixin.py:150} INFO - [2024-09-12T06:59:45.484+0000] {dagbag.py:541} INFO - Filling up the DagBag from /home/vscode/.local/lib/python3.10/site-packages/airflow/example_dags/example_xcomargs.py
[2024-09-12T06:59:45.490+0000] {processor.py:836} INFO - DAG(s) dict_keys(['example_xcom_args_with_operators', 'example_xcom_args']) retrieved from /home/vscode/.local/lib/python3.10/site-packages/airflow/example_dags/example_xcomargs.py
[2024-09-12T06:59:45.503+0000] {logging_mixin.py:150} INFO - [2024-09-12T06:59:45.503+0000] {dag.py:2742} INFO - Sync 2 DAGs
[2024-09-12T06:59:45.517+0000] {logging_mixin.py:150} INFO - [2024-09-12T06:59:45.517+0000] {dag.py:3504} INFO - Setting next_dagrun for example_xcom_args to None, run_after=None
[2024-09-12T06:59:45.519+0000] {logging_mixin.py:150} INFO - [2024-09-12T06:59:45.519+0000] {dag.py:3504} INFO - Setting next_dagrun for example_xcom_args_with_operators to None, run_after=None
[2024-09-12T06:59:45.549+0000] {processor.py:179} INFO - Processing /home/vscode/.local/lib/python3.10/site-packages/airflow/example_dags/example_xcomargs.py took 0.068 seconds
[2024-09-12T07:00:32.594+0000] {processor.py:157} INFO - Started process (PID=15862) to work on /home/vscode/.local/lib/python3.10/site-packages/airflow/example_dags/example_xcomargs.py
[2024-09-12T07:00:32.594+0000] {processor.py:826} INFO - Processing file /home/vscode/.local/lib/python3.10/site-packages/airflow/example_dags/example_xcomargs.py for tasks to queue
[2024-09-12T07:00:32.595+0000] {logging_mixin.py:150} INFO - [2024-09-12T07:00:32.595+0000] {dagbag.py:541} INFO - Filling up the DagBag from /home/vscode/.local/lib/python3.10/site-packages/airflow/example_dags/example_xcomargs.py
[2024-09-12T07:00:32.601+0000] {processor.py:836} INFO - DAG(s) dict_keys(['example_xcom_args_with_operators', 'example_xcom_args']) retrieved from /home/vscode/.local/lib/python3.10/site-packages/airflow/example_dags/example_xcomargs.py
[2024-09-12T07:00:32.615+0000] {logging_mixin.py:150} INFO - [2024-09-12T07:00:32.615+0000] {dag.py:2742} INFO - Sync 2 DAGs
[2024-09-12T07:00:32.628+0000] {logging_mixin.py:150} INFO - [2024-09-12T07:00:32.628+0000] {dag.py:3504} INFO - Setting next_dagrun for example_xcom_args to None, run_after=None
[2024-09-12T07:00:32.630+0000] {logging_mixin.py:150} INFO - [2024-09-12T07:00:32.630+0000] {dag.py:3504} INFO - Setting next_dagrun for example_xcom_args_with_operators to None, run_after=None
[2024-09-12T07:00:32.666+0000] {processor.py:179} INFO - Processing /home/vscode/.local/lib/python3.10/site-packages/airflow/example_dags/example_xcomargs.py took 0.075 seconds
[2024-09-12T07:01:19.894+0000] {processor.py:157} INFO - Started process (PID=16183) to work on /home/vscode/.local/lib/python3.10/site-packages/airflow/example_dags/example_xcomargs.py
[2024-09-12T07:01:19.894+0000] {processor.py:826} INFO - Processing file /home/vscode/.local/lib/python3.10/site-packages/airflow/example_dags/example_xcomargs.py for tasks to queue
[2024-09-12T07:01:19.895+0000] {logging_mixin.py:150} INFO - [2024-09-12T07:01:19.895+0000] {dagbag.py:541} INFO - Filling up the DagBag from /home/vscode/.local/lib/python3.10/site-packages/airflow/example_dags/example_xcomargs.py
[2024-09-12T07:01:19.902+0000] {processor.py:836} INFO - DAG(s) dict_keys(['example_xcom_args', 'example_xcom_args_with_operators']) retrieved from /home/vscode/.local/lib/python3.10/site-packages/airflow/example_dags/example_xcomargs.py
[2024-09-12T07:01:19.915+0000] {logging_mixin.py:150} INFO - [2024-09-12T07:01:19.915+0000] {dag.py:2742} INFO - Sync 2 DAGs
[2024-09-12T07:01:19.928+0000] {logging_mixin.py:150} INFO - [2024-09-12T07:01:19.928+0000] {dag.py:3504} INFO - Setting next_dagrun for example_xcom_args to None, run_after=None
[2024-09-12T07:01:19.930+0000] {logging_mixin.py:150} INFO - [2024-09-12T07:01:19.930+0000] {dag.py:3504} INFO - Setting next_dagrun for example_xcom_args_with_operators to None, run_after=None
[2024-09-12T07:01:19.973+0000] {processor.py:179} INFO - Processing /home/vscode/.local/lib/python3.10/site-packages/airflow/example_dags/example_xcomargs.py took 0.081 seconds
[2024-09-12T07:01:59.676+0000] {processor.py:157} INFO - Started process (PID=16455) to work on /home/vscode/.local/lib/python3.10/site-packages/airflow/example_dags/example_xcomargs.py
[2024-09-12T07:01:59.676+0000] {processor.py:826} INFO - Processing file /home/vscode/.local/lib/python3.10/site-packages/airflow/example_dags/example_xcomargs.py for tasks to queue
[2024-09-12T07:01:59.677+0000] {logging_mixin.py:150} INFO - [2024-09-12T07:01:59.677+0000] {dagbag.py:541} INFO - Filling up the DagBag from /home/vscode/.local/lib/python3.10/site-packages/airflow/example_dags/example_xcomargs.py
[2024-09-12T07:01:59.683+0000] {processor.py:836} INFO - DAG(s) dict_keys(['example_xcom_args', 'example_xcom_args_with_operators']) retrieved from /home/vscode/.local/lib/python3.10/site-packages/airflow/example_dags/example_xcomargs.py
[2024-09-12T07:01:59.696+0000] {logging_mixin.py:150} INFO - [2024-09-12T07:01:59.696+0000] {dag.py:2742} INFO - Sync 2 DAGs
[2024-09-12T07:01:59.709+0000] {logging_mixin.py:150} INFO - [2024-09-12T07:01:59.709+0000] {dag.py:3504} INFO - Setting next_dagrun for example_xcom_args to None, run_after=None
[2024-09-12T07:01:59.711+0000] {logging_mixin.py:150} INFO - [2024-09-12T07:01:59.711+0000] {dag.py:3504} INFO - Setting next_dagrun for example_xcom_args_with_operators to None, run_after=None
[2024-09-12T07:01:59.757+0000] {processor.py:179} INFO - Processing /home/vscode/.local/lib/python3.10/site-packages/airflow/example_dags/example_xcomargs.py took 0.083 seconds
[2024-09-12T07:02:39.895+0000] {processor.py:157} INFO - Started process (PID=16725) to work on /home/vscode/.local/lib/python3.10/site-packages/airflow/example_dags/example_xcomargs.py
[2024-09-12T07:02:39.895+0000] {processor.py:826} INFO - Processing file /home/vscode/.local/lib/python3.10/site-packages/airflow/example_dags/example_xcomargs.py for tasks to queue
[2024-09-12T07:02:39.896+0000] {logging_mixin.py:150} INFO - [2024-09-12T07:02:39.896+0000] {dagbag.py:541} INFO - Filling up the DagBag from /home/vscode/.local/lib/python3.10/site-packages/airflow/example_dags/example_xcomargs.py
[2024-09-12T07:02:39.902+0000] {processor.py:836} INFO - DAG(s) dict_keys(['example_xcom_args', 'example_xcom_args_with_operators']) retrieved from /home/vscode/.local/lib/python3.10/site-packages/airflow/example_dags/example_xcomargs.py
[2024-09-12T07:02:39.915+0000] {logging_mixin.py:150} INFO - [2024-09-12T07:02:39.915+0000] {dag.py:2742} INFO - Sync 2 DAGs
[2024-09-12T07:02:39.929+0000] {logging_mixin.py:150} INFO - [2024-09-12T07:02:39.928+0000] {dag.py:3504} INFO - Setting next_dagrun for example_xcom_args to None, run_after=None
[2024-09-12T07:02:39.931+0000] {logging_mixin.py:150} INFO - [2024-09-12T07:02:39.931+0000] {dag.py:3504} INFO - Setting next_dagrun for example_xcom_args_with_operators to None, run_after=None
[2024-09-12T07:02:39.967+0000] {processor.py:179} INFO - Processing /home/vscode/.local/lib/python3.10/site-packages/airflow/example_dags/example_xcomargs.py took 0.074 seconds
[2024-09-12T07:03:28.147+0000] {processor.py:157} INFO - Started process (PID=17039) to work on /home/vscode/.local/lib/python3.10/site-packages/airflow/example_dags/example_xcomargs.py
[2024-09-12T07:03:28.147+0000] {processor.py:826} INFO - Processing file /home/vscode/.local/lib/python3.10/site-packages/airflow/example_dags/example_xcomargs.py for tasks to queue
[2024-09-12T07:03:28.148+0000] {logging_mixin.py:150} INFO - [2024-09-12T07:03:28.148+0000] {dagbag.py:541} INFO - Filling up the DagBag from /home/vscode/.local/lib/python3.10/site-packages/airflow/example_dags/example_xcomargs.py
[2024-09-12T07:03:28.154+0000] {processor.py:836} INFO - DAG(s) dict_keys(['example_xcom_args', 'example_xcom_args_with_operators']) retrieved from /home/vscode/.local/lib/python3.10/site-packages/airflow/example_dags/example_xcomargs.py
[2024-09-12T07:03:28.167+0000] {logging_mixin.py:150} INFO - [2024-09-12T07:03:28.167+0000] {dag.py:2742} INFO - Sync 2 DAGs
[2024-09-12T07:03:28.181+0000] {logging_mixin.py:150} INFO - [2024-09-12T07:03:28.181+0000] {dag.py:3504} INFO - Setting next_dagrun for example_xcom_args to None, run_after=None
[2024-09-12T07:03:28.183+0000] {logging_mixin.py:150} INFO - [2024-09-12T07:03:28.183+0000] {dag.py:3504} INFO - Setting next_dagrun for example_xcom_args_with_operators to None, run_after=None
[2024-09-12T07:03:28.221+0000] {processor.py:179} INFO - Processing /home/vscode/.local/lib/python3.10/site-packages/airflow/example_dags/example_xcomargs.py took 0.077 seconds
[2024-09-12T07:04:18.118+0000] {processor.py:157} INFO - Started process (PID=17446) to work on /home/vscode/.local/lib/python3.10/site-packages/airflow/example_dags/example_xcomargs.py
[2024-09-12T07:04:18.119+0000] {processor.py:826} INFO - Processing file /home/vscode/.local/lib/python3.10/site-packages/airflow/example_dags/example_xcomargs.py for tasks to queue
[2024-09-12T07:04:18.119+0000] {logging_mixin.py:150} INFO - [2024-09-12T07:04:18.119+0000] {dagbag.py:541} INFO - Filling up the DagBag from /home/vscode/.local/lib/python3.10/site-packages/airflow/example_dags/example_xcomargs.py
[2024-09-12T07:04:18.126+0000] {processor.py:836} INFO - DAG(s) dict_keys(['example_xcom_args_with_operators', 'example_xcom_args']) retrieved from /home/vscode/.local/lib/python3.10/site-packages/airflow/example_dags/example_xcomargs.py
[2024-09-12T07:04:18.145+0000] {logging_mixin.py:150} INFO - [2024-09-12T07:04:18.145+0000] {dag.py:2742} INFO - Sync 2 DAGs
[2024-09-12T07:04:18.167+0000] {logging_mixin.py:150} INFO - [2024-09-12T07:04:18.166+0000] {dag.py:3504} INFO - Setting next_dagrun for example_xcom_args to None, run_after=None
[2024-09-12T07:04:18.170+0000] {logging_mixin.py:150} INFO - [2024-09-12T07:04:18.169+0000] {dag.py:3504} INFO - Setting next_dagrun for example_xcom_args_with_operators to None, run_after=None
[2024-09-12T07:04:18.205+0000] {processor.py:179} INFO - Processing /home/vscode/.local/lib/python3.10/site-packages/airflow/example_dags/example_xcomargs.py took 0.090 seconds
[2024-09-12T07:05:02.171+0000] {processor.py:157} INFO - Started process (PID=17767) to work on /home/vscode/.local/lib/python3.10/site-packages/airflow/example_dags/example_xcomargs.py
[2024-09-12T07:05:02.171+0000] {processor.py:826} INFO - Processing file /home/vscode/.local/lib/python3.10/site-packages/airflow/example_dags/example_xcomargs.py for tasks to queue
[2024-09-12T07:05:02.172+0000] {logging_mixin.py:150} INFO - [2024-09-12T07:05:02.172+0000] {dagbag.py:541} INFO - Filling up the DagBag from /home/vscode/.local/lib/python3.10/site-packages/airflow/example_dags/example_xcomargs.py
[2024-09-12T07:05:02.178+0000] {processor.py:836} INFO - DAG(s) dict_keys(['example_xcom_args', 'example_xcom_args_with_operators']) retrieved from /home/vscode/.local/lib/python3.10/site-packages/airflow/example_dags/example_xcomargs.py
[2024-09-12T07:05:02.191+0000] {logging_mixin.py:150} INFO - [2024-09-12T07:05:02.191+0000] {dag.py:2742} INFO - Sync 2 DAGs
[2024-09-12T07:05:02.204+0000] {logging_mixin.py:150} INFO - [2024-09-12T07:05:02.204+0000] {dag.py:3504} INFO - Setting next_dagrun for example_xcom_args to None, run_after=None
[2024-09-12T07:05:02.206+0000] {logging_mixin.py:150} INFO - [2024-09-12T07:05:02.206+0000] {dag.py:3504} INFO - Setting next_dagrun for example_xcom_args_with_operators to None, run_after=None
[2024-09-12T07:05:02.239+0000] {processor.py:179} INFO - Processing /home/vscode/.local/lib/python3.10/site-packages/airflow/example_dags/example_xcomargs.py took 0.071 seconds
[2024-09-12T07:05:48.302+0000] {processor.py:157} INFO - Started process (PID=18203) to work on /home/vscode/.local/lib/python3.10/site-packages/airflow/example_dags/example_xcomargs.py
[2024-09-12T07:05:48.303+0000] {processor.py:826} INFO - Processing file /home/vscode/.local/lib/python3.10/site-packages/airflow/example_dags/example_xcomargs.py for tasks to queue
[2024-09-12T07:05:48.303+0000] {logging_mixin.py:150} INFO - [2024-09-12T07:05:48.303+0000] {dagbag.py:541} INFO - Filling up the DagBag from /home/vscode/.local/lib/python3.10/site-packages/airflow/example_dags/example_xcomargs.py
[2024-09-12T07:05:48.310+0000] {processor.py:836} INFO - DAG(s) dict_keys(['example_xcom_args_with_operators', 'example_xcom_args']) retrieved from /home/vscode/.local/lib/python3.10/site-packages/airflow/example_dags/example_xcomargs.py
[2024-09-12T07:05:48.323+0000] {logging_mixin.py:150} INFO - [2024-09-12T07:05:48.322+0000] {dag.py:2742} INFO - Sync 2 DAGs
[2024-09-12T07:05:48.336+0000] {logging_mixin.py:150} INFO - [2024-09-12T07:05:48.336+0000] {dag.py:3504} INFO - Setting next_dagrun for example_xcom_args to None, run_after=None
[2024-09-12T07:05:48.338+0000] {logging_mixin.py:150} INFO - [2024-09-12T07:05:48.338+0000] {dag.py:3504} INFO - Setting next_dagrun for example_xcom_args_with_operators to None, run_after=None
[2024-09-12T07:05:48.386+0000] {processor.py:179} INFO - Processing /home/vscode/.local/lib/python3.10/site-packages/airflow/example_dags/example_xcomargs.py took 0.086 seconds
[2024-09-12T07:06:32.572+0000] {processor.py:157} INFO - Started process (PID=18556) to work on /home/vscode/.local/lib/python3.10/site-packages/airflow/example_dags/example_xcomargs.py
[2024-09-12T07:06:32.572+0000] {processor.py:826} INFO - Processing file /home/vscode/.local/lib/python3.10/site-packages/airflow/example_dags/example_xcomargs.py for tasks to queue
[2024-09-12T07:06:32.573+0000] {logging_mixin.py:150} INFO - [2024-09-12T07:06:32.573+0000] {dagbag.py:541} INFO - Filling up the DagBag from /home/vscode/.local/lib/python3.10/site-packages/airflow/example_dags/example_xcomargs.py
[2024-09-12T07:06:32.579+0000] {processor.py:836} INFO - DAG(s) dict_keys(['example_xcom_args_with_operators', 'example_xcom_args']) retrieved from /home/vscode/.local/lib/python3.10/site-packages/airflow/example_dags/example_xcomargs.py
[2024-09-12T07:06:32.592+0000] {logging_mixin.py:150} INFO - [2024-09-12T07:06:32.592+0000] {dag.py:2742} INFO - Sync 2 DAGs
[2024-09-12T07:06:32.606+0000] {logging_mixin.py:150} INFO - [2024-09-12T07:06:32.606+0000] {dag.py:3504} INFO - Setting next_dagrun for example_xcom_args to None, run_after=None
[2024-09-12T07:06:32.608+0000] {logging_mixin.py:150} INFO - [2024-09-12T07:06:32.608+0000] {dag.py:3504} INFO - Setting next_dagrun for example_xcom_args_with_operators to None, run_after=None
[2024-09-12T07:06:32.642+0000] {processor.py:179} INFO - Processing /home/vscode/.local/lib/python3.10/site-packages/airflow/example_dags/example_xcomargs.py took 0.072 seconds
[2024-09-12T07:07:16.855+0000] {processor.py:157} INFO - Started process (PID=18858) to work on /home/vscode/.local/lib/python3.10/site-packages/airflow/example_dags/example_xcomargs.py
[2024-09-12T07:07:16.856+0000] {processor.py:826} INFO - Processing file /home/vscode/.local/lib/python3.10/site-packages/airflow/example_dags/example_xcomargs.py for tasks to queue
[2024-09-12T07:07:16.856+0000] {logging_mixin.py:150} INFO - [2024-09-12T07:07:16.856+0000] {dagbag.py:541} INFO - Filling up the DagBag from /home/vscode/.local/lib/python3.10/site-packages/airflow/example_dags/example_xcomargs.py
[2024-09-12T07:07:16.863+0000] {processor.py:836} INFO - DAG(s) dict_keys(['example_xcom_args', 'example_xcom_args_with_operators']) retrieved from /home/vscode/.local/lib/python3.10/site-packages/airflow/example_dags/example_xcomargs.py
[2024-09-12T07:07:16.886+0000] {logging_mixin.py:150} INFO - [2024-09-12T07:07:16.885+0000] {dag.py:2742} INFO - Sync 2 DAGs
[2024-09-12T07:07:16.906+0000] {logging_mixin.py:150} INFO - [2024-09-12T07:07:16.906+0000] {dag.py:3504} INFO - Setting next_dagrun for example_xcom_args to None, run_after=None
[2024-09-12T07:07:16.908+0000] {logging_mixin.py:150} INFO - [2024-09-12T07:07:16.908+0000] {dag.py:3504} INFO - Setting next_dagrun for example_xcom_args_with_operators to None, run_after=None
[2024-09-12T07:07:16.953+0000] {processor.py:179} INFO - Processing /home/vscode/.local/lib/python3.10/site-packages/airflow/example_dags/example_xcomargs.py took 0.100 seconds
[2024-09-12T07:08:00.461+0000] {processor.py:157} INFO - Started process (PID=19153) to work on /home/vscode/.local/lib/python3.10/site-packages/airflow/example_dags/example_xcomargs.py
[2024-09-12T07:08:00.462+0000] {processor.py:826} INFO - Processing file /home/vscode/.local/lib/python3.10/site-packages/airflow/example_dags/example_xcomargs.py for tasks to queue
[2024-09-12T07:08:00.463+0000] {logging_mixin.py:150} INFO - [2024-09-12T07:08:00.462+0000] {dagbag.py:541} INFO - Filling up the DagBag from /home/vscode/.local/lib/python3.10/site-packages/airflow/example_dags/example_xcomargs.py
[2024-09-12T07:08:00.469+0000] {processor.py:836} INFO - DAG(s) dict_keys(['example_xcom_args', 'example_xcom_args_with_operators']) retrieved from /home/vscode/.local/lib/python3.10/site-packages/airflow/example_dags/example_xcomargs.py
[2024-09-12T07:08:00.482+0000] {logging_mixin.py:150} INFO - [2024-09-12T07:08:00.482+0000] {dag.py:2742} INFO - Sync 2 DAGs
[2024-09-12T07:08:00.496+0000] {logging_mixin.py:150} INFO - [2024-09-12T07:08:00.496+0000] {dag.py:3504} INFO - Setting next_dagrun for example_xcom_args to None, run_after=None
[2024-09-12T07:08:00.498+0000] {logging_mixin.py:150} INFO - [2024-09-12T07:08:00.498+0000] {dag.py:3504} INFO - Setting next_dagrun for example_xcom_args_with_operators to None, run_after=None
[2024-09-12T07:08:00.530+0000] {processor.py:179} INFO - Processing /home/vscode/.local/lib/python3.10/site-packages/airflow/example_dags/example_xcomargs.py took 0.071 seconds
[2024-09-12T07:08:44.508+0000] {processor.py:157} INFO - Started process (PID=19551) to work on /home/vscode/.local/lib/python3.10/site-packages/airflow/example_dags/example_xcomargs.py
[2024-09-12T07:08:44.508+0000] {processor.py:826} INFO - Processing file /home/vscode/.local/lib/python3.10/site-packages/airflow/example_dags/example_xcomargs.py for tasks to queue
[2024-09-12T07:08:44.509+0000] {logging_mixin.py:150} INFO - [2024-09-12T07:08:44.509+0000] {dagbag.py:541} INFO - Filling up the DagBag from /home/vscode/.local/lib/python3.10/site-packages/airflow/example_dags/example_xcomargs.py
[2024-09-12T07:08:44.516+0000] {processor.py:836} INFO - DAG(s) dict_keys(['example_xcom_args', 'example_xcom_args_with_operators']) retrieved from /home/vscode/.local/lib/python3.10/site-packages/airflow/example_dags/example_xcomargs.py
[2024-09-12T07:08:44.530+0000] {logging_mixin.py:150} INFO - [2024-09-12T07:08:44.530+0000] {dag.py:2742} INFO - Sync 2 DAGs
[2024-09-12T07:08:44.544+0000] {logging_mixin.py:150} INFO - [2024-09-12T07:08:44.544+0000] {dag.py:3504} INFO - Setting next_dagrun for example_xcom_args to None, run_after=None
[2024-09-12T07:08:44.546+0000] {logging_mixin.py:150} INFO - [2024-09-12T07:08:44.545+0000] {dag.py:3504} INFO - Setting next_dagrun for example_xcom_args_with_operators to None, run_after=None
[2024-09-12T07:08:44.575+0000] {processor.py:179} INFO - Processing /home/vscode/.local/lib/python3.10/site-packages/airflow/example_dags/example_xcomargs.py took 0.070 seconds
[2024-09-12T07:09:30.976+0000] {processor.py:157} INFO - Started process (PID=19877) to work on /home/vscode/.local/lib/python3.10/site-packages/airflow/example_dags/example_xcomargs.py
[2024-09-12T07:09:30.976+0000] {processor.py:826} INFO - Processing file /home/vscode/.local/lib/python3.10/site-packages/airflow/example_dags/example_xcomargs.py for tasks to queue
[2024-09-12T07:09:30.977+0000] {logging_mixin.py:150} INFO - [2024-09-12T07:09:30.977+0000] {dagbag.py:541} INFO - Filling up the DagBag from /home/vscode/.local/lib/python3.10/site-packages/airflow/example_dags/example_xcomargs.py
[2024-09-12T07:09:30.983+0000] {processor.py:836} INFO - DAG(s) dict_keys(['example_xcom_args', 'example_xcom_args_with_operators']) retrieved from /home/vscode/.local/lib/python3.10/site-packages/airflow/example_dags/example_xcomargs.py
[2024-09-12T07:09:30.997+0000] {logging_mixin.py:150} INFO - [2024-09-12T07:09:30.997+0000] {dag.py:2742} INFO - Sync 2 DAGs
[2024-09-12T07:09:31.011+0000] {logging_mixin.py:150} INFO - [2024-09-12T07:09:31.011+0000] {dag.py:3504} INFO - Setting next_dagrun for example_xcom_args to None, run_after=None
[2024-09-12T07:09:31.013+0000] {logging_mixin.py:150} INFO - [2024-09-12T07:09:31.013+0000] {dag.py:3504} INFO - Setting next_dagrun for example_xcom_args_with_operators to None, run_after=None
[2024-09-12T07:09:31.043+0000] {processor.py:179} INFO - Processing /home/vscode/.local/lib/python3.10/site-packages/airflow/example_dags/example_xcomargs.py took 0.069 seconds
[2024-09-12T07:10:15.574+0000] {processor.py:157} INFO - Started process (PID=20211) to work on /home/vscode/.local/lib/python3.10/site-packages/airflow/example_dags/example_xcomargs.py
[2024-09-12T07:10:15.574+0000] {processor.py:826} INFO - Processing file /home/vscode/.local/lib/python3.10/site-packages/airflow/example_dags/example_xcomargs.py for tasks to queue
[2024-09-12T07:10:15.575+0000] {logging_mixin.py:150} INFO - [2024-09-12T07:10:15.575+0000] {dagbag.py:541} INFO - Filling up the DagBag from /home/vscode/.local/lib/python3.10/site-packages/airflow/example_dags/example_xcomargs.py
[2024-09-12T07:10:15.581+0000] {processor.py:836} INFO - DAG(s) dict_keys(['example_xcom_args', 'example_xcom_args_with_operators']) retrieved from /home/vscode/.local/lib/python3.10/site-packages/airflow/example_dags/example_xcomargs.py
[2024-09-12T07:10:15.594+0000] {logging_mixin.py:150} INFO - [2024-09-12T07:10:15.594+0000] {dag.py:2742} INFO - Sync 2 DAGs
[2024-09-12T07:10:15.608+0000] {logging_mixin.py:150} INFO - [2024-09-12T07:10:15.608+0000] {dag.py:3504} INFO - Setting next_dagrun for example_xcom_args to None, run_after=None
[2024-09-12T07:10:15.611+0000] {logging_mixin.py:150} INFO - [2024-09-12T07:10:15.611+0000] {dag.py:3504} INFO - Setting next_dagrun for example_xcom_args_with_operators to None, run_after=None
[2024-09-12T07:10:15.660+0000] {processor.py:179} INFO - Processing /home/vscode/.local/lib/python3.10/site-packages/airflow/example_dags/example_xcomargs.py took 0.089 seconds
