[2024-09-12T06:39:46.258+0000] {processor.py:157} INFO - Started process (PID=7487) to work on /home/vscode/.local/lib/python3.10/site-packages/airflow/example_dags/example_dynamic_task_mapping.py
[2024-09-12T06:39:46.258+0000] {processor.py:826} INFO - Processing file /home/vscode/.local/lib/python3.10/site-packages/airflow/example_dags/example_dynamic_task_mapping.py for tasks to queue
[2024-09-12T06:39:46.259+0000] {logging_mixin.py:150} INFO - [2024-09-12T06:39:46.259+0000] {dagbag.py:541} INFO - Filling up the DagBag from /home/vscode/.local/lib/python3.10/site-packages/airflow/example_dags/example_dynamic_task_mapping.py
[2024-09-12T06:39:46.264+0000] {processor.py:836} INFO - DAG(s) dict_keys(['example_dynamic_task_mapping']) retrieved from /home/vscode/.local/lib/python3.10/site-packages/airflow/example_dags/example_dynamic_task_mapping.py
[2024-09-12T06:39:46.442+0000] {logging_mixin.py:150} INFO - [2024-09-12T06:39:46.442+0000] {manager.py:504} INFO - Created Permission View: can delete on DAG:example_dynamic_task_mapping
[2024-09-12T06:39:46.463+0000] {logging_mixin.py:150} INFO - [2024-09-12T06:39:46.462+0000] {manager.py:504} INFO - Created Permission View: can read on DAG:example_dynamic_task_mapping
[2024-09-12T06:39:46.488+0000] {logging_mixin.py:150} INFO - [2024-09-12T06:39:46.488+0000] {manager.py:504} INFO - Created Permission View: can edit on DAG:example_dynamic_task_mapping
[2024-09-12T06:39:46.495+0000] {logging_mixin.py:150} INFO - [2024-09-12T06:39:46.495+0000] {dag.py:2742} INFO - Sync 1 DAGs
[2024-09-12T06:39:46.501+0000] {logging_mixin.py:150} INFO - [2024-09-12T06:39:46.501+0000] {dag.py:2763} INFO - Creating ORM DAG for example_dynamic_task_mapping
[2024-09-12T06:39:46.507+0000] {logging_mixin.py:150} INFO - [2024-09-12T06:39:46.507+0000] {dag.py:3504} INFO - Setting next_dagrun for example_dynamic_task_mapping to 2022-03-04T00:00:00+00:00, run_after=2022-03-05T00:00:00+00:00
[2024-09-12T06:39:46.548+0000] {processor.py:179} INFO - Processing /home/vscode/.local/lib/python3.10/site-packages/airflow/example_dags/example_dynamic_task_mapping.py took 0.292 seconds
[2024-09-12T06:40:39.062+0000] {processor.py:157} INFO - Started process (PID=7833) to work on /home/vscode/.local/lib/python3.10/site-packages/airflow/example_dags/example_dynamic_task_mapping.py
[2024-09-12T06:40:39.062+0000] {processor.py:826} INFO - Processing file /home/vscode/.local/lib/python3.10/site-packages/airflow/example_dags/example_dynamic_task_mapping.py for tasks to queue
[2024-09-12T06:40:39.063+0000] {logging_mixin.py:150} INFO - [2024-09-12T06:40:39.063+0000] {dagbag.py:541} INFO - Filling up the DagBag from /home/vscode/.local/lib/python3.10/site-packages/airflow/example_dags/example_dynamic_task_mapping.py
[2024-09-12T06:40:39.068+0000] {processor.py:836} INFO - DAG(s) dict_keys(['example_dynamic_task_mapping']) retrieved from /home/vscode/.local/lib/python3.10/site-packages/airflow/example_dags/example_dynamic_task_mapping.py
[2024-09-12T06:40:39.080+0000] {logging_mixin.py:150} INFO - [2024-09-12T06:40:39.080+0000] {dag.py:2742} INFO - Sync 1 DAGs
[2024-09-12T06:40:39.094+0000] {logging_mixin.py:150} INFO - [2024-09-12T06:40:39.094+0000] {dag.py:3504} INFO - Setting next_dagrun for example_dynamic_task_mapping to 2022-03-04T00:00:00+00:00, run_after=2022-03-05T00:00:00+00:00
[2024-09-12T06:40:39.127+0000] {processor.py:179} INFO - Processing /home/vscode/.local/lib/python3.10/site-packages/airflow/example_dags/example_dynamic_task_mapping.py took 0.067 seconds
[2024-09-12T06:41:22.156+0000] {processor.py:157} INFO - Started process (PID=8129) to work on /home/vscode/.local/lib/python3.10/site-packages/airflow/example_dags/example_dynamic_task_mapping.py
[2024-09-12T06:41:22.156+0000] {processor.py:826} INFO - Processing file /home/vscode/.local/lib/python3.10/site-packages/airflow/example_dags/example_dynamic_task_mapping.py for tasks to queue
[2024-09-12T06:41:22.157+0000] {logging_mixin.py:150} INFO - [2024-09-12T06:41:22.157+0000] {dagbag.py:541} INFO - Filling up the DagBag from /home/vscode/.local/lib/python3.10/site-packages/airflow/example_dags/example_dynamic_task_mapping.py
[2024-09-12T06:41:22.163+0000] {processor.py:836} INFO - DAG(s) dict_keys(['example_dynamic_task_mapping']) retrieved from /home/vscode/.local/lib/python3.10/site-packages/airflow/example_dags/example_dynamic_task_mapping.py
[2024-09-12T06:41:22.173+0000] {logging_mixin.py:150} INFO - [2024-09-12T06:41:22.173+0000] {dag.py:2742} INFO - Sync 1 DAGs
[2024-09-12T06:41:22.186+0000] {logging_mixin.py:150} INFO - [2024-09-12T06:41:22.186+0000] {dag.py:3504} INFO - Setting next_dagrun for example_dynamic_task_mapping to 2022-03-04T00:00:00+00:00, run_after=2022-03-05T00:00:00+00:00
[2024-09-12T06:41:22.216+0000] {processor.py:179} INFO - Processing /home/vscode/.local/lib/python3.10/site-packages/airflow/example_dags/example_dynamic_task_mapping.py took 0.063 seconds
[2024-09-12T06:42:05.494+0000] {processor.py:157} INFO - Started process (PID=8415) to work on /home/vscode/.local/lib/python3.10/site-packages/airflow/example_dags/example_dynamic_task_mapping.py
[2024-09-12T06:42:05.495+0000] {processor.py:826} INFO - Processing file /home/vscode/.local/lib/python3.10/site-packages/airflow/example_dags/example_dynamic_task_mapping.py for tasks to queue
[2024-09-12T06:42:05.495+0000] {logging_mixin.py:150} INFO - [2024-09-12T06:42:05.495+0000] {dagbag.py:541} INFO - Filling up the DagBag from /home/vscode/.local/lib/python3.10/site-packages/airflow/example_dags/example_dynamic_task_mapping.py
[2024-09-12T06:42:05.501+0000] {processor.py:836} INFO - DAG(s) dict_keys(['example_dynamic_task_mapping']) retrieved from /home/vscode/.local/lib/python3.10/site-packages/airflow/example_dags/example_dynamic_task_mapping.py
[2024-09-12T06:42:05.511+0000] {logging_mixin.py:150} INFO - [2024-09-12T06:42:05.511+0000] {dag.py:2742} INFO - Sync 1 DAGs
[2024-09-12T06:42:05.525+0000] {logging_mixin.py:150} INFO - [2024-09-12T06:42:05.525+0000] {dag.py:3504} INFO - Setting next_dagrun for example_dynamic_task_mapping to 2022-03-04T00:00:00+00:00, run_after=2022-03-05T00:00:00+00:00
[2024-09-12T06:42:05.563+0000] {processor.py:179} INFO - Processing /home/vscode/.local/lib/python3.10/site-packages/airflow/example_dags/example_dynamic_task_mapping.py took 0.071 seconds
[2024-09-12T06:42:52.074+0000] {processor.py:157} INFO - Started process (PID=8735) to work on /home/vscode/.local/lib/python3.10/site-packages/airflow/example_dags/example_dynamic_task_mapping.py
[2024-09-12T06:42:52.074+0000] {processor.py:826} INFO - Processing file /home/vscode/.local/lib/python3.10/site-packages/airflow/example_dags/example_dynamic_task_mapping.py for tasks to queue
[2024-09-12T06:42:52.075+0000] {logging_mixin.py:150} INFO - [2024-09-12T06:42:52.075+0000] {dagbag.py:541} INFO - Filling up the DagBag from /home/vscode/.local/lib/python3.10/site-packages/airflow/example_dags/example_dynamic_task_mapping.py
[2024-09-12T06:42:52.080+0000] {processor.py:836} INFO - DAG(s) dict_keys(['example_dynamic_task_mapping']) retrieved from /home/vscode/.local/lib/python3.10/site-packages/airflow/example_dags/example_dynamic_task_mapping.py
[2024-09-12T06:42:52.091+0000] {logging_mixin.py:150} INFO - [2024-09-12T06:42:52.090+0000] {dag.py:2742} INFO - Sync 1 DAGs
[2024-09-12T06:42:52.104+0000] {logging_mixin.py:150} INFO - [2024-09-12T06:42:52.104+0000] {dag.py:3504} INFO - Setting next_dagrun for example_dynamic_task_mapping to 2022-03-04T00:00:00+00:00, run_after=2022-03-05T00:00:00+00:00
[2024-09-12T06:42:52.154+0000] {processor.py:179} INFO - Processing /home/vscode/.local/lib/python3.10/site-packages/airflow/example_dags/example_dynamic_task_mapping.py took 0.082 seconds
[2024-09-12T06:43:35.209+0000] {processor.py:157} INFO - Started process (PID=9023) to work on /home/vscode/.local/lib/python3.10/site-packages/airflow/example_dags/example_dynamic_task_mapping.py
[2024-09-12T06:43:35.209+0000] {processor.py:826} INFO - Processing file /home/vscode/.local/lib/python3.10/site-packages/airflow/example_dags/example_dynamic_task_mapping.py for tasks to queue
[2024-09-12T06:43:35.210+0000] {logging_mixin.py:150} INFO - [2024-09-12T06:43:35.210+0000] {dagbag.py:541} INFO - Filling up the DagBag from /home/vscode/.local/lib/python3.10/site-packages/airflow/example_dags/example_dynamic_task_mapping.py
[2024-09-12T06:43:35.215+0000] {processor.py:836} INFO - DAG(s) dict_keys(['example_dynamic_task_mapping']) retrieved from /home/vscode/.local/lib/python3.10/site-packages/airflow/example_dags/example_dynamic_task_mapping.py
[2024-09-12T06:43:35.226+0000] {logging_mixin.py:150} INFO - [2024-09-12T06:43:35.226+0000] {dag.py:2742} INFO - Sync 1 DAGs
[2024-09-12T06:43:35.240+0000] {logging_mixin.py:150} INFO - [2024-09-12T06:43:35.240+0000] {dag.py:3504} INFO - Setting next_dagrun for example_dynamic_task_mapping to 2022-03-04T00:00:00+00:00, run_after=2022-03-05T00:00:00+00:00
[2024-09-12T06:43:35.272+0000] {processor.py:179} INFO - Processing /home/vscode/.local/lib/python3.10/site-packages/airflow/example_dags/example_dynamic_task_mapping.py took 0.065 seconds
[2024-09-12T06:44:17.458+0000] {processor.py:157} INFO - Started process (PID=9304) to work on /home/vscode/.local/lib/python3.10/site-packages/airflow/example_dags/example_dynamic_task_mapping.py
[2024-09-12T06:44:17.459+0000] {processor.py:826} INFO - Processing file /home/vscode/.local/lib/python3.10/site-packages/airflow/example_dags/example_dynamic_task_mapping.py for tasks to queue
[2024-09-12T06:44:17.459+0000] {logging_mixin.py:150} INFO - [2024-09-12T06:44:17.459+0000] {dagbag.py:541} INFO - Filling up the DagBag from /home/vscode/.local/lib/python3.10/site-packages/airflow/example_dags/example_dynamic_task_mapping.py
[2024-09-12T06:44:17.464+0000] {processor.py:836} INFO - DAG(s) dict_keys(['example_dynamic_task_mapping']) retrieved from /home/vscode/.local/lib/python3.10/site-packages/airflow/example_dags/example_dynamic_task_mapping.py
[2024-09-12T06:44:17.475+0000] {logging_mixin.py:150} INFO - [2024-09-12T06:44:17.475+0000] {dag.py:2742} INFO - Sync 1 DAGs
[2024-09-12T06:44:17.489+0000] {logging_mixin.py:150} INFO - [2024-09-12T06:44:17.489+0000] {dag.py:3504} INFO - Setting next_dagrun for example_dynamic_task_mapping to 2022-03-04T00:00:00+00:00, run_after=2022-03-05T00:00:00+00:00
[2024-09-12T06:44:17.522+0000] {processor.py:179} INFO - Processing /home/vscode/.local/lib/python3.10/site-packages/airflow/example_dags/example_dynamic_task_mapping.py took 0.066 seconds
[2024-09-12T06:45:02.565+0000] {processor.py:157} INFO - Started process (PID=9614) to work on /home/vscode/.local/lib/python3.10/site-packages/airflow/example_dags/example_dynamic_task_mapping.py
[2024-09-12T06:45:02.566+0000] {processor.py:826} INFO - Processing file /home/vscode/.local/lib/python3.10/site-packages/airflow/example_dags/example_dynamic_task_mapping.py for tasks to queue
[2024-09-12T06:45:02.566+0000] {logging_mixin.py:150} INFO - [2024-09-12T06:45:02.566+0000] {dagbag.py:541} INFO - Filling up the DagBag from /home/vscode/.local/lib/python3.10/site-packages/airflow/example_dags/example_dynamic_task_mapping.py
[2024-09-12T06:45:02.572+0000] {processor.py:836} INFO - DAG(s) dict_keys(['example_dynamic_task_mapping']) retrieved from /home/vscode/.local/lib/python3.10/site-packages/airflow/example_dags/example_dynamic_task_mapping.py
[2024-09-12T06:45:02.582+0000] {logging_mixin.py:150} INFO - [2024-09-12T06:45:02.582+0000] {dag.py:2742} INFO - Sync 1 DAGs
[2024-09-12T06:45:02.596+0000] {logging_mixin.py:150} INFO - [2024-09-12T06:45:02.596+0000] {dag.py:3504} INFO - Setting next_dagrun for example_dynamic_task_mapping to 2022-03-04T00:00:00+00:00, run_after=2022-03-05T00:00:00+00:00
[2024-09-12T06:45:02.627+0000] {processor.py:179} INFO - Processing /home/vscode/.local/lib/python3.10/site-packages/airflow/example_dags/example_dynamic_task_mapping.py took 0.065 seconds
[2024-09-12T06:45:46.459+0000] {processor.py:157} INFO - Started process (PID=9901) to work on /home/vscode/.local/lib/python3.10/site-packages/airflow/example_dags/example_dynamic_task_mapping.py
[2024-09-12T06:45:46.460+0000] {processor.py:826} INFO - Processing file /home/vscode/.local/lib/python3.10/site-packages/airflow/example_dags/example_dynamic_task_mapping.py for tasks to queue
[2024-09-12T06:45:46.461+0000] {logging_mixin.py:150} INFO - [2024-09-12T06:45:46.460+0000] {dagbag.py:541} INFO - Filling up the DagBag from /home/vscode/.local/lib/python3.10/site-packages/airflow/example_dags/example_dynamic_task_mapping.py
[2024-09-12T06:45:46.466+0000] {processor.py:836} INFO - DAG(s) dict_keys(['example_dynamic_task_mapping']) retrieved from /home/vscode/.local/lib/python3.10/site-packages/airflow/example_dags/example_dynamic_task_mapping.py
[2024-09-12T06:45:46.476+0000] {logging_mixin.py:150} INFO - [2024-09-12T06:45:46.476+0000] {dag.py:2742} INFO - Sync 1 DAGs
[2024-09-12T06:45:46.491+0000] {logging_mixin.py:150} INFO - [2024-09-12T06:45:46.491+0000] {dag.py:3504} INFO - Setting next_dagrun for example_dynamic_task_mapping to 2022-03-04T00:00:00+00:00, run_after=2022-03-05T00:00:00+00:00
[2024-09-12T06:45:46.523+0000] {processor.py:179} INFO - Processing /home/vscode/.local/lib/python3.10/site-packages/airflow/example_dags/example_dynamic_task_mapping.py took 0.065 seconds
[2024-09-12T06:46:31.259+0000] {processor.py:157} INFO - Started process (PID=10197) to work on /home/vscode/.local/lib/python3.10/site-packages/airflow/example_dags/example_dynamic_task_mapping.py
[2024-09-12T06:46:31.260+0000] {processor.py:826} INFO - Processing file /home/vscode/.local/lib/python3.10/site-packages/airflow/example_dags/example_dynamic_task_mapping.py for tasks to queue
[2024-09-12T06:46:31.260+0000] {logging_mixin.py:150} INFO - [2024-09-12T06:46:31.260+0000] {dagbag.py:541} INFO - Filling up the DagBag from /home/vscode/.local/lib/python3.10/site-packages/airflow/example_dags/example_dynamic_task_mapping.py
[2024-09-12T06:46:31.269+0000] {processor.py:836} INFO - DAG(s) dict_keys(['example_dynamic_task_mapping']) retrieved from /home/vscode/.local/lib/python3.10/site-packages/airflow/example_dags/example_dynamic_task_mapping.py
[2024-09-12T06:46:31.279+0000] {logging_mixin.py:150} INFO - [2024-09-12T06:46:31.279+0000] {dag.py:2742} INFO - Sync 1 DAGs
[2024-09-12T06:46:31.293+0000] {logging_mixin.py:150} INFO - [2024-09-12T06:46:31.293+0000] {dag.py:3504} INFO - Setting next_dagrun for example_dynamic_task_mapping to 2022-03-04T00:00:00+00:00, run_after=2022-03-05T00:00:00+00:00
[2024-09-12T06:46:31.341+0000] {processor.py:179} INFO - Processing /home/vscode/.local/lib/python3.10/site-packages/airflow/example_dags/example_dynamic_task_mapping.py took 0.084 seconds
[2024-09-12T06:47:14.219+0000] {processor.py:157} INFO - Started process (PID=10491) to work on /home/vscode/.local/lib/python3.10/site-packages/airflow/example_dags/example_dynamic_task_mapping.py
[2024-09-12T06:47:14.220+0000] {processor.py:826} INFO - Processing file /home/vscode/.local/lib/python3.10/site-packages/airflow/example_dags/example_dynamic_task_mapping.py for tasks to queue
[2024-09-12T06:47:14.220+0000] {logging_mixin.py:150} INFO - [2024-09-12T06:47:14.220+0000] {dagbag.py:541} INFO - Filling up the DagBag from /home/vscode/.local/lib/python3.10/site-packages/airflow/example_dags/example_dynamic_task_mapping.py
[2024-09-12T06:47:14.226+0000] {processor.py:836} INFO - DAG(s) dict_keys(['example_dynamic_task_mapping']) retrieved from /home/vscode/.local/lib/python3.10/site-packages/airflow/example_dags/example_dynamic_task_mapping.py
[2024-09-12T06:47:14.236+0000] {logging_mixin.py:150} INFO - [2024-09-12T06:47:14.236+0000] {dag.py:2742} INFO - Sync 1 DAGs
[2024-09-12T06:47:14.250+0000] {logging_mixin.py:150} INFO - [2024-09-12T06:47:14.250+0000] {dag.py:3504} INFO - Setting next_dagrun for example_dynamic_task_mapping to 2022-03-04T00:00:00+00:00, run_after=2022-03-05T00:00:00+00:00
[2024-09-12T06:47:14.288+0000] {processor.py:179} INFO - Processing /home/vscode/.local/lib/python3.10/site-packages/airflow/example_dags/example_dynamic_task_mapping.py took 0.072 seconds
[2024-09-12T06:48:01.032+0000] {processor.py:157} INFO - Started process (PID=10804) to work on /home/vscode/.local/lib/python3.10/site-packages/airflow/example_dags/example_dynamic_task_mapping.py
[2024-09-12T06:48:01.032+0000] {processor.py:826} INFO - Processing file /home/vscode/.local/lib/python3.10/site-packages/airflow/example_dags/example_dynamic_task_mapping.py for tasks to queue
[2024-09-12T06:48:01.033+0000] {logging_mixin.py:150} INFO - [2024-09-12T06:48:01.033+0000] {dagbag.py:541} INFO - Filling up the DagBag from /home/vscode/.local/lib/python3.10/site-packages/airflow/example_dags/example_dynamic_task_mapping.py
[2024-09-12T06:48:01.040+0000] {processor.py:836} INFO - DAG(s) dict_keys(['example_dynamic_task_mapping']) retrieved from /home/vscode/.local/lib/python3.10/site-packages/airflow/example_dags/example_dynamic_task_mapping.py
[2024-09-12T06:48:01.050+0000] {logging_mixin.py:150} INFO - [2024-09-12T06:48:01.050+0000] {dag.py:2742} INFO - Sync 1 DAGs
[2024-09-12T06:48:01.063+0000] {logging_mixin.py:150} INFO - [2024-09-12T06:48:01.063+0000] {dag.py:3504} INFO - Setting next_dagrun for example_dynamic_task_mapping to 2022-03-04T00:00:00+00:00, run_after=2022-03-05T00:00:00+00:00
[2024-09-12T06:48:01.104+0000] {processor.py:179} INFO - Processing /home/vscode/.local/lib/python3.10/site-packages/airflow/example_dags/example_dynamic_task_mapping.py took 0.074 seconds
[2024-09-12T06:48:46.296+0000] {processor.py:157} INFO - Started process (PID=11115) to work on /home/vscode/.local/lib/python3.10/site-packages/airflow/example_dags/example_dynamic_task_mapping.py
[2024-09-12T06:48:46.296+0000] {processor.py:826} INFO - Processing file /home/vscode/.local/lib/python3.10/site-packages/airflow/example_dags/example_dynamic_task_mapping.py for tasks to queue
[2024-09-12T06:48:46.297+0000] {logging_mixin.py:150} INFO - [2024-09-12T06:48:46.297+0000] {dagbag.py:541} INFO - Filling up the DagBag from /home/vscode/.local/lib/python3.10/site-packages/airflow/example_dags/example_dynamic_task_mapping.py
[2024-09-12T06:48:46.302+0000] {processor.py:836} INFO - DAG(s) dict_keys(['example_dynamic_task_mapping']) retrieved from /home/vscode/.local/lib/python3.10/site-packages/airflow/example_dags/example_dynamic_task_mapping.py
[2024-09-12T06:48:46.312+0000] {logging_mixin.py:150} INFO - [2024-09-12T06:48:46.312+0000] {dag.py:2742} INFO - Sync 1 DAGs
[2024-09-12T06:48:46.325+0000] {logging_mixin.py:150} INFO - [2024-09-12T06:48:46.325+0000] {dag.py:3504} INFO - Setting next_dagrun for example_dynamic_task_mapping to 2022-03-04T00:00:00+00:00, run_after=2022-03-05T00:00:00+00:00
[2024-09-12T06:48:46.360+0000] {processor.py:179} INFO - Processing /home/vscode/.local/lib/python3.10/site-packages/airflow/example_dags/example_dynamic_task_mapping.py took 0.066 seconds
[2024-09-12T06:49:32.066+0000] {processor.py:157} INFO - Started process (PID=11415) to work on /home/vscode/.local/lib/python3.10/site-packages/airflow/example_dags/example_dynamic_task_mapping.py
[2024-09-12T06:49:32.066+0000] {processor.py:826} INFO - Processing file /home/vscode/.local/lib/python3.10/site-packages/airflow/example_dags/example_dynamic_task_mapping.py for tasks to queue
[2024-09-12T06:49:32.067+0000] {logging_mixin.py:150} INFO - [2024-09-12T06:49:32.067+0000] {dagbag.py:541} INFO - Filling up the DagBag from /home/vscode/.local/lib/python3.10/site-packages/airflow/example_dags/example_dynamic_task_mapping.py
[2024-09-12T06:49:32.072+0000] {processor.py:836} INFO - DAG(s) dict_keys(['example_dynamic_task_mapping']) retrieved from /home/vscode/.local/lib/python3.10/site-packages/airflow/example_dags/example_dynamic_task_mapping.py
[2024-09-12T06:49:32.083+0000] {logging_mixin.py:150} INFO - [2024-09-12T06:49:32.083+0000] {dag.py:2742} INFO - Sync 1 DAGs
[2024-09-12T06:49:32.096+0000] {logging_mixin.py:150} INFO - [2024-09-12T06:49:32.096+0000] {dag.py:3504} INFO - Setting next_dagrun for example_dynamic_task_mapping to 2022-03-04T00:00:00+00:00, run_after=2022-03-05T00:00:00+00:00
[2024-09-12T06:49:32.149+0000] {processor.py:179} INFO - Processing /home/vscode/.local/lib/python3.10/site-packages/airflow/example_dags/example_dynamic_task_mapping.py took 0.085 seconds
[2024-09-12T06:50:12.331+0000] {processor.py:157} INFO - Started process (PID=11697) to work on /home/vscode/.local/lib/python3.10/site-packages/airflow/example_dags/example_dynamic_task_mapping.py
[2024-09-12T06:50:12.331+0000] {processor.py:826} INFO - Processing file /home/vscode/.local/lib/python3.10/site-packages/airflow/example_dags/example_dynamic_task_mapping.py for tasks to queue
[2024-09-12T06:50:12.332+0000] {logging_mixin.py:150} INFO - [2024-09-12T06:50:12.332+0000] {dagbag.py:541} INFO - Filling up the DagBag from /home/vscode/.local/lib/python3.10/site-packages/airflow/example_dags/example_dynamic_task_mapping.py
[2024-09-12T06:50:12.338+0000] {processor.py:836} INFO - DAG(s) dict_keys(['example_dynamic_task_mapping']) retrieved from /home/vscode/.local/lib/python3.10/site-packages/airflow/example_dags/example_dynamic_task_mapping.py
[2024-09-12T06:50:12.349+0000] {logging_mixin.py:150} INFO - [2024-09-12T06:50:12.348+0000] {dag.py:2742} INFO - Sync 1 DAGs
[2024-09-12T06:50:12.367+0000] {logging_mixin.py:150} INFO - [2024-09-12T06:50:12.367+0000] {dag.py:3504} INFO - Setting next_dagrun for example_dynamic_task_mapping to 2022-03-04T00:00:00+00:00, run_after=2022-03-05T00:00:00+00:00
[2024-09-12T06:50:12.397+0000] {processor.py:179} INFO - Processing /home/vscode/.local/lib/python3.10/site-packages/airflow/example_dags/example_dynamic_task_mapping.py took 0.068 seconds
[2024-09-12T06:50:56.364+0000] {processor.py:157} INFO - Started process (PID=11991) to work on /home/vscode/.local/lib/python3.10/site-packages/airflow/example_dags/example_dynamic_task_mapping.py
[2024-09-12T06:50:56.365+0000] {processor.py:826} INFO - Processing file /home/vscode/.local/lib/python3.10/site-packages/airflow/example_dags/example_dynamic_task_mapping.py for tasks to queue
[2024-09-12T06:50:56.366+0000] {logging_mixin.py:150} INFO - [2024-09-12T06:50:56.365+0000] {dagbag.py:541} INFO - Filling up the DagBag from /home/vscode/.local/lib/python3.10/site-packages/airflow/example_dags/example_dynamic_task_mapping.py
[2024-09-12T06:50:56.371+0000] {processor.py:836} INFO - DAG(s) dict_keys(['example_dynamic_task_mapping']) retrieved from /home/vscode/.local/lib/python3.10/site-packages/airflow/example_dags/example_dynamic_task_mapping.py
[2024-09-12T06:50:56.382+0000] {logging_mixin.py:150} INFO - [2024-09-12T06:50:56.381+0000] {dag.py:2742} INFO - Sync 1 DAGs
[2024-09-12T06:50:56.395+0000] {logging_mixin.py:150} INFO - [2024-09-12T06:50:56.395+0000] {dag.py:3504} INFO - Setting next_dagrun for example_dynamic_task_mapping to 2022-03-04T00:00:00+00:00, run_after=2022-03-05T00:00:00+00:00
[2024-09-12T06:50:56.428+0000] {processor.py:179} INFO - Processing /home/vscode/.local/lib/python3.10/site-packages/airflow/example_dags/example_dynamic_task_mapping.py took 0.066 seconds
[2024-09-12T06:51:43.014+0000] {processor.py:157} INFO - Started process (PID=12299) to work on /home/vscode/.local/lib/python3.10/site-packages/airflow/example_dags/example_dynamic_task_mapping.py
[2024-09-12T06:51:43.015+0000] {processor.py:826} INFO - Processing file /home/vscode/.local/lib/python3.10/site-packages/airflow/example_dags/example_dynamic_task_mapping.py for tasks to queue
[2024-09-12T06:51:43.016+0000] {logging_mixin.py:150} INFO - [2024-09-12T06:51:43.015+0000] {dagbag.py:541} INFO - Filling up the DagBag from /home/vscode/.local/lib/python3.10/site-packages/airflow/example_dags/example_dynamic_task_mapping.py
[2024-09-12T06:51:43.023+0000] {processor.py:836} INFO - DAG(s) dict_keys(['example_dynamic_task_mapping']) retrieved from /home/vscode/.local/lib/python3.10/site-packages/airflow/example_dags/example_dynamic_task_mapping.py
[2024-09-12T06:51:43.038+0000] {logging_mixin.py:150} INFO - [2024-09-12T06:51:43.038+0000] {dag.py:2742} INFO - Sync 1 DAGs
[2024-09-12T06:51:43.058+0000] {logging_mixin.py:150} INFO - [2024-09-12T06:51:43.058+0000] {dag.py:3504} INFO - Setting next_dagrun for example_dynamic_task_mapping to 2022-03-04T00:00:00+00:00, run_after=2022-03-05T00:00:00+00:00
[2024-09-12T06:51:43.095+0000] {processor.py:179} INFO - Processing /home/vscode/.local/lib/python3.10/site-packages/airflow/example_dags/example_dynamic_task_mapping.py took 0.084 seconds
[2024-09-12T06:52:30.925+0000] {processor.py:157} INFO - Started process (PID=12624) to work on /home/vscode/.local/lib/python3.10/site-packages/airflow/example_dags/example_dynamic_task_mapping.py
[2024-09-12T06:52:30.926+0000] {processor.py:826} INFO - Processing file /home/vscode/.local/lib/python3.10/site-packages/airflow/example_dags/example_dynamic_task_mapping.py for tasks to queue
[2024-09-12T06:52:30.926+0000] {logging_mixin.py:150} INFO - [2024-09-12T06:52:30.926+0000] {dagbag.py:541} INFO - Filling up the DagBag from /home/vscode/.local/lib/python3.10/site-packages/airflow/example_dags/example_dynamic_task_mapping.py
[2024-09-12T06:52:30.932+0000] {processor.py:836} INFO - DAG(s) dict_keys(['example_dynamic_task_mapping']) retrieved from /home/vscode/.local/lib/python3.10/site-packages/airflow/example_dags/example_dynamic_task_mapping.py
[2024-09-12T06:52:30.942+0000] {logging_mixin.py:150} INFO - [2024-09-12T06:52:30.942+0000] {dag.py:2742} INFO - Sync 1 DAGs
[2024-09-12T06:52:30.956+0000] {logging_mixin.py:150} INFO - [2024-09-12T06:52:30.956+0000] {dag.py:3504} INFO - Setting next_dagrun for example_dynamic_task_mapping to 2022-03-04T00:00:00+00:00, run_after=2022-03-05T00:00:00+00:00
[2024-09-12T06:52:30.986+0000] {processor.py:179} INFO - Processing /home/vscode/.local/lib/python3.10/site-packages/airflow/example_dags/example_dynamic_task_mapping.py took 0.064 seconds
[2024-09-12T06:53:17.005+0000] {processor.py:157} INFO - Started process (PID=12936) to work on /home/vscode/.local/lib/python3.10/site-packages/airflow/example_dags/example_dynamic_task_mapping.py
[2024-09-12T06:53:17.006+0000] {processor.py:826} INFO - Processing file /home/vscode/.local/lib/python3.10/site-packages/airflow/example_dags/example_dynamic_task_mapping.py for tasks to queue
[2024-09-12T06:53:17.006+0000] {logging_mixin.py:150} INFO - [2024-09-12T06:53:17.006+0000] {dagbag.py:541} INFO - Filling up the DagBag from /home/vscode/.local/lib/python3.10/site-packages/airflow/example_dags/example_dynamic_task_mapping.py
[2024-09-12T06:53:17.011+0000] {processor.py:836} INFO - DAG(s) dict_keys(['example_dynamic_task_mapping']) retrieved from /home/vscode/.local/lib/python3.10/site-packages/airflow/example_dags/example_dynamic_task_mapping.py
[2024-09-12T06:53:17.022+0000] {logging_mixin.py:150} INFO - [2024-09-12T06:53:17.022+0000] {dag.py:2742} INFO - Sync 1 DAGs
[2024-09-12T06:53:17.036+0000] {logging_mixin.py:150} INFO - [2024-09-12T06:53:17.036+0000] {dag.py:3504} INFO - Setting next_dagrun for example_dynamic_task_mapping to 2022-03-04T00:00:00+00:00, run_after=2022-03-05T00:00:00+00:00
[2024-09-12T06:53:17.069+0000] {processor.py:179} INFO - Processing /home/vscode/.local/lib/python3.10/site-packages/airflow/example_dags/example_dynamic_task_mapping.py took 0.066 seconds
[2024-09-12T06:54:02.298+0000] {processor.py:157} INFO - Started process (PID=13237) to work on /home/vscode/.local/lib/python3.10/site-packages/airflow/example_dags/example_dynamic_task_mapping.py
[2024-09-12T06:54:02.299+0000] {processor.py:826} INFO - Processing file /home/vscode/.local/lib/python3.10/site-packages/airflow/example_dags/example_dynamic_task_mapping.py for tasks to queue
[2024-09-12T06:54:02.300+0000] {logging_mixin.py:150} INFO - [2024-09-12T06:54:02.299+0000] {dagbag.py:541} INFO - Filling up the DagBag from /home/vscode/.local/lib/python3.10/site-packages/airflow/example_dags/example_dynamic_task_mapping.py
[2024-09-12T06:54:02.311+0000] {processor.py:836} INFO - DAG(s) dict_keys(['example_dynamic_task_mapping']) retrieved from /home/vscode/.local/lib/python3.10/site-packages/airflow/example_dags/example_dynamic_task_mapping.py
[2024-09-12T06:54:02.326+0000] {logging_mixin.py:150} INFO - [2024-09-12T06:54:02.326+0000] {dag.py:2742} INFO - Sync 1 DAGs
[2024-09-12T06:54:02.343+0000] {logging_mixin.py:150} INFO - [2024-09-12T06:54:02.343+0000] {dag.py:3504} INFO - Setting next_dagrun for example_dynamic_task_mapping to 2022-03-04T00:00:00+00:00, run_after=2022-03-05T00:00:00+00:00
[2024-09-12T06:54:02.373+0000] {processor.py:179} INFO - Processing /home/vscode/.local/lib/python3.10/site-packages/airflow/example_dags/example_dynamic_task_mapping.py took 0.079 seconds
[2024-09-12T06:54:47.112+0000] {processor.py:157} INFO - Started process (PID=13540) to work on /home/vscode/.local/lib/python3.10/site-packages/airflow/example_dags/example_dynamic_task_mapping.py
[2024-09-12T06:54:47.112+0000] {processor.py:826} INFO - Processing file /home/vscode/.local/lib/python3.10/site-packages/airflow/example_dags/example_dynamic_task_mapping.py for tasks to queue
[2024-09-12T06:54:47.113+0000] {logging_mixin.py:150} INFO - [2024-09-12T06:54:47.113+0000] {dagbag.py:541} INFO - Filling up the DagBag from /home/vscode/.local/lib/python3.10/site-packages/airflow/example_dags/example_dynamic_task_mapping.py
[2024-09-12T06:54:47.118+0000] {processor.py:836} INFO - DAG(s) dict_keys(['example_dynamic_task_mapping']) retrieved from /home/vscode/.local/lib/python3.10/site-packages/airflow/example_dags/example_dynamic_task_mapping.py
[2024-09-12T06:54:47.129+0000] {logging_mixin.py:150} INFO - [2024-09-12T06:54:47.129+0000] {dag.py:2742} INFO - Sync 1 DAGs
[2024-09-12T06:54:47.143+0000] {logging_mixin.py:150} INFO - [2024-09-12T06:54:47.142+0000] {dag.py:3504} INFO - Setting next_dagrun for example_dynamic_task_mapping to 2022-03-04T00:00:00+00:00, run_after=2022-03-05T00:00:00+00:00
[2024-09-12T06:54:47.191+0000] {processor.py:179} INFO - Processing /home/vscode/.local/lib/python3.10/site-packages/airflow/example_dags/example_dynamic_task_mapping.py took 0.081 seconds
[2024-09-12T06:55:32.293+0000] {processor.py:157} INFO - Started process (PID=13849) to work on /home/vscode/.local/lib/python3.10/site-packages/airflow/example_dags/example_dynamic_task_mapping.py
[2024-09-12T06:55:32.293+0000] {processor.py:826} INFO - Processing file /home/vscode/.local/lib/python3.10/site-packages/airflow/example_dags/example_dynamic_task_mapping.py for tasks to queue
[2024-09-12T06:55:32.294+0000] {logging_mixin.py:150} INFO - [2024-09-12T06:55:32.294+0000] {dagbag.py:541} INFO - Filling up the DagBag from /home/vscode/.local/lib/python3.10/site-packages/airflow/example_dags/example_dynamic_task_mapping.py
[2024-09-12T06:55:32.299+0000] {processor.py:836} INFO - DAG(s) dict_keys(['example_dynamic_task_mapping']) retrieved from /home/vscode/.local/lib/python3.10/site-packages/airflow/example_dags/example_dynamic_task_mapping.py
[2024-09-12T06:55:32.309+0000] {logging_mixin.py:150} INFO - [2024-09-12T06:55:32.309+0000] {dag.py:2742} INFO - Sync 1 DAGs
[2024-09-12T06:55:32.323+0000] {logging_mixin.py:150} INFO - [2024-09-12T06:55:32.323+0000] {dag.py:3504} INFO - Setting next_dagrun for example_dynamic_task_mapping to 2022-03-04T00:00:00+00:00, run_after=2022-03-05T00:00:00+00:00
[2024-09-12T06:55:32.371+0000] {processor.py:179} INFO - Processing /home/vscode/.local/lib/python3.10/site-packages/airflow/example_dags/example_dynamic_task_mapping.py took 0.081 seconds
[2024-09-12T06:56:20.568+0000] {processor.py:157} INFO - Started process (PID=14169) to work on /home/vscode/.local/lib/python3.10/site-packages/airflow/example_dags/example_dynamic_task_mapping.py
[2024-09-12T06:56:20.568+0000] {processor.py:826} INFO - Processing file /home/vscode/.local/lib/python3.10/site-packages/airflow/example_dags/example_dynamic_task_mapping.py for tasks to queue
[2024-09-12T06:56:20.569+0000] {logging_mixin.py:150} INFO - [2024-09-12T06:56:20.569+0000] {dagbag.py:541} INFO - Filling up the DagBag from /home/vscode/.local/lib/python3.10/site-packages/airflow/example_dags/example_dynamic_task_mapping.py
[2024-09-12T06:56:20.574+0000] {processor.py:836} INFO - DAG(s) dict_keys(['example_dynamic_task_mapping']) retrieved from /home/vscode/.local/lib/python3.10/site-packages/airflow/example_dags/example_dynamic_task_mapping.py
[2024-09-12T06:56:20.585+0000] {logging_mixin.py:150} INFO - [2024-09-12T06:56:20.585+0000] {dag.py:2742} INFO - Sync 1 DAGs
[2024-09-12T06:56:20.598+0000] {logging_mixin.py:150} INFO - [2024-09-12T06:56:20.598+0000] {dag.py:3504} INFO - Setting next_dagrun for example_dynamic_task_mapping to 2022-03-04T00:00:00+00:00, run_after=2022-03-05T00:00:00+00:00
[2024-09-12T06:56:20.641+0000] {processor.py:179} INFO - Processing /home/vscode/.local/lib/python3.10/site-packages/airflow/example_dags/example_dynamic_task_mapping.py took 0.076 seconds
[2024-09-12T06:57:12.072+0000] {processor.py:157} INFO - Started process (PID=14515) to work on /home/vscode/.local/lib/python3.10/site-packages/airflow/example_dags/example_dynamic_task_mapping.py
[2024-09-12T06:57:12.072+0000] {processor.py:826} INFO - Processing file /home/vscode/.local/lib/python3.10/site-packages/airflow/example_dags/example_dynamic_task_mapping.py for tasks to queue
[2024-09-12T06:57:12.073+0000] {logging_mixin.py:150} INFO - [2024-09-12T06:57:12.072+0000] {dagbag.py:541} INFO - Filling up the DagBag from /home/vscode/.local/lib/python3.10/site-packages/airflow/example_dags/example_dynamic_task_mapping.py
[2024-09-12T06:57:12.078+0000] {processor.py:836} INFO - DAG(s) dict_keys(['example_dynamic_task_mapping']) retrieved from /home/vscode/.local/lib/python3.10/site-packages/airflow/example_dags/example_dynamic_task_mapping.py
[2024-09-12T06:57:12.088+0000] {logging_mixin.py:150} INFO - [2024-09-12T06:57:12.088+0000] {dag.py:2742} INFO - Sync 1 DAGs
[2024-09-12T06:57:12.102+0000] {logging_mixin.py:150} INFO - [2024-09-12T06:57:12.102+0000] {dag.py:3504} INFO - Setting next_dagrun for example_dynamic_task_mapping to 2022-03-04T00:00:00+00:00, run_after=2022-03-05T00:00:00+00:00
[2024-09-12T06:57:12.136+0000] {processor.py:179} INFO - Processing /home/vscode/.local/lib/python3.10/site-packages/airflow/example_dags/example_dynamic_task_mapping.py took 0.067 seconds
[2024-09-12T06:57:52.767+0000] {processor.py:157} INFO - Started process (PID=14793) to work on /home/vscode/.local/lib/python3.10/site-packages/airflow/example_dags/example_dynamic_task_mapping.py
[2024-09-12T06:57:52.768+0000] {processor.py:826} INFO - Processing file /home/vscode/.local/lib/python3.10/site-packages/airflow/example_dags/example_dynamic_task_mapping.py for tasks to queue
[2024-09-12T06:57:52.769+0000] {logging_mixin.py:150} INFO - [2024-09-12T06:57:52.768+0000] {dagbag.py:541} INFO - Filling up the DagBag from /home/vscode/.local/lib/python3.10/site-packages/airflow/example_dags/example_dynamic_task_mapping.py
[2024-09-12T06:57:52.774+0000] {processor.py:836} INFO - DAG(s) dict_keys(['example_dynamic_task_mapping']) retrieved from /home/vscode/.local/lib/python3.10/site-packages/airflow/example_dags/example_dynamic_task_mapping.py
[2024-09-12T06:57:52.784+0000] {logging_mixin.py:150} INFO - [2024-09-12T06:57:52.784+0000] {dag.py:2742} INFO - Sync 1 DAGs
[2024-09-12T06:57:52.798+0000] {logging_mixin.py:150} INFO - [2024-09-12T06:57:52.798+0000] {dag.py:3504} INFO - Setting next_dagrun for example_dynamic_task_mapping to 2022-03-04T00:00:00+00:00, run_after=2022-03-05T00:00:00+00:00
[2024-09-12T06:57:52.829+0000] {processor.py:179} INFO - Processing /home/vscode/.local/lib/python3.10/site-packages/airflow/example_dags/example_dynamic_task_mapping.py took 0.064 seconds
[2024-09-12T06:58:36.428+0000] {processor.py:157} INFO - Started process (PID=15082) to work on /home/vscode/.local/lib/python3.10/site-packages/airflow/example_dags/example_dynamic_task_mapping.py
[2024-09-12T06:58:36.428+0000] {processor.py:826} INFO - Processing file /home/vscode/.local/lib/python3.10/site-packages/airflow/example_dags/example_dynamic_task_mapping.py for tasks to queue
[2024-09-12T06:58:36.429+0000] {logging_mixin.py:150} INFO - [2024-09-12T06:58:36.429+0000] {dagbag.py:541} INFO - Filling up the DagBag from /home/vscode/.local/lib/python3.10/site-packages/airflow/example_dags/example_dynamic_task_mapping.py
[2024-09-12T06:58:36.434+0000] {processor.py:836} INFO - DAG(s) dict_keys(['example_dynamic_task_mapping']) retrieved from /home/vscode/.local/lib/python3.10/site-packages/airflow/example_dags/example_dynamic_task_mapping.py
[2024-09-12T06:58:36.444+0000] {logging_mixin.py:150} INFO - [2024-09-12T06:58:36.444+0000] {dag.py:2742} INFO - Sync 1 DAGs
[2024-09-12T06:58:36.458+0000] {logging_mixin.py:150} INFO - [2024-09-12T06:58:36.458+0000] {dag.py:3504} INFO - Setting next_dagrun for example_dynamic_task_mapping to 2022-03-04T00:00:00+00:00, run_after=2022-03-05T00:00:00+00:00
[2024-09-12T06:58:36.493+0000] {processor.py:179} INFO - Processing /home/vscode/.local/lib/python3.10/site-packages/airflow/example_dags/example_dynamic_task_mapping.py took 0.067 seconds
[2024-09-12T06:59:21.341+0000] {processor.py:157} INFO - Started process (PID=15387) to work on /home/vscode/.local/lib/python3.10/site-packages/airflow/example_dags/example_dynamic_task_mapping.py
[2024-09-12T06:59:21.342+0000] {processor.py:826} INFO - Processing file /home/vscode/.local/lib/python3.10/site-packages/airflow/example_dags/example_dynamic_task_mapping.py for tasks to queue
[2024-09-12T06:59:21.342+0000] {logging_mixin.py:150} INFO - [2024-09-12T06:59:21.342+0000] {dagbag.py:541} INFO - Filling up the DagBag from /home/vscode/.local/lib/python3.10/site-packages/airflow/example_dags/example_dynamic_task_mapping.py
[2024-09-12T06:59:21.347+0000] {processor.py:836} INFO - DAG(s) dict_keys(['example_dynamic_task_mapping']) retrieved from /home/vscode/.local/lib/python3.10/site-packages/airflow/example_dags/example_dynamic_task_mapping.py
[2024-09-12T06:59:21.358+0000] {logging_mixin.py:150} INFO - [2024-09-12T06:59:21.357+0000] {dag.py:2742} INFO - Sync 1 DAGs
[2024-09-12T06:59:21.371+0000] {logging_mixin.py:150} INFO - [2024-09-12T06:59:21.371+0000] {dag.py:3504} INFO - Setting next_dagrun for example_dynamic_task_mapping to 2022-03-04T00:00:00+00:00, run_after=2022-03-05T00:00:00+00:00
[2024-09-12T06:59:21.397+0000] {processor.py:179} INFO - Processing /home/vscode/.local/lib/python3.10/site-packages/airflow/example_dags/example_dynamic_task_mapping.py took 0.058 seconds
[2024-09-12T07:00:04.068+0000] {processor.py:157} INFO - Started process (PID=15671) to work on /home/vscode/.local/lib/python3.10/site-packages/airflow/example_dags/example_dynamic_task_mapping.py
[2024-09-12T07:00:04.069+0000] {processor.py:826} INFO - Processing file /home/vscode/.local/lib/python3.10/site-packages/airflow/example_dags/example_dynamic_task_mapping.py for tasks to queue
[2024-09-12T07:00:04.070+0000] {logging_mixin.py:150} INFO - [2024-09-12T07:00:04.069+0000] {dagbag.py:541} INFO - Filling up the DagBag from /home/vscode/.local/lib/python3.10/site-packages/airflow/example_dags/example_dynamic_task_mapping.py
[2024-09-12T07:00:04.077+0000] {processor.py:836} INFO - DAG(s) dict_keys(['example_dynamic_task_mapping']) retrieved from /home/vscode/.local/lib/python3.10/site-packages/airflow/example_dags/example_dynamic_task_mapping.py
[2024-09-12T07:00:04.092+0000] {logging_mixin.py:150} INFO - [2024-09-12T07:00:04.092+0000] {dag.py:2742} INFO - Sync 1 DAGs
[2024-09-12T07:00:04.106+0000] {logging_mixin.py:150} INFO - [2024-09-12T07:00:04.106+0000] {dag.py:3504} INFO - Setting next_dagrun for example_dynamic_task_mapping to 2022-03-04T00:00:00+00:00, run_after=2022-03-05T00:00:00+00:00
[2024-09-12T07:00:04.136+0000] {processor.py:179} INFO - Processing /home/vscode/.local/lib/python3.10/site-packages/airflow/example_dags/example_dynamic_task_mapping.py took 0.071 seconds
[2024-09-12T07:00:49.205+0000] {processor.py:157} INFO - Started process (PID=15974) to work on /home/vscode/.local/lib/python3.10/site-packages/airflow/example_dags/example_dynamic_task_mapping.py
[2024-09-12T07:00:49.206+0000] {processor.py:826} INFO - Processing file /home/vscode/.local/lib/python3.10/site-packages/airflow/example_dags/example_dynamic_task_mapping.py for tasks to queue
[2024-09-12T07:00:49.206+0000] {logging_mixin.py:150} INFO - [2024-09-12T07:00:49.206+0000] {dagbag.py:541} INFO - Filling up the DagBag from /home/vscode/.local/lib/python3.10/site-packages/airflow/example_dags/example_dynamic_task_mapping.py
[2024-09-12T07:00:49.212+0000] {processor.py:836} INFO - DAG(s) dict_keys(['example_dynamic_task_mapping']) retrieved from /home/vscode/.local/lib/python3.10/site-packages/airflow/example_dags/example_dynamic_task_mapping.py
[2024-09-12T07:00:49.222+0000] {logging_mixin.py:150} INFO - [2024-09-12T07:00:49.222+0000] {dag.py:2742} INFO - Sync 1 DAGs
[2024-09-12T07:00:49.236+0000] {logging_mixin.py:150} INFO - [2024-09-12T07:00:49.236+0000] {dag.py:3504} INFO - Setting next_dagrun for example_dynamic_task_mapping to 2022-03-04T00:00:00+00:00, run_after=2022-03-05T00:00:00+00:00
[2024-09-12T07:00:49.267+0000] {processor.py:179} INFO - Processing /home/vscode/.local/lib/python3.10/site-packages/airflow/example_dags/example_dynamic_task_mapping.py took 0.064 seconds
[2024-09-12T07:01:33.863+0000] {processor.py:157} INFO - Started process (PID=16274) to work on /home/vscode/.local/lib/python3.10/site-packages/airflow/example_dags/example_dynamic_task_mapping.py
[2024-09-12T07:01:33.863+0000] {processor.py:826} INFO - Processing file /home/vscode/.local/lib/python3.10/site-packages/airflow/example_dags/example_dynamic_task_mapping.py for tasks to queue
[2024-09-12T07:01:33.864+0000] {logging_mixin.py:150} INFO - [2024-09-12T07:01:33.864+0000] {dagbag.py:541} INFO - Filling up the DagBag from /home/vscode/.local/lib/python3.10/site-packages/airflow/example_dags/example_dynamic_task_mapping.py
[2024-09-12T07:01:33.870+0000] {processor.py:836} INFO - DAG(s) dict_keys(['example_dynamic_task_mapping']) retrieved from /home/vscode/.local/lib/python3.10/site-packages/airflow/example_dags/example_dynamic_task_mapping.py
[2024-09-12T07:01:33.880+0000] {logging_mixin.py:150} INFO - [2024-09-12T07:01:33.880+0000] {dag.py:2742} INFO - Sync 1 DAGs
[2024-09-12T07:01:33.894+0000] {logging_mixin.py:150} INFO - [2024-09-12T07:01:33.894+0000] {dag.py:3504} INFO - Setting next_dagrun for example_dynamic_task_mapping to 2022-03-04T00:00:00+00:00, run_after=2022-03-05T00:00:00+00:00
[2024-09-12T07:01:33.927+0000] {processor.py:179} INFO - Processing /home/vscode/.local/lib/python3.10/site-packages/airflow/example_dags/example_dynamic_task_mapping.py took 0.066 seconds
[2024-09-12T07:02:16.897+0000] {processor.py:157} INFO - Started process (PID=16564) to work on /home/vscode/.local/lib/python3.10/site-packages/airflow/example_dags/example_dynamic_task_mapping.py
[2024-09-12T07:02:16.898+0000] {processor.py:826} INFO - Processing file /home/vscode/.local/lib/python3.10/site-packages/airflow/example_dags/example_dynamic_task_mapping.py for tasks to queue
[2024-09-12T07:02:16.898+0000] {logging_mixin.py:150} INFO - [2024-09-12T07:02:16.898+0000] {dagbag.py:541} INFO - Filling up the DagBag from /home/vscode/.local/lib/python3.10/site-packages/airflow/example_dags/example_dynamic_task_mapping.py
[2024-09-12T07:02:16.904+0000] {processor.py:836} INFO - DAG(s) dict_keys(['example_dynamic_task_mapping']) retrieved from /home/vscode/.local/lib/python3.10/site-packages/airflow/example_dags/example_dynamic_task_mapping.py
[2024-09-12T07:02:16.914+0000] {logging_mixin.py:150} INFO - [2024-09-12T07:02:16.914+0000] {dag.py:2742} INFO - Sync 1 DAGs
[2024-09-12T07:02:16.928+0000] {logging_mixin.py:150} INFO - [2024-09-12T07:02:16.928+0000] {dag.py:3504} INFO - Setting next_dagrun for example_dynamic_task_mapping to 2022-03-04T00:00:00+00:00, run_after=2022-03-05T00:00:00+00:00
[2024-09-12T07:02:16.956+0000] {processor.py:179} INFO - Processing /home/vscode/.local/lib/python3.10/site-packages/airflow/example_dags/example_dynamic_task_mapping.py took 0.061 seconds
[2024-09-12T07:02:59.311+0000] {processor.py:157} INFO - Started process (PID=16854) to work on /home/vscode/.local/lib/python3.10/site-packages/airflow/example_dags/example_dynamic_task_mapping.py
[2024-09-12T07:02:59.312+0000] {processor.py:826} INFO - Processing file /home/vscode/.local/lib/python3.10/site-packages/airflow/example_dags/example_dynamic_task_mapping.py for tasks to queue
[2024-09-12T07:02:59.313+0000] {logging_mixin.py:150} INFO - [2024-09-12T07:02:59.312+0000] {dagbag.py:541} INFO - Filling up the DagBag from /home/vscode/.local/lib/python3.10/site-packages/airflow/example_dags/example_dynamic_task_mapping.py
[2024-09-12T07:02:59.318+0000] {processor.py:836} INFO - DAG(s) dict_keys(['example_dynamic_task_mapping']) retrieved from /home/vscode/.local/lib/python3.10/site-packages/airflow/example_dags/example_dynamic_task_mapping.py
[2024-09-12T07:02:59.329+0000] {logging_mixin.py:150} INFO - [2024-09-12T07:02:59.329+0000] {dag.py:2742} INFO - Sync 1 DAGs
[2024-09-12T07:02:59.343+0000] {logging_mixin.py:150} INFO - [2024-09-12T07:02:59.343+0000] {dag.py:3504} INFO - Setting next_dagrun for example_dynamic_task_mapping to 2022-03-04T00:00:00+00:00, run_after=2022-03-05T00:00:00+00:00
[2024-09-12T07:02:59.401+0000] {processor.py:179} INFO - Processing /home/vscode/.local/lib/python3.10/site-packages/airflow/example_dags/example_dynamic_task_mapping.py took 0.092 seconds
[2024-09-12T07:03:49.449+0000] {processor.py:157} INFO - Started process (PID=17226) to work on /home/vscode/.local/lib/python3.10/site-packages/airflow/example_dags/example_dynamic_task_mapping.py
[2024-09-12T07:03:49.450+0000] {processor.py:826} INFO - Processing file /home/vscode/.local/lib/python3.10/site-packages/airflow/example_dags/example_dynamic_task_mapping.py for tasks to queue
[2024-09-12T07:03:49.451+0000] {logging_mixin.py:150} INFO - [2024-09-12T07:03:49.450+0000] {dagbag.py:541} INFO - Filling up the DagBag from /home/vscode/.local/lib/python3.10/site-packages/airflow/example_dags/example_dynamic_task_mapping.py
[2024-09-12T07:03:49.456+0000] {processor.py:836} INFO - DAG(s) dict_keys(['example_dynamic_task_mapping']) retrieved from /home/vscode/.local/lib/python3.10/site-packages/airflow/example_dags/example_dynamic_task_mapping.py
[2024-09-12T07:03:49.466+0000] {logging_mixin.py:150} INFO - [2024-09-12T07:03:49.466+0000] {dag.py:2742} INFO - Sync 1 DAGs
[2024-09-12T07:03:49.480+0000] {logging_mixin.py:150} INFO - [2024-09-12T07:03:49.480+0000] {dag.py:3504} INFO - Setting next_dagrun for example_dynamic_task_mapping to 2022-03-04T00:00:00+00:00, run_after=2022-03-05T00:00:00+00:00
[2024-09-12T07:03:49.536+0000] {processor.py:179} INFO - Processing /home/vscode/.local/lib/python3.10/site-packages/airflow/example_dags/example_dynamic_task_mapping.py took 0.089 seconds
[2024-09-12T07:04:37.420+0000] {processor.py:157} INFO - Started process (PID=17595) to work on /home/vscode/.local/lib/python3.10/site-packages/airflow/example_dags/example_dynamic_task_mapping.py
[2024-09-12T07:04:37.421+0000] {processor.py:826} INFO - Processing file /home/vscode/.local/lib/python3.10/site-packages/airflow/example_dags/example_dynamic_task_mapping.py for tasks to queue
[2024-09-12T07:04:37.422+0000] {logging_mixin.py:150} INFO - [2024-09-12T07:04:37.421+0000] {dagbag.py:541} INFO - Filling up the DagBag from /home/vscode/.local/lib/python3.10/site-packages/airflow/example_dags/example_dynamic_task_mapping.py
[2024-09-12T07:04:37.427+0000] {processor.py:836} INFO - DAG(s) dict_keys(['example_dynamic_task_mapping']) retrieved from /home/vscode/.local/lib/python3.10/site-packages/airflow/example_dags/example_dynamic_task_mapping.py
[2024-09-12T07:04:37.437+0000] {logging_mixin.py:150} INFO - [2024-09-12T07:04:37.437+0000] {dag.py:2742} INFO - Sync 1 DAGs
[2024-09-12T07:04:37.450+0000] {logging_mixin.py:150} INFO - [2024-09-12T07:04:37.450+0000] {dag.py:3504} INFO - Setting next_dagrun for example_dynamic_task_mapping to 2022-03-04T00:00:00+00:00, run_after=2022-03-05T00:00:00+00:00
[2024-09-12T07:04:37.507+0000] {processor.py:179} INFO - Processing /home/vscode/.local/lib/python3.10/site-packages/airflow/example_dags/example_dynamic_task_mapping.py took 0.089 seconds
[2024-09-12T07:05:22.153+0000] {processor.py:157} INFO - Started process (PID=18000) to work on /home/vscode/.local/lib/python3.10/site-packages/airflow/example_dags/example_dynamic_task_mapping.py
[2024-09-12T07:05:22.153+0000] {processor.py:826} INFO - Processing file /home/vscode/.local/lib/python3.10/site-packages/airflow/example_dags/example_dynamic_task_mapping.py for tasks to queue
[2024-09-12T07:05:22.154+0000] {logging_mixin.py:150} INFO - [2024-09-12T07:05:22.154+0000] {dagbag.py:541} INFO - Filling up the DagBag from /home/vscode/.local/lib/python3.10/site-packages/airflow/example_dags/example_dynamic_task_mapping.py
[2024-09-12T07:05:22.159+0000] {processor.py:836} INFO - DAG(s) dict_keys(['example_dynamic_task_mapping']) retrieved from /home/vscode/.local/lib/python3.10/site-packages/airflow/example_dags/example_dynamic_task_mapping.py
[2024-09-12T07:05:22.169+0000] {logging_mixin.py:150} INFO - [2024-09-12T07:05:22.169+0000] {dag.py:2742} INFO - Sync 1 DAGs
[2024-09-12T07:05:22.183+0000] {logging_mixin.py:150} INFO - [2024-09-12T07:05:22.183+0000] {dag.py:3504} INFO - Setting next_dagrun for example_dynamic_task_mapping to 2022-03-04T00:00:00+00:00, run_after=2022-03-05T00:00:00+00:00
[2024-09-12T07:05:22.215+0000] {processor.py:179} INFO - Processing /home/vscode/.local/lib/python3.10/site-packages/airflow/example_dags/example_dynamic_task_mapping.py took 0.065 seconds
[2024-09-12T07:06:06.764+0000] {processor.py:157} INFO - Started process (PID=18356) to work on /home/vscode/.local/lib/python3.10/site-packages/airflow/example_dags/example_dynamic_task_mapping.py
[2024-09-12T07:06:06.764+0000] {processor.py:826} INFO - Processing file /home/vscode/.local/lib/python3.10/site-packages/airflow/example_dags/example_dynamic_task_mapping.py for tasks to queue
[2024-09-12T07:06:06.765+0000] {logging_mixin.py:150} INFO - [2024-09-12T07:06:06.765+0000] {dagbag.py:541} INFO - Filling up the DagBag from /home/vscode/.local/lib/python3.10/site-packages/airflow/example_dags/example_dynamic_task_mapping.py
[2024-09-12T07:06:06.770+0000] {processor.py:836} INFO - DAG(s) dict_keys(['example_dynamic_task_mapping']) retrieved from /home/vscode/.local/lib/python3.10/site-packages/airflow/example_dags/example_dynamic_task_mapping.py
[2024-09-12T07:06:06.780+0000] {logging_mixin.py:150} INFO - [2024-09-12T07:06:06.780+0000] {dag.py:2742} INFO - Sync 1 DAGs
[2024-09-12T07:06:06.794+0000] {logging_mixin.py:150} INFO - [2024-09-12T07:06:06.794+0000] {dag.py:3504} INFO - Setting next_dagrun for example_dynamic_task_mapping to 2022-03-04T00:00:00+00:00, run_after=2022-03-05T00:00:00+00:00
[2024-09-12T07:06:06.835+0000] {processor.py:179} INFO - Processing /home/vscode/.local/lib/python3.10/site-packages/airflow/example_dags/example_dynamic_task_mapping.py took 0.074 seconds
[2024-09-12T07:06:52.208+0000] {processor.py:157} INFO - Started process (PID=18693) to work on /home/vscode/.local/lib/python3.10/site-packages/airflow/example_dags/example_dynamic_task_mapping.py
[2024-09-12T07:06:52.209+0000] {processor.py:826} INFO - Processing file /home/vscode/.local/lib/python3.10/site-packages/airflow/example_dags/example_dynamic_task_mapping.py for tasks to queue
[2024-09-12T07:06:52.210+0000] {logging_mixin.py:150} INFO - [2024-09-12T07:06:52.209+0000] {dagbag.py:541} INFO - Filling up the DagBag from /home/vscode/.local/lib/python3.10/site-packages/airflow/example_dags/example_dynamic_task_mapping.py
[2024-09-12T07:06:52.215+0000] {processor.py:836} INFO - DAG(s) dict_keys(['example_dynamic_task_mapping']) retrieved from /home/vscode/.local/lib/python3.10/site-packages/airflow/example_dags/example_dynamic_task_mapping.py
[2024-09-12T07:06:52.226+0000] {logging_mixin.py:150} INFO - [2024-09-12T07:06:52.226+0000] {dag.py:2742} INFO - Sync 1 DAGs
[2024-09-12T07:06:52.240+0000] {logging_mixin.py:150} INFO - [2024-09-12T07:06:52.240+0000] {dag.py:3504} INFO - Setting next_dagrun for example_dynamic_task_mapping to 2022-03-04T00:00:00+00:00, run_after=2022-03-05T00:00:00+00:00
[2024-09-12T07:06:52.287+0000] {processor.py:179} INFO - Processing /home/vscode/.local/lib/python3.10/site-packages/airflow/example_dags/example_dynamic_task_mapping.py took 0.081 seconds
[2024-09-12T07:07:37.612+0000] {processor.py:157} INFO - Started process (PID=18992) to work on /home/vscode/.local/lib/python3.10/site-packages/airflow/example_dags/example_dynamic_task_mapping.py
[2024-09-12T07:07:37.612+0000] {processor.py:826} INFO - Processing file /home/vscode/.local/lib/python3.10/site-packages/airflow/example_dags/example_dynamic_task_mapping.py for tasks to queue
[2024-09-12T07:07:37.613+0000] {logging_mixin.py:150} INFO - [2024-09-12T07:07:37.613+0000] {dagbag.py:541} INFO - Filling up the DagBag from /home/vscode/.local/lib/python3.10/site-packages/airflow/example_dags/example_dynamic_task_mapping.py
[2024-09-12T07:07:37.618+0000] {processor.py:836} INFO - DAG(s) dict_keys(['example_dynamic_task_mapping']) retrieved from /home/vscode/.local/lib/python3.10/site-packages/airflow/example_dags/example_dynamic_task_mapping.py
[2024-09-12T07:07:37.629+0000] {logging_mixin.py:150} INFO - [2024-09-12T07:07:37.628+0000] {dag.py:2742} INFO - Sync 1 DAGs
[2024-09-12T07:07:37.642+0000] {logging_mixin.py:150} INFO - [2024-09-12T07:07:37.642+0000] {dag.py:3504} INFO - Setting next_dagrun for example_dynamic_task_mapping to 2022-03-04T00:00:00+00:00, run_after=2022-03-05T00:00:00+00:00
[2024-09-12T07:07:37.674+0000] {processor.py:179} INFO - Processing /home/vscode/.local/lib/python3.10/site-packages/airflow/example_dags/example_dynamic_task_mapping.py took 0.065 seconds
[2024-09-12T07:08:20.736+0000] {processor.py:157} INFO - Started process (PID=19321) to work on /home/vscode/.local/lib/python3.10/site-packages/airflow/example_dags/example_dynamic_task_mapping.py
[2024-09-12T07:08:20.736+0000] {processor.py:826} INFO - Processing file /home/vscode/.local/lib/python3.10/site-packages/airflow/example_dags/example_dynamic_task_mapping.py for tasks to queue
[2024-09-12T07:08:20.737+0000] {logging_mixin.py:150} INFO - [2024-09-12T07:08:20.737+0000] {dagbag.py:541} INFO - Filling up the DagBag from /home/vscode/.local/lib/python3.10/site-packages/airflow/example_dags/example_dynamic_task_mapping.py
[2024-09-12T07:08:20.742+0000] {processor.py:836} INFO - DAG(s) dict_keys(['example_dynamic_task_mapping']) retrieved from /home/vscode/.local/lib/python3.10/site-packages/airflow/example_dags/example_dynamic_task_mapping.py
[2024-09-12T07:08:20.753+0000] {logging_mixin.py:150} INFO - [2024-09-12T07:08:20.753+0000] {dag.py:2742} INFO - Sync 1 DAGs
[2024-09-12T07:08:20.767+0000] {logging_mixin.py:150} INFO - [2024-09-12T07:08:20.767+0000] {dag.py:3504} INFO - Setting next_dagrun for example_dynamic_task_mapping to 2022-03-04T00:00:00+00:00, run_after=2022-03-05T00:00:00+00:00
[2024-09-12T07:08:20.800+0000] {processor.py:179} INFO - Processing /home/vscode/.local/lib/python3.10/site-packages/airflow/example_dags/example_dynamic_task_mapping.py took 0.066 seconds
[2024-09-12T07:09:07.474+0000] {processor.py:157} INFO - Started process (PID=19718) to work on /home/vscode/.local/lib/python3.10/site-packages/airflow/example_dags/example_dynamic_task_mapping.py
[2024-09-12T07:09:07.475+0000] {processor.py:826} INFO - Processing file /home/vscode/.local/lib/python3.10/site-packages/airflow/example_dags/example_dynamic_task_mapping.py for tasks to queue
[2024-09-12T07:09:07.476+0000] {logging_mixin.py:150} INFO - [2024-09-12T07:09:07.475+0000] {dagbag.py:541} INFO - Filling up the DagBag from /home/vscode/.local/lib/python3.10/site-packages/airflow/example_dags/example_dynamic_task_mapping.py
[2024-09-12T07:09:07.481+0000] {processor.py:836} INFO - DAG(s) dict_keys(['example_dynamic_task_mapping']) retrieved from /home/vscode/.local/lib/python3.10/site-packages/airflow/example_dags/example_dynamic_task_mapping.py
[2024-09-12T07:09:07.491+0000] {logging_mixin.py:150} INFO - [2024-09-12T07:09:07.491+0000] {dag.py:2742} INFO - Sync 1 DAGs
[2024-09-12T07:09:07.504+0000] {logging_mixin.py:150} INFO - [2024-09-12T07:09:07.504+0000] {dag.py:3504} INFO - Setting next_dagrun for example_dynamic_task_mapping to 2022-03-04T00:00:00+00:00, run_after=2022-03-05T00:00:00+00:00
[2024-09-12T07:09:07.535+0000] {processor.py:179} INFO - Processing /home/vscode/.local/lib/python3.10/site-packages/airflow/example_dags/example_dynamic_task_mapping.py took 0.063 seconds
[2024-09-12T07:09:51.958+0000] {processor.py:157} INFO - Started process (PID=20035) to work on /home/vscode/.local/lib/python3.10/site-packages/airflow/example_dags/example_dynamic_task_mapping.py
[2024-09-12T07:09:51.958+0000] {processor.py:826} INFO - Processing file /home/vscode/.local/lib/python3.10/site-packages/airflow/example_dags/example_dynamic_task_mapping.py for tasks to queue
[2024-09-12T07:09:51.959+0000] {logging_mixin.py:150} INFO - [2024-09-12T07:09:51.959+0000] {dagbag.py:541} INFO - Filling up the DagBag from /home/vscode/.local/lib/python3.10/site-packages/airflow/example_dags/example_dynamic_task_mapping.py
[2024-09-12T07:09:51.965+0000] {processor.py:836} INFO - DAG(s) dict_keys(['example_dynamic_task_mapping']) retrieved from /home/vscode/.local/lib/python3.10/site-packages/airflow/example_dags/example_dynamic_task_mapping.py
[2024-09-12T07:09:51.976+0000] {logging_mixin.py:150} INFO - [2024-09-12T07:09:51.976+0000] {dag.py:2742} INFO - Sync 1 DAGs
[2024-09-12T07:09:51.991+0000] {logging_mixin.py:150} INFO - [2024-09-12T07:09:51.990+0000] {dag.py:3504} INFO - Setting next_dagrun for example_dynamic_task_mapping to 2022-03-04T00:00:00+00:00, run_after=2022-03-05T00:00:00+00:00
[2024-09-12T07:09:52.034+0000] {processor.py:179} INFO - Processing /home/vscode/.local/lib/python3.10/site-packages/airflow/example_dags/example_dynamic_task_mapping.py took 0.079 seconds
