[2024-09-12T06:40:03.032+0000] {processor.py:157} INFO - Started process (PID=7596) to work on /home/vscode/.local/lib/python3.10/site-packages/airflow/example_dags/example_latest_only.py
[2024-09-12T06:40:03.033+0000] {processor.py:826} INFO - Processing file /home/vscode/.local/lib/python3.10/site-packages/airflow/example_dags/example_latest_only.py for tasks to queue
[2024-09-12T06:40:03.033+0000] {logging_mixin.py:150} INFO - [2024-09-12T06:40:03.033+0000] {dagbag.py:541} INFO - Filling up the DagBag from /home/vscode/.local/lib/python3.10/site-packages/airflow/example_dags/example_latest_only.py
[2024-09-12T06:40:03.115+0000] {processor.py:836} INFO - DAG(s) dict_keys(['latest_only']) retrieved from /home/vscode/.local/lib/python3.10/site-packages/airflow/example_dags/example_latest_only.py
[2024-09-12T06:40:03.245+0000] {logging_mixin.py:150} INFO - [2024-09-12T06:40:03.245+0000] {manager.py:504} INFO - Created Permission View: can delete on DAG:latest_only
[2024-09-12T06:40:03.274+0000] {logging_mixin.py:150} INFO - [2024-09-12T06:40:03.274+0000] {manager.py:504} INFO - Created Permission View: can read on DAG:latest_only
[2024-09-12T06:40:03.306+0000] {logging_mixin.py:150} INFO - [2024-09-12T06:40:03.305+0000] {manager.py:504} INFO - Created Permission View: can edit on DAG:latest_only
[2024-09-12T06:40:03.314+0000] {logging_mixin.py:150} INFO - [2024-09-12T06:40:03.314+0000] {dag.py:2742} INFO - Sync 1 DAGs
[2024-09-12T06:40:03.321+0000] {logging_mixin.py:150} INFO - [2024-09-12T06:40:03.321+0000] {dag.py:2763} INFO - Creating ORM DAG for latest_only
[2024-09-12T06:40:03.327+0000] {logging_mixin.py:150} INFO - [2024-09-12T06:40:03.326+0000] {dag.py:3504} INFO - Setting next_dagrun for latest_only to 2024-09-12T02:40:03.326757+00:00, run_after=2024-09-12T06:40:03.326757+00:00
[2024-09-12T06:40:03.368+0000] {processor.py:179} INFO - Processing /home/vscode/.local/lib/python3.10/site-packages/airflow/example_dags/example_latest_only.py took 0.338 seconds
[2024-09-12T06:40:51.289+0000] {processor.py:157} INFO - Started process (PID=7919) to work on /home/vscode/.local/lib/python3.10/site-packages/airflow/example_dags/example_latest_only.py
[2024-09-12T06:40:51.289+0000] {processor.py:826} INFO - Processing file /home/vscode/.local/lib/python3.10/site-packages/airflow/example_dags/example_latest_only.py for tasks to queue
[2024-09-12T06:40:51.290+0000] {logging_mixin.py:150} INFO - [2024-09-12T06:40:51.290+0000] {dagbag.py:541} INFO - Filling up the DagBag from /home/vscode/.local/lib/python3.10/site-packages/airflow/example_dags/example_latest_only.py
[2024-09-12T06:40:51.294+0000] {processor.py:836} INFO - DAG(s) dict_keys(['latest_only']) retrieved from /home/vscode/.local/lib/python3.10/site-packages/airflow/example_dags/example_latest_only.py
[2024-09-12T06:40:51.305+0000] {logging_mixin.py:150} INFO - [2024-09-12T06:40:51.305+0000] {dag.py:2742} INFO - Sync 1 DAGs
[2024-09-12T06:40:51.319+0000] {logging_mixin.py:150} INFO - [2024-09-12T06:40:51.319+0000] {dag.py:3504} INFO - Setting next_dagrun for latest_only to 2024-09-12T02:40:51.319017+00:00, run_after=2024-09-12T06:40:51.319017+00:00
[2024-09-12T06:40:51.351+0000] {processor.py:179} INFO - Processing /home/vscode/.local/lib/python3.10/site-packages/airflow/example_dags/example_latest_only.py took 0.064 seconds
[2024-09-12T06:41:36.424+0000] {processor.py:157} INFO - Started process (PID=8224) to work on /home/vscode/.local/lib/python3.10/site-packages/airflow/example_dags/example_latest_only.py
[2024-09-12T06:41:36.425+0000] {processor.py:826} INFO - Processing file /home/vscode/.local/lib/python3.10/site-packages/airflow/example_dags/example_latest_only.py for tasks to queue
[2024-09-12T06:41:36.425+0000] {logging_mixin.py:150} INFO - [2024-09-12T06:41:36.425+0000] {dagbag.py:541} INFO - Filling up the DagBag from /home/vscode/.local/lib/python3.10/site-packages/airflow/example_dags/example_latest_only.py
[2024-09-12T06:41:36.430+0000] {processor.py:836} INFO - DAG(s) dict_keys(['latest_only']) retrieved from /home/vscode/.local/lib/python3.10/site-packages/airflow/example_dags/example_latest_only.py
[2024-09-12T06:41:36.441+0000] {logging_mixin.py:150} INFO - [2024-09-12T06:41:36.441+0000] {dag.py:2742} INFO - Sync 1 DAGs
[2024-09-12T06:41:36.455+0000] {logging_mixin.py:150} INFO - [2024-09-12T06:41:36.455+0000] {dag.py:3504} INFO - Setting next_dagrun for latest_only to 2024-09-12T02:41:36.454873+00:00, run_after=2024-09-12T06:41:36.454873+00:00
[2024-09-12T06:41:36.509+0000] {processor.py:179} INFO - Processing /home/vscode/.local/lib/python3.10/site-packages/airflow/example_dags/example_latest_only.py took 0.088 seconds
[2024-09-12T06:42:22.897+0000] {processor.py:157} INFO - Started process (PID=8533) to work on /home/vscode/.local/lib/python3.10/site-packages/airflow/example_dags/example_latest_only.py
[2024-09-12T06:42:22.898+0000] {processor.py:826} INFO - Processing file /home/vscode/.local/lib/python3.10/site-packages/airflow/example_dags/example_latest_only.py for tasks to queue
[2024-09-12T06:42:22.899+0000] {logging_mixin.py:150} INFO - [2024-09-12T06:42:22.898+0000] {dagbag.py:541} INFO - Filling up the DagBag from /home/vscode/.local/lib/python3.10/site-packages/airflow/example_dags/example_latest_only.py
[2024-09-12T06:42:22.903+0000] {processor.py:836} INFO - DAG(s) dict_keys(['latest_only']) retrieved from /home/vscode/.local/lib/python3.10/site-packages/airflow/example_dags/example_latest_only.py
[2024-09-12T06:42:22.914+0000] {logging_mixin.py:150} INFO - [2024-09-12T06:42:22.914+0000] {dag.py:2742} INFO - Sync 1 DAGs
[2024-09-12T06:42:22.927+0000] {logging_mixin.py:150} INFO - [2024-09-12T06:42:22.927+0000] {dag.py:3504} INFO - Setting next_dagrun for latest_only to 2024-09-12T02:42:22.927414+00:00, run_after=2024-09-12T06:42:22.927414+00:00
[2024-09-12T06:42:22.976+0000] {processor.py:179} INFO - Processing /home/vscode/.local/lib/python3.10/site-packages/airflow/example_dags/example_latest_only.py took 0.081 seconds
[2024-09-12T06:43:06.425+0000] {processor.py:157} INFO - Started process (PID=8825) to work on /home/vscode/.local/lib/python3.10/site-packages/airflow/example_dags/example_latest_only.py
[2024-09-12T06:43:06.426+0000] {processor.py:826} INFO - Processing file /home/vscode/.local/lib/python3.10/site-packages/airflow/example_dags/example_latest_only.py for tasks to queue
[2024-09-12T06:43:06.426+0000] {logging_mixin.py:150} INFO - [2024-09-12T06:43:06.426+0000] {dagbag.py:541} INFO - Filling up the DagBag from /home/vscode/.local/lib/python3.10/site-packages/airflow/example_dags/example_latest_only.py
[2024-09-12T06:43:06.431+0000] {processor.py:836} INFO - DAG(s) dict_keys(['latest_only']) retrieved from /home/vscode/.local/lib/python3.10/site-packages/airflow/example_dags/example_latest_only.py
[2024-09-12T06:43:06.442+0000] {logging_mixin.py:150} INFO - [2024-09-12T06:43:06.442+0000] {dag.py:2742} INFO - Sync 1 DAGs
[2024-09-12T06:43:06.456+0000] {logging_mixin.py:150} INFO - [2024-09-12T06:43:06.456+0000] {dag.py:3504} INFO - Setting next_dagrun for latest_only to 2024-09-12T02:43:06.456206+00:00, run_after=2024-09-12T06:43:06.456206+00:00
[2024-09-12T06:43:06.504+0000] {processor.py:179} INFO - Processing /home/vscode/.local/lib/python3.10/site-packages/airflow/example_dags/example_latest_only.py took 0.081 seconds
[2024-09-12T06:43:49.958+0000] {processor.py:157} INFO - Started process (PID=9113) to work on /home/vscode/.local/lib/python3.10/site-packages/airflow/example_dags/example_latest_only.py
[2024-09-12T06:43:49.959+0000] {processor.py:826} INFO - Processing file /home/vscode/.local/lib/python3.10/site-packages/airflow/example_dags/example_latest_only.py for tasks to queue
[2024-09-12T06:43:49.960+0000] {logging_mixin.py:150} INFO - [2024-09-12T06:43:49.959+0000] {dagbag.py:541} INFO - Filling up the DagBag from /home/vscode/.local/lib/python3.10/site-packages/airflow/example_dags/example_latest_only.py
[2024-09-12T06:43:49.964+0000] {processor.py:836} INFO - DAG(s) dict_keys(['latest_only']) retrieved from /home/vscode/.local/lib/python3.10/site-packages/airflow/example_dags/example_latest_only.py
[2024-09-12T06:43:49.975+0000] {logging_mixin.py:150} INFO - [2024-09-12T06:43:49.975+0000] {dag.py:2742} INFO - Sync 1 DAGs
[2024-09-12T06:43:49.989+0000] {logging_mixin.py:150} INFO - [2024-09-12T06:43:49.989+0000] {dag.py:3504} INFO - Setting next_dagrun for latest_only to 2024-09-12T02:43:49.988959+00:00, run_after=2024-09-12T06:43:49.988959+00:00
[2024-09-12T06:43:50.020+0000] {processor.py:179} INFO - Processing /home/vscode/.local/lib/python3.10/site-packages/airflow/example_dags/example_latest_only.py took 0.064 seconds
[2024-09-12T06:44:30.188+0000] {processor.py:157} INFO - Started process (PID=9392) to work on /home/vscode/.local/lib/python3.10/site-packages/airflow/example_dags/example_latest_only.py
[2024-09-12T06:44:30.188+0000] {processor.py:826} INFO - Processing file /home/vscode/.local/lib/python3.10/site-packages/airflow/example_dags/example_latest_only.py for tasks to queue
[2024-09-12T06:44:30.189+0000] {logging_mixin.py:150} INFO - [2024-09-12T06:44:30.189+0000] {dagbag.py:541} INFO - Filling up the DagBag from /home/vscode/.local/lib/python3.10/site-packages/airflow/example_dags/example_latest_only.py
[2024-09-12T06:44:30.193+0000] {processor.py:836} INFO - DAG(s) dict_keys(['latest_only']) retrieved from /home/vscode/.local/lib/python3.10/site-packages/airflow/example_dags/example_latest_only.py
[2024-09-12T06:44:30.205+0000] {logging_mixin.py:150} INFO - [2024-09-12T06:44:30.205+0000] {dag.py:2742} INFO - Sync 1 DAGs
[2024-09-12T06:44:30.219+0000] {logging_mixin.py:150} INFO - [2024-09-12T06:44:30.219+0000] {dag.py:3504} INFO - Setting next_dagrun for latest_only to 2024-09-12T02:44:30.219009+00:00, run_after=2024-09-12T06:44:30.219009+00:00
[2024-09-12T06:44:30.259+0000] {processor.py:179} INFO - Processing /home/vscode/.local/lib/python3.10/site-packages/airflow/example_dags/example_latest_only.py took 0.073 seconds
[2024-09-12T06:45:15.481+0000] {processor.py:157} INFO - Started process (PID=9694) to work on /home/vscode/.local/lib/python3.10/site-packages/airflow/example_dags/example_latest_only.py
[2024-09-12T06:45:15.481+0000] {processor.py:826} INFO - Processing file /home/vscode/.local/lib/python3.10/site-packages/airflow/example_dags/example_latest_only.py for tasks to queue
[2024-09-12T06:45:15.482+0000] {logging_mixin.py:150} INFO - [2024-09-12T06:45:15.482+0000] {dagbag.py:541} INFO - Filling up the DagBag from /home/vscode/.local/lib/python3.10/site-packages/airflow/example_dags/example_latest_only.py
[2024-09-12T06:45:15.486+0000] {processor.py:836} INFO - DAG(s) dict_keys(['latest_only']) retrieved from /home/vscode/.local/lib/python3.10/site-packages/airflow/example_dags/example_latest_only.py
[2024-09-12T06:45:15.497+0000] {logging_mixin.py:150} INFO - [2024-09-12T06:45:15.497+0000] {dag.py:2742} INFO - Sync 1 DAGs
[2024-09-12T06:45:15.511+0000] {logging_mixin.py:150} INFO - [2024-09-12T06:45:15.510+0000] {dag.py:3504} INFO - Setting next_dagrun for latest_only to 2024-09-12T02:45:15.510759+00:00, run_after=2024-09-12T06:45:15.510759+00:00
[2024-09-12T06:45:15.544+0000] {processor.py:179} INFO - Processing /home/vscode/.local/lib/python3.10/site-packages/airflow/example_dags/example_latest_only.py took 0.065 seconds
[2024-09-12T06:46:02.050+0000] {processor.py:157} INFO - Started process (PID=10011) to work on /home/vscode/.local/lib/python3.10/site-packages/airflow/example_dags/example_latest_only.py
[2024-09-12T06:46:02.051+0000] {processor.py:826} INFO - Processing file /home/vscode/.local/lib/python3.10/site-packages/airflow/example_dags/example_latest_only.py for tasks to queue
[2024-09-12T06:46:02.052+0000] {logging_mixin.py:150} INFO - [2024-09-12T06:46:02.051+0000] {dagbag.py:541} INFO - Filling up the DagBag from /home/vscode/.local/lib/python3.10/site-packages/airflow/example_dags/example_latest_only.py
[2024-09-12T06:46:02.056+0000] {processor.py:836} INFO - DAG(s) dict_keys(['latest_only']) retrieved from /home/vscode/.local/lib/python3.10/site-packages/airflow/example_dags/example_latest_only.py
[2024-09-12T06:46:02.067+0000] {logging_mixin.py:150} INFO - [2024-09-12T06:46:02.066+0000] {dag.py:2742} INFO - Sync 1 DAGs
[2024-09-12T06:46:02.080+0000] {logging_mixin.py:150} INFO - [2024-09-12T06:46:02.080+0000] {dag.py:3504} INFO - Setting next_dagrun for latest_only to 2024-09-12T02:46:02.080356+00:00, run_after=2024-09-12T06:46:02.080356+00:00
[2024-09-12T06:46:02.115+0000] {processor.py:179} INFO - Processing /home/vscode/.local/lib/python3.10/site-packages/airflow/example_dags/example_latest_only.py took 0.067 seconds
[2024-09-12T06:46:46.268+0000] {processor.py:157} INFO - Started process (PID=10307) to work on /home/vscode/.local/lib/python3.10/site-packages/airflow/example_dags/example_latest_only.py
[2024-09-12T06:46:46.269+0000] {processor.py:826} INFO - Processing file /home/vscode/.local/lib/python3.10/site-packages/airflow/example_dags/example_latest_only.py for tasks to queue
[2024-09-12T06:46:46.269+0000] {logging_mixin.py:150} INFO - [2024-09-12T06:46:46.269+0000] {dagbag.py:541} INFO - Filling up the DagBag from /home/vscode/.local/lib/python3.10/site-packages/airflow/example_dags/example_latest_only.py
[2024-09-12T06:46:46.274+0000] {processor.py:836} INFO - DAG(s) dict_keys(['latest_only']) retrieved from /home/vscode/.local/lib/python3.10/site-packages/airflow/example_dags/example_latest_only.py
[2024-09-12T06:46:46.284+0000] {logging_mixin.py:150} INFO - [2024-09-12T06:46:46.284+0000] {dag.py:2742} INFO - Sync 1 DAGs
[2024-09-12T06:46:46.298+0000] {logging_mixin.py:150} INFO - [2024-09-12T06:46:46.298+0000] {dag.py:3504} INFO - Setting next_dagrun for latest_only to 2024-09-12T02:46:46.298077+00:00, run_after=2024-09-12T06:46:46.298077+00:00
[2024-09-12T06:46:46.332+0000] {processor.py:179} INFO - Processing /home/vscode/.local/lib/python3.10/site-packages/airflow/example_dags/example_latest_only.py took 0.066 seconds
[2024-09-12T06:47:33.460+0000] {processor.py:157} INFO - Started process (PID=10620) to work on /home/vscode/.local/lib/python3.10/site-packages/airflow/example_dags/example_latest_only.py
[2024-09-12T06:47:33.461+0000] {processor.py:826} INFO - Processing file /home/vscode/.local/lib/python3.10/site-packages/airflow/example_dags/example_latest_only.py for tasks to queue
[2024-09-12T06:47:33.461+0000] {logging_mixin.py:150} INFO - [2024-09-12T06:47:33.461+0000] {dagbag.py:541} INFO - Filling up the DagBag from /home/vscode/.local/lib/python3.10/site-packages/airflow/example_dags/example_latest_only.py
[2024-09-12T06:47:33.466+0000] {processor.py:836} INFO - DAG(s) dict_keys(['latest_only']) retrieved from /home/vscode/.local/lib/python3.10/site-packages/airflow/example_dags/example_latest_only.py
[2024-09-12T06:47:33.476+0000] {logging_mixin.py:150} INFO - [2024-09-12T06:47:33.476+0000] {dag.py:2742} INFO - Sync 1 DAGs
[2024-09-12T06:47:33.493+0000] {logging_mixin.py:150} INFO - [2024-09-12T06:47:33.493+0000] {dag.py:3504} INFO - Setting next_dagrun for latest_only to 2024-09-12T02:47:33.493057+00:00, run_after=2024-09-12T06:47:33.493057+00:00
[2024-09-12T06:47:33.535+0000] {processor.py:179} INFO - Processing /home/vscode/.local/lib/python3.10/site-packages/airflow/example_dags/example_latest_only.py took 0.077 seconds
[2024-09-12T06:48:16.481+0000] {processor.py:157} INFO - Started process (PID=10909) to work on /home/vscode/.local/lib/python3.10/site-packages/airflow/example_dags/example_latest_only.py
[2024-09-12T06:48:16.482+0000] {processor.py:826} INFO - Processing file /home/vscode/.local/lib/python3.10/site-packages/airflow/example_dags/example_latest_only.py for tasks to queue
[2024-09-12T06:48:16.482+0000] {logging_mixin.py:150} INFO - [2024-09-12T06:48:16.482+0000] {dagbag.py:541} INFO - Filling up the DagBag from /home/vscode/.local/lib/python3.10/site-packages/airflow/example_dags/example_latest_only.py
[2024-09-12T06:48:16.487+0000] {processor.py:836} INFO - DAG(s) dict_keys(['latest_only']) retrieved from /home/vscode/.local/lib/python3.10/site-packages/airflow/example_dags/example_latest_only.py
[2024-09-12T06:48:16.498+0000] {logging_mixin.py:150} INFO - [2024-09-12T06:48:16.498+0000] {dag.py:2742} INFO - Sync 1 DAGs
[2024-09-12T06:48:16.512+0000] {logging_mixin.py:150} INFO - [2024-09-12T06:48:16.511+0000] {dag.py:3504} INFO - Setting next_dagrun for latest_only to 2024-09-12T02:48:16.511674+00:00, run_after=2024-09-12T06:48:16.511674+00:00
[2024-09-12T06:48:16.540+0000] {processor.py:179} INFO - Processing /home/vscode/.local/lib/python3.10/site-packages/airflow/example_dags/example_latest_only.py took 0.061 seconds
[2024-09-12T06:49:12.099+0000] {processor.py:157} INFO - Started process (PID=11281) to work on /home/vscode/.local/lib/python3.10/site-packages/airflow/example_dags/example_latest_only.py
[2024-09-12T06:49:12.099+0000] {processor.py:826} INFO - Processing file /home/vscode/.local/lib/python3.10/site-packages/airflow/example_dags/example_latest_only.py for tasks to queue
[2024-09-12T06:49:12.100+0000] {logging_mixin.py:150} INFO - [2024-09-12T06:49:12.100+0000] {dagbag.py:541} INFO - Filling up the DagBag from /home/vscode/.local/lib/python3.10/site-packages/airflow/example_dags/example_latest_only.py
[2024-09-12T06:49:12.104+0000] {processor.py:836} INFO - DAG(s) dict_keys(['latest_only']) retrieved from /home/vscode/.local/lib/python3.10/site-packages/airflow/example_dags/example_latest_only.py
[2024-09-12T06:49:12.115+0000] {logging_mixin.py:150} INFO - [2024-09-12T06:49:12.115+0000] {dag.py:2742} INFO - Sync 1 DAGs
[2024-09-12T06:49:12.129+0000] {logging_mixin.py:150} INFO - [2024-09-12T06:49:12.129+0000] {dag.py:3504} INFO - Setting next_dagrun for latest_only to 2024-09-12T02:49:12.129041+00:00, run_after=2024-09-12T06:49:12.129041+00:00
[2024-09-12T06:49:12.171+0000] {processor.py:179} INFO - Processing /home/vscode/.local/lib/python3.10/site-packages/airflow/example_dags/example_latest_only.py took 0.074 seconds
[2024-09-12T06:49:53.312+0000] {processor.py:157} INFO - Started process (PID=11559) to work on /home/vscode/.local/lib/python3.10/site-packages/airflow/example_dags/example_latest_only.py
[2024-09-12T06:49:53.314+0000] {processor.py:826} INFO - Processing file /home/vscode/.local/lib/python3.10/site-packages/airflow/example_dags/example_latest_only.py for tasks to queue
[2024-09-12T06:49:53.314+0000] {logging_mixin.py:150} INFO - [2024-09-12T06:49:53.314+0000] {dagbag.py:541} INFO - Filling up the DagBag from /home/vscode/.local/lib/python3.10/site-packages/airflow/example_dags/example_latest_only.py
[2024-09-12T06:49:53.321+0000] {processor.py:836} INFO - DAG(s) dict_keys(['latest_only']) retrieved from /home/vscode/.local/lib/python3.10/site-packages/airflow/example_dags/example_latest_only.py
[2024-09-12T06:49:53.337+0000] {logging_mixin.py:150} INFO - [2024-09-12T06:49:53.337+0000] {dag.py:2742} INFO - Sync 1 DAGs
[2024-09-12T06:49:53.356+0000] {logging_mixin.py:150} INFO - [2024-09-12T06:49:53.356+0000] {dag.py:3504} INFO - Setting next_dagrun for latest_only to 2024-09-12T02:49:53.356365+00:00, run_after=2024-09-12T06:49:53.356365+00:00
[2024-09-12T06:49:53.389+0000] {processor.py:179} INFO - Processing /home/vscode/.local/lib/python3.10/site-packages/airflow/example_dags/example_latest_only.py took 0.079 seconds
[2024-09-12T06:50:35.780+0000] {processor.py:157} INFO - Started process (PID=11853) to work on /home/vscode/.local/lib/python3.10/site-packages/airflow/example_dags/example_latest_only.py
[2024-09-12T06:50:35.781+0000] {processor.py:826} INFO - Processing file /home/vscode/.local/lib/python3.10/site-packages/airflow/example_dags/example_latest_only.py for tasks to queue
[2024-09-12T06:50:35.782+0000] {logging_mixin.py:150} INFO - [2024-09-12T06:50:35.781+0000] {dagbag.py:541} INFO - Filling up the DagBag from /home/vscode/.local/lib/python3.10/site-packages/airflow/example_dags/example_latest_only.py
[2024-09-12T06:50:35.786+0000] {processor.py:836} INFO - DAG(s) dict_keys(['latest_only']) retrieved from /home/vscode/.local/lib/python3.10/site-packages/airflow/example_dags/example_latest_only.py
[2024-09-12T06:50:35.797+0000] {logging_mixin.py:150} INFO - [2024-09-12T06:50:35.797+0000] {dag.py:2742} INFO - Sync 1 DAGs
[2024-09-12T06:50:35.811+0000] {logging_mixin.py:150} INFO - [2024-09-12T06:50:35.811+0000] {dag.py:3504} INFO - Setting next_dagrun for latest_only to 2024-09-12T02:50:35.811367+00:00, run_after=2024-09-12T06:50:35.811367+00:00
[2024-09-12T06:50:35.840+0000] {processor.py:179} INFO - Processing /home/vscode/.local/lib/python3.10/site-packages/airflow/example_dags/example_latest_only.py took 0.061 seconds
[2024-09-12T06:51:20.171+0000] {processor.py:157} INFO - Started process (PID=12147) to work on /home/vscode/.local/lib/python3.10/site-packages/airflow/example_dags/example_latest_only.py
[2024-09-12T06:51:20.172+0000] {processor.py:826} INFO - Processing file /home/vscode/.local/lib/python3.10/site-packages/airflow/example_dags/example_latest_only.py for tasks to queue
[2024-09-12T06:51:20.172+0000] {logging_mixin.py:150} INFO - [2024-09-12T06:51:20.172+0000] {dagbag.py:541} INFO - Filling up the DagBag from /home/vscode/.local/lib/python3.10/site-packages/airflow/example_dags/example_latest_only.py
[2024-09-12T06:51:20.177+0000] {processor.py:836} INFO - DAG(s) dict_keys(['latest_only']) retrieved from /home/vscode/.local/lib/python3.10/site-packages/airflow/example_dags/example_latest_only.py
[2024-09-12T06:51:20.187+0000] {logging_mixin.py:150} INFO - [2024-09-12T06:51:20.187+0000] {dag.py:2742} INFO - Sync 1 DAGs
[2024-09-12T06:51:20.201+0000] {logging_mixin.py:150} INFO - [2024-09-12T06:51:20.201+0000] {dag.py:3504} INFO - Setting next_dagrun for latest_only to 2024-09-12T02:51:20.201056+00:00, run_after=2024-09-12T06:51:20.201056+00:00
[2024-09-12T06:51:20.232+0000] {processor.py:179} INFO - Processing /home/vscode/.local/lib/python3.10/site-packages/airflow/example_dags/example_latest_only.py took 0.063 seconds
[2024-09-12T06:52:07.141+0000] {processor.py:157} INFO - Started process (PID=12466) to work on /home/vscode/.local/lib/python3.10/site-packages/airflow/example_dags/example_latest_only.py
[2024-09-12T06:52:07.142+0000] {processor.py:826} INFO - Processing file /home/vscode/.local/lib/python3.10/site-packages/airflow/example_dags/example_latest_only.py for tasks to queue
[2024-09-12T06:52:07.143+0000] {logging_mixin.py:150} INFO - [2024-09-12T06:52:07.142+0000] {dagbag.py:541} INFO - Filling up the DagBag from /home/vscode/.local/lib/python3.10/site-packages/airflow/example_dags/example_latest_only.py
[2024-09-12T06:52:07.147+0000] {processor.py:836} INFO - DAG(s) dict_keys(['latest_only']) retrieved from /home/vscode/.local/lib/python3.10/site-packages/airflow/example_dags/example_latest_only.py
[2024-09-12T06:52:07.158+0000] {logging_mixin.py:150} INFO - [2024-09-12T06:52:07.158+0000] {dag.py:2742} INFO - Sync 1 DAGs
[2024-09-12T06:52:07.171+0000] {logging_mixin.py:150} INFO - [2024-09-12T06:52:07.171+0000] {dag.py:3504} INFO - Setting next_dagrun for latest_only to 2024-09-12T02:52:07.171282+00:00, run_after=2024-09-12T06:52:07.171282+00:00
[2024-09-12T06:52:07.200+0000] {processor.py:179} INFO - Processing /home/vscode/.local/lib/python3.10/site-packages/airflow/example_dags/example_latest_only.py took 0.060 seconds
[2024-09-12T06:52:53.617+0000] {processor.py:157} INFO - Started process (PID=12772) to work on /home/vscode/.local/lib/python3.10/site-packages/airflow/example_dags/example_latest_only.py
[2024-09-12T06:52:53.618+0000] {processor.py:826} INFO - Processing file /home/vscode/.local/lib/python3.10/site-packages/airflow/example_dags/example_latest_only.py for tasks to queue
[2024-09-12T06:52:53.618+0000] {logging_mixin.py:150} INFO - [2024-09-12T06:52:53.618+0000] {dagbag.py:541} INFO - Filling up the DagBag from /home/vscode/.local/lib/python3.10/site-packages/airflow/example_dags/example_latest_only.py
[2024-09-12T06:52:53.623+0000] {processor.py:836} INFO - DAG(s) dict_keys(['latest_only']) retrieved from /home/vscode/.local/lib/python3.10/site-packages/airflow/example_dags/example_latest_only.py
[2024-09-12T06:52:53.634+0000] {logging_mixin.py:150} INFO - [2024-09-12T06:52:53.633+0000] {dag.py:2742} INFO - Sync 1 DAGs
[2024-09-12T06:52:53.647+0000] {logging_mixin.py:150} INFO - [2024-09-12T06:52:53.647+0000] {dag.py:3504} INFO - Setting next_dagrun for latest_only to 2024-09-12T02:52:53.647440+00:00, run_after=2024-09-12T06:52:53.647440+00:00
[2024-09-12T06:52:53.691+0000] {processor.py:179} INFO - Processing /home/vscode/.local/lib/python3.10/site-packages/airflow/example_dags/example_latest_only.py took 0.076 seconds
[2024-09-12T06:53:38.769+0000] {processor.py:157} INFO - Started process (PID=13084) to work on /home/vscode/.local/lib/python3.10/site-packages/airflow/example_dags/example_latest_only.py
[2024-09-12T06:53:38.769+0000] {processor.py:826} INFO - Processing file /home/vscode/.local/lib/python3.10/site-packages/airflow/example_dags/example_latest_only.py for tasks to queue
[2024-09-12T06:53:38.770+0000] {logging_mixin.py:150} INFO - [2024-09-12T06:53:38.770+0000] {dagbag.py:541} INFO - Filling up the DagBag from /home/vscode/.local/lib/python3.10/site-packages/airflow/example_dags/example_latest_only.py
[2024-09-12T06:53:38.775+0000] {processor.py:836} INFO - DAG(s) dict_keys(['latest_only']) retrieved from /home/vscode/.local/lib/python3.10/site-packages/airflow/example_dags/example_latest_only.py
[2024-09-12T06:53:38.786+0000] {logging_mixin.py:150} INFO - [2024-09-12T06:53:38.785+0000] {dag.py:2742} INFO - Sync 1 DAGs
[2024-09-12T06:53:38.799+0000] {logging_mixin.py:150} INFO - [2024-09-12T06:53:38.799+0000] {dag.py:3504} INFO - Setting next_dagrun for latest_only to 2024-09-12T02:53:38.799092+00:00, run_after=2024-09-12T06:53:38.799092+00:00
[2024-09-12T06:53:38.826+0000] {processor.py:179} INFO - Processing /home/vscode/.local/lib/python3.10/site-packages/airflow/example_dags/example_latest_only.py took 0.059 seconds
[2024-09-12T06:54:24.191+0000] {processor.py:157} INFO - Started process (PID=13385) to work on /home/vscode/.local/lib/python3.10/site-packages/airflow/example_dags/example_latest_only.py
[2024-09-12T06:54:24.192+0000] {processor.py:826} INFO - Processing file /home/vscode/.local/lib/python3.10/site-packages/airflow/example_dags/example_latest_only.py for tasks to queue
[2024-09-12T06:54:24.192+0000] {logging_mixin.py:150} INFO - [2024-09-12T06:54:24.192+0000] {dagbag.py:541} INFO - Filling up the DagBag from /home/vscode/.local/lib/python3.10/site-packages/airflow/example_dags/example_latest_only.py
[2024-09-12T06:54:24.197+0000] {processor.py:836} INFO - DAG(s) dict_keys(['latest_only']) retrieved from /home/vscode/.local/lib/python3.10/site-packages/airflow/example_dags/example_latest_only.py
[2024-09-12T06:54:24.207+0000] {logging_mixin.py:150} INFO - [2024-09-12T06:54:24.207+0000] {dag.py:2742} INFO - Sync 1 DAGs
[2024-09-12T06:54:24.221+0000] {logging_mixin.py:150} INFO - [2024-09-12T06:54:24.221+0000] {dag.py:3504} INFO - Setting next_dagrun for latest_only to 2024-09-12T02:54:24.221613+00:00, run_after=2024-09-12T06:54:24.221613+00:00
[2024-09-12T06:54:24.253+0000] {processor.py:179} INFO - Processing /home/vscode/.local/lib/python3.10/site-packages/airflow/example_dags/example_latest_only.py took 0.064 seconds
[2024-09-12T06:55:10.884+0000] {processor.py:157} INFO - Started process (PID=13703) to work on /home/vscode/.local/lib/python3.10/site-packages/airflow/example_dags/example_latest_only.py
[2024-09-12T06:55:10.884+0000] {processor.py:826} INFO - Processing file /home/vscode/.local/lib/python3.10/site-packages/airflow/example_dags/example_latest_only.py for tasks to queue
[2024-09-12T06:55:10.885+0000] {logging_mixin.py:150} INFO - [2024-09-12T06:55:10.885+0000] {dagbag.py:541} INFO - Filling up the DagBag from /home/vscode/.local/lib/python3.10/site-packages/airflow/example_dags/example_latest_only.py
[2024-09-12T06:55:10.889+0000] {processor.py:836} INFO - DAG(s) dict_keys(['latest_only']) retrieved from /home/vscode/.local/lib/python3.10/site-packages/airflow/example_dags/example_latest_only.py
[2024-09-12T06:55:10.899+0000] {logging_mixin.py:150} INFO - [2024-09-12T06:55:10.899+0000] {dag.py:2742} INFO - Sync 1 DAGs
[2024-09-12T06:55:10.913+0000] {logging_mixin.py:150} INFO - [2024-09-12T06:55:10.913+0000] {dag.py:3504} INFO - Setting next_dagrun for latest_only to 2024-09-12T02:55:10.912903+00:00, run_after=2024-09-12T06:55:10.912903+00:00
[2024-09-12T06:55:10.948+0000] {processor.py:179} INFO - Processing /home/vscode/.local/lib/python3.10/site-packages/airflow/example_dags/example_latest_only.py took 0.066 seconds
[2024-09-12T06:55:55.945+0000] {processor.py:157} INFO - Started process (PID=13999) to work on /home/vscode/.local/lib/python3.10/site-packages/airflow/example_dags/example_latest_only.py
[2024-09-12T06:55:55.946+0000] {processor.py:826} INFO - Processing file /home/vscode/.local/lib/python3.10/site-packages/airflow/example_dags/example_latest_only.py for tasks to queue
[2024-09-12T06:55:55.946+0000] {logging_mixin.py:150} INFO - [2024-09-12T06:55:55.946+0000] {dagbag.py:541} INFO - Filling up the DagBag from /home/vscode/.local/lib/python3.10/site-packages/airflow/example_dags/example_latest_only.py
[2024-09-12T06:55:55.952+0000] {processor.py:836} INFO - DAG(s) dict_keys(['latest_only']) retrieved from /home/vscode/.local/lib/python3.10/site-packages/airflow/example_dags/example_latest_only.py
[2024-09-12T06:55:55.967+0000] {logging_mixin.py:150} INFO - [2024-09-12T06:55:55.967+0000] {dag.py:2742} INFO - Sync 1 DAGs
[2024-09-12T06:55:55.992+0000] {logging_mixin.py:150} INFO - [2024-09-12T06:55:55.992+0000] {dag.py:3504} INFO - Setting next_dagrun for latest_only to 2024-09-12T02:55:55.992031+00:00, run_after=2024-09-12T06:55:55.992031+00:00
[2024-09-12T06:55:56.036+0000] {processor.py:179} INFO - Processing /home/vscode/.local/lib/python3.10/site-packages/airflow/example_dags/example_latest_only.py took 0.094 seconds
[2024-09-12T06:56:46.428+0000] {processor.py:157} INFO - Started process (PID=14342) to work on /home/vscode/.local/lib/python3.10/site-packages/airflow/example_dags/example_latest_only.py
[2024-09-12T06:56:46.429+0000] {processor.py:826} INFO - Processing file /home/vscode/.local/lib/python3.10/site-packages/airflow/example_dags/example_latest_only.py for tasks to queue
[2024-09-12T06:56:46.430+0000] {logging_mixin.py:150} INFO - [2024-09-12T06:56:46.429+0000] {dagbag.py:541} INFO - Filling up the DagBag from /home/vscode/.local/lib/python3.10/site-packages/airflow/example_dags/example_latest_only.py
[2024-09-12T06:56:46.434+0000] {processor.py:836} INFO - DAG(s) dict_keys(['latest_only']) retrieved from /home/vscode/.local/lib/python3.10/site-packages/airflow/example_dags/example_latest_only.py
[2024-09-12T06:56:46.445+0000] {logging_mixin.py:150} INFO - [2024-09-12T06:56:46.445+0000] {dag.py:2742} INFO - Sync 1 DAGs
[2024-09-12T06:56:46.458+0000] {logging_mixin.py:150} INFO - [2024-09-12T06:56:46.458+0000] {dag.py:3504} INFO - Setting next_dagrun for latest_only to 2024-09-12T02:56:46.458714+00:00, run_after=2024-09-12T06:56:46.458714+00:00
[2024-09-12T06:56:46.511+0000] {processor.py:179} INFO - Processing /home/vscode/.local/lib/python3.10/site-packages/airflow/example_dags/example_latest_only.py took 0.085 seconds
[2024-09-12T06:57:30.457+0000] {processor.py:157} INFO - Started process (PID=14639) to work on /home/vscode/.local/lib/python3.10/site-packages/airflow/example_dags/example_latest_only.py
[2024-09-12T06:57:30.458+0000] {processor.py:826} INFO - Processing file /home/vscode/.local/lib/python3.10/site-packages/airflow/example_dags/example_latest_only.py for tasks to queue
[2024-09-12T06:57:30.458+0000] {logging_mixin.py:150} INFO - [2024-09-12T06:57:30.458+0000] {dagbag.py:541} INFO - Filling up the DagBag from /home/vscode/.local/lib/python3.10/site-packages/airflow/example_dags/example_latest_only.py
[2024-09-12T06:57:30.463+0000] {processor.py:836} INFO - DAG(s) dict_keys(['latest_only']) retrieved from /home/vscode/.local/lib/python3.10/site-packages/airflow/example_dags/example_latest_only.py
[2024-09-12T06:57:30.473+0000] {logging_mixin.py:150} INFO - [2024-09-12T06:57:30.473+0000] {dag.py:2742} INFO - Sync 1 DAGs
[2024-09-12T06:57:30.487+0000] {logging_mixin.py:150} INFO - [2024-09-12T06:57:30.487+0000] {dag.py:3504} INFO - Setting next_dagrun for latest_only to 2024-09-12T02:57:30.486881+00:00, run_after=2024-09-12T06:57:30.486881+00:00
[2024-09-12T06:57:30.524+0000] {processor.py:179} INFO - Processing /home/vscode/.local/lib/python3.10/site-packages/airflow/example_dags/example_latest_only.py took 0.069 seconds
[2024-09-12T06:58:13.034+0000] {processor.py:157} INFO - Started process (PID=14920) to work on /home/vscode/.local/lib/python3.10/site-packages/airflow/example_dags/example_latest_only.py
[2024-09-12T06:58:13.034+0000] {processor.py:826} INFO - Processing file /home/vscode/.local/lib/python3.10/site-packages/airflow/example_dags/example_latest_only.py for tasks to queue
[2024-09-12T06:58:13.035+0000] {logging_mixin.py:150} INFO - [2024-09-12T06:58:13.035+0000] {dagbag.py:541} INFO - Filling up the DagBag from /home/vscode/.local/lib/python3.10/site-packages/airflow/example_dags/example_latest_only.py
[2024-09-12T06:58:13.039+0000] {processor.py:836} INFO - DAG(s) dict_keys(['latest_only']) retrieved from /home/vscode/.local/lib/python3.10/site-packages/airflow/example_dags/example_latest_only.py
[2024-09-12T06:58:13.050+0000] {logging_mixin.py:150} INFO - [2024-09-12T06:58:13.050+0000] {dag.py:2742} INFO - Sync 1 DAGs
[2024-09-12T06:58:13.064+0000] {logging_mixin.py:150} INFO - [2024-09-12T06:58:13.064+0000] {dag.py:3504} INFO - Setting next_dagrun for latest_only to 2024-09-12T02:58:13.063842+00:00, run_after=2024-09-12T06:58:13.063842+00:00
[2024-09-12T06:58:13.098+0000] {processor.py:179} INFO - Processing /home/vscode/.local/lib/python3.10/site-packages/airflow/example_dags/example_latest_only.py took 0.067 seconds
[2024-09-12T06:58:55.836+0000] {processor.py:157} INFO - Started process (PID=15206) to work on /home/vscode/.local/lib/python3.10/site-packages/airflow/example_dags/example_latest_only.py
[2024-09-12T06:58:55.836+0000] {processor.py:826} INFO - Processing file /home/vscode/.local/lib/python3.10/site-packages/airflow/example_dags/example_latest_only.py for tasks to queue
[2024-09-12T06:58:55.837+0000] {logging_mixin.py:150} INFO - [2024-09-12T06:58:55.837+0000] {dagbag.py:541} INFO - Filling up the DagBag from /home/vscode/.local/lib/python3.10/site-packages/airflow/example_dags/example_latest_only.py
[2024-09-12T06:58:55.842+0000] {processor.py:836} INFO - DAG(s) dict_keys(['latest_only']) retrieved from /home/vscode/.local/lib/python3.10/site-packages/airflow/example_dags/example_latest_only.py
[2024-09-12T06:58:55.852+0000] {logging_mixin.py:150} INFO - [2024-09-12T06:58:55.852+0000] {dag.py:2742} INFO - Sync 1 DAGs
[2024-09-12T06:58:55.866+0000] {logging_mixin.py:150} INFO - [2024-09-12T06:58:55.866+0000] {dag.py:3504} INFO - Setting next_dagrun for latest_only to 2024-09-12T02:58:55.866480+00:00, run_after=2024-09-12T06:58:55.866480+00:00
[2024-09-12T06:58:55.899+0000] {processor.py:179} INFO - Processing /home/vscode/.local/lib/python3.10/site-packages/airflow/example_dags/example_latest_only.py took 0.066 seconds
[2024-09-12T06:59:39.382+0000] {processor.py:157} INFO - Started process (PID=15507) to work on /home/vscode/.local/lib/python3.10/site-packages/airflow/example_dags/example_latest_only.py
[2024-09-12T06:59:39.382+0000] {processor.py:826} INFO - Processing file /home/vscode/.local/lib/python3.10/site-packages/airflow/example_dags/example_latest_only.py for tasks to queue
[2024-09-12T06:59:39.383+0000] {logging_mixin.py:150} INFO - [2024-09-12T06:59:39.382+0000] {dagbag.py:541} INFO - Filling up the DagBag from /home/vscode/.local/lib/python3.10/site-packages/airflow/example_dags/example_latest_only.py
[2024-09-12T06:59:39.387+0000] {processor.py:836} INFO - DAG(s) dict_keys(['latest_only']) retrieved from /home/vscode/.local/lib/python3.10/site-packages/airflow/example_dags/example_latest_only.py
[2024-09-12T06:59:39.398+0000] {logging_mixin.py:150} INFO - [2024-09-12T06:59:39.398+0000] {dag.py:2742} INFO - Sync 1 DAGs
[2024-09-12T06:59:39.411+0000] {logging_mixin.py:150} INFO - [2024-09-12T06:59:39.411+0000] {dag.py:3504} INFO - Setting next_dagrun for latest_only to 2024-09-12T02:59:39.411602+00:00, run_after=2024-09-12T06:59:39.411602+00:00
[2024-09-12T06:59:39.441+0000] {processor.py:179} INFO - Processing /home/vscode/.local/lib/python3.10/site-packages/airflow/example_dags/example_latest_only.py took 0.061 seconds
[2024-09-12T07:00:23.505+0000] {processor.py:157} INFO - Started process (PID=15795) to work on /home/vscode/.local/lib/python3.10/site-packages/airflow/example_dags/example_latest_only.py
[2024-09-12T07:00:23.505+0000] {processor.py:826} INFO - Processing file /home/vscode/.local/lib/python3.10/site-packages/airflow/example_dags/example_latest_only.py for tasks to queue
[2024-09-12T07:00:23.506+0000] {logging_mixin.py:150} INFO - [2024-09-12T07:00:23.506+0000] {dagbag.py:541} INFO - Filling up the DagBag from /home/vscode/.local/lib/python3.10/site-packages/airflow/example_dags/example_latest_only.py
[2024-09-12T07:00:23.510+0000] {processor.py:836} INFO - DAG(s) dict_keys(['latest_only']) retrieved from /home/vscode/.local/lib/python3.10/site-packages/airflow/example_dags/example_latest_only.py
[2024-09-12T07:00:23.521+0000] {logging_mixin.py:150} INFO - [2024-09-12T07:00:23.521+0000] {dag.py:2742} INFO - Sync 1 DAGs
[2024-09-12T07:00:23.534+0000] {logging_mixin.py:150} INFO - [2024-09-12T07:00:23.534+0000] {dag.py:3504} INFO - Setting next_dagrun for latest_only to 2024-09-12T03:00:23.534664+00:00, run_after=2024-09-12T07:00:23.534664+00:00
[2024-09-12T07:00:23.578+0000] {processor.py:179} INFO - Processing /home/vscode/.local/lib/python3.10/site-packages/airflow/example_dags/example_latest_only.py took 0.076 seconds
[2024-09-12T07:01:09.788+0000] {processor.py:157} INFO - Started process (PID=16112) to work on /home/vscode/.local/lib/python3.10/site-packages/airflow/example_dags/example_latest_only.py
[2024-09-12T07:01:09.789+0000] {processor.py:826} INFO - Processing file /home/vscode/.local/lib/python3.10/site-packages/airflow/example_dags/example_latest_only.py for tasks to queue
[2024-09-12T07:01:09.790+0000] {logging_mixin.py:150} INFO - [2024-09-12T07:01:09.789+0000] {dagbag.py:541} INFO - Filling up the DagBag from /home/vscode/.local/lib/python3.10/site-packages/airflow/example_dags/example_latest_only.py
[2024-09-12T07:01:09.794+0000] {processor.py:836} INFO - DAG(s) dict_keys(['latest_only']) retrieved from /home/vscode/.local/lib/python3.10/site-packages/airflow/example_dags/example_latest_only.py
[2024-09-12T07:01:09.805+0000] {logging_mixin.py:150} INFO - [2024-09-12T07:01:09.805+0000] {dag.py:2742} INFO - Sync 1 DAGs
[2024-09-12T07:01:09.818+0000] {logging_mixin.py:150} INFO - [2024-09-12T07:01:09.818+0000] {dag.py:3504} INFO - Setting next_dagrun for latest_only to 2024-09-12T03:01:09.818566+00:00, run_after=2024-09-12T07:01:09.818566+00:00
[2024-09-12T07:01:09.852+0000] {processor.py:179} INFO - Processing /home/vscode/.local/lib/python3.10/site-packages/airflow/example_dags/example_latest_only.py took 0.066 seconds
[2024-09-12T07:01:52.250+0000] {processor.py:157} INFO - Started process (PID=16403) to work on /home/vscode/.local/lib/python3.10/site-packages/airflow/example_dags/example_latest_only.py
[2024-09-12T07:01:52.251+0000] {processor.py:826} INFO - Processing file /home/vscode/.local/lib/python3.10/site-packages/airflow/example_dags/example_latest_only.py for tasks to queue
[2024-09-12T07:01:52.252+0000] {logging_mixin.py:150} INFO - [2024-09-12T07:01:52.251+0000] {dagbag.py:541} INFO - Filling up the DagBag from /home/vscode/.local/lib/python3.10/site-packages/airflow/example_dags/example_latest_only.py
[2024-09-12T07:01:52.256+0000] {processor.py:836} INFO - DAG(s) dict_keys(['latest_only']) retrieved from /home/vscode/.local/lib/python3.10/site-packages/airflow/example_dags/example_latest_only.py
[2024-09-12T07:01:52.268+0000] {logging_mixin.py:150} INFO - [2024-09-12T07:01:52.268+0000] {dag.py:2742} INFO - Sync 1 DAGs
[2024-09-12T07:01:52.282+0000] {logging_mixin.py:150} INFO - [2024-09-12T07:01:52.282+0000] {dag.py:3504} INFO - Setting next_dagrun for latest_only to 2024-09-12T03:01:52.282250+00:00, run_after=2024-09-12T07:01:52.282250+00:00
[2024-09-12T07:01:52.315+0000] {processor.py:179} INFO - Processing /home/vscode/.local/lib/python3.10/site-packages/airflow/example_dags/example_latest_only.py took 0.067 seconds
[2024-09-12T07:02:46.570+0000] {processor.py:157} INFO - Started process (PID=16769) to work on /home/vscode/.local/lib/python3.10/site-packages/airflow/example_dags/example_latest_only.py
[2024-09-12T07:02:46.571+0000] {processor.py:826} INFO - Processing file /home/vscode/.local/lib/python3.10/site-packages/airflow/example_dags/example_latest_only.py for tasks to queue
[2024-09-12T07:02:46.571+0000] {logging_mixin.py:150} INFO - [2024-09-12T07:02:46.571+0000] {dagbag.py:541} INFO - Filling up the DagBag from /home/vscode/.local/lib/python3.10/site-packages/airflow/example_dags/example_latest_only.py
[2024-09-12T07:02:46.576+0000] {processor.py:836} INFO - DAG(s) dict_keys(['latest_only']) retrieved from /home/vscode/.local/lib/python3.10/site-packages/airflow/example_dags/example_latest_only.py
[2024-09-12T07:02:46.586+0000] {logging_mixin.py:150} INFO - [2024-09-12T07:02:46.586+0000] {dag.py:2742} INFO - Sync 1 DAGs
[2024-09-12T07:02:46.600+0000] {logging_mixin.py:150} INFO - [2024-09-12T07:02:46.600+0000] {dag.py:3504} INFO - Setting next_dagrun for latest_only to 2024-09-12T03:02:46.600277+00:00, run_after=2024-09-12T07:02:46.600277+00:00
[2024-09-12T07:02:46.641+0000] {processor.py:179} INFO - Processing /home/vscode/.local/lib/python3.10/site-packages/airflow/example_dags/example_latest_only.py took 0.073 seconds
[2024-09-12T07:03:35.469+0000] {processor.py:157} INFO - Started process (PID=17117) to work on /home/vscode/.local/lib/python3.10/site-packages/airflow/example_dags/example_latest_only.py
[2024-09-12T07:03:35.470+0000] {processor.py:826} INFO - Processing file /home/vscode/.local/lib/python3.10/site-packages/airflow/example_dags/example_latest_only.py for tasks to queue
[2024-09-12T07:03:35.470+0000] {logging_mixin.py:150} INFO - [2024-09-12T07:03:35.470+0000] {dagbag.py:541} INFO - Filling up the DagBag from /home/vscode/.local/lib/python3.10/site-packages/airflow/example_dags/example_latest_only.py
[2024-09-12T07:03:35.475+0000] {processor.py:836} INFO - DAG(s) dict_keys(['latest_only']) retrieved from /home/vscode/.local/lib/python3.10/site-packages/airflow/example_dags/example_latest_only.py
[2024-09-12T07:03:35.485+0000] {logging_mixin.py:150} INFO - [2024-09-12T07:03:35.485+0000] {dag.py:2742} INFO - Sync 1 DAGs
[2024-09-12T07:03:35.499+0000] {logging_mixin.py:150} INFO - [2024-09-12T07:03:35.499+0000] {dag.py:3504} INFO - Setting next_dagrun for latest_only to 2024-09-12T03:03:35.498870+00:00, run_after=2024-09-12T07:03:35.498870+00:00
[2024-09-12T07:03:35.537+0000] {processor.py:179} INFO - Processing /home/vscode/.local/lib/python3.10/site-packages/airflow/example_dags/example_latest_only.py took 0.070 seconds
[2024-09-12T07:04:25.428+0000] {processor.py:157} INFO - Started process (PID=17509) to work on /home/vscode/.local/lib/python3.10/site-packages/airflow/example_dags/example_latest_only.py
[2024-09-12T07:04:25.429+0000] {processor.py:826} INFO - Processing file /home/vscode/.local/lib/python3.10/site-packages/airflow/example_dags/example_latest_only.py for tasks to queue
[2024-09-12T07:04:25.430+0000] {logging_mixin.py:150} INFO - [2024-09-12T07:04:25.429+0000] {dagbag.py:541} INFO - Filling up the DagBag from /home/vscode/.local/lib/python3.10/site-packages/airflow/example_dags/example_latest_only.py
[2024-09-12T07:04:25.435+0000] {processor.py:836} INFO - DAG(s) dict_keys(['latest_only']) retrieved from /home/vscode/.local/lib/python3.10/site-packages/airflow/example_dags/example_latest_only.py
[2024-09-12T07:04:25.452+0000] {logging_mixin.py:150} INFO - [2024-09-12T07:04:25.452+0000] {dag.py:2742} INFO - Sync 1 DAGs
[2024-09-12T07:04:25.475+0000] {logging_mixin.py:150} INFO - [2024-09-12T07:04:25.474+0000] {dag.py:3504} INFO - Setting next_dagrun for latest_only to 2024-09-12T03:04:25.473568+00:00, run_after=2024-09-12T07:04:25.473568+00:00
[2024-09-12T07:04:25.514+0000] {processor.py:179} INFO - Processing /home/vscode/.local/lib/python3.10/site-packages/airflow/example_dags/example_latest_only.py took 0.088 seconds
[2024-09-12T07:05:09.167+0000] {processor.py:157} INFO - Started process (PID=17818) to work on /home/vscode/.local/lib/python3.10/site-packages/airflow/example_dags/example_latest_only.py
[2024-09-12T07:05:09.168+0000] {processor.py:826} INFO - Processing file /home/vscode/.local/lib/python3.10/site-packages/airflow/example_dags/example_latest_only.py for tasks to queue
[2024-09-12T07:05:09.169+0000] {logging_mixin.py:150} INFO - [2024-09-12T07:05:09.168+0000] {dagbag.py:541} INFO - Filling up the DagBag from /home/vscode/.local/lib/python3.10/site-packages/airflow/example_dags/example_latest_only.py
[2024-09-12T07:05:09.173+0000] {processor.py:836} INFO - DAG(s) dict_keys(['latest_only']) retrieved from /home/vscode/.local/lib/python3.10/site-packages/airflow/example_dags/example_latest_only.py
[2024-09-12T07:05:09.185+0000] {logging_mixin.py:150} INFO - [2024-09-12T07:05:09.185+0000] {dag.py:2742} INFO - Sync 1 DAGs
[2024-09-12T07:05:09.200+0000] {logging_mixin.py:150} INFO - [2024-09-12T07:05:09.200+0000] {dag.py:3504} INFO - Setting next_dagrun for latest_only to 2024-09-12T03:05:09.200476+00:00, run_after=2024-09-12T07:05:09.200476+00:00
[2024-09-12T07:05:09.236+0000] {processor.py:179} INFO - Processing /home/vscode/.local/lib/python3.10/site-packages/airflow/example_dags/example_latest_only.py took 0.072 seconds
[2024-09-12T07:05:54.135+0000] {processor.py:157} INFO - Started process (PID=18252) to work on /home/vscode/.local/lib/python3.10/site-packages/airflow/example_dags/example_latest_only.py
[2024-09-12T07:05:54.135+0000] {processor.py:826} INFO - Processing file /home/vscode/.local/lib/python3.10/site-packages/airflow/example_dags/example_latest_only.py for tasks to queue
[2024-09-12T07:05:54.136+0000] {logging_mixin.py:150} INFO - [2024-09-12T07:05:54.136+0000] {dagbag.py:541} INFO - Filling up the DagBag from /home/vscode/.local/lib/python3.10/site-packages/airflow/example_dags/example_latest_only.py
[2024-09-12T07:05:54.141+0000] {processor.py:836} INFO - DAG(s) dict_keys(['latest_only']) retrieved from /home/vscode/.local/lib/python3.10/site-packages/airflow/example_dags/example_latest_only.py
[2024-09-12T07:05:54.151+0000] {logging_mixin.py:150} INFO - [2024-09-12T07:05:54.151+0000] {dag.py:2742} INFO - Sync 1 DAGs
[2024-09-12T07:05:54.165+0000] {logging_mixin.py:150} INFO - [2024-09-12T07:05:54.165+0000] {dag.py:3504} INFO - Setting next_dagrun for latest_only to 2024-09-12T03:05:54.165140+00:00, run_after=2024-09-12T07:05:54.165140+00:00
[2024-09-12T07:05:54.212+0000] {processor.py:179} INFO - Processing /home/vscode/.local/lib/python3.10/site-packages/airflow/example_dags/example_latest_only.py took 0.080 seconds
[2024-09-12T07:06:39.277+0000] {processor.py:157} INFO - Started process (PID=18606) to work on /home/vscode/.local/lib/python3.10/site-packages/airflow/example_dags/example_latest_only.py
[2024-09-12T07:06:39.278+0000] {processor.py:826} INFO - Processing file /home/vscode/.local/lib/python3.10/site-packages/airflow/example_dags/example_latest_only.py for tasks to queue
[2024-09-12T07:06:39.279+0000] {logging_mixin.py:150} INFO - [2024-09-12T07:06:39.278+0000] {dagbag.py:541} INFO - Filling up the DagBag from /home/vscode/.local/lib/python3.10/site-packages/airflow/example_dags/example_latest_only.py
[2024-09-12T07:06:39.283+0000] {processor.py:836} INFO - DAG(s) dict_keys(['latest_only']) retrieved from /home/vscode/.local/lib/python3.10/site-packages/airflow/example_dags/example_latest_only.py
[2024-09-12T07:06:39.294+0000] {logging_mixin.py:150} INFO - [2024-09-12T07:06:39.294+0000] {dag.py:2742} INFO - Sync 1 DAGs
[2024-09-12T07:06:39.308+0000] {logging_mixin.py:150} INFO - [2024-09-12T07:06:39.308+0000] {dag.py:3504} INFO - Setting next_dagrun for latest_only to 2024-09-12T03:06:39.308414+00:00, run_after=2024-09-12T07:06:39.308414+00:00
[2024-09-12T07:06:39.343+0000] {processor.py:179} INFO - Processing /home/vscode/.local/lib/python3.10/site-packages/airflow/example_dags/example_latest_only.py took 0.068 seconds
[2024-09-12T07:07:23.284+0000] {processor.py:157} INFO - Started process (PID=18903) to work on /home/vscode/.local/lib/python3.10/site-packages/airflow/example_dags/example_latest_only.py
[2024-09-12T07:07:23.284+0000] {processor.py:826} INFO - Processing file /home/vscode/.local/lib/python3.10/site-packages/airflow/example_dags/example_latest_only.py for tasks to queue
[2024-09-12T07:07:23.285+0000] {logging_mixin.py:150} INFO - [2024-09-12T07:07:23.285+0000] {dagbag.py:541} INFO - Filling up the DagBag from /home/vscode/.local/lib/python3.10/site-packages/airflow/example_dags/example_latest_only.py
[2024-09-12T07:07:23.289+0000] {processor.py:836} INFO - DAG(s) dict_keys(['latest_only']) retrieved from /home/vscode/.local/lib/python3.10/site-packages/airflow/example_dags/example_latest_only.py
[2024-09-12T07:07:23.300+0000] {logging_mixin.py:150} INFO - [2024-09-12T07:07:23.300+0000] {dag.py:2742} INFO - Sync 1 DAGs
[2024-09-12T07:07:23.314+0000] {logging_mixin.py:150} INFO - [2024-09-12T07:07:23.314+0000] {dag.py:3504} INFO - Setting next_dagrun for latest_only to 2024-09-12T03:07:23.314116+00:00, run_after=2024-09-12T07:07:23.314116+00:00
[2024-09-12T07:07:23.354+0000] {processor.py:179} INFO - Processing /home/vscode/.local/lib/python3.10/site-packages/airflow/example_dags/example_latest_only.py took 0.073 seconds
[2024-09-12T07:08:07.971+0000] {processor.py:157} INFO - Started process (PID=19222) to work on /home/vscode/.local/lib/python3.10/site-packages/airflow/example_dags/example_latest_only.py
[2024-09-12T07:08:07.972+0000] {processor.py:826} INFO - Processing file /home/vscode/.local/lib/python3.10/site-packages/airflow/example_dags/example_latest_only.py for tasks to queue
[2024-09-12T07:08:07.972+0000] {logging_mixin.py:150} INFO - [2024-09-12T07:08:07.972+0000] {dagbag.py:541} INFO - Filling up the DagBag from /home/vscode/.local/lib/python3.10/site-packages/airflow/example_dags/example_latest_only.py
[2024-09-12T07:08:07.977+0000] {processor.py:836} INFO - DAG(s) dict_keys(['latest_only']) retrieved from /home/vscode/.local/lib/python3.10/site-packages/airflow/example_dags/example_latest_only.py
[2024-09-12T07:08:07.987+0000] {logging_mixin.py:150} INFO - [2024-09-12T07:08:07.987+0000] {dag.py:2742} INFO - Sync 1 DAGs
[2024-09-12T07:08:08.001+0000] {logging_mixin.py:150} INFO - [2024-09-12T07:08:08.001+0000] {dag.py:3504} INFO - Setting next_dagrun for latest_only to 2024-09-12T03:08:08.001262+00:00, run_after=2024-09-12T07:08:08.001262+00:00
[2024-09-12T07:08:08.036+0000] {processor.py:179} INFO - Processing /home/vscode/.local/lib/python3.10/site-packages/airflow/example_dags/example_latest_only.py took 0.067 seconds
[2024-09-12T07:08:51.140+0000] {processor.py:157} INFO - Started process (PID=19601) to work on /home/vscode/.local/lib/python3.10/site-packages/airflow/example_dags/example_latest_only.py
[2024-09-12T07:08:51.141+0000] {processor.py:826} INFO - Processing file /home/vscode/.local/lib/python3.10/site-packages/airflow/example_dags/example_latest_only.py for tasks to queue
[2024-09-12T07:08:51.141+0000] {logging_mixin.py:150} INFO - [2024-09-12T07:08:51.141+0000] {dagbag.py:541} INFO - Filling up the DagBag from /home/vscode/.local/lib/python3.10/site-packages/airflow/example_dags/example_latest_only.py
[2024-09-12T07:08:51.146+0000] {processor.py:836} INFO - DAG(s) dict_keys(['latest_only']) retrieved from /home/vscode/.local/lib/python3.10/site-packages/airflow/example_dags/example_latest_only.py
[2024-09-12T07:08:51.157+0000] {logging_mixin.py:150} INFO - [2024-09-12T07:08:51.157+0000] {dag.py:2742} INFO - Sync 1 DAGs
[2024-09-12T07:08:51.171+0000] {logging_mixin.py:150} INFO - [2024-09-12T07:08:51.171+0000] {dag.py:3504} INFO - Setting next_dagrun for latest_only to 2024-09-12T03:08:51.170943+00:00, run_after=2024-09-12T07:08:51.170943+00:00
[2024-09-12T07:08:51.208+0000] {processor.py:179} INFO - Processing /home/vscode/.local/lib/python3.10/site-packages/airflow/example_dags/example_latest_only.py took 0.070 seconds
[2024-09-12T07:09:37.284+0000] {processor.py:157} INFO - Started process (PID=19922) to work on /home/vscode/.local/lib/python3.10/site-packages/airflow/example_dags/example_latest_only.py
[2024-09-12T07:09:37.285+0000] {processor.py:826} INFO - Processing file /home/vscode/.local/lib/python3.10/site-packages/airflow/example_dags/example_latest_only.py for tasks to queue
[2024-09-12T07:09:37.285+0000] {logging_mixin.py:150} INFO - [2024-09-12T07:09:37.285+0000] {dagbag.py:541} INFO - Filling up the DagBag from /home/vscode/.local/lib/python3.10/site-packages/airflow/example_dags/example_latest_only.py
[2024-09-12T07:09:37.290+0000] {processor.py:836} INFO - DAG(s) dict_keys(['latest_only']) retrieved from /home/vscode/.local/lib/python3.10/site-packages/airflow/example_dags/example_latest_only.py
[2024-09-12T07:09:37.300+0000] {logging_mixin.py:150} INFO - [2024-09-12T07:09:37.300+0000] {dag.py:2742} INFO - Sync 1 DAGs
[2024-09-12T07:09:37.315+0000] {logging_mixin.py:150} INFO - [2024-09-12T07:09:37.315+0000] {dag.py:3504} INFO - Setting next_dagrun for latest_only to 2024-09-12T03:09:37.314979+00:00, run_after=2024-09-12T07:09:37.314979+00:00
[2024-09-12T07:09:37.344+0000] {processor.py:179} INFO - Processing /home/vscode/.local/lib/python3.10/site-packages/airflow/example_dags/example_latest_only.py took 0.062 seconds
