[2024-09-12T06:40:11.173+0000] {processor.py:157} INFO - Started process (PID=7652) to work on /home/vscode/.local/lib/python3.10/site-packages/airflow/example_dags/example_branch_datetime_operator.py
[2024-09-12T06:40:11.174+0000] {processor.py:826} INFO - Processing file /home/vscode/.local/lib/python3.10/site-packages/airflow/example_dags/example_branch_datetime_operator.py for tasks to queue
[2024-09-12T06:40:11.174+0000] {logging_mixin.py:150} INFO - [2024-09-12T06:40:11.174+0000] {dagbag.py:541} INFO - Filling up the DagBag from /home/vscode/.local/lib/python3.10/site-packages/airflow/example_dags/example_branch_datetime_operator.py
[2024-09-12T06:40:11.182+0000] {processor.py:836} INFO - DAG(s) dict_keys(['example_branch_datetime_operator_3', 'example_branch_datetime_operator', 'example_branch_datetime_operator_2']) retrieved from /home/vscode/.local/lib/python3.10/site-packages/airflow/example_dags/example_branch_datetime_operator.py
[2024-09-12T06:40:11.291+0000] {logging_mixin.py:150} INFO - [2024-09-12T06:40:11.290+0000] {manager.py:504} INFO - Created Permission View: can delete on DAG:example_branch_datetime_operator_3
[2024-09-12T06:40:11.333+0000] {logging_mixin.py:150} INFO - [2024-09-12T06:40:11.333+0000] {manager.py:504} INFO - Created Permission View: can read on DAG:example_branch_datetime_operator_3
[2024-09-12T06:40:11.358+0000] {logging_mixin.py:150} INFO - [2024-09-12T06:40:11.358+0000] {manager.py:504} INFO - Created Permission View: can edit on DAG:example_branch_datetime_operator_3
[2024-09-12T06:40:11.449+0000] {logging_mixin.py:150} INFO - [2024-09-12T06:40:11.448+0000] {manager.py:504} INFO - Created Permission View: can delete on DAG:example_branch_datetime_operator
[2024-09-12T06:40:11.492+0000] {logging_mixin.py:150} INFO - [2024-09-12T06:40:11.492+0000] {manager.py:504} INFO - Created Permission View: can read on DAG:example_branch_datetime_operator
[2024-09-12T06:40:11.515+0000] {logging_mixin.py:150} INFO - [2024-09-12T06:40:11.514+0000] {manager.py:504} INFO - Created Permission View: can edit on DAG:example_branch_datetime_operator
[2024-09-12T06:40:11.575+0000] {logging_mixin.py:150} INFO - [2024-09-12T06:40:11.575+0000] {manager.py:504} INFO - Created Permission View: can delete on DAG:example_branch_datetime_operator_2
[2024-09-12T06:40:11.596+0000] {logging_mixin.py:150} INFO - [2024-09-12T06:40:11.596+0000] {manager.py:504} INFO - Created Permission View: can read on DAG:example_branch_datetime_operator_2
[2024-09-12T06:40:11.620+0000] {logging_mixin.py:150} INFO - [2024-09-12T06:40:11.620+0000] {manager.py:504} INFO - Created Permission View: can edit on DAG:example_branch_datetime_operator_2
[2024-09-12T06:40:11.623+0000] {logging_mixin.py:150} INFO - [2024-09-12T06:40:11.623+0000] {dag.py:2742} INFO - Sync 3 DAGs
[2024-09-12T06:40:11.630+0000] {logging_mixin.py:150} INFO - [2024-09-12T06:40:11.630+0000] {dag.py:2763} INFO - Creating ORM DAG for example_branch_datetime_operator
[2024-09-12T06:40:11.630+0000] {logging_mixin.py:150} INFO - [2024-09-12T06:40:11.630+0000] {dag.py:2763} INFO - Creating ORM DAG for example_branch_datetime_operator_2
[2024-09-12T06:40:11.631+0000] {logging_mixin.py:150} INFO - [2024-09-12T06:40:11.631+0000] {dag.py:2763} INFO - Creating ORM DAG for example_branch_datetime_operator_3
[2024-09-12T06:40:11.639+0000] {logging_mixin.py:150} INFO - [2024-09-12T06:40:11.639+0000] {dag.py:3504} INFO - Setting next_dagrun for example_branch_datetime_operator to 2024-09-11T00:00:00+00:00, run_after=2024-09-12T00:00:00+00:00
[2024-09-12T06:40:11.640+0000] {logging_mixin.py:150} INFO - [2024-09-12T06:40:11.640+0000] {dag.py:3504} INFO - Setting next_dagrun for example_branch_datetime_operator_2 to 2024-09-11T00:00:00+00:00, run_after=2024-09-12T00:00:00+00:00
[2024-09-12T06:40:11.642+0000] {logging_mixin.py:150} INFO - [2024-09-12T06:40:11.641+0000] {dag.py:3504} INFO - Setting next_dagrun for example_branch_datetime_operator_3 to 2024-09-11T00:00:00+00:00, run_after=2024-09-12T00:00:00+00:00
[2024-09-12T06:40:11.719+0000] {processor.py:179} INFO - Processing /home/vscode/.local/lib/python3.10/site-packages/airflow/example_dags/example_branch_datetime_operator.py took 0.548 seconds
[2024-09-12T06:41:10.699+0000] {processor.py:157} INFO - Started process (PID=8048) to work on /home/vscode/.local/lib/python3.10/site-packages/airflow/example_dags/example_branch_datetime_operator.py
[2024-09-12T06:41:10.700+0000] {processor.py:826} INFO - Processing file /home/vscode/.local/lib/python3.10/site-packages/airflow/example_dags/example_branch_datetime_operator.py for tasks to queue
[2024-09-12T06:41:10.700+0000] {logging_mixin.py:150} INFO - [2024-09-12T06:41:10.700+0000] {dagbag.py:541} INFO - Filling up the DagBag from /home/vscode/.local/lib/python3.10/site-packages/airflow/example_dags/example_branch_datetime_operator.py
[2024-09-12T06:41:10.707+0000] {processor.py:836} INFO - DAG(s) dict_keys(['example_branch_datetime_operator_3', 'example_branch_datetime_operator', 'example_branch_datetime_operator_2']) retrieved from /home/vscode/.local/lib/python3.10/site-packages/airflow/example_dags/example_branch_datetime_operator.py
[2024-09-12T06:41:10.724+0000] {logging_mixin.py:150} INFO - [2024-09-12T06:41:10.723+0000] {dag.py:2742} INFO - Sync 3 DAGs
[2024-09-12T06:41:10.738+0000] {logging_mixin.py:150} INFO - [2024-09-12T06:41:10.738+0000] {dag.py:3504} INFO - Setting next_dagrun for example_branch_datetime_operator to 2024-09-11T00:00:00+00:00, run_after=2024-09-12T00:00:00+00:00
[2024-09-12T06:41:10.741+0000] {logging_mixin.py:150} INFO - [2024-09-12T06:41:10.741+0000] {dag.py:3504} INFO - Setting next_dagrun for example_branch_datetime_operator_2 to 2024-09-11T00:00:00+00:00, run_after=2024-09-12T00:00:00+00:00
[2024-09-12T06:41:10.743+0000] {logging_mixin.py:150} INFO - [2024-09-12T06:41:10.743+0000] {dag.py:3504} INFO - Setting next_dagrun for example_branch_datetime_operator_3 to 2024-09-11T00:00:00+00:00, run_after=2024-09-12T00:00:00+00:00
[2024-09-12T06:41:10.787+0000] {processor.py:179} INFO - Processing /home/vscode/.local/lib/python3.10/site-packages/airflow/example_dags/example_branch_datetime_operator.py took 0.090 seconds
[2024-09-12T06:42:06.627+0000] {processor.py:157} INFO - Started process (PID=8423) to work on /home/vscode/.local/lib/python3.10/site-packages/airflow/example_dags/example_branch_datetime_operator.py
[2024-09-12T06:42:06.627+0000] {processor.py:826} INFO - Processing file /home/vscode/.local/lib/python3.10/site-packages/airflow/example_dags/example_branch_datetime_operator.py for tasks to queue
[2024-09-12T06:42:06.628+0000] {logging_mixin.py:150} INFO - [2024-09-12T06:42:06.628+0000] {dagbag.py:541} INFO - Filling up the DagBag from /home/vscode/.local/lib/python3.10/site-packages/airflow/example_dags/example_branch_datetime_operator.py
[2024-09-12T06:42:06.635+0000] {processor.py:836} INFO - DAG(s) dict_keys(['example_branch_datetime_operator_2', 'example_branch_datetime_operator', 'example_branch_datetime_operator_3']) retrieved from /home/vscode/.local/lib/python3.10/site-packages/airflow/example_dags/example_branch_datetime_operator.py
[2024-09-12T06:42:06.651+0000] {logging_mixin.py:150} INFO - [2024-09-12T06:42:06.651+0000] {dag.py:2742} INFO - Sync 3 DAGs
[2024-09-12T06:42:06.667+0000] {logging_mixin.py:150} INFO - [2024-09-12T06:42:06.667+0000] {dag.py:3504} INFO - Setting next_dagrun for example_branch_datetime_operator to 2024-09-11T00:00:00+00:00, run_after=2024-09-12T00:00:00+00:00
[2024-09-12T06:42:06.670+0000] {logging_mixin.py:150} INFO - [2024-09-12T06:42:06.670+0000] {dag.py:3504} INFO - Setting next_dagrun for example_branch_datetime_operator_2 to 2024-09-11T00:00:00+00:00, run_after=2024-09-12T00:00:00+00:00
[2024-09-12T06:42:06.671+0000] {logging_mixin.py:150} INFO - [2024-09-12T06:42:06.671+0000] {dag.py:3504} INFO - Setting next_dagrun for example_branch_datetime_operator_3 to 2024-09-11T00:00:00+00:00, run_after=2024-09-12T00:00:00+00:00
[2024-09-12T06:42:06.702+0000] {processor.py:179} INFO - Processing /home/vscode/.local/lib/python3.10/site-packages/airflow/example_dags/example_branch_datetime_operator.py took 0.078 seconds
[2024-09-12T06:42:54.446+0000] {processor.py:157} INFO - Started process (PID=8745) to work on /home/vscode/.local/lib/python3.10/site-packages/airflow/example_dags/example_branch_datetime_operator.py
[2024-09-12T06:42:54.447+0000] {processor.py:826} INFO - Processing file /home/vscode/.local/lib/python3.10/site-packages/airflow/example_dags/example_branch_datetime_operator.py for tasks to queue
[2024-09-12T06:42:54.447+0000] {logging_mixin.py:150} INFO - [2024-09-12T06:42:54.447+0000] {dagbag.py:541} INFO - Filling up the DagBag from /home/vscode/.local/lib/python3.10/site-packages/airflow/example_dags/example_branch_datetime_operator.py
[2024-09-12T06:42:54.454+0000] {processor.py:836} INFO - DAG(s) dict_keys(['example_branch_datetime_operator', 'example_branch_datetime_operator_2', 'example_branch_datetime_operator_3']) retrieved from /home/vscode/.local/lib/python3.10/site-packages/airflow/example_dags/example_branch_datetime_operator.py
[2024-09-12T06:42:54.471+0000] {logging_mixin.py:150} INFO - [2024-09-12T06:42:54.471+0000] {dag.py:2742} INFO - Sync 3 DAGs
[2024-09-12T06:42:54.486+0000] {logging_mixin.py:150} INFO - [2024-09-12T06:42:54.485+0000] {dag.py:3504} INFO - Setting next_dagrun for example_branch_datetime_operator to 2024-09-11T00:00:00+00:00, run_after=2024-09-12T00:00:00+00:00
[2024-09-12T06:42:54.489+0000] {logging_mixin.py:150} INFO - [2024-09-12T06:42:54.489+0000] {dag.py:3504} INFO - Setting next_dagrun for example_branch_datetime_operator_2 to 2024-09-11T00:00:00+00:00, run_after=2024-09-12T00:00:00+00:00
[2024-09-12T06:42:54.490+0000] {logging_mixin.py:150} INFO - [2024-09-12T06:42:54.490+0000] {dag.py:3504} INFO - Setting next_dagrun for example_branch_datetime_operator_3 to 2024-09-11T00:00:00+00:00, run_after=2024-09-12T00:00:00+00:00
[2024-09-12T06:42:54.523+0000] {processor.py:179} INFO - Processing /home/vscode/.local/lib/python3.10/site-packages/airflow/example_dags/example_branch_datetime_operator.py took 0.080 seconds
[2024-09-12T06:43:38.500+0000] {processor.py:157} INFO - Started process (PID=9041) to work on /home/vscode/.local/lib/python3.10/site-packages/airflow/example_dags/example_branch_datetime_operator.py
[2024-09-12T06:43:38.500+0000] {processor.py:826} INFO - Processing file /home/vscode/.local/lib/python3.10/site-packages/airflow/example_dags/example_branch_datetime_operator.py for tasks to queue
[2024-09-12T06:43:38.501+0000] {logging_mixin.py:150} INFO - [2024-09-12T06:43:38.501+0000] {dagbag.py:541} INFO - Filling up the DagBag from /home/vscode/.local/lib/python3.10/site-packages/airflow/example_dags/example_branch_datetime_operator.py
[2024-09-12T06:43:38.508+0000] {processor.py:836} INFO - DAG(s) dict_keys(['example_branch_datetime_operator_3', 'example_branch_datetime_operator', 'example_branch_datetime_operator_2']) retrieved from /home/vscode/.local/lib/python3.10/site-packages/airflow/example_dags/example_branch_datetime_operator.py
[2024-09-12T06:43:38.524+0000] {logging_mixin.py:150} INFO - [2024-09-12T06:43:38.524+0000] {dag.py:2742} INFO - Sync 3 DAGs
[2024-09-12T06:43:38.538+0000] {logging_mixin.py:150} INFO - [2024-09-12T06:43:38.538+0000] {dag.py:3504} INFO - Setting next_dagrun for example_branch_datetime_operator to 2024-09-11T00:00:00+00:00, run_after=2024-09-12T00:00:00+00:00
[2024-09-12T06:43:38.541+0000] {logging_mixin.py:150} INFO - [2024-09-12T06:43:38.541+0000] {dag.py:3504} INFO - Setting next_dagrun for example_branch_datetime_operator_2 to 2024-09-11T00:00:00+00:00, run_after=2024-09-12T00:00:00+00:00
[2024-09-12T06:43:38.543+0000] {logging_mixin.py:150} INFO - [2024-09-12T06:43:38.543+0000] {dag.py:3504} INFO - Setting next_dagrun for example_branch_datetime_operator_3 to 2024-09-11T00:00:00+00:00, run_after=2024-09-12T00:00:00+00:00
[2024-09-12T06:43:38.590+0000] {processor.py:179} INFO - Processing /home/vscode/.local/lib/python3.10/site-packages/airflow/example_dags/example_branch_datetime_operator.py took 0.093 seconds
[2024-09-12T06:44:32.261+0000] {processor.py:157} INFO - Started process (PID=9408) to work on /home/vscode/.local/lib/python3.10/site-packages/airflow/example_dags/example_branch_datetime_operator.py
[2024-09-12T06:44:32.262+0000] {processor.py:826} INFO - Processing file /home/vscode/.local/lib/python3.10/site-packages/airflow/example_dags/example_branch_datetime_operator.py for tasks to queue
[2024-09-12T06:44:32.262+0000] {logging_mixin.py:150} INFO - [2024-09-12T06:44:32.262+0000] {dagbag.py:541} INFO - Filling up the DagBag from /home/vscode/.local/lib/python3.10/site-packages/airflow/example_dags/example_branch_datetime_operator.py
[2024-09-12T06:44:32.269+0000] {processor.py:836} INFO - DAG(s) dict_keys(['example_branch_datetime_operator', 'example_branch_datetime_operator_2', 'example_branch_datetime_operator_3']) retrieved from /home/vscode/.local/lib/python3.10/site-packages/airflow/example_dags/example_branch_datetime_operator.py
[2024-09-12T06:44:32.290+0000] {logging_mixin.py:150} INFO - [2024-09-12T06:44:32.290+0000] {dag.py:2742} INFO - Sync 3 DAGs
[2024-09-12T06:44:32.312+0000] {logging_mixin.py:150} INFO - [2024-09-12T06:44:32.312+0000] {dag.py:3504} INFO - Setting next_dagrun for example_branch_datetime_operator to 2024-09-11T00:00:00+00:00, run_after=2024-09-12T00:00:00+00:00
[2024-09-12T06:44:32.317+0000] {logging_mixin.py:150} INFO - [2024-09-12T06:44:32.317+0000] {dag.py:3504} INFO - Setting next_dagrun for example_branch_datetime_operator_2 to 2024-09-11T00:00:00+00:00, run_after=2024-09-12T00:00:00+00:00
[2024-09-12T06:44:32.319+0000] {logging_mixin.py:150} INFO - [2024-09-12T06:44:32.319+0000] {dag.py:3504} INFO - Setting next_dagrun for example_branch_datetime_operator_3 to 2024-09-11T00:00:00+00:00, run_after=2024-09-12T00:00:00+00:00
[2024-09-12T06:44:32.357+0000] {processor.py:179} INFO - Processing /home/vscode/.local/lib/python3.10/site-packages/airflow/example_dags/example_branch_datetime_operator.py took 0.098 seconds
[2024-09-12T06:45:30.963+0000] {processor.py:157} INFO - Started process (PID=9799) to work on /home/vscode/.local/lib/python3.10/site-packages/airflow/example_dags/example_branch_datetime_operator.py
[2024-09-12T06:45:30.964+0000] {processor.py:826} INFO - Processing file /home/vscode/.local/lib/python3.10/site-packages/airflow/example_dags/example_branch_datetime_operator.py for tasks to queue
[2024-09-12T06:45:30.964+0000] {logging_mixin.py:150} INFO - [2024-09-12T06:45:30.964+0000] {dagbag.py:541} INFO - Filling up the DagBag from /home/vscode/.local/lib/python3.10/site-packages/airflow/example_dags/example_branch_datetime_operator.py
[2024-09-12T06:45:30.972+0000] {processor.py:836} INFO - DAG(s) dict_keys(['example_branch_datetime_operator', 'example_branch_datetime_operator_3', 'example_branch_datetime_operator_2']) retrieved from /home/vscode/.local/lib/python3.10/site-packages/airflow/example_dags/example_branch_datetime_operator.py
[2024-09-12T06:45:30.988+0000] {logging_mixin.py:150} INFO - [2024-09-12T06:45:30.988+0000] {dag.py:2742} INFO - Sync 3 DAGs
[2024-09-12T06:45:31.004+0000] {logging_mixin.py:150} INFO - [2024-09-12T06:45:31.004+0000] {dag.py:3504} INFO - Setting next_dagrun for example_branch_datetime_operator to 2024-09-11T00:00:00+00:00, run_after=2024-09-12T00:00:00+00:00
[2024-09-12T06:45:31.007+0000] {logging_mixin.py:150} INFO - [2024-09-12T06:45:31.007+0000] {dag.py:3504} INFO - Setting next_dagrun for example_branch_datetime_operator_2 to 2024-09-11T00:00:00+00:00, run_after=2024-09-12T00:00:00+00:00
[2024-09-12T06:45:31.009+0000] {logging_mixin.py:150} INFO - [2024-09-12T06:45:31.009+0000] {dag.py:3504} INFO - Setting next_dagrun for example_branch_datetime_operator_3 to 2024-09-11T00:00:00+00:00, run_after=2024-09-12T00:00:00+00:00
[2024-09-12T06:45:31.058+0000] {processor.py:179} INFO - Processing /home/vscode/.local/lib/python3.10/site-packages/airflow/example_dags/example_branch_datetime_operator.py took 0.097 seconds
[2024-09-12T06:46:16.400+0000] {processor.py:157} INFO - Started process (PID=10102) to work on /home/vscode/.local/lib/python3.10/site-packages/airflow/example_dags/example_branch_datetime_operator.py
[2024-09-12T06:46:16.401+0000] {processor.py:826} INFO - Processing file /home/vscode/.local/lib/python3.10/site-packages/airflow/example_dags/example_branch_datetime_operator.py for tasks to queue
[2024-09-12T06:46:16.402+0000] {logging_mixin.py:150} INFO - [2024-09-12T06:46:16.401+0000] {dagbag.py:541} INFO - Filling up the DagBag from /home/vscode/.local/lib/python3.10/site-packages/airflow/example_dags/example_branch_datetime_operator.py
[2024-09-12T06:46:16.409+0000] {processor.py:836} INFO - DAG(s) dict_keys(['example_branch_datetime_operator_3', 'example_branch_datetime_operator_2', 'example_branch_datetime_operator']) retrieved from /home/vscode/.local/lib/python3.10/site-packages/airflow/example_dags/example_branch_datetime_operator.py
[2024-09-12T06:46:16.430+0000] {logging_mixin.py:150} INFO - [2024-09-12T06:46:16.430+0000] {dag.py:2742} INFO - Sync 3 DAGs
[2024-09-12T06:46:16.445+0000] {logging_mixin.py:150} INFO - [2024-09-12T06:46:16.445+0000] {dag.py:3504} INFO - Setting next_dagrun for example_branch_datetime_operator to 2024-09-11T00:00:00+00:00, run_after=2024-09-12T00:00:00+00:00
[2024-09-12T06:46:16.448+0000] {logging_mixin.py:150} INFO - [2024-09-12T06:46:16.448+0000] {dag.py:3504} INFO - Setting next_dagrun for example_branch_datetime_operator_2 to 2024-09-11T00:00:00+00:00, run_after=2024-09-12T00:00:00+00:00
[2024-09-12T06:46:16.450+0000] {logging_mixin.py:150} INFO - [2024-09-12T06:46:16.450+0000] {dag.py:3504} INFO - Setting next_dagrun for example_branch_datetime_operator_3 to 2024-09-11T00:00:00+00:00, run_after=2024-09-12T00:00:00+00:00
[2024-09-12T06:46:16.480+0000] {processor.py:179} INFO - Processing /home/vscode/.local/lib/python3.10/site-packages/airflow/example_dags/example_branch_datetime_operator.py took 0.082 seconds
[2024-09-12T06:47:02.508+0000] {processor.py:157} INFO - Started process (PID=10418) to work on /home/vscode/.local/lib/python3.10/site-packages/airflow/example_dags/example_branch_datetime_operator.py
[2024-09-12T06:47:02.509+0000] {processor.py:826} INFO - Processing file /home/vscode/.local/lib/python3.10/site-packages/airflow/example_dags/example_branch_datetime_operator.py for tasks to queue
[2024-09-12T06:47:02.509+0000] {logging_mixin.py:150} INFO - [2024-09-12T06:47:02.509+0000] {dagbag.py:541} INFO - Filling up the DagBag from /home/vscode/.local/lib/python3.10/site-packages/airflow/example_dags/example_branch_datetime_operator.py
[2024-09-12T06:47:02.516+0000] {processor.py:836} INFO - DAG(s) dict_keys(['example_branch_datetime_operator', 'example_branch_datetime_operator_3', 'example_branch_datetime_operator_2']) retrieved from /home/vscode/.local/lib/python3.10/site-packages/airflow/example_dags/example_branch_datetime_operator.py
[2024-09-12T06:47:02.532+0000] {logging_mixin.py:150} INFO - [2024-09-12T06:47:02.532+0000] {dag.py:2742} INFO - Sync 3 DAGs
[2024-09-12T06:47:02.547+0000] {logging_mixin.py:150} INFO - [2024-09-12T06:47:02.547+0000] {dag.py:3504} INFO - Setting next_dagrun for example_branch_datetime_operator to 2024-09-11T00:00:00+00:00, run_after=2024-09-12T00:00:00+00:00
[2024-09-12T06:47:02.550+0000] {logging_mixin.py:150} INFO - [2024-09-12T06:47:02.550+0000] {dag.py:3504} INFO - Setting next_dagrun for example_branch_datetime_operator_2 to 2024-09-11T00:00:00+00:00, run_after=2024-09-12T00:00:00+00:00
[2024-09-12T06:47:02.552+0000] {logging_mixin.py:150} INFO - [2024-09-12T06:47:02.552+0000] {dag.py:3504} INFO - Setting next_dagrun for example_branch_datetime_operator_3 to 2024-09-11T00:00:00+00:00, run_after=2024-09-12T00:00:00+00:00
[2024-09-12T06:47:02.597+0000] {processor.py:179} INFO - Processing /home/vscode/.local/lib/python3.10/site-packages/airflow/example_dags/example_branch_datetime_operator.py took 0.091 seconds
[2024-09-12T06:47:48.032+0000] {processor.py:157} INFO - Started process (PID=10716) to work on /home/vscode/.local/lib/python3.10/site-packages/airflow/example_dags/example_branch_datetime_operator.py
[2024-09-12T06:47:48.032+0000] {processor.py:826} INFO - Processing file /home/vscode/.local/lib/python3.10/site-packages/airflow/example_dags/example_branch_datetime_operator.py for tasks to queue
[2024-09-12T06:47:48.033+0000] {logging_mixin.py:150} INFO - [2024-09-12T06:47:48.033+0000] {dagbag.py:541} INFO - Filling up the DagBag from /home/vscode/.local/lib/python3.10/site-packages/airflow/example_dags/example_branch_datetime_operator.py
[2024-09-12T06:47:48.040+0000] {processor.py:836} INFO - DAG(s) dict_keys(['example_branch_datetime_operator', 'example_branch_datetime_operator_3', 'example_branch_datetime_operator_2']) retrieved from /home/vscode/.local/lib/python3.10/site-packages/airflow/example_dags/example_branch_datetime_operator.py
[2024-09-12T06:47:48.057+0000] {logging_mixin.py:150} INFO - [2024-09-12T06:47:48.057+0000] {dag.py:2742} INFO - Sync 3 DAGs
[2024-09-12T06:47:48.072+0000] {logging_mixin.py:150} INFO - [2024-09-12T06:47:48.072+0000] {dag.py:3504} INFO - Setting next_dagrun for example_branch_datetime_operator to 2024-09-11T00:00:00+00:00, run_after=2024-09-12T00:00:00+00:00
[2024-09-12T06:47:48.075+0000] {logging_mixin.py:150} INFO - [2024-09-12T06:47:48.075+0000] {dag.py:3504} INFO - Setting next_dagrun for example_branch_datetime_operator_2 to 2024-09-11T00:00:00+00:00, run_after=2024-09-12T00:00:00+00:00
[2024-09-12T06:47:48.077+0000] {logging_mixin.py:150} INFO - [2024-09-12T06:47:48.077+0000] {dag.py:3504} INFO - Setting next_dagrun for example_branch_datetime_operator_3 to 2024-09-11T00:00:00+00:00, run_after=2024-09-12T00:00:00+00:00
[2024-09-12T06:47:48.109+0000] {processor.py:179} INFO - Processing /home/vscode/.local/lib/python3.10/site-packages/airflow/example_dags/example_branch_datetime_operator.py took 0.079 seconds
[2024-09-12T06:48:43.428+0000] {processor.py:157} INFO - Started process (PID=11091) to work on /home/vscode/.local/lib/python3.10/site-packages/airflow/example_dags/example_branch_datetime_operator.py
[2024-09-12T06:48:43.429+0000] {processor.py:826} INFO - Processing file /home/vscode/.local/lib/python3.10/site-packages/airflow/example_dags/example_branch_datetime_operator.py for tasks to queue
[2024-09-12T06:48:43.429+0000] {logging_mixin.py:150} INFO - [2024-09-12T06:48:43.429+0000] {dagbag.py:541} INFO - Filling up the DagBag from /home/vscode/.local/lib/python3.10/site-packages/airflow/example_dags/example_branch_datetime_operator.py
[2024-09-12T06:48:43.436+0000] {processor.py:836} INFO - DAG(s) dict_keys(['example_branch_datetime_operator_3', 'example_branch_datetime_operator', 'example_branch_datetime_operator_2']) retrieved from /home/vscode/.local/lib/python3.10/site-packages/airflow/example_dags/example_branch_datetime_operator.py
[2024-09-12T06:48:43.452+0000] {logging_mixin.py:150} INFO - [2024-09-12T06:48:43.452+0000] {dag.py:2742} INFO - Sync 3 DAGs
[2024-09-12T06:48:43.466+0000] {logging_mixin.py:150} INFO - [2024-09-12T06:48:43.466+0000] {dag.py:3504} INFO - Setting next_dagrun for example_branch_datetime_operator to 2024-09-11T00:00:00+00:00, run_after=2024-09-12T00:00:00+00:00
[2024-09-12T06:48:43.469+0000] {logging_mixin.py:150} INFO - [2024-09-12T06:48:43.469+0000] {dag.py:3504} INFO - Setting next_dagrun for example_branch_datetime_operator_2 to 2024-09-11T00:00:00+00:00, run_after=2024-09-12T00:00:00+00:00
[2024-09-12T06:48:43.471+0000] {logging_mixin.py:150} INFO - [2024-09-12T06:48:43.471+0000] {dag.py:3504} INFO - Setting next_dagrun for example_branch_datetime_operator_3 to 2024-09-11T00:00:00+00:00, run_after=2024-09-12T00:00:00+00:00
[2024-09-12T06:48:43.521+0000] {processor.py:179} INFO - Processing /home/vscode/.local/lib/python3.10/site-packages/airflow/example_dags/example_branch_datetime_operator.py took 0.095 seconds
[2024-09-12T06:49:28.666+0000] {processor.py:157} INFO - Started process (PID=11397) to work on /home/vscode/.local/lib/python3.10/site-packages/airflow/example_dags/example_branch_datetime_operator.py
[2024-09-12T06:49:28.667+0000] {processor.py:826} INFO - Processing file /home/vscode/.local/lib/python3.10/site-packages/airflow/example_dags/example_branch_datetime_operator.py for tasks to queue
[2024-09-12T06:49:28.667+0000] {logging_mixin.py:150} INFO - [2024-09-12T06:49:28.667+0000] {dagbag.py:541} INFO - Filling up the DagBag from /home/vscode/.local/lib/python3.10/site-packages/airflow/example_dags/example_branch_datetime_operator.py
[2024-09-12T06:49:28.675+0000] {processor.py:836} INFO - DAG(s) dict_keys(['example_branch_datetime_operator_3', 'example_branch_datetime_operator', 'example_branch_datetime_operator_2']) retrieved from /home/vscode/.local/lib/python3.10/site-packages/airflow/example_dags/example_branch_datetime_operator.py
[2024-09-12T06:49:28.690+0000] {logging_mixin.py:150} INFO - [2024-09-12T06:49:28.690+0000] {dag.py:2742} INFO - Sync 3 DAGs
[2024-09-12T06:49:28.705+0000] {logging_mixin.py:150} INFO - [2024-09-12T06:49:28.705+0000] {dag.py:3504} INFO - Setting next_dagrun for example_branch_datetime_operator to 2024-09-11T00:00:00+00:00, run_after=2024-09-12T00:00:00+00:00
[2024-09-12T06:49:28.708+0000] {logging_mixin.py:150} INFO - [2024-09-12T06:49:28.708+0000] {dag.py:3504} INFO - Setting next_dagrun for example_branch_datetime_operator_2 to 2024-09-11T00:00:00+00:00, run_after=2024-09-12T00:00:00+00:00
[2024-09-12T06:49:28.710+0000] {logging_mixin.py:150} INFO - [2024-09-12T06:49:28.710+0000] {dag.py:3504} INFO - Setting next_dagrun for example_branch_datetime_operator_3 to 2024-09-11T00:00:00+00:00, run_after=2024-09-12T00:00:00+00:00
[2024-09-12T06:49:28.739+0000] {processor.py:179} INFO - Processing /home/vscode/.local/lib/python3.10/site-packages/airflow/example_dags/example_branch_datetime_operator.py took 0.076 seconds
[2024-09-12T06:50:22.560+0000] {processor.py:157} INFO - Started process (PID=11766) to work on /home/vscode/.local/lib/python3.10/site-packages/airflow/example_dags/example_branch_datetime_operator.py
[2024-09-12T06:50:22.560+0000] {processor.py:826} INFO - Processing file /home/vscode/.local/lib/python3.10/site-packages/airflow/example_dags/example_branch_datetime_operator.py for tasks to queue
[2024-09-12T06:50:22.561+0000] {logging_mixin.py:150} INFO - [2024-09-12T06:50:22.561+0000] {dagbag.py:541} INFO - Filling up the DagBag from /home/vscode/.local/lib/python3.10/site-packages/airflow/example_dags/example_branch_datetime_operator.py
[2024-09-12T06:50:22.569+0000] {processor.py:836} INFO - DAG(s) dict_keys(['example_branch_datetime_operator', 'example_branch_datetime_operator_2', 'example_branch_datetime_operator_3']) retrieved from /home/vscode/.local/lib/python3.10/site-packages/airflow/example_dags/example_branch_datetime_operator.py
[2024-09-12T06:50:22.585+0000] {logging_mixin.py:150} INFO - [2024-09-12T06:50:22.585+0000] {dag.py:2742} INFO - Sync 3 DAGs
[2024-09-12T06:50:22.600+0000] {logging_mixin.py:150} INFO - [2024-09-12T06:50:22.600+0000] {dag.py:3504} INFO - Setting next_dagrun for example_branch_datetime_operator to 2024-09-11T00:00:00+00:00, run_after=2024-09-12T00:00:00+00:00
[2024-09-12T06:50:22.603+0000] {logging_mixin.py:150} INFO - [2024-09-12T06:50:22.603+0000] {dag.py:3504} INFO - Setting next_dagrun for example_branch_datetime_operator_2 to 2024-09-11T00:00:00+00:00, run_after=2024-09-12T00:00:00+00:00
[2024-09-12T06:50:22.604+0000] {logging_mixin.py:150} INFO - [2024-09-12T06:50:22.604+0000] {dag.py:3504} INFO - Setting next_dagrun for example_branch_datetime_operator_3 to 2024-09-11T00:00:00+00:00, run_after=2024-09-12T00:00:00+00:00
[2024-09-12T06:50:22.637+0000] {processor.py:179} INFO - Processing /home/vscode/.local/lib/python3.10/site-packages/airflow/example_dags/example_branch_datetime_operator.py took 0.079 seconds
[2024-09-12T06:51:22.382+0000] {processor.py:157} INFO - Started process (PID=12164) to work on /home/vscode/.local/lib/python3.10/site-packages/airflow/example_dags/example_branch_datetime_operator.py
[2024-09-12T06:51:22.383+0000] {processor.py:826} INFO - Processing file /home/vscode/.local/lib/python3.10/site-packages/airflow/example_dags/example_branch_datetime_operator.py for tasks to queue
[2024-09-12T06:51:22.383+0000] {logging_mixin.py:150} INFO - [2024-09-12T06:51:22.383+0000] {dagbag.py:541} INFO - Filling up the DagBag from /home/vscode/.local/lib/python3.10/site-packages/airflow/example_dags/example_branch_datetime_operator.py
[2024-09-12T06:51:22.390+0000] {processor.py:836} INFO - DAG(s) dict_keys(['example_branch_datetime_operator_3', 'example_branch_datetime_operator', 'example_branch_datetime_operator_2']) retrieved from /home/vscode/.local/lib/python3.10/site-packages/airflow/example_dags/example_branch_datetime_operator.py
[2024-09-12T06:51:22.407+0000] {logging_mixin.py:150} INFO - [2024-09-12T06:51:22.406+0000] {dag.py:2742} INFO - Sync 3 DAGs
[2024-09-12T06:51:22.421+0000] {logging_mixin.py:150} INFO - [2024-09-12T06:51:22.421+0000] {dag.py:3504} INFO - Setting next_dagrun for example_branch_datetime_operator to 2024-09-11T00:00:00+00:00, run_after=2024-09-12T00:00:00+00:00
[2024-09-12T06:51:22.424+0000] {logging_mixin.py:150} INFO - [2024-09-12T06:51:22.424+0000] {dag.py:3504} INFO - Setting next_dagrun for example_branch_datetime_operator_2 to 2024-09-11T00:00:00+00:00, run_after=2024-09-12T00:00:00+00:00
[2024-09-12T06:51:22.426+0000] {logging_mixin.py:150} INFO - [2024-09-12T06:51:22.426+0000] {dag.py:3504} INFO - Setting next_dagrun for example_branch_datetime_operator_3 to 2024-09-11T00:00:00+00:00, run_after=2024-09-12T00:00:00+00:00
[2024-09-12T06:51:22.459+0000] {processor.py:179} INFO - Processing /home/vscode/.local/lib/python3.10/site-packages/airflow/example_dags/example_branch_datetime_operator.py took 0.079 seconds
[2024-09-12T06:52:08.288+0000] {processor.py:157} INFO - Started process (PID=12475) to work on /home/vscode/.local/lib/python3.10/site-packages/airflow/example_dags/example_branch_datetime_operator.py
[2024-09-12T06:52:08.288+0000] {processor.py:826} INFO - Processing file /home/vscode/.local/lib/python3.10/site-packages/airflow/example_dags/example_branch_datetime_operator.py for tasks to queue
[2024-09-12T06:52:08.289+0000] {logging_mixin.py:150} INFO - [2024-09-12T06:52:08.288+0000] {dagbag.py:541} INFO - Filling up the DagBag from /home/vscode/.local/lib/python3.10/site-packages/airflow/example_dags/example_branch_datetime_operator.py
[2024-09-12T06:52:08.296+0000] {processor.py:836} INFO - DAG(s) dict_keys(['example_branch_datetime_operator_2', 'example_branch_datetime_operator_3', 'example_branch_datetime_operator']) retrieved from /home/vscode/.local/lib/python3.10/site-packages/airflow/example_dags/example_branch_datetime_operator.py
[2024-09-12T06:52:08.319+0000] {logging_mixin.py:150} INFO - [2024-09-12T06:52:08.319+0000] {dag.py:2742} INFO - Sync 3 DAGs
[2024-09-12T06:52:08.341+0000] {logging_mixin.py:150} INFO - [2024-09-12T06:52:08.341+0000] {dag.py:3504} INFO - Setting next_dagrun for example_branch_datetime_operator to 2024-09-11T00:00:00+00:00, run_after=2024-09-12T00:00:00+00:00
[2024-09-12T06:52:08.353+0000] {logging_mixin.py:150} INFO - [2024-09-12T06:52:08.352+0000] {dag.py:3504} INFO - Setting next_dagrun for example_branch_datetime_operator_2 to 2024-09-11T00:00:00+00:00, run_after=2024-09-12T00:00:00+00:00
[2024-09-12T06:52:08.355+0000] {logging_mixin.py:150} INFO - [2024-09-12T06:52:08.355+0000] {dag.py:3504} INFO - Setting next_dagrun for example_branch_datetime_operator_3 to 2024-09-11T00:00:00+00:00, run_after=2024-09-12T00:00:00+00:00
[2024-09-12T06:52:08.402+0000] {processor.py:179} INFO - Processing /home/vscode/.local/lib/python3.10/site-packages/airflow/example_dags/example_branch_datetime_operator.py took 0.117 seconds
[2024-09-12T06:52:54.835+0000] {processor.py:157} INFO - Started process (PID=12788) to work on /home/vscode/.local/lib/python3.10/site-packages/airflow/example_dags/example_branch_datetime_operator.py
[2024-09-12T06:52:54.836+0000] {processor.py:826} INFO - Processing file /home/vscode/.local/lib/python3.10/site-packages/airflow/example_dags/example_branch_datetime_operator.py for tasks to queue
[2024-09-12T06:52:54.837+0000] {logging_mixin.py:150} INFO - [2024-09-12T06:52:54.836+0000] {dagbag.py:541} INFO - Filling up the DagBag from /home/vscode/.local/lib/python3.10/site-packages/airflow/example_dags/example_branch_datetime_operator.py
[2024-09-12T06:52:54.844+0000] {processor.py:836} INFO - DAG(s) dict_keys(['example_branch_datetime_operator', 'example_branch_datetime_operator_2', 'example_branch_datetime_operator_3']) retrieved from /home/vscode/.local/lib/python3.10/site-packages/airflow/example_dags/example_branch_datetime_operator.py
[2024-09-12T06:52:54.860+0000] {logging_mixin.py:150} INFO - [2024-09-12T06:52:54.860+0000] {dag.py:2742} INFO - Sync 3 DAGs
[2024-09-12T06:52:54.875+0000] {logging_mixin.py:150} INFO - [2024-09-12T06:52:54.874+0000] {dag.py:3504} INFO - Setting next_dagrun for example_branch_datetime_operator to 2024-09-11T00:00:00+00:00, run_after=2024-09-12T00:00:00+00:00
[2024-09-12T06:52:54.878+0000] {logging_mixin.py:150} INFO - [2024-09-12T06:52:54.878+0000] {dag.py:3504} INFO - Setting next_dagrun for example_branch_datetime_operator_2 to 2024-09-11T00:00:00+00:00, run_after=2024-09-12T00:00:00+00:00
[2024-09-12T06:52:54.880+0000] {logging_mixin.py:150} INFO - [2024-09-12T06:52:54.880+0000] {dag.py:3504} INFO - Setting next_dagrun for example_branch_datetime_operator_3 to 2024-09-11T00:00:00+00:00, run_after=2024-09-12T00:00:00+00:00
[2024-09-12T06:52:54.912+0000] {processor.py:179} INFO - Processing /home/vscode/.local/lib/python3.10/site-packages/airflow/example_dags/example_branch_datetime_operator.py took 0.079 seconds
[2024-09-12T06:53:40.196+0000] {processor.py:157} INFO - Started process (PID=13093) to work on /home/vscode/.local/lib/python3.10/site-packages/airflow/example_dags/example_branch_datetime_operator.py
[2024-09-12T06:53:40.197+0000] {processor.py:826} INFO - Processing file /home/vscode/.local/lib/python3.10/site-packages/airflow/example_dags/example_branch_datetime_operator.py for tasks to queue
[2024-09-12T06:53:40.198+0000] {logging_mixin.py:150} INFO - [2024-09-12T06:53:40.197+0000] {dagbag.py:541} INFO - Filling up the DagBag from /home/vscode/.local/lib/python3.10/site-packages/airflow/example_dags/example_branch_datetime_operator.py
[2024-09-12T06:53:40.204+0000] {processor.py:836} INFO - DAG(s) dict_keys(['example_branch_datetime_operator_2', 'example_branch_datetime_operator', 'example_branch_datetime_operator_3']) retrieved from /home/vscode/.local/lib/python3.10/site-packages/airflow/example_dags/example_branch_datetime_operator.py
[2024-09-12T06:53:40.222+0000] {logging_mixin.py:150} INFO - [2024-09-12T06:53:40.222+0000] {dag.py:2742} INFO - Sync 3 DAGs
[2024-09-12T06:53:40.237+0000] {logging_mixin.py:150} INFO - [2024-09-12T06:53:40.237+0000] {dag.py:3504} INFO - Setting next_dagrun for example_branch_datetime_operator to 2024-09-11T00:00:00+00:00, run_after=2024-09-12T00:00:00+00:00
[2024-09-12T06:53:40.240+0000] {logging_mixin.py:150} INFO - [2024-09-12T06:53:40.240+0000] {dag.py:3504} INFO - Setting next_dagrun for example_branch_datetime_operator_2 to 2024-09-11T00:00:00+00:00, run_after=2024-09-12T00:00:00+00:00
[2024-09-12T06:53:40.242+0000] {logging_mixin.py:150} INFO - [2024-09-12T06:53:40.242+0000] {dag.py:3504} INFO - Setting next_dagrun for example_branch_datetime_operator_3 to 2024-09-11T00:00:00+00:00, run_after=2024-09-12T00:00:00+00:00
[2024-09-12T06:53:40.270+0000] {processor.py:179} INFO - Processing /home/vscode/.local/lib/python3.10/site-packages/airflow/example_dags/example_branch_datetime_operator.py took 0.076 seconds
[2024-09-12T06:54:25.602+0000] {processor.py:157} INFO - Started process (PID=13400) to work on /home/vscode/.local/lib/python3.10/site-packages/airflow/example_dags/example_branch_datetime_operator.py
[2024-09-12T06:54:25.602+0000] {processor.py:826} INFO - Processing file /home/vscode/.local/lib/python3.10/site-packages/airflow/example_dags/example_branch_datetime_operator.py for tasks to queue
[2024-09-12T06:54:25.603+0000] {logging_mixin.py:150} INFO - [2024-09-12T06:54:25.603+0000] {dagbag.py:541} INFO - Filling up the DagBag from /home/vscode/.local/lib/python3.10/site-packages/airflow/example_dags/example_branch_datetime_operator.py
[2024-09-12T06:54:25.610+0000] {processor.py:836} INFO - DAG(s) dict_keys(['example_branch_datetime_operator_2', 'example_branch_datetime_operator_3', 'example_branch_datetime_operator']) retrieved from /home/vscode/.local/lib/python3.10/site-packages/airflow/example_dags/example_branch_datetime_operator.py
[2024-09-12T06:54:25.626+0000] {logging_mixin.py:150} INFO - [2024-09-12T06:54:25.626+0000] {dag.py:2742} INFO - Sync 3 DAGs
[2024-09-12T06:54:25.641+0000] {logging_mixin.py:150} INFO - [2024-09-12T06:54:25.641+0000] {dag.py:3504} INFO - Setting next_dagrun for example_branch_datetime_operator to 2024-09-11T00:00:00+00:00, run_after=2024-09-12T00:00:00+00:00
[2024-09-12T06:54:25.644+0000] {logging_mixin.py:150} INFO - [2024-09-12T06:54:25.644+0000] {dag.py:3504} INFO - Setting next_dagrun for example_branch_datetime_operator_2 to 2024-09-11T00:00:00+00:00, run_after=2024-09-12T00:00:00+00:00
[2024-09-12T06:54:25.646+0000] {logging_mixin.py:150} INFO - [2024-09-12T06:54:25.646+0000] {dag.py:3504} INFO - Setting next_dagrun for example_branch_datetime_operator_3 to 2024-09-11T00:00:00+00:00, run_after=2024-09-12T00:00:00+00:00
[2024-09-12T06:54:25.687+0000] {processor.py:179} INFO - Processing /home/vscode/.local/lib/python3.10/site-packages/airflow/example_dags/example_branch_datetime_operator.py took 0.087 seconds
[2024-09-12T06:55:13.152+0000] {processor.py:157} INFO - Started process (PID=13713) to work on /home/vscode/.local/lib/python3.10/site-packages/airflow/example_dags/example_branch_datetime_operator.py
[2024-09-12T06:55:13.152+0000] {processor.py:826} INFO - Processing file /home/vscode/.local/lib/python3.10/site-packages/airflow/example_dags/example_branch_datetime_operator.py for tasks to queue
[2024-09-12T06:55:13.153+0000] {logging_mixin.py:150} INFO - [2024-09-12T06:55:13.153+0000] {dagbag.py:541} INFO - Filling up the DagBag from /home/vscode/.local/lib/python3.10/site-packages/airflow/example_dags/example_branch_datetime_operator.py
[2024-09-12T06:55:13.160+0000] {processor.py:836} INFO - DAG(s) dict_keys(['example_branch_datetime_operator_3', 'example_branch_datetime_operator', 'example_branch_datetime_operator_2']) retrieved from /home/vscode/.local/lib/python3.10/site-packages/airflow/example_dags/example_branch_datetime_operator.py
[2024-09-12T06:55:13.176+0000] {logging_mixin.py:150} INFO - [2024-09-12T06:55:13.176+0000] {dag.py:2742} INFO - Sync 3 DAGs
[2024-09-12T06:55:13.191+0000] {logging_mixin.py:150} INFO - [2024-09-12T06:55:13.191+0000] {dag.py:3504} INFO - Setting next_dagrun for example_branch_datetime_operator to 2024-09-11T00:00:00+00:00, run_after=2024-09-12T00:00:00+00:00
[2024-09-12T06:55:13.194+0000] {logging_mixin.py:150} INFO - [2024-09-12T06:55:13.194+0000] {dag.py:3504} INFO - Setting next_dagrun for example_branch_datetime_operator_2 to 2024-09-11T00:00:00+00:00, run_after=2024-09-12T00:00:00+00:00
[2024-09-12T06:55:13.196+0000] {logging_mixin.py:150} INFO - [2024-09-12T06:55:13.196+0000] {dag.py:3504} INFO - Setting next_dagrun for example_branch_datetime_operator_3 to 2024-09-11T00:00:00+00:00, run_after=2024-09-12T00:00:00+00:00
[2024-09-12T06:55:13.224+0000] {processor.py:179} INFO - Processing /home/vscode/.local/lib/python3.10/site-packages/airflow/example_dags/example_branch_datetime_operator.py took 0.075 seconds
[2024-09-12T06:55:57.626+0000] {processor.py:157} INFO - Started process (PID=14015) to work on /home/vscode/.local/lib/python3.10/site-packages/airflow/example_dags/example_branch_datetime_operator.py
[2024-09-12T06:55:57.626+0000] {processor.py:826} INFO - Processing file /home/vscode/.local/lib/python3.10/site-packages/airflow/example_dags/example_branch_datetime_operator.py for tasks to queue
[2024-09-12T06:55:57.627+0000] {logging_mixin.py:150} INFO - [2024-09-12T06:55:57.627+0000] {dagbag.py:541} INFO - Filling up the DagBag from /home/vscode/.local/lib/python3.10/site-packages/airflow/example_dags/example_branch_datetime_operator.py
[2024-09-12T06:55:57.634+0000] {processor.py:836} INFO - DAG(s) dict_keys(['example_branch_datetime_operator_2', 'example_branch_datetime_operator_3', 'example_branch_datetime_operator']) retrieved from /home/vscode/.local/lib/python3.10/site-packages/airflow/example_dags/example_branch_datetime_operator.py
[2024-09-12T06:55:57.650+0000] {logging_mixin.py:150} INFO - [2024-09-12T06:55:57.649+0000] {dag.py:2742} INFO - Sync 3 DAGs
[2024-09-12T06:55:57.665+0000] {logging_mixin.py:150} INFO - [2024-09-12T06:55:57.664+0000] {dag.py:3504} INFO - Setting next_dagrun for example_branch_datetime_operator to 2024-09-11T00:00:00+00:00, run_after=2024-09-12T00:00:00+00:00
[2024-09-12T06:55:57.668+0000] {logging_mixin.py:150} INFO - [2024-09-12T06:55:57.668+0000] {dag.py:3504} INFO - Setting next_dagrun for example_branch_datetime_operator_2 to 2024-09-11T00:00:00+00:00, run_after=2024-09-12T00:00:00+00:00
[2024-09-12T06:55:57.669+0000] {logging_mixin.py:150} INFO - [2024-09-12T06:55:57.669+0000] {dag.py:3504} INFO - Setting next_dagrun for example_branch_datetime_operator_3 to 2024-09-11T00:00:00+00:00, run_after=2024-09-12T00:00:00+00:00
[2024-09-12T06:55:57.697+0000] {processor.py:179} INFO - Processing /home/vscode/.local/lib/python3.10/site-packages/airflow/example_dags/example_branch_datetime_operator.py took 0.073 seconds
[2024-09-12T06:56:48.849+0000] {processor.py:157} INFO - Started process (PID=14358) to work on /home/vscode/.local/lib/python3.10/site-packages/airflow/example_dags/example_branch_datetime_operator.py
[2024-09-12T06:56:48.850+0000] {processor.py:826} INFO - Processing file /home/vscode/.local/lib/python3.10/site-packages/airflow/example_dags/example_branch_datetime_operator.py for tasks to queue
[2024-09-12T06:56:48.850+0000] {logging_mixin.py:150} INFO - [2024-09-12T06:56:48.850+0000] {dagbag.py:541} INFO - Filling up the DagBag from /home/vscode/.local/lib/python3.10/site-packages/airflow/example_dags/example_branch_datetime_operator.py
[2024-09-12T06:56:48.857+0000] {processor.py:836} INFO - DAG(s) dict_keys(['example_branch_datetime_operator_3', 'example_branch_datetime_operator_2', 'example_branch_datetime_operator']) retrieved from /home/vscode/.local/lib/python3.10/site-packages/airflow/example_dags/example_branch_datetime_operator.py
[2024-09-12T06:56:48.873+0000] {logging_mixin.py:150} INFO - [2024-09-12T06:56:48.873+0000] {dag.py:2742} INFO - Sync 3 DAGs
[2024-09-12T06:56:48.888+0000] {logging_mixin.py:150} INFO - [2024-09-12T06:56:48.888+0000] {dag.py:3504} INFO - Setting next_dagrun for example_branch_datetime_operator to 2024-09-11T00:00:00+00:00, run_after=2024-09-12T00:00:00+00:00
[2024-09-12T06:56:48.891+0000] {logging_mixin.py:150} INFO - [2024-09-12T06:56:48.891+0000] {dag.py:3504} INFO - Setting next_dagrun for example_branch_datetime_operator_2 to 2024-09-11T00:00:00+00:00, run_after=2024-09-12T00:00:00+00:00
[2024-09-12T06:56:48.893+0000] {logging_mixin.py:150} INFO - [2024-09-12T06:56:48.893+0000] {dag.py:3504} INFO - Setting next_dagrun for example_branch_datetime_operator_3 to 2024-09-11T00:00:00+00:00, run_after=2024-09-12T00:00:00+00:00
[2024-09-12T06:56:48.931+0000] {processor.py:179} INFO - Processing /home/vscode/.local/lib/python3.10/site-packages/airflow/example_dags/example_branch_datetime_operator.py took 0.085 seconds
[2024-09-12T06:57:32.631+0000] {processor.py:157} INFO - Started process (PID=14655) to work on /home/vscode/.local/lib/python3.10/site-packages/airflow/example_dags/example_branch_datetime_operator.py
[2024-09-12T06:57:32.632+0000] {processor.py:826} INFO - Processing file /home/vscode/.local/lib/python3.10/site-packages/airflow/example_dags/example_branch_datetime_operator.py for tasks to queue
[2024-09-12T06:57:32.632+0000] {logging_mixin.py:150} INFO - [2024-09-12T06:57:32.632+0000] {dagbag.py:541} INFO - Filling up the DagBag from /home/vscode/.local/lib/python3.10/site-packages/airflow/example_dags/example_branch_datetime_operator.py
[2024-09-12T06:57:32.639+0000] {processor.py:836} INFO - DAG(s) dict_keys(['example_branch_datetime_operator', 'example_branch_datetime_operator_3', 'example_branch_datetime_operator_2']) retrieved from /home/vscode/.local/lib/python3.10/site-packages/airflow/example_dags/example_branch_datetime_operator.py
[2024-09-12T06:57:32.655+0000] {logging_mixin.py:150} INFO - [2024-09-12T06:57:32.655+0000] {dag.py:2742} INFO - Sync 3 DAGs
[2024-09-12T06:57:32.670+0000] {logging_mixin.py:150} INFO - [2024-09-12T06:57:32.670+0000] {dag.py:3504} INFO - Setting next_dagrun for example_branch_datetime_operator to 2024-09-11T00:00:00+00:00, run_after=2024-09-12T00:00:00+00:00
[2024-09-12T06:57:32.673+0000] {logging_mixin.py:150} INFO - [2024-09-12T06:57:32.673+0000] {dag.py:3504} INFO - Setting next_dagrun for example_branch_datetime_operator_2 to 2024-09-11T00:00:00+00:00, run_after=2024-09-12T00:00:00+00:00
[2024-09-12T06:57:32.675+0000] {logging_mixin.py:150} INFO - [2024-09-12T06:57:32.675+0000] {dag.py:3504} INFO - Setting next_dagrun for example_branch_datetime_operator_3 to 2024-09-11T00:00:00+00:00, run_after=2024-09-12T00:00:00+00:00
[2024-09-12T06:57:32.705+0000] {processor.py:179} INFO - Processing /home/vscode/.local/lib/python3.10/site-packages/airflow/example_dags/example_branch_datetime_operator.py took 0.076 seconds
[2024-09-12T06:58:16.893+0000] {processor.py:157} INFO - Started process (PID=14946) to work on /home/vscode/.local/lib/python3.10/site-packages/airflow/example_dags/example_branch_datetime_operator.py
[2024-09-12T06:58:16.893+0000] {processor.py:826} INFO - Processing file /home/vscode/.local/lib/python3.10/site-packages/airflow/example_dags/example_branch_datetime_operator.py for tasks to queue
[2024-09-12T06:58:16.894+0000] {logging_mixin.py:150} INFO - [2024-09-12T06:58:16.894+0000] {dagbag.py:541} INFO - Filling up the DagBag from /home/vscode/.local/lib/python3.10/site-packages/airflow/example_dags/example_branch_datetime_operator.py
[2024-09-12T06:58:16.901+0000] {processor.py:836} INFO - DAG(s) dict_keys(['example_branch_datetime_operator_2', 'example_branch_datetime_operator', 'example_branch_datetime_operator_3']) retrieved from /home/vscode/.local/lib/python3.10/site-packages/airflow/example_dags/example_branch_datetime_operator.py
[2024-09-12T06:58:16.917+0000] {logging_mixin.py:150} INFO - [2024-09-12T06:58:16.917+0000] {dag.py:2742} INFO - Sync 3 DAGs
[2024-09-12T06:58:16.932+0000] {logging_mixin.py:150} INFO - [2024-09-12T06:58:16.932+0000] {dag.py:3504} INFO - Setting next_dagrun for example_branch_datetime_operator to 2024-09-11T00:00:00+00:00, run_after=2024-09-12T00:00:00+00:00
[2024-09-12T06:58:16.935+0000] {logging_mixin.py:150} INFO - [2024-09-12T06:58:16.935+0000] {dag.py:3504} INFO - Setting next_dagrun for example_branch_datetime_operator_2 to 2024-09-11T00:00:00+00:00, run_after=2024-09-12T00:00:00+00:00
[2024-09-12T06:58:16.937+0000] {logging_mixin.py:150} INFO - [2024-09-12T06:58:16.937+0000] {dag.py:3504} INFO - Setting next_dagrun for example_branch_datetime_operator_3 to 2024-09-11T00:00:00+00:00, run_after=2024-09-12T00:00:00+00:00
[2024-09-12T06:58:16.978+0000] {processor.py:179} INFO - Processing /home/vscode/.local/lib/python3.10/site-packages/airflow/example_dags/example_branch_datetime_operator.py took 0.088 seconds
[2024-09-12T06:59:14.980+0000] {processor.py:157} INFO - Started process (PID=15342) to work on /home/vscode/.local/lib/python3.10/site-packages/airflow/example_dags/example_branch_datetime_operator.py
[2024-09-12T06:59:14.981+0000] {processor.py:826} INFO - Processing file /home/vscode/.local/lib/python3.10/site-packages/airflow/example_dags/example_branch_datetime_operator.py for tasks to queue
[2024-09-12T06:59:14.981+0000] {logging_mixin.py:150} INFO - [2024-09-12T06:59:14.981+0000] {dagbag.py:541} INFO - Filling up the DagBag from /home/vscode/.local/lib/python3.10/site-packages/airflow/example_dags/example_branch_datetime_operator.py
[2024-09-12T06:59:14.989+0000] {processor.py:836} INFO - DAG(s) dict_keys(['example_branch_datetime_operator_3', 'example_branch_datetime_operator_2', 'example_branch_datetime_operator']) retrieved from /home/vscode/.local/lib/python3.10/site-packages/airflow/example_dags/example_branch_datetime_operator.py
[2024-09-12T06:59:15.005+0000] {logging_mixin.py:150} INFO - [2024-09-12T06:59:15.005+0000] {dag.py:2742} INFO - Sync 3 DAGs
[2024-09-12T06:59:15.020+0000] {logging_mixin.py:150} INFO - [2024-09-12T06:59:15.020+0000] {dag.py:3504} INFO - Setting next_dagrun for example_branch_datetime_operator to 2024-09-11T00:00:00+00:00, run_after=2024-09-12T00:00:00+00:00
[2024-09-12T06:59:15.024+0000] {logging_mixin.py:150} INFO - [2024-09-12T06:59:15.024+0000] {dag.py:3504} INFO - Setting next_dagrun for example_branch_datetime_operator_2 to 2024-09-11T00:00:00+00:00, run_after=2024-09-12T00:00:00+00:00
[2024-09-12T06:59:15.026+0000] {logging_mixin.py:150} INFO - [2024-09-12T06:59:15.026+0000] {dag.py:3504} INFO - Setting next_dagrun for example_branch_datetime_operator_3 to 2024-09-11T00:00:00+00:00, run_after=2024-09-12T00:00:00+00:00
[2024-09-12T06:59:15.057+0000] {processor.py:179} INFO - Processing /home/vscode/.local/lib/python3.10/site-packages/airflow/example_dags/example_branch_datetime_operator.py took 0.079 seconds
[2024-09-12T07:00:12.582+0000] {processor.py:157} INFO - Started process (PID=15724) to work on /home/vscode/.local/lib/python3.10/site-packages/airflow/example_dags/example_branch_datetime_operator.py
[2024-09-12T07:00:12.582+0000] {processor.py:826} INFO - Processing file /home/vscode/.local/lib/python3.10/site-packages/airflow/example_dags/example_branch_datetime_operator.py for tasks to queue
[2024-09-12T07:00:12.583+0000] {logging_mixin.py:150} INFO - [2024-09-12T07:00:12.583+0000] {dagbag.py:541} INFO - Filling up the DagBag from /home/vscode/.local/lib/python3.10/site-packages/airflow/example_dags/example_branch_datetime_operator.py
[2024-09-12T07:00:12.590+0000] {processor.py:836} INFO - DAG(s) dict_keys(['example_branch_datetime_operator_2', 'example_branch_datetime_operator_3', 'example_branch_datetime_operator']) retrieved from /home/vscode/.local/lib/python3.10/site-packages/airflow/example_dags/example_branch_datetime_operator.py
[2024-09-12T07:00:12.605+0000] {logging_mixin.py:150} INFO - [2024-09-12T07:00:12.605+0000] {dag.py:2742} INFO - Sync 3 DAGs
[2024-09-12T07:00:12.620+0000] {logging_mixin.py:150} INFO - [2024-09-12T07:00:12.620+0000] {dag.py:3504} INFO - Setting next_dagrun for example_branch_datetime_operator to 2024-09-11T00:00:00+00:00, run_after=2024-09-12T00:00:00+00:00
[2024-09-12T07:00:12.623+0000] {logging_mixin.py:150} INFO - [2024-09-12T07:00:12.623+0000] {dag.py:3504} INFO - Setting next_dagrun for example_branch_datetime_operator_2 to 2024-09-11T00:00:00+00:00, run_after=2024-09-12T00:00:00+00:00
[2024-09-12T07:00:12.625+0000] {logging_mixin.py:150} INFO - [2024-09-12T07:00:12.625+0000] {dag.py:3504} INFO - Setting next_dagrun for example_branch_datetime_operator_3 to 2024-09-11T00:00:00+00:00, run_after=2024-09-12T00:00:00+00:00
[2024-09-12T07:00:12.655+0000] {processor.py:179} INFO - Processing /home/vscode/.local/lib/python3.10/site-packages/airflow/example_dags/example_branch_datetime_operator.py took 0.076 seconds
[2024-09-12T07:00:57.419+0000] {processor.py:157} INFO - Started process (PID=16028) to work on /home/vscode/.local/lib/python3.10/site-packages/airflow/example_dags/example_branch_datetime_operator.py
[2024-09-12T07:00:57.419+0000] {processor.py:826} INFO - Processing file /home/vscode/.local/lib/python3.10/site-packages/airflow/example_dags/example_branch_datetime_operator.py for tasks to queue
[2024-09-12T07:00:57.420+0000] {logging_mixin.py:150} INFO - [2024-09-12T07:00:57.420+0000] {dagbag.py:541} INFO - Filling up the DagBag from /home/vscode/.local/lib/python3.10/site-packages/airflow/example_dags/example_branch_datetime_operator.py
[2024-09-12T07:00:57.427+0000] {processor.py:836} INFO - DAG(s) dict_keys(['example_branch_datetime_operator', 'example_branch_datetime_operator_3', 'example_branch_datetime_operator_2']) retrieved from /home/vscode/.local/lib/python3.10/site-packages/airflow/example_dags/example_branch_datetime_operator.py
[2024-09-12T07:00:57.443+0000] {logging_mixin.py:150} INFO - [2024-09-12T07:00:57.442+0000] {dag.py:2742} INFO - Sync 3 DAGs
[2024-09-12T07:00:57.457+0000] {logging_mixin.py:150} INFO - [2024-09-12T07:00:57.457+0000] {dag.py:3504} INFO - Setting next_dagrun for example_branch_datetime_operator to 2024-09-11T00:00:00+00:00, run_after=2024-09-12T00:00:00+00:00
[2024-09-12T07:00:57.461+0000] {logging_mixin.py:150} INFO - [2024-09-12T07:00:57.460+0000] {dag.py:3504} INFO - Setting next_dagrun for example_branch_datetime_operator_2 to 2024-09-11T00:00:00+00:00, run_after=2024-09-12T00:00:00+00:00
[2024-09-12T07:00:57.462+0000] {logging_mixin.py:150} INFO - [2024-09-12T07:00:57.462+0000] {dag.py:3504} INFO - Setting next_dagrun for example_branch_datetime_operator_3 to 2024-09-11T00:00:00+00:00, run_after=2024-09-12T00:00:00+00:00
[2024-09-12T07:00:57.491+0000] {processor.py:179} INFO - Processing /home/vscode/.local/lib/python3.10/site-packages/airflow/example_dags/example_branch_datetime_operator.py took 0.075 seconds
[2024-09-12T07:01:40.766+0000] {processor.py:157} INFO - Started process (PID=16326) to work on /home/vscode/.local/lib/python3.10/site-packages/airflow/example_dags/example_branch_datetime_operator.py
[2024-09-12T07:01:40.766+0000] {processor.py:826} INFO - Processing file /home/vscode/.local/lib/python3.10/site-packages/airflow/example_dags/example_branch_datetime_operator.py for tasks to queue
[2024-09-12T07:01:40.767+0000] {logging_mixin.py:150} INFO - [2024-09-12T07:01:40.767+0000] {dagbag.py:541} INFO - Filling up the DagBag from /home/vscode/.local/lib/python3.10/site-packages/airflow/example_dags/example_branch_datetime_operator.py
[2024-09-12T07:01:40.774+0000] {processor.py:836} INFO - DAG(s) dict_keys(['example_branch_datetime_operator', 'example_branch_datetime_operator_3', 'example_branch_datetime_operator_2']) retrieved from /home/vscode/.local/lib/python3.10/site-packages/airflow/example_dags/example_branch_datetime_operator.py
[2024-09-12T07:01:40.790+0000] {logging_mixin.py:150} INFO - [2024-09-12T07:01:40.790+0000] {dag.py:2742} INFO - Sync 3 DAGs
[2024-09-12T07:01:40.806+0000] {logging_mixin.py:150} INFO - [2024-09-12T07:01:40.806+0000] {dag.py:3504} INFO - Setting next_dagrun for example_branch_datetime_operator to 2024-09-11T00:00:00+00:00, run_after=2024-09-12T00:00:00+00:00
[2024-09-12T07:01:40.809+0000] {logging_mixin.py:150} INFO - [2024-09-12T07:01:40.809+0000] {dag.py:3504} INFO - Setting next_dagrun for example_branch_datetime_operator_2 to 2024-09-11T00:00:00+00:00, run_after=2024-09-12T00:00:00+00:00
[2024-09-12T07:01:40.811+0000] {logging_mixin.py:150} INFO - [2024-09-12T07:01:40.810+0000] {dag.py:3504} INFO - Setting next_dagrun for example_branch_datetime_operator_3 to 2024-09-11T00:00:00+00:00, run_after=2024-09-12T00:00:00+00:00
[2024-09-12T07:01:40.855+0000] {processor.py:179} INFO - Processing /home/vscode/.local/lib/python3.10/site-packages/airflow/example_dags/example_branch_datetime_operator.py took 0.092 seconds
[2024-09-12T07:02:32.409+0000] {processor.py:157} INFO - Started process (PID=16673) to work on /home/vscode/.local/lib/python3.10/site-packages/airflow/example_dags/example_branch_datetime_operator.py
[2024-09-12T07:02:32.410+0000] {processor.py:826} INFO - Processing file /home/vscode/.local/lib/python3.10/site-packages/airflow/example_dags/example_branch_datetime_operator.py for tasks to queue
[2024-09-12T07:02:32.410+0000] {logging_mixin.py:150} INFO - [2024-09-12T07:02:32.410+0000] {dagbag.py:541} INFO - Filling up the DagBag from /home/vscode/.local/lib/python3.10/site-packages/airflow/example_dags/example_branch_datetime_operator.py
[2024-09-12T07:02:32.417+0000] {processor.py:836} INFO - DAG(s) dict_keys(['example_branch_datetime_operator_2', 'example_branch_datetime_operator', 'example_branch_datetime_operator_3']) retrieved from /home/vscode/.local/lib/python3.10/site-packages/airflow/example_dags/example_branch_datetime_operator.py
[2024-09-12T07:02:32.433+0000] {logging_mixin.py:150} INFO - [2024-09-12T07:02:32.433+0000] {dag.py:2742} INFO - Sync 3 DAGs
[2024-09-12T07:02:32.448+0000] {logging_mixin.py:150} INFO - [2024-09-12T07:02:32.448+0000] {dag.py:3504} INFO - Setting next_dagrun for example_branch_datetime_operator to 2024-09-11T00:00:00+00:00, run_after=2024-09-12T00:00:00+00:00
[2024-09-12T07:02:32.451+0000] {logging_mixin.py:150} INFO - [2024-09-12T07:02:32.451+0000] {dag.py:3504} INFO - Setting next_dagrun for example_branch_datetime_operator_2 to 2024-09-11T00:00:00+00:00, run_after=2024-09-12T00:00:00+00:00
[2024-09-12T07:02:32.453+0000] {logging_mixin.py:150} INFO - [2024-09-12T07:02:32.452+0000] {dag.py:3504} INFO - Setting next_dagrun for example_branch_datetime_operator_3 to 2024-09-11T00:00:00+00:00, run_after=2024-09-12T00:00:00+00:00
[2024-09-12T07:02:32.501+0000] {processor.py:179} INFO - Processing /home/vscode/.local/lib/python3.10/site-packages/airflow/example_dags/example_branch_datetime_operator.py took 0.094 seconds
[2024-09-12T07:03:19.959+0000] {processor.py:157} INFO - Started process (PID=16992) to work on /home/vscode/.local/lib/python3.10/site-packages/airflow/example_dags/example_branch_datetime_operator.py
[2024-09-12T07:03:19.960+0000] {processor.py:826} INFO - Processing file /home/vscode/.local/lib/python3.10/site-packages/airflow/example_dags/example_branch_datetime_operator.py for tasks to queue
[2024-09-12T07:03:19.960+0000] {logging_mixin.py:150} INFO - [2024-09-12T07:03:19.960+0000] {dagbag.py:541} INFO - Filling up the DagBag from /home/vscode/.local/lib/python3.10/site-packages/airflow/example_dags/example_branch_datetime_operator.py
[2024-09-12T07:03:19.968+0000] {processor.py:836} INFO - DAG(s) dict_keys(['example_branch_datetime_operator_2', 'example_branch_datetime_operator_3', 'example_branch_datetime_operator']) retrieved from /home/vscode/.local/lib/python3.10/site-packages/airflow/example_dags/example_branch_datetime_operator.py
[2024-09-12T07:03:19.984+0000] {logging_mixin.py:150} INFO - [2024-09-12T07:03:19.983+0000] {dag.py:2742} INFO - Sync 3 DAGs
[2024-09-12T07:03:20.000+0000] {logging_mixin.py:150} INFO - [2024-09-12T07:03:20.000+0000] {dag.py:3504} INFO - Setting next_dagrun for example_branch_datetime_operator to 2024-09-11T00:00:00+00:00, run_after=2024-09-12T00:00:00+00:00
[2024-09-12T07:03:20.005+0000] {logging_mixin.py:150} INFO - [2024-09-12T07:03:20.004+0000] {dag.py:3504} INFO - Setting next_dagrun for example_branch_datetime_operator_2 to 2024-09-11T00:00:00+00:00, run_after=2024-09-12T00:00:00+00:00
[2024-09-12T07:03:20.007+0000] {logging_mixin.py:150} INFO - [2024-09-12T07:03:20.007+0000] {dag.py:3504} INFO - Setting next_dagrun for example_branch_datetime_operator_3 to 2024-09-11T00:00:00+00:00, run_after=2024-09-12T00:00:00+00:00
[2024-09-12T07:03:20.057+0000] {processor.py:179} INFO - Processing /home/vscode/.local/lib/python3.10/site-packages/airflow/example_dags/example_branch_datetime_operator.py took 0.101 seconds
[2024-09-12T07:04:10.520+0000] {processor.py:157} INFO - Started process (PID=17394) to work on /home/vscode/.local/lib/python3.10/site-packages/airflow/example_dags/example_branch_datetime_operator.py
[2024-09-12T07:04:10.521+0000] {processor.py:826} INFO - Processing file /home/vscode/.local/lib/python3.10/site-packages/airflow/example_dags/example_branch_datetime_operator.py for tasks to queue
[2024-09-12T07:04:10.521+0000] {logging_mixin.py:150} INFO - [2024-09-12T07:04:10.521+0000] {dagbag.py:541} INFO - Filling up the DagBag from /home/vscode/.local/lib/python3.10/site-packages/airflow/example_dags/example_branch_datetime_operator.py
[2024-09-12T07:04:10.529+0000] {processor.py:836} INFO - DAG(s) dict_keys(['example_branch_datetime_operator', 'example_branch_datetime_operator_3', 'example_branch_datetime_operator_2']) retrieved from /home/vscode/.local/lib/python3.10/site-packages/airflow/example_dags/example_branch_datetime_operator.py
[2024-09-12T07:04:10.545+0000] {logging_mixin.py:150} INFO - [2024-09-12T07:04:10.545+0000] {dag.py:2742} INFO - Sync 3 DAGs
[2024-09-12T07:04:10.560+0000] {logging_mixin.py:150} INFO - [2024-09-12T07:04:10.560+0000] {dag.py:3504} INFO - Setting next_dagrun for example_branch_datetime_operator to 2024-09-11T00:00:00+00:00, run_after=2024-09-12T00:00:00+00:00
[2024-09-12T07:04:10.563+0000] {logging_mixin.py:150} INFO - [2024-09-12T07:04:10.563+0000] {dag.py:3504} INFO - Setting next_dagrun for example_branch_datetime_operator_2 to 2024-09-11T00:00:00+00:00, run_after=2024-09-12T00:00:00+00:00
[2024-09-12T07:04:10.565+0000] {logging_mixin.py:150} INFO - [2024-09-12T07:04:10.565+0000] {dag.py:3504} INFO - Setting next_dagrun for example_branch_datetime_operator_3 to 2024-09-11T00:00:00+00:00, run_after=2024-09-12T00:00:00+00:00
[2024-09-12T07:04:10.599+0000] {processor.py:179} INFO - Processing /home/vscode/.local/lib/python3.10/site-packages/airflow/example_dags/example_branch_datetime_operator.py took 0.081 seconds
[2024-09-12T07:04:55.278+0000] {processor.py:157} INFO - Started process (PID=17715) to work on /home/vscode/.local/lib/python3.10/site-packages/airflow/example_dags/example_branch_datetime_operator.py
[2024-09-12T07:04:55.279+0000] {processor.py:826} INFO - Processing file /home/vscode/.local/lib/python3.10/site-packages/airflow/example_dags/example_branch_datetime_operator.py for tasks to queue
[2024-09-12T07:04:55.279+0000] {logging_mixin.py:150} INFO - [2024-09-12T07:04:55.279+0000] {dagbag.py:541} INFO - Filling up the DagBag from /home/vscode/.local/lib/python3.10/site-packages/airflow/example_dags/example_branch_datetime_operator.py
[2024-09-12T07:04:55.287+0000] {processor.py:836} INFO - DAG(s) dict_keys(['example_branch_datetime_operator_2', 'example_branch_datetime_operator', 'example_branch_datetime_operator_3']) retrieved from /home/vscode/.local/lib/python3.10/site-packages/airflow/example_dags/example_branch_datetime_operator.py
[2024-09-12T07:04:55.302+0000] {logging_mixin.py:150} INFO - [2024-09-12T07:04:55.302+0000] {dag.py:2742} INFO - Sync 3 DAGs
[2024-09-12T07:04:55.317+0000] {logging_mixin.py:150} INFO - [2024-09-12T07:04:55.317+0000] {dag.py:3504} INFO - Setting next_dagrun for example_branch_datetime_operator to 2024-09-11T00:00:00+00:00, run_after=2024-09-12T00:00:00+00:00
[2024-09-12T07:04:55.320+0000] {logging_mixin.py:150} INFO - [2024-09-12T07:04:55.320+0000] {dag.py:3504} INFO - Setting next_dagrun for example_branch_datetime_operator_2 to 2024-09-11T00:00:00+00:00, run_after=2024-09-12T00:00:00+00:00
[2024-09-12T07:04:55.322+0000] {logging_mixin.py:150} INFO - [2024-09-12T07:04:55.321+0000] {dag.py:3504} INFO - Setting next_dagrun for example_branch_datetime_operator_3 to 2024-09-11T00:00:00+00:00, run_after=2024-09-12T00:00:00+00:00
[2024-09-12T07:04:55.351+0000] {processor.py:179} INFO - Processing /home/vscode/.local/lib/python3.10/site-packages/airflow/example_dags/example_branch_datetime_operator.py took 0.075 seconds
[2024-09-12T07:05:40.953+0000] {processor.py:157} INFO - Started process (PID=18153) to work on /home/vscode/.local/lib/python3.10/site-packages/airflow/example_dags/example_branch_datetime_operator.py
[2024-09-12T07:05:40.954+0000] {processor.py:826} INFO - Processing file /home/vscode/.local/lib/python3.10/site-packages/airflow/example_dags/example_branch_datetime_operator.py for tasks to queue
[2024-09-12T07:05:40.955+0000] {logging_mixin.py:150} INFO - [2024-09-12T07:05:40.955+0000] {dagbag.py:541} INFO - Filling up the DagBag from /home/vscode/.local/lib/python3.10/site-packages/airflow/example_dags/example_branch_datetime_operator.py
[2024-09-12T07:05:40.966+0000] {processor.py:836} INFO - DAG(s) dict_keys(['example_branch_datetime_operator_3', 'example_branch_datetime_operator_2', 'example_branch_datetime_operator']) retrieved from /home/vscode/.local/lib/python3.10/site-packages/airflow/example_dags/example_branch_datetime_operator.py
[2024-09-12T07:05:40.989+0000] {logging_mixin.py:150} INFO - [2024-09-12T07:05:40.989+0000] {dag.py:2742} INFO - Sync 3 DAGs
[2024-09-12T07:05:41.010+0000] {logging_mixin.py:150} INFO - [2024-09-12T07:05:41.010+0000] {dag.py:3504} INFO - Setting next_dagrun for example_branch_datetime_operator to 2024-09-11T00:00:00+00:00, run_after=2024-09-12T00:00:00+00:00
[2024-09-12T07:05:41.014+0000] {logging_mixin.py:150} INFO - [2024-09-12T07:05:41.014+0000] {dag.py:3504} INFO - Setting next_dagrun for example_branch_datetime_operator_2 to 2024-09-11T00:00:00+00:00, run_after=2024-09-12T00:00:00+00:00
[2024-09-12T07:05:41.015+0000] {logging_mixin.py:150} INFO - [2024-09-12T07:05:41.015+0000] {dag.py:3504} INFO - Setting next_dagrun for example_branch_datetime_operator_3 to 2024-09-11T00:00:00+00:00, run_after=2024-09-12T00:00:00+00:00
[2024-09-12T07:05:41.060+0000] {processor.py:179} INFO - Processing /home/vscode/.local/lib/python3.10/site-packages/airflow/example_dags/example_branch_datetime_operator.py took 0.109 seconds
[2024-09-12T07:06:40.599+0000] {processor.py:157} INFO - Started process (PID=18615) to work on /home/vscode/.local/lib/python3.10/site-packages/airflow/example_dags/example_branch_datetime_operator.py
[2024-09-12T07:06:40.600+0000] {processor.py:826} INFO - Processing file /home/vscode/.local/lib/python3.10/site-packages/airflow/example_dags/example_branch_datetime_operator.py for tasks to queue
[2024-09-12T07:06:40.600+0000] {logging_mixin.py:150} INFO - [2024-09-12T07:06:40.600+0000] {dagbag.py:541} INFO - Filling up the DagBag from /home/vscode/.local/lib/python3.10/site-packages/airflow/example_dags/example_branch_datetime_operator.py
[2024-09-12T07:06:40.608+0000] {processor.py:836} INFO - DAG(s) dict_keys(['example_branch_datetime_operator', 'example_branch_datetime_operator_2', 'example_branch_datetime_operator_3']) retrieved from /home/vscode/.local/lib/python3.10/site-packages/airflow/example_dags/example_branch_datetime_operator.py
[2024-09-12T07:06:40.624+0000] {logging_mixin.py:150} INFO - [2024-09-12T07:06:40.624+0000] {dag.py:2742} INFO - Sync 3 DAGs
[2024-09-12T07:06:40.639+0000] {logging_mixin.py:150} INFO - [2024-09-12T07:06:40.639+0000] {dag.py:3504} INFO - Setting next_dagrun for example_branch_datetime_operator to 2024-09-11T00:00:00+00:00, run_after=2024-09-12T00:00:00+00:00
[2024-09-12T07:06:40.642+0000] {logging_mixin.py:150} INFO - [2024-09-12T07:06:40.642+0000] {dag.py:3504} INFO - Setting next_dagrun for example_branch_datetime_operator_2 to 2024-09-11T00:00:00+00:00, run_after=2024-09-12T00:00:00+00:00
[2024-09-12T07:06:40.643+0000] {logging_mixin.py:150} INFO - [2024-09-12T07:06:40.643+0000] {dag.py:3504} INFO - Setting next_dagrun for example_branch_datetime_operator_3 to 2024-09-11T00:00:00+00:00, run_after=2024-09-12T00:00:00+00:00
[2024-09-12T07:06:40.707+0000] {processor.py:179} INFO - Processing /home/vscode/.local/lib/python3.10/site-packages/airflow/example_dags/example_branch_datetime_operator.py took 0.110 seconds
[2024-09-12T07:07:25.548+0000] {processor.py:157} INFO - Started process (PID=18913) to work on /home/vscode/.local/lib/python3.10/site-packages/airflow/example_dags/example_branch_datetime_operator.py
[2024-09-12T07:07:25.549+0000] {processor.py:826} INFO - Processing file /home/vscode/.local/lib/python3.10/site-packages/airflow/example_dags/example_branch_datetime_operator.py for tasks to queue
[2024-09-12T07:07:25.549+0000] {logging_mixin.py:150} INFO - [2024-09-12T07:07:25.549+0000] {dagbag.py:541} INFO - Filling up the DagBag from /home/vscode/.local/lib/python3.10/site-packages/airflow/example_dags/example_branch_datetime_operator.py
[2024-09-12T07:07:25.556+0000] {processor.py:836} INFO - DAG(s) dict_keys(['example_branch_datetime_operator', 'example_branch_datetime_operator_3', 'example_branch_datetime_operator_2']) retrieved from /home/vscode/.local/lib/python3.10/site-packages/airflow/example_dags/example_branch_datetime_operator.py
[2024-09-12T07:07:25.572+0000] {logging_mixin.py:150} INFO - [2024-09-12T07:07:25.572+0000] {dag.py:2742} INFO - Sync 3 DAGs
[2024-09-12T07:07:25.587+0000] {logging_mixin.py:150} INFO - [2024-09-12T07:07:25.587+0000] {dag.py:3504} INFO - Setting next_dagrun for example_branch_datetime_operator to 2024-09-11T00:00:00+00:00, run_after=2024-09-12T00:00:00+00:00
[2024-09-12T07:07:25.590+0000] {logging_mixin.py:150} INFO - [2024-09-12T07:07:25.590+0000] {dag.py:3504} INFO - Setting next_dagrun for example_branch_datetime_operator_2 to 2024-09-11T00:00:00+00:00, run_after=2024-09-12T00:00:00+00:00
[2024-09-12T07:07:25.592+0000] {logging_mixin.py:150} INFO - [2024-09-12T07:07:25.591+0000] {dag.py:3504} INFO - Setting next_dagrun for example_branch_datetime_operator_3 to 2024-09-11T00:00:00+00:00, run_after=2024-09-12T00:00:00+00:00
[2024-09-12T07:07:25.628+0000] {processor.py:179} INFO - Processing /home/vscode/.local/lib/python3.10/site-packages/airflow/example_dags/example_branch_datetime_operator.py took 0.083 seconds
[2024-09-12T07:08:22.754+0000] {processor.py:157} INFO - Started process (PID=19344) to work on /home/vscode/.local/lib/python3.10/site-packages/airflow/example_dags/example_branch_datetime_operator.py
[2024-09-12T07:08:22.755+0000] {processor.py:826} INFO - Processing file /home/vscode/.local/lib/python3.10/site-packages/airflow/example_dags/example_branch_datetime_operator.py for tasks to queue
[2024-09-12T07:08:22.755+0000] {logging_mixin.py:150} INFO - [2024-09-12T07:08:22.755+0000] {dagbag.py:541} INFO - Filling up the DagBag from /home/vscode/.local/lib/python3.10/site-packages/airflow/example_dags/example_branch_datetime_operator.py
[2024-09-12T07:08:22.762+0000] {processor.py:836} INFO - DAG(s) dict_keys(['example_branch_datetime_operator_2', 'example_branch_datetime_operator_3', 'example_branch_datetime_operator']) retrieved from /home/vscode/.local/lib/python3.10/site-packages/airflow/example_dags/example_branch_datetime_operator.py
[2024-09-12T07:08:22.778+0000] {logging_mixin.py:150} INFO - [2024-09-12T07:08:22.778+0000] {dag.py:2742} INFO - Sync 3 DAGs
[2024-09-12T07:08:22.793+0000] {logging_mixin.py:150} INFO - [2024-09-12T07:08:22.793+0000] {dag.py:3504} INFO - Setting next_dagrun for example_branch_datetime_operator to 2024-09-11T00:00:00+00:00, run_after=2024-09-12T00:00:00+00:00
[2024-09-12T07:08:22.796+0000] {logging_mixin.py:150} INFO - [2024-09-12T07:08:22.796+0000] {dag.py:3504} INFO - Setting next_dagrun for example_branch_datetime_operator_2 to 2024-09-11T00:00:00+00:00, run_after=2024-09-12T00:00:00+00:00
[2024-09-12T07:08:22.798+0000] {logging_mixin.py:150} INFO - [2024-09-12T07:08:22.798+0000] {dag.py:3504} INFO - Setting next_dagrun for example_branch_datetime_operator_3 to 2024-09-11T00:00:00+00:00, run_after=2024-09-12T00:00:00+00:00
[2024-09-12T07:08:22.832+0000] {processor.py:179} INFO - Processing /home/vscode/.local/lib/python3.10/site-packages/airflow/example_dags/example_branch_datetime_operator.py took 0.080 seconds
[2024-09-12T07:09:09.742+0000] {processor.py:157} INFO - Started process (PID=19728) to work on /home/vscode/.local/lib/python3.10/site-packages/airflow/example_dags/example_branch_datetime_operator.py
[2024-09-12T07:09:09.742+0000] {processor.py:826} INFO - Processing file /home/vscode/.local/lib/python3.10/site-packages/airflow/example_dags/example_branch_datetime_operator.py for tasks to queue
[2024-09-12T07:09:09.743+0000] {logging_mixin.py:150} INFO - [2024-09-12T07:09:09.743+0000] {dagbag.py:541} INFO - Filling up the DagBag from /home/vscode/.local/lib/python3.10/site-packages/airflow/example_dags/example_branch_datetime_operator.py
[2024-09-12T07:09:09.750+0000] {processor.py:836} INFO - DAG(s) dict_keys(['example_branch_datetime_operator_2', 'example_branch_datetime_operator', 'example_branch_datetime_operator_3']) retrieved from /home/vscode/.local/lib/python3.10/site-packages/airflow/example_dags/example_branch_datetime_operator.py
[2024-09-12T07:09:09.767+0000] {logging_mixin.py:150} INFO - [2024-09-12T07:09:09.766+0000] {dag.py:2742} INFO - Sync 3 DAGs
[2024-09-12T07:09:09.787+0000] {logging_mixin.py:150} INFO - [2024-09-12T07:09:09.787+0000] {dag.py:3504} INFO - Setting next_dagrun for example_branch_datetime_operator to 2024-09-11T00:00:00+00:00, run_after=2024-09-12T00:00:00+00:00
[2024-09-12T07:09:09.792+0000] {logging_mixin.py:150} INFO - [2024-09-12T07:09:09.792+0000] {dag.py:3504} INFO - Setting next_dagrun for example_branch_datetime_operator_2 to 2024-09-11T00:00:00+00:00, run_after=2024-09-12T00:00:00+00:00
[2024-09-12T07:09:09.795+0000] {logging_mixin.py:150} INFO - [2024-09-12T07:09:09.794+0000] {dag.py:3504} INFO - Setting next_dagrun for example_branch_datetime_operator_3 to 2024-09-11T00:00:00+00:00, run_after=2024-09-12T00:00:00+00:00
[2024-09-12T07:09:09.832+0000] {processor.py:179} INFO - Processing /home/vscode/.local/lib/python3.10/site-packages/airflow/example_dags/example_branch_datetime_operator.py took 0.093 seconds
[2024-09-12T07:09:54.228+0000] {processor.py:157} INFO - Started process (PID=20052) to work on /home/vscode/.local/lib/python3.10/site-packages/airflow/example_dags/example_branch_datetime_operator.py
[2024-09-12T07:09:54.229+0000] {processor.py:826} INFO - Processing file /home/vscode/.local/lib/python3.10/site-packages/airflow/example_dags/example_branch_datetime_operator.py for tasks to queue
[2024-09-12T07:09:54.229+0000] {logging_mixin.py:150} INFO - [2024-09-12T07:09:54.229+0000] {dagbag.py:541} INFO - Filling up the DagBag from /home/vscode/.local/lib/python3.10/site-packages/airflow/example_dags/example_branch_datetime_operator.py
[2024-09-12T07:09:54.237+0000] {processor.py:836} INFO - DAG(s) dict_keys(['example_branch_datetime_operator_3', 'example_branch_datetime_operator_2', 'example_branch_datetime_operator']) retrieved from /home/vscode/.local/lib/python3.10/site-packages/airflow/example_dags/example_branch_datetime_operator.py
[2024-09-12T07:09:54.253+0000] {logging_mixin.py:150} INFO - [2024-09-12T07:09:54.253+0000] {dag.py:2742} INFO - Sync 3 DAGs
[2024-09-12T07:09:54.268+0000] {logging_mixin.py:150} INFO - [2024-09-12T07:09:54.268+0000] {dag.py:3504} INFO - Setting next_dagrun for example_branch_datetime_operator to 2024-09-11T00:00:00+00:00, run_after=2024-09-12T00:00:00+00:00
[2024-09-12T07:09:54.272+0000] {logging_mixin.py:150} INFO - [2024-09-12T07:09:54.271+0000] {dag.py:3504} INFO - Setting next_dagrun for example_branch_datetime_operator_2 to 2024-09-11T00:00:00+00:00, run_after=2024-09-12T00:00:00+00:00
[2024-09-12T07:09:54.273+0000] {logging_mixin.py:150} INFO - [2024-09-12T07:09:54.273+0000] {dag.py:3504} INFO - Setting next_dagrun for example_branch_datetime_operator_3 to 2024-09-11T00:00:00+00:00, run_after=2024-09-12T00:00:00+00:00
[2024-09-12T07:09:54.301+0000] {processor.py:179} INFO - Processing /home/vscode/.local/lib/python3.10/site-packages/airflow/example_dags/example_branch_datetime_operator.py took 0.075 seconds
