[2024-09-12T06:39:58.035+0000] {processor.py:157} INFO - Started process (PID=7568) to work on /home/vscode/.local/lib/python3.10/site-packages/airflow/example_dags/example_dag_decorator.py
[2024-09-12T06:39:58.036+0000] {processor.py:826} INFO - Processing file /home/vscode/.local/lib/python3.10/site-packages/airflow/example_dags/example_dag_decorator.py for tasks to queue
[2024-09-12T06:39:58.036+0000] {logging_mixin.py:150} INFO - [2024-09-12T06:39:58.036+0000] {dagbag.py:541} INFO - Filling up the DagBag from /home/vscode/.local/lib/python3.10/site-packages/airflow/example_dags/example_dag_decorator.py
[2024-09-12T06:39:58.137+0000] {processor.py:836} INFO - DAG(s) dict_keys(['example_dag_decorator']) retrieved from /home/vscode/.local/lib/python3.10/site-packages/airflow/example_dags/example_dag_decorator.py
[2024-09-12T06:39:58.285+0000] {logging_mixin.py:150} INFO - [2024-09-12T06:39:58.285+0000] {manager.py:504} INFO - Created Permission View: can delete on DAG:example_dag_decorator
[2024-09-12T06:39:58.313+0000] {logging_mixin.py:150} INFO - [2024-09-12T06:39:58.313+0000] {manager.py:504} INFO - Created Permission View: can read on DAG:example_dag_decorator
[2024-09-12T06:39:58.341+0000] {logging_mixin.py:150} INFO - [2024-09-12T06:39:58.341+0000] {manager.py:504} INFO - Created Permission View: can edit on DAG:example_dag_decorator
[2024-09-12T06:39:58.348+0000] {logging_mixin.py:150} INFO - [2024-09-12T06:39:58.348+0000] {dag.py:2742} INFO - Sync 1 DAGs
[2024-09-12T06:39:58.355+0000] {logging_mixin.py:150} INFO - [2024-09-12T06:39:58.355+0000] {dag.py:2763} INFO - Creating ORM DAG for example_dag_decorator
[2024-09-12T06:39:58.362+0000] {logging_mixin.py:150} INFO - [2024-09-12T06:39:58.362+0000] {dag.py:3504} INFO - Setting next_dagrun for example_dag_decorator to None, run_after=None
[2024-09-12T06:39:58.422+0000] {processor.py:179} INFO - Processing /home/vscode/.local/lib/python3.10/site-packages/airflow/example_dags/example_dag_decorator.py took 0.389 seconds
[2024-09-12T06:40:48.422+0000] {processor.py:157} INFO - Started process (PID=7895) to work on /home/vscode/.local/lib/python3.10/site-packages/airflow/example_dags/example_dag_decorator.py
[2024-09-12T06:40:48.423+0000] {processor.py:826} INFO - Processing file /home/vscode/.local/lib/python3.10/site-packages/airflow/example_dags/example_dag_decorator.py for tasks to queue
[2024-09-12T06:40:48.423+0000] {logging_mixin.py:150} INFO - [2024-09-12T06:40:48.423+0000] {dagbag.py:541} INFO - Filling up the DagBag from /home/vscode/.local/lib/python3.10/site-packages/airflow/example_dags/example_dag_decorator.py
[2024-09-12T06:40:48.432+0000] {processor.py:836} INFO - DAG(s) dict_keys(['example_dag_decorator']) retrieved from /home/vscode/.local/lib/python3.10/site-packages/airflow/example_dags/example_dag_decorator.py
[2024-09-12T06:40:48.506+0000] {logging_mixin.py:150} INFO - [2024-09-12T06:40:48.505+0000] {dag.py:2742} INFO - Sync 1 DAGs
[2024-09-12T06:40:48.518+0000] {logging_mixin.py:150} INFO - [2024-09-12T06:40:48.518+0000] {dag.py:3504} INFO - Setting next_dagrun for example_dag_decorator to None, run_after=None
[2024-09-12T06:40:48.553+0000] {processor.py:179} INFO - Processing /home/vscode/.local/lib/python3.10/site-packages/airflow/example_dags/example_dag_decorator.py took 0.133 seconds
[2024-09-12T06:41:32.477+0000] {processor.py:157} INFO - Started process (PID=8199) to work on /home/vscode/.local/lib/python3.10/site-packages/airflow/example_dags/example_dag_decorator.py
[2024-09-12T06:41:32.477+0000] {processor.py:826} INFO - Processing file /home/vscode/.local/lib/python3.10/site-packages/airflow/example_dags/example_dag_decorator.py for tasks to queue
[2024-09-12T06:41:32.478+0000] {logging_mixin.py:150} INFO - [2024-09-12T06:41:32.478+0000] {dagbag.py:541} INFO - Filling up the DagBag from /home/vscode/.local/lib/python3.10/site-packages/airflow/example_dags/example_dag_decorator.py
[2024-09-12T06:41:32.486+0000] {processor.py:836} INFO - DAG(s) dict_keys(['example_dag_decorator']) retrieved from /home/vscode/.local/lib/python3.10/site-packages/airflow/example_dags/example_dag_decorator.py
[2024-09-12T06:41:32.568+0000] {logging_mixin.py:150} INFO - [2024-09-12T06:41:32.568+0000] {dag.py:2742} INFO - Sync 1 DAGs
[2024-09-12T06:41:32.582+0000] {logging_mixin.py:150} INFO - [2024-09-12T06:41:32.582+0000] {dag.py:3504} INFO - Setting next_dagrun for example_dag_decorator to None, run_after=None
[2024-09-12T06:41:32.633+0000] {processor.py:179} INFO - Processing /home/vscode/.local/lib/python3.10/site-packages/airflow/example_dags/example_dag_decorator.py took 0.158 seconds
[2024-09-12T06:42:18.840+0000] {processor.py:157} INFO - Started process (PID=8501) to work on /home/vscode/.local/lib/python3.10/site-packages/airflow/example_dags/example_dag_decorator.py
[2024-09-12T06:42:18.841+0000] {processor.py:826} INFO - Processing file /home/vscode/.local/lib/python3.10/site-packages/airflow/example_dags/example_dag_decorator.py for tasks to queue
[2024-09-12T06:42:18.841+0000] {logging_mixin.py:150} INFO - [2024-09-12T06:42:18.841+0000] {dagbag.py:541} INFO - Filling up the DagBag from /home/vscode/.local/lib/python3.10/site-packages/airflow/example_dags/example_dag_decorator.py
[2024-09-12T06:42:18.850+0000] {processor.py:836} INFO - DAG(s) dict_keys(['example_dag_decorator']) retrieved from /home/vscode/.local/lib/python3.10/site-packages/airflow/example_dags/example_dag_decorator.py
[2024-09-12T06:42:18.923+0000] {logging_mixin.py:150} INFO - [2024-09-12T06:42:18.923+0000] {dag.py:2742} INFO - Sync 1 DAGs
[2024-09-12T06:42:18.935+0000] {logging_mixin.py:150} INFO - [2024-09-12T06:42:18.935+0000] {dag.py:3504} INFO - Setting next_dagrun for example_dag_decorator to None, run_after=None
[2024-09-12T06:42:18.979+0000] {processor.py:179} INFO - Processing /home/vscode/.local/lib/python3.10/site-packages/airflow/example_dags/example_dag_decorator.py took 0.141 seconds
[2024-09-12T06:43:03.342+0000] {processor.py:157} INFO - Started process (PID=8806) to work on /home/vscode/.local/lib/python3.10/site-packages/airflow/example_dags/example_dag_decorator.py
[2024-09-12T06:43:03.342+0000] {processor.py:826} INFO - Processing file /home/vscode/.local/lib/python3.10/site-packages/airflow/example_dags/example_dag_decorator.py for tasks to queue
[2024-09-12T06:43:03.343+0000] {logging_mixin.py:150} INFO - [2024-09-12T06:43:03.343+0000] {dagbag.py:541} INFO - Filling up the DagBag from /home/vscode/.local/lib/python3.10/site-packages/airflow/example_dags/example_dag_decorator.py
[2024-09-12T06:43:03.351+0000] {processor.py:836} INFO - DAG(s) dict_keys(['example_dag_decorator']) retrieved from /home/vscode/.local/lib/python3.10/site-packages/airflow/example_dags/example_dag_decorator.py
[2024-09-12T06:43:03.452+0000] {logging_mixin.py:150} INFO - [2024-09-12T06:43:03.451+0000] {dag.py:2742} INFO - Sync 1 DAGs
[2024-09-12T06:43:03.468+0000] {logging_mixin.py:150} INFO - [2024-09-12T06:43:03.468+0000] {dag.py:3504} INFO - Setting next_dagrun for example_dag_decorator to None, run_after=None
[2024-09-12T06:43:03.513+0000] {processor.py:179} INFO - Processing /home/vscode/.local/lib/python3.10/site-packages/airflow/example_dags/example_dag_decorator.py took 0.173 seconds
[2024-09-12T06:43:46.149+0000] {processor.py:157} INFO - Started process (PID=9093) to work on /home/vscode/.local/lib/python3.10/site-packages/airflow/example_dags/example_dag_decorator.py
[2024-09-12T06:43:46.150+0000] {processor.py:826} INFO - Processing file /home/vscode/.local/lib/python3.10/site-packages/airflow/example_dags/example_dag_decorator.py for tasks to queue
[2024-09-12T06:43:46.152+0000] {logging_mixin.py:150} INFO - [2024-09-12T06:43:46.151+0000] {dagbag.py:541} INFO - Filling up the DagBag from /home/vscode/.local/lib/python3.10/site-packages/airflow/example_dags/example_dag_decorator.py
[2024-09-12T06:43:46.164+0000] {processor.py:836} INFO - DAG(s) dict_keys(['example_dag_decorator']) retrieved from /home/vscode/.local/lib/python3.10/site-packages/airflow/example_dags/example_dag_decorator.py
[2024-09-12T06:43:46.254+0000] {logging_mixin.py:150} INFO - [2024-09-12T06:43:46.254+0000] {dag.py:2742} INFO - Sync 1 DAGs
[2024-09-12T06:43:46.269+0000] {logging_mixin.py:150} INFO - [2024-09-12T06:43:46.269+0000] {dag.py:3504} INFO - Setting next_dagrun for example_dag_decorator to None, run_after=None
[2024-09-12T06:43:46.310+0000] {processor.py:179} INFO - Processing /home/vscode/.local/lib/python3.10/site-packages/airflow/example_dags/example_dag_decorator.py took 0.165 seconds
[2024-09-12T06:44:26.153+0000] {processor.py:157} INFO - Started process (PID=9365) to work on /home/vscode/.local/lib/python3.10/site-packages/airflow/example_dags/example_dag_decorator.py
[2024-09-12T06:44:26.153+0000] {processor.py:826} INFO - Processing file /home/vscode/.local/lib/python3.10/site-packages/airflow/example_dags/example_dag_decorator.py for tasks to queue
[2024-09-12T06:44:26.154+0000] {logging_mixin.py:150} INFO - [2024-09-12T06:44:26.154+0000] {dagbag.py:541} INFO - Filling up the DagBag from /home/vscode/.local/lib/python3.10/site-packages/airflow/example_dags/example_dag_decorator.py
[2024-09-12T06:44:26.162+0000] {processor.py:836} INFO - DAG(s) dict_keys(['example_dag_decorator']) retrieved from /home/vscode/.local/lib/python3.10/site-packages/airflow/example_dags/example_dag_decorator.py
[2024-09-12T06:44:26.237+0000] {logging_mixin.py:150} INFO - [2024-09-12T06:44:26.237+0000] {dag.py:2742} INFO - Sync 1 DAGs
[2024-09-12T06:44:26.249+0000] {logging_mixin.py:150} INFO - [2024-09-12T06:44:26.249+0000] {dag.py:3504} INFO - Setting next_dagrun for example_dag_decorator to None, run_after=None
[2024-09-12T06:44:26.280+0000] {processor.py:179} INFO - Processing /home/vscode/.local/lib/python3.10/site-packages/airflow/example_dags/example_dag_decorator.py took 0.129 seconds
[2024-09-12T06:45:11.451+0000] {processor.py:157} INFO - Started process (PID=9662) to work on /home/vscode/.local/lib/python3.10/site-packages/airflow/example_dags/example_dag_decorator.py
[2024-09-12T06:45:11.452+0000] {processor.py:826} INFO - Processing file /home/vscode/.local/lib/python3.10/site-packages/airflow/example_dags/example_dag_decorator.py for tasks to queue
[2024-09-12T06:45:11.453+0000] {logging_mixin.py:150} INFO - [2024-09-12T06:45:11.452+0000] {dagbag.py:541} INFO - Filling up the DagBag from /home/vscode/.local/lib/python3.10/site-packages/airflow/example_dags/example_dag_decorator.py
[2024-09-12T06:45:11.461+0000] {processor.py:836} INFO - DAG(s) dict_keys(['example_dag_decorator']) retrieved from /home/vscode/.local/lib/python3.10/site-packages/airflow/example_dags/example_dag_decorator.py
[2024-09-12T06:45:11.534+0000] {logging_mixin.py:150} INFO - [2024-09-12T06:45:11.534+0000] {dag.py:2742} INFO - Sync 1 DAGs
[2024-09-12T06:45:11.548+0000] {logging_mixin.py:150} INFO - [2024-09-12T06:45:11.547+0000] {dag.py:3504} INFO - Setting next_dagrun for example_dag_decorator to None, run_after=None
[2024-09-12T06:45:11.592+0000] {processor.py:179} INFO - Processing /home/vscode/.local/lib/python3.10/site-packages/airflow/example_dags/example_dag_decorator.py took 0.143 seconds
[2024-09-12T06:45:58.014+0000] {processor.py:157} INFO - Started process (PID=9979) to work on /home/vscode/.local/lib/python3.10/site-packages/airflow/example_dags/example_dag_decorator.py
[2024-09-12T06:45:58.014+0000] {processor.py:826} INFO - Processing file /home/vscode/.local/lib/python3.10/site-packages/airflow/example_dags/example_dag_decorator.py for tasks to queue
[2024-09-12T06:45:58.015+0000] {logging_mixin.py:150} INFO - [2024-09-12T06:45:58.015+0000] {dagbag.py:541} INFO - Filling up the DagBag from /home/vscode/.local/lib/python3.10/site-packages/airflow/example_dags/example_dag_decorator.py
[2024-09-12T06:45:58.023+0000] {processor.py:836} INFO - DAG(s) dict_keys(['example_dag_decorator']) retrieved from /home/vscode/.local/lib/python3.10/site-packages/airflow/example_dags/example_dag_decorator.py
[2024-09-12T06:45:58.097+0000] {logging_mixin.py:150} INFO - [2024-09-12T06:45:58.097+0000] {dag.py:2742} INFO - Sync 1 DAGs
[2024-09-12T06:45:58.109+0000] {logging_mixin.py:150} INFO - [2024-09-12T06:45:58.109+0000] {dag.py:3504} INFO - Setting next_dagrun for example_dag_decorator to None, run_after=None
[2024-09-12T06:45:58.139+0000] {processor.py:179} INFO - Processing /home/vscode/.local/lib/python3.10/site-packages/airflow/example_dags/example_dag_decorator.py took 0.127 seconds
[2024-09-12T06:46:42.375+0000] {processor.py:157} INFO - Started process (PID=10281) to work on /home/vscode/.local/lib/python3.10/site-packages/airflow/example_dags/example_dag_decorator.py
[2024-09-12T06:46:42.376+0000] {processor.py:826} INFO - Processing file /home/vscode/.local/lib/python3.10/site-packages/airflow/example_dags/example_dag_decorator.py for tasks to queue
[2024-09-12T06:46:42.376+0000] {logging_mixin.py:150} INFO - [2024-09-12T06:46:42.376+0000] {dagbag.py:541} INFO - Filling up the DagBag from /home/vscode/.local/lib/python3.10/site-packages/airflow/example_dags/example_dag_decorator.py
[2024-09-12T06:46:42.385+0000] {processor.py:836} INFO - DAG(s) dict_keys(['example_dag_decorator']) retrieved from /home/vscode/.local/lib/python3.10/site-packages/airflow/example_dags/example_dag_decorator.py
[2024-09-12T06:46:42.458+0000] {logging_mixin.py:150} INFO - [2024-09-12T06:46:42.458+0000] {dag.py:2742} INFO - Sync 1 DAGs
[2024-09-12T06:46:42.470+0000] {logging_mixin.py:150} INFO - [2024-09-12T06:46:42.470+0000] {dag.py:3504} INFO - Setting next_dagrun for example_dag_decorator to None, run_after=None
[2024-09-12T06:46:42.512+0000] {processor.py:179} INFO - Processing /home/vscode/.local/lib/python3.10/site-packages/airflow/example_dags/example_dag_decorator.py took 0.139 seconds
[2024-09-12T06:47:28.792+0000] {processor.py:157} INFO - Started process (PID=10593) to work on /home/vscode/.local/lib/python3.10/site-packages/airflow/example_dags/example_dag_decorator.py
[2024-09-12T06:47:28.793+0000] {processor.py:826} INFO - Processing file /home/vscode/.local/lib/python3.10/site-packages/airflow/example_dags/example_dag_decorator.py for tasks to queue
[2024-09-12T06:47:28.794+0000] {logging_mixin.py:150} INFO - [2024-09-12T06:47:28.793+0000] {dagbag.py:541} INFO - Filling up the DagBag from /home/vscode/.local/lib/python3.10/site-packages/airflow/example_dags/example_dag_decorator.py
[2024-09-12T06:47:28.802+0000] {processor.py:836} INFO - DAG(s) dict_keys(['example_dag_decorator']) retrieved from /home/vscode/.local/lib/python3.10/site-packages/airflow/example_dags/example_dag_decorator.py
[2024-09-12T06:47:28.877+0000] {logging_mixin.py:150} INFO - [2024-09-12T06:47:28.877+0000] {dag.py:2742} INFO - Sync 1 DAGs
[2024-09-12T06:47:28.890+0000] {logging_mixin.py:150} INFO - [2024-09-12T06:47:28.890+0000] {dag.py:3504} INFO - Setting next_dagrun for example_dag_decorator to None, run_after=None
[2024-09-12T06:47:28.927+0000] {processor.py:179} INFO - Processing /home/vscode/.local/lib/python3.10/site-packages/airflow/example_dags/example_dag_decorator.py took 0.137 seconds
[2024-09-12T06:48:13.590+0000] {processor.py:157} INFO - Started process (PID=10896) to work on /home/vscode/.local/lib/python3.10/site-packages/airflow/example_dags/example_dag_decorator.py
[2024-09-12T06:48:13.590+0000] {processor.py:826} INFO - Processing file /home/vscode/.local/lib/python3.10/site-packages/airflow/example_dags/example_dag_decorator.py for tasks to queue
[2024-09-12T06:48:13.591+0000] {logging_mixin.py:150} INFO - [2024-09-12T06:48:13.591+0000] {dagbag.py:541} INFO - Filling up the DagBag from /home/vscode/.local/lib/python3.10/site-packages/airflow/example_dags/example_dag_decorator.py
[2024-09-12T06:48:13.599+0000] {processor.py:836} INFO - DAG(s) dict_keys(['example_dag_decorator']) retrieved from /home/vscode/.local/lib/python3.10/site-packages/airflow/example_dags/example_dag_decorator.py
[2024-09-12T06:48:13.673+0000] {logging_mixin.py:150} INFO - [2024-09-12T06:48:13.673+0000] {dag.py:2742} INFO - Sync 1 DAGs
[2024-09-12T06:48:13.685+0000] {logging_mixin.py:150} INFO - [2024-09-12T06:48:13.685+0000] {dag.py:3504} INFO - Setting next_dagrun for example_dag_decorator to None, run_after=None
[2024-09-12T06:48:13.718+0000] {processor.py:179} INFO - Processing /home/vscode/.local/lib/python3.10/site-packages/airflow/example_dags/example_dag_decorator.py took 0.131 seconds
[2024-09-12T06:48:55.565+0000] {processor.py:157} INFO - Started process (PID=11175) to work on /home/vscode/.local/lib/python3.10/site-packages/airflow/example_dags/example_dag_decorator.py
[2024-09-12T06:48:55.566+0000] {processor.py:826} INFO - Processing file /home/vscode/.local/lib/python3.10/site-packages/airflow/example_dags/example_dag_decorator.py for tasks to queue
[2024-09-12T06:48:55.566+0000] {logging_mixin.py:150} INFO - [2024-09-12T06:48:55.566+0000] {dagbag.py:541} INFO - Filling up the DagBag from /home/vscode/.local/lib/python3.10/site-packages/airflow/example_dags/example_dag_decorator.py
[2024-09-12T06:48:55.575+0000] {processor.py:836} INFO - DAG(s) dict_keys(['example_dag_decorator']) retrieved from /home/vscode/.local/lib/python3.10/site-packages/airflow/example_dags/example_dag_decorator.py
[2024-09-12T06:48:55.649+0000] {logging_mixin.py:150} INFO - [2024-09-12T06:48:55.648+0000] {dag.py:2742} INFO - Sync 1 DAGs
[2024-09-12T06:48:55.661+0000] {logging_mixin.py:150} INFO - [2024-09-12T06:48:55.661+0000] {dag.py:3504} INFO - Setting next_dagrun for example_dag_decorator to None, run_after=None
[2024-09-12T06:48:55.704+0000] {processor.py:179} INFO - Processing /home/vscode/.local/lib/python3.10/site-packages/airflow/example_dags/example_dag_decorator.py took 0.140 seconds
[2024-09-12T06:49:39.149+0000] {processor.py:157} INFO - Started process (PID=11473) to work on /home/vscode/.local/lib/python3.10/site-packages/airflow/example_dags/example_dag_decorator.py
[2024-09-12T06:49:39.149+0000] {processor.py:826} INFO - Processing file /home/vscode/.local/lib/python3.10/site-packages/airflow/example_dags/example_dag_decorator.py for tasks to queue
[2024-09-12T06:49:39.150+0000] {logging_mixin.py:150} INFO - [2024-09-12T06:49:39.150+0000] {dagbag.py:541} INFO - Filling up the DagBag from /home/vscode/.local/lib/python3.10/site-packages/airflow/example_dags/example_dag_decorator.py
[2024-09-12T06:49:39.159+0000] {processor.py:836} INFO - DAG(s) dict_keys(['example_dag_decorator']) retrieved from /home/vscode/.local/lib/python3.10/site-packages/airflow/example_dags/example_dag_decorator.py
[2024-09-12T06:49:39.235+0000] {logging_mixin.py:150} INFO - [2024-09-12T06:49:39.235+0000] {dag.py:2742} INFO - Sync 1 DAGs
[2024-09-12T06:49:39.247+0000] {logging_mixin.py:150} INFO - [2024-09-12T06:49:39.247+0000] {dag.py:3504} INFO - Setting next_dagrun for example_dag_decorator to None, run_after=None
[2024-09-12T06:49:39.289+0000] {processor.py:179} INFO - Processing /home/vscode/.local/lib/python3.10/site-packages/airflow/example_dags/example_dag_decorator.py took 0.142 seconds
[2024-09-12T06:50:31.738+0000] {processor.py:157} INFO - Started process (PID=11821) to work on /home/vscode/.local/lib/python3.10/site-packages/airflow/example_dags/example_dag_decorator.py
[2024-09-12T06:50:31.738+0000] {processor.py:826} INFO - Processing file /home/vscode/.local/lib/python3.10/site-packages/airflow/example_dags/example_dag_decorator.py for tasks to queue
[2024-09-12T06:50:31.739+0000] {logging_mixin.py:150} INFO - [2024-09-12T06:50:31.739+0000] {dagbag.py:541} INFO - Filling up the DagBag from /home/vscode/.local/lib/python3.10/site-packages/airflow/example_dags/example_dag_decorator.py
[2024-09-12T06:50:31.747+0000] {processor.py:836} INFO - DAG(s) dict_keys(['example_dag_decorator']) retrieved from /home/vscode/.local/lib/python3.10/site-packages/airflow/example_dags/example_dag_decorator.py
[2024-09-12T06:50:31.820+0000] {logging_mixin.py:150} INFO - [2024-09-12T06:50:31.820+0000] {dag.py:2742} INFO - Sync 1 DAGs
[2024-09-12T06:50:31.832+0000] {logging_mixin.py:150} INFO - [2024-09-12T06:50:31.832+0000] {dag.py:3504} INFO - Setting next_dagrun for example_dag_decorator to None, run_after=None
[2024-09-12T06:50:31.867+0000] {processor.py:179} INFO - Processing /home/vscode/.local/lib/python3.10/site-packages/airflow/example_dags/example_dag_decorator.py took 0.132 seconds
[2024-09-12T06:51:17.212+0000] {processor.py:157} INFO - Started process (PID=12134) to work on /home/vscode/.local/lib/python3.10/site-packages/airflow/example_dags/example_dag_decorator.py
[2024-09-12T06:51:17.213+0000] {processor.py:826} INFO - Processing file /home/vscode/.local/lib/python3.10/site-packages/airflow/example_dags/example_dag_decorator.py for tasks to queue
[2024-09-12T06:51:17.213+0000] {logging_mixin.py:150} INFO - [2024-09-12T06:51:17.213+0000] {dagbag.py:541} INFO - Filling up the DagBag from /home/vscode/.local/lib/python3.10/site-packages/airflow/example_dags/example_dag_decorator.py
[2024-09-12T06:51:17.222+0000] {processor.py:836} INFO - DAG(s) dict_keys(['example_dag_decorator']) retrieved from /home/vscode/.local/lib/python3.10/site-packages/airflow/example_dags/example_dag_decorator.py
[2024-09-12T06:51:17.296+0000] {logging_mixin.py:150} INFO - [2024-09-12T06:51:17.295+0000] {dag.py:2742} INFO - Sync 1 DAGs
[2024-09-12T06:51:17.308+0000] {logging_mixin.py:150} INFO - [2024-09-12T06:51:17.307+0000] {dag.py:3504} INFO - Setting next_dagrun for example_dag_decorator to None, run_after=None
[2024-09-12T06:51:17.343+0000] {processor.py:179} INFO - Processing /home/vscode/.local/lib/python3.10/site-packages/airflow/example_dags/example_dag_decorator.py took 0.133 seconds
[2024-09-12T06:52:02.484+0000] {processor.py:157} INFO - Started process (PID=12434) to work on /home/vscode/.local/lib/python3.10/site-packages/airflow/example_dags/example_dag_decorator.py
[2024-09-12T06:52:02.485+0000] {processor.py:826} INFO - Processing file /home/vscode/.local/lib/python3.10/site-packages/airflow/example_dags/example_dag_decorator.py for tasks to queue
[2024-09-12T06:52:02.485+0000] {logging_mixin.py:150} INFO - [2024-09-12T06:52:02.485+0000] {dagbag.py:541} INFO - Filling up the DagBag from /home/vscode/.local/lib/python3.10/site-packages/airflow/example_dags/example_dag_decorator.py
[2024-09-12T06:52:02.493+0000] {processor.py:836} INFO - DAG(s) dict_keys(['example_dag_decorator']) retrieved from /home/vscode/.local/lib/python3.10/site-packages/airflow/example_dags/example_dag_decorator.py
[2024-09-12T06:52:02.567+0000] {logging_mixin.py:150} INFO - [2024-09-12T06:52:02.566+0000] {dag.py:2742} INFO - Sync 1 DAGs
[2024-09-12T06:52:02.579+0000] {logging_mixin.py:150} INFO - [2024-09-12T06:52:02.579+0000] {dag.py:3504} INFO - Setting next_dagrun for example_dag_decorator to None, run_after=None
[2024-09-12T06:52:02.621+0000] {processor.py:179} INFO - Processing /home/vscode/.local/lib/python3.10/site-packages/airflow/example_dags/example_dag_decorator.py took 0.139 seconds
[2024-09-12T06:52:48.963+0000] {processor.py:157} INFO - Started process (PID=12751) to work on /home/vscode/.local/lib/python3.10/site-packages/airflow/example_dags/example_dag_decorator.py
[2024-09-12T06:52:48.963+0000] {processor.py:826} INFO - Processing file /home/vscode/.local/lib/python3.10/site-packages/airflow/example_dags/example_dag_decorator.py for tasks to queue
[2024-09-12T06:52:48.964+0000] {logging_mixin.py:150} INFO - [2024-09-12T06:52:48.964+0000] {dagbag.py:541} INFO - Filling up the DagBag from /home/vscode/.local/lib/python3.10/site-packages/airflow/example_dags/example_dag_decorator.py
[2024-09-12T06:52:48.972+0000] {processor.py:836} INFO - DAG(s) dict_keys(['example_dag_decorator']) retrieved from /home/vscode/.local/lib/python3.10/site-packages/airflow/example_dags/example_dag_decorator.py
[2024-09-12T06:52:49.046+0000] {logging_mixin.py:150} INFO - [2024-09-12T06:52:49.046+0000] {dag.py:2742} INFO - Sync 1 DAGs
[2024-09-12T06:52:49.059+0000] {logging_mixin.py:150} INFO - [2024-09-12T06:52:49.059+0000] {dag.py:3504} INFO - Setting next_dagrun for example_dag_decorator to None, run_after=None
[2024-09-12T06:52:49.098+0000] {processor.py:179} INFO - Processing /home/vscode/.local/lib/python3.10/site-packages/airflow/example_dags/example_dag_decorator.py took 0.137 seconds
[2024-09-12T06:53:34.749+0000] {processor.py:157} INFO - Started process (PID=13052) to work on /home/vscode/.local/lib/python3.10/site-packages/airflow/example_dags/example_dag_decorator.py
[2024-09-12T06:53:34.750+0000] {processor.py:826} INFO - Processing file /home/vscode/.local/lib/python3.10/site-packages/airflow/example_dags/example_dag_decorator.py for tasks to queue
[2024-09-12T06:53:34.750+0000] {logging_mixin.py:150} INFO - [2024-09-12T06:53:34.750+0000] {dagbag.py:541} INFO - Filling up the DagBag from /home/vscode/.local/lib/python3.10/site-packages/airflow/example_dags/example_dag_decorator.py
[2024-09-12T06:53:34.759+0000] {processor.py:836} INFO - DAG(s) dict_keys(['example_dag_decorator']) retrieved from /home/vscode/.local/lib/python3.10/site-packages/airflow/example_dags/example_dag_decorator.py
[2024-09-12T06:53:34.831+0000] {logging_mixin.py:150} INFO - [2024-09-12T06:53:34.831+0000] {dag.py:2742} INFO - Sync 1 DAGs
[2024-09-12T06:53:34.843+0000] {logging_mixin.py:150} INFO - [2024-09-12T06:53:34.843+0000] {dag.py:3504} INFO - Setting next_dagrun for example_dag_decorator to None, run_after=None
[2024-09-12T06:53:34.878+0000] {processor.py:179} INFO - Processing /home/vscode/.local/lib/python3.10/site-packages/airflow/example_dags/example_dag_decorator.py took 0.131 seconds
[2024-09-12T06:54:20.269+0000] {processor.py:157} INFO - Started process (PID=13358) to work on /home/vscode/.local/lib/python3.10/site-packages/airflow/example_dags/example_dag_decorator.py
[2024-09-12T06:54:20.270+0000] {processor.py:826} INFO - Processing file /home/vscode/.local/lib/python3.10/site-packages/airflow/example_dags/example_dag_decorator.py for tasks to queue
[2024-09-12T06:54:20.270+0000] {logging_mixin.py:150} INFO - [2024-09-12T06:54:20.270+0000] {dagbag.py:541} INFO - Filling up the DagBag from /home/vscode/.local/lib/python3.10/site-packages/airflow/example_dags/example_dag_decorator.py
[2024-09-12T06:54:20.278+0000] {processor.py:836} INFO - DAG(s) dict_keys(['example_dag_decorator']) retrieved from /home/vscode/.local/lib/python3.10/site-packages/airflow/example_dags/example_dag_decorator.py
[2024-09-12T06:54:20.351+0000] {logging_mixin.py:150} INFO - [2024-09-12T06:54:20.350+0000] {dag.py:2742} INFO - Sync 1 DAGs
[2024-09-12T06:54:20.363+0000] {logging_mixin.py:150} INFO - [2024-09-12T06:54:20.363+0000] {dag.py:3504} INFO - Setting next_dagrun for example_dag_decorator to None, run_after=None
[2024-09-12T06:54:20.395+0000] {processor.py:179} INFO - Processing /home/vscode/.local/lib/python3.10/site-packages/airflow/example_dags/example_dag_decorator.py took 0.128 seconds
[2024-09-12T06:55:07.812+0000] {processor.py:157} INFO - Started process (PID=13684) to work on /home/vscode/.local/lib/python3.10/site-packages/airflow/example_dags/example_dag_decorator.py
[2024-09-12T06:55:07.812+0000] {processor.py:826} INFO - Processing file /home/vscode/.local/lib/python3.10/site-packages/airflow/example_dags/example_dag_decorator.py for tasks to queue
[2024-09-12T06:55:07.813+0000] {logging_mixin.py:150} INFO - [2024-09-12T06:55:07.813+0000] {dagbag.py:541} INFO - Filling up the DagBag from /home/vscode/.local/lib/python3.10/site-packages/airflow/example_dags/example_dag_decorator.py
[2024-09-12T06:55:07.821+0000] {processor.py:836} INFO - DAG(s) dict_keys(['example_dag_decorator']) retrieved from /home/vscode/.local/lib/python3.10/site-packages/airflow/example_dags/example_dag_decorator.py
[2024-09-12T06:55:07.898+0000] {logging_mixin.py:150} INFO - [2024-09-12T06:55:07.897+0000] {dag.py:2742} INFO - Sync 1 DAGs
[2024-09-12T06:55:07.912+0000] {logging_mixin.py:150} INFO - [2024-09-12T06:55:07.911+0000] {dag.py:3504} INFO - Setting next_dagrun for example_dag_decorator to None, run_after=None
[2024-09-12T06:55:07.948+0000] {processor.py:179} INFO - Processing /home/vscode/.local/lib/python3.10/site-packages/airflow/example_dags/example_dag_decorator.py took 0.139 seconds
[2024-09-12T06:55:51.391+0000] {processor.py:157} INFO - Started process (PID=13972) to work on /home/vscode/.local/lib/python3.10/site-packages/airflow/example_dags/example_dag_decorator.py
[2024-09-12T06:55:51.392+0000] {processor.py:826} INFO - Processing file /home/vscode/.local/lib/python3.10/site-packages/airflow/example_dags/example_dag_decorator.py for tasks to queue
[2024-09-12T06:55:51.392+0000] {logging_mixin.py:150} INFO - [2024-09-12T06:55:51.392+0000] {dagbag.py:541} INFO - Filling up the DagBag from /home/vscode/.local/lib/python3.10/site-packages/airflow/example_dags/example_dag_decorator.py
[2024-09-12T06:55:51.401+0000] {processor.py:836} INFO - DAG(s) dict_keys(['example_dag_decorator']) retrieved from /home/vscode/.local/lib/python3.10/site-packages/airflow/example_dags/example_dag_decorator.py
[2024-09-12T06:55:51.473+0000] {logging_mixin.py:150} INFO - [2024-09-12T06:55:51.473+0000] {dag.py:2742} INFO - Sync 1 DAGs
[2024-09-12T06:55:51.486+0000] {logging_mixin.py:150} INFO - [2024-09-12T06:55:51.486+0000] {dag.py:3504} INFO - Setting next_dagrun for example_dag_decorator to None, run_after=None
[2024-09-12T06:55:51.520+0000] {processor.py:179} INFO - Processing /home/vscode/.local/lib/python3.10/site-packages/airflow/example_dags/example_dag_decorator.py took 0.131 seconds
[2024-09-12T06:56:41.896+0000] {processor.py:157} INFO - Started process (PID=14314) to work on /home/vscode/.local/lib/python3.10/site-packages/airflow/example_dags/example_dag_decorator.py
[2024-09-12T06:56:41.897+0000] {processor.py:826} INFO - Processing file /home/vscode/.local/lib/python3.10/site-packages/airflow/example_dags/example_dag_decorator.py for tasks to queue
[2024-09-12T06:56:41.897+0000] {logging_mixin.py:150} INFO - [2024-09-12T06:56:41.897+0000] {dagbag.py:541} INFO - Filling up the DagBag from /home/vscode/.local/lib/python3.10/site-packages/airflow/example_dags/example_dag_decorator.py
[2024-09-12T06:56:41.906+0000] {processor.py:836} INFO - DAG(s) dict_keys(['example_dag_decorator']) retrieved from /home/vscode/.local/lib/python3.10/site-packages/airflow/example_dags/example_dag_decorator.py
[2024-09-12T06:56:41.983+0000] {logging_mixin.py:150} INFO - [2024-09-12T06:56:41.982+0000] {dag.py:2742} INFO - Sync 1 DAGs
[2024-09-12T06:56:42.001+0000] {logging_mixin.py:150} INFO - [2024-09-12T06:56:42.001+0000] {dag.py:3504} INFO - Setting next_dagrun for example_dag_decorator to None, run_after=None
[2024-09-12T06:56:42.045+0000] {processor.py:179} INFO - Processing /home/vscode/.local/lib/python3.10/site-packages/airflow/example_dags/example_dag_decorator.py took 0.151 seconds
[2024-09-12T06:57:26.432+0000] {processor.py:157} INFO - Started process (PID=14613) to work on /home/vscode/.local/lib/python3.10/site-packages/airflow/example_dags/example_dag_decorator.py
[2024-09-12T06:57:26.432+0000] {processor.py:826} INFO - Processing file /home/vscode/.local/lib/python3.10/site-packages/airflow/example_dags/example_dag_decorator.py for tasks to queue
[2024-09-12T06:57:26.433+0000] {logging_mixin.py:150} INFO - [2024-09-12T06:57:26.433+0000] {dagbag.py:541} INFO - Filling up the DagBag from /home/vscode/.local/lib/python3.10/site-packages/airflow/example_dags/example_dag_decorator.py
[2024-09-12T06:57:26.442+0000] {processor.py:836} INFO - DAG(s) dict_keys(['example_dag_decorator']) retrieved from /home/vscode/.local/lib/python3.10/site-packages/airflow/example_dags/example_dag_decorator.py
[2024-09-12T06:57:26.517+0000] {logging_mixin.py:150} INFO - [2024-09-12T06:57:26.516+0000] {dag.py:2742} INFO - Sync 1 DAGs
[2024-09-12T06:57:26.529+0000] {logging_mixin.py:150} INFO - [2024-09-12T06:57:26.529+0000] {dag.py:3504} INFO - Setting next_dagrun for example_dag_decorator to None, run_after=None
[2024-09-12T06:57:26.564+0000] {processor.py:179} INFO - Processing /home/vscode/.local/lib/python3.10/site-packages/airflow/example_dags/example_dag_decorator.py took 0.135 seconds
[2024-09-12T06:58:09.338+0000] {processor.py:157} INFO - Started process (PID=14907) to work on /home/vscode/.local/lib/python3.10/site-packages/airflow/example_dags/example_dag_decorator.py
[2024-09-12T06:58:09.338+0000] {processor.py:826} INFO - Processing file /home/vscode/.local/lib/python3.10/site-packages/airflow/example_dags/example_dag_decorator.py for tasks to queue
[2024-09-12T06:58:09.339+0000] {logging_mixin.py:150} INFO - [2024-09-12T06:58:09.339+0000] {dagbag.py:541} INFO - Filling up the DagBag from /home/vscode/.local/lib/python3.10/site-packages/airflow/example_dags/example_dag_decorator.py
[2024-09-12T06:58:09.347+0000] {processor.py:836} INFO - DAG(s) dict_keys(['example_dag_decorator']) retrieved from /home/vscode/.local/lib/python3.10/site-packages/airflow/example_dags/example_dag_decorator.py
[2024-09-12T06:58:09.426+0000] {logging_mixin.py:150} INFO - [2024-09-12T06:58:09.426+0000] {dag.py:2742} INFO - Sync 1 DAGs
[2024-09-12T06:58:09.438+0000] {logging_mixin.py:150} INFO - [2024-09-12T06:58:09.438+0000] {dag.py:3504} INFO - Setting next_dagrun for example_dag_decorator to None, run_after=None
[2024-09-12T06:58:09.472+0000] {processor.py:179} INFO - Processing /home/vscode/.local/lib/python3.10/site-packages/airflow/example_dags/example_dag_decorator.py took 0.137 seconds
[2024-09-12T06:58:51.919+0000] {processor.py:157} INFO - Started process (PID=15186) to work on /home/vscode/.local/lib/python3.10/site-packages/airflow/example_dags/example_dag_decorator.py
[2024-09-12T06:58:51.920+0000] {processor.py:826} INFO - Processing file /home/vscode/.local/lib/python3.10/site-packages/airflow/example_dags/example_dag_decorator.py for tasks to queue
[2024-09-12T06:58:51.921+0000] {logging_mixin.py:150} INFO - [2024-09-12T06:58:51.920+0000] {dagbag.py:541} INFO - Filling up the DagBag from /home/vscode/.local/lib/python3.10/site-packages/airflow/example_dags/example_dag_decorator.py
[2024-09-12T06:58:51.931+0000] {processor.py:836} INFO - DAG(s) dict_keys(['example_dag_decorator']) retrieved from /home/vscode/.local/lib/python3.10/site-packages/airflow/example_dags/example_dag_decorator.py
[2024-09-12T06:58:52.017+0000] {logging_mixin.py:150} INFO - [2024-09-12T06:58:52.016+0000] {dag.py:2742} INFO - Sync 1 DAGs
[2024-09-12T06:58:52.029+0000] {logging_mixin.py:150} INFO - [2024-09-12T06:58:52.029+0000] {dag.py:3504} INFO - Setting next_dagrun for example_dag_decorator to None, run_after=None
[2024-09-12T06:58:52.061+0000] {processor.py:179} INFO - Processing /home/vscode/.local/lib/python3.10/site-packages/airflow/example_dags/example_dag_decorator.py took 0.144 seconds
[2024-09-12T06:59:35.250+0000] {processor.py:157} INFO - Started process (PID=15475) to work on /home/vscode/.local/lib/python3.10/site-packages/airflow/example_dags/example_dag_decorator.py
[2024-09-12T06:59:35.250+0000] {processor.py:826} INFO - Processing file /home/vscode/.local/lib/python3.10/site-packages/airflow/example_dags/example_dag_decorator.py for tasks to queue
[2024-09-12T06:59:35.251+0000] {logging_mixin.py:150} INFO - [2024-09-12T06:59:35.251+0000] {dagbag.py:541} INFO - Filling up the DagBag from /home/vscode/.local/lib/python3.10/site-packages/airflow/example_dags/example_dag_decorator.py
[2024-09-12T06:59:35.259+0000] {processor.py:836} INFO - DAG(s) dict_keys(['example_dag_decorator']) retrieved from /home/vscode/.local/lib/python3.10/site-packages/airflow/example_dags/example_dag_decorator.py
[2024-09-12T06:59:35.362+0000] {logging_mixin.py:150} INFO - [2024-09-12T06:59:35.362+0000] {dag.py:2742} INFO - Sync 1 DAGs
[2024-09-12T06:59:35.375+0000] {logging_mixin.py:150} INFO - [2024-09-12T06:59:35.374+0000] {dag.py:3504} INFO - Setting next_dagrun for example_dag_decorator to None, run_after=None
[2024-09-12T06:59:35.407+0000] {processor.py:179} INFO - Processing /home/vscode/.local/lib/python3.10/site-packages/airflow/example_dags/example_dag_decorator.py took 0.159 seconds
[2024-09-12T07:00:19.509+0000] {processor.py:157} INFO - Started process (PID=15776) to work on /home/vscode/.local/lib/python3.10/site-packages/airflow/example_dags/example_dag_decorator.py
[2024-09-12T07:00:19.510+0000] {processor.py:826} INFO - Processing file /home/vscode/.local/lib/python3.10/site-packages/airflow/example_dags/example_dag_decorator.py for tasks to queue
[2024-09-12T07:00:19.511+0000] {logging_mixin.py:150} INFO - [2024-09-12T07:00:19.510+0000] {dagbag.py:541} INFO - Filling up the DagBag from /home/vscode/.local/lib/python3.10/site-packages/airflow/example_dags/example_dag_decorator.py
[2024-09-12T07:00:19.524+0000] {processor.py:836} INFO - DAG(s) dict_keys(['example_dag_decorator']) retrieved from /home/vscode/.local/lib/python3.10/site-packages/airflow/example_dags/example_dag_decorator.py
[2024-09-12T07:00:19.606+0000] {logging_mixin.py:150} INFO - [2024-09-12T07:00:19.605+0000] {dag.py:2742} INFO - Sync 1 DAGs
[2024-09-12T07:00:19.618+0000] {logging_mixin.py:150} INFO - [2024-09-12T07:00:19.618+0000] {dag.py:3504} INFO - Setting next_dagrun for example_dag_decorator to None, run_after=None
[2024-09-12T07:00:19.645+0000] {processor.py:179} INFO - Processing /home/vscode/.local/lib/python3.10/site-packages/airflow/example_dags/example_dag_decorator.py took 0.139 seconds
[2024-09-12T07:01:05.286+0000] {processor.py:157} INFO - Started process (PID=16079) to work on /home/vscode/.local/lib/python3.10/site-packages/airflow/example_dags/example_dag_decorator.py
[2024-09-12T07:01:05.287+0000] {processor.py:826} INFO - Processing file /home/vscode/.local/lib/python3.10/site-packages/airflow/example_dags/example_dag_decorator.py for tasks to queue
[2024-09-12T07:01:05.287+0000] {logging_mixin.py:150} INFO - [2024-09-12T07:01:05.287+0000] {dagbag.py:541} INFO - Filling up the DagBag from /home/vscode/.local/lib/python3.10/site-packages/airflow/example_dags/example_dag_decorator.py
[2024-09-12T07:01:05.296+0000] {processor.py:836} INFO - DAG(s) dict_keys(['example_dag_decorator']) retrieved from /home/vscode/.local/lib/python3.10/site-packages/airflow/example_dags/example_dag_decorator.py
[2024-09-12T07:01:05.369+0000] {logging_mixin.py:150} INFO - [2024-09-12T07:01:05.369+0000] {dag.py:2742} INFO - Sync 1 DAGs
[2024-09-12T07:01:05.381+0000] {logging_mixin.py:150} INFO - [2024-09-12T07:01:05.381+0000] {dag.py:3504} INFO - Setting next_dagrun for example_dag_decorator to None, run_after=None
[2024-09-12T07:01:05.415+0000] {processor.py:179} INFO - Processing /home/vscode/.local/lib/python3.10/site-packages/airflow/example_dags/example_dag_decorator.py took 0.131 seconds
[2024-09-12T07:01:48.216+0000] {processor.py:157} INFO - Started process (PID=16371) to work on /home/vscode/.local/lib/python3.10/site-packages/airflow/example_dags/example_dag_decorator.py
[2024-09-12T07:01:48.216+0000] {processor.py:826} INFO - Processing file /home/vscode/.local/lib/python3.10/site-packages/airflow/example_dags/example_dag_decorator.py for tasks to queue
[2024-09-12T07:01:48.217+0000] {logging_mixin.py:150} INFO - [2024-09-12T07:01:48.217+0000] {dagbag.py:541} INFO - Filling up the DagBag from /home/vscode/.local/lib/python3.10/site-packages/airflow/example_dags/example_dag_decorator.py
[2024-09-12T07:01:48.229+0000] {processor.py:836} INFO - DAG(s) dict_keys(['example_dag_decorator']) retrieved from /home/vscode/.local/lib/python3.10/site-packages/airflow/example_dags/example_dag_decorator.py
[2024-09-12T07:01:48.306+0000] {logging_mixin.py:150} INFO - [2024-09-12T07:01:48.306+0000] {dag.py:2742} INFO - Sync 1 DAGs
[2024-09-12T07:01:48.319+0000] {logging_mixin.py:150} INFO - [2024-09-12T07:01:48.319+0000] {dag.py:3504} INFO - Setting next_dagrun for example_dag_decorator to None, run_after=None
[2024-09-12T07:01:48.351+0000] {processor.py:179} INFO - Processing /home/vscode/.local/lib/python3.10/site-packages/airflow/example_dags/example_dag_decorator.py took 0.138 seconds
[2024-09-12T07:02:28.409+0000] {processor.py:157} INFO - Started process (PID=16641) to work on /home/vscode/.local/lib/python3.10/site-packages/airflow/example_dags/example_dag_decorator.py
[2024-09-12T07:02:28.410+0000] {processor.py:826} INFO - Processing file /home/vscode/.local/lib/python3.10/site-packages/airflow/example_dags/example_dag_decorator.py for tasks to queue
[2024-09-12T07:02:28.410+0000] {logging_mixin.py:150} INFO - [2024-09-12T07:02:28.410+0000] {dagbag.py:541} INFO - Filling up the DagBag from /home/vscode/.local/lib/python3.10/site-packages/airflow/example_dags/example_dag_decorator.py
[2024-09-12T07:02:28.419+0000] {processor.py:836} INFO - DAG(s) dict_keys(['example_dag_decorator']) retrieved from /home/vscode/.local/lib/python3.10/site-packages/airflow/example_dags/example_dag_decorator.py
[2024-09-12T07:02:28.493+0000] {logging_mixin.py:150} INFO - [2024-09-12T07:02:28.493+0000] {dag.py:2742} INFO - Sync 1 DAGs
[2024-09-12T07:02:28.506+0000] {logging_mixin.py:150} INFO - [2024-09-12T07:02:28.506+0000] {dag.py:3504} INFO - Setting next_dagrun for example_dag_decorator to None, run_after=None
[2024-09-12T07:02:28.558+0000] {processor.py:179} INFO - Processing /home/vscode/.local/lib/python3.10/site-packages/airflow/example_dags/example_dag_decorator.py took 0.151 seconds
[2024-09-12T07:03:15.681+0000] {processor.py:157} INFO - Started process (PID=16960) to work on /home/vscode/.local/lib/python3.10/site-packages/airflow/example_dags/example_dag_decorator.py
[2024-09-12T07:03:15.682+0000] {processor.py:826} INFO - Processing file /home/vscode/.local/lib/python3.10/site-packages/airflow/example_dags/example_dag_decorator.py for tasks to queue
[2024-09-12T07:03:15.682+0000] {logging_mixin.py:150} INFO - [2024-09-12T07:03:15.682+0000] {dagbag.py:541} INFO - Filling up the DagBag from /home/vscode/.local/lib/python3.10/site-packages/airflow/example_dags/example_dag_decorator.py
[2024-09-12T07:03:15.690+0000] {processor.py:836} INFO - DAG(s) dict_keys(['example_dag_decorator']) retrieved from /home/vscode/.local/lib/python3.10/site-packages/airflow/example_dags/example_dag_decorator.py
[2024-09-12T07:03:15.763+0000] {logging_mixin.py:150} INFO - [2024-09-12T07:03:15.763+0000] {dag.py:2742} INFO - Sync 1 DAGs
[2024-09-12T07:03:15.775+0000] {logging_mixin.py:150} INFO - [2024-09-12T07:03:15.775+0000] {dag.py:3504} INFO - Setting next_dagrun for example_dag_decorator to None, run_after=None
[2024-09-12T07:03:15.820+0000] {processor.py:179} INFO - Processing /home/vscode/.local/lib/python3.10/site-packages/airflow/example_dags/example_dag_decorator.py took 0.141 seconds
[2024-09-12T07:04:06.521+0000] {processor.py:157} INFO - Started process (PID=17356) to work on /home/vscode/.local/lib/python3.10/site-packages/airflow/example_dags/example_dag_decorator.py
[2024-09-12T07:04:06.522+0000] {processor.py:826} INFO - Processing file /home/vscode/.local/lib/python3.10/site-packages/airflow/example_dags/example_dag_decorator.py for tasks to queue
[2024-09-12T07:04:06.523+0000] {logging_mixin.py:150} INFO - [2024-09-12T07:04:06.523+0000] {dagbag.py:541} INFO - Filling up the DagBag from /home/vscode/.local/lib/python3.10/site-packages/airflow/example_dags/example_dag_decorator.py
[2024-09-12T07:04:06.534+0000] {processor.py:836} INFO - DAG(s) dict_keys(['example_dag_decorator']) retrieved from /home/vscode/.local/lib/python3.10/site-packages/airflow/example_dags/example_dag_decorator.py
[2024-09-12T07:04:06.631+0000] {logging_mixin.py:150} INFO - [2024-09-12T07:04:06.631+0000] {dag.py:2742} INFO - Sync 1 DAGs
[2024-09-12T07:04:06.645+0000] {logging_mixin.py:150} INFO - [2024-09-12T07:04:06.645+0000] {dag.py:3504} INFO - Setting next_dagrun for example_dag_decorator to None, run_after=None
[2024-09-12T07:04:06.688+0000] {processor.py:179} INFO - Processing /home/vscode/.local/lib/python3.10/site-packages/airflow/example_dags/example_dag_decorator.py took 0.170 seconds
[2024-09-12T07:04:51.158+0000] {processor.py:157} INFO - Started process (PID=17695) to work on /home/vscode/.local/lib/python3.10/site-packages/airflow/example_dags/example_dag_decorator.py
[2024-09-12T07:04:51.159+0000] {processor.py:826} INFO - Processing file /home/vscode/.local/lib/python3.10/site-packages/airflow/example_dags/example_dag_decorator.py for tasks to queue
[2024-09-12T07:04:51.159+0000] {logging_mixin.py:150} INFO - [2024-09-12T07:04:51.159+0000] {dagbag.py:541} INFO - Filling up the DagBag from /home/vscode/.local/lib/python3.10/site-packages/airflow/example_dags/example_dag_decorator.py
[2024-09-12T07:04:51.168+0000] {processor.py:836} INFO - DAG(s) dict_keys(['example_dag_decorator']) retrieved from /home/vscode/.local/lib/python3.10/site-packages/airflow/example_dags/example_dag_decorator.py
[2024-09-12T07:04:51.241+0000] {logging_mixin.py:150} INFO - [2024-09-12T07:04:51.241+0000] {dag.py:2742} INFO - Sync 1 DAGs
[2024-09-12T07:04:51.253+0000] {logging_mixin.py:150} INFO - [2024-09-12T07:04:51.253+0000] {dag.py:3504} INFO - Setting next_dagrun for example_dag_decorator to None, run_after=None
[2024-09-12T07:04:51.288+0000] {processor.py:179} INFO - Processing /home/vscode/.local/lib/python3.10/site-packages/airflow/example_dags/example_dag_decorator.py took 0.133 seconds
[2024-09-12T07:05:38.058+0000] {processor.py:157} INFO - Started process (PID=18122) to work on /home/vscode/.local/lib/python3.10/site-packages/airflow/example_dags/example_dag_decorator.py
[2024-09-12T07:05:38.059+0000] {processor.py:826} INFO - Processing file /home/vscode/.local/lib/python3.10/site-packages/airflow/example_dags/example_dag_decorator.py for tasks to queue
[2024-09-12T07:05:38.059+0000] {logging_mixin.py:150} INFO - [2024-09-12T07:05:38.059+0000] {dagbag.py:541} INFO - Filling up the DagBag from /home/vscode/.local/lib/python3.10/site-packages/airflow/example_dags/example_dag_decorator.py
[2024-09-12T07:05:38.068+0000] {processor.py:836} INFO - DAG(s) dict_keys(['example_dag_decorator']) retrieved from /home/vscode/.local/lib/python3.10/site-packages/airflow/example_dags/example_dag_decorator.py
[2024-09-12T07:05:38.141+0000] {logging_mixin.py:150} INFO - [2024-09-12T07:05:38.141+0000] {dag.py:2742} INFO - Sync 1 DAGs
[2024-09-12T07:05:38.154+0000] {logging_mixin.py:150} INFO - [2024-09-12T07:05:38.154+0000] {dag.py:3504} INFO - Setting next_dagrun for example_dag_decorator to None, run_after=None
[2024-09-12T07:05:38.192+0000] {processor.py:179} INFO - Processing /home/vscode/.local/lib/python3.10/site-packages/airflow/example_dags/example_dag_decorator.py took 0.136 seconds
[2024-09-12T07:06:21.150+0000] {processor.py:157} INFO - Started process (PID=18473) to work on /home/vscode/.local/lib/python3.10/site-packages/airflow/example_dags/example_dag_decorator.py
[2024-09-12T07:06:21.151+0000] {processor.py:826} INFO - Processing file /home/vscode/.local/lib/python3.10/site-packages/airflow/example_dags/example_dag_decorator.py for tasks to queue
[2024-09-12T07:06:21.151+0000] {logging_mixin.py:150} INFO - [2024-09-12T07:06:21.151+0000] {dagbag.py:541} INFO - Filling up the DagBag from /home/vscode/.local/lib/python3.10/site-packages/airflow/example_dags/example_dag_decorator.py
[2024-09-12T07:06:21.160+0000] {processor.py:836} INFO - DAG(s) dict_keys(['example_dag_decorator']) retrieved from /home/vscode/.local/lib/python3.10/site-packages/airflow/example_dags/example_dag_decorator.py
[2024-09-12T07:06:21.241+0000] {logging_mixin.py:150} INFO - [2024-09-12T07:06:21.240+0000] {dag.py:2742} INFO - Sync 1 DAGs
[2024-09-12T07:06:21.258+0000] {logging_mixin.py:150} INFO - [2024-09-12T07:06:21.257+0000] {dag.py:3504} INFO - Setting next_dagrun for example_dag_decorator to None, run_after=None
[2024-09-12T07:06:21.303+0000] {processor.py:179} INFO - Processing /home/vscode/.local/lib/python3.10/site-packages/airflow/example_dags/example_dag_decorator.py took 0.156 seconds
[2024-09-12T07:07:06.244+0000] {processor.py:157} INFO - Started process (PID=18788) to work on /home/vscode/.local/lib/python3.10/site-packages/airflow/example_dags/example_dag_decorator.py
[2024-09-12T07:07:06.244+0000] {processor.py:826} INFO - Processing file /home/vscode/.local/lib/python3.10/site-packages/airflow/example_dags/example_dag_decorator.py for tasks to queue
[2024-09-12T07:07:06.245+0000] {logging_mixin.py:150} INFO - [2024-09-12T07:07:06.245+0000] {dagbag.py:541} INFO - Filling up the DagBag from /home/vscode/.local/lib/python3.10/site-packages/airflow/example_dags/example_dag_decorator.py
[2024-09-12T07:07:06.253+0000] {processor.py:836} INFO - DAG(s) dict_keys(['example_dag_decorator']) retrieved from /home/vscode/.local/lib/python3.10/site-packages/airflow/example_dags/example_dag_decorator.py
[2024-09-12T07:07:06.331+0000] {logging_mixin.py:150} INFO - [2024-09-12T07:07:06.330+0000] {dag.py:2742} INFO - Sync 1 DAGs
[2024-09-12T07:07:06.344+0000] {logging_mixin.py:150} INFO - [2024-09-12T07:07:06.343+0000] {dag.py:3504} INFO - Setting next_dagrun for example_dag_decorator to None, run_after=None
[2024-09-12T07:07:06.381+0000] {processor.py:179} INFO - Processing /home/vscode/.local/lib/python3.10/site-packages/airflow/example_dags/example_dag_decorator.py took 0.140 seconds
[2024-09-12T07:07:50.229+0000] {processor.py:157} INFO - Started process (PID=19085) to work on /home/vscode/.local/lib/python3.10/site-packages/airflow/example_dags/example_dag_decorator.py
[2024-09-12T07:07:50.230+0000] {processor.py:826} INFO - Processing file /home/vscode/.local/lib/python3.10/site-packages/airflow/example_dags/example_dag_decorator.py for tasks to queue
[2024-09-12T07:07:50.231+0000] {logging_mixin.py:150} INFO - [2024-09-12T07:07:50.231+0000] {dagbag.py:541} INFO - Filling up the DagBag from /home/vscode/.local/lib/python3.10/site-packages/airflow/example_dags/example_dag_decorator.py
[2024-09-12T07:07:50.240+0000] {processor.py:836} INFO - DAG(s) dict_keys(['example_dag_decorator']) retrieved from /home/vscode/.local/lib/python3.10/site-packages/airflow/example_dags/example_dag_decorator.py
[2024-09-12T07:07:50.319+0000] {logging_mixin.py:150} INFO - [2024-09-12T07:07:50.319+0000] {dag.py:2742} INFO - Sync 1 DAGs
[2024-09-12T07:07:50.331+0000] {logging_mixin.py:150} INFO - [2024-09-12T07:07:50.331+0000] {dag.py:3504} INFO - Setting next_dagrun for example_dag_decorator to None, run_after=None
[2024-09-12T07:07:50.376+0000] {processor.py:179} INFO - Processing /home/vscode/.local/lib/python3.10/site-packages/airflow/example_dags/example_dag_decorator.py took 0.149 seconds
[2024-09-12T07:08:33.676+0000] {processor.py:157} INFO - Started process (PID=19432) to work on /home/vscode/.local/lib/python3.10/site-packages/airflow/example_dags/example_dag_decorator.py
[2024-09-12T07:08:33.677+0000] {processor.py:826} INFO - Processing file /home/vscode/.local/lib/python3.10/site-packages/airflow/example_dags/example_dag_decorator.py for tasks to queue
[2024-09-12T07:08:33.678+0000] {logging_mixin.py:150} INFO - [2024-09-12T07:08:33.677+0000] {dagbag.py:541} INFO - Filling up the DagBag from /home/vscode/.local/lib/python3.10/site-packages/airflow/example_dags/example_dag_decorator.py
[2024-09-12T07:08:33.687+0000] {processor.py:836} INFO - DAG(s) dict_keys(['example_dag_decorator']) retrieved from /home/vscode/.local/lib/python3.10/site-packages/airflow/example_dags/example_dag_decorator.py
[2024-09-12T07:08:33.761+0000] {logging_mixin.py:150} INFO - [2024-09-12T07:08:33.761+0000] {dag.py:2742} INFO - Sync 1 DAGs
[2024-09-12T07:08:33.774+0000] {logging_mixin.py:150} INFO - [2024-09-12T07:08:33.773+0000] {dag.py:3504} INFO - Setting next_dagrun for example_dag_decorator to None, run_after=None
[2024-09-12T07:08:33.808+0000] {processor.py:179} INFO - Processing /home/vscode/.local/lib/python3.10/site-packages/airflow/example_dags/example_dag_decorator.py took 0.133 seconds
[2024-09-12T07:09:20.318+0000] {processor.py:157} INFO - Started process (PID=19805) to work on /home/vscode/.local/lib/python3.10/site-packages/airflow/example_dags/example_dag_decorator.py
[2024-09-12T07:09:20.319+0000] {processor.py:826} INFO - Processing file /home/vscode/.local/lib/python3.10/site-packages/airflow/example_dags/example_dag_decorator.py for tasks to queue
[2024-09-12T07:09:20.319+0000] {logging_mixin.py:150} INFO - [2024-09-12T07:09:20.319+0000] {dagbag.py:541} INFO - Filling up the DagBag from /home/vscode/.local/lib/python3.10/site-packages/airflow/example_dags/example_dag_decorator.py
[2024-09-12T07:09:20.328+0000] {processor.py:836} INFO - DAG(s) dict_keys(['example_dag_decorator']) retrieved from /home/vscode/.local/lib/python3.10/site-packages/airflow/example_dags/example_dag_decorator.py
[2024-09-12T07:09:20.404+0000] {logging_mixin.py:150} INFO - [2024-09-12T07:09:20.403+0000] {dag.py:2742} INFO - Sync 1 DAGs
[2024-09-12T07:09:20.420+0000] {logging_mixin.py:150} INFO - [2024-09-12T07:09:20.420+0000] {dag.py:3504} INFO - Setting next_dagrun for example_dag_decorator to None, run_after=None
[2024-09-12T07:09:20.462+0000] {processor.py:179} INFO - Processing /home/vscode/.local/lib/python3.10/site-packages/airflow/example_dags/example_dag_decorator.py took 0.146 seconds
[2024-09-12T07:10:04.358+0000] {processor.py:157} INFO - Started process (PID=20121) to work on /home/vscode/.local/lib/python3.10/site-packages/airflow/example_dags/example_dag_decorator.py
[2024-09-12T07:10:04.359+0000] {processor.py:826} INFO - Processing file /home/vscode/.local/lib/python3.10/site-packages/airflow/example_dags/example_dag_decorator.py for tasks to queue
[2024-09-12T07:10:04.359+0000] {logging_mixin.py:150} INFO - [2024-09-12T07:10:04.359+0000] {dagbag.py:541} INFO - Filling up the DagBag from /home/vscode/.local/lib/python3.10/site-packages/airflow/example_dags/example_dag_decorator.py
[2024-09-12T07:10:04.370+0000] {processor.py:836} INFO - DAG(s) dict_keys(['example_dag_decorator']) retrieved from /home/vscode/.local/lib/python3.10/site-packages/airflow/example_dags/example_dag_decorator.py
[2024-09-12T07:10:04.449+0000] {logging_mixin.py:150} INFO - [2024-09-12T07:10:04.449+0000] {dag.py:2742} INFO - Sync 1 DAGs
[2024-09-12T07:10:04.462+0000] {logging_mixin.py:150} INFO - [2024-09-12T07:10:04.462+0000] {dag.py:3504} INFO - Setting next_dagrun for example_dag_decorator to None, run_after=None
[2024-09-12T07:10:04.496+0000] {processor.py:179} INFO - Processing /home/vscode/.local/lib/python3.10/site-packages/airflow/example_dags/example_dag_decorator.py took 0.140 seconds
