[2024-09-12T06:39:53.449+0000] {processor.py:157} INFO - Started process (PID=7536) to work on /home/vscode/.local/lib/python3.10/site-packages/airflow/example_dags/example_complex.py
[2024-09-12T06:39:53.449+0000] {processor.py:826} INFO - Processing file /home/vscode/.local/lib/python3.10/site-packages/airflow/example_dags/example_complex.py for tasks to queue
[2024-09-12T06:39:53.450+0000] {logging_mixin.py:150} INFO - [2024-09-12T06:39:53.450+0000] {dagbag.py:541} INFO - Filling up the DagBag from /home/vscode/.local/lib/python3.10/site-packages/airflow/example_dags/example_complex.py
[2024-09-12T06:39:53.458+0000] {processor.py:836} INFO - DAG(s) dict_keys(['example_complex']) retrieved from /home/vscode/.local/lib/python3.10/site-packages/airflow/example_dags/example_complex.py
[2024-09-12T06:39:53.661+0000] {logging_mixin.py:150} INFO - [2024-09-12T06:39:53.661+0000] {manager.py:504} INFO - Created Permission View: can delete on DAG:example_complex
[2024-09-12T06:39:53.687+0000] {logging_mixin.py:150} INFO - [2024-09-12T06:39:53.687+0000] {manager.py:504} INFO - Created Permission View: can read on DAG:example_complex
[2024-09-12T06:39:53.719+0000] {logging_mixin.py:150} INFO - [2024-09-12T06:39:53.719+0000] {manager.py:504} INFO - Created Permission View: can edit on DAG:example_complex
[2024-09-12T06:39:53.727+0000] {logging_mixin.py:150} INFO - [2024-09-12T06:39:53.727+0000] {dag.py:2742} INFO - Sync 1 DAGs
[2024-09-12T06:39:53.733+0000] {logging_mixin.py:150} INFO - [2024-09-12T06:39:53.733+0000] {dag.py:2763} INFO - Creating ORM DAG for example_complex
[2024-09-12T06:39:53.739+0000] {logging_mixin.py:150} INFO - [2024-09-12T06:39:53.739+0000] {dag.py:3504} INFO - Setting next_dagrun for example_complex to None, run_after=None
[2024-09-12T06:39:53.778+0000] {processor.py:179} INFO - Processing /home/vscode/.local/lib/python3.10/site-packages/airflow/example_dags/example_complex.py took 0.331 seconds
[2024-09-12T06:40:44.408+0000] {processor.py:157} INFO - Started process (PID=7868) to work on /home/vscode/.local/lib/python3.10/site-packages/airflow/example_dags/example_complex.py
[2024-09-12T06:40:44.408+0000] {processor.py:826} INFO - Processing file /home/vscode/.local/lib/python3.10/site-packages/airflow/example_dags/example_complex.py for tasks to queue
[2024-09-12T06:40:44.409+0000] {logging_mixin.py:150} INFO - [2024-09-12T06:40:44.409+0000] {dagbag.py:541} INFO - Filling up the DagBag from /home/vscode/.local/lib/python3.10/site-packages/airflow/example_dags/example_complex.py
[2024-09-12T06:40:44.417+0000] {processor.py:836} INFO - DAG(s) dict_keys(['example_complex']) retrieved from /home/vscode/.local/lib/python3.10/site-packages/airflow/example_dags/example_complex.py
[2024-09-12T06:40:44.437+0000] {logging_mixin.py:150} INFO - [2024-09-12T06:40:44.436+0000] {dag.py:2742} INFO - Sync 1 DAGs
[2024-09-12T06:40:44.452+0000] {logging_mixin.py:150} INFO - [2024-09-12T06:40:44.451+0000] {dag.py:3504} INFO - Setting next_dagrun for example_complex to None, run_after=None
[2024-09-12T06:40:44.488+0000] {processor.py:179} INFO - Processing /home/vscode/.local/lib/python3.10/site-packages/airflow/example_dags/example_complex.py took 0.082 seconds
[2024-09-12T06:41:29.711+0000] {processor.py:157} INFO - Started process (PID=8174) to work on /home/vscode/.local/lib/python3.10/site-packages/airflow/example_dags/example_complex.py
[2024-09-12T06:41:29.711+0000] {processor.py:826} INFO - Processing file /home/vscode/.local/lib/python3.10/site-packages/airflow/example_dags/example_complex.py for tasks to queue
[2024-09-12T06:41:29.712+0000] {logging_mixin.py:150} INFO - [2024-09-12T06:41:29.712+0000] {dagbag.py:541} INFO - Filling up the DagBag from /home/vscode/.local/lib/python3.10/site-packages/airflow/example_dags/example_complex.py
[2024-09-12T06:41:29.720+0000] {processor.py:836} INFO - DAG(s) dict_keys(['example_complex']) retrieved from /home/vscode/.local/lib/python3.10/site-packages/airflow/example_dags/example_complex.py
[2024-09-12T06:41:29.738+0000] {logging_mixin.py:150} INFO - [2024-09-12T06:41:29.738+0000] {dag.py:2742} INFO - Sync 1 DAGs
[2024-09-12T06:41:29.751+0000] {logging_mixin.py:150} INFO - [2024-09-12T06:41:29.751+0000] {dag.py:3504} INFO - Setting next_dagrun for example_complex to None, run_after=None
[2024-09-12T06:41:29.803+0000] {processor.py:179} INFO - Processing /home/vscode/.local/lib/python3.10/site-packages/airflow/example_dags/example_complex.py took 0.095 seconds
[2024-09-12T06:42:15.027+0000] {processor.py:157} INFO - Started process (PID=8481) to work on /home/vscode/.local/lib/python3.10/site-packages/airflow/example_dags/example_complex.py
[2024-09-12T06:42:15.027+0000] {processor.py:826} INFO - Processing file /home/vscode/.local/lib/python3.10/site-packages/airflow/example_dags/example_complex.py for tasks to queue
[2024-09-12T06:42:15.028+0000] {logging_mixin.py:150} INFO - [2024-09-12T06:42:15.028+0000] {dagbag.py:541} INFO - Filling up the DagBag from /home/vscode/.local/lib/python3.10/site-packages/airflow/example_dags/example_complex.py
[2024-09-12T06:42:15.036+0000] {processor.py:836} INFO - DAG(s) dict_keys(['example_complex']) retrieved from /home/vscode/.local/lib/python3.10/site-packages/airflow/example_dags/example_complex.py
[2024-09-12T06:42:15.056+0000] {logging_mixin.py:150} INFO - [2024-09-12T06:42:15.055+0000] {dag.py:2742} INFO - Sync 1 DAGs
[2024-09-12T06:42:15.070+0000] {logging_mixin.py:150} INFO - [2024-09-12T06:42:15.070+0000] {dag.py:3504} INFO - Setting next_dagrun for example_complex to None, run_after=None
[2024-09-12T06:42:15.107+0000] {processor.py:179} INFO - Processing /home/vscode/.local/lib/python3.10/site-packages/airflow/example_dags/example_complex.py took 0.082 seconds
[2024-09-12T06:42:59.507+0000] {processor.py:157} INFO - Started process (PID=8780) to work on /home/vscode/.local/lib/python3.10/site-packages/airflow/example_dags/example_complex.py
[2024-09-12T06:42:59.507+0000] {processor.py:826} INFO - Processing file /home/vscode/.local/lib/python3.10/site-packages/airflow/example_dags/example_complex.py for tasks to queue
[2024-09-12T06:42:59.508+0000] {logging_mixin.py:150} INFO - [2024-09-12T06:42:59.507+0000] {dagbag.py:541} INFO - Filling up the DagBag from /home/vscode/.local/lib/python3.10/site-packages/airflow/example_dags/example_complex.py
[2024-09-12T06:42:59.516+0000] {processor.py:836} INFO - DAG(s) dict_keys(['example_complex']) retrieved from /home/vscode/.local/lib/python3.10/site-packages/airflow/example_dags/example_complex.py
[2024-09-12T06:42:59.534+0000] {logging_mixin.py:150} INFO - [2024-09-12T06:42:59.534+0000] {dag.py:2742} INFO - Sync 1 DAGs
[2024-09-12T06:42:59.548+0000] {logging_mixin.py:150} INFO - [2024-09-12T06:42:59.547+0000] {dag.py:3504} INFO - Setting next_dagrun for example_complex to None, run_after=None
[2024-09-12T06:42:59.595+0000] {processor.py:179} INFO - Processing /home/vscode/.local/lib/python3.10/site-packages/airflow/example_dags/example_complex.py took 0.091 seconds
[2024-09-12T06:43:41.613+0000] {processor.py:157} INFO - Started process (PID=9066) to work on /home/vscode/.local/lib/python3.10/site-packages/airflow/example_dags/example_complex.py
[2024-09-12T06:43:41.613+0000] {processor.py:826} INFO - Processing file /home/vscode/.local/lib/python3.10/site-packages/airflow/example_dags/example_complex.py for tasks to queue
[2024-09-12T06:43:41.614+0000] {logging_mixin.py:150} INFO - [2024-09-12T06:43:41.614+0000] {dagbag.py:541} INFO - Filling up the DagBag from /home/vscode/.local/lib/python3.10/site-packages/airflow/example_dags/example_complex.py
[2024-09-12T06:43:41.622+0000] {processor.py:836} INFO - DAG(s) dict_keys(['example_complex']) retrieved from /home/vscode/.local/lib/python3.10/site-packages/airflow/example_dags/example_complex.py
[2024-09-12T06:43:41.641+0000] {logging_mixin.py:150} INFO - [2024-09-12T06:43:41.641+0000] {dag.py:2742} INFO - Sync 1 DAGs
[2024-09-12T06:43:41.655+0000] {logging_mixin.py:150} INFO - [2024-09-12T06:43:41.655+0000] {dag.py:3504} INFO - Setting next_dagrun for example_complex to None, run_after=None
[2024-09-12T06:43:41.689+0000] {processor.py:179} INFO - Processing /home/vscode/.local/lib/python3.10/site-packages/airflow/example_dags/example_complex.py took 0.078 seconds
[2024-09-12T06:44:22.117+0000] {processor.py:157} INFO - Started process (PID=9339) to work on /home/vscode/.local/lib/python3.10/site-packages/airflow/example_dags/example_complex.py
[2024-09-12T06:44:22.117+0000] {processor.py:826} INFO - Processing file /home/vscode/.local/lib/python3.10/site-packages/airflow/example_dags/example_complex.py for tasks to queue
[2024-09-12T06:44:22.118+0000] {logging_mixin.py:150} INFO - [2024-09-12T06:44:22.118+0000] {dagbag.py:541} INFO - Filling up the DagBag from /home/vscode/.local/lib/python3.10/site-packages/airflow/example_dags/example_complex.py
[2024-09-12T06:44:22.126+0000] {processor.py:836} INFO - DAG(s) dict_keys(['example_complex']) retrieved from /home/vscode/.local/lib/python3.10/site-packages/airflow/example_dags/example_complex.py
[2024-09-12T06:44:22.144+0000] {logging_mixin.py:150} INFO - [2024-09-12T06:44:22.144+0000] {dag.py:2742} INFO - Sync 1 DAGs
[2024-09-12T06:44:22.158+0000] {logging_mixin.py:150} INFO - [2024-09-12T06:44:22.157+0000] {dag.py:3504} INFO - Setting next_dagrun for example_complex to None, run_after=None
[2024-09-12T06:44:22.191+0000] {processor.py:179} INFO - Processing /home/vscode/.local/lib/python3.10/site-packages/airflow/example_dags/example_complex.py took 0.076 seconds
[2024-09-12T06:45:07.115+0000] {processor.py:157} INFO - Started process (PID=9636) to work on /home/vscode/.local/lib/python3.10/site-packages/airflow/example_dags/example_complex.py
[2024-09-12T06:45:07.115+0000] {processor.py:826} INFO - Processing file /home/vscode/.local/lib/python3.10/site-packages/airflow/example_dags/example_complex.py for tasks to queue
[2024-09-12T06:45:07.116+0000] {logging_mixin.py:150} INFO - [2024-09-12T06:45:07.116+0000] {dagbag.py:541} INFO - Filling up the DagBag from /home/vscode/.local/lib/python3.10/site-packages/airflow/example_dags/example_complex.py
[2024-09-12T06:45:07.124+0000] {processor.py:836} INFO - DAG(s) dict_keys(['example_complex']) retrieved from /home/vscode/.local/lib/python3.10/site-packages/airflow/example_dags/example_complex.py
[2024-09-12T06:45:07.144+0000] {logging_mixin.py:150} INFO - [2024-09-12T06:45:07.144+0000] {dag.py:2742} INFO - Sync 1 DAGs
[2024-09-12T06:45:07.163+0000] {logging_mixin.py:150} INFO - [2024-09-12T06:45:07.163+0000] {dag.py:3504} INFO - Setting next_dagrun for example_complex to None, run_after=None
[2024-09-12T06:45:07.202+0000] {processor.py:179} INFO - Processing /home/vscode/.local/lib/python3.10/site-packages/airflow/example_dags/example_complex.py took 0.090 seconds
[2024-09-12T06:45:54.360+0000] {processor.py:157} INFO - Started process (PID=9953) to work on /home/vscode/.local/lib/python3.10/site-packages/airflow/example_dags/example_complex.py
[2024-09-12T06:45:54.361+0000] {processor.py:826} INFO - Processing file /home/vscode/.local/lib/python3.10/site-packages/airflow/example_dags/example_complex.py for tasks to queue
[2024-09-12T06:45:54.361+0000] {logging_mixin.py:150} INFO - [2024-09-12T06:45:54.361+0000] {dagbag.py:541} INFO - Filling up the DagBag from /home/vscode/.local/lib/python3.10/site-packages/airflow/example_dags/example_complex.py
[2024-09-12T06:45:54.369+0000] {processor.py:836} INFO - DAG(s) dict_keys(['example_complex']) retrieved from /home/vscode/.local/lib/python3.10/site-packages/airflow/example_dags/example_complex.py
[2024-09-12T06:45:54.387+0000] {logging_mixin.py:150} INFO - [2024-09-12T06:45:54.387+0000] {dag.py:2742} INFO - Sync 1 DAGs
[2024-09-12T06:45:54.401+0000] {logging_mixin.py:150} INFO - [2024-09-12T06:45:54.401+0000] {dag.py:3504} INFO - Setting next_dagrun for example_complex to None, run_after=None
[2024-09-12T06:45:54.432+0000] {processor.py:179} INFO - Processing /home/vscode/.local/lib/python3.10/site-packages/airflow/example_dags/example_complex.py took 0.074 seconds
[2024-09-12T06:46:38.376+0000] {processor.py:157} INFO - Started process (PID=10249) to work on /home/vscode/.local/lib/python3.10/site-packages/airflow/example_dags/example_complex.py
[2024-09-12T06:46:38.377+0000] {processor.py:826} INFO - Processing file /home/vscode/.local/lib/python3.10/site-packages/airflow/example_dags/example_complex.py for tasks to queue
[2024-09-12T06:46:38.378+0000] {logging_mixin.py:150} INFO - [2024-09-12T06:46:38.377+0000] {dagbag.py:541} INFO - Filling up the DagBag from /home/vscode/.local/lib/python3.10/site-packages/airflow/example_dags/example_complex.py
[2024-09-12T06:46:38.385+0000] {processor.py:836} INFO - DAG(s) dict_keys(['example_complex']) retrieved from /home/vscode/.local/lib/python3.10/site-packages/airflow/example_dags/example_complex.py
[2024-09-12T06:46:38.403+0000] {logging_mixin.py:150} INFO - [2024-09-12T06:46:38.403+0000] {dag.py:2742} INFO - Sync 1 DAGs
[2024-09-12T06:46:38.417+0000] {logging_mixin.py:150} INFO - [2024-09-12T06:46:38.417+0000] {dag.py:3504} INFO - Setting next_dagrun for example_complex to None, run_after=None
[2024-09-12T06:46:38.464+0000] {processor.py:179} INFO - Processing /home/vscode/.local/lib/python3.10/site-packages/airflow/example_dags/example_complex.py took 0.090 seconds
[2024-09-12T06:47:24.358+0000] {processor.py:157} INFO - Started process (PID=10560) to work on /home/vscode/.local/lib/python3.10/site-packages/airflow/example_dags/example_complex.py
[2024-09-12T06:47:24.359+0000] {processor.py:826} INFO - Processing file /home/vscode/.local/lib/python3.10/site-packages/airflow/example_dags/example_complex.py for tasks to queue
[2024-09-12T06:47:24.359+0000] {logging_mixin.py:150} INFO - [2024-09-12T06:47:24.359+0000] {dagbag.py:541} INFO - Filling up the DagBag from /home/vscode/.local/lib/python3.10/site-packages/airflow/example_dags/example_complex.py
[2024-09-12T06:47:24.367+0000] {processor.py:836} INFO - DAG(s) dict_keys(['example_complex']) retrieved from /home/vscode/.local/lib/python3.10/site-packages/airflow/example_dags/example_complex.py
[2024-09-12T06:47:24.386+0000] {logging_mixin.py:150} INFO - [2024-09-12T06:47:24.386+0000] {dag.py:2742} INFO - Sync 1 DAGs
[2024-09-12T06:47:24.399+0000] {logging_mixin.py:150} INFO - [2024-09-12T06:47:24.399+0000] {dag.py:3504} INFO - Setting next_dagrun for example_complex to None, run_after=None
[2024-09-12T06:47:24.441+0000] {processor.py:179} INFO - Processing /home/vscode/.local/lib/python3.10/site-packages/airflow/example_dags/example_complex.py took 0.085 seconds
[2024-09-12T06:48:09.564+0000] {processor.py:157} INFO - Started process (PID=10864) to work on /home/vscode/.local/lib/python3.10/site-packages/airflow/example_dags/example_complex.py
[2024-09-12T06:48:09.565+0000] {processor.py:826} INFO - Processing file /home/vscode/.local/lib/python3.10/site-packages/airflow/example_dags/example_complex.py for tasks to queue
[2024-09-12T06:48:09.566+0000] {logging_mixin.py:150} INFO - [2024-09-12T06:48:09.565+0000] {dagbag.py:541} INFO - Filling up the DagBag from /home/vscode/.local/lib/python3.10/site-packages/airflow/example_dags/example_complex.py
[2024-09-12T06:48:09.574+0000] {processor.py:836} INFO - DAG(s) dict_keys(['example_complex']) retrieved from /home/vscode/.local/lib/python3.10/site-packages/airflow/example_dags/example_complex.py
[2024-09-12T06:48:09.592+0000] {logging_mixin.py:150} INFO - [2024-09-12T06:48:09.592+0000] {dag.py:2742} INFO - Sync 1 DAGs
[2024-09-12T06:48:09.606+0000] {logging_mixin.py:150} INFO - [2024-09-12T06:48:09.606+0000] {dag.py:3504} INFO - Setting next_dagrun for example_complex to None, run_after=None
[2024-09-12T06:48:09.650+0000] {processor.py:179} INFO - Processing /home/vscode/.local/lib/python3.10/site-packages/airflow/example_dags/example_complex.py took 0.087 seconds
[2024-09-12T06:48:51.450+0000] {processor.py:157} INFO - Started process (PID=11143) to work on /home/vscode/.local/lib/python3.10/site-packages/airflow/example_dags/example_complex.py
[2024-09-12T06:48:51.450+0000] {processor.py:826} INFO - Processing file /home/vscode/.local/lib/python3.10/site-packages/airflow/example_dags/example_complex.py for tasks to queue
[2024-09-12T06:48:51.451+0000] {logging_mixin.py:150} INFO - [2024-09-12T06:48:51.451+0000] {dagbag.py:541} INFO - Filling up the DagBag from /home/vscode/.local/lib/python3.10/site-packages/airflow/example_dags/example_complex.py
[2024-09-12T06:48:51.459+0000] {processor.py:836} INFO - DAG(s) dict_keys(['example_complex']) retrieved from /home/vscode/.local/lib/python3.10/site-packages/airflow/example_dags/example_complex.py
[2024-09-12T06:48:51.477+0000] {logging_mixin.py:150} INFO - [2024-09-12T06:48:51.477+0000] {dag.py:2742} INFO - Sync 1 DAGs
[2024-09-12T06:48:51.490+0000] {logging_mixin.py:150} INFO - [2024-09-12T06:48:51.490+0000] {dag.py:3504} INFO - Setting next_dagrun for example_complex to None, run_after=None
[2024-09-12T06:48:51.537+0000] {processor.py:179} INFO - Processing /home/vscode/.local/lib/python3.10/site-packages/airflow/example_dags/example_complex.py took 0.089 seconds
[2024-09-12T06:49:36.301+0000] {processor.py:157} INFO - Started process (PID=11449) to work on /home/vscode/.local/lib/python3.10/site-packages/airflow/example_dags/example_complex.py
[2024-09-12T06:49:36.302+0000] {processor.py:826} INFO - Processing file /home/vscode/.local/lib/python3.10/site-packages/airflow/example_dags/example_complex.py for tasks to queue
[2024-09-12T06:49:36.302+0000] {logging_mixin.py:150} INFO - [2024-09-12T06:49:36.302+0000] {dagbag.py:541} INFO - Filling up the DagBag from /home/vscode/.local/lib/python3.10/site-packages/airflow/example_dags/example_complex.py
[2024-09-12T06:49:36.311+0000] {processor.py:836} INFO - DAG(s) dict_keys(['example_complex']) retrieved from /home/vscode/.local/lib/python3.10/site-packages/airflow/example_dags/example_complex.py
[2024-09-12T06:49:36.331+0000] {logging_mixin.py:150} INFO - [2024-09-12T06:49:36.331+0000] {dag.py:2742} INFO - Sync 1 DAGs
[2024-09-12T06:49:36.344+0000] {logging_mixin.py:150} INFO - [2024-09-12T06:49:36.344+0000] {dag.py:3504} INFO - Setting next_dagrun for example_complex to None, run_after=None
[2024-09-12T06:49:36.375+0000] {processor.py:179} INFO - Processing /home/vscode/.local/lib/python3.10/site-packages/airflow/example_dags/example_complex.py took 0.076 seconds
[2024-09-12T06:50:16.835+0000] {processor.py:157} INFO - Started process (PID=11730) to work on /home/vscode/.local/lib/python3.10/site-packages/airflow/example_dags/example_complex.py
[2024-09-12T06:50:16.836+0000] {processor.py:826} INFO - Processing file /home/vscode/.local/lib/python3.10/site-packages/airflow/example_dags/example_complex.py for tasks to queue
[2024-09-12T06:50:16.837+0000] {logging_mixin.py:150} INFO - [2024-09-12T06:50:16.836+0000] {dagbag.py:541} INFO - Filling up the DagBag from /home/vscode/.local/lib/python3.10/site-packages/airflow/example_dags/example_complex.py
[2024-09-12T06:50:16.855+0000] {processor.py:836} INFO - DAG(s) dict_keys(['example_complex']) retrieved from /home/vscode/.local/lib/python3.10/site-packages/airflow/example_dags/example_complex.py
[2024-09-12T06:50:16.873+0000] {logging_mixin.py:150} INFO - [2024-09-12T06:50:16.873+0000] {dag.py:2742} INFO - Sync 1 DAGs
[2024-09-12T06:50:16.887+0000] {logging_mixin.py:150} INFO - [2024-09-12T06:50:16.887+0000] {dag.py:3504} INFO - Setting next_dagrun for example_complex to None, run_after=None
[2024-09-12T06:50:16.923+0000] {processor.py:179} INFO - Processing /home/vscode/.local/lib/python3.10/site-packages/airflow/example_dags/example_complex.py took 0.091 seconds
[2024-09-12T06:51:01.614+0000] {processor.py:157} INFO - Started process (PID=12025) to work on /home/vscode/.local/lib/python3.10/site-packages/airflow/example_dags/example_complex.py
[2024-09-12T06:51:01.615+0000] {processor.py:826} INFO - Processing file /home/vscode/.local/lib/python3.10/site-packages/airflow/example_dags/example_complex.py for tasks to queue
[2024-09-12T06:51:01.616+0000] {logging_mixin.py:150} INFO - [2024-09-12T06:51:01.615+0000] {dagbag.py:541} INFO - Filling up the DagBag from /home/vscode/.local/lib/python3.10/site-packages/airflow/example_dags/example_complex.py
[2024-09-12T06:51:01.624+0000] {processor.py:836} INFO - DAG(s) dict_keys(['example_complex']) retrieved from /home/vscode/.local/lib/python3.10/site-packages/airflow/example_dags/example_complex.py
[2024-09-12T06:51:01.644+0000] {logging_mixin.py:150} INFO - [2024-09-12T06:51:01.644+0000] {dag.py:2742} INFO - Sync 1 DAGs
[2024-09-12T06:51:01.658+0000] {logging_mixin.py:150} INFO - [2024-09-12T06:51:01.658+0000] {dag.py:3504} INFO - Setting next_dagrun for example_complex to None, run_after=None
[2024-09-12T06:51:01.697+0000] {processor.py:179} INFO - Processing /home/vscode/.local/lib/python3.10/site-packages/airflow/example_dags/example_complex.py took 0.085 seconds
[2024-09-12T06:51:47.999+0000] {processor.py:157} INFO - Started process (PID=12339) to work on /home/vscode/.local/lib/python3.10/site-packages/airflow/example_dags/example_complex.py
[2024-09-12T06:51:48.000+0000] {processor.py:826} INFO - Processing file /home/vscode/.local/lib/python3.10/site-packages/airflow/example_dags/example_complex.py for tasks to queue
[2024-09-12T06:51:48.000+0000] {logging_mixin.py:150} INFO - [2024-09-12T06:51:48.000+0000] {dagbag.py:541} INFO - Filling up the DagBag from /home/vscode/.local/lib/python3.10/site-packages/airflow/example_dags/example_complex.py
[2024-09-12T06:51:48.008+0000] {processor.py:836} INFO - DAG(s) dict_keys(['example_complex']) retrieved from /home/vscode/.local/lib/python3.10/site-packages/airflow/example_dags/example_complex.py
[2024-09-12T06:51:48.027+0000] {logging_mixin.py:150} INFO - [2024-09-12T06:51:48.026+0000] {dag.py:2742} INFO - Sync 1 DAGs
[2024-09-12T06:51:48.040+0000] {logging_mixin.py:150} INFO - [2024-09-12T06:51:48.040+0000] {dag.py:3504} INFO - Setting next_dagrun for example_complex to None, run_after=None
[2024-09-12T06:51:48.069+0000] {processor.py:179} INFO - Processing /home/vscode/.local/lib/python3.10/site-packages/airflow/example_dags/example_complex.py took 0.072 seconds
[2024-09-12T06:52:35.930+0000] {processor.py:157} INFO - Started process (PID=12659) to work on /home/vscode/.local/lib/python3.10/site-packages/airflow/example_dags/example_complex.py
[2024-09-12T06:52:35.931+0000] {processor.py:826} INFO - Processing file /home/vscode/.local/lib/python3.10/site-packages/airflow/example_dags/example_complex.py for tasks to queue
[2024-09-12T06:52:35.932+0000] {logging_mixin.py:150} INFO - [2024-09-12T06:52:35.931+0000] {dagbag.py:541} INFO - Filling up the DagBag from /home/vscode/.local/lib/python3.10/site-packages/airflow/example_dags/example_complex.py
[2024-09-12T06:52:35.940+0000] {processor.py:836} INFO - DAG(s) dict_keys(['example_complex']) retrieved from /home/vscode/.local/lib/python3.10/site-packages/airflow/example_dags/example_complex.py
[2024-09-12T06:52:35.958+0000] {logging_mixin.py:150} INFO - [2024-09-12T06:52:35.958+0000] {dag.py:2742} INFO - Sync 1 DAGs
[2024-09-12T06:52:35.972+0000] {logging_mixin.py:150} INFO - [2024-09-12T06:52:35.971+0000] {dag.py:3504} INFO - Setting next_dagrun for example_complex to None, run_after=None
[2024-09-12T06:52:36.004+0000] {processor.py:179} INFO - Processing /home/vscode/.local/lib/python3.10/site-packages/airflow/example_dags/example_complex.py took 0.076 seconds
[2024-09-12T06:53:21.035+0000] {processor.py:157} INFO - Started process (PID=12963) to work on /home/vscode/.local/lib/python3.10/site-packages/airflow/example_dags/example_complex.py
[2024-09-12T06:53:21.036+0000] {processor.py:826} INFO - Processing file /home/vscode/.local/lib/python3.10/site-packages/airflow/example_dags/example_complex.py for tasks to queue
[2024-09-12T06:53:21.036+0000] {logging_mixin.py:150} INFO - [2024-09-12T06:53:21.036+0000] {dagbag.py:541} INFO - Filling up the DagBag from /home/vscode/.local/lib/python3.10/site-packages/airflow/example_dags/example_complex.py
[2024-09-12T06:53:21.044+0000] {processor.py:836} INFO - DAG(s) dict_keys(['example_complex']) retrieved from /home/vscode/.local/lib/python3.10/site-packages/airflow/example_dags/example_complex.py
[2024-09-12T06:53:21.063+0000] {logging_mixin.py:150} INFO - [2024-09-12T06:53:21.063+0000] {dag.py:2742} INFO - Sync 1 DAGs
[2024-09-12T06:53:21.087+0000] {logging_mixin.py:150} INFO - [2024-09-12T06:53:21.087+0000] {dag.py:3504} INFO - Setting next_dagrun for example_complex to None, run_after=None
[2024-09-12T06:53:21.133+0000] {processor.py:179} INFO - Processing /home/vscode/.local/lib/python3.10/site-packages/airflow/example_dags/example_complex.py took 0.100 seconds
[2024-09-12T06:54:07.564+0000] {processor.py:157} INFO - Started process (PID=13275) to work on /home/vscode/.local/lib/python3.10/site-packages/airflow/example_dags/example_complex.py
[2024-09-12T06:54:07.564+0000] {processor.py:826} INFO - Processing file /home/vscode/.local/lib/python3.10/site-packages/airflow/example_dags/example_complex.py for tasks to queue
[2024-09-12T06:54:07.565+0000] {logging_mixin.py:150} INFO - [2024-09-12T06:54:07.565+0000] {dagbag.py:541} INFO - Filling up the DagBag from /home/vscode/.local/lib/python3.10/site-packages/airflow/example_dags/example_complex.py
[2024-09-12T06:54:07.573+0000] {processor.py:836} INFO - DAG(s) dict_keys(['example_complex']) retrieved from /home/vscode/.local/lib/python3.10/site-packages/airflow/example_dags/example_complex.py
[2024-09-12T06:54:07.591+0000] {logging_mixin.py:150} INFO - [2024-09-12T06:54:07.591+0000] {dag.py:2742} INFO - Sync 1 DAGs
[2024-09-12T06:54:07.604+0000] {logging_mixin.py:150} INFO - [2024-09-12T06:54:07.604+0000] {dag.py:3504} INFO - Setting next_dagrun for example_complex to None, run_after=None
[2024-09-12T06:54:07.649+0000] {processor.py:179} INFO - Processing /home/vscode/.local/lib/python3.10/site-packages/airflow/example_dags/example_complex.py took 0.087 seconds
[2024-09-12T06:54:51.883+0000] {processor.py:157} INFO - Started process (PID=13574) to work on /home/vscode/.local/lib/python3.10/site-packages/airflow/example_dags/example_complex.py
[2024-09-12T06:54:51.884+0000] {processor.py:826} INFO - Processing file /home/vscode/.local/lib/python3.10/site-packages/airflow/example_dags/example_complex.py for tasks to queue
[2024-09-12T06:54:51.884+0000] {logging_mixin.py:150} INFO - [2024-09-12T06:54:51.884+0000] {dagbag.py:541} INFO - Filling up the DagBag from /home/vscode/.local/lib/python3.10/site-packages/airflow/example_dags/example_complex.py
[2024-09-12T06:54:51.892+0000] {processor.py:836} INFO - DAG(s) dict_keys(['example_complex']) retrieved from /home/vscode/.local/lib/python3.10/site-packages/airflow/example_dags/example_complex.py
[2024-09-12T06:54:51.911+0000] {logging_mixin.py:150} INFO - [2024-09-12T06:54:51.911+0000] {dag.py:2742} INFO - Sync 1 DAGs
[2024-09-12T06:54:51.924+0000] {logging_mixin.py:150} INFO - [2024-09-12T06:54:51.924+0000] {dag.py:3504} INFO - Setting next_dagrun for example_complex to None, run_after=None
[2024-09-12T06:54:51.955+0000] {processor.py:179} INFO - Processing /home/vscode/.local/lib/python3.10/site-packages/airflow/example_dags/example_complex.py took 0.074 seconds
[2024-09-12T06:55:37.567+0000] {processor.py:157} INFO - Started process (PID=13884) to work on /home/vscode/.local/lib/python3.10/site-packages/airflow/example_dags/example_complex.py
[2024-09-12T06:55:37.568+0000] {processor.py:826} INFO - Processing file /home/vscode/.local/lib/python3.10/site-packages/airflow/example_dags/example_complex.py for tasks to queue
[2024-09-12T06:55:37.568+0000] {logging_mixin.py:150} INFO - [2024-09-12T06:55:37.568+0000] {dagbag.py:541} INFO - Filling up the DagBag from /home/vscode/.local/lib/python3.10/site-packages/airflow/example_dags/example_complex.py
[2024-09-12T06:55:37.577+0000] {processor.py:836} INFO - DAG(s) dict_keys(['example_complex']) retrieved from /home/vscode/.local/lib/python3.10/site-packages/airflow/example_dags/example_complex.py
[2024-09-12T06:55:37.596+0000] {logging_mixin.py:150} INFO - [2024-09-12T06:55:37.596+0000] {dag.py:2742} INFO - Sync 1 DAGs
[2024-09-12T06:55:37.609+0000] {logging_mixin.py:150} INFO - [2024-09-12T06:55:37.609+0000] {dag.py:3504} INFO - Setting next_dagrun for example_complex to None, run_after=None
[2024-09-12T06:55:37.644+0000] {processor.py:179} INFO - Processing /home/vscode/.local/lib/python3.10/site-packages/airflow/example_dags/example_complex.py took 0.080 seconds
[2024-09-12T06:56:25.757+0000] {processor.py:157} INFO - Started process (PID=14203) to work on /home/vscode/.local/lib/python3.10/site-packages/airflow/example_dags/example_complex.py
[2024-09-12T06:56:25.758+0000] {processor.py:826} INFO - Processing file /home/vscode/.local/lib/python3.10/site-packages/airflow/example_dags/example_complex.py for tasks to queue
[2024-09-12T06:56:25.758+0000] {logging_mixin.py:150} INFO - [2024-09-12T06:56:25.758+0000] {dagbag.py:541} INFO - Filling up the DagBag from /home/vscode/.local/lib/python3.10/site-packages/airflow/example_dags/example_complex.py
[2024-09-12T06:56:25.766+0000] {processor.py:836} INFO - DAG(s) dict_keys(['example_complex']) retrieved from /home/vscode/.local/lib/python3.10/site-packages/airflow/example_dags/example_complex.py
[2024-09-12T06:56:25.784+0000] {logging_mixin.py:150} INFO - [2024-09-12T06:56:25.784+0000] {dag.py:2742} INFO - Sync 1 DAGs
[2024-09-12T06:56:25.798+0000] {logging_mixin.py:150} INFO - [2024-09-12T06:56:25.798+0000] {dag.py:3504} INFO - Setting next_dagrun for example_complex to None, run_after=None
[2024-09-12T06:56:25.832+0000] {processor.py:179} INFO - Processing /home/vscode/.local/lib/python3.10/site-packages/airflow/example_dags/example_complex.py took 0.077 seconds
[2024-09-12T06:57:16.114+0000] {processor.py:157} INFO - Started process (PID=14542) to work on /home/vscode/.local/lib/python3.10/site-packages/airflow/example_dags/example_complex.py
[2024-09-12T06:57:16.115+0000] {processor.py:826} INFO - Processing file /home/vscode/.local/lib/python3.10/site-packages/airflow/example_dags/example_complex.py for tasks to queue
[2024-09-12T06:57:16.116+0000] {logging_mixin.py:150} INFO - [2024-09-12T06:57:16.115+0000] {dagbag.py:541} INFO - Filling up the DagBag from /home/vscode/.local/lib/python3.10/site-packages/airflow/example_dags/example_complex.py
[2024-09-12T06:57:16.123+0000] {processor.py:836} INFO - DAG(s) dict_keys(['example_complex']) retrieved from /home/vscode/.local/lib/python3.10/site-packages/airflow/example_dags/example_complex.py
[2024-09-12T06:57:16.142+0000] {logging_mixin.py:150} INFO - [2024-09-12T06:57:16.142+0000] {dag.py:2742} INFO - Sync 1 DAGs
[2024-09-12T06:57:16.156+0000] {logging_mixin.py:150} INFO - [2024-09-12T06:57:16.156+0000] {dag.py:3504} INFO - Setting next_dagrun for example_complex to None, run_after=None
[2024-09-12T06:57:16.213+0000] {processor.py:179} INFO - Processing /home/vscode/.local/lib/python3.10/site-packages/airflow/example_dags/example_complex.py took 0.101 seconds
[2024-09-12T06:57:57.766+0000] {processor.py:157} INFO - Started process (PID=14828) to work on /home/vscode/.local/lib/python3.10/site-packages/airflow/example_dags/example_complex.py
[2024-09-12T06:57:57.767+0000] {processor.py:826} INFO - Processing file /home/vscode/.local/lib/python3.10/site-packages/airflow/example_dags/example_complex.py for tasks to queue
[2024-09-12T06:57:57.767+0000] {logging_mixin.py:150} INFO - [2024-09-12T06:57:57.767+0000] {dagbag.py:541} INFO - Filling up the DagBag from /home/vscode/.local/lib/python3.10/site-packages/airflow/example_dags/example_complex.py
[2024-09-12T06:57:57.776+0000] {processor.py:836} INFO - DAG(s) dict_keys(['example_complex']) retrieved from /home/vscode/.local/lib/python3.10/site-packages/airflow/example_dags/example_complex.py
[2024-09-12T06:57:57.794+0000] {logging_mixin.py:150} INFO - [2024-09-12T06:57:57.794+0000] {dag.py:2742} INFO - Sync 1 DAGs
[2024-09-12T06:57:57.807+0000] {logging_mixin.py:150} INFO - [2024-09-12T06:57:57.807+0000] {dag.py:3504} INFO - Setting next_dagrun for example_complex to None, run_after=None
[2024-09-12T06:57:57.853+0000] {processor.py:179} INFO - Processing /home/vscode/.local/lib/python3.10/site-packages/airflow/example_dags/example_complex.py took 0.089 seconds
[2024-09-12T06:58:41.587+0000] {processor.py:157} INFO - Started process (PID=15117) to work on /home/vscode/.local/lib/python3.10/site-packages/airflow/example_dags/example_complex.py
[2024-09-12T06:58:41.588+0000] {processor.py:826} INFO - Processing file /home/vscode/.local/lib/python3.10/site-packages/airflow/example_dags/example_complex.py for tasks to queue
[2024-09-12T06:58:41.588+0000] {logging_mixin.py:150} INFO - [2024-09-12T06:58:41.588+0000] {dagbag.py:541} INFO - Filling up the DagBag from /home/vscode/.local/lib/python3.10/site-packages/airflow/example_dags/example_complex.py
[2024-09-12T06:58:41.596+0000] {processor.py:836} INFO - DAG(s) dict_keys(['example_complex']) retrieved from /home/vscode/.local/lib/python3.10/site-packages/airflow/example_dags/example_complex.py
[2024-09-12T06:58:41.614+0000] {logging_mixin.py:150} INFO - [2024-09-12T06:58:41.614+0000] {dag.py:2742} INFO - Sync 1 DAGs
[2024-09-12T06:58:41.628+0000] {logging_mixin.py:150} INFO - [2024-09-12T06:58:41.628+0000] {dag.py:3504} INFO - Setting next_dagrun for example_complex to None, run_after=None
[2024-09-12T06:58:41.659+0000] {processor.py:179} INFO - Processing /home/vscode/.local/lib/python3.10/site-packages/airflow/example_dags/example_complex.py took 0.075 seconds
[2024-09-12T06:59:26.248+0000] {processor.py:157} INFO - Started process (PID=15415) to work on /home/vscode/.local/lib/python3.10/site-packages/airflow/example_dags/example_complex.py
[2024-09-12T06:59:26.249+0000] {processor.py:826} INFO - Processing file /home/vscode/.local/lib/python3.10/site-packages/airflow/example_dags/example_complex.py for tasks to queue
[2024-09-12T06:59:26.249+0000] {logging_mixin.py:150} INFO - [2024-09-12T06:59:26.249+0000] {dagbag.py:541} INFO - Filling up the DagBag from /home/vscode/.local/lib/python3.10/site-packages/airflow/example_dags/example_complex.py
[2024-09-12T06:59:26.257+0000] {processor.py:836} INFO - DAG(s) dict_keys(['example_complex']) retrieved from /home/vscode/.local/lib/python3.10/site-packages/airflow/example_dags/example_complex.py
[2024-09-12T06:59:26.275+0000] {logging_mixin.py:150} INFO - [2024-09-12T06:59:26.275+0000] {dag.py:2742} INFO - Sync 1 DAGs
[2024-09-12T06:59:26.289+0000] {logging_mixin.py:150} INFO - [2024-09-12T06:59:26.289+0000] {dag.py:3504} INFO - Setting next_dagrun for example_complex to None, run_after=None
[2024-09-12T06:59:26.319+0000] {processor.py:179} INFO - Processing /home/vscode/.local/lib/python3.10/site-packages/airflow/example_dags/example_complex.py took 0.073 seconds
[2024-09-12T07:00:09.186+0000] {processor.py:157} INFO - Started process (PID=15705) to work on /home/vscode/.local/lib/python3.10/site-packages/airflow/example_dags/example_complex.py
[2024-09-12T07:00:09.186+0000] {processor.py:826} INFO - Processing file /home/vscode/.local/lib/python3.10/site-packages/airflow/example_dags/example_complex.py for tasks to queue
[2024-09-12T07:00:09.187+0000] {logging_mixin.py:150} INFO - [2024-09-12T07:00:09.187+0000] {dagbag.py:541} INFO - Filling up the DagBag from /home/vscode/.local/lib/python3.10/site-packages/airflow/example_dags/example_complex.py
[2024-09-12T07:00:09.195+0000] {processor.py:836} INFO - DAG(s) dict_keys(['example_complex']) retrieved from /home/vscode/.local/lib/python3.10/site-packages/airflow/example_dags/example_complex.py
[2024-09-12T07:00:09.214+0000] {logging_mixin.py:150} INFO - [2024-09-12T07:00:09.213+0000] {dag.py:2742} INFO - Sync 1 DAGs
[2024-09-12T07:00:09.227+0000] {logging_mixin.py:150} INFO - [2024-09-12T07:00:09.227+0000] {dag.py:3504} INFO - Setting next_dagrun for example_complex to None, run_after=None
[2024-09-12T07:00:09.265+0000] {processor.py:179} INFO - Processing /home/vscode/.local/lib/python3.10/site-packages/airflow/example_dags/example_complex.py took 0.081 seconds
[2024-09-12T07:00:54.362+0000] {processor.py:157} INFO - Started process (PID=16009) to work on /home/vscode/.local/lib/python3.10/site-packages/airflow/example_dags/example_complex.py
[2024-09-12T07:00:54.363+0000] {processor.py:826} INFO - Processing file /home/vscode/.local/lib/python3.10/site-packages/airflow/example_dags/example_complex.py for tasks to queue
[2024-09-12T07:00:54.363+0000] {logging_mixin.py:150} INFO - [2024-09-12T07:00:54.363+0000] {dagbag.py:541} INFO - Filling up the DagBag from /home/vscode/.local/lib/python3.10/site-packages/airflow/example_dags/example_complex.py
[2024-09-12T07:00:54.371+0000] {processor.py:836} INFO - DAG(s) dict_keys(['example_complex']) retrieved from /home/vscode/.local/lib/python3.10/site-packages/airflow/example_dags/example_complex.py
[2024-09-12T07:00:54.390+0000] {logging_mixin.py:150} INFO - [2024-09-12T07:00:54.389+0000] {dag.py:2742} INFO - Sync 1 DAGs
[2024-09-12T07:00:54.403+0000] {logging_mixin.py:150} INFO - [2024-09-12T07:00:54.403+0000] {dag.py:3504} INFO - Setting next_dagrun for example_complex to None, run_after=None
[2024-09-12T07:00:54.429+0000] {processor.py:179} INFO - Processing /home/vscode/.local/lib/python3.10/site-packages/airflow/example_dags/example_complex.py took 0.069 seconds
[2024-09-12T07:01:38.154+0000] {processor.py:157} INFO - Started process (PID=16301) to work on /home/vscode/.local/lib/python3.10/site-packages/airflow/example_dags/example_complex.py
[2024-09-12T07:01:38.154+0000] {processor.py:826} INFO - Processing file /home/vscode/.local/lib/python3.10/site-packages/airflow/example_dags/example_complex.py for tasks to queue
[2024-09-12T07:01:38.155+0000] {logging_mixin.py:150} INFO - [2024-09-12T07:01:38.155+0000] {dagbag.py:541} INFO - Filling up the DagBag from /home/vscode/.local/lib/python3.10/site-packages/airflow/example_dags/example_complex.py
[2024-09-12T07:01:38.163+0000] {processor.py:836} INFO - DAG(s) dict_keys(['example_complex']) retrieved from /home/vscode/.local/lib/python3.10/site-packages/airflow/example_dags/example_complex.py
[2024-09-12T07:01:38.181+0000] {logging_mixin.py:150} INFO - [2024-09-12T07:01:38.180+0000] {dag.py:2742} INFO - Sync 1 DAGs
[2024-09-12T07:01:38.194+0000] {logging_mixin.py:150} INFO - [2024-09-12T07:01:38.194+0000] {dag.py:3504} INFO - Setting next_dagrun for example_complex to None, run_after=None
[2024-09-12T07:01:38.228+0000] {processor.py:179} INFO - Processing /home/vscode/.local/lib/python3.10/site-packages/airflow/example_dags/example_complex.py took 0.077 seconds
[2024-09-12T07:02:24.354+0000] {processor.py:157} INFO - Started process (PID=16621) to work on /home/vscode/.local/lib/python3.10/site-packages/airflow/example_dags/example_complex.py
[2024-09-12T07:02:24.355+0000] {processor.py:826} INFO - Processing file /home/vscode/.local/lib/python3.10/site-packages/airflow/example_dags/example_complex.py for tasks to queue
[2024-09-12T07:02:24.356+0000] {logging_mixin.py:150} INFO - [2024-09-12T07:02:24.355+0000] {dagbag.py:541} INFO - Filling up the DagBag from /home/vscode/.local/lib/python3.10/site-packages/airflow/example_dags/example_complex.py
[2024-09-12T07:02:24.364+0000] {processor.py:836} INFO - DAG(s) dict_keys(['example_complex']) retrieved from /home/vscode/.local/lib/python3.10/site-packages/airflow/example_dags/example_complex.py
[2024-09-12T07:02:24.382+0000] {logging_mixin.py:150} INFO - [2024-09-12T07:02:24.382+0000] {dag.py:2742} INFO - Sync 1 DAGs
[2024-09-12T07:02:24.395+0000] {logging_mixin.py:150} INFO - [2024-09-12T07:02:24.395+0000] {dag.py:3504} INFO - Setting next_dagrun for example_complex to None, run_after=None
[2024-09-12T07:02:24.440+0000] {processor.py:179} INFO - Processing /home/vscode/.local/lib/python3.10/site-packages/airflow/example_dags/example_complex.py took 0.088 seconds
[2024-09-12T07:03:11.912+0000] {processor.py:157} INFO - Started process (PID=16933) to work on /home/vscode/.local/lib/python3.10/site-packages/airflow/example_dags/example_complex.py
[2024-09-12T07:03:11.913+0000] {processor.py:826} INFO - Processing file /home/vscode/.local/lib/python3.10/site-packages/airflow/example_dags/example_complex.py for tasks to queue
[2024-09-12T07:03:11.913+0000] {logging_mixin.py:150} INFO - [2024-09-12T07:03:11.913+0000] {dagbag.py:541} INFO - Filling up the DagBag from /home/vscode/.local/lib/python3.10/site-packages/airflow/example_dags/example_complex.py
[2024-09-12T07:03:11.926+0000] {processor.py:836} INFO - DAG(s) dict_keys(['example_complex']) retrieved from /home/vscode/.local/lib/python3.10/site-packages/airflow/example_dags/example_complex.py
[2024-09-12T07:03:11.946+0000] {logging_mixin.py:150} INFO - [2024-09-12T07:03:11.945+0000] {dag.py:2742} INFO - Sync 1 DAGs
[2024-09-12T07:03:11.959+0000] {logging_mixin.py:150} INFO - [2024-09-12T07:03:11.959+0000] {dag.py:3504} INFO - Setting next_dagrun for example_complex to None, run_after=None
[2024-09-12T07:03:11.996+0000] {processor.py:179} INFO - Processing /home/vscode/.local/lib/python3.10/site-packages/airflow/example_dags/example_complex.py took 0.086 seconds
[2024-09-12T07:04:02.331+0000] {processor.py:157} INFO - Started process (PID=17330) to work on /home/vscode/.local/lib/python3.10/site-packages/airflow/example_dags/example_complex.py
[2024-09-12T07:04:02.332+0000] {processor.py:826} INFO - Processing file /home/vscode/.local/lib/python3.10/site-packages/airflow/example_dags/example_complex.py for tasks to queue
[2024-09-12T07:04:02.332+0000] {logging_mixin.py:150} INFO - [2024-09-12T07:04:02.332+0000] {dagbag.py:541} INFO - Filling up the DagBag from /home/vscode/.local/lib/python3.10/site-packages/airflow/example_dags/example_complex.py
[2024-09-12T07:04:02.340+0000] {processor.py:836} INFO - DAG(s) dict_keys(['example_complex']) retrieved from /home/vscode/.local/lib/python3.10/site-packages/airflow/example_dags/example_complex.py
[2024-09-12T07:04:02.358+0000] {logging_mixin.py:150} INFO - [2024-09-12T07:04:02.358+0000] {dag.py:2742} INFO - Sync 1 DAGs
[2024-09-12T07:04:02.372+0000] {logging_mixin.py:150} INFO - [2024-09-12T07:04:02.372+0000] {dag.py:3504} INFO - Setting next_dagrun for example_complex to None, run_after=None
[2024-09-12T07:04:02.416+0000] {processor.py:179} INFO - Processing /home/vscode/.local/lib/python3.10/site-packages/airflow/example_dags/example_complex.py took 0.087 seconds
[2024-09-12T07:04:46.578+0000] {processor.py:157} INFO - Started process (PID=17656) to work on /home/vscode/.local/lib/python3.10/site-packages/airflow/example_dags/example_complex.py
[2024-09-12T07:04:46.579+0000] {processor.py:826} INFO - Processing file /home/vscode/.local/lib/python3.10/site-packages/airflow/example_dags/example_complex.py for tasks to queue
[2024-09-12T07:04:46.579+0000] {logging_mixin.py:150} INFO - [2024-09-12T07:04:46.579+0000] {dagbag.py:541} INFO - Filling up the DagBag from /home/vscode/.local/lib/python3.10/site-packages/airflow/example_dags/example_complex.py
[2024-09-12T07:04:46.587+0000] {processor.py:836} INFO - DAG(s) dict_keys(['example_complex']) retrieved from /home/vscode/.local/lib/python3.10/site-packages/airflow/example_dags/example_complex.py
[2024-09-12T07:04:46.605+0000] {logging_mixin.py:150} INFO - [2024-09-12T07:04:46.605+0000] {dag.py:2742} INFO - Sync 1 DAGs
[2024-09-12T07:04:46.618+0000] {logging_mixin.py:150} INFO - [2024-09-12T07:04:46.618+0000] {dag.py:3504} INFO - Setting next_dagrun for example_complex to None, run_after=None
[2024-09-12T07:04:46.651+0000] {processor.py:179} INFO - Processing /home/vscode/.local/lib/python3.10/site-packages/airflow/example_dags/example_complex.py took 0.075 seconds
[2024-09-12T07:05:33.377+0000] {processor.py:157} INFO - Started process (PID=18083) to work on /home/vscode/.local/lib/python3.10/site-packages/airflow/example_dags/example_complex.py
[2024-09-12T07:05:33.378+0000] {processor.py:826} INFO - Processing file /home/vscode/.local/lib/python3.10/site-packages/airflow/example_dags/example_complex.py for tasks to queue
[2024-09-12T07:05:33.379+0000] {logging_mixin.py:150} INFO - [2024-09-12T07:05:33.379+0000] {dagbag.py:541} INFO - Filling up the DagBag from /home/vscode/.local/lib/python3.10/site-packages/airflow/example_dags/example_complex.py
[2024-09-12T07:05:33.387+0000] {processor.py:836} INFO - DAG(s) dict_keys(['example_complex']) retrieved from /home/vscode/.local/lib/python3.10/site-packages/airflow/example_dags/example_complex.py
[2024-09-12T07:05:33.405+0000] {logging_mixin.py:150} INFO - [2024-09-12T07:05:33.405+0000] {dag.py:2742} INFO - Sync 1 DAGs
[2024-09-12T07:05:33.419+0000] {logging_mixin.py:150} INFO - [2024-09-12T07:05:33.419+0000] {dag.py:3504} INFO - Setting next_dagrun for example_complex to None, run_after=None
[2024-09-12T07:05:33.475+0000] {processor.py:179} INFO - Processing /home/vscode/.local/lib/python3.10/site-packages/airflow/example_dags/example_complex.py took 0.100 seconds
[2024-09-12T07:06:17.438+0000] {processor.py:157} INFO - Started process (PID=18440) to work on /home/vscode/.local/lib/python3.10/site-packages/airflow/example_dags/example_complex.py
[2024-09-12T07:06:17.439+0000] {processor.py:826} INFO - Processing file /home/vscode/.local/lib/python3.10/site-packages/airflow/example_dags/example_complex.py for tasks to queue
[2024-09-12T07:06:17.440+0000] {logging_mixin.py:150} INFO - [2024-09-12T07:06:17.439+0000] {dagbag.py:541} INFO - Filling up the DagBag from /home/vscode/.local/lib/python3.10/site-packages/airflow/example_dags/example_complex.py
[2024-09-12T07:06:17.448+0000] {processor.py:836} INFO - DAG(s) dict_keys(['example_complex']) retrieved from /home/vscode/.local/lib/python3.10/site-packages/airflow/example_dags/example_complex.py
[2024-09-12T07:06:17.467+0000] {logging_mixin.py:150} INFO - [2024-09-12T07:06:17.467+0000] {dag.py:2742} INFO - Sync 1 DAGs
[2024-09-12T07:06:17.480+0000] {logging_mixin.py:150} INFO - [2024-09-12T07:06:17.480+0000] {dag.py:3504} INFO - Setting next_dagrun for example_complex to None, run_after=None
[2024-09-12T07:06:17.523+0000] {processor.py:179} INFO - Processing /home/vscode/.local/lib/python3.10/site-packages/airflow/example_dags/example_complex.py took 0.087 seconds
[2024-09-12T07:07:02.538+0000] {processor.py:157} INFO - Started process (PID=18762) to work on /home/vscode/.local/lib/python3.10/site-packages/airflow/example_dags/example_complex.py
[2024-09-12T07:07:02.539+0000] {processor.py:826} INFO - Processing file /home/vscode/.local/lib/python3.10/site-packages/airflow/example_dags/example_complex.py for tasks to queue
[2024-09-12T07:07:02.540+0000] {logging_mixin.py:150} INFO - [2024-09-12T07:07:02.540+0000] {dagbag.py:541} INFO - Filling up the DagBag from /home/vscode/.local/lib/python3.10/site-packages/airflow/example_dags/example_complex.py
[2024-09-12T07:07:02.548+0000] {processor.py:836} INFO - DAG(s) dict_keys(['example_complex']) retrieved from /home/vscode/.local/lib/python3.10/site-packages/airflow/example_dags/example_complex.py
[2024-09-12T07:07:02.567+0000] {logging_mixin.py:150} INFO - [2024-09-12T07:07:02.567+0000] {dag.py:2742} INFO - Sync 1 DAGs
[2024-09-12T07:07:02.581+0000] {logging_mixin.py:150} INFO - [2024-09-12T07:07:02.581+0000] {dag.py:3504} INFO - Setting next_dagrun for example_complex to None, run_after=None
[2024-09-12T07:07:02.625+0000] {processor.py:179} INFO - Processing /home/vscode/.local/lib/python3.10/site-packages/airflow/example_dags/example_complex.py took 0.089 seconds
[2024-09-12T07:07:47.426+0000] {processor.py:157} INFO - Started process (PID=19060) to work on /home/vscode/.local/lib/python3.10/site-packages/airflow/example_dags/example_complex.py
[2024-09-12T07:07:47.427+0000] {processor.py:826} INFO - Processing file /home/vscode/.local/lib/python3.10/site-packages/airflow/example_dags/example_complex.py for tasks to queue
[2024-09-12T07:07:47.428+0000] {logging_mixin.py:150} INFO - [2024-09-12T07:07:47.427+0000] {dagbag.py:541} INFO - Filling up the DagBag from /home/vscode/.local/lib/python3.10/site-packages/airflow/example_dags/example_complex.py
[2024-09-12T07:07:47.436+0000] {processor.py:836} INFO - DAG(s) dict_keys(['example_complex']) retrieved from /home/vscode/.local/lib/python3.10/site-packages/airflow/example_dags/example_complex.py
[2024-09-12T07:07:47.454+0000] {logging_mixin.py:150} INFO - [2024-09-12T07:07:47.454+0000] {dag.py:2742} INFO - Sync 1 DAGs
[2024-09-12T07:07:47.467+0000] {logging_mixin.py:150} INFO - [2024-09-12T07:07:47.467+0000] {dag.py:3504} INFO - Setting next_dagrun for example_complex to None, run_after=None
[2024-09-12T07:07:47.499+0000] {processor.py:179} INFO - Processing /home/vscode/.local/lib/python3.10/site-packages/airflow/example_dags/example_complex.py took 0.075 seconds
[2024-09-12T07:08:30.220+0000] {processor.py:157} INFO - Started process (PID=19401) to work on /home/vscode/.local/lib/python3.10/site-packages/airflow/example_dags/example_complex.py
[2024-09-12T07:08:30.221+0000] {processor.py:826} INFO - Processing file /home/vscode/.local/lib/python3.10/site-packages/airflow/example_dags/example_complex.py for tasks to queue
[2024-09-12T07:08:30.221+0000] {logging_mixin.py:150} INFO - [2024-09-12T07:08:30.221+0000] {dagbag.py:541} INFO - Filling up the DagBag from /home/vscode/.local/lib/python3.10/site-packages/airflow/example_dags/example_complex.py
[2024-09-12T07:08:30.229+0000] {processor.py:836} INFO - DAG(s) dict_keys(['example_complex']) retrieved from /home/vscode/.local/lib/python3.10/site-packages/airflow/example_dags/example_complex.py
[2024-09-12T07:08:30.247+0000] {logging_mixin.py:150} INFO - [2024-09-12T07:08:30.247+0000] {dag.py:2742} INFO - Sync 1 DAGs
[2024-09-12T07:08:30.260+0000] {logging_mixin.py:150} INFO - [2024-09-12T07:08:30.260+0000] {dag.py:3504} INFO - Setting next_dagrun for example_complex to None, run_after=None
[2024-09-12T07:08:30.297+0000] {processor.py:179} INFO - Processing /home/vscode/.local/lib/python3.10/site-packages/airflow/example_dags/example_complex.py took 0.079 seconds
[2024-09-12T07:09:16.659+0000] {processor.py:157} INFO - Started process (PID=19785) to work on /home/vscode/.local/lib/python3.10/site-packages/airflow/example_dags/example_complex.py
[2024-09-12T07:09:16.660+0000] {processor.py:826} INFO - Processing file /home/vscode/.local/lib/python3.10/site-packages/airflow/example_dags/example_complex.py for tasks to queue
[2024-09-12T07:09:16.661+0000] {logging_mixin.py:150} INFO - [2024-09-12T07:09:16.660+0000] {dagbag.py:541} INFO - Filling up the DagBag from /home/vscode/.local/lib/python3.10/site-packages/airflow/example_dags/example_complex.py
[2024-09-12T07:09:16.669+0000] {processor.py:836} INFO - DAG(s) dict_keys(['example_complex']) retrieved from /home/vscode/.local/lib/python3.10/site-packages/airflow/example_dags/example_complex.py
[2024-09-12T07:09:16.687+0000] {logging_mixin.py:150} INFO - [2024-09-12T07:09:16.687+0000] {dag.py:2742} INFO - Sync 1 DAGs
[2024-09-12T07:09:16.701+0000] {logging_mixin.py:150} INFO - [2024-09-12T07:09:16.701+0000] {dag.py:3504} INFO - Setting next_dagrun for example_complex to None, run_after=None
[2024-09-12T07:09:16.732+0000] {processor.py:179} INFO - Processing /home/vscode/.local/lib/python3.10/site-packages/airflow/example_dags/example_complex.py took 0.075 seconds
[2024-09-12T07:10:01.235+0000] {processor.py:157} INFO - Started process (PID=20102) to work on /home/vscode/.local/lib/python3.10/site-packages/airflow/example_dags/example_complex.py
[2024-09-12T07:10:01.235+0000] {processor.py:826} INFO - Processing file /home/vscode/.local/lib/python3.10/site-packages/airflow/example_dags/example_complex.py for tasks to queue
[2024-09-12T07:10:01.236+0000] {logging_mixin.py:150} INFO - [2024-09-12T07:10:01.236+0000] {dagbag.py:541} INFO - Filling up the DagBag from /home/vscode/.local/lib/python3.10/site-packages/airflow/example_dags/example_complex.py
[2024-09-12T07:10:01.244+0000] {processor.py:836} INFO - DAG(s) dict_keys(['example_complex']) retrieved from /home/vscode/.local/lib/python3.10/site-packages/airflow/example_dags/example_complex.py
[2024-09-12T07:10:01.263+0000] {logging_mixin.py:150} INFO - [2024-09-12T07:10:01.263+0000] {dag.py:2742} INFO - Sync 1 DAGs
[2024-09-12T07:10:01.277+0000] {logging_mixin.py:150} INFO - [2024-09-12T07:10:01.277+0000] {dag.py:3504} INFO - Setting next_dagrun for example_complex to None, run_after=None
[2024-09-12T07:10:01.307+0000] {processor.py:179} INFO - Processing /home/vscode/.local/lib/python3.10/site-packages/airflow/example_dags/example_complex.py took 0.075 seconds
