[2024-09-12T06:40:09.807+0000] {processor.py:157} INFO - Started process (PID=7644) to work on /home/vscode/.local/lib/python3.10/site-packages/airflow/example_dags/example_branch_python_dop_operator_3.py
[2024-09-12T06:40:09.807+0000] {processor.py:826} INFO - Processing file /home/vscode/.local/lib/python3.10/site-packages/airflow/example_dags/example_branch_python_dop_operator_3.py for tasks to queue
[2024-09-12T06:40:09.808+0000] {logging_mixin.py:150} INFO - [2024-09-12T06:40:09.808+0000] {dagbag.py:541} INFO - Filling up the DagBag from /home/vscode/.local/lib/python3.10/site-packages/airflow/example_dags/example_branch_python_dop_operator_3.py
[2024-09-12T06:40:09.814+0000] {processor.py:836} INFO - DAG(s) dict_keys(['example_branch_dop_operator_v3']) retrieved from /home/vscode/.local/lib/python3.10/site-packages/airflow/example_dags/example_branch_python_dop_operator_3.py
[2024-09-12T06:40:09.930+0000] {logging_mixin.py:150} INFO - [2024-09-12T06:40:09.930+0000] {manager.py:504} INFO - Created Permission View: can delete on DAG:example_branch_dop_operator_v3
[2024-09-12T06:40:09.965+0000] {logging_mixin.py:150} INFO - [2024-09-12T06:40:09.965+0000] {manager.py:504} INFO - Created Permission View: can read on DAG:example_branch_dop_operator_v3
[2024-09-12T06:40:10.021+0000] {logging_mixin.py:150} INFO - [2024-09-12T06:40:10.020+0000] {manager.py:504} INFO - Created Permission View: can edit on DAG:example_branch_dop_operator_v3
[2024-09-12T06:40:10.029+0000] {logging_mixin.py:150} INFO - [2024-09-12T06:40:10.029+0000] {dag.py:2742} INFO - Sync 1 DAGs
[2024-09-12T06:40:10.036+0000] {logging_mixin.py:150} INFO - [2024-09-12T06:40:10.036+0000] {dag.py:2763} INFO - Creating ORM DAG for example_branch_dop_operator_v3
[2024-09-12T06:40:10.045+0000] {logging_mixin.py:150} INFO - [2024-09-12T06:40:10.045+0000] {dag.py:3504} INFO - Setting next_dagrun for example_branch_dop_operator_v3 to 2024-09-12T06:39:00+00:00, run_after=2024-09-12T06:40:00+00:00
[2024-09-12T06:40:10.086+0000] {processor.py:179} INFO - Processing /home/vscode/.local/lib/python3.10/site-packages/airflow/example_dags/example_branch_python_dop_operator_3.py took 0.282 seconds
[2024-09-12T06:41:09.564+0000] {processor.py:157} INFO - Started process (PID=8040) to work on /home/vscode/.local/lib/python3.10/site-packages/airflow/example_dags/example_branch_python_dop_operator_3.py
[2024-09-12T06:41:09.565+0000] {processor.py:826} INFO - Processing file /home/vscode/.local/lib/python3.10/site-packages/airflow/example_dags/example_branch_python_dop_operator_3.py for tasks to queue
[2024-09-12T06:41:09.566+0000] {logging_mixin.py:150} INFO - [2024-09-12T06:41:09.565+0000] {dagbag.py:541} INFO - Filling up the DagBag from /home/vscode/.local/lib/python3.10/site-packages/airflow/example_dags/example_branch_python_dop_operator_3.py
[2024-09-12T06:41:09.572+0000] {processor.py:836} INFO - DAG(s) dict_keys(['example_branch_dop_operator_v3']) retrieved from /home/vscode/.local/lib/python3.10/site-packages/airflow/example_dags/example_branch_python_dop_operator_3.py
[2024-09-12T06:41:09.584+0000] {logging_mixin.py:150} INFO - [2024-09-12T06:41:09.584+0000] {dag.py:2742} INFO - Sync 1 DAGs
[2024-09-12T06:41:09.600+0000] {logging_mixin.py:150} INFO - [2024-09-12T06:41:09.600+0000] {dag.py:3504} INFO - Setting next_dagrun for example_branch_dop_operator_v3 to 2024-09-12T06:40:00+00:00, run_after=2024-09-12T06:41:00+00:00
[2024-09-12T06:41:09.632+0000] {processor.py:179} INFO - Processing /home/vscode/.local/lib/python3.10/site-packages/airflow/example_dags/example_branch_python_dop_operator_3.py took 0.070 seconds
[2024-09-12T06:41:52.406+0000] {processor.py:157} INFO - Started process (PID=8334) to work on /home/vscode/.local/lib/python3.10/site-packages/airflow/example_dags/example_branch_python_dop_operator_3.py
[2024-09-12T06:41:52.407+0000] {processor.py:826} INFO - Processing file /home/vscode/.local/lib/python3.10/site-packages/airflow/example_dags/example_branch_python_dop_operator_3.py for tasks to queue
[2024-09-12T06:41:52.407+0000] {logging_mixin.py:150} INFO - [2024-09-12T06:41:52.407+0000] {dagbag.py:541} INFO - Filling up the DagBag from /home/vscode/.local/lib/python3.10/site-packages/airflow/example_dags/example_branch_python_dop_operator_3.py
[2024-09-12T06:41:52.413+0000] {processor.py:836} INFO - DAG(s) dict_keys(['example_branch_dop_operator_v3']) retrieved from /home/vscode/.local/lib/python3.10/site-packages/airflow/example_dags/example_branch_python_dop_operator_3.py
[2024-09-12T06:41:52.425+0000] {logging_mixin.py:150} INFO - [2024-09-12T06:41:52.425+0000] {dag.py:2742} INFO - Sync 1 DAGs
[2024-09-12T06:41:52.444+0000] {logging_mixin.py:150} INFO - [2024-09-12T06:41:52.443+0000] {dag.py:3504} INFO - Setting next_dagrun for example_branch_dop_operator_v3 to 2024-09-12T06:40:00+00:00, run_after=2024-09-12T06:41:00+00:00
[2024-09-12T06:41:52.472+0000] {processor.py:179} INFO - Processing /home/vscode/.local/lib/python3.10/site-packages/airflow/example_dags/example_branch_python_dop_operator_3.py took 0.068 seconds
[2024-09-12T06:42:40.668+0000] {processor.py:157} INFO - Started process (PID=8652) to work on /home/vscode/.local/lib/python3.10/site-packages/airflow/example_dags/example_branch_python_dop_operator_3.py
[2024-09-12T06:42:40.669+0000] {processor.py:826} INFO - Processing file /home/vscode/.local/lib/python3.10/site-packages/airflow/example_dags/example_branch_python_dop_operator_3.py for tasks to queue
[2024-09-12T06:42:40.669+0000] {logging_mixin.py:150} INFO - [2024-09-12T06:42:40.669+0000] {dagbag.py:541} INFO - Filling up the DagBag from /home/vscode/.local/lib/python3.10/site-packages/airflow/example_dags/example_branch_python_dop_operator_3.py
[2024-09-12T06:42:40.675+0000] {processor.py:836} INFO - DAG(s) dict_keys(['example_branch_dop_operator_v3']) retrieved from /home/vscode/.local/lib/python3.10/site-packages/airflow/example_dags/example_branch_python_dop_operator_3.py
[2024-09-12T06:42:40.689+0000] {logging_mixin.py:150} INFO - [2024-09-12T06:42:40.689+0000] {dag.py:2742} INFO - Sync 1 DAGs
[2024-09-12T06:42:40.716+0000] {logging_mixin.py:150} INFO - [2024-09-12T06:42:40.716+0000] {dag.py:3504} INFO - Setting next_dagrun for example_branch_dop_operator_v3 to 2024-09-12T06:41:00+00:00, run_after=2024-09-12T06:42:00+00:00
[2024-09-12T06:42:40.777+0000] {processor.py:179} INFO - Processing /home/vscode/.local/lib/python3.10/site-packages/airflow/example_dags/example_branch_python_dop_operator_3.py took 0.112 seconds
[2024-09-12T06:43:37.362+0000] {processor.py:157} INFO - Started process (PID=9033) to work on /home/vscode/.local/lib/python3.10/site-packages/airflow/example_dags/example_branch_python_dop_operator_3.py
[2024-09-12T06:43:37.362+0000] {processor.py:826} INFO - Processing file /home/vscode/.local/lib/python3.10/site-packages/airflow/example_dags/example_branch_python_dop_operator_3.py for tasks to queue
[2024-09-12T06:43:37.363+0000] {logging_mixin.py:150} INFO - [2024-09-12T06:43:37.363+0000] {dagbag.py:541} INFO - Filling up the DagBag from /home/vscode/.local/lib/python3.10/site-packages/airflow/example_dags/example_branch_python_dop_operator_3.py
[2024-09-12T06:43:37.369+0000] {processor.py:836} INFO - DAG(s) dict_keys(['example_branch_dop_operator_v3']) retrieved from /home/vscode/.local/lib/python3.10/site-packages/airflow/example_dags/example_branch_python_dop_operator_3.py
[2024-09-12T06:43:37.380+0000] {logging_mixin.py:150} INFO - [2024-09-12T06:43:37.380+0000] {dag.py:2742} INFO - Sync 1 DAGs
[2024-09-12T06:43:37.397+0000] {logging_mixin.py:150} INFO - [2024-09-12T06:43:37.397+0000] {dag.py:3504} INFO - Setting next_dagrun for example_branch_dop_operator_v3 to 2024-09-12T06:42:00+00:00, run_after=2024-09-12T06:43:00+00:00
[2024-09-12T06:43:37.435+0000] {processor.py:179} INFO - Processing /home/vscode/.local/lib/python3.10/site-packages/airflow/example_dags/example_branch_python_dop_operator_3.py took 0.075 seconds
[2024-09-12T06:44:31.327+0000] {processor.py:157} INFO - Started process (PID=9406) to work on /home/vscode/.local/lib/python3.10/site-packages/airflow/example_dags/example_branch_python_dop_operator_3.py
[2024-09-12T06:44:31.328+0000] {processor.py:826} INFO - Processing file /home/vscode/.local/lib/python3.10/site-packages/airflow/example_dags/example_branch_python_dop_operator_3.py for tasks to queue
[2024-09-12T06:44:31.329+0000] {logging_mixin.py:150} INFO - [2024-09-12T06:44:31.329+0000] {dagbag.py:541} INFO - Filling up the DagBag from /home/vscode/.local/lib/python3.10/site-packages/airflow/example_dags/example_branch_python_dop_operator_3.py
[2024-09-12T06:44:31.338+0000] {processor.py:836} INFO - DAG(s) dict_keys(['example_branch_dop_operator_v3']) retrieved from /home/vscode/.local/lib/python3.10/site-packages/airflow/example_dags/example_branch_python_dop_operator_3.py
[2024-09-12T06:44:31.350+0000] {logging_mixin.py:150} INFO - [2024-09-12T06:44:31.350+0000] {dag.py:2742} INFO - Sync 1 DAGs
[2024-09-12T06:44:31.368+0000] {logging_mixin.py:150} INFO - [2024-09-12T06:44:31.368+0000] {dag.py:3504} INFO - Setting next_dagrun for example_branch_dop_operator_v3 to 2024-09-12T06:43:00+00:00, run_after=2024-09-12T06:44:00+00:00
[2024-09-12T06:44:31.400+0000] {processor.py:179} INFO - Processing /home/vscode/.local/lib/python3.10/site-packages/airflow/example_dags/example_branch_python_dop_operator_3.py took 0.077 seconds
[2024-09-12T06:45:29.807+0000] {processor.py:157} INFO - Started process (PID=9790) to work on /home/vscode/.local/lib/python3.10/site-packages/airflow/example_dags/example_branch_python_dop_operator_3.py
[2024-09-12T06:45:29.808+0000] {processor.py:826} INFO - Processing file /home/vscode/.local/lib/python3.10/site-packages/airflow/example_dags/example_branch_python_dop_operator_3.py for tasks to queue
[2024-09-12T06:45:29.808+0000] {logging_mixin.py:150} INFO - [2024-09-12T06:45:29.808+0000] {dagbag.py:541} INFO - Filling up the DagBag from /home/vscode/.local/lib/python3.10/site-packages/airflow/example_dags/example_branch_python_dop_operator_3.py
[2024-09-12T06:45:29.814+0000] {processor.py:836} INFO - DAG(s) dict_keys(['example_branch_dop_operator_v3']) retrieved from /home/vscode/.local/lib/python3.10/site-packages/airflow/example_dags/example_branch_python_dop_operator_3.py
[2024-09-12T06:45:29.826+0000] {logging_mixin.py:150} INFO - [2024-09-12T06:45:29.826+0000] {dag.py:2742} INFO - Sync 1 DAGs
[2024-09-12T06:45:29.843+0000] {logging_mixin.py:150} INFO - [2024-09-12T06:45:29.843+0000] {dag.py:3504} INFO - Setting next_dagrun for example_branch_dop_operator_v3 to 2024-09-12T06:44:00+00:00, run_after=2024-09-12T06:45:00+00:00
[2024-09-12T06:45:29.874+0000] {processor.py:179} INFO - Processing /home/vscode/.local/lib/python3.10/site-packages/airflow/example_dags/example_branch_python_dop_operator_3.py took 0.069 seconds
[2024-09-12T06:46:15.758+0000] {processor.py:157} INFO - Started process (PID=10100) to work on /home/vscode/.local/lib/python3.10/site-packages/airflow/example_dags/example_branch_python_dop_operator_3.py
[2024-09-12T06:46:15.759+0000] {processor.py:826} INFO - Processing file /home/vscode/.local/lib/python3.10/site-packages/airflow/example_dags/example_branch_python_dop_operator_3.py for tasks to queue
[2024-09-12T06:46:15.759+0000] {logging_mixin.py:150} INFO - [2024-09-12T06:46:15.759+0000] {dagbag.py:541} INFO - Filling up the DagBag from /home/vscode/.local/lib/python3.10/site-packages/airflow/example_dags/example_branch_python_dop_operator_3.py
[2024-09-12T06:46:15.765+0000] {processor.py:836} INFO - DAG(s) dict_keys(['example_branch_dop_operator_v3']) retrieved from /home/vscode/.local/lib/python3.10/site-packages/airflow/example_dags/example_branch_python_dop_operator_3.py
[2024-09-12T06:46:15.777+0000] {logging_mixin.py:150} INFO - [2024-09-12T06:46:15.776+0000] {dag.py:2742} INFO - Sync 1 DAGs
[2024-09-12T06:46:15.793+0000] {logging_mixin.py:150} INFO - [2024-09-12T06:46:15.793+0000] {dag.py:3504} INFO - Setting next_dagrun for example_branch_dop_operator_v3 to 2024-09-12T06:45:00+00:00, run_after=2024-09-12T06:46:00+00:00
[2024-09-12T06:46:15.829+0000] {processor.py:179} INFO - Processing /home/vscode/.local/lib/python3.10/site-packages/airflow/example_dags/example_branch_python_dop_operator_3.py took 0.073 seconds
[2024-09-12T06:47:01.370+0000] {processor.py:157} INFO - Started process (PID=10404) to work on /home/vscode/.local/lib/python3.10/site-packages/airflow/example_dags/example_branch_python_dop_operator_3.py
[2024-09-12T06:47:01.370+0000] {processor.py:826} INFO - Processing file /home/vscode/.local/lib/python3.10/site-packages/airflow/example_dags/example_branch_python_dop_operator_3.py for tasks to queue
[2024-09-12T06:47:01.371+0000] {logging_mixin.py:150} INFO - [2024-09-12T06:47:01.371+0000] {dagbag.py:541} INFO - Filling up the DagBag from /home/vscode/.local/lib/python3.10/site-packages/airflow/example_dags/example_branch_python_dop_operator_3.py
[2024-09-12T06:47:01.377+0000] {processor.py:836} INFO - DAG(s) dict_keys(['example_branch_dop_operator_v3']) retrieved from /home/vscode/.local/lib/python3.10/site-packages/airflow/example_dags/example_branch_python_dop_operator_3.py
[2024-09-12T06:47:01.388+0000] {logging_mixin.py:150} INFO - [2024-09-12T06:47:01.388+0000] {dag.py:2742} INFO - Sync 1 DAGs
[2024-09-12T06:47:01.405+0000] {logging_mixin.py:150} INFO - [2024-09-12T06:47:01.405+0000] {dag.py:3504} INFO - Setting next_dagrun for example_branch_dop_operator_v3 to 2024-09-12T06:46:00+00:00, run_after=2024-09-12T06:47:00+00:00
[2024-09-12T06:47:01.439+0000] {processor.py:179} INFO - Processing /home/vscode/.local/lib/python3.10/site-packages/airflow/example_dags/example_branch_python_dop_operator_3.py took 0.072 seconds
[2024-09-12T06:47:46.894+0000] {processor.py:157} INFO - Started process (PID=10708) to work on /home/vscode/.local/lib/python3.10/site-packages/airflow/example_dags/example_branch_python_dop_operator_3.py
[2024-09-12T06:47:46.895+0000] {processor.py:826} INFO - Processing file /home/vscode/.local/lib/python3.10/site-packages/airflow/example_dags/example_branch_python_dop_operator_3.py for tasks to queue
[2024-09-12T06:47:46.895+0000] {logging_mixin.py:150} INFO - [2024-09-12T06:47:46.895+0000] {dagbag.py:541} INFO - Filling up the DagBag from /home/vscode/.local/lib/python3.10/site-packages/airflow/example_dags/example_branch_python_dop_operator_3.py
[2024-09-12T06:47:46.901+0000] {processor.py:836} INFO - DAG(s) dict_keys(['example_branch_dop_operator_v3']) retrieved from /home/vscode/.local/lib/python3.10/site-packages/airflow/example_dags/example_branch_python_dop_operator_3.py
[2024-09-12T06:47:46.913+0000] {logging_mixin.py:150} INFO - [2024-09-12T06:47:46.913+0000] {dag.py:2742} INFO - Sync 1 DAGs
[2024-09-12T06:47:46.931+0000] {logging_mixin.py:150} INFO - [2024-09-12T06:47:46.931+0000] {dag.py:3504} INFO - Setting next_dagrun for example_branch_dop_operator_v3 to 2024-09-12T06:46:00+00:00, run_after=2024-09-12T06:47:00+00:00
[2024-09-12T06:47:46.968+0000] {processor.py:179} INFO - Processing /home/vscode/.local/lib/python3.10/site-packages/airflow/example_dags/example_branch_python_dop_operator_3.py took 0.076 seconds
[2024-09-12T06:48:30.200+0000] {processor.py:157} INFO - Started process (PID=11004) to work on /home/vscode/.local/lib/python3.10/site-packages/airflow/example_dags/example_branch_python_dop_operator_3.py
[2024-09-12T06:48:30.200+0000] {processor.py:826} INFO - Processing file /home/vscode/.local/lib/python3.10/site-packages/airflow/example_dags/example_branch_python_dop_operator_3.py for tasks to queue
[2024-09-12T06:48:30.201+0000] {logging_mixin.py:150} INFO - [2024-09-12T06:48:30.201+0000] {dagbag.py:541} INFO - Filling up the DagBag from /home/vscode/.local/lib/python3.10/site-packages/airflow/example_dags/example_branch_python_dop_operator_3.py
[2024-09-12T06:48:30.207+0000] {processor.py:836} INFO - DAG(s) dict_keys(['example_branch_dop_operator_v3']) retrieved from /home/vscode/.local/lib/python3.10/site-packages/airflow/example_dags/example_branch_python_dop_operator_3.py
[2024-09-12T06:48:30.218+0000] {logging_mixin.py:150} INFO - [2024-09-12T06:48:30.218+0000] {dag.py:2742} INFO - Sync 1 DAGs
[2024-09-12T06:48:30.235+0000] {logging_mixin.py:150} INFO - [2024-09-12T06:48:30.235+0000] {dag.py:3504} INFO - Setting next_dagrun for example_branch_dop_operator_v3 to 2024-09-12T06:47:00+00:00, run_after=2024-09-12T06:48:00+00:00
[2024-09-12T06:48:30.269+0000] {processor.py:179} INFO - Processing /home/vscode/.local/lib/python3.10/site-packages/airflow/example_dags/example_branch_python_dop_operator_3.py took 0.071 seconds
[2024-09-12T06:49:27.510+0000] {processor.py:157} INFO - Started process (PID=11388) to work on /home/vscode/.local/lib/python3.10/site-packages/airflow/example_dags/example_branch_python_dop_operator_3.py
[2024-09-12T06:49:27.511+0000] {processor.py:826} INFO - Processing file /home/vscode/.local/lib/python3.10/site-packages/airflow/example_dags/example_branch_python_dop_operator_3.py for tasks to queue
[2024-09-12T06:49:27.512+0000] {logging_mixin.py:150} INFO - [2024-09-12T06:49:27.511+0000] {dagbag.py:541} INFO - Filling up the DagBag from /home/vscode/.local/lib/python3.10/site-packages/airflow/example_dags/example_branch_python_dop_operator_3.py
[2024-09-12T06:49:27.518+0000] {processor.py:836} INFO - DAG(s) dict_keys(['example_branch_dop_operator_v3']) retrieved from /home/vscode/.local/lib/python3.10/site-packages/airflow/example_dags/example_branch_python_dop_operator_3.py
[2024-09-12T06:49:27.529+0000] {logging_mixin.py:150} INFO - [2024-09-12T06:49:27.529+0000] {dag.py:2742} INFO - Sync 1 DAGs
[2024-09-12T06:49:27.546+0000] {logging_mixin.py:150} INFO - [2024-09-12T06:49:27.546+0000] {dag.py:3504} INFO - Setting next_dagrun for example_branch_dop_operator_v3 to 2024-09-12T06:48:00+00:00, run_after=2024-09-12T06:49:00+00:00
[2024-09-12T06:49:27.579+0000] {processor.py:179} INFO - Processing /home/vscode/.local/lib/python3.10/site-packages/airflow/example_dags/example_branch_python_dop_operator_3.py took 0.071 seconds
[2024-09-12T06:50:21.427+0000] {processor.py:157} INFO - Started process (PID=11752) to work on /home/vscode/.local/lib/python3.10/site-packages/airflow/example_dags/example_branch_python_dop_operator_3.py
[2024-09-12T06:50:21.428+0000] {processor.py:826} INFO - Processing file /home/vscode/.local/lib/python3.10/site-packages/airflow/example_dags/example_branch_python_dop_operator_3.py for tasks to queue
[2024-09-12T06:50:21.429+0000] {logging_mixin.py:150} INFO - [2024-09-12T06:50:21.428+0000] {dagbag.py:541} INFO - Filling up the DagBag from /home/vscode/.local/lib/python3.10/site-packages/airflow/example_dags/example_branch_python_dop_operator_3.py
[2024-09-12T06:50:21.436+0000] {processor.py:836} INFO - DAG(s) dict_keys(['example_branch_dop_operator_v3']) retrieved from /home/vscode/.local/lib/python3.10/site-packages/airflow/example_dags/example_branch_python_dop_operator_3.py
[2024-09-12T06:50:21.451+0000] {logging_mixin.py:150} INFO - [2024-09-12T06:50:21.451+0000] {dag.py:2742} INFO - Sync 1 DAGs
[2024-09-12T06:50:21.468+0000] {logging_mixin.py:150} INFO - [2024-09-12T06:50:21.468+0000] {dag.py:3504} INFO - Setting next_dagrun for example_branch_dop_operator_v3 to 2024-09-12T06:49:00+00:00, run_after=2024-09-12T06:50:00+00:00
[2024-09-12T06:50:21.500+0000] {processor.py:179} INFO - Processing /home/vscode/.local/lib/python3.10/site-packages/airflow/example_dags/example_branch_python_dop_operator_3.py took 0.075 seconds
[2024-09-12T06:51:06.867+0000] {processor.py:157} INFO - Started process (PID=12060) to work on /home/vscode/.local/lib/python3.10/site-packages/airflow/example_dags/example_branch_python_dop_operator_3.py
[2024-09-12T06:51:06.868+0000] {processor.py:826} INFO - Processing file /home/vscode/.local/lib/python3.10/site-packages/airflow/example_dags/example_branch_python_dop_operator_3.py for tasks to queue
[2024-09-12T06:51:06.869+0000] {logging_mixin.py:150} INFO - [2024-09-12T06:51:06.868+0000] {dagbag.py:541} INFO - Filling up the DagBag from /home/vscode/.local/lib/python3.10/site-packages/airflow/example_dags/example_branch_python_dop_operator_3.py
[2024-09-12T06:51:06.875+0000] {processor.py:836} INFO - DAG(s) dict_keys(['example_branch_dop_operator_v3']) retrieved from /home/vscode/.local/lib/python3.10/site-packages/airflow/example_dags/example_branch_python_dop_operator_3.py
[2024-09-12T06:51:06.886+0000] {logging_mixin.py:150} INFO - [2024-09-12T06:51:06.886+0000] {dag.py:2742} INFO - Sync 1 DAGs
[2024-09-12T06:51:06.904+0000] {logging_mixin.py:150} INFO - [2024-09-12T06:51:06.904+0000] {dag.py:3504} INFO - Setting next_dagrun for example_branch_dop_operator_v3 to 2024-09-12T06:50:00+00:00, run_after=2024-09-12T06:51:00+00:00
[2024-09-12T06:51:06.943+0000] {processor.py:179} INFO - Processing /home/vscode/.local/lib/python3.10/site-packages/airflow/example_dags/example_branch_python_dop_operator_3.py took 0.077 seconds
[2024-09-12T06:51:53.327+0000] {processor.py:157} INFO - Started process (PID=12367) to work on /home/vscode/.local/lib/python3.10/site-packages/airflow/example_dags/example_branch_python_dop_operator_3.py
[2024-09-12T06:51:53.327+0000] {processor.py:826} INFO - Processing file /home/vscode/.local/lib/python3.10/site-packages/airflow/example_dags/example_branch_python_dop_operator_3.py for tasks to queue
[2024-09-12T06:51:53.328+0000] {logging_mixin.py:150} INFO - [2024-09-12T06:51:53.328+0000] {dagbag.py:541} INFO - Filling up the DagBag from /home/vscode/.local/lib/python3.10/site-packages/airflow/example_dags/example_branch_python_dop_operator_3.py
[2024-09-12T06:51:53.334+0000] {processor.py:836} INFO - DAG(s) dict_keys(['example_branch_dop_operator_v3']) retrieved from /home/vscode/.local/lib/python3.10/site-packages/airflow/example_dags/example_branch_python_dop_operator_3.py
[2024-09-12T06:51:53.345+0000] {logging_mixin.py:150} INFO - [2024-09-12T06:51:53.345+0000] {dag.py:2742} INFO - Sync 1 DAGs
[2024-09-12T06:51:53.362+0000] {logging_mixin.py:150} INFO - [2024-09-12T06:51:53.362+0000] {dag.py:3504} INFO - Setting next_dagrun for example_branch_dop_operator_v3 to 2024-09-12T06:50:00+00:00, run_after=2024-09-12T06:51:00+00:00
[2024-09-12T06:51:53.389+0000] {processor.py:179} INFO - Processing /home/vscode/.local/lib/python3.10/site-packages/airflow/example_dags/example_branch_python_dop_operator_3.py took 0.064 seconds
[2024-09-12T06:52:40.836+0000] {processor.py:157} INFO - Started process (PID=12693) to work on /home/vscode/.local/lib/python3.10/site-packages/airflow/example_dags/example_branch_python_dop_operator_3.py
[2024-09-12T06:52:40.836+0000] {processor.py:826} INFO - Processing file /home/vscode/.local/lib/python3.10/site-packages/airflow/example_dags/example_branch_python_dop_operator_3.py for tasks to queue
[2024-09-12T06:52:40.837+0000] {logging_mixin.py:150} INFO - [2024-09-12T06:52:40.837+0000] {dagbag.py:541} INFO - Filling up the DagBag from /home/vscode/.local/lib/python3.10/site-packages/airflow/example_dags/example_branch_python_dop_operator_3.py
[2024-09-12T06:52:40.843+0000] {processor.py:836} INFO - DAG(s) dict_keys(['example_branch_dop_operator_v3']) retrieved from /home/vscode/.local/lib/python3.10/site-packages/airflow/example_dags/example_branch_python_dop_operator_3.py
[2024-09-12T06:52:40.854+0000] {logging_mixin.py:150} INFO - [2024-09-12T06:52:40.854+0000] {dag.py:2742} INFO - Sync 1 DAGs
[2024-09-12T06:52:40.871+0000] {logging_mixin.py:150} INFO - [2024-09-12T06:52:40.871+0000] {dag.py:3504} INFO - Setting next_dagrun for example_branch_dop_operator_v3 to 2024-09-12T06:51:00+00:00, run_after=2024-09-12T06:52:00+00:00
[2024-09-12T06:52:40.930+0000] {processor.py:179} INFO - Processing /home/vscode/.local/lib/python3.10/site-packages/airflow/example_dags/example_branch_python_dop_operator_3.py took 0.097 seconds
[2024-09-12T06:53:26.197+0000] {processor.py:157} INFO - Started process (PID=12998) to work on /home/vscode/.local/lib/python3.10/site-packages/airflow/example_dags/example_branch_python_dop_operator_3.py
[2024-09-12T06:53:26.197+0000] {processor.py:826} INFO - Processing file /home/vscode/.local/lib/python3.10/site-packages/airflow/example_dags/example_branch_python_dop_operator_3.py for tasks to queue
[2024-09-12T06:53:26.198+0000] {logging_mixin.py:150} INFO - [2024-09-12T06:53:26.198+0000] {dagbag.py:541} INFO - Filling up the DagBag from /home/vscode/.local/lib/python3.10/site-packages/airflow/example_dags/example_branch_python_dop_operator_3.py
[2024-09-12T06:53:26.204+0000] {processor.py:836} INFO - DAG(s) dict_keys(['example_branch_dop_operator_v3']) retrieved from /home/vscode/.local/lib/python3.10/site-packages/airflow/example_dags/example_branch_python_dop_operator_3.py
[2024-09-12T06:53:26.216+0000] {logging_mixin.py:150} INFO - [2024-09-12T06:53:26.216+0000] {dag.py:2742} INFO - Sync 1 DAGs
[2024-09-12T06:53:26.232+0000] {logging_mixin.py:150} INFO - [2024-09-12T06:53:26.232+0000] {dag.py:3504} INFO - Setting next_dagrun for example_branch_dop_operator_v3 to 2024-09-12T06:52:00+00:00, run_after=2024-09-12T06:53:00+00:00
[2024-09-12T06:53:26.264+0000] {processor.py:179} INFO - Processing /home/vscode/.local/lib/python3.10/site-packages/airflow/example_dags/example_branch_python_dop_operator_3.py took 0.069 seconds
[2024-09-12T06:54:11.563+0000] {processor.py:157} INFO - Started process (PID=13303) to work on /home/vscode/.local/lib/python3.10/site-packages/airflow/example_dags/example_branch_python_dop_operator_3.py
[2024-09-12T06:54:11.564+0000] {processor.py:826} INFO - Processing file /home/vscode/.local/lib/python3.10/site-packages/airflow/example_dags/example_branch_python_dop_operator_3.py for tasks to queue
[2024-09-12T06:54:11.564+0000] {logging_mixin.py:150} INFO - [2024-09-12T06:54:11.564+0000] {dagbag.py:541} INFO - Filling up the DagBag from /home/vscode/.local/lib/python3.10/site-packages/airflow/example_dags/example_branch_python_dop_operator_3.py
[2024-09-12T06:54:11.570+0000] {processor.py:836} INFO - DAG(s) dict_keys(['example_branch_dop_operator_v3']) retrieved from /home/vscode/.local/lib/python3.10/site-packages/airflow/example_dags/example_branch_python_dop_operator_3.py
[2024-09-12T06:54:11.582+0000] {logging_mixin.py:150} INFO - [2024-09-12T06:54:11.582+0000] {dag.py:2742} INFO - Sync 1 DAGs
[2024-09-12T06:54:11.598+0000] {logging_mixin.py:150} INFO - [2024-09-12T06:54:11.598+0000] {dag.py:3504} INFO - Setting next_dagrun for example_branch_dop_operator_v3 to 2024-09-12T06:53:00+00:00, run_after=2024-09-12T06:54:00+00:00
[2024-09-12T06:54:11.631+0000] {processor.py:179} INFO - Processing /home/vscode/.local/lib/python3.10/site-packages/airflow/example_dags/example_branch_python_dop_operator_3.py took 0.070 seconds
[2024-09-12T06:54:56.884+0000] {processor.py:157} INFO - Started process (PID=13608) to work on /home/vscode/.local/lib/python3.10/site-packages/airflow/example_dags/example_branch_python_dop_operator_3.py
[2024-09-12T06:54:56.885+0000] {processor.py:826} INFO - Processing file /home/vscode/.local/lib/python3.10/site-packages/airflow/example_dags/example_branch_python_dop_operator_3.py for tasks to queue
[2024-09-12T06:54:56.885+0000] {logging_mixin.py:150} INFO - [2024-09-12T06:54:56.885+0000] {dagbag.py:541} INFO - Filling up the DagBag from /home/vscode/.local/lib/python3.10/site-packages/airflow/example_dags/example_branch_python_dop_operator_3.py
[2024-09-12T06:54:56.892+0000] {processor.py:836} INFO - DAG(s) dict_keys(['example_branch_dop_operator_v3']) retrieved from /home/vscode/.local/lib/python3.10/site-packages/airflow/example_dags/example_branch_python_dop_operator_3.py
[2024-09-12T06:54:56.903+0000] {logging_mixin.py:150} INFO - [2024-09-12T06:54:56.903+0000] {dag.py:2742} INFO - Sync 1 DAGs
[2024-09-12T06:54:56.920+0000] {logging_mixin.py:150} INFO - [2024-09-12T06:54:56.920+0000] {dag.py:3504} INFO - Setting next_dagrun for example_branch_dop_operator_v3 to 2024-09-12T06:53:00+00:00, run_after=2024-09-12T06:54:00+00:00
[2024-09-12T06:54:56.963+0000] {processor.py:179} INFO - Processing /home/vscode/.local/lib/python3.10/site-packages/airflow/example_dags/example_branch_python_dop_operator_3.py took 0.081 seconds
[2024-09-12T06:55:42.392+0000] {processor.py:157} INFO - Started process (PID=13918) to work on /home/vscode/.local/lib/python3.10/site-packages/airflow/example_dags/example_branch_python_dop_operator_3.py
[2024-09-12T06:55:42.392+0000] {processor.py:826} INFO - Processing file /home/vscode/.local/lib/python3.10/site-packages/airflow/example_dags/example_branch_python_dop_operator_3.py for tasks to queue
[2024-09-12T06:55:42.393+0000] {logging_mixin.py:150} INFO - [2024-09-12T06:55:42.393+0000] {dagbag.py:541} INFO - Filling up the DagBag from /home/vscode/.local/lib/python3.10/site-packages/airflow/example_dags/example_branch_python_dop_operator_3.py
[2024-09-12T06:55:42.399+0000] {processor.py:836} INFO - DAG(s) dict_keys(['example_branch_dop_operator_v3']) retrieved from /home/vscode/.local/lib/python3.10/site-packages/airflow/example_dags/example_branch_python_dop_operator_3.py
[2024-09-12T06:55:42.411+0000] {logging_mixin.py:150} INFO - [2024-09-12T06:55:42.411+0000] {dag.py:2742} INFO - Sync 1 DAGs
[2024-09-12T06:55:42.428+0000] {logging_mixin.py:150} INFO - [2024-09-12T06:55:42.428+0000] {dag.py:3504} INFO - Setting next_dagrun for example_branch_dop_operator_v3 to 2024-09-12T06:54:00+00:00, run_after=2024-09-12T06:55:00+00:00
[2024-09-12T06:55:42.460+0000] {processor.py:179} INFO - Processing /home/vscode/.local/lib/python3.10/site-packages/airflow/example_dags/example_branch_python_dop_operator_3.py took 0.070 seconds
[2024-09-12T06:56:30.930+0000] {processor.py:157} INFO - Started process (PID=14238) to work on /home/vscode/.local/lib/python3.10/site-packages/airflow/example_dags/example_branch_python_dop_operator_3.py
[2024-09-12T06:56:30.930+0000] {processor.py:826} INFO - Processing file /home/vscode/.local/lib/python3.10/site-packages/airflow/example_dags/example_branch_python_dop_operator_3.py for tasks to queue
[2024-09-12T06:56:30.931+0000] {logging_mixin.py:150} INFO - [2024-09-12T06:56:30.931+0000] {dagbag.py:541} INFO - Filling up the DagBag from /home/vscode/.local/lib/python3.10/site-packages/airflow/example_dags/example_branch_python_dop_operator_3.py
[2024-09-12T06:56:30.937+0000] {processor.py:836} INFO - DAG(s) dict_keys(['example_branch_dop_operator_v3']) retrieved from /home/vscode/.local/lib/python3.10/site-packages/airflow/example_dags/example_branch_python_dop_operator_3.py
[2024-09-12T06:56:30.951+0000] {logging_mixin.py:150} INFO - [2024-09-12T06:56:30.950+0000] {dag.py:2742} INFO - Sync 1 DAGs
[2024-09-12T06:56:30.977+0000] {logging_mixin.py:150} INFO - [2024-09-12T06:56:30.977+0000] {dag.py:3504} INFO - Setting next_dagrun for example_branch_dop_operator_v3 to 2024-09-12T06:55:00+00:00, run_after=2024-09-12T06:56:00+00:00
[2024-09-12T06:56:31.014+0000] {processor.py:179} INFO - Processing /home/vscode/.local/lib/python3.10/site-packages/airflow/example_dags/example_branch_python_dop_operator_3.py took 0.086 seconds
[2024-09-12T06:57:19.838+0000] {processor.py:157} INFO - Started process (PID=14569) to work on /home/vscode/.local/lib/python3.10/site-packages/airflow/example_dags/example_branch_python_dop_operator_3.py
[2024-09-12T06:57:19.839+0000] {processor.py:826} INFO - Processing file /home/vscode/.local/lib/python3.10/site-packages/airflow/example_dags/example_branch_python_dop_operator_3.py for tasks to queue
[2024-09-12T06:57:19.839+0000] {logging_mixin.py:150} INFO - [2024-09-12T06:57:19.839+0000] {dagbag.py:541} INFO - Filling up the DagBag from /home/vscode/.local/lib/python3.10/site-packages/airflow/example_dags/example_branch_python_dop_operator_3.py
[2024-09-12T06:57:19.846+0000] {processor.py:836} INFO - DAG(s) dict_keys(['example_branch_dop_operator_v3']) retrieved from /home/vscode/.local/lib/python3.10/site-packages/airflow/example_dags/example_branch_python_dop_operator_3.py
[2024-09-12T06:57:19.859+0000] {logging_mixin.py:150} INFO - [2024-09-12T06:57:19.859+0000] {dag.py:2742} INFO - Sync 1 DAGs
[2024-09-12T06:57:19.885+0000] {logging_mixin.py:150} INFO - [2024-09-12T06:57:19.885+0000] {dag.py:3504} INFO - Setting next_dagrun for example_branch_dop_operator_v3 to 2024-09-12T06:56:00+00:00, run_after=2024-09-12T06:57:00+00:00
[2024-09-12T06:57:19.947+0000] {processor.py:179} INFO - Processing /home/vscode/.local/lib/python3.10/site-packages/airflow/example_dags/example_branch_python_dop_operator_3.py took 0.111 seconds
[2024-09-12T06:58:15.760+0000] {processor.py:157} INFO - Started process (PID=14944) to work on /home/vscode/.local/lib/python3.10/site-packages/airflow/example_dags/example_branch_python_dop_operator_3.py
[2024-09-12T06:58:15.760+0000] {processor.py:826} INFO - Processing file /home/vscode/.local/lib/python3.10/site-packages/airflow/example_dags/example_branch_python_dop_operator_3.py for tasks to queue
[2024-09-12T06:58:15.761+0000] {logging_mixin.py:150} INFO - [2024-09-12T06:58:15.761+0000] {dagbag.py:541} INFO - Filling up the DagBag from /home/vscode/.local/lib/python3.10/site-packages/airflow/example_dags/example_branch_python_dop_operator_3.py
[2024-09-12T06:58:15.767+0000] {processor.py:836} INFO - DAG(s) dict_keys(['example_branch_dop_operator_v3']) retrieved from /home/vscode/.local/lib/python3.10/site-packages/airflow/example_dags/example_branch_python_dop_operator_3.py
[2024-09-12T06:58:15.778+0000] {logging_mixin.py:150} INFO - [2024-09-12T06:58:15.778+0000] {dag.py:2742} INFO - Sync 1 DAGs
[2024-09-12T06:58:15.795+0000] {logging_mixin.py:150} INFO - [2024-09-12T06:58:15.795+0000] {dag.py:3504} INFO - Setting next_dagrun for example_branch_dop_operator_v3 to 2024-09-12T06:57:00+00:00, run_after=2024-09-12T06:58:00+00:00
[2024-09-12T06:58:15.831+0000] {processor.py:179} INFO - Processing /home/vscode/.local/lib/python3.10/site-packages/airflow/example_dags/example_branch_python_dop_operator_3.py took 0.074 seconds
[2024-09-12T06:59:13.838+0000] {processor.py:157} INFO - Started process (PID=15334) to work on /home/vscode/.local/lib/python3.10/site-packages/airflow/example_dags/example_branch_python_dop_operator_3.py
[2024-09-12T06:59:13.838+0000] {processor.py:826} INFO - Processing file /home/vscode/.local/lib/python3.10/site-packages/airflow/example_dags/example_branch_python_dop_operator_3.py for tasks to queue
[2024-09-12T06:59:13.839+0000] {logging_mixin.py:150} INFO - [2024-09-12T06:59:13.839+0000] {dagbag.py:541} INFO - Filling up the DagBag from /home/vscode/.local/lib/python3.10/site-packages/airflow/example_dags/example_branch_python_dop_operator_3.py
[2024-09-12T06:59:13.845+0000] {processor.py:836} INFO - DAG(s) dict_keys(['example_branch_dop_operator_v3']) retrieved from /home/vscode/.local/lib/python3.10/site-packages/airflow/example_dags/example_branch_python_dop_operator_3.py
[2024-09-12T06:59:13.857+0000] {logging_mixin.py:150} INFO - [2024-09-12T06:59:13.857+0000] {dag.py:2742} INFO - Sync 1 DAGs
[2024-09-12T06:59:13.876+0000] {logging_mixin.py:150} INFO - [2024-09-12T06:59:13.876+0000] {dag.py:3504} INFO - Setting next_dagrun for example_branch_dop_operator_v3 to 2024-09-12T06:58:00+00:00, run_after=2024-09-12T06:59:00+00:00
[2024-09-12T06:59:13.935+0000] {processor.py:179} INFO - Processing /home/vscode/.local/lib/python3.10/site-packages/airflow/example_dags/example_branch_python_dop_operator_3.py took 0.100 seconds
[2024-09-12T07:00:11.450+0000] {processor.py:157} INFO - Started process (PID=15722) to work on /home/vscode/.local/lib/python3.10/site-packages/airflow/example_dags/example_branch_python_dop_operator_3.py
[2024-09-12T07:00:11.451+0000] {processor.py:826} INFO - Processing file /home/vscode/.local/lib/python3.10/site-packages/airflow/example_dags/example_branch_python_dop_operator_3.py for tasks to queue
[2024-09-12T07:00:11.451+0000] {logging_mixin.py:150} INFO - [2024-09-12T07:00:11.451+0000] {dagbag.py:541} INFO - Filling up the DagBag from /home/vscode/.local/lib/python3.10/site-packages/airflow/example_dags/example_branch_python_dop_operator_3.py
[2024-09-12T07:00:11.458+0000] {processor.py:836} INFO - DAG(s) dict_keys(['example_branch_dop_operator_v3']) retrieved from /home/vscode/.local/lib/python3.10/site-packages/airflow/example_dags/example_branch_python_dop_operator_3.py
[2024-09-12T07:00:11.470+0000] {logging_mixin.py:150} INFO - [2024-09-12T07:00:11.470+0000] {dag.py:2742} INFO - Sync 1 DAGs
[2024-09-12T07:00:11.487+0000] {logging_mixin.py:150} INFO - [2024-09-12T07:00:11.487+0000] {dag.py:3504} INFO - Setting next_dagrun for example_branch_dop_operator_v3 to 2024-09-12T06:59:00+00:00, run_after=2024-09-12T07:00:00+00:00
[2024-09-12T07:00:11.524+0000] {processor.py:179} INFO - Processing /home/vscode/.local/lib/python3.10/site-packages/airflow/example_dags/example_branch_python_dop_operator_3.py took 0.076 seconds
[2024-09-12T07:00:56.286+0000] {processor.py:157} INFO - Started process (PID=16018) to work on /home/vscode/.local/lib/python3.10/site-packages/airflow/example_dags/example_branch_python_dop_operator_3.py
[2024-09-12T07:00:56.287+0000] {processor.py:826} INFO - Processing file /home/vscode/.local/lib/python3.10/site-packages/airflow/example_dags/example_branch_python_dop_operator_3.py for tasks to queue
[2024-09-12T07:00:56.288+0000] {logging_mixin.py:150} INFO - [2024-09-12T07:00:56.287+0000] {dagbag.py:541} INFO - Filling up the DagBag from /home/vscode/.local/lib/python3.10/site-packages/airflow/example_dags/example_branch_python_dop_operator_3.py
[2024-09-12T07:00:56.294+0000] {processor.py:836} INFO - DAG(s) dict_keys(['example_branch_dop_operator_v3']) retrieved from /home/vscode/.local/lib/python3.10/site-packages/airflow/example_dags/example_branch_python_dop_operator_3.py
[2024-09-12T07:00:56.306+0000] {logging_mixin.py:150} INFO - [2024-09-12T07:00:56.306+0000] {dag.py:2742} INFO - Sync 1 DAGs
[2024-09-12T07:00:56.323+0000] {logging_mixin.py:150} INFO - [2024-09-12T07:00:56.323+0000] {dag.py:3504} INFO - Setting next_dagrun for example_branch_dop_operator_v3 to 2024-09-12T06:59:00+00:00, run_after=2024-09-12T07:00:00+00:00
[2024-09-12T07:00:56.367+0000] {processor.py:179} INFO - Processing /home/vscode/.local/lib/python3.10/site-packages/airflow/example_dags/example_branch_python_dop_operator_3.py took 0.083 seconds
[2024-09-12T07:01:40.420+0000] {processor.py:157} INFO - Started process (PID=16325) to work on /home/vscode/.local/lib/python3.10/site-packages/airflow/example_dags/example_branch_python_dop_operator_3.py
[2024-09-12T07:01:40.421+0000] {processor.py:826} INFO - Processing file /home/vscode/.local/lib/python3.10/site-packages/airflow/example_dags/example_branch_python_dop_operator_3.py for tasks to queue
[2024-09-12T07:01:40.422+0000] {logging_mixin.py:150} INFO - [2024-09-12T07:01:40.421+0000] {dagbag.py:541} INFO - Filling up the DagBag from /home/vscode/.local/lib/python3.10/site-packages/airflow/example_dags/example_branch_python_dop_operator_3.py
[2024-09-12T07:01:40.428+0000] {processor.py:836} INFO - DAG(s) dict_keys(['example_branch_dop_operator_v3']) retrieved from /home/vscode/.local/lib/python3.10/site-packages/airflow/example_dags/example_branch_python_dop_operator_3.py
[2024-09-12T07:01:40.440+0000] {logging_mixin.py:150} INFO - [2024-09-12T07:01:40.439+0000] {dag.py:2742} INFO - Sync 1 DAGs
[2024-09-12T07:01:40.457+0000] {logging_mixin.py:150} INFO - [2024-09-12T07:01:40.457+0000] {dag.py:3504} INFO - Setting next_dagrun for example_branch_dop_operator_v3 to 2024-09-12T07:00:00+00:00, run_after=2024-09-12T07:01:00+00:00
[2024-09-12T07:01:40.493+0000] {processor.py:179} INFO - Processing /home/vscode/.local/lib/python3.10/site-packages/airflow/example_dags/example_branch_python_dop_operator_3.py took 0.074 seconds
[2024-09-12T07:02:31.436+0000] {processor.py:157} INFO - Started process (PID=16665) to work on /home/vscode/.local/lib/python3.10/site-packages/airflow/example_dags/example_branch_python_dop_operator_3.py
[2024-09-12T07:02:31.437+0000] {processor.py:826} INFO - Processing file /home/vscode/.local/lib/python3.10/site-packages/airflow/example_dags/example_branch_python_dop_operator_3.py for tasks to queue
[2024-09-12T07:02:31.438+0000] {logging_mixin.py:150} INFO - [2024-09-12T07:02:31.437+0000] {dagbag.py:541} INFO - Filling up the DagBag from /home/vscode/.local/lib/python3.10/site-packages/airflow/example_dags/example_branch_python_dop_operator_3.py
[2024-09-12T07:02:31.444+0000] {processor.py:836} INFO - DAG(s) dict_keys(['example_branch_dop_operator_v3']) retrieved from /home/vscode/.local/lib/python3.10/site-packages/airflow/example_dags/example_branch_python_dop_operator_3.py
[2024-09-12T07:02:31.455+0000] {logging_mixin.py:150} INFO - [2024-09-12T07:02:31.455+0000] {dag.py:2742} INFO - Sync 1 DAGs
[2024-09-12T07:02:31.473+0000] {logging_mixin.py:150} INFO - [2024-09-12T07:02:31.473+0000] {dag.py:3504} INFO - Setting next_dagrun for example_branch_dop_operator_v3 to 2024-09-12T07:01:00+00:00, run_after=2024-09-12T07:02:00+00:00
[2024-09-12T07:02:31.513+0000] {processor.py:179} INFO - Processing /home/vscode/.local/lib/python3.10/site-packages/airflow/example_dags/example_branch_python_dop_operator_3.py took 0.079 seconds
[2024-09-12T07:03:18.800+0000] {processor.py:157} INFO - Started process (PID=16978) to work on /home/vscode/.local/lib/python3.10/site-packages/airflow/example_dags/example_branch_python_dop_operator_3.py
[2024-09-12T07:03:18.801+0000] {processor.py:826} INFO - Processing file /home/vscode/.local/lib/python3.10/site-packages/airflow/example_dags/example_branch_python_dop_operator_3.py for tasks to queue
[2024-09-12T07:03:18.802+0000] {logging_mixin.py:150} INFO - [2024-09-12T07:03:18.801+0000] {dagbag.py:541} INFO - Filling up the DagBag from /home/vscode/.local/lib/python3.10/site-packages/airflow/example_dags/example_branch_python_dop_operator_3.py
[2024-09-12T07:03:18.808+0000] {processor.py:836} INFO - DAG(s) dict_keys(['example_branch_dop_operator_v3']) retrieved from /home/vscode/.local/lib/python3.10/site-packages/airflow/example_dags/example_branch_python_dop_operator_3.py
[2024-09-12T07:03:18.820+0000] {logging_mixin.py:150} INFO - [2024-09-12T07:03:18.820+0000] {dag.py:2742} INFO - Sync 1 DAGs
[2024-09-12T07:03:18.844+0000] {logging_mixin.py:150} INFO - [2024-09-12T07:03:18.844+0000] {dag.py:3504} INFO - Setting next_dagrun for example_branch_dop_operator_v3 to 2024-09-12T07:02:00+00:00, run_after=2024-09-12T07:03:00+00:00
[2024-09-12T07:03:18.880+0000] {processor.py:179} INFO - Processing /home/vscode/.local/lib/python3.10/site-packages/airflow/example_dags/example_branch_python_dop_operator_3.py took 0.082 seconds
[2024-09-12T07:04:09.681+0000] {processor.py:157} INFO - Started process (PID=17387) to work on /home/vscode/.local/lib/python3.10/site-packages/airflow/example_dags/example_branch_python_dop_operator_3.py
[2024-09-12T07:04:09.682+0000] {processor.py:826} INFO - Processing file /home/vscode/.local/lib/python3.10/site-packages/airflow/example_dags/example_branch_python_dop_operator_3.py for tasks to queue
[2024-09-12T07:04:09.683+0000] {logging_mixin.py:150} INFO - [2024-09-12T07:04:09.682+0000] {dagbag.py:541} INFO - Filling up the DagBag from /home/vscode/.local/lib/python3.10/site-packages/airflow/example_dags/example_branch_python_dop_operator_3.py
[2024-09-12T07:04:09.688+0000] {processor.py:836} INFO - DAG(s) dict_keys(['example_branch_dop_operator_v3']) retrieved from /home/vscode/.local/lib/python3.10/site-packages/airflow/example_dags/example_branch_python_dop_operator_3.py
[2024-09-12T07:04:09.701+0000] {logging_mixin.py:150} INFO - [2024-09-12T07:04:09.701+0000] {dag.py:2742} INFO - Sync 1 DAGs
[2024-09-12T07:04:09.718+0000] {logging_mixin.py:150} INFO - [2024-09-12T07:04:09.718+0000] {dag.py:3504} INFO - Setting next_dagrun for example_branch_dop_operator_v3 to 2024-09-12T07:03:00+00:00, run_after=2024-09-12T07:04:00+00:00
[2024-09-12T07:04:09.765+0000] {processor.py:179} INFO - Processing /home/vscode/.local/lib/python3.10/site-packages/airflow/example_dags/example_branch_python_dop_operator_3.py took 0.086 seconds
[2024-09-12T07:04:54.146+0000] {processor.py:157} INFO - Started process (PID=17707) to work on /home/vscode/.local/lib/python3.10/site-packages/airflow/example_dags/example_branch_python_dop_operator_3.py
[2024-09-12T07:04:54.146+0000] {processor.py:826} INFO - Processing file /home/vscode/.local/lib/python3.10/site-packages/airflow/example_dags/example_branch_python_dop_operator_3.py for tasks to queue
[2024-09-12T07:04:54.147+0000] {logging_mixin.py:150} INFO - [2024-09-12T07:04:54.146+0000] {dagbag.py:541} INFO - Filling up the DagBag from /home/vscode/.local/lib/python3.10/site-packages/airflow/example_dags/example_branch_python_dop_operator_3.py
[2024-09-12T07:04:54.153+0000] {processor.py:836} INFO - DAG(s) dict_keys(['example_branch_dop_operator_v3']) retrieved from /home/vscode/.local/lib/python3.10/site-packages/airflow/example_dags/example_branch_python_dop_operator_3.py
[2024-09-12T07:04:54.164+0000] {logging_mixin.py:150} INFO - [2024-09-12T07:04:54.164+0000] {dag.py:2742} INFO - Sync 1 DAGs
[2024-09-12T07:04:54.182+0000] {logging_mixin.py:150} INFO - [2024-09-12T07:04:54.181+0000] {dag.py:3504} INFO - Setting next_dagrun for example_branch_dop_operator_v3 to 2024-09-12T07:03:00+00:00, run_after=2024-09-12T07:04:00+00:00
[2024-09-12T07:04:54.219+0000] {processor.py:179} INFO - Processing /home/vscode/.local/lib/python3.10/site-packages/airflow/example_dags/example_branch_python_dop_operator_3.py took 0.075 seconds
[2024-09-12T07:05:39.811+0000] {processor.py:157} INFO - Started process (PID=18145) to work on /home/vscode/.local/lib/python3.10/site-packages/airflow/example_dags/example_branch_python_dop_operator_3.py
[2024-09-12T07:05:39.812+0000] {processor.py:826} INFO - Processing file /home/vscode/.local/lib/python3.10/site-packages/airflow/example_dags/example_branch_python_dop_operator_3.py for tasks to queue
[2024-09-12T07:05:39.813+0000] {logging_mixin.py:150} INFO - [2024-09-12T07:05:39.812+0000] {dagbag.py:541} INFO - Filling up the DagBag from /home/vscode/.local/lib/python3.10/site-packages/airflow/example_dags/example_branch_python_dop_operator_3.py
[2024-09-12T07:05:39.819+0000] {processor.py:836} INFO - DAG(s) dict_keys(['example_branch_dop_operator_v3']) retrieved from /home/vscode/.local/lib/python3.10/site-packages/airflow/example_dags/example_branch_python_dop_operator_3.py
[2024-09-12T07:05:39.830+0000] {logging_mixin.py:150} INFO - [2024-09-12T07:05:39.830+0000] {dag.py:2742} INFO - Sync 1 DAGs
[2024-09-12T07:05:39.849+0000] {logging_mixin.py:150} INFO - [2024-09-12T07:05:39.849+0000] {dag.py:3504} INFO - Setting next_dagrun for example_branch_dop_operator_v3 to 2024-09-12T07:04:00+00:00, run_after=2024-09-12T07:05:00+00:00
[2024-09-12T07:05:39.885+0000] {processor.py:179} INFO - Processing /home/vscode/.local/lib/python3.10/site-packages/airflow/example_dags/example_branch_python_dop_operator_3.py took 0.076 seconds
[2024-09-12T07:06:24.650+0000] {processor.py:157} INFO - Started process (PID=18498) to work on /home/vscode/.local/lib/python3.10/site-packages/airflow/example_dags/example_branch_python_dop_operator_3.py
[2024-09-12T07:06:24.651+0000] {processor.py:826} INFO - Processing file /home/vscode/.local/lib/python3.10/site-packages/airflow/example_dags/example_branch_python_dop_operator_3.py for tasks to queue
[2024-09-12T07:06:24.651+0000] {logging_mixin.py:150} INFO - [2024-09-12T07:06:24.651+0000] {dagbag.py:541} INFO - Filling up the DagBag from /home/vscode/.local/lib/python3.10/site-packages/airflow/example_dags/example_branch_python_dop_operator_3.py
[2024-09-12T07:06:24.657+0000] {processor.py:836} INFO - DAG(s) dict_keys(['example_branch_dop_operator_v3']) retrieved from /home/vscode/.local/lib/python3.10/site-packages/airflow/example_dags/example_branch_python_dop_operator_3.py
[2024-09-12T07:06:24.669+0000] {logging_mixin.py:150} INFO - [2024-09-12T07:06:24.668+0000] {dag.py:2742} INFO - Sync 1 DAGs
[2024-09-12T07:06:24.686+0000] {logging_mixin.py:150} INFO - [2024-09-12T07:06:24.686+0000] {dag.py:3504} INFO - Setting next_dagrun for example_branch_dop_operator_v3 to 2024-09-12T07:05:00+00:00, run_after=2024-09-12T07:06:00+00:00
[2024-09-12T07:06:24.725+0000] {processor.py:179} INFO - Processing /home/vscode/.local/lib/python3.10/site-packages/airflow/example_dags/example_branch_python_dop_operator_3.py took 0.077 seconds
[2024-09-12T07:07:08.834+0000] {processor.py:157} INFO - Started process (PID=18799) to work on /home/vscode/.local/lib/python3.10/site-packages/airflow/example_dags/example_branch_python_dop_operator_3.py
[2024-09-12T07:07:08.835+0000] {processor.py:826} INFO - Processing file /home/vscode/.local/lib/python3.10/site-packages/airflow/example_dags/example_branch_python_dop_operator_3.py for tasks to queue
[2024-09-12T07:07:08.836+0000] {logging_mixin.py:150} INFO - [2024-09-12T07:07:08.836+0000] {dagbag.py:541} INFO - Filling up the DagBag from /home/vscode/.local/lib/python3.10/site-packages/airflow/example_dags/example_branch_python_dop_operator_3.py
[2024-09-12T07:07:08.845+0000] {processor.py:836} INFO - DAG(s) dict_keys(['example_branch_dop_operator_v3']) retrieved from /home/vscode/.local/lib/python3.10/site-packages/airflow/example_dags/example_branch_python_dop_operator_3.py
[2024-09-12T07:07:08.862+0000] {logging_mixin.py:150} INFO - [2024-09-12T07:07:08.862+0000] {dag.py:2742} INFO - Sync 1 DAGs
[2024-09-12T07:07:08.889+0000] {logging_mixin.py:150} INFO - [2024-09-12T07:07:08.888+0000] {dag.py:3504} INFO - Setting next_dagrun for example_branch_dop_operator_v3 to 2024-09-12T07:06:00+00:00, run_after=2024-09-12T07:07:00+00:00
[2024-09-12T07:07:08.921+0000] {processor.py:179} INFO - Processing /home/vscode/.local/lib/python3.10/site-packages/airflow/example_dags/example_branch_python_dop_operator_3.py took 0.089 seconds
[2024-09-12T07:07:53.090+0000] {processor.py:157} INFO - Started process (PID=19103) to work on /home/vscode/.local/lib/python3.10/site-packages/airflow/example_dags/example_branch_python_dop_operator_3.py
[2024-09-12T07:07:53.090+0000] {processor.py:826} INFO - Processing file /home/vscode/.local/lib/python3.10/site-packages/airflow/example_dags/example_branch_python_dop_operator_3.py for tasks to queue
[2024-09-12T07:07:53.091+0000] {logging_mixin.py:150} INFO - [2024-09-12T07:07:53.090+0000] {dagbag.py:541} INFO - Filling up the DagBag from /home/vscode/.local/lib/python3.10/site-packages/airflow/example_dags/example_branch_python_dop_operator_3.py
[2024-09-12T07:07:53.096+0000] {processor.py:836} INFO - DAG(s) dict_keys(['example_branch_dop_operator_v3']) retrieved from /home/vscode/.local/lib/python3.10/site-packages/airflow/example_dags/example_branch_python_dop_operator_3.py
[2024-09-12T07:07:53.108+0000] {logging_mixin.py:150} INFO - [2024-09-12T07:07:53.108+0000] {dag.py:2742} INFO - Sync 1 DAGs
[2024-09-12T07:07:53.126+0000] {logging_mixin.py:150} INFO - [2024-09-12T07:07:53.126+0000] {dag.py:3504} INFO - Setting next_dagrun for example_branch_dop_operator_v3 to 2024-09-12T07:06:00+00:00, run_after=2024-09-12T07:07:00+00:00
[2024-09-12T07:07:53.157+0000] {processor.py:179} INFO - Processing /home/vscode/.local/lib/python3.10/site-packages/airflow/example_dags/example_branch_python_dop_operator_3.py took 0.069 seconds
[2024-09-12T07:08:38.776+0000] {processor.py:157} INFO - Started process (PID=19488) to work on /home/vscode/.local/lib/python3.10/site-packages/airflow/example_dags/example_branch_python_dop_operator_3.py
[2024-09-12T07:08:38.777+0000] {processor.py:826} INFO - Processing file /home/vscode/.local/lib/python3.10/site-packages/airflow/example_dags/example_branch_python_dop_operator_3.py for tasks to queue
[2024-09-12T07:08:38.777+0000] {logging_mixin.py:150} INFO - [2024-09-12T07:08:38.777+0000] {dagbag.py:541} INFO - Filling up the DagBag from /home/vscode/.local/lib/python3.10/site-packages/airflow/example_dags/example_branch_python_dop_operator_3.py
[2024-09-12T07:08:38.783+0000] {processor.py:836} INFO - DAG(s) dict_keys(['example_branch_dop_operator_v3']) retrieved from /home/vscode/.local/lib/python3.10/site-packages/airflow/example_dags/example_branch_python_dop_operator_3.py
[2024-09-12T07:08:38.795+0000] {logging_mixin.py:150} INFO - [2024-09-12T07:08:38.795+0000] {dag.py:2742} INFO - Sync 1 DAGs
[2024-09-12T07:08:38.812+0000] {logging_mixin.py:150} INFO - [2024-09-12T07:08:38.812+0000] {dag.py:3504} INFO - Setting next_dagrun for example_branch_dop_operator_v3 to 2024-09-12T07:07:00+00:00, run_after=2024-09-12T07:08:00+00:00
[2024-09-12T07:08:38.841+0000] {processor.py:179} INFO - Processing /home/vscode/.local/lib/python3.10/site-packages/airflow/example_dags/example_branch_python_dop_operator_3.py took 0.067 seconds
[2024-09-12T07:09:24.019+0000] {processor.py:157} INFO - Started process (PID=19832) to work on /home/vscode/.local/lib/python3.10/site-packages/airflow/example_dags/example_branch_python_dop_operator_3.py
[2024-09-12T07:09:24.020+0000] {processor.py:826} INFO - Processing file /home/vscode/.local/lib/python3.10/site-packages/airflow/example_dags/example_branch_python_dop_operator_3.py for tasks to queue
[2024-09-12T07:09:24.021+0000] {logging_mixin.py:150} INFO - [2024-09-12T07:09:24.020+0000] {dagbag.py:541} INFO - Filling up the DagBag from /home/vscode/.local/lib/python3.10/site-packages/airflow/example_dags/example_branch_python_dop_operator_3.py
[2024-09-12T07:09:24.027+0000] {processor.py:836} INFO - DAG(s) dict_keys(['example_branch_dop_operator_v3']) retrieved from /home/vscode/.local/lib/python3.10/site-packages/airflow/example_dags/example_branch_python_dop_operator_3.py
[2024-09-12T07:09:24.039+0000] {logging_mixin.py:150} INFO - [2024-09-12T07:09:24.039+0000] {dag.py:2742} INFO - Sync 1 DAGs
[2024-09-12T07:09:24.080+0000] {logging_mixin.py:150} INFO - [2024-09-12T07:09:24.080+0000] {dag.py:3504} INFO - Setting next_dagrun for example_branch_dop_operator_v3 to 2024-09-12T07:08:00+00:00, run_after=2024-09-12T07:09:00+00:00
[2024-09-12T07:09:24.118+0000] {processor.py:179} INFO - Processing /home/vscode/.local/lib/python3.10/site-packages/airflow/example_dags/example_branch_python_dop_operator_3.py took 0.101 seconds
[2024-09-12T07:10:09.284+0000] {processor.py:157} INFO - Started process (PID=20155) to work on /home/vscode/.local/lib/python3.10/site-packages/airflow/example_dags/example_branch_python_dop_operator_3.py
[2024-09-12T07:10:09.285+0000] {processor.py:826} INFO - Processing file /home/vscode/.local/lib/python3.10/site-packages/airflow/example_dags/example_branch_python_dop_operator_3.py for tasks to queue
[2024-09-12T07:10:09.285+0000] {logging_mixin.py:150} INFO - [2024-09-12T07:10:09.285+0000] {dagbag.py:541} INFO - Filling up the DagBag from /home/vscode/.local/lib/python3.10/site-packages/airflow/example_dags/example_branch_python_dop_operator_3.py
[2024-09-12T07:10:09.291+0000] {processor.py:836} INFO - DAG(s) dict_keys(['example_branch_dop_operator_v3']) retrieved from /home/vscode/.local/lib/python3.10/site-packages/airflow/example_dags/example_branch_python_dop_operator_3.py
[2024-09-12T07:10:09.303+0000] {logging_mixin.py:150} INFO - [2024-09-12T07:10:09.303+0000] {dag.py:2742} INFO - Sync 1 DAGs
[2024-09-12T07:10:09.320+0000] {logging_mixin.py:150} INFO - [2024-09-12T07:10:09.320+0000] {dag.py:3504} INFO - Setting next_dagrun for example_branch_dop_operator_v3 to 2024-09-12T07:09:00+00:00, run_after=2024-09-12T07:10:00+00:00
[2024-09-12T07:10:09.351+0000] {processor.py:179} INFO - Processing /home/vscode/.local/lib/python3.10/site-packages/airflow/example_dags/example_branch_python_dop_operator_3.py took 0.069 seconds
