[2024-09-12T06:38:56.459+0000] {processor.py:157} INFO - Started process (PID=7000) to work on /home/vscode/.local/lib/python3.10/site-packages/airflow/example_dags/example_time_delta_sensor_async.py
[2024-09-12T06:38:56.460+0000] {processor.py:826} INFO - Processing file /home/vscode/.local/lib/python3.10/site-packages/airflow/example_dags/example_time_delta_sensor_async.py for tasks to queue
[2024-09-12T06:38:56.460+0000] {logging_mixin.py:150} INFO - [2024-09-12T06:38:56.460+0000] {dagbag.py:541} INFO - Filling up the DagBag from /home/vscode/.local/lib/python3.10/site-packages/airflow/example_dags/example_time_delta_sensor_async.py
[2024-09-12T06:38:56.465+0000] {processor.py:836} INFO - DAG(s) dict_keys(['example_time_delta_sensor_async']) retrieved from /home/vscode/.local/lib/python3.10/site-packages/airflow/example_dags/example_time_delta_sensor_async.py
[2024-09-12T06:38:56.665+0000] {logging_mixin.py:150} INFO - [2024-09-12T06:38:56.664+0000] {manager.py:504} INFO - Created Permission View: can edit on DAG:example_time_delta_sensor_async
[2024-09-12T06:38:56.686+0000] {logging_mixin.py:150} INFO - [2024-09-12T06:38:56.686+0000] {manager.py:504} INFO - Created Permission View: can read on DAG:example_time_delta_sensor_async
[2024-09-12T06:38:56.711+0000] {logging_mixin.py:150} INFO - [2024-09-12T06:38:56.711+0000] {manager.py:504} INFO - Created Permission View: can delete on DAG:example_time_delta_sensor_async
[2024-09-12T06:38:56.719+0000] {logging_mixin.py:150} INFO - [2024-09-12T06:38:56.719+0000] {dag.py:2742} INFO - Sync 1 DAGs
[2024-09-12T06:38:56.727+0000] {logging_mixin.py:150} INFO - [2024-09-12T06:38:56.726+0000] {dag.py:2763} INFO - Creating ORM DAG for example_time_delta_sensor_async
[2024-09-12T06:38:56.732+0000] {logging_mixin.py:150} INFO - [2024-09-12T06:38:56.732+0000] {dag.py:3504} INFO - Setting next_dagrun for example_time_delta_sensor_async to None, run_after=None
[2024-09-12T06:38:56.772+0000] {processor.py:179} INFO - Processing /home/vscode/.local/lib/python3.10/site-packages/airflow/example_dags/example_time_delta_sensor_async.py took 0.315 seconds
[2024-09-12T06:39:28.838+0000] {processor.py:157} INFO - Started process (PID=7371) to work on /home/vscode/.local/lib/python3.10/site-packages/airflow/example_dags/example_time_delta_sensor_async.py
[2024-09-12T06:39:28.839+0000] {processor.py:826} INFO - Processing file /home/vscode/.local/lib/python3.10/site-packages/airflow/example_dags/example_time_delta_sensor_async.py for tasks to queue
[2024-09-12T06:39:28.840+0000] {logging_mixin.py:150} INFO - [2024-09-12T06:39:28.839+0000] {dagbag.py:541} INFO - Filling up the DagBag from /home/vscode/.local/lib/python3.10/site-packages/airflow/example_dags/example_time_delta_sensor_async.py
[2024-09-12T06:39:28.845+0000] {processor.py:836} INFO - DAG(s) dict_keys(['example_time_delta_sensor_async']) retrieved from /home/vscode/.local/lib/python3.10/site-packages/airflow/example_dags/example_time_delta_sensor_async.py
[2024-09-12T06:39:28.856+0000] {logging_mixin.py:150} INFO - [2024-09-12T06:39:28.856+0000] {dag.py:2742} INFO - Sync 1 DAGs
[2024-09-12T06:39:28.944+0000] {logging_mixin.py:150} INFO - [2024-09-12T06:39:28.944+0000] {dag.py:3504} INFO - Setting next_dagrun for example_time_delta_sensor_async to None, run_after=None
[2024-09-12T06:39:28.983+0000] {processor.py:179} INFO - Processing /home/vscode/.local/lib/python3.10/site-packages/airflow/example_dags/example_time_delta_sensor_async.py took 0.147 seconds
[2024-09-12T06:40:23.770+0000] {processor.py:157} INFO - Started process (PID=7731) to work on /home/vscode/.local/lib/python3.10/site-packages/airflow/example_dags/example_time_delta_sensor_async.py
[2024-09-12T06:40:23.770+0000] {processor.py:826} INFO - Processing file /home/vscode/.local/lib/python3.10/site-packages/airflow/example_dags/example_time_delta_sensor_async.py for tasks to queue
[2024-09-12T06:40:23.771+0000] {logging_mixin.py:150} INFO - [2024-09-12T06:40:23.771+0000] {dagbag.py:541} INFO - Filling up the DagBag from /home/vscode/.local/lib/python3.10/site-packages/airflow/example_dags/example_time_delta_sensor_async.py
[2024-09-12T06:40:23.774+0000] {processor.py:836} INFO - DAG(s) dict_keys(['example_time_delta_sensor_async']) retrieved from /home/vscode/.local/lib/python3.10/site-packages/airflow/example_dags/example_time_delta_sensor_async.py
[2024-09-12T06:40:23.786+0000] {logging_mixin.py:150} INFO - [2024-09-12T06:40:23.785+0000] {dag.py:2742} INFO - Sync 1 DAGs
[2024-09-12T06:40:23.799+0000] {logging_mixin.py:150} INFO - [2024-09-12T06:40:23.799+0000] {dag.py:3504} INFO - Setting next_dagrun for example_time_delta_sensor_async to None, run_after=None
[2024-09-12T06:40:23.829+0000] {processor.py:179} INFO - Processing /home/vscode/.local/lib/python3.10/site-packages/airflow/example_dags/example_time_delta_sensor_async.py took 0.062 seconds
[2024-09-12T06:41:06.157+0000] {processor.py:157} INFO - Started process (PID=8014) to work on /home/vscode/.local/lib/python3.10/site-packages/airflow/example_dags/example_time_delta_sensor_async.py
[2024-09-12T06:41:06.158+0000] {processor.py:826} INFO - Processing file /home/vscode/.local/lib/python3.10/site-packages/airflow/example_dags/example_time_delta_sensor_async.py for tasks to queue
[2024-09-12T06:41:06.158+0000] {logging_mixin.py:150} INFO - [2024-09-12T06:41:06.158+0000] {dagbag.py:541} INFO - Filling up the DagBag from /home/vscode/.local/lib/python3.10/site-packages/airflow/example_dags/example_time_delta_sensor_async.py
[2024-09-12T06:41:06.162+0000] {processor.py:836} INFO - DAG(s) dict_keys(['example_time_delta_sensor_async']) retrieved from /home/vscode/.local/lib/python3.10/site-packages/airflow/example_dags/example_time_delta_sensor_async.py
[2024-09-12T06:41:06.173+0000] {logging_mixin.py:150} INFO - [2024-09-12T06:41:06.173+0000] {dag.py:2742} INFO - Sync 1 DAGs
[2024-09-12T06:41:06.187+0000] {logging_mixin.py:150} INFO - [2024-09-12T06:41:06.187+0000] {dag.py:3504} INFO - Setting next_dagrun for example_time_delta_sensor_async to None, run_after=None
[2024-09-12T06:41:06.219+0000] {processor.py:179} INFO - Processing /home/vscode/.local/lib/python3.10/site-packages/airflow/example_dags/example_time_delta_sensor_async.py took 0.064 seconds
[2024-09-12T06:41:48.059+0000] {processor.py:157} INFO - Started process (PID=8302) to work on /home/vscode/.local/lib/python3.10/site-packages/airflow/example_dags/example_time_delta_sensor_async.py
[2024-09-12T06:41:48.059+0000] {processor.py:826} INFO - Processing file /home/vscode/.local/lib/python3.10/site-packages/airflow/example_dags/example_time_delta_sensor_async.py for tasks to queue
[2024-09-12T06:41:48.060+0000] {logging_mixin.py:150} INFO - [2024-09-12T06:41:48.060+0000] {dagbag.py:541} INFO - Filling up the DagBag from /home/vscode/.local/lib/python3.10/site-packages/airflow/example_dags/example_time_delta_sensor_async.py
[2024-09-12T06:41:48.063+0000] {processor.py:836} INFO - DAG(s) dict_keys(['example_time_delta_sensor_async']) retrieved from /home/vscode/.local/lib/python3.10/site-packages/airflow/example_dags/example_time_delta_sensor_async.py
[2024-09-12T06:41:48.075+0000] {logging_mixin.py:150} INFO - [2024-09-12T06:41:48.075+0000] {dag.py:2742} INFO - Sync 1 DAGs
[2024-09-12T06:41:48.088+0000] {logging_mixin.py:150} INFO - [2024-09-12T06:41:48.088+0000] {dag.py:3504} INFO - Setting next_dagrun for example_time_delta_sensor_async to None, run_after=None
[2024-09-12T06:41:48.120+0000] {processor.py:179} INFO - Processing /home/vscode/.local/lib/python3.10/site-packages/airflow/example_dags/example_time_delta_sensor_async.py took 0.063 seconds
[2024-09-12T06:42:34.171+0000] {processor.py:157} INFO - Started process (PID=8605) to work on /home/vscode/.local/lib/python3.10/site-packages/airflow/example_dags/example_time_delta_sensor_async.py
[2024-09-12T06:42:34.171+0000] {processor.py:826} INFO - Processing file /home/vscode/.local/lib/python3.10/site-packages/airflow/example_dags/example_time_delta_sensor_async.py for tasks to queue
[2024-09-12T06:42:34.172+0000] {logging_mixin.py:150} INFO - [2024-09-12T06:42:34.172+0000] {dagbag.py:541} INFO - Filling up the DagBag from /home/vscode/.local/lib/python3.10/site-packages/airflow/example_dags/example_time_delta_sensor_async.py
[2024-09-12T06:42:34.175+0000] {processor.py:836} INFO - DAG(s) dict_keys(['example_time_delta_sensor_async']) retrieved from /home/vscode/.local/lib/python3.10/site-packages/airflow/example_dags/example_time_delta_sensor_async.py
[2024-09-12T06:42:34.187+0000] {logging_mixin.py:150} INFO - [2024-09-12T06:42:34.187+0000] {dag.py:2742} INFO - Sync 1 DAGs
[2024-09-12T06:42:34.200+0000] {logging_mixin.py:150} INFO - [2024-09-12T06:42:34.200+0000] {dag.py:3504} INFO - Setting next_dagrun for example_time_delta_sensor_async to None, run_after=None
[2024-09-12T06:42:34.264+0000] {processor.py:179} INFO - Processing /home/vscode/.local/lib/python3.10/site-packages/airflow/example_dags/example_time_delta_sensor_async.py took 0.095 seconds
[2024-09-12T06:43:17.568+0000] {processor.py:157} INFO - Started process (PID=8895) to work on /home/vscode/.local/lib/python3.10/site-packages/airflow/example_dags/example_time_delta_sensor_async.py
[2024-09-12T06:43:17.568+0000] {processor.py:826} INFO - Processing file /home/vscode/.local/lib/python3.10/site-packages/airflow/example_dags/example_time_delta_sensor_async.py for tasks to queue
[2024-09-12T06:43:17.569+0000] {logging_mixin.py:150} INFO - [2024-09-12T06:43:17.569+0000] {dagbag.py:541} INFO - Filling up the DagBag from /home/vscode/.local/lib/python3.10/site-packages/airflow/example_dags/example_time_delta_sensor_async.py
[2024-09-12T06:43:17.572+0000] {processor.py:836} INFO - DAG(s) dict_keys(['example_time_delta_sensor_async']) retrieved from /home/vscode/.local/lib/python3.10/site-packages/airflow/example_dags/example_time_delta_sensor_async.py
[2024-09-12T06:43:17.583+0000] {logging_mixin.py:150} INFO - [2024-09-12T06:43:17.583+0000] {dag.py:2742} INFO - Sync 1 DAGs
[2024-09-12T06:43:17.597+0000] {logging_mixin.py:150} INFO - [2024-09-12T06:43:17.597+0000] {dag.py:3504} INFO - Setting next_dagrun for example_time_delta_sensor_async to None, run_after=None
[2024-09-12T06:43:17.633+0000] {processor.py:179} INFO - Processing /home/vscode/.local/lib/python3.10/site-packages/airflow/example_dags/example_time_delta_sensor_async.py took 0.067 seconds
[2024-09-12T06:44:01.402+0000] {processor.py:157} INFO - Started process (PID=9198) to work on /home/vscode/.local/lib/python3.10/site-packages/airflow/example_dags/example_time_delta_sensor_async.py
[2024-09-12T06:44:01.402+0000] {processor.py:826} INFO - Processing file /home/vscode/.local/lib/python3.10/site-packages/airflow/example_dags/example_time_delta_sensor_async.py for tasks to queue
[2024-09-12T06:44:01.403+0000] {logging_mixin.py:150} INFO - [2024-09-12T06:44:01.403+0000] {dagbag.py:541} INFO - Filling up the DagBag from /home/vscode/.local/lib/python3.10/site-packages/airflow/example_dags/example_time_delta_sensor_async.py
[2024-09-12T06:44:01.406+0000] {processor.py:836} INFO - DAG(s) dict_keys(['example_time_delta_sensor_async']) retrieved from /home/vscode/.local/lib/python3.10/site-packages/airflow/example_dags/example_time_delta_sensor_async.py
[2024-09-12T06:44:01.418+0000] {logging_mixin.py:150} INFO - [2024-09-12T06:44:01.417+0000] {dag.py:2742} INFO - Sync 1 DAGs
[2024-09-12T06:44:01.431+0000] {logging_mixin.py:150} INFO - [2024-09-12T06:44:01.431+0000] {dag.py:3504} INFO - Setting next_dagrun for example_time_delta_sensor_async to None, run_after=None
[2024-09-12T06:44:01.467+0000] {processor.py:179} INFO - Processing /home/vscode/.local/lib/python3.10/site-packages/airflow/example_dags/example_time_delta_sensor_async.py took 0.067 seconds
[2024-09-12T06:44:40.506+0000] {processor.py:157} INFO - Started process (PID=9461) to work on /home/vscode/.local/lib/python3.10/site-packages/airflow/example_dags/example_time_delta_sensor_async.py
[2024-09-12T06:44:40.506+0000] {processor.py:826} INFO - Processing file /home/vscode/.local/lib/python3.10/site-packages/airflow/example_dags/example_time_delta_sensor_async.py for tasks to queue
[2024-09-12T06:44:40.507+0000] {logging_mixin.py:150} INFO - [2024-09-12T06:44:40.507+0000] {dagbag.py:541} INFO - Filling up the DagBag from /home/vscode/.local/lib/python3.10/site-packages/airflow/example_dags/example_time_delta_sensor_async.py
[2024-09-12T06:44:40.510+0000] {processor.py:836} INFO - DAG(s) dict_keys(['example_time_delta_sensor_async']) retrieved from /home/vscode/.local/lib/python3.10/site-packages/airflow/example_dags/example_time_delta_sensor_async.py
[2024-09-12T06:44:40.523+0000] {logging_mixin.py:150} INFO - [2024-09-12T06:44:40.522+0000] {dag.py:2742} INFO - Sync 1 DAGs
[2024-09-12T06:44:40.536+0000] {logging_mixin.py:150} INFO - [2024-09-12T06:44:40.536+0000] {dag.py:3504} INFO - Setting next_dagrun for example_time_delta_sensor_async to None, run_after=None
[2024-09-12T06:44:40.567+0000] {processor.py:179} INFO - Processing /home/vscode/.local/lib/python3.10/site-packages/airflow/example_dags/example_time_delta_sensor_async.py took 0.064 seconds
[2024-09-12T06:45:24.647+0000] {processor.py:157} INFO - Started process (PID=9762) to work on /home/vscode/.local/lib/python3.10/site-packages/airflow/example_dags/example_time_delta_sensor_async.py
[2024-09-12T06:45:24.648+0000] {processor.py:826} INFO - Processing file /home/vscode/.local/lib/python3.10/site-packages/airflow/example_dags/example_time_delta_sensor_async.py for tasks to queue
[2024-09-12T06:45:24.648+0000] {logging_mixin.py:150} INFO - [2024-09-12T06:45:24.648+0000] {dagbag.py:541} INFO - Filling up the DagBag from /home/vscode/.local/lib/python3.10/site-packages/airflow/example_dags/example_time_delta_sensor_async.py
[2024-09-12T06:45:24.652+0000] {processor.py:836} INFO - DAG(s) dict_keys(['example_time_delta_sensor_async']) retrieved from /home/vscode/.local/lib/python3.10/site-packages/airflow/example_dags/example_time_delta_sensor_async.py
[2024-09-12T06:45:24.664+0000] {logging_mixin.py:150} INFO - [2024-09-12T06:45:24.664+0000] {dag.py:2742} INFO - Sync 1 DAGs
[2024-09-12T06:45:24.678+0000] {logging_mixin.py:150} INFO - [2024-09-12T06:45:24.678+0000] {dag.py:3504} INFO - Setting next_dagrun for example_time_delta_sensor_async to None, run_after=None
[2024-09-12T06:45:24.709+0000] {processor.py:179} INFO - Processing /home/vscode/.local/lib/python3.10/site-packages/airflow/example_dags/example_time_delta_sensor_async.py took 0.064 seconds
[2024-09-12T06:46:10.930+0000] {processor.py:157} INFO - Started process (PID=10061) to work on /home/vscode/.local/lib/python3.10/site-packages/airflow/example_dags/example_time_delta_sensor_async.py
[2024-09-12T06:46:10.931+0000] {processor.py:826} INFO - Processing file /home/vscode/.local/lib/python3.10/site-packages/airflow/example_dags/example_time_delta_sensor_async.py for tasks to queue
[2024-09-12T06:46:10.931+0000] {logging_mixin.py:150} INFO - [2024-09-12T06:46:10.931+0000] {dagbag.py:541} INFO - Filling up the DagBag from /home/vscode/.local/lib/python3.10/site-packages/airflow/example_dags/example_time_delta_sensor_async.py
[2024-09-12T06:46:10.934+0000] {processor.py:836} INFO - DAG(s) dict_keys(['example_time_delta_sensor_async']) retrieved from /home/vscode/.local/lib/python3.10/site-packages/airflow/example_dags/example_time_delta_sensor_async.py
[2024-09-12T06:46:10.946+0000] {logging_mixin.py:150} INFO - [2024-09-12T06:46:10.945+0000] {dag.py:2742} INFO - Sync 1 DAGs
[2024-09-12T06:46:10.959+0000] {logging_mixin.py:150} INFO - [2024-09-12T06:46:10.959+0000] {dag.py:3504} INFO - Setting next_dagrun for example_time_delta_sensor_async to None, run_after=None
[2024-09-12T06:46:10.995+0000] {processor.py:179} INFO - Processing /home/vscode/.local/lib/python3.10/site-packages/airflow/example_dags/example_time_delta_sensor_async.py took 0.067 seconds
[2024-09-12T06:46:55.085+0000] {processor.py:157} INFO - Started process (PID=10362) to work on /home/vscode/.local/lib/python3.10/site-packages/airflow/example_dags/example_time_delta_sensor_async.py
[2024-09-12T06:46:55.086+0000] {processor.py:826} INFO - Processing file /home/vscode/.local/lib/python3.10/site-packages/airflow/example_dags/example_time_delta_sensor_async.py for tasks to queue
[2024-09-12T06:46:55.086+0000] {logging_mixin.py:150} INFO - [2024-09-12T06:46:55.086+0000] {dagbag.py:541} INFO - Filling up the DagBag from /home/vscode/.local/lib/python3.10/site-packages/airflow/example_dags/example_time_delta_sensor_async.py
[2024-09-12T06:46:55.090+0000] {processor.py:836} INFO - DAG(s) dict_keys(['example_time_delta_sensor_async']) retrieved from /home/vscode/.local/lib/python3.10/site-packages/airflow/example_dags/example_time_delta_sensor_async.py
[2024-09-12T06:46:55.101+0000] {logging_mixin.py:150} INFO - [2024-09-12T06:46:55.101+0000] {dag.py:2742} INFO - Sync 1 DAGs
[2024-09-12T06:46:55.115+0000] {logging_mixin.py:150} INFO - [2024-09-12T06:46:55.115+0000] {dag.py:3504} INFO - Setting next_dagrun for example_time_delta_sensor_async to None, run_after=None
[2024-09-12T06:46:55.142+0000] {processor.py:179} INFO - Processing /home/vscode/.local/lib/python3.10/site-packages/airflow/example_dags/example_time_delta_sensor_async.py took 0.059 seconds
[2024-09-12T06:47:40.381+0000] {processor.py:157} INFO - Started process (PID=10665) to work on /home/vscode/.local/lib/python3.10/site-packages/airflow/example_dags/example_time_delta_sensor_async.py
[2024-09-12T06:47:40.382+0000] {processor.py:826} INFO - Processing file /home/vscode/.local/lib/python3.10/site-packages/airflow/example_dags/example_time_delta_sensor_async.py for tasks to queue
[2024-09-12T06:47:40.382+0000] {logging_mixin.py:150} INFO - [2024-09-12T06:47:40.382+0000] {dagbag.py:541} INFO - Filling up the DagBag from /home/vscode/.local/lib/python3.10/site-packages/airflow/example_dags/example_time_delta_sensor_async.py
[2024-09-12T06:47:40.386+0000] {processor.py:836} INFO - DAG(s) dict_keys(['example_time_delta_sensor_async']) retrieved from /home/vscode/.local/lib/python3.10/site-packages/airflow/example_dags/example_time_delta_sensor_async.py
[2024-09-12T06:47:40.397+0000] {logging_mixin.py:150} INFO - [2024-09-12T06:47:40.397+0000] {dag.py:2742} INFO - Sync 1 DAGs
[2024-09-12T06:47:40.410+0000] {logging_mixin.py:150} INFO - [2024-09-12T06:47:40.410+0000] {dag.py:3504} INFO - Setting next_dagrun for example_time_delta_sensor_async to None, run_after=None
[2024-09-12T06:47:40.441+0000] {processor.py:179} INFO - Processing /home/vscode/.local/lib/python3.10/site-packages/airflow/example_dags/example_time_delta_sensor_async.py took 0.062 seconds
[2024-09-12T06:48:23.574+0000] {processor.py:157} INFO - Started process (PID=10960) to work on /home/vscode/.local/lib/python3.10/site-packages/airflow/example_dags/example_time_delta_sensor_async.py
[2024-09-12T06:48:23.574+0000] {processor.py:826} INFO - Processing file /home/vscode/.local/lib/python3.10/site-packages/airflow/example_dags/example_time_delta_sensor_async.py for tasks to queue
[2024-09-12T06:48:23.575+0000] {logging_mixin.py:150} INFO - [2024-09-12T06:48:23.575+0000] {dagbag.py:541} INFO - Filling up the DagBag from /home/vscode/.local/lib/python3.10/site-packages/airflow/example_dags/example_time_delta_sensor_async.py
[2024-09-12T06:48:23.578+0000] {processor.py:836} INFO - DAG(s) dict_keys(['example_time_delta_sensor_async']) retrieved from /home/vscode/.local/lib/python3.10/site-packages/airflow/example_dags/example_time_delta_sensor_async.py
[2024-09-12T06:48:23.590+0000] {logging_mixin.py:150} INFO - [2024-09-12T06:48:23.589+0000] {dag.py:2742} INFO - Sync 1 DAGs
[2024-09-12T06:48:23.603+0000] {logging_mixin.py:150} INFO - [2024-09-12T06:48:23.603+0000] {dag.py:3504} INFO - Setting next_dagrun for example_time_delta_sensor_async to None, run_after=None
[2024-09-12T06:48:23.633+0000] {processor.py:179} INFO - Processing /home/vscode/.local/lib/python3.10/site-packages/airflow/example_dags/example_time_delta_sensor_async.py took 0.061 seconds
[2024-09-12T06:49:05.202+0000] {processor.py:157} INFO - Started process (PID=11237) to work on /home/vscode/.local/lib/python3.10/site-packages/airflow/example_dags/example_time_delta_sensor_async.py
[2024-09-12T06:49:05.203+0000] {processor.py:826} INFO - Processing file /home/vscode/.local/lib/python3.10/site-packages/airflow/example_dags/example_time_delta_sensor_async.py for tasks to queue
[2024-09-12T06:49:05.204+0000] {logging_mixin.py:150} INFO - [2024-09-12T06:49:05.203+0000] {dagbag.py:541} INFO - Filling up the DagBag from /home/vscode/.local/lib/python3.10/site-packages/airflow/example_dags/example_time_delta_sensor_async.py
[2024-09-12T06:49:05.207+0000] {processor.py:836} INFO - DAG(s) dict_keys(['example_time_delta_sensor_async']) retrieved from /home/vscode/.local/lib/python3.10/site-packages/airflow/example_dags/example_time_delta_sensor_async.py
[2024-09-12T06:49:05.218+0000] {logging_mixin.py:150} INFO - [2024-09-12T06:49:05.218+0000] {dag.py:2742} INFO - Sync 1 DAGs
[2024-09-12T06:49:05.233+0000] {logging_mixin.py:150} INFO - [2024-09-12T06:49:05.232+0000] {dag.py:3504} INFO - Setting next_dagrun for example_time_delta_sensor_async to None, run_after=None
[2024-09-12T06:49:05.264+0000] {processor.py:179} INFO - Processing /home/vscode/.local/lib/python3.10/site-packages/airflow/example_dags/example_time_delta_sensor_async.py took 0.065 seconds
[2024-09-12T06:49:47.555+0000] {processor.py:157} INFO - Started process (PID=11528) to work on /home/vscode/.local/lib/python3.10/site-packages/airflow/example_dags/example_time_delta_sensor_async.py
[2024-09-12T06:49:47.556+0000] {processor.py:826} INFO - Processing file /home/vscode/.local/lib/python3.10/site-packages/airflow/example_dags/example_time_delta_sensor_async.py for tasks to queue
[2024-09-12T06:49:47.557+0000] {logging_mixin.py:150} INFO - [2024-09-12T06:49:47.556+0000] {dagbag.py:541} INFO - Filling up the DagBag from /home/vscode/.local/lib/python3.10/site-packages/airflow/example_dags/example_time_delta_sensor_async.py
[2024-09-12T06:49:47.560+0000] {processor.py:836} INFO - DAG(s) dict_keys(['example_time_delta_sensor_async']) retrieved from /home/vscode/.local/lib/python3.10/site-packages/airflow/example_dags/example_time_delta_sensor_async.py
[2024-09-12T06:49:47.571+0000] {logging_mixin.py:150} INFO - [2024-09-12T06:49:47.571+0000] {dag.py:2742} INFO - Sync 1 DAGs
[2024-09-12T06:49:47.584+0000] {logging_mixin.py:150} INFO - [2024-09-12T06:49:47.584+0000] {dag.py:3504} INFO - Setting next_dagrun for example_time_delta_sensor_async to None, run_after=None
[2024-09-12T06:49:47.627+0000] {processor.py:179} INFO - Processing /home/vscode/.local/lib/python3.10/site-packages/airflow/example_dags/example_time_delta_sensor_async.py took 0.073 seconds
[2024-09-12T06:50:28.117+0000] {processor.py:157} INFO - Started process (PID=11807) to work on /home/vscode/.local/lib/python3.10/site-packages/airflow/example_dags/example_time_delta_sensor_async.py
[2024-09-12T06:50:28.117+0000] {processor.py:826} INFO - Processing file /home/vscode/.local/lib/python3.10/site-packages/airflow/example_dags/example_time_delta_sensor_async.py for tasks to queue
[2024-09-12T06:50:28.118+0000] {logging_mixin.py:150} INFO - [2024-09-12T06:50:28.118+0000] {dagbag.py:541} INFO - Filling up the DagBag from /home/vscode/.local/lib/python3.10/site-packages/airflow/example_dags/example_time_delta_sensor_async.py
[2024-09-12T06:50:28.122+0000] {processor.py:836} INFO - DAG(s) dict_keys(['example_time_delta_sensor_async']) retrieved from /home/vscode/.local/lib/python3.10/site-packages/airflow/example_dags/example_time_delta_sensor_async.py
[2024-09-12T06:50:28.133+0000] {logging_mixin.py:150} INFO - [2024-09-12T06:50:28.133+0000] {dag.py:2742} INFO - Sync 1 DAGs
[2024-09-12T06:50:28.147+0000] {logging_mixin.py:150} INFO - [2024-09-12T06:50:28.147+0000] {dag.py:3504} INFO - Setting next_dagrun for example_time_delta_sensor_async to None, run_after=None
[2024-09-12T06:50:28.183+0000] {processor.py:179} INFO - Processing /home/vscode/.local/lib/python3.10/site-packages/airflow/example_dags/example_time_delta_sensor_async.py took 0.068 seconds
[2024-09-12T06:51:13.161+0000] {processor.py:157} INFO - Started process (PID=12102) to work on /home/vscode/.local/lib/python3.10/site-packages/airflow/example_dags/example_time_delta_sensor_async.py
[2024-09-12T06:51:13.161+0000] {processor.py:826} INFO - Processing file /home/vscode/.local/lib/python3.10/site-packages/airflow/example_dags/example_time_delta_sensor_async.py for tasks to queue
[2024-09-12T06:51:13.162+0000] {logging_mixin.py:150} INFO - [2024-09-12T06:51:13.162+0000] {dagbag.py:541} INFO - Filling up the DagBag from /home/vscode/.local/lib/python3.10/site-packages/airflow/example_dags/example_time_delta_sensor_async.py
[2024-09-12T06:51:13.166+0000] {processor.py:836} INFO - DAG(s) dict_keys(['example_time_delta_sensor_async']) retrieved from /home/vscode/.local/lib/python3.10/site-packages/airflow/example_dags/example_time_delta_sensor_async.py
[2024-09-12T06:51:13.177+0000] {logging_mixin.py:150} INFO - [2024-09-12T06:51:13.177+0000] {dag.py:2742} INFO - Sync 1 DAGs
[2024-09-12T06:51:13.191+0000] {logging_mixin.py:150} INFO - [2024-09-12T06:51:13.191+0000] {dag.py:3504} INFO - Setting next_dagrun for example_time_delta_sensor_async to None, run_after=None
[2024-09-12T06:51:13.223+0000] {processor.py:179} INFO - Processing /home/vscode/.local/lib/python3.10/site-packages/airflow/example_dags/example_time_delta_sensor_async.py took 0.065 seconds
[2024-09-12T06:51:58.139+0000] {processor.py:157} INFO - Started process (PID=12407) to work on /home/vscode/.local/lib/python3.10/site-packages/airflow/example_dags/example_time_delta_sensor_async.py
[2024-09-12T06:51:58.140+0000] {processor.py:826} INFO - Processing file /home/vscode/.local/lib/python3.10/site-packages/airflow/example_dags/example_time_delta_sensor_async.py for tasks to queue
[2024-09-12T06:51:58.140+0000] {logging_mixin.py:150} INFO - [2024-09-12T06:51:58.140+0000] {dagbag.py:541} INFO - Filling up the DagBag from /home/vscode/.local/lib/python3.10/site-packages/airflow/example_dags/example_time_delta_sensor_async.py
[2024-09-12T06:51:58.143+0000] {processor.py:836} INFO - DAG(s) dict_keys(['example_time_delta_sensor_async']) retrieved from /home/vscode/.local/lib/python3.10/site-packages/airflow/example_dags/example_time_delta_sensor_async.py
[2024-09-12T06:51:58.155+0000] {logging_mixin.py:150} INFO - [2024-09-12T06:51:58.155+0000] {dag.py:2742} INFO - Sync 1 DAGs
[2024-09-12T06:51:58.169+0000] {logging_mixin.py:150} INFO - [2024-09-12T06:51:58.169+0000] {dag.py:3504} INFO - Setting next_dagrun for example_time_delta_sensor_async to None, run_after=None
[2024-09-12T06:51:58.199+0000] {processor.py:179} INFO - Processing /home/vscode/.local/lib/python3.10/site-packages/airflow/example_dags/example_time_delta_sensor_async.py took 0.062 seconds
[2024-09-12T06:52:45.121+0000] {processor.py:157} INFO - Started process (PID=12725) to work on /home/vscode/.local/lib/python3.10/site-packages/airflow/example_dags/example_time_delta_sensor_async.py
[2024-09-12T06:52:45.121+0000] {processor.py:826} INFO - Processing file /home/vscode/.local/lib/python3.10/site-packages/airflow/example_dags/example_time_delta_sensor_async.py for tasks to queue
[2024-09-12T06:52:45.122+0000] {logging_mixin.py:150} INFO - [2024-09-12T06:52:45.122+0000] {dagbag.py:541} INFO - Filling up the DagBag from /home/vscode/.local/lib/python3.10/site-packages/airflow/example_dags/example_time_delta_sensor_async.py
[2024-09-12T06:52:45.125+0000] {processor.py:836} INFO - DAG(s) dict_keys(['example_time_delta_sensor_async']) retrieved from /home/vscode/.local/lib/python3.10/site-packages/airflow/example_dags/example_time_delta_sensor_async.py
[2024-09-12T06:52:45.137+0000] {logging_mixin.py:150} INFO - [2024-09-12T06:52:45.136+0000] {dag.py:2742} INFO - Sync 1 DAGs
[2024-09-12T06:52:45.150+0000] {logging_mixin.py:150} INFO - [2024-09-12T06:52:45.150+0000] {dag.py:3504} INFO - Setting next_dagrun for example_time_delta_sensor_async to None, run_after=None
[2024-09-12T06:52:45.184+0000] {processor.py:179} INFO - Processing /home/vscode/.local/lib/python3.10/site-packages/airflow/example_dags/example_time_delta_sensor_async.py took 0.065 seconds
[2024-09-12T06:53:30.194+0000] {processor.py:157} INFO - Started process (PID=13024) to work on /home/vscode/.local/lib/python3.10/site-packages/airflow/example_dags/example_time_delta_sensor_async.py
[2024-09-12T06:53:30.195+0000] {processor.py:826} INFO - Processing file /home/vscode/.local/lib/python3.10/site-packages/airflow/example_dags/example_time_delta_sensor_async.py for tasks to queue
[2024-09-12T06:53:30.196+0000] {logging_mixin.py:150} INFO - [2024-09-12T06:53:30.195+0000] {dagbag.py:541} INFO - Filling up the DagBag from /home/vscode/.local/lib/python3.10/site-packages/airflow/example_dags/example_time_delta_sensor_async.py
[2024-09-12T06:53:30.199+0000] {processor.py:836} INFO - DAG(s) dict_keys(['example_time_delta_sensor_async']) retrieved from /home/vscode/.local/lib/python3.10/site-packages/airflow/example_dags/example_time_delta_sensor_async.py
[2024-09-12T06:53:30.210+0000] {logging_mixin.py:150} INFO - [2024-09-12T06:53:30.210+0000] {dag.py:2742} INFO - Sync 1 DAGs
[2024-09-12T06:53:30.223+0000] {logging_mixin.py:150} INFO - [2024-09-12T06:53:30.223+0000] {dag.py:3504} INFO - Setting next_dagrun for example_time_delta_sensor_async to None, run_after=None
[2024-09-12T06:53:30.256+0000] {processor.py:179} INFO - Processing /home/vscode/.local/lib/python3.10/site-packages/airflow/example_dags/example_time_delta_sensor_async.py took 0.064 seconds
[2024-09-12T06:54:16.732+0000] {processor.py:157} INFO - Started process (PID=13345) to work on /home/vscode/.local/lib/python3.10/site-packages/airflow/example_dags/example_time_delta_sensor_async.py
[2024-09-12T06:54:16.733+0000] {processor.py:826} INFO - Processing file /home/vscode/.local/lib/python3.10/site-packages/airflow/example_dags/example_time_delta_sensor_async.py for tasks to queue
[2024-09-12T06:54:16.734+0000] {logging_mixin.py:150} INFO - [2024-09-12T06:54:16.733+0000] {dagbag.py:541} INFO - Filling up the DagBag from /home/vscode/.local/lib/python3.10/site-packages/airflow/example_dags/example_time_delta_sensor_async.py
[2024-09-12T06:54:16.737+0000] {processor.py:836} INFO - DAG(s) dict_keys(['example_time_delta_sensor_async']) retrieved from /home/vscode/.local/lib/python3.10/site-packages/airflow/example_dags/example_time_delta_sensor_async.py
[2024-09-12T06:54:16.749+0000] {logging_mixin.py:150} INFO - [2024-09-12T06:54:16.748+0000] {dag.py:2742} INFO - Sync 1 DAGs
[2024-09-12T06:54:16.762+0000] {logging_mixin.py:150} INFO - [2024-09-12T06:54:16.762+0000] {dag.py:3504} INFO - Setting next_dagrun for example_time_delta_sensor_async to None, run_after=None
[2024-09-12T06:54:16.796+0000] {processor.py:179} INFO - Processing /home/vscode/.local/lib/python3.10/site-packages/airflow/example_dags/example_time_delta_sensor_async.py took 0.066 seconds
[2024-09-12T06:55:03.147+0000] {processor.py:157} INFO - Started process (PID=13644) to work on /home/vscode/.local/lib/python3.10/site-packages/airflow/example_dags/example_time_delta_sensor_async.py
[2024-09-12T06:55:03.148+0000] {processor.py:826} INFO - Processing file /home/vscode/.local/lib/python3.10/site-packages/airflow/example_dags/example_time_delta_sensor_async.py for tasks to queue
[2024-09-12T06:55:03.149+0000] {logging_mixin.py:150} INFO - [2024-09-12T06:55:03.148+0000] {dagbag.py:541} INFO - Filling up the DagBag from /home/vscode/.local/lib/python3.10/site-packages/airflow/example_dags/example_time_delta_sensor_async.py
[2024-09-12T06:55:03.152+0000] {processor.py:836} INFO - DAG(s) dict_keys(['example_time_delta_sensor_async']) retrieved from /home/vscode/.local/lib/python3.10/site-packages/airflow/example_dags/example_time_delta_sensor_async.py
[2024-09-12T06:55:03.163+0000] {logging_mixin.py:150} INFO - [2024-09-12T06:55:03.163+0000] {dag.py:2742} INFO - Sync 1 DAGs
[2024-09-12T06:55:03.177+0000] {logging_mixin.py:150} INFO - [2024-09-12T06:55:03.177+0000] {dag.py:3504} INFO - Setting next_dagrun for example_time_delta_sensor_async to None, run_after=None
[2024-09-12T06:55:03.208+0000] {processor.py:179} INFO - Processing /home/vscode/.local/lib/python3.10/site-packages/airflow/example_dags/example_time_delta_sensor_async.py took 0.063 seconds
[2024-09-12T06:55:47.878+0000] {processor.py:157} INFO - Started process (PID=13953) to work on /home/vscode/.local/lib/python3.10/site-packages/airflow/example_dags/example_time_delta_sensor_async.py
[2024-09-12T06:55:47.878+0000] {processor.py:826} INFO - Processing file /home/vscode/.local/lib/python3.10/site-packages/airflow/example_dags/example_time_delta_sensor_async.py for tasks to queue
[2024-09-12T06:55:47.879+0000] {logging_mixin.py:150} INFO - [2024-09-12T06:55:47.879+0000] {dagbag.py:541} INFO - Filling up the DagBag from /home/vscode/.local/lib/python3.10/site-packages/airflow/example_dags/example_time_delta_sensor_async.py
[2024-09-12T06:55:47.882+0000] {processor.py:836} INFO - DAG(s) dict_keys(['example_time_delta_sensor_async']) retrieved from /home/vscode/.local/lib/python3.10/site-packages/airflow/example_dags/example_time_delta_sensor_async.py
[2024-09-12T06:55:47.893+0000] {logging_mixin.py:150} INFO - [2024-09-12T06:55:47.893+0000] {dag.py:2742} INFO - Sync 1 DAGs
[2024-09-12T06:55:47.907+0000] {logging_mixin.py:150} INFO - [2024-09-12T06:55:47.907+0000] {dag.py:3504} INFO - Setting next_dagrun for example_time_delta_sensor_async to None, run_after=None
[2024-09-12T06:55:47.948+0000] {processor.py:179} INFO - Processing /home/vscode/.local/lib/python3.10/site-packages/airflow/example_dags/example_time_delta_sensor_async.py took 0.073 seconds
[2024-09-12T06:56:38.392+0000] {processor.py:157} INFO - Started process (PID=14288) to work on /home/vscode/.local/lib/python3.10/site-packages/airflow/example_dags/example_time_delta_sensor_async.py
[2024-09-12T06:56:38.393+0000] {processor.py:826} INFO - Processing file /home/vscode/.local/lib/python3.10/site-packages/airflow/example_dags/example_time_delta_sensor_async.py for tasks to queue
[2024-09-12T06:56:38.393+0000] {logging_mixin.py:150} INFO - [2024-09-12T06:56:38.393+0000] {dagbag.py:541} INFO - Filling up the DagBag from /home/vscode/.local/lib/python3.10/site-packages/airflow/example_dags/example_time_delta_sensor_async.py
[2024-09-12T06:56:38.397+0000] {processor.py:836} INFO - DAG(s) dict_keys(['example_time_delta_sensor_async']) retrieved from /home/vscode/.local/lib/python3.10/site-packages/airflow/example_dags/example_time_delta_sensor_async.py
[2024-09-12T06:56:38.412+0000] {logging_mixin.py:150} INFO - [2024-09-12T06:56:38.412+0000] {dag.py:2742} INFO - Sync 1 DAGs
[2024-09-12T06:56:38.425+0000] {logging_mixin.py:150} INFO - [2024-09-12T06:56:38.425+0000] {dag.py:3504} INFO - Setting next_dagrun for example_time_delta_sensor_async to None, run_after=None
[2024-09-12T06:56:38.465+0000] {processor.py:179} INFO - Processing /home/vscode/.local/lib/python3.10/site-packages/airflow/example_dags/example_time_delta_sensor_async.py took 0.075 seconds
[2024-09-12T06:57:22.497+0000] {processor.py:157} INFO - Started process (PID=14587) to work on /home/vscode/.local/lib/python3.10/site-packages/airflow/example_dags/example_time_delta_sensor_async.py
[2024-09-12T06:57:22.498+0000] {processor.py:826} INFO - Processing file /home/vscode/.local/lib/python3.10/site-packages/airflow/example_dags/example_time_delta_sensor_async.py for tasks to queue
[2024-09-12T06:57:22.498+0000] {logging_mixin.py:150} INFO - [2024-09-12T06:57:22.498+0000] {dagbag.py:541} INFO - Filling up the DagBag from /home/vscode/.local/lib/python3.10/site-packages/airflow/example_dags/example_time_delta_sensor_async.py
[2024-09-12T06:57:22.502+0000] {processor.py:836} INFO - DAG(s) dict_keys(['example_time_delta_sensor_async']) retrieved from /home/vscode/.local/lib/python3.10/site-packages/airflow/example_dags/example_time_delta_sensor_async.py
[2024-09-12T06:57:22.514+0000] {logging_mixin.py:150} INFO - [2024-09-12T06:57:22.514+0000] {dag.py:2742} INFO - Sync 1 DAGs
[2024-09-12T06:57:22.527+0000] {logging_mixin.py:150} INFO - [2024-09-12T06:57:22.527+0000] {dag.py:3504} INFO - Setting next_dagrun for example_time_delta_sensor_async to None, run_after=None
[2024-09-12T06:57:22.561+0000] {processor.py:179} INFO - Processing /home/vscode/.local/lib/python3.10/site-packages/airflow/example_dags/example_time_delta_sensor_async.py took 0.066 seconds
[2024-09-12T06:58:04.204+0000] {processor.py:157} INFO - Started process (PID=14867) to work on /home/vscode/.local/lib/python3.10/site-packages/airflow/example_dags/example_time_delta_sensor_async.py
[2024-09-12T06:58:04.205+0000] {processor.py:826} INFO - Processing file /home/vscode/.local/lib/python3.10/site-packages/airflow/example_dags/example_time_delta_sensor_async.py for tasks to queue
[2024-09-12T06:58:04.205+0000] {logging_mixin.py:150} INFO - [2024-09-12T06:58:04.205+0000] {dagbag.py:541} INFO - Filling up the DagBag from /home/vscode/.local/lib/python3.10/site-packages/airflow/example_dags/example_time_delta_sensor_async.py
[2024-09-12T06:58:04.208+0000] {processor.py:836} INFO - DAG(s) dict_keys(['example_time_delta_sensor_async']) retrieved from /home/vscode/.local/lib/python3.10/site-packages/airflow/example_dags/example_time_delta_sensor_async.py
[2024-09-12T06:58:04.220+0000] {logging_mixin.py:150} INFO - [2024-09-12T06:58:04.220+0000] {dag.py:2742} INFO - Sync 1 DAGs
[2024-09-12T06:58:04.233+0000] {logging_mixin.py:150} INFO - [2024-09-12T06:58:04.233+0000] {dag.py:3504} INFO - Setting next_dagrun for example_time_delta_sensor_async to None, run_after=None
[2024-09-12T06:58:04.263+0000] {processor.py:179} INFO - Processing /home/vscode/.local/lib/python3.10/site-packages/airflow/example_dags/example_time_delta_sensor_async.py took 0.061 seconds
[2024-09-12T06:58:46.737+0000] {processor.py:157} INFO - Started process (PID=15152) to work on /home/vscode/.local/lib/python3.10/site-packages/airflow/example_dags/example_time_delta_sensor_async.py
[2024-09-12T06:58:46.738+0000] {processor.py:826} INFO - Processing file /home/vscode/.local/lib/python3.10/site-packages/airflow/example_dags/example_time_delta_sensor_async.py for tasks to queue
[2024-09-12T06:58:46.738+0000] {logging_mixin.py:150} INFO - [2024-09-12T06:58:46.738+0000] {dagbag.py:541} INFO - Filling up the DagBag from /home/vscode/.local/lib/python3.10/site-packages/airflow/example_dags/example_time_delta_sensor_async.py
[2024-09-12T06:58:46.741+0000] {processor.py:836} INFO - DAG(s) dict_keys(['example_time_delta_sensor_async']) retrieved from /home/vscode/.local/lib/python3.10/site-packages/airflow/example_dags/example_time_delta_sensor_async.py
[2024-09-12T06:58:46.754+0000] {logging_mixin.py:150} INFO - [2024-09-12T06:58:46.754+0000] {dag.py:2742} INFO - Sync 1 DAGs
[2024-09-12T06:58:46.768+0000] {logging_mixin.py:150} INFO - [2024-09-12T06:58:46.768+0000] {dag.py:3504} INFO - Setting next_dagrun for example_time_delta_sensor_async to None, run_after=None
[2024-09-12T06:58:46.806+0000] {processor.py:179} INFO - Processing /home/vscode/.local/lib/python3.10/site-packages/airflow/example_dags/example_time_delta_sensor_async.py took 0.071 seconds
[2024-09-12T06:59:29.663+0000] {processor.py:157} INFO - Started process (PID=15440) to work on /home/vscode/.local/lib/python3.10/site-packages/airflow/example_dags/example_time_delta_sensor_async.py
[2024-09-12T06:59:29.664+0000] {processor.py:826} INFO - Processing file /home/vscode/.local/lib/python3.10/site-packages/airflow/example_dags/example_time_delta_sensor_async.py for tasks to queue
[2024-09-12T06:59:29.664+0000] {logging_mixin.py:150} INFO - [2024-09-12T06:59:29.664+0000] {dagbag.py:541} INFO - Filling up the DagBag from /home/vscode/.local/lib/python3.10/site-packages/airflow/example_dags/example_time_delta_sensor_async.py
[2024-09-12T06:59:29.668+0000] {processor.py:836} INFO - DAG(s) dict_keys(['example_time_delta_sensor_async']) retrieved from /home/vscode/.local/lib/python3.10/site-packages/airflow/example_dags/example_time_delta_sensor_async.py
[2024-09-12T06:59:29.679+0000] {logging_mixin.py:150} INFO - [2024-09-12T06:59:29.679+0000] {dag.py:2742} INFO - Sync 1 DAGs
[2024-09-12T06:59:29.693+0000] {logging_mixin.py:150} INFO - [2024-09-12T06:59:29.693+0000] {dag.py:3504} INFO - Setting next_dagrun for example_time_delta_sensor_async to None, run_after=None
[2024-09-12T06:59:29.722+0000] {processor.py:179} INFO - Processing /home/vscode/.local/lib/python3.10/site-packages/airflow/example_dags/example_time_delta_sensor_async.py took 0.062 seconds
[2024-09-12T07:00:13.185+0000] {processor.py:157} INFO - Started process (PID=15725) to work on /home/vscode/.local/lib/python3.10/site-packages/airflow/example_dags/example_time_delta_sensor_async.py
[2024-09-12T07:00:13.185+0000] {processor.py:826} INFO - Processing file /home/vscode/.local/lib/python3.10/site-packages/airflow/example_dags/example_time_delta_sensor_async.py for tasks to queue
[2024-09-12T07:00:13.186+0000] {logging_mixin.py:150} INFO - [2024-09-12T07:00:13.186+0000] {dagbag.py:541} INFO - Filling up the DagBag from /home/vscode/.local/lib/python3.10/site-packages/airflow/example_dags/example_time_delta_sensor_async.py
[2024-09-12T07:00:13.189+0000] {processor.py:836} INFO - DAG(s) dict_keys(['example_time_delta_sensor_async']) retrieved from /home/vscode/.local/lib/python3.10/site-packages/airflow/example_dags/example_time_delta_sensor_async.py
[2024-09-12T07:00:13.200+0000] {logging_mixin.py:150} INFO - [2024-09-12T07:00:13.200+0000] {dag.py:2742} INFO - Sync 1 DAGs
[2024-09-12T07:00:13.214+0000] {logging_mixin.py:150} INFO - [2024-09-12T07:00:13.214+0000] {dag.py:3504} INFO - Setting next_dagrun for example_time_delta_sensor_async to None, run_after=None
[2024-09-12T07:00:13.262+0000] {processor.py:179} INFO - Processing /home/vscode/.local/lib/python3.10/site-packages/airflow/example_dags/example_time_delta_sensor_async.py took 0.080 seconds
[2024-09-12T07:00:48.419+0000] {processor.py:157} INFO - Started process (PID=15973) to work on /home/vscode/.local/lib/python3.10/site-packages/airflow/example_dags/example_time_delta_sensor_async.py
[2024-09-12T07:00:48.420+0000] {processor.py:826} INFO - Processing file /home/vscode/.local/lib/python3.10/site-packages/airflow/example_dags/example_time_delta_sensor_async.py for tasks to queue
[2024-09-12T07:00:48.421+0000] {logging_mixin.py:150} INFO - [2024-09-12T07:00:48.420+0000] {dagbag.py:541} INFO - Filling up the DagBag from /home/vscode/.local/lib/python3.10/site-packages/airflow/example_dags/example_time_delta_sensor_async.py
[2024-09-12T07:00:48.424+0000] {processor.py:836} INFO - DAG(s) dict_keys(['example_time_delta_sensor_async']) retrieved from /home/vscode/.local/lib/python3.10/site-packages/airflow/example_dags/example_time_delta_sensor_async.py
[2024-09-12T07:00:48.436+0000] {logging_mixin.py:150} INFO - [2024-09-12T07:00:48.436+0000] {dag.py:2742} INFO - Sync 1 DAGs
[2024-09-12T07:00:48.450+0000] {logging_mixin.py:150} INFO - [2024-09-12T07:00:48.449+0000] {dag.py:3504} INFO - Setting next_dagrun for example_time_delta_sensor_async to None, run_after=None
[2024-09-12T07:00:48.493+0000] {processor.py:179} INFO - Processing /home/vscode/.local/lib/python3.10/site-packages/airflow/example_dags/example_time_delta_sensor_async.py took 0.076 seconds
[2024-09-12T07:01:32.731+0000] {processor.py:157} INFO - Started process (PID=16266) to work on /home/vscode/.local/lib/python3.10/site-packages/airflow/example_dags/example_time_delta_sensor_async.py
[2024-09-12T07:01:32.731+0000] {processor.py:826} INFO - Processing file /home/vscode/.local/lib/python3.10/site-packages/airflow/example_dags/example_time_delta_sensor_async.py for tasks to queue
[2024-09-12T07:01:32.732+0000] {logging_mixin.py:150} INFO - [2024-09-12T07:01:32.732+0000] {dagbag.py:541} INFO - Filling up the DagBag from /home/vscode/.local/lib/python3.10/site-packages/airflow/example_dags/example_time_delta_sensor_async.py
[2024-09-12T07:01:32.736+0000] {processor.py:836} INFO - DAG(s) dict_keys(['example_time_delta_sensor_async']) retrieved from /home/vscode/.local/lib/python3.10/site-packages/airflow/example_dags/example_time_delta_sensor_async.py
[2024-09-12T07:01:32.748+0000] {logging_mixin.py:150} INFO - [2024-09-12T07:01:32.747+0000] {dag.py:2742} INFO - Sync 1 DAGs
[2024-09-12T07:01:32.761+0000] {logging_mixin.py:150} INFO - [2024-09-12T07:01:32.761+0000] {dag.py:3504} INFO - Setting next_dagrun for example_time_delta_sensor_async to None, run_after=None
[2024-09-12T07:01:32.791+0000] {processor.py:179} INFO - Processing /home/vscode/.local/lib/python3.10/site-packages/airflow/example_dags/example_time_delta_sensor_async.py took 0.063 seconds
[2024-09-12T07:02:11.131+0000] {processor.py:157} INFO - Started process (PID=16528) to work on /home/vscode/.local/lib/python3.10/site-packages/airflow/example_dags/example_time_delta_sensor_async.py
[2024-09-12T07:02:11.132+0000] {processor.py:826} INFO - Processing file /home/vscode/.local/lib/python3.10/site-packages/airflow/example_dags/example_time_delta_sensor_async.py for tasks to queue
[2024-09-12T07:02:11.133+0000] {logging_mixin.py:150} INFO - [2024-09-12T07:02:11.132+0000] {dagbag.py:541} INFO - Filling up the DagBag from /home/vscode/.local/lib/python3.10/site-packages/airflow/example_dags/example_time_delta_sensor_async.py
[2024-09-12T07:02:11.136+0000] {processor.py:836} INFO - DAG(s) dict_keys(['example_time_delta_sensor_async']) retrieved from /home/vscode/.local/lib/python3.10/site-packages/airflow/example_dags/example_time_delta_sensor_async.py
[2024-09-12T07:02:11.147+0000] {logging_mixin.py:150} INFO - [2024-09-12T07:02:11.147+0000] {dag.py:2742} INFO - Sync 1 DAGs
[2024-09-12T07:02:11.160+0000] {logging_mixin.py:150} INFO - [2024-09-12T07:02:11.160+0000] {dag.py:3504} INFO - Setting next_dagrun for example_time_delta_sensor_async to None, run_after=None
[2024-09-12T07:02:11.192+0000] {processor.py:179} INFO - Processing /home/vscode/.local/lib/python3.10/site-packages/airflow/example_dags/example_time_delta_sensor_async.py took 0.063 seconds
[2024-09-12T07:02:52.972+0000] {processor.py:157} INFO - Started process (PID=16811) to work on /home/vscode/.local/lib/python3.10/site-packages/airflow/example_dags/example_time_delta_sensor_async.py
[2024-09-12T07:02:52.972+0000] {processor.py:826} INFO - Processing file /home/vscode/.local/lib/python3.10/site-packages/airflow/example_dags/example_time_delta_sensor_async.py for tasks to queue
[2024-09-12T07:02:52.973+0000] {logging_mixin.py:150} INFO - [2024-09-12T07:02:52.972+0000] {dagbag.py:541} INFO - Filling up the DagBag from /home/vscode/.local/lib/python3.10/site-packages/airflow/example_dags/example_time_delta_sensor_async.py
[2024-09-12T07:02:52.976+0000] {processor.py:836} INFO - DAG(s) dict_keys(['example_time_delta_sensor_async']) retrieved from /home/vscode/.local/lib/python3.10/site-packages/airflow/example_dags/example_time_delta_sensor_async.py
[2024-09-12T07:02:52.987+0000] {logging_mixin.py:150} INFO - [2024-09-12T07:02:52.987+0000] {dag.py:2742} INFO - Sync 1 DAGs
[2024-09-12T07:02:53.000+0000] {logging_mixin.py:150} INFO - [2024-09-12T07:02:53.000+0000] {dag.py:3504} INFO - Setting next_dagrun for example_time_delta_sensor_async to None, run_after=None
[2024-09-12T07:02:53.041+0000] {processor.py:179} INFO - Processing /home/vscode/.local/lib/python3.10/site-packages/airflow/example_dags/example_time_delta_sensor_async.py took 0.072 seconds
[2024-09-12T07:03:40.579+0000] {processor.py:157} INFO - Started process (PID=17159) to work on /home/vscode/.local/lib/python3.10/site-packages/airflow/example_dags/example_time_delta_sensor_async.py
[2024-09-12T07:03:40.580+0000] {processor.py:826} INFO - Processing file /home/vscode/.local/lib/python3.10/site-packages/airflow/example_dags/example_time_delta_sensor_async.py for tasks to queue
[2024-09-12T07:03:40.581+0000] {logging_mixin.py:150} INFO - [2024-09-12T07:03:40.580+0000] {dagbag.py:541} INFO - Filling up the DagBag from /home/vscode/.local/lib/python3.10/site-packages/airflow/example_dags/example_time_delta_sensor_async.py
[2024-09-12T07:03:40.584+0000] {processor.py:836} INFO - DAG(s) dict_keys(['example_time_delta_sensor_async']) retrieved from /home/vscode/.local/lib/python3.10/site-packages/airflow/example_dags/example_time_delta_sensor_async.py
[2024-09-12T07:03:40.596+0000] {logging_mixin.py:150} INFO - [2024-09-12T07:03:40.595+0000] {dag.py:2742} INFO - Sync 1 DAGs
[2024-09-12T07:03:40.609+0000] {logging_mixin.py:150} INFO - [2024-09-12T07:03:40.609+0000] {dag.py:3504} INFO - Setting next_dagrun for example_time_delta_sensor_async to None, run_after=None
[2024-09-12T07:03:40.710+0000] {processor.py:179} INFO - Processing /home/vscode/.local/lib/python3.10/site-packages/airflow/example_dags/example_time_delta_sensor_async.py took 0.133 seconds
[2024-09-12T07:04:17.468+0000] {processor.py:157} INFO - Started process (PID=17444) to work on /home/vscode/.local/lib/python3.10/site-packages/airflow/example_dags/example_time_delta_sensor_async.py
[2024-09-12T07:04:17.469+0000] {processor.py:826} INFO - Processing file /home/vscode/.local/lib/python3.10/site-packages/airflow/example_dags/example_time_delta_sensor_async.py for tasks to queue
[2024-09-12T07:04:17.469+0000] {logging_mixin.py:150} INFO - [2024-09-12T07:04:17.469+0000] {dagbag.py:541} INFO - Filling up the DagBag from /home/vscode/.local/lib/python3.10/site-packages/airflow/example_dags/example_time_delta_sensor_async.py
[2024-09-12T07:04:17.474+0000] {processor.py:836} INFO - DAG(s) dict_keys(['example_time_delta_sensor_async']) retrieved from /home/vscode/.local/lib/python3.10/site-packages/airflow/example_dags/example_time_delta_sensor_async.py
[2024-09-12T07:04:17.490+0000] {logging_mixin.py:150} INFO - [2024-09-12T07:04:17.490+0000] {dag.py:2742} INFO - Sync 1 DAGs
[2024-09-12T07:04:17.506+0000] {logging_mixin.py:150} INFO - [2024-09-12T07:04:17.506+0000] {dag.py:3504} INFO - Setting next_dagrun for example_time_delta_sensor_async to None, run_after=None
[2024-09-12T07:04:17.544+0000] {processor.py:179} INFO - Processing /home/vscode/.local/lib/python3.10/site-packages/airflow/example_dags/example_time_delta_sensor_async.py took 0.079 seconds
[2024-09-12T07:05:01.758+0000] {processor.py:157} INFO - Started process (PID=17766) to work on /home/vscode/.local/lib/python3.10/site-packages/airflow/example_dags/example_time_delta_sensor_async.py
[2024-09-12T07:05:01.759+0000] {processor.py:826} INFO - Processing file /home/vscode/.local/lib/python3.10/site-packages/airflow/example_dags/example_time_delta_sensor_async.py for tasks to queue
[2024-09-12T07:05:01.759+0000] {logging_mixin.py:150} INFO - [2024-09-12T07:05:01.759+0000] {dagbag.py:541} INFO - Filling up the DagBag from /home/vscode/.local/lib/python3.10/site-packages/airflow/example_dags/example_time_delta_sensor_async.py
[2024-09-12T07:05:01.763+0000] {processor.py:836} INFO - DAG(s) dict_keys(['example_time_delta_sensor_async']) retrieved from /home/vscode/.local/lib/python3.10/site-packages/airflow/example_dags/example_time_delta_sensor_async.py
[2024-09-12T07:05:01.774+0000] {logging_mixin.py:150} INFO - [2024-09-12T07:05:01.774+0000] {dag.py:2742} INFO - Sync 1 DAGs
[2024-09-12T07:05:01.787+0000] {logging_mixin.py:150} INFO - [2024-09-12T07:05:01.787+0000] {dag.py:3504} INFO - Setting next_dagrun for example_time_delta_sensor_async to None, run_after=None
[2024-09-12T07:05:01.818+0000] {processor.py:179} INFO - Processing /home/vscode/.local/lib/python3.10/site-packages/airflow/example_dags/example_time_delta_sensor_async.py took 0.062 seconds
[2024-09-12T07:05:47.164+0000] {processor.py:157} INFO - Started process (PID=18195) to work on /home/vscode/.local/lib/python3.10/site-packages/airflow/example_dags/example_time_delta_sensor_async.py
[2024-09-12T07:05:47.165+0000] {processor.py:826} INFO - Processing file /home/vscode/.local/lib/python3.10/site-packages/airflow/example_dags/example_time_delta_sensor_async.py for tasks to queue
[2024-09-12T07:05:47.166+0000] {logging_mixin.py:150} INFO - [2024-09-12T07:05:47.165+0000] {dagbag.py:541} INFO - Filling up the DagBag from /home/vscode/.local/lib/python3.10/site-packages/airflow/example_dags/example_time_delta_sensor_async.py
[2024-09-12T07:05:47.169+0000] {processor.py:836} INFO - DAG(s) dict_keys(['example_time_delta_sensor_async']) retrieved from /home/vscode/.local/lib/python3.10/site-packages/airflow/example_dags/example_time_delta_sensor_async.py
[2024-09-12T07:05:47.180+0000] {logging_mixin.py:150} INFO - [2024-09-12T07:05:47.180+0000] {dag.py:2742} INFO - Sync 1 DAGs
[2024-09-12T07:05:47.194+0000] {logging_mixin.py:150} INFO - [2024-09-12T07:05:47.194+0000] {dag.py:3504} INFO - Setting next_dagrun for example_time_delta_sensor_async to None, run_after=None
[2024-09-12T07:05:47.225+0000] {processor.py:179} INFO - Processing /home/vscode/.local/lib/python3.10/site-packages/airflow/example_dags/example_time_delta_sensor_async.py took 0.062 seconds
[2024-09-12T07:06:31.444+0000] {processor.py:157} INFO - Started process (PID=18554) to work on /home/vscode/.local/lib/python3.10/site-packages/airflow/example_dags/example_time_delta_sensor_async.py
[2024-09-12T07:06:31.445+0000] {processor.py:826} INFO - Processing file /home/vscode/.local/lib/python3.10/site-packages/airflow/example_dags/example_time_delta_sensor_async.py for tasks to queue
[2024-09-12T07:06:31.445+0000] {logging_mixin.py:150} INFO - [2024-09-12T07:06:31.445+0000] {dagbag.py:541} INFO - Filling up the DagBag from /home/vscode/.local/lib/python3.10/site-packages/airflow/example_dags/example_time_delta_sensor_async.py
[2024-09-12T07:06:31.449+0000] {processor.py:836} INFO - DAG(s) dict_keys(['example_time_delta_sensor_async']) retrieved from /home/vscode/.local/lib/python3.10/site-packages/airflow/example_dags/example_time_delta_sensor_async.py
[2024-09-12T07:06:31.461+0000] {logging_mixin.py:150} INFO - [2024-09-12T07:06:31.461+0000] {dag.py:2742} INFO - Sync 1 DAGs
[2024-09-12T07:06:31.474+0000] {logging_mixin.py:150} INFO - [2024-09-12T07:06:31.474+0000] {dag.py:3504} INFO - Setting next_dagrun for example_time_delta_sensor_async to None, run_after=None
[2024-09-12T07:06:31.508+0000] {processor.py:179} INFO - Processing /home/vscode/.local/lib/python3.10/site-packages/airflow/example_dags/example_time_delta_sensor_async.py took 0.066 seconds
[2024-09-12T07:07:16.254+0000] {processor.py:157} INFO - Started process (PID=18851) to work on /home/vscode/.local/lib/python3.10/site-packages/airflow/example_dags/example_time_delta_sensor_async.py
[2024-09-12T07:07:16.255+0000] {processor.py:826} INFO - Processing file /home/vscode/.local/lib/python3.10/site-packages/airflow/example_dags/example_time_delta_sensor_async.py for tasks to queue
[2024-09-12T07:07:16.255+0000] {logging_mixin.py:150} INFO - [2024-09-12T07:07:16.255+0000] {dagbag.py:541} INFO - Filling up the DagBag from /home/vscode/.local/lib/python3.10/site-packages/airflow/example_dags/example_time_delta_sensor_async.py
[2024-09-12T07:07:16.259+0000] {processor.py:836} INFO - DAG(s) dict_keys(['example_time_delta_sensor_async']) retrieved from /home/vscode/.local/lib/python3.10/site-packages/airflow/example_dags/example_time_delta_sensor_async.py
[2024-09-12T07:07:16.271+0000] {logging_mixin.py:150} INFO - [2024-09-12T07:07:16.271+0000] {dag.py:2742} INFO - Sync 1 DAGs
[2024-09-12T07:07:16.284+0000] {logging_mixin.py:150} INFO - [2024-09-12T07:07:16.284+0000] {dag.py:3504} INFO - Setting next_dagrun for example_time_delta_sensor_async to None, run_after=None
[2024-09-12T07:07:16.323+0000] {processor.py:179} INFO - Processing /home/vscode/.local/lib/python3.10/site-packages/airflow/example_dags/example_time_delta_sensor_async.py took 0.071 seconds
[2024-09-12T07:07:59.410+0000] {processor.py:157} INFO - Started process (PID=19139) to work on /home/vscode/.local/lib/python3.10/site-packages/airflow/example_dags/example_time_delta_sensor_async.py
[2024-09-12T07:07:59.411+0000] {processor.py:826} INFO - Processing file /home/vscode/.local/lib/python3.10/site-packages/airflow/example_dags/example_time_delta_sensor_async.py for tasks to queue
[2024-09-12T07:07:59.411+0000] {logging_mixin.py:150} INFO - [2024-09-12T07:07:59.411+0000] {dagbag.py:541} INFO - Filling up the DagBag from /home/vscode/.local/lib/python3.10/site-packages/airflow/example_dags/example_time_delta_sensor_async.py
[2024-09-12T07:07:59.416+0000] {processor.py:836} INFO - DAG(s) dict_keys(['example_time_delta_sensor_async']) retrieved from /home/vscode/.local/lib/python3.10/site-packages/airflow/example_dags/example_time_delta_sensor_async.py
[2024-09-12T07:07:59.432+0000] {logging_mixin.py:150} INFO - [2024-09-12T07:07:59.432+0000] {dag.py:2742} INFO - Sync 1 DAGs
[2024-09-12T07:07:59.453+0000] {logging_mixin.py:150} INFO - [2024-09-12T07:07:59.452+0000] {dag.py:3504} INFO - Setting next_dagrun for example_time_delta_sensor_async to None, run_after=None
[2024-09-12T07:07:59.492+0000] {processor.py:179} INFO - Processing /home/vscode/.local/lib/python3.10/site-packages/airflow/example_dags/example_time_delta_sensor_async.py took 0.085 seconds
[2024-09-12T07:08:43.376+0000] {processor.py:157} INFO - Started process (PID=19546) to work on /home/vscode/.local/lib/python3.10/site-packages/airflow/example_dags/example_time_delta_sensor_async.py
[2024-09-12T07:08:43.376+0000] {processor.py:826} INFO - Processing file /home/vscode/.local/lib/python3.10/site-packages/airflow/example_dags/example_time_delta_sensor_async.py for tasks to queue
[2024-09-12T07:08:43.377+0000] {logging_mixin.py:150} INFO - [2024-09-12T07:08:43.377+0000] {dagbag.py:541} INFO - Filling up the DagBag from /home/vscode/.local/lib/python3.10/site-packages/airflow/example_dags/example_time_delta_sensor_async.py
[2024-09-12T07:08:43.380+0000] {processor.py:836} INFO - DAG(s) dict_keys(['example_time_delta_sensor_async']) retrieved from /home/vscode/.local/lib/python3.10/site-packages/airflow/example_dags/example_time_delta_sensor_async.py
[2024-09-12T07:08:43.392+0000] {logging_mixin.py:150} INFO - [2024-09-12T07:08:43.392+0000] {dag.py:2742} INFO - Sync 1 DAGs
[2024-09-12T07:08:43.406+0000] {logging_mixin.py:150} INFO - [2024-09-12T07:08:43.406+0000] {dag.py:3504} INFO - Setting next_dagrun for example_time_delta_sensor_async to None, run_after=None
[2024-09-12T07:08:43.437+0000] {processor.py:179} INFO - Processing /home/vscode/.local/lib/python3.10/site-packages/airflow/example_dags/example_time_delta_sensor_async.py took 0.063 seconds
[2024-09-12T07:09:30.376+0000] {processor.py:157} INFO - Started process (PID=19876) to work on /home/vscode/.local/lib/python3.10/site-packages/airflow/example_dags/example_time_delta_sensor_async.py
[2024-09-12T07:09:30.377+0000] {processor.py:826} INFO - Processing file /home/vscode/.local/lib/python3.10/site-packages/airflow/example_dags/example_time_delta_sensor_async.py for tasks to queue
[2024-09-12T07:09:30.377+0000] {logging_mixin.py:150} INFO - [2024-09-12T07:09:30.377+0000] {dagbag.py:541} INFO - Filling up the DagBag from /home/vscode/.local/lib/python3.10/site-packages/airflow/example_dags/example_time_delta_sensor_async.py
[2024-09-12T07:09:30.381+0000] {processor.py:836} INFO - DAG(s) dict_keys(['example_time_delta_sensor_async']) retrieved from /home/vscode/.local/lib/python3.10/site-packages/airflow/example_dags/example_time_delta_sensor_async.py
[2024-09-12T07:09:30.393+0000] {logging_mixin.py:150} INFO - [2024-09-12T07:09:30.392+0000] {dag.py:2742} INFO - Sync 1 DAGs
[2024-09-12T07:09:30.406+0000] {logging_mixin.py:150} INFO - [2024-09-12T07:09:30.406+0000] {dag.py:3504} INFO - Setting next_dagrun for example_time_delta_sensor_async to None, run_after=None
[2024-09-12T07:09:30.449+0000] {processor.py:179} INFO - Processing /home/vscode/.local/lib/python3.10/site-packages/airflow/example_dags/example_time_delta_sensor_async.py took 0.076 seconds
[2024-09-12T07:10:14.442+0000] {processor.py:157} INFO - Started process (PID=20195) to work on /home/vscode/.local/lib/python3.10/site-packages/airflow/example_dags/example_time_delta_sensor_async.py
[2024-09-12T07:10:14.443+0000] {processor.py:826} INFO - Processing file /home/vscode/.local/lib/python3.10/site-packages/airflow/example_dags/example_time_delta_sensor_async.py for tasks to queue
[2024-09-12T07:10:14.443+0000] {logging_mixin.py:150} INFO - [2024-09-12T07:10:14.443+0000] {dagbag.py:541} INFO - Filling up the DagBag from /home/vscode/.local/lib/python3.10/site-packages/airflow/example_dags/example_time_delta_sensor_async.py
[2024-09-12T07:10:14.446+0000] {processor.py:836} INFO - DAG(s) dict_keys(['example_time_delta_sensor_async']) retrieved from /home/vscode/.local/lib/python3.10/site-packages/airflow/example_dags/example_time_delta_sensor_async.py
[2024-09-12T07:10:14.458+0000] {logging_mixin.py:150} INFO - [2024-09-12T07:10:14.458+0000] {dag.py:2742} INFO - Sync 1 DAGs
[2024-09-12T07:10:14.472+0000] {logging_mixin.py:150} INFO - [2024-09-12T07:10:14.472+0000] {dag.py:3504} INFO - Setting next_dagrun for example_time_delta_sensor_async to None, run_after=None
[2024-09-12T07:10:14.520+0000] {processor.py:179} INFO - Processing /home/vscode/.local/lib/python3.10/site-packages/airflow/example_dags/example_time_delta_sensor_async.py took 0.080 seconds
