[2024-09-12T06:39:07.078+0000] {processor.py:157} INFO - Started process (PID=7129) to work on /home/vscode/.local/lib/python3.10/site-packages/airflow/example_dags/example_external_task_marker_dag.py
[2024-09-12T06:39:07.079+0000] {processor.py:826} INFO - Processing file /home/vscode/.local/lib/python3.10/site-packages/airflow/example_dags/example_external_task_marker_dag.py for tasks to queue
[2024-09-12T06:39:07.080+0000] {logging_mixin.py:150} INFO - [2024-09-12T06:39:07.079+0000] {dagbag.py:541} INFO - Filling up the DagBag from /home/vscode/.local/lib/python3.10/site-packages/airflow/example_dags/example_external_task_marker_dag.py
[2024-09-12T06:39:07.084+0000] {processor.py:836} INFO - DAG(s) dict_keys(['example_external_task_marker_child', 'example_external_task_marker_parent']) retrieved from /home/vscode/.local/lib/python3.10/site-packages/airflow/example_dags/example_external_task_marker_dag.py
[2024-09-12T06:39:07.287+0000] {logging_mixin.py:150} INFO - [2024-09-12T06:39:07.287+0000] {manager.py:504} INFO - Created Permission View: can edit on DAG:example_external_task_marker_child
[2024-09-12T06:39:07.323+0000] {logging_mixin.py:150} INFO - [2024-09-12T06:39:07.323+0000] {manager.py:504} INFO - Created Permission View: can read on DAG:example_external_task_marker_child
[2024-09-12T06:39:07.345+0000] {logging_mixin.py:150} INFO - [2024-09-12T06:39:07.345+0000] {manager.py:504} INFO - Created Permission View: can delete on DAG:example_external_task_marker_child
[2024-09-12T06:39:07.410+0000] {logging_mixin.py:150} INFO - [2024-09-12T06:39:07.410+0000] {manager.py:504} INFO - Created Permission View: can edit on DAG:example_external_task_marker_parent
[2024-09-12T06:39:07.433+0000] {logging_mixin.py:150} INFO - [2024-09-12T06:39:07.433+0000] {manager.py:504} INFO - Created Permission View: can read on DAG:example_external_task_marker_parent
[2024-09-12T06:39:07.456+0000] {logging_mixin.py:150} INFO - [2024-09-12T06:39:07.456+0000] {manager.py:504} INFO - Created Permission View: can delete on DAG:example_external_task_marker_parent
[2024-09-12T06:39:07.459+0000] {logging_mixin.py:150} INFO - [2024-09-12T06:39:07.459+0000] {dag.py:2742} INFO - Sync 2 DAGs
[2024-09-12T06:39:07.466+0000] {logging_mixin.py:150} INFO - [2024-09-12T06:39:07.466+0000] {dag.py:2763} INFO - Creating ORM DAG for example_external_task_marker_parent
[2024-09-12T06:39:07.466+0000] {logging_mixin.py:150} INFO - [2024-09-12T06:39:07.466+0000] {dag.py:2763} INFO - Creating ORM DAG for example_external_task_marker_child
[2024-09-12T06:39:07.472+0000] {logging_mixin.py:150} INFO - [2024-09-12T06:39:07.472+0000] {dag.py:3504} INFO - Setting next_dagrun for example_external_task_marker_child to None, run_after=None
[2024-09-12T06:39:07.472+0000] {logging_mixin.py:150} INFO - [2024-09-12T06:39:07.472+0000] {dag.py:3504} INFO - Setting next_dagrun for example_external_task_marker_parent to None, run_after=None
[2024-09-12T06:39:07.520+0000] {processor.py:179} INFO - Processing /home/vscode/.local/lib/python3.10/site-packages/airflow/example_dags/example_external_task_marker_dag.py took 0.445 seconds
[2024-09-12T06:39:38.101+0000] {processor.py:157} INFO - Started process (PID=7437) to work on /home/vscode/.local/lib/python3.10/site-packages/airflow/example_dags/example_external_task_marker_dag.py
[2024-09-12T06:39:38.102+0000] {processor.py:826} INFO - Processing file /home/vscode/.local/lib/python3.10/site-packages/airflow/example_dags/example_external_task_marker_dag.py for tasks to queue
[2024-09-12T06:39:38.103+0000] {logging_mixin.py:150} INFO - [2024-09-12T06:39:38.102+0000] {dagbag.py:541} INFO - Filling up the DagBag from /home/vscode/.local/lib/python3.10/site-packages/airflow/example_dags/example_external_task_marker_dag.py
[2024-09-12T06:39:38.110+0000] {processor.py:836} INFO - DAG(s) dict_keys(['example_external_task_marker_parent', 'example_external_task_marker_child']) retrieved from /home/vscode/.local/lib/python3.10/site-packages/airflow/example_dags/example_external_task_marker_dag.py
[2024-09-12T06:39:38.129+0000] {logging_mixin.py:150} INFO - [2024-09-12T06:39:38.129+0000] {dag.py:2742} INFO - Sync 2 DAGs
[2024-09-12T06:39:38.231+0000] {logging_mixin.py:150} INFO - [2024-09-12T06:39:38.231+0000] {dag.py:3504} INFO - Setting next_dagrun for example_external_task_marker_child to None, run_after=None
[2024-09-12T06:39:38.233+0000] {logging_mixin.py:150} INFO - [2024-09-12T06:39:38.233+0000] {dag.py:3504} INFO - Setting next_dagrun for example_external_task_marker_parent to None, run_after=None
[2024-09-12T06:39:38.266+0000] {processor.py:179} INFO - Processing /home/vscode/.local/lib/python3.10/site-packages/airflow/example_dags/example_external_task_marker_dag.py took 0.168 seconds
[2024-09-12T06:40:32.954+0000] {processor.py:157} INFO - Started process (PID=7797) to work on /home/vscode/.local/lib/python3.10/site-packages/airflow/example_dags/example_external_task_marker_dag.py
[2024-09-12T06:40:32.955+0000] {processor.py:826} INFO - Processing file /home/vscode/.local/lib/python3.10/site-packages/airflow/example_dags/example_external_task_marker_dag.py for tasks to queue
[2024-09-12T06:40:32.956+0000] {logging_mixin.py:150} INFO - [2024-09-12T06:40:32.955+0000] {dagbag.py:541} INFO - Filling up the DagBag from /home/vscode/.local/lib/python3.10/site-packages/airflow/example_dags/example_external_task_marker_dag.py
[2024-09-12T06:40:32.960+0000] {processor.py:836} INFO - DAG(s) dict_keys(['example_external_task_marker_parent', 'example_external_task_marker_child']) retrieved from /home/vscode/.local/lib/python3.10/site-packages/airflow/example_dags/example_external_task_marker_dag.py
[2024-09-12T06:40:32.974+0000] {logging_mixin.py:150} INFO - [2024-09-12T06:40:32.973+0000] {dag.py:2742} INFO - Sync 2 DAGs
[2024-09-12T06:40:32.987+0000] {logging_mixin.py:150} INFO - [2024-09-12T06:40:32.987+0000] {dag.py:3504} INFO - Setting next_dagrun for example_external_task_marker_child to None, run_after=None
[2024-09-12T06:40:32.989+0000] {logging_mixin.py:150} INFO - [2024-09-12T06:40:32.989+0000] {dag.py:3504} INFO - Setting next_dagrun for example_external_task_marker_parent to None, run_after=None
[2024-09-12T06:40:33.025+0000] {processor.py:179} INFO - Processing /home/vscode/.local/lib/python3.10/site-packages/airflow/example_dags/example_external_task_marker_dag.py took 0.073 seconds
[2024-09-12T06:41:17.568+0000] {processor.py:157} INFO - Started process (PID=8094) to work on /home/vscode/.local/lib/python3.10/site-packages/airflow/example_dags/example_external_task_marker_dag.py
[2024-09-12T06:41:17.569+0000] {processor.py:826} INFO - Processing file /home/vscode/.local/lib/python3.10/site-packages/airflow/example_dags/example_external_task_marker_dag.py for tasks to queue
[2024-09-12T06:41:17.570+0000] {logging_mixin.py:150} INFO - [2024-09-12T06:41:17.569+0000] {dagbag.py:541} INFO - Filling up the DagBag from /home/vscode/.local/lib/python3.10/site-packages/airflow/example_dags/example_external_task_marker_dag.py
[2024-09-12T06:41:17.574+0000] {processor.py:836} INFO - DAG(s) dict_keys(['example_external_task_marker_child', 'example_external_task_marker_parent']) retrieved from /home/vscode/.local/lib/python3.10/site-packages/airflow/example_dags/example_external_task_marker_dag.py
[2024-09-12T06:41:17.589+0000] {logging_mixin.py:150} INFO - [2024-09-12T06:41:17.588+0000] {dag.py:2742} INFO - Sync 2 DAGs
[2024-09-12T06:41:17.603+0000] {logging_mixin.py:150} INFO - [2024-09-12T06:41:17.603+0000] {dag.py:3504} INFO - Setting next_dagrun for example_external_task_marker_child to None, run_after=None
[2024-09-12T06:41:17.605+0000] {logging_mixin.py:150} INFO - [2024-09-12T06:41:17.605+0000] {dag.py:3504} INFO - Setting next_dagrun for example_external_task_marker_parent to None, run_after=None
[2024-09-12T06:41:17.638+0000] {processor.py:179} INFO - Processing /home/vscode/.local/lib/python3.10/site-packages/airflow/example_dags/example_external_task_marker_dag.py took 0.072 seconds
[2024-09-12T06:41:59.538+0000] {processor.py:157} INFO - Started process (PID=8373) to work on /home/vscode/.local/lib/python3.10/site-packages/airflow/example_dags/example_external_task_marker_dag.py
[2024-09-12T06:41:59.539+0000] {processor.py:826} INFO - Processing file /home/vscode/.local/lib/python3.10/site-packages/airflow/example_dags/example_external_task_marker_dag.py for tasks to queue
[2024-09-12T06:41:59.539+0000] {logging_mixin.py:150} INFO - [2024-09-12T06:41:59.539+0000] {dagbag.py:541} INFO - Filling up the DagBag from /home/vscode/.local/lib/python3.10/site-packages/airflow/example_dags/example_external_task_marker_dag.py
[2024-09-12T06:41:59.544+0000] {processor.py:836} INFO - DAG(s) dict_keys(['example_external_task_marker_child', 'example_external_task_marker_parent']) retrieved from /home/vscode/.local/lib/python3.10/site-packages/airflow/example_dags/example_external_task_marker_dag.py
[2024-09-12T06:41:59.557+0000] {logging_mixin.py:150} INFO - [2024-09-12T06:41:59.557+0000] {dag.py:2742} INFO - Sync 2 DAGs
[2024-09-12T06:41:59.571+0000] {logging_mixin.py:150} INFO - [2024-09-12T06:41:59.571+0000] {dag.py:3504} INFO - Setting next_dagrun for example_external_task_marker_child to None, run_after=None
[2024-09-12T06:41:59.573+0000] {logging_mixin.py:150} INFO - [2024-09-12T06:41:59.573+0000] {dag.py:3504} INFO - Setting next_dagrun for example_external_task_marker_parent to None, run_after=None
[2024-09-12T06:41:59.613+0000] {processor.py:179} INFO - Processing /home/vscode/.local/lib/python3.10/site-packages/airflow/example_dags/example_external_task_marker_dag.py took 0.077 seconds
[2024-09-12T06:42:45.829+0000] {processor.py:157} INFO - Started process (PID=8687) to work on /home/vscode/.local/lib/python3.10/site-packages/airflow/example_dags/example_external_task_marker_dag.py
[2024-09-12T06:42:45.830+0000] {processor.py:826} INFO - Processing file /home/vscode/.local/lib/python3.10/site-packages/airflow/example_dags/example_external_task_marker_dag.py for tasks to queue
[2024-09-12T06:42:45.830+0000] {logging_mixin.py:150} INFO - [2024-09-12T06:42:45.830+0000] {dagbag.py:541} INFO - Filling up the DagBag from /home/vscode/.local/lib/python3.10/site-packages/airflow/example_dags/example_external_task_marker_dag.py
[2024-09-12T06:42:45.835+0000] {processor.py:836} INFO - DAG(s) dict_keys(['example_external_task_marker_child', 'example_external_task_marker_parent']) retrieved from /home/vscode/.local/lib/python3.10/site-packages/airflow/example_dags/example_external_task_marker_dag.py
[2024-09-12T06:42:45.848+0000] {logging_mixin.py:150} INFO - [2024-09-12T06:42:45.848+0000] {dag.py:2742} INFO - Sync 2 DAGs
[2024-09-12T06:42:45.861+0000] {logging_mixin.py:150} INFO - [2024-09-12T06:42:45.861+0000] {dag.py:3504} INFO - Setting next_dagrun for example_external_task_marker_child to None, run_after=None
[2024-09-12T06:42:45.863+0000] {logging_mixin.py:150} INFO - [2024-09-12T06:42:45.863+0000] {dag.py:3504} INFO - Setting next_dagrun for example_external_task_marker_parent to None, run_after=None
[2024-09-12T06:42:45.896+0000] {processor.py:179} INFO - Processing /home/vscode/.local/lib/python3.10/site-packages/airflow/example_dags/example_external_task_marker_dag.py took 0.069 seconds
[2024-09-12T06:43:30.439+0000] {processor.py:157} INFO - Started process (PID=8987) to work on /home/vscode/.local/lib/python3.10/site-packages/airflow/example_dags/example_external_task_marker_dag.py
[2024-09-12T06:43:30.439+0000] {processor.py:826} INFO - Processing file /home/vscode/.local/lib/python3.10/site-packages/airflow/example_dags/example_external_task_marker_dag.py for tasks to queue
[2024-09-12T06:43:30.440+0000] {logging_mixin.py:150} INFO - [2024-09-12T06:43:30.440+0000] {dagbag.py:541} INFO - Filling up the DagBag from /home/vscode/.local/lib/python3.10/site-packages/airflow/example_dags/example_external_task_marker_dag.py
[2024-09-12T06:43:30.444+0000] {processor.py:836} INFO - DAG(s) dict_keys(['example_external_task_marker_parent', 'example_external_task_marker_child']) retrieved from /home/vscode/.local/lib/python3.10/site-packages/airflow/example_dags/example_external_task_marker_dag.py
[2024-09-12T06:43:30.458+0000] {logging_mixin.py:150} INFO - [2024-09-12T06:43:30.457+0000] {dag.py:2742} INFO - Sync 2 DAGs
[2024-09-12T06:43:30.471+0000] {logging_mixin.py:150} INFO - [2024-09-12T06:43:30.471+0000] {dag.py:3504} INFO - Setting next_dagrun for example_external_task_marker_child to None, run_after=None
[2024-09-12T06:43:30.473+0000] {logging_mixin.py:150} INFO - [2024-09-12T06:43:30.473+0000] {dag.py:3504} INFO - Setting next_dagrun for example_external_task_marker_parent to None, run_after=None
[2024-09-12T06:43:30.504+0000] {processor.py:179} INFO - Processing /home/vscode/.local/lib/python3.10/site-packages/airflow/example_dags/example_external_task_marker_dag.py took 0.067 seconds
[2024-09-12T06:44:11.982+0000] {processor.py:157} INFO - Started process (PID=9269) to work on /home/vscode/.local/lib/python3.10/site-packages/airflow/example_dags/example_external_task_marker_dag.py
[2024-09-12T06:44:11.983+0000] {processor.py:826} INFO - Processing file /home/vscode/.local/lib/python3.10/site-packages/airflow/example_dags/example_external_task_marker_dag.py for tasks to queue
[2024-09-12T06:44:11.984+0000] {logging_mixin.py:150} INFO - [2024-09-12T06:44:11.983+0000] {dagbag.py:541} INFO - Filling up the DagBag from /home/vscode/.local/lib/python3.10/site-packages/airflow/example_dags/example_external_task_marker_dag.py
[2024-09-12T06:44:11.988+0000] {processor.py:836} INFO - DAG(s) dict_keys(['example_external_task_marker_child', 'example_external_task_marker_parent']) retrieved from /home/vscode/.local/lib/python3.10/site-packages/airflow/example_dags/example_external_task_marker_dag.py
[2024-09-12T06:44:12.001+0000] {logging_mixin.py:150} INFO - [2024-09-12T06:44:12.001+0000] {dag.py:2742} INFO - Sync 2 DAGs
[2024-09-12T06:44:12.015+0000] {logging_mixin.py:150} INFO - [2024-09-12T06:44:12.014+0000] {dag.py:3504} INFO - Setting next_dagrun for example_external_task_marker_child to None, run_after=None
[2024-09-12T06:44:12.017+0000] {logging_mixin.py:150} INFO - [2024-09-12T06:44:12.017+0000] {dag.py:3504} INFO - Setting next_dagrun for example_external_task_marker_parent to None, run_after=None
[2024-09-12T06:44:12.064+0000] {processor.py:179} INFO - Processing /home/vscode/.local/lib/python3.10/site-packages/airflow/example_dags/example_external_task_marker_dag.py took 0.083 seconds
[2024-09-12T06:44:54.827+0000] {processor.py:157} INFO - Started process (PID=9557) to work on /home/vscode/.local/lib/python3.10/site-packages/airflow/example_dags/example_external_task_marker_dag.py
[2024-09-12T06:44:54.828+0000] {processor.py:826} INFO - Processing file /home/vscode/.local/lib/python3.10/site-packages/airflow/example_dags/example_external_task_marker_dag.py for tasks to queue
[2024-09-12T06:44:54.829+0000] {logging_mixin.py:150} INFO - [2024-09-12T06:44:54.828+0000] {dagbag.py:541} INFO - Filling up the DagBag from /home/vscode/.local/lib/python3.10/site-packages/airflow/example_dags/example_external_task_marker_dag.py
[2024-09-12T06:44:54.833+0000] {processor.py:836} INFO - DAG(s) dict_keys(['example_external_task_marker_parent', 'example_external_task_marker_child']) retrieved from /home/vscode/.local/lib/python3.10/site-packages/airflow/example_dags/example_external_task_marker_dag.py
[2024-09-12T06:44:54.847+0000] {logging_mixin.py:150} INFO - [2024-09-12T06:44:54.847+0000] {dag.py:2742} INFO - Sync 2 DAGs
[2024-09-12T06:44:54.860+0000] {logging_mixin.py:150} INFO - [2024-09-12T06:44:54.860+0000] {dag.py:3504} INFO - Setting next_dagrun for example_external_task_marker_child to None, run_after=None
[2024-09-12T06:44:54.863+0000] {logging_mixin.py:150} INFO - [2024-09-12T06:44:54.862+0000] {dag.py:3504} INFO - Setting next_dagrun for example_external_task_marker_parent to None, run_after=None
[2024-09-12T06:44:54.895+0000] {processor.py:179} INFO - Processing /home/vscode/.local/lib/python3.10/site-packages/airflow/example_dags/example_external_task_marker_dag.py took 0.070 seconds
[2024-09-12T06:45:40.133+0000] {processor.py:157} INFO - Started process (PID=9859) to work on /home/vscode/.local/lib/python3.10/site-packages/airflow/example_dags/example_external_task_marker_dag.py
[2024-09-12T06:45:40.134+0000] {processor.py:826} INFO - Processing file /home/vscode/.local/lib/python3.10/site-packages/airflow/example_dags/example_external_task_marker_dag.py for tasks to queue
[2024-09-12T06:45:40.135+0000] {logging_mixin.py:150} INFO - [2024-09-12T06:45:40.135+0000] {dagbag.py:541} INFO - Filling up the DagBag from /home/vscode/.local/lib/python3.10/site-packages/airflow/example_dags/example_external_task_marker_dag.py
[2024-09-12T06:45:40.141+0000] {processor.py:836} INFO - DAG(s) dict_keys(['example_external_task_marker_child', 'example_external_task_marker_parent']) retrieved from /home/vscode/.local/lib/python3.10/site-packages/airflow/example_dags/example_external_task_marker_dag.py
[2024-09-12T06:45:40.158+0000] {logging_mixin.py:150} INFO - [2024-09-12T06:45:40.158+0000] {dag.py:2742} INFO - Sync 2 DAGs
[2024-09-12T06:45:40.172+0000] {logging_mixin.py:150} INFO - [2024-09-12T06:45:40.172+0000] {dag.py:3504} INFO - Setting next_dagrun for example_external_task_marker_child to None, run_after=None
[2024-09-12T06:45:40.174+0000] {logging_mixin.py:150} INFO - [2024-09-12T06:45:40.174+0000] {dag.py:3504} INFO - Setting next_dagrun for example_external_task_marker_parent to None, run_after=None
[2024-09-12T06:45:40.202+0000] {processor.py:179} INFO - Processing /home/vscode/.local/lib/python3.10/site-packages/airflow/example_dags/example_external_task_marker_dag.py took 0.072 seconds
[2024-09-12T06:46:24.761+0000] {processor.py:157} INFO - Started process (PID=10160) to work on /home/vscode/.local/lib/python3.10/site-packages/airflow/example_dags/example_external_task_marker_dag.py
[2024-09-12T06:46:24.762+0000] {processor.py:826} INFO - Processing file /home/vscode/.local/lib/python3.10/site-packages/airflow/example_dags/example_external_task_marker_dag.py for tasks to queue
[2024-09-12T06:46:24.762+0000] {logging_mixin.py:150} INFO - [2024-09-12T06:46:24.762+0000] {dagbag.py:541} INFO - Filling up the DagBag from /home/vscode/.local/lib/python3.10/site-packages/airflow/example_dags/example_external_task_marker_dag.py
[2024-09-12T06:46:24.767+0000] {processor.py:836} INFO - DAG(s) dict_keys(['example_external_task_marker_child', 'example_external_task_marker_parent']) retrieved from /home/vscode/.local/lib/python3.10/site-packages/airflow/example_dags/example_external_task_marker_dag.py
[2024-09-12T06:46:24.780+0000] {logging_mixin.py:150} INFO - [2024-09-12T06:46:24.780+0000] {dag.py:2742} INFO - Sync 2 DAGs
[2024-09-12T06:46:24.794+0000] {logging_mixin.py:150} INFO - [2024-09-12T06:46:24.794+0000] {dag.py:3504} INFO - Setting next_dagrun for example_external_task_marker_child to None, run_after=None
[2024-09-12T06:46:24.796+0000] {logging_mixin.py:150} INFO - [2024-09-12T06:46:24.796+0000] {dag.py:3504} INFO - Setting next_dagrun for example_external_task_marker_parent to None, run_after=None
[2024-09-12T06:46:24.828+0000] {processor.py:179} INFO - Processing /home/vscode/.local/lib/python3.10/site-packages/airflow/example_dags/example_external_task_marker_dag.py took 0.069 seconds
[2024-09-12T06:47:08.269+0000] {processor.py:157} INFO - Started process (PID=10455) to work on /home/vscode/.local/lib/python3.10/site-packages/airflow/example_dags/example_external_task_marker_dag.py
[2024-09-12T06:47:08.270+0000] {processor.py:826} INFO - Processing file /home/vscode/.local/lib/python3.10/site-packages/airflow/example_dags/example_external_task_marker_dag.py for tasks to queue
[2024-09-12T06:47:08.271+0000] {logging_mixin.py:150} INFO - [2024-09-12T06:47:08.270+0000] {dagbag.py:541} INFO - Filling up the DagBag from /home/vscode/.local/lib/python3.10/site-packages/airflow/example_dags/example_external_task_marker_dag.py
[2024-09-12T06:47:08.275+0000] {processor.py:836} INFO - DAG(s) dict_keys(['example_external_task_marker_parent', 'example_external_task_marker_child']) retrieved from /home/vscode/.local/lib/python3.10/site-packages/airflow/example_dags/example_external_task_marker_dag.py
[2024-09-12T06:47:08.296+0000] {logging_mixin.py:150} INFO - [2024-09-12T06:47:08.296+0000] {dag.py:2742} INFO - Sync 2 DAGs
[2024-09-12T06:47:08.319+0000] {logging_mixin.py:150} INFO - [2024-09-12T06:47:08.319+0000] {dag.py:3504} INFO - Setting next_dagrun for example_external_task_marker_child to None, run_after=None
[2024-09-12T06:47:08.322+0000] {logging_mixin.py:150} INFO - [2024-09-12T06:47:08.322+0000] {dag.py:3504} INFO - Setting next_dagrun for example_external_task_marker_parent to None, run_after=None
[2024-09-12T06:47:08.356+0000] {processor.py:179} INFO - Processing /home/vscode/.local/lib/python3.10/site-packages/airflow/example_dags/example_external_task_marker_dag.py took 0.089 seconds
[2024-09-12T06:47:54.718+0000] {processor.py:157} INFO - Started process (PID=10761) to work on /home/vscode/.local/lib/python3.10/site-packages/airflow/example_dags/example_external_task_marker_dag.py
[2024-09-12T06:47:54.718+0000] {processor.py:826} INFO - Processing file /home/vscode/.local/lib/python3.10/site-packages/airflow/example_dags/example_external_task_marker_dag.py for tasks to queue
[2024-09-12T06:47:54.719+0000] {logging_mixin.py:150} INFO - [2024-09-12T06:47:54.719+0000] {dagbag.py:541} INFO - Filling up the DagBag from /home/vscode/.local/lib/python3.10/site-packages/airflow/example_dags/example_external_task_marker_dag.py
[2024-09-12T06:47:54.723+0000] {processor.py:836} INFO - DAG(s) dict_keys(['example_external_task_marker_child', 'example_external_task_marker_parent']) retrieved from /home/vscode/.local/lib/python3.10/site-packages/airflow/example_dags/example_external_task_marker_dag.py
[2024-09-12T06:47:54.737+0000] {logging_mixin.py:150} INFO - [2024-09-12T06:47:54.737+0000] {dag.py:2742} INFO - Sync 2 DAGs
[2024-09-12T06:47:54.750+0000] {logging_mixin.py:150} INFO - [2024-09-12T06:47:54.750+0000] {dag.py:3504} INFO - Setting next_dagrun for example_external_task_marker_child to None, run_after=None
[2024-09-12T06:47:54.753+0000] {logging_mixin.py:150} INFO - [2024-09-12T06:47:54.753+0000] {dag.py:3504} INFO - Setting next_dagrun for example_external_task_marker_parent to None, run_after=None
[2024-09-12T06:47:54.796+0000] {processor.py:179} INFO - Processing /home/vscode/.local/lib/python3.10/site-packages/airflow/example_dags/example_external_task_marker_dag.py took 0.080 seconds
[2024-09-12T06:48:37.573+0000] {processor.py:157} INFO - Started process (PID=11049) to work on /home/vscode/.local/lib/python3.10/site-packages/airflow/example_dags/example_external_task_marker_dag.py
[2024-09-12T06:48:37.574+0000] {processor.py:826} INFO - Processing file /home/vscode/.local/lib/python3.10/site-packages/airflow/example_dags/example_external_task_marker_dag.py for tasks to queue
[2024-09-12T06:48:37.574+0000] {logging_mixin.py:150} INFO - [2024-09-12T06:48:37.574+0000] {dagbag.py:541} INFO - Filling up the DagBag from /home/vscode/.local/lib/python3.10/site-packages/airflow/example_dags/example_external_task_marker_dag.py
[2024-09-12T06:48:37.579+0000] {processor.py:836} INFO - DAG(s) dict_keys(['example_external_task_marker_child', 'example_external_task_marker_parent']) retrieved from /home/vscode/.local/lib/python3.10/site-packages/airflow/example_dags/example_external_task_marker_dag.py
[2024-09-12T06:48:37.592+0000] {logging_mixin.py:150} INFO - [2024-09-12T06:48:37.592+0000] {dag.py:2742} INFO - Sync 2 DAGs
[2024-09-12T06:48:37.605+0000] {logging_mixin.py:150} INFO - [2024-09-12T06:48:37.605+0000] {dag.py:3504} INFO - Setting next_dagrun for example_external_task_marker_child to None, run_after=None
[2024-09-12T06:48:37.607+0000] {logging_mixin.py:150} INFO - [2024-09-12T06:48:37.607+0000] {dag.py:3504} INFO - Setting next_dagrun for example_external_task_marker_parent to None, run_after=None
[2024-09-12T06:48:37.635+0000] {processor.py:179} INFO - Processing /home/vscode/.local/lib/python3.10/site-packages/airflow/example_dags/example_external_task_marker_dag.py took 0.064 seconds
[2024-09-12T06:49:22.166+0000] {processor.py:157} INFO - Started process (PID=11344) to work on /home/vscode/.local/lib/python3.10/site-packages/airflow/example_dags/example_external_task_marker_dag.py
[2024-09-12T06:49:22.166+0000] {processor.py:826} INFO - Processing file /home/vscode/.local/lib/python3.10/site-packages/airflow/example_dags/example_external_task_marker_dag.py for tasks to queue
[2024-09-12T06:49:22.167+0000] {logging_mixin.py:150} INFO - [2024-09-12T06:49:22.167+0000] {dagbag.py:541} INFO - Filling up the DagBag from /home/vscode/.local/lib/python3.10/site-packages/airflow/example_dags/example_external_task_marker_dag.py
[2024-09-12T06:49:22.173+0000] {processor.py:836} INFO - DAG(s) dict_keys(['example_external_task_marker_parent', 'example_external_task_marker_child']) retrieved from /home/vscode/.local/lib/python3.10/site-packages/airflow/example_dags/example_external_task_marker_dag.py
[2024-09-12T06:49:22.192+0000] {logging_mixin.py:150} INFO - [2024-09-12T06:49:22.192+0000] {dag.py:2742} INFO - Sync 2 DAGs
[2024-09-12T06:49:22.214+0000] {logging_mixin.py:150} INFO - [2024-09-12T06:49:22.214+0000] {dag.py:3504} INFO - Setting next_dagrun for example_external_task_marker_child to None, run_after=None
[2024-09-12T06:49:22.217+0000] {logging_mixin.py:150} INFO - [2024-09-12T06:49:22.217+0000] {dag.py:3504} INFO - Setting next_dagrun for example_external_task_marker_parent to None, run_after=None
[2024-09-12T06:49:22.256+0000] {processor.py:179} INFO - Processing /home/vscode/.local/lib/python3.10/site-packages/airflow/example_dags/example_external_task_marker_dag.py took 0.093 seconds
[2024-09-12T06:50:03.047+0000] {processor.py:157} INFO - Started process (PID=11627) to work on /home/vscode/.local/lib/python3.10/site-packages/airflow/example_dags/example_external_task_marker_dag.py
[2024-09-12T06:50:03.048+0000] {processor.py:826} INFO - Processing file /home/vscode/.local/lib/python3.10/site-packages/airflow/example_dags/example_external_task_marker_dag.py for tasks to queue
[2024-09-12T06:50:03.049+0000] {logging_mixin.py:150} INFO - [2024-09-12T06:50:03.048+0000] {dagbag.py:541} INFO - Filling up the DagBag from /home/vscode/.local/lib/python3.10/site-packages/airflow/example_dags/example_external_task_marker_dag.py
[2024-09-12T06:50:03.053+0000] {processor.py:836} INFO - DAG(s) dict_keys(['example_external_task_marker_parent', 'example_external_task_marker_child']) retrieved from /home/vscode/.local/lib/python3.10/site-packages/airflow/example_dags/example_external_task_marker_dag.py
[2024-09-12T06:50:03.066+0000] {logging_mixin.py:150} INFO - [2024-09-12T06:50:03.066+0000] {dag.py:2742} INFO - Sync 2 DAGs
[2024-09-12T06:50:03.080+0000] {logging_mixin.py:150} INFO - [2024-09-12T06:50:03.079+0000] {dag.py:3504} INFO - Setting next_dagrun for example_external_task_marker_child to None, run_after=None
[2024-09-12T06:50:03.082+0000] {logging_mixin.py:150} INFO - [2024-09-12T06:50:03.081+0000] {dag.py:3504} INFO - Setting next_dagrun for example_external_task_marker_parent to None, run_after=None
[2024-09-12T06:50:03.130+0000] {processor.py:179} INFO - Processing /home/vscode/.local/lib/python3.10/site-packages/airflow/example_dags/example_external_task_marker_dag.py took 0.085 seconds
[2024-09-12T06:50:46.028+0000] {processor.py:157} INFO - Started process (PID=11922) to work on /home/vscode/.local/lib/python3.10/site-packages/airflow/example_dags/example_external_task_marker_dag.py
[2024-09-12T06:50:46.029+0000] {processor.py:826} INFO - Processing file /home/vscode/.local/lib/python3.10/site-packages/airflow/example_dags/example_external_task_marker_dag.py for tasks to queue
[2024-09-12T06:50:46.029+0000] {logging_mixin.py:150} INFO - [2024-09-12T06:50:46.029+0000] {dagbag.py:541} INFO - Filling up the DagBag from /home/vscode/.local/lib/python3.10/site-packages/airflow/example_dags/example_external_task_marker_dag.py
[2024-09-12T06:50:46.033+0000] {processor.py:836} INFO - DAG(s) dict_keys(['example_external_task_marker_child', 'example_external_task_marker_parent']) retrieved from /home/vscode/.local/lib/python3.10/site-packages/airflow/example_dags/example_external_task_marker_dag.py
[2024-09-12T06:50:46.047+0000] {logging_mixin.py:150} INFO - [2024-09-12T06:50:46.047+0000] {dag.py:2742} INFO - Sync 2 DAGs
[2024-09-12T06:50:46.061+0000] {logging_mixin.py:150} INFO - [2024-09-12T06:50:46.061+0000] {dag.py:3504} INFO - Setting next_dagrun for example_external_task_marker_child to None, run_after=None
[2024-09-12T06:50:46.063+0000] {logging_mixin.py:150} INFO - [2024-09-12T06:50:46.063+0000] {dag.py:3504} INFO - Setting next_dagrun for example_external_task_marker_parent to None, run_after=None
[2024-09-12T06:50:46.092+0000] {processor.py:179} INFO - Processing /home/vscode/.local/lib/python3.10/site-packages/airflow/example_dags/example_external_task_marker_dag.py took 0.066 seconds
[2024-09-12T06:51:32.688+0000] {processor.py:157} INFO - Started process (PID=12237) to work on /home/vscode/.local/lib/python3.10/site-packages/airflow/example_dags/example_external_task_marker_dag.py
[2024-09-12T06:51:32.688+0000] {processor.py:826} INFO - Processing file /home/vscode/.local/lib/python3.10/site-packages/airflow/example_dags/example_external_task_marker_dag.py for tasks to queue
[2024-09-12T06:51:32.689+0000] {logging_mixin.py:150} INFO - [2024-09-12T06:51:32.689+0000] {dagbag.py:541} INFO - Filling up the DagBag from /home/vscode/.local/lib/python3.10/site-packages/airflow/example_dags/example_external_task_marker_dag.py
[2024-09-12T06:51:32.693+0000] {processor.py:836} INFO - DAG(s) dict_keys(['example_external_task_marker_parent', 'example_external_task_marker_child']) retrieved from /home/vscode/.local/lib/python3.10/site-packages/airflow/example_dags/example_external_task_marker_dag.py
[2024-09-12T06:51:32.707+0000] {logging_mixin.py:150} INFO - [2024-09-12T06:51:32.706+0000] {dag.py:2742} INFO - Sync 2 DAGs
[2024-09-12T06:51:32.720+0000] {logging_mixin.py:150} INFO - [2024-09-12T06:51:32.720+0000] {dag.py:3504} INFO - Setting next_dagrun for example_external_task_marker_child to None, run_after=None
[2024-09-12T06:51:32.723+0000] {logging_mixin.py:150} INFO - [2024-09-12T06:51:32.723+0000] {dag.py:3504} INFO - Setting next_dagrun for example_external_task_marker_parent to None, run_after=None
[2024-09-12T06:51:32.755+0000] {processor.py:179} INFO - Processing /home/vscode/.local/lib/python3.10/site-packages/airflow/example_dags/example_external_task_marker_dag.py took 0.070 seconds
[2024-09-12T06:52:20.305+0000] {processor.py:157} INFO - Started process (PID=12548) to work on /home/vscode/.local/lib/python3.10/site-packages/airflow/example_dags/example_external_task_marker_dag.py
[2024-09-12T06:52:20.306+0000] {processor.py:826} INFO - Processing file /home/vscode/.local/lib/python3.10/site-packages/airflow/example_dags/example_external_task_marker_dag.py for tasks to queue
[2024-09-12T06:52:20.306+0000] {logging_mixin.py:150} INFO - [2024-09-12T06:52:20.306+0000] {dagbag.py:541} INFO - Filling up the DagBag from /home/vscode/.local/lib/python3.10/site-packages/airflow/example_dags/example_external_task_marker_dag.py
[2024-09-12T06:52:20.311+0000] {processor.py:836} INFO - DAG(s) dict_keys(['example_external_task_marker_parent', 'example_external_task_marker_child']) retrieved from /home/vscode/.local/lib/python3.10/site-packages/airflow/example_dags/example_external_task_marker_dag.py
[2024-09-12T06:52:20.324+0000] {logging_mixin.py:150} INFO - [2024-09-12T06:52:20.324+0000] {dag.py:2742} INFO - Sync 2 DAGs
[2024-09-12T06:52:20.343+0000] {logging_mixin.py:150} INFO - [2024-09-12T06:52:20.343+0000] {dag.py:3504} INFO - Setting next_dagrun for example_external_task_marker_child to None, run_after=None
[2024-09-12T06:52:20.346+0000] {logging_mixin.py:150} INFO - [2024-09-12T06:52:20.346+0000] {dag.py:3504} INFO - Setting next_dagrun for example_external_task_marker_parent to None, run_after=None
[2024-09-12T06:52:20.396+0000] {processor.py:179} INFO - Processing /home/vscode/.local/lib/python3.10/site-packages/airflow/example_dags/example_external_task_marker_dag.py took 0.093 seconds
[2024-09-12T06:53:07.825+0000] {processor.py:157} INFO - Started process (PID=12873) to work on /home/vscode/.local/lib/python3.10/site-packages/airflow/example_dags/example_external_task_marker_dag.py
[2024-09-12T06:53:07.826+0000] {processor.py:826} INFO - Processing file /home/vscode/.local/lib/python3.10/site-packages/airflow/example_dags/example_external_task_marker_dag.py for tasks to queue
[2024-09-12T06:53:07.826+0000] {logging_mixin.py:150} INFO - [2024-09-12T06:53:07.826+0000] {dagbag.py:541} INFO - Filling up the DagBag from /home/vscode/.local/lib/python3.10/site-packages/airflow/example_dags/example_external_task_marker_dag.py
[2024-09-12T06:53:07.830+0000] {processor.py:836} INFO - DAG(s) dict_keys(['example_external_task_marker_parent', 'example_external_task_marker_child']) retrieved from /home/vscode/.local/lib/python3.10/site-packages/airflow/example_dags/example_external_task_marker_dag.py
[2024-09-12T06:53:07.844+0000] {logging_mixin.py:150} INFO - [2024-09-12T06:53:07.844+0000] {dag.py:2742} INFO - Sync 2 DAGs
[2024-09-12T06:53:07.858+0000] {logging_mixin.py:150} INFO - [2024-09-12T06:53:07.858+0000] {dag.py:3504} INFO - Setting next_dagrun for example_external_task_marker_child to None, run_after=None
[2024-09-12T06:53:07.860+0000] {logging_mixin.py:150} INFO - [2024-09-12T06:53:07.860+0000] {dag.py:3504} INFO - Setting next_dagrun for example_external_task_marker_parent to None, run_after=None
[2024-09-12T06:53:07.901+0000] {processor.py:179} INFO - Processing /home/vscode/.local/lib/python3.10/site-packages/airflow/example_dags/example_external_task_marker_dag.py took 0.078 seconds
[2024-09-12T06:53:50.821+0000] {processor.py:157} INFO - Started process (PID=13163) to work on /home/vscode/.local/lib/python3.10/site-packages/airflow/example_dags/example_external_task_marker_dag.py
[2024-09-12T06:53:50.822+0000] {processor.py:826} INFO - Processing file /home/vscode/.local/lib/python3.10/site-packages/airflow/example_dags/example_external_task_marker_dag.py for tasks to queue
[2024-09-12T06:53:50.822+0000] {logging_mixin.py:150} INFO - [2024-09-12T06:53:50.822+0000] {dagbag.py:541} INFO - Filling up the DagBag from /home/vscode/.local/lib/python3.10/site-packages/airflow/example_dags/example_external_task_marker_dag.py
[2024-09-12T06:53:50.827+0000] {processor.py:836} INFO - DAG(s) dict_keys(['example_external_task_marker_child', 'example_external_task_marker_parent']) retrieved from /home/vscode/.local/lib/python3.10/site-packages/airflow/example_dags/example_external_task_marker_dag.py
[2024-09-12T06:53:50.840+0000] {logging_mixin.py:150} INFO - [2024-09-12T06:53:50.840+0000] {dag.py:2742} INFO - Sync 2 DAGs
[2024-09-12T06:53:50.854+0000] {logging_mixin.py:150} INFO - [2024-09-12T06:53:50.854+0000] {dag.py:3504} INFO - Setting next_dagrun for example_external_task_marker_child to None, run_after=None
[2024-09-12T06:53:50.856+0000] {logging_mixin.py:150} INFO - [2024-09-12T06:53:50.856+0000] {dag.py:3504} INFO - Setting next_dagrun for example_external_task_marker_parent to None, run_after=None
[2024-09-12T06:53:50.897+0000] {processor.py:179} INFO - Processing /home/vscode/.local/lib/python3.10/site-packages/airflow/example_dags/example_external_task_marker_dag.py took 0.079 seconds
[2024-09-12T06:54:35.631+0000] {processor.py:157} INFO - Started process (PID=13468) to work on /home/vscode/.local/lib/python3.10/site-packages/airflow/example_dags/example_external_task_marker_dag.py
[2024-09-12T06:54:35.632+0000] {processor.py:826} INFO - Processing file /home/vscode/.local/lib/python3.10/site-packages/airflow/example_dags/example_external_task_marker_dag.py for tasks to queue
[2024-09-12T06:54:35.633+0000] {logging_mixin.py:150} INFO - [2024-09-12T06:54:35.632+0000] {dagbag.py:541} INFO - Filling up the DagBag from /home/vscode/.local/lib/python3.10/site-packages/airflow/example_dags/example_external_task_marker_dag.py
[2024-09-12T06:54:35.637+0000] {processor.py:836} INFO - DAG(s) dict_keys(['example_external_task_marker_child', 'example_external_task_marker_parent']) retrieved from /home/vscode/.local/lib/python3.10/site-packages/airflow/example_dags/example_external_task_marker_dag.py
[2024-09-12T06:54:35.651+0000] {logging_mixin.py:150} INFO - [2024-09-12T06:54:35.651+0000] {dag.py:2742} INFO - Sync 2 DAGs
[2024-09-12T06:54:35.665+0000] {logging_mixin.py:150} INFO - [2024-09-12T06:54:35.665+0000] {dag.py:3504} INFO - Setting next_dagrun for example_external_task_marker_child to None, run_after=None
[2024-09-12T06:54:35.667+0000] {logging_mixin.py:150} INFO - [2024-09-12T06:54:35.667+0000] {dag.py:3504} INFO - Setting next_dagrun for example_external_task_marker_parent to None, run_after=None
[2024-09-12T06:54:35.696+0000] {processor.py:179} INFO - Processing /home/vscode/.local/lib/python3.10/site-packages/airflow/example_dags/example_external_task_marker_dag.py took 0.069 seconds
[2024-09-12T06:55:23.291+0000] {processor.py:157} INFO - Started process (PID=13783) to work on /home/vscode/.local/lib/python3.10/site-packages/airflow/example_dags/example_external_task_marker_dag.py
[2024-09-12T06:55:23.292+0000] {processor.py:826} INFO - Processing file /home/vscode/.local/lib/python3.10/site-packages/airflow/example_dags/example_external_task_marker_dag.py for tasks to queue
[2024-09-12T06:55:23.293+0000] {logging_mixin.py:150} INFO - [2024-09-12T06:55:23.292+0000] {dagbag.py:541} INFO - Filling up the DagBag from /home/vscode/.local/lib/python3.10/site-packages/airflow/example_dags/example_external_task_marker_dag.py
[2024-09-12T06:55:23.297+0000] {processor.py:836} INFO - DAG(s) dict_keys(['example_external_task_marker_child', 'example_external_task_marker_parent']) retrieved from /home/vscode/.local/lib/python3.10/site-packages/airflow/example_dags/example_external_task_marker_dag.py
[2024-09-12T06:55:23.311+0000] {logging_mixin.py:150} INFO - [2024-09-12T06:55:23.311+0000] {dag.py:2742} INFO - Sync 2 DAGs
[2024-09-12T06:55:23.324+0000] {logging_mixin.py:150} INFO - [2024-09-12T06:55:23.324+0000] {dag.py:3504} INFO - Setting next_dagrun for example_external_task_marker_child to None, run_after=None
[2024-09-12T06:55:23.326+0000] {logging_mixin.py:150} INFO - [2024-09-12T06:55:23.326+0000] {dag.py:3504} INFO - Setting next_dagrun for example_external_task_marker_parent to None, run_after=None
[2024-09-12T06:55:23.359+0000] {processor.py:179} INFO - Processing /home/vscode/.local/lib/python3.10/site-packages/airflow/example_dags/example_external_task_marker_dag.py took 0.070 seconds
[2024-09-12T06:56:09.621+0000] {processor.py:157} INFO - Started process (PID=14098) to work on /home/vscode/.local/lib/python3.10/site-packages/airflow/example_dags/example_external_task_marker_dag.py
[2024-09-12T06:56:09.621+0000] {processor.py:826} INFO - Processing file /home/vscode/.local/lib/python3.10/site-packages/airflow/example_dags/example_external_task_marker_dag.py for tasks to queue
[2024-09-12T06:56:09.622+0000] {logging_mixin.py:150} INFO - [2024-09-12T06:56:09.622+0000] {dagbag.py:541} INFO - Filling up the DagBag from /home/vscode/.local/lib/python3.10/site-packages/airflow/example_dags/example_external_task_marker_dag.py
[2024-09-12T06:56:09.626+0000] {processor.py:836} INFO - DAG(s) dict_keys(['example_external_task_marker_child', 'example_external_task_marker_parent']) retrieved from /home/vscode/.local/lib/python3.10/site-packages/airflow/example_dags/example_external_task_marker_dag.py
[2024-09-12T06:56:09.639+0000] {logging_mixin.py:150} INFO - [2024-09-12T06:56:09.639+0000] {dag.py:2742} INFO - Sync 2 DAGs
[2024-09-12T06:56:09.653+0000] {logging_mixin.py:150} INFO - [2024-09-12T06:56:09.653+0000] {dag.py:3504} INFO - Setting next_dagrun for example_external_task_marker_child to None, run_after=None
[2024-09-12T06:56:09.655+0000] {logging_mixin.py:150} INFO - [2024-09-12T06:56:09.655+0000] {dag.py:3504} INFO - Setting next_dagrun for example_external_task_marker_parent to None, run_after=None
[2024-09-12T06:56:09.705+0000] {processor.py:179} INFO - Processing /home/vscode/.local/lib/python3.10/site-packages/airflow/example_dags/example_external_task_marker_dag.py took 0.087 seconds
[2024-09-12T06:56:57.129+0000] {processor.py:157} INFO - Started process (PID=14413) to work on /home/vscode/.local/lib/python3.10/site-packages/airflow/example_dags/example_external_task_marker_dag.py
[2024-09-12T06:56:57.129+0000] {processor.py:826} INFO - Processing file /home/vscode/.local/lib/python3.10/site-packages/airflow/example_dags/example_external_task_marker_dag.py for tasks to queue
[2024-09-12T06:56:57.130+0000] {logging_mixin.py:150} INFO - [2024-09-12T06:56:57.130+0000] {dagbag.py:541} INFO - Filling up the DagBag from /home/vscode/.local/lib/python3.10/site-packages/airflow/example_dags/example_external_task_marker_dag.py
[2024-09-12T06:56:57.134+0000] {processor.py:836} INFO - DAG(s) dict_keys(['example_external_task_marker_child', 'example_external_task_marker_parent']) retrieved from /home/vscode/.local/lib/python3.10/site-packages/airflow/example_dags/example_external_task_marker_dag.py
[2024-09-12T06:56:57.147+0000] {logging_mixin.py:150} INFO - [2024-09-12T06:56:57.147+0000] {dag.py:2742} INFO - Sync 2 DAGs
[2024-09-12T06:56:57.163+0000] {logging_mixin.py:150} INFO - [2024-09-12T06:56:57.162+0000] {dag.py:3504} INFO - Setting next_dagrun for example_external_task_marker_child to None, run_after=None
[2024-09-12T06:56:57.168+0000] {logging_mixin.py:150} INFO - [2024-09-12T06:56:57.168+0000] {dag.py:3504} INFO - Setting next_dagrun for example_external_task_marker_parent to None, run_after=None
[2024-09-12T06:56:57.212+0000] {processor.py:179} INFO - Processing /home/vscode/.local/lib/python3.10/site-packages/airflow/example_dags/example_external_task_marker_dag.py took 0.086 seconds
[2024-09-12T06:57:41.909+0000] {processor.py:157} INFO - Started process (PID=14716) to work on /home/vscode/.local/lib/python3.10/site-packages/airflow/example_dags/example_external_task_marker_dag.py
[2024-09-12T06:57:41.909+0000] {processor.py:826} INFO - Processing file /home/vscode/.local/lib/python3.10/site-packages/airflow/example_dags/example_external_task_marker_dag.py for tasks to queue
[2024-09-12T06:57:41.910+0000] {logging_mixin.py:150} INFO - [2024-09-12T06:57:41.910+0000] {dagbag.py:541} INFO - Filling up the DagBag from /home/vscode/.local/lib/python3.10/site-packages/airflow/example_dags/example_external_task_marker_dag.py
[2024-09-12T06:57:41.914+0000] {processor.py:836} INFO - DAG(s) dict_keys(['example_external_task_marker_child', 'example_external_task_marker_parent']) retrieved from /home/vscode/.local/lib/python3.10/site-packages/airflow/example_dags/example_external_task_marker_dag.py
[2024-09-12T06:57:41.928+0000] {logging_mixin.py:150} INFO - [2024-09-12T06:57:41.927+0000] {dag.py:2742} INFO - Sync 2 DAGs
[2024-09-12T06:57:41.941+0000] {logging_mixin.py:150} INFO - [2024-09-12T06:57:41.941+0000] {dag.py:3504} INFO - Setting next_dagrun for example_external_task_marker_child to None, run_after=None
[2024-09-12T06:57:41.943+0000] {logging_mixin.py:150} INFO - [2024-09-12T06:57:41.943+0000] {dag.py:3504} INFO - Setting next_dagrun for example_external_task_marker_parent to None, run_after=None
[2024-09-12T06:57:41.978+0000] {processor.py:179} INFO - Processing /home/vscode/.local/lib/python3.10/site-packages/airflow/example_dags/example_external_task_marker_dag.py took 0.071 seconds
[2024-09-12T06:58:24.921+0000] {processor.py:157} INFO - Started process (PID=15005) to work on /home/vscode/.local/lib/python3.10/site-packages/airflow/example_dags/example_external_task_marker_dag.py
[2024-09-12T06:58:24.922+0000] {processor.py:826} INFO - Processing file /home/vscode/.local/lib/python3.10/site-packages/airflow/example_dags/example_external_task_marker_dag.py for tasks to queue
[2024-09-12T06:58:24.922+0000] {logging_mixin.py:150} INFO - [2024-09-12T06:58:24.922+0000] {dagbag.py:541} INFO - Filling up the DagBag from /home/vscode/.local/lib/python3.10/site-packages/airflow/example_dags/example_external_task_marker_dag.py
[2024-09-12T06:58:24.927+0000] {processor.py:836} INFO - DAG(s) dict_keys(['example_external_task_marker_child', 'example_external_task_marker_parent']) retrieved from /home/vscode/.local/lib/python3.10/site-packages/airflow/example_dags/example_external_task_marker_dag.py
[2024-09-12T06:58:24.940+0000] {logging_mixin.py:150} INFO - [2024-09-12T06:58:24.940+0000] {dag.py:2742} INFO - Sync 2 DAGs
[2024-09-12T06:58:24.953+0000] {logging_mixin.py:150} INFO - [2024-09-12T06:58:24.953+0000] {dag.py:3504} INFO - Setting next_dagrun for example_external_task_marker_child to None, run_after=None
[2024-09-12T06:58:24.955+0000] {logging_mixin.py:150} INFO - [2024-09-12T06:58:24.955+0000] {dag.py:3504} INFO - Setting next_dagrun for example_external_task_marker_parent to None, run_after=None
[2024-09-12T06:58:24.996+0000] {processor.py:179} INFO - Processing /home/vscode/.local/lib/python3.10/site-packages/airflow/example_dags/example_external_task_marker_dag.py took 0.077 seconds
[2024-09-12T06:59:07.312+0000] {processor.py:157} INFO - Started process (PID=15285) to work on /home/vscode/.local/lib/python3.10/site-packages/airflow/example_dags/example_external_task_marker_dag.py
[2024-09-12T06:59:07.313+0000] {processor.py:826} INFO - Processing file /home/vscode/.local/lib/python3.10/site-packages/airflow/example_dags/example_external_task_marker_dag.py for tasks to queue
[2024-09-12T06:59:07.313+0000] {logging_mixin.py:150} INFO - [2024-09-12T06:59:07.313+0000] {dagbag.py:541} INFO - Filling up the DagBag from /home/vscode/.local/lib/python3.10/site-packages/airflow/example_dags/example_external_task_marker_dag.py
[2024-09-12T06:59:07.320+0000] {processor.py:836} INFO - DAG(s) dict_keys(['example_external_task_marker_child', 'example_external_task_marker_parent']) retrieved from /home/vscode/.local/lib/python3.10/site-packages/airflow/example_dags/example_external_task_marker_dag.py
[2024-09-12T06:59:07.339+0000] {logging_mixin.py:150} INFO - [2024-09-12T06:59:07.339+0000] {dag.py:2742} INFO - Sync 2 DAGs
[2024-09-12T06:59:07.362+0000] {logging_mixin.py:150} INFO - [2024-09-12T06:59:07.362+0000] {dag.py:3504} INFO - Setting next_dagrun for example_external_task_marker_child to None, run_after=None
[2024-09-12T06:59:07.365+0000] {logging_mixin.py:150} INFO - [2024-09-12T06:59:07.365+0000] {dag.py:3504} INFO - Setting next_dagrun for example_external_task_marker_parent to None, run_after=None
[2024-09-12T06:59:07.398+0000] {processor.py:179} INFO - Processing /home/vscode/.local/lib/python3.10/site-packages/airflow/example_dags/example_external_task_marker_dag.py took 0.089 seconds
[2024-09-12T06:59:50.821+0000] {processor.py:157} INFO - Started process (PID=15578) to work on /home/vscode/.local/lib/python3.10/site-packages/airflow/example_dags/example_external_task_marker_dag.py
[2024-09-12T06:59:50.822+0000] {processor.py:826} INFO - Processing file /home/vscode/.local/lib/python3.10/site-packages/airflow/example_dags/example_external_task_marker_dag.py for tasks to queue
[2024-09-12T06:59:50.823+0000] {logging_mixin.py:150} INFO - [2024-09-12T06:59:50.822+0000] {dagbag.py:541} INFO - Filling up the DagBag from /home/vscode/.local/lib/python3.10/site-packages/airflow/example_dags/example_external_task_marker_dag.py
[2024-09-12T06:59:50.827+0000] {processor.py:836} INFO - DAG(s) dict_keys(['example_external_task_marker_parent', 'example_external_task_marker_child']) retrieved from /home/vscode/.local/lib/python3.10/site-packages/airflow/example_dags/example_external_task_marker_dag.py
[2024-09-12T06:59:50.840+0000] {logging_mixin.py:150} INFO - [2024-09-12T06:59:50.840+0000] {dag.py:2742} INFO - Sync 2 DAGs
[2024-09-12T06:59:50.854+0000] {logging_mixin.py:150} INFO - [2024-09-12T06:59:50.854+0000] {dag.py:3504} INFO - Setting next_dagrun for example_external_task_marker_child to None, run_after=None
[2024-09-12T06:59:50.856+0000] {logging_mixin.py:150} INFO - [2024-09-12T06:59:50.856+0000] {dag.py:3504} INFO - Setting next_dagrun for example_external_task_marker_parent to None, run_after=None
[2024-09-12T06:59:50.896+0000] {processor.py:179} INFO - Processing /home/vscode/.local/lib/python3.10/site-packages/airflow/example_dags/example_external_task_marker_dag.py took 0.077 seconds
[2024-09-12T07:00:38.283+0000] {processor.py:157} INFO - Started process (PID=15903) to work on /home/vscode/.local/lib/python3.10/site-packages/airflow/example_dags/example_external_task_marker_dag.py
[2024-09-12T07:00:38.284+0000] {processor.py:826} INFO - Processing file /home/vscode/.local/lib/python3.10/site-packages/airflow/example_dags/example_external_task_marker_dag.py for tasks to queue
[2024-09-12T07:00:38.284+0000] {logging_mixin.py:150} INFO - [2024-09-12T07:00:38.284+0000] {dagbag.py:541} INFO - Filling up the DagBag from /home/vscode/.local/lib/python3.10/site-packages/airflow/example_dags/example_external_task_marker_dag.py
[2024-09-12T07:00:38.289+0000] {processor.py:836} INFO - DAG(s) dict_keys(['example_external_task_marker_parent', 'example_external_task_marker_child']) retrieved from /home/vscode/.local/lib/python3.10/site-packages/airflow/example_dags/example_external_task_marker_dag.py
[2024-09-12T07:00:38.303+0000] {logging_mixin.py:150} INFO - [2024-09-12T07:00:38.303+0000] {dag.py:2742} INFO - Sync 2 DAGs
[2024-09-12T07:00:38.316+0000] {logging_mixin.py:150} INFO - [2024-09-12T07:00:38.316+0000] {dag.py:3504} INFO - Setting next_dagrun for example_external_task_marker_child to None, run_after=None
[2024-09-12T07:00:38.318+0000] {logging_mixin.py:150} INFO - [2024-09-12T07:00:38.318+0000] {dag.py:3504} INFO - Setting next_dagrun for example_external_task_marker_parent to None, run_after=None
[2024-09-12T07:00:38.351+0000] {processor.py:179} INFO - Processing /home/vscode/.local/lib/python3.10/site-packages/airflow/example_dags/example_external_task_marker_dag.py took 0.070 seconds
[2024-09-12T07:01:23.874+0000] {processor.py:157} INFO - Started process (PID=16210) to work on /home/vscode/.local/lib/python3.10/site-packages/airflow/example_dags/example_external_task_marker_dag.py
[2024-09-12T07:01:23.874+0000] {processor.py:826} INFO - Processing file /home/vscode/.local/lib/python3.10/site-packages/airflow/example_dags/example_external_task_marker_dag.py for tasks to queue
[2024-09-12T07:01:23.875+0000] {logging_mixin.py:150} INFO - [2024-09-12T07:01:23.875+0000] {dagbag.py:541} INFO - Filling up the DagBag from /home/vscode/.local/lib/python3.10/site-packages/airflow/example_dags/example_external_task_marker_dag.py
[2024-09-12T07:01:23.879+0000] {processor.py:836} INFO - DAG(s) dict_keys(['example_external_task_marker_parent', 'example_external_task_marker_child']) retrieved from /home/vscode/.local/lib/python3.10/site-packages/airflow/example_dags/example_external_task_marker_dag.py
[2024-09-12T07:01:23.892+0000] {logging_mixin.py:150} INFO - [2024-09-12T07:01:23.892+0000] {dag.py:2742} INFO - Sync 2 DAGs
[2024-09-12T07:01:23.906+0000] {logging_mixin.py:150} INFO - [2024-09-12T07:01:23.905+0000] {dag.py:3504} INFO - Setting next_dagrun for example_external_task_marker_child to None, run_after=None
[2024-09-12T07:01:23.908+0000] {logging_mixin.py:150} INFO - [2024-09-12T07:01:23.908+0000] {dag.py:3504} INFO - Setting next_dagrun for example_external_task_marker_parent to None, run_after=None
[2024-09-12T07:01:23.941+0000] {processor.py:179} INFO - Processing /home/vscode/.local/lib/python3.10/site-packages/airflow/example_dags/example_external_task_marker_dag.py took 0.069 seconds
[2024-09-12T07:02:03.712+0000] {processor.py:157} INFO - Started process (PID=16483) to work on /home/vscode/.local/lib/python3.10/site-packages/airflow/example_dags/example_external_task_marker_dag.py
[2024-09-12T07:02:03.713+0000] {processor.py:826} INFO - Processing file /home/vscode/.local/lib/python3.10/site-packages/airflow/example_dags/example_external_task_marker_dag.py for tasks to queue
[2024-09-12T07:02:03.714+0000] {logging_mixin.py:150} INFO - [2024-09-12T07:02:03.713+0000] {dagbag.py:541} INFO - Filling up the DagBag from /home/vscode/.local/lib/python3.10/site-packages/airflow/example_dags/example_external_task_marker_dag.py
[2024-09-12T07:02:03.720+0000] {processor.py:836} INFO - DAG(s) dict_keys(['example_external_task_marker_parent', 'example_external_task_marker_child']) retrieved from /home/vscode/.local/lib/python3.10/site-packages/airflow/example_dags/example_external_task_marker_dag.py
[2024-09-12T07:02:03.734+0000] {logging_mixin.py:150} INFO - [2024-09-12T07:02:03.734+0000] {dag.py:2742} INFO - Sync 2 DAGs
[2024-09-12T07:02:03.747+0000] {logging_mixin.py:150} INFO - [2024-09-12T07:02:03.747+0000] {dag.py:3504} INFO - Setting next_dagrun for example_external_task_marker_child to None, run_after=None
[2024-09-12T07:02:03.749+0000] {logging_mixin.py:150} INFO - [2024-09-12T07:02:03.749+0000] {dag.py:3504} INFO - Setting next_dagrun for example_external_task_marker_parent to None, run_after=None
[2024-09-12T07:02:03.786+0000] {processor.py:179} INFO - Processing /home/vscode/.local/lib/python3.10/site-packages/airflow/example_dags/example_external_task_marker_dag.py took 0.077 seconds
[2024-09-12T07:02:54.134+0000] {processor.py:157} INFO - Started process (PID=16813) to work on /home/vscode/.local/lib/python3.10/site-packages/airflow/example_dags/example_external_task_marker_dag.py
[2024-09-12T07:02:54.134+0000] {processor.py:826} INFO - Processing file /home/vscode/.local/lib/python3.10/site-packages/airflow/example_dags/example_external_task_marker_dag.py for tasks to queue
[2024-09-12T07:02:54.135+0000] {logging_mixin.py:150} INFO - [2024-09-12T07:02:54.135+0000] {dagbag.py:541} INFO - Filling up the DagBag from /home/vscode/.local/lib/python3.10/site-packages/airflow/example_dags/example_external_task_marker_dag.py
[2024-09-12T07:02:54.140+0000] {processor.py:836} INFO - DAG(s) dict_keys(['example_external_task_marker_parent', 'example_external_task_marker_child']) retrieved from /home/vscode/.local/lib/python3.10/site-packages/airflow/example_dags/example_external_task_marker_dag.py
[2024-09-12T07:02:54.153+0000] {logging_mixin.py:150} INFO - [2024-09-12T07:02:54.153+0000] {dag.py:2742} INFO - Sync 2 DAGs
[2024-09-12T07:02:54.167+0000] {logging_mixin.py:150} INFO - [2024-09-12T07:02:54.167+0000] {dag.py:3504} INFO - Setting next_dagrun for example_external_task_marker_child to None, run_after=None
[2024-09-12T07:02:54.169+0000] {logging_mixin.py:150} INFO - [2024-09-12T07:02:54.169+0000] {dag.py:3504} INFO - Setting next_dagrun for example_external_task_marker_parent to None, run_after=None
[2024-09-12T07:02:54.208+0000] {processor.py:179} INFO - Processing /home/vscode/.local/lib/python3.10/site-packages/airflow/example_dags/example_external_task_marker_dag.py took 0.076 seconds
[2024-09-12T07:03:44.078+0000] {processor.py:157} INFO - Started process (PID=17184) to work on /home/vscode/.local/lib/python3.10/site-packages/airflow/example_dags/example_external_task_marker_dag.py
[2024-09-12T07:03:44.078+0000] {processor.py:826} INFO - Processing file /home/vscode/.local/lib/python3.10/site-packages/airflow/example_dags/example_external_task_marker_dag.py for tasks to queue
[2024-09-12T07:03:44.079+0000] {logging_mixin.py:150} INFO - [2024-09-12T07:03:44.079+0000] {dagbag.py:541} INFO - Filling up the DagBag from /home/vscode/.local/lib/python3.10/site-packages/airflow/example_dags/example_external_task_marker_dag.py
[2024-09-12T07:03:44.083+0000] {processor.py:836} INFO - DAG(s) dict_keys(['example_external_task_marker_parent', 'example_external_task_marker_child']) retrieved from /home/vscode/.local/lib/python3.10/site-packages/airflow/example_dags/example_external_task_marker_dag.py
[2024-09-12T07:03:44.097+0000] {logging_mixin.py:150} INFO - [2024-09-12T07:03:44.097+0000] {dag.py:2742} INFO - Sync 2 DAGs
[2024-09-12T07:03:44.110+0000] {logging_mixin.py:150} INFO - [2024-09-12T07:03:44.110+0000] {dag.py:3504} INFO - Setting next_dagrun for example_external_task_marker_child to None, run_after=None
[2024-09-12T07:03:44.112+0000] {logging_mixin.py:150} INFO - [2024-09-12T07:03:44.112+0000] {dag.py:3504} INFO - Setting next_dagrun for example_external_task_marker_parent to None, run_after=None
[2024-09-12T07:03:44.148+0000] {processor.py:179} INFO - Processing /home/vscode/.local/lib/python3.10/site-packages/airflow/example_dags/example_external_task_marker_dag.py took 0.072 seconds
[2024-09-12T07:04:31.464+0000] {processor.py:157} INFO - Started process (PID=17559) to work on /home/vscode/.local/lib/python3.10/site-packages/airflow/example_dags/example_external_task_marker_dag.py
[2024-09-12T07:04:31.465+0000] {processor.py:826} INFO - Processing file /home/vscode/.local/lib/python3.10/site-packages/airflow/example_dags/example_external_task_marker_dag.py for tasks to queue
[2024-09-12T07:04:31.465+0000] {logging_mixin.py:150} INFO - [2024-09-12T07:04:31.465+0000] {dagbag.py:541} INFO - Filling up the DagBag from /home/vscode/.local/lib/python3.10/site-packages/airflow/example_dags/example_external_task_marker_dag.py
[2024-09-12T07:04:31.470+0000] {processor.py:836} INFO - DAG(s) dict_keys(['example_external_task_marker_parent', 'example_external_task_marker_child']) retrieved from /home/vscode/.local/lib/python3.10/site-packages/airflow/example_dags/example_external_task_marker_dag.py
[2024-09-12T07:04:31.483+0000] {logging_mixin.py:150} INFO - [2024-09-12T07:04:31.483+0000] {dag.py:2742} INFO - Sync 2 DAGs
[2024-09-12T07:04:31.497+0000] {logging_mixin.py:150} INFO - [2024-09-12T07:04:31.497+0000] {dag.py:3504} INFO - Setting next_dagrun for example_external_task_marker_child to None, run_after=None
[2024-09-12T07:04:31.499+0000] {logging_mixin.py:150} INFO - [2024-09-12T07:04:31.499+0000] {dag.py:3504} INFO - Setting next_dagrun for example_external_task_marker_parent to None, run_after=None
[2024-09-12T07:04:31.533+0000] {processor.py:179} INFO - Processing /home/vscode/.local/lib/python3.10/site-packages/airflow/example_dags/example_external_task_marker_dag.py took 0.071 seconds
[2024-09-12T07:05:16.894+0000] {processor.py:157} INFO - Started process (PID=17946) to work on /home/vscode/.local/lib/python3.10/site-packages/airflow/example_dags/example_external_task_marker_dag.py
[2024-09-12T07:05:16.895+0000] {processor.py:826} INFO - Processing file /home/vscode/.local/lib/python3.10/site-packages/airflow/example_dags/example_external_task_marker_dag.py for tasks to queue
[2024-09-12T07:05:16.896+0000] {logging_mixin.py:150} INFO - [2024-09-12T07:05:16.895+0000] {dagbag.py:541} INFO - Filling up the DagBag from /home/vscode/.local/lib/python3.10/site-packages/airflow/example_dags/example_external_task_marker_dag.py
[2024-09-12T07:05:16.900+0000] {processor.py:836} INFO - DAG(s) dict_keys(['example_external_task_marker_parent', 'example_external_task_marker_child']) retrieved from /home/vscode/.local/lib/python3.10/site-packages/airflow/example_dags/example_external_task_marker_dag.py
[2024-09-12T07:05:16.914+0000] {logging_mixin.py:150} INFO - [2024-09-12T07:05:16.914+0000] {dag.py:2742} INFO - Sync 2 DAGs
[2024-09-12T07:05:16.927+0000] {logging_mixin.py:150} INFO - [2024-09-12T07:05:16.927+0000] {dag.py:3504} INFO - Setting next_dagrun for example_external_task_marker_child to None, run_after=None
[2024-09-12T07:05:16.929+0000] {logging_mixin.py:150} INFO - [2024-09-12T07:05:16.929+0000] {dag.py:3504} INFO - Setting next_dagrun for example_external_task_marker_parent to None, run_after=None
[2024-09-12T07:05:16.961+0000] {processor.py:179} INFO - Processing /home/vscode/.local/lib/python3.10/site-packages/airflow/example_dags/example_external_task_marker_dag.py took 0.069 seconds
[2024-09-12T07:06:00.472+0000] {processor.py:157} INFO - Started process (PID=18307) to work on /home/vscode/.local/lib/python3.10/site-packages/airflow/example_dags/example_external_task_marker_dag.py
[2024-09-12T07:06:00.473+0000] {processor.py:826} INFO - Processing file /home/vscode/.local/lib/python3.10/site-packages/airflow/example_dags/example_external_task_marker_dag.py for tasks to queue
[2024-09-12T07:06:00.474+0000] {logging_mixin.py:150} INFO - [2024-09-12T07:06:00.473+0000] {dagbag.py:541} INFO - Filling up the DagBag from /home/vscode/.local/lib/python3.10/site-packages/airflow/example_dags/example_external_task_marker_dag.py
[2024-09-12T07:06:00.478+0000] {processor.py:836} INFO - DAG(s) dict_keys(['example_external_task_marker_child', 'example_external_task_marker_parent']) retrieved from /home/vscode/.local/lib/python3.10/site-packages/airflow/example_dags/example_external_task_marker_dag.py
[2024-09-12T07:06:00.491+0000] {logging_mixin.py:150} INFO - [2024-09-12T07:06:00.491+0000] {dag.py:2742} INFO - Sync 2 DAGs
[2024-09-12T07:06:00.505+0000] {logging_mixin.py:150} INFO - [2024-09-12T07:06:00.505+0000] {dag.py:3504} INFO - Setting next_dagrun for example_external_task_marker_child to None, run_after=None
[2024-09-12T07:06:00.507+0000] {logging_mixin.py:150} INFO - [2024-09-12T07:06:00.507+0000] {dag.py:3504} INFO - Setting next_dagrun for example_external_task_marker_parent to None, run_after=None
[2024-09-12T07:06:00.538+0000] {processor.py:179} INFO - Processing /home/vscode/.local/lib/python3.10/site-packages/airflow/example_dags/example_external_task_marker_dag.py took 0.068 seconds
[2024-09-12T07:06:47.052+0000] {processor.py:157} INFO - Started process (PID=18656) to work on /home/vscode/.local/lib/python3.10/site-packages/airflow/example_dags/example_external_task_marker_dag.py
[2024-09-12T07:06:47.052+0000] {processor.py:826} INFO - Processing file /home/vscode/.local/lib/python3.10/site-packages/airflow/example_dags/example_external_task_marker_dag.py for tasks to queue
[2024-09-12T07:06:47.053+0000] {logging_mixin.py:150} INFO - [2024-09-12T07:06:47.053+0000] {dagbag.py:541} INFO - Filling up the DagBag from /home/vscode/.local/lib/python3.10/site-packages/airflow/example_dags/example_external_task_marker_dag.py
[2024-09-12T07:06:47.058+0000] {processor.py:836} INFO - DAG(s) dict_keys(['example_external_task_marker_child', 'example_external_task_marker_parent']) retrieved from /home/vscode/.local/lib/python3.10/site-packages/airflow/example_dags/example_external_task_marker_dag.py
[2024-09-12T07:06:47.072+0000] {logging_mixin.py:150} INFO - [2024-09-12T07:06:47.072+0000] {dag.py:2742} INFO - Sync 2 DAGs
[2024-09-12T07:06:47.088+0000] {logging_mixin.py:150} INFO - [2024-09-12T07:06:47.088+0000] {dag.py:3504} INFO - Setting next_dagrun for example_external_task_marker_child to None, run_after=None
[2024-09-12T07:06:47.091+0000] {logging_mixin.py:150} INFO - [2024-09-12T07:06:47.090+0000] {dag.py:3504} INFO - Setting next_dagrun for example_external_task_marker_parent to None, run_after=None
[2024-09-12T07:06:47.133+0000] {processor.py:179} INFO - Processing /home/vscode/.local/lib/python3.10/site-packages/airflow/example_dags/example_external_task_marker_dag.py took 0.085 seconds
[2024-09-12T07:07:32.224+0000] {processor.py:157} INFO - Started process (PID=18963) to work on /home/vscode/.local/lib/python3.10/site-packages/airflow/example_dags/example_external_task_marker_dag.py
[2024-09-12T07:07:32.225+0000] {processor.py:826} INFO - Processing file /home/vscode/.local/lib/python3.10/site-packages/airflow/example_dags/example_external_task_marker_dag.py for tasks to queue
[2024-09-12T07:07:32.226+0000] {logging_mixin.py:150} INFO - [2024-09-12T07:07:32.225+0000] {dagbag.py:541} INFO - Filling up the DagBag from /home/vscode/.local/lib/python3.10/site-packages/airflow/example_dags/example_external_task_marker_dag.py
[2024-09-12T07:07:32.230+0000] {processor.py:836} INFO - DAG(s) dict_keys(['example_external_task_marker_parent', 'example_external_task_marker_child']) retrieved from /home/vscode/.local/lib/python3.10/site-packages/airflow/example_dags/example_external_task_marker_dag.py
[2024-09-12T07:07:32.245+0000] {logging_mixin.py:150} INFO - [2024-09-12T07:07:32.245+0000] {dag.py:2742} INFO - Sync 2 DAGs
[2024-09-12T07:07:32.259+0000] {logging_mixin.py:150} INFO - [2024-09-12T07:07:32.259+0000] {dag.py:3504} INFO - Setting next_dagrun for example_external_task_marker_child to None, run_after=None
[2024-09-12T07:07:32.261+0000] {logging_mixin.py:150} INFO - [2024-09-12T07:07:32.261+0000] {dag.py:3504} INFO - Setting next_dagrun for example_external_task_marker_parent to None, run_after=None
[2024-09-12T07:07:32.294+0000] {processor.py:179} INFO - Processing /home/vscode/.local/lib/python3.10/site-packages/airflow/example_dags/example_external_task_marker_dag.py took 0.072 seconds
[2024-09-12T07:08:16.006+0000] {processor.py:157} INFO - Started process (PID=19286) to work on /home/vscode/.local/lib/python3.10/site-packages/airflow/example_dags/example_external_task_marker_dag.py
[2024-09-12T07:08:16.007+0000] {processor.py:826} INFO - Processing file /home/vscode/.local/lib/python3.10/site-packages/airflow/example_dags/example_external_task_marker_dag.py for tasks to queue
[2024-09-12T07:08:16.008+0000] {logging_mixin.py:150} INFO - [2024-09-12T07:08:16.007+0000] {dagbag.py:541} INFO - Filling up the DagBag from /home/vscode/.local/lib/python3.10/site-packages/airflow/example_dags/example_external_task_marker_dag.py
[2024-09-12T07:08:16.012+0000] {processor.py:836} INFO - DAG(s) dict_keys(['example_external_task_marker_child', 'example_external_task_marker_parent']) retrieved from /home/vscode/.local/lib/python3.10/site-packages/airflow/example_dags/example_external_task_marker_dag.py
[2024-09-12T07:08:16.026+0000] {logging_mixin.py:150} INFO - [2024-09-12T07:08:16.026+0000] {dag.py:2742} INFO - Sync 2 DAGs
[2024-09-12T07:08:16.040+0000] {logging_mixin.py:150} INFO - [2024-09-12T07:08:16.039+0000] {dag.py:3504} INFO - Setting next_dagrun for example_external_task_marker_child to None, run_after=None
[2024-09-12T07:08:16.042+0000] {logging_mixin.py:150} INFO - [2024-09-12T07:08:16.042+0000] {dag.py:3504} INFO - Setting next_dagrun for example_external_task_marker_parent to None, run_after=None
[2024-09-12T07:08:16.086+0000] {processor.py:179} INFO - Processing /home/vscode/.local/lib/python3.10/site-packages/airflow/example_dags/example_external_task_marker_dag.py took 0.082 seconds
[2024-09-12T07:09:01.178+0000] {processor.py:157} INFO - Started process (PID=19675) to work on /home/vscode/.local/lib/python3.10/site-packages/airflow/example_dags/example_external_task_marker_dag.py
[2024-09-12T07:09:01.178+0000] {processor.py:826} INFO - Processing file /home/vscode/.local/lib/python3.10/site-packages/airflow/example_dags/example_external_task_marker_dag.py for tasks to queue
[2024-09-12T07:09:01.179+0000] {logging_mixin.py:150} INFO - [2024-09-12T07:09:01.179+0000] {dagbag.py:541} INFO - Filling up the DagBag from /home/vscode/.local/lib/python3.10/site-packages/airflow/example_dags/example_external_task_marker_dag.py
[2024-09-12T07:09:01.183+0000] {processor.py:836} INFO - DAG(s) dict_keys(['example_external_task_marker_parent', 'example_external_task_marker_child']) retrieved from /home/vscode/.local/lib/python3.10/site-packages/airflow/example_dags/example_external_task_marker_dag.py
[2024-09-12T07:09:01.197+0000] {logging_mixin.py:150} INFO - [2024-09-12T07:09:01.197+0000] {dag.py:2742} INFO - Sync 2 DAGs
[2024-09-12T07:09:01.211+0000] {logging_mixin.py:150} INFO - [2024-09-12T07:09:01.211+0000] {dag.py:3504} INFO - Setting next_dagrun for example_external_task_marker_child to None, run_after=None
[2024-09-12T07:09:01.213+0000] {logging_mixin.py:150} INFO - [2024-09-12T07:09:01.213+0000] {dag.py:3504} INFO - Setting next_dagrun for example_external_task_marker_parent to None, run_after=None
[2024-09-12T07:09:01.242+0000] {processor.py:179} INFO - Processing /home/vscode/.local/lib/python3.10/site-packages/airflow/example_dags/example_external_task_marker_dag.py took 0.067 seconds
[2024-09-12T07:09:46.357+0000] {processor.py:157} INFO - Started process (PID=19988) to work on /home/vscode/.local/lib/python3.10/site-packages/airflow/example_dags/example_external_task_marker_dag.py
[2024-09-12T07:09:46.358+0000] {processor.py:826} INFO - Processing file /home/vscode/.local/lib/python3.10/site-packages/airflow/example_dags/example_external_task_marker_dag.py for tasks to queue
[2024-09-12T07:09:46.358+0000] {logging_mixin.py:150} INFO - [2024-09-12T07:09:46.358+0000] {dagbag.py:541} INFO - Filling up the DagBag from /home/vscode/.local/lib/python3.10/site-packages/airflow/example_dags/example_external_task_marker_dag.py
[2024-09-12T07:09:46.363+0000] {processor.py:836} INFO - DAG(s) dict_keys(['example_external_task_marker_parent', 'example_external_task_marker_child']) retrieved from /home/vscode/.local/lib/python3.10/site-packages/airflow/example_dags/example_external_task_marker_dag.py
[2024-09-12T07:09:46.377+0000] {logging_mixin.py:150} INFO - [2024-09-12T07:09:46.377+0000] {dag.py:2742} INFO - Sync 2 DAGs
[2024-09-12T07:09:46.391+0000] {logging_mixin.py:150} INFO - [2024-09-12T07:09:46.391+0000] {dag.py:3504} INFO - Setting next_dagrun for example_external_task_marker_child to None, run_after=None
[2024-09-12T07:09:46.393+0000] {logging_mixin.py:150} INFO - [2024-09-12T07:09:46.393+0000] {dag.py:3504} INFO - Setting next_dagrun for example_external_task_marker_parent to None, run_after=None
[2024-09-12T07:09:46.436+0000] {processor.py:179} INFO - Processing /home/vscode/.local/lib/python3.10/site-packages/airflow/example_dags/example_external_task_marker_dag.py took 0.080 seconds
