[2024-09-12T06:39:44.827+0000] {processor.py:157} INFO - Started process (PID=7479) to work on /home/vscode/.local/lib/python3.10/site-packages/airflow/example_dags/example_branch_labels.py
[2024-09-12T06:39:44.828+0000] {processor.py:826} INFO - Processing file /home/vscode/.local/lib/python3.10/site-packages/airflow/example_dags/example_branch_labels.py for tasks to queue
[2024-09-12T06:39:44.829+0000] {logging_mixin.py:150} INFO - [2024-09-12T06:39:44.828+0000] {dagbag.py:541} INFO - Filling up the DagBag from /home/vscode/.local/lib/python3.10/site-packages/airflow/example_dags/example_branch_labels.py
[2024-09-12T06:39:44.835+0000] {processor.py:836} INFO - DAG(s) dict_keys(['example_branch_labels']) retrieved from /home/vscode/.local/lib/python3.10/site-packages/airflow/example_dags/example_branch_labels.py
[2024-09-12T06:39:45.034+0000] {logging_mixin.py:150} INFO - [2024-09-12T06:39:45.034+0000] {manager.py:504} INFO - Created Permission View: can delete on DAG:example_branch_labels
[2024-09-12T06:39:45.072+0000] {logging_mixin.py:150} INFO - [2024-09-12T06:39:45.072+0000] {manager.py:504} INFO - Created Permission View: can read on DAG:example_branch_labels
[2024-09-12T06:39:45.094+0000] {logging_mixin.py:150} INFO - [2024-09-12T06:39:45.094+0000] {manager.py:504} INFO - Created Permission View: can edit on DAG:example_branch_labels
[2024-09-12T06:39:45.102+0000] {logging_mixin.py:150} INFO - [2024-09-12T06:39:45.102+0000] {dag.py:2742} INFO - Sync 1 DAGs
[2024-09-12T06:39:45.108+0000] {logging_mixin.py:150} INFO - [2024-09-12T06:39:45.108+0000] {dag.py:2763} INFO - Creating ORM DAG for example_branch_labels
[2024-09-12T06:39:45.117+0000] {logging_mixin.py:150} INFO - [2024-09-12T06:39:45.116+0000] {dag.py:3504} INFO - Setting next_dagrun for example_branch_labels to 2024-09-11T00:00:00+00:00, run_after=2024-09-12T00:00:00+00:00
[2024-09-12T06:39:45.150+0000] {processor.py:179} INFO - Processing /home/vscode/.local/lib/python3.10/site-packages/airflow/example_dags/example_branch_labels.py took 0.326 seconds
[2024-09-12T06:40:38.115+0000] {processor.py:157} INFO - Started process (PID=7825) to work on /home/vscode/.local/lib/python3.10/site-packages/airflow/example_dags/example_branch_labels.py
[2024-09-12T06:40:38.116+0000] {processor.py:826} INFO - Processing file /home/vscode/.local/lib/python3.10/site-packages/airflow/example_dags/example_branch_labels.py for tasks to queue
[2024-09-12T06:40:38.116+0000] {logging_mixin.py:150} INFO - [2024-09-12T06:40:38.116+0000] {dagbag.py:541} INFO - Filling up the DagBag from /home/vscode/.local/lib/python3.10/site-packages/airflow/example_dags/example_branch_labels.py
[2024-09-12T06:40:38.122+0000] {processor.py:836} INFO - DAG(s) dict_keys(['example_branch_labels']) retrieved from /home/vscode/.local/lib/python3.10/site-packages/airflow/example_dags/example_branch_labels.py
[2024-09-12T06:40:38.134+0000] {logging_mixin.py:150} INFO - [2024-09-12T06:40:38.134+0000] {dag.py:2742} INFO - Sync 1 DAGs
[2024-09-12T06:40:38.150+0000] {logging_mixin.py:150} INFO - [2024-09-12T06:40:38.150+0000] {dag.py:3504} INFO - Setting next_dagrun for example_branch_labels to 2024-09-11T00:00:00+00:00, run_after=2024-09-12T00:00:00+00:00
[2024-09-12T06:40:38.181+0000] {processor.py:179} INFO - Processing /home/vscode/.local/lib/python3.10/site-packages/airflow/example_dags/example_branch_labels.py took 0.068 seconds
[2024-09-12T06:41:21.987+0000] {processor.py:157} INFO - Started process (PID=8128) to work on /home/vscode/.local/lib/python3.10/site-packages/airflow/example_dags/example_branch_labels.py
[2024-09-12T06:41:21.987+0000] {processor.py:826} INFO - Processing file /home/vscode/.local/lib/python3.10/site-packages/airflow/example_dags/example_branch_labels.py for tasks to queue
[2024-09-12T06:41:21.988+0000] {logging_mixin.py:150} INFO - [2024-09-12T06:41:21.988+0000] {dagbag.py:541} INFO - Filling up the DagBag from /home/vscode/.local/lib/python3.10/site-packages/airflow/example_dags/example_branch_labels.py
[2024-09-12T06:41:21.993+0000] {processor.py:836} INFO - DAG(s) dict_keys(['example_branch_labels']) retrieved from /home/vscode/.local/lib/python3.10/site-packages/airflow/example_dags/example_branch_labels.py
[2024-09-12T06:41:22.006+0000] {logging_mixin.py:150} INFO - [2024-09-12T06:41:22.006+0000] {dag.py:2742} INFO - Sync 1 DAGs
[2024-09-12T06:41:22.021+0000] {logging_mixin.py:150} INFO - [2024-09-12T06:41:22.021+0000] {dag.py:3504} INFO - Setting next_dagrun for example_branch_labels to 2024-09-11T00:00:00+00:00, run_after=2024-09-12T00:00:00+00:00
[2024-09-12T06:41:22.079+0000] {processor.py:179} INFO - Processing /home/vscode/.local/lib/python3.10/site-packages/airflow/example_dags/example_branch_labels.py took 0.095 seconds
[2024-09-12T06:42:04.358+0000] {processor.py:157} INFO - Started process (PID=8412) to work on /home/vscode/.local/lib/python3.10/site-packages/airflow/example_dags/example_branch_labels.py
[2024-09-12T06:42:04.359+0000] {processor.py:826} INFO - Processing file /home/vscode/.local/lib/python3.10/site-packages/airflow/example_dags/example_branch_labels.py for tasks to queue
[2024-09-12T06:42:04.360+0000] {logging_mixin.py:150} INFO - [2024-09-12T06:42:04.359+0000] {dagbag.py:541} INFO - Filling up the DagBag from /home/vscode/.local/lib/python3.10/site-packages/airflow/example_dags/example_branch_labels.py
[2024-09-12T06:42:04.365+0000] {processor.py:836} INFO - DAG(s) dict_keys(['example_branch_labels']) retrieved from /home/vscode/.local/lib/python3.10/site-packages/airflow/example_dags/example_branch_labels.py
[2024-09-12T06:42:04.377+0000] {logging_mixin.py:150} INFO - [2024-09-12T06:42:04.377+0000] {dag.py:2742} INFO - Sync 1 DAGs
[2024-09-12T06:42:04.392+0000] {logging_mixin.py:150} INFO - [2024-09-12T06:42:04.392+0000] {dag.py:3504} INFO - Setting next_dagrun for example_branch_labels to 2024-09-11T00:00:00+00:00, run_after=2024-09-12T00:00:00+00:00
[2024-09-12T06:42:04.425+0000] {processor.py:179} INFO - Processing /home/vscode/.local/lib/python3.10/site-packages/airflow/example_dags/example_branch_labels.py took 0.069 seconds
[2024-09-12T06:42:50.939+0000] {processor.py:157} INFO - Started process (PID=8721) to work on /home/vscode/.local/lib/python3.10/site-packages/airflow/example_dags/example_branch_labels.py
[2024-09-12T06:42:50.940+0000] {processor.py:826} INFO - Processing file /home/vscode/.local/lib/python3.10/site-packages/airflow/example_dags/example_branch_labels.py for tasks to queue
[2024-09-12T06:42:50.940+0000] {logging_mixin.py:150} INFO - [2024-09-12T06:42:50.940+0000] {dagbag.py:541} INFO - Filling up the DagBag from /home/vscode/.local/lib/python3.10/site-packages/airflow/example_dags/example_branch_labels.py
[2024-09-12T06:42:50.946+0000] {processor.py:836} INFO - DAG(s) dict_keys(['example_branch_labels']) retrieved from /home/vscode/.local/lib/python3.10/site-packages/airflow/example_dags/example_branch_labels.py
[2024-09-12T06:42:50.958+0000] {logging_mixin.py:150} INFO - [2024-09-12T06:42:50.958+0000] {dag.py:2742} INFO - Sync 1 DAGs
[2024-09-12T06:42:50.973+0000] {logging_mixin.py:150} INFO - [2024-09-12T06:42:50.973+0000] {dag.py:3504} INFO - Setting next_dagrun for example_branch_labels to 2024-09-11T00:00:00+00:00, run_after=2024-09-12T00:00:00+00:00
[2024-09-12T06:42:51.007+0000] {processor.py:179} INFO - Processing /home/vscode/.local/lib/python3.10/site-packages/airflow/example_dags/example_branch_labels.py took 0.070 seconds
[2024-09-12T06:43:34.878+0000] {processor.py:157} INFO - Started process (PID=9015) to work on /home/vscode/.local/lib/python3.10/site-packages/airflow/example_dags/example_branch_labels.py
[2024-09-12T06:43:34.879+0000] {processor.py:826} INFO - Processing file /home/vscode/.local/lib/python3.10/site-packages/airflow/example_dags/example_branch_labels.py for tasks to queue
[2024-09-12T06:43:34.880+0000] {logging_mixin.py:150} INFO - [2024-09-12T06:43:34.879+0000] {dagbag.py:541} INFO - Filling up the DagBag from /home/vscode/.local/lib/python3.10/site-packages/airflow/example_dags/example_branch_labels.py
[2024-09-12T06:43:34.885+0000] {processor.py:836} INFO - DAG(s) dict_keys(['example_branch_labels']) retrieved from /home/vscode/.local/lib/python3.10/site-packages/airflow/example_dags/example_branch_labels.py
[2024-09-12T06:43:34.898+0000] {logging_mixin.py:150} INFO - [2024-09-12T06:43:34.898+0000] {dag.py:2742} INFO - Sync 1 DAGs
[2024-09-12T06:43:34.919+0000] {logging_mixin.py:150} INFO - [2024-09-12T06:43:34.919+0000] {dag.py:3504} INFO - Setting next_dagrun for example_branch_labels to 2024-09-11T00:00:00+00:00, run_after=2024-09-12T00:00:00+00:00
[2024-09-12T06:43:34.958+0000] {processor.py:179} INFO - Processing /home/vscode/.local/lib/python3.10/site-packages/airflow/example_dags/example_branch_labels.py took 0.082 seconds
[2024-09-12T06:44:16.891+0000] {processor.py:157} INFO - Started process (PID=9303) to work on /home/vscode/.local/lib/python3.10/site-packages/airflow/example_dags/example_branch_labels.py
[2024-09-12T06:44:16.892+0000] {processor.py:826} INFO - Processing file /home/vscode/.local/lib/python3.10/site-packages/airflow/example_dags/example_branch_labels.py for tasks to queue
[2024-09-12T06:44:16.893+0000] {logging_mixin.py:150} INFO - [2024-09-12T06:44:16.893+0000] {dagbag.py:541} INFO - Filling up the DagBag from /home/vscode/.local/lib/python3.10/site-packages/airflow/example_dags/example_branch_labels.py
[2024-09-12T06:44:16.899+0000] {processor.py:836} INFO - DAG(s) dict_keys(['example_branch_labels']) retrieved from /home/vscode/.local/lib/python3.10/site-packages/airflow/example_dags/example_branch_labels.py
[2024-09-12T06:44:16.911+0000] {logging_mixin.py:150} INFO - [2024-09-12T06:44:16.911+0000] {dag.py:2742} INFO - Sync 1 DAGs
[2024-09-12T06:44:16.926+0000] {logging_mixin.py:150} INFO - [2024-09-12T06:44:16.926+0000] {dag.py:3504} INFO - Setting next_dagrun for example_branch_labels to 2024-09-11T00:00:00+00:00, run_after=2024-09-12T00:00:00+00:00
[2024-09-12T06:44:16.963+0000] {processor.py:179} INFO - Processing /home/vscode/.local/lib/python3.10/site-packages/airflow/example_dags/example_branch_labels.py took 0.074 seconds
[2024-09-12T06:45:01.426+0000] {processor.py:157} INFO - Started process (PID=9593) to work on /home/vscode/.local/lib/python3.10/site-packages/airflow/example_dags/example_branch_labels.py
[2024-09-12T06:45:01.427+0000] {processor.py:826} INFO - Processing file /home/vscode/.local/lib/python3.10/site-packages/airflow/example_dags/example_branch_labels.py for tasks to queue
[2024-09-12T06:45:01.427+0000] {logging_mixin.py:150} INFO - [2024-09-12T06:45:01.427+0000] {dagbag.py:541} INFO - Filling up the DagBag from /home/vscode/.local/lib/python3.10/site-packages/airflow/example_dags/example_branch_labels.py
[2024-09-12T06:45:01.433+0000] {processor.py:836} INFO - DAG(s) dict_keys(['example_branch_labels']) retrieved from /home/vscode/.local/lib/python3.10/site-packages/airflow/example_dags/example_branch_labels.py
[2024-09-12T06:45:01.445+0000] {logging_mixin.py:150} INFO - [2024-09-12T06:45:01.445+0000] {dag.py:2742} INFO - Sync 1 DAGs
[2024-09-12T06:45:01.460+0000] {logging_mixin.py:150} INFO - [2024-09-12T06:45:01.460+0000] {dag.py:3504} INFO - Setting next_dagrun for example_branch_labels to 2024-09-11T00:00:00+00:00, run_after=2024-09-12T00:00:00+00:00
[2024-09-12T06:45:01.497+0000] {processor.py:179} INFO - Processing /home/vscode/.local/lib/python3.10/site-packages/airflow/example_dags/example_branch_labels.py took 0.073 seconds
[2024-09-12T06:45:45.301+0000] {processor.py:157} INFO - Started process (PID=9899) to work on /home/vscode/.local/lib/python3.10/site-packages/airflow/example_dags/example_branch_labels.py
[2024-09-12T06:45:45.302+0000] {processor.py:826} INFO - Processing file /home/vscode/.local/lib/python3.10/site-packages/airflow/example_dags/example_branch_labels.py for tasks to queue
[2024-09-12T06:45:45.303+0000] {logging_mixin.py:150} INFO - [2024-09-12T06:45:45.302+0000] {dagbag.py:541} INFO - Filling up the DagBag from /home/vscode/.local/lib/python3.10/site-packages/airflow/example_dags/example_branch_labels.py
[2024-09-12T06:45:45.308+0000] {processor.py:836} INFO - DAG(s) dict_keys(['example_branch_labels']) retrieved from /home/vscode/.local/lib/python3.10/site-packages/airflow/example_dags/example_branch_labels.py
[2024-09-12T06:45:45.321+0000] {logging_mixin.py:150} INFO - [2024-09-12T06:45:45.321+0000] {dag.py:2742} INFO - Sync 1 DAGs
[2024-09-12T06:45:45.337+0000] {logging_mixin.py:150} INFO - [2024-09-12T06:45:45.337+0000] {dag.py:3504} INFO - Setting next_dagrun for example_branch_labels to 2024-09-11T00:00:00+00:00, run_after=2024-09-12T00:00:00+00:00
[2024-09-12T06:45:45.373+0000] {processor.py:179} INFO - Processing /home/vscode/.local/lib/python3.10/site-packages/airflow/example_dags/example_branch_labels.py took 0.074 seconds
[2024-09-12T06:46:30.127+0000] {processor.py:157} INFO - Started process (PID=10195) to work on /home/vscode/.local/lib/python3.10/site-packages/airflow/example_dags/example_branch_labels.py
[2024-09-12T06:46:30.128+0000] {processor.py:826} INFO - Processing file /home/vscode/.local/lib/python3.10/site-packages/airflow/example_dags/example_branch_labels.py for tasks to queue
[2024-09-12T06:46:30.128+0000] {logging_mixin.py:150} INFO - [2024-09-12T06:46:30.128+0000] {dagbag.py:541} INFO - Filling up the DagBag from /home/vscode/.local/lib/python3.10/site-packages/airflow/example_dags/example_branch_labels.py
[2024-09-12T06:46:30.134+0000] {processor.py:836} INFO - DAG(s) dict_keys(['example_branch_labels']) retrieved from /home/vscode/.local/lib/python3.10/site-packages/airflow/example_dags/example_branch_labels.py
[2024-09-12T06:46:30.146+0000] {logging_mixin.py:150} INFO - [2024-09-12T06:46:30.146+0000] {dag.py:2742} INFO - Sync 1 DAGs
[2024-09-12T06:46:30.161+0000] {logging_mixin.py:150} INFO - [2024-09-12T06:46:30.161+0000] {dag.py:3504} INFO - Setting next_dagrun for example_branch_labels to 2024-09-11T00:00:00+00:00, run_after=2024-09-12T00:00:00+00:00
[2024-09-12T06:46:30.189+0000] {processor.py:179} INFO - Processing /home/vscode/.local/lib/python3.10/site-packages/airflow/example_dags/example_branch_labels.py took 0.064 seconds
[2024-09-12T06:47:13.422+0000] {processor.py:157} INFO - Started process (PID=10489) to work on /home/vscode/.local/lib/python3.10/site-packages/airflow/example_dags/example_branch_labels.py
[2024-09-12T06:47:13.423+0000] {processor.py:826} INFO - Processing file /home/vscode/.local/lib/python3.10/site-packages/airflow/example_dags/example_branch_labels.py for tasks to queue
[2024-09-12T06:47:13.423+0000] {logging_mixin.py:150} INFO - [2024-09-12T06:47:13.423+0000] {dagbag.py:541} INFO - Filling up the DagBag from /home/vscode/.local/lib/python3.10/site-packages/airflow/example_dags/example_branch_labels.py
[2024-09-12T06:47:13.429+0000] {processor.py:836} INFO - DAG(s) dict_keys(['example_branch_labels']) retrieved from /home/vscode/.local/lib/python3.10/site-packages/airflow/example_dags/example_branch_labels.py
[2024-09-12T06:47:13.441+0000] {logging_mixin.py:150} INFO - [2024-09-12T06:47:13.441+0000] {dag.py:2742} INFO - Sync 1 DAGs
[2024-09-12T06:47:13.455+0000] {logging_mixin.py:150} INFO - [2024-09-12T06:47:13.455+0000] {dag.py:3504} INFO - Setting next_dagrun for example_branch_labels to 2024-09-11T00:00:00+00:00, run_after=2024-09-12T00:00:00+00:00
[2024-09-12T06:47:13.500+0000] {processor.py:179} INFO - Processing /home/vscode/.local/lib/python3.10/site-packages/airflow/example_dags/example_branch_labels.py took 0.080 seconds
[2024-09-12T06:47:59.876+0000] {processor.py:157} INFO - Started process (PID=10796) to work on /home/vscode/.local/lib/python3.10/site-packages/airflow/example_dags/example_branch_labels.py
[2024-09-12T06:47:59.876+0000] {processor.py:826} INFO - Processing file /home/vscode/.local/lib/python3.10/site-packages/airflow/example_dags/example_branch_labels.py for tasks to queue
[2024-09-12T06:47:59.877+0000] {logging_mixin.py:150} INFO - [2024-09-12T06:47:59.877+0000] {dagbag.py:541} INFO - Filling up the DagBag from /home/vscode/.local/lib/python3.10/site-packages/airflow/example_dags/example_branch_labels.py
[2024-09-12T06:47:59.882+0000] {processor.py:836} INFO - DAG(s) dict_keys(['example_branch_labels']) retrieved from /home/vscode/.local/lib/python3.10/site-packages/airflow/example_dags/example_branch_labels.py
[2024-09-12T06:47:59.895+0000] {logging_mixin.py:150} INFO - [2024-09-12T06:47:59.895+0000] {dag.py:2742} INFO - Sync 1 DAGs
[2024-09-12T06:47:59.910+0000] {logging_mixin.py:150} INFO - [2024-09-12T06:47:59.910+0000] {dag.py:3504} INFO - Setting next_dagrun for example_branch_labels to 2024-09-11T00:00:00+00:00, run_after=2024-09-12T00:00:00+00:00
[2024-09-12T06:47:59.941+0000] {processor.py:179} INFO - Processing /home/vscode/.local/lib/python3.10/site-packages/airflow/example_dags/example_branch_labels.py took 0.067 seconds
[2024-09-12T06:48:42.296+0000] {processor.py:157} INFO - Started process (PID=11083) to work on /home/vscode/.local/lib/python3.10/site-packages/airflow/example_dags/example_branch_labels.py
[2024-09-12T06:48:42.297+0000] {processor.py:826} INFO - Processing file /home/vscode/.local/lib/python3.10/site-packages/airflow/example_dags/example_branch_labels.py for tasks to queue
[2024-09-12T06:48:42.297+0000] {logging_mixin.py:150} INFO - [2024-09-12T06:48:42.297+0000] {dagbag.py:541} INFO - Filling up the DagBag from /home/vscode/.local/lib/python3.10/site-packages/airflow/example_dags/example_branch_labels.py
[2024-09-12T06:48:42.303+0000] {processor.py:836} INFO - DAG(s) dict_keys(['example_branch_labels']) retrieved from /home/vscode/.local/lib/python3.10/site-packages/airflow/example_dags/example_branch_labels.py
[2024-09-12T06:48:42.315+0000] {logging_mixin.py:150} INFO - [2024-09-12T06:48:42.315+0000] {dag.py:2742} INFO - Sync 1 DAGs
[2024-09-12T06:48:42.329+0000] {logging_mixin.py:150} INFO - [2024-09-12T06:48:42.329+0000] {dag.py:3504} INFO - Setting next_dagrun for example_branch_labels to 2024-09-11T00:00:00+00:00, run_after=2024-09-12T00:00:00+00:00
[2024-09-12T06:48:42.375+0000] {processor.py:179} INFO - Processing /home/vscode/.local/lib/python3.10/site-packages/airflow/example_dags/example_branch_labels.py took 0.081 seconds
[2024-09-12T06:49:26.167+0000] {processor.py:157} INFO - Started process (PID=11378) to work on /home/vscode/.local/lib/python3.10/site-packages/airflow/example_dags/example_branch_labels.py
[2024-09-12T06:49:26.168+0000] {processor.py:826} INFO - Processing file /home/vscode/.local/lib/python3.10/site-packages/airflow/example_dags/example_branch_labels.py for tasks to queue
[2024-09-12T06:49:26.169+0000] {logging_mixin.py:150} INFO - [2024-09-12T06:49:26.168+0000] {dagbag.py:541} INFO - Filling up the DagBag from /home/vscode/.local/lib/python3.10/site-packages/airflow/example_dags/example_branch_labels.py
[2024-09-12T06:49:26.174+0000] {processor.py:836} INFO - DAG(s) dict_keys(['example_branch_labels']) retrieved from /home/vscode/.local/lib/python3.10/site-packages/airflow/example_dags/example_branch_labels.py
[2024-09-12T06:49:26.188+0000] {logging_mixin.py:150} INFO - [2024-09-12T06:49:26.188+0000] {dag.py:2742} INFO - Sync 1 DAGs
[2024-09-12T06:49:26.203+0000] {logging_mixin.py:150} INFO - [2024-09-12T06:49:26.203+0000] {dag.py:3504} INFO - Setting next_dagrun for example_branch_labels to 2024-09-11T00:00:00+00:00, run_after=2024-09-12T00:00:00+00:00
[2024-09-12T06:49:26.235+0000] {processor.py:179} INFO - Processing /home/vscode/.local/lib/python3.10/site-packages/airflow/example_dags/example_branch_labels.py took 0.070 seconds
[2024-09-12T06:50:11.099+0000] {processor.py:157} INFO - Started process (PID=11688) to work on /home/vscode/.local/lib/python3.10/site-packages/airflow/example_dags/example_branch_labels.py
[2024-09-12T06:50:11.100+0000] {processor.py:826} INFO - Processing file /home/vscode/.local/lib/python3.10/site-packages/airflow/example_dags/example_branch_labels.py for tasks to queue
[2024-09-12T06:50:11.100+0000] {logging_mixin.py:150} INFO - [2024-09-12T06:50:11.100+0000] {dagbag.py:541} INFO - Filling up the DagBag from /home/vscode/.local/lib/python3.10/site-packages/airflow/example_dags/example_branch_labels.py
[2024-09-12T06:50:11.106+0000] {processor.py:836} INFO - DAG(s) dict_keys(['example_branch_labels']) retrieved from /home/vscode/.local/lib/python3.10/site-packages/airflow/example_dags/example_branch_labels.py
[2024-09-12T06:50:11.118+0000] {logging_mixin.py:150} INFO - [2024-09-12T06:50:11.118+0000] {dag.py:2742} INFO - Sync 1 DAGs
[2024-09-12T06:50:11.132+0000] {logging_mixin.py:150} INFO - [2024-09-12T06:50:11.132+0000] {dag.py:3504} INFO - Setting next_dagrun for example_branch_labels to 2024-09-11T00:00:00+00:00, run_after=2024-09-12T00:00:00+00:00
[2024-09-12T06:50:11.245+0000] {processor.py:179} INFO - Processing /home/vscode/.local/lib/python3.10/site-packages/airflow/example_dags/example_branch_labels.py took 0.148 seconds
[2024-09-12T06:50:55.204+0000] {processor.py:157} INFO - Started process (PID=11988) to work on /home/vscode/.local/lib/python3.10/site-packages/airflow/example_dags/example_branch_labels.py
[2024-09-12T06:50:55.204+0000] {processor.py:826} INFO - Processing file /home/vscode/.local/lib/python3.10/site-packages/airflow/example_dags/example_branch_labels.py for tasks to queue
[2024-09-12T06:50:55.205+0000] {logging_mixin.py:150} INFO - [2024-09-12T06:50:55.205+0000] {dagbag.py:541} INFO - Filling up the DagBag from /home/vscode/.local/lib/python3.10/site-packages/airflow/example_dags/example_branch_labels.py
[2024-09-12T06:50:55.211+0000] {processor.py:836} INFO - DAG(s) dict_keys(['example_branch_labels']) retrieved from /home/vscode/.local/lib/python3.10/site-packages/airflow/example_dags/example_branch_labels.py
[2024-09-12T06:50:55.223+0000] {logging_mixin.py:150} INFO - [2024-09-12T06:50:55.223+0000] {dag.py:2742} INFO - Sync 1 DAGs
[2024-09-12T06:50:55.238+0000] {logging_mixin.py:150} INFO - [2024-09-12T06:50:55.238+0000] {dag.py:3504} INFO - Setting next_dagrun for example_branch_labels to 2024-09-11T00:00:00+00:00, run_after=2024-09-12T00:00:00+00:00
[2024-09-12T06:50:55.265+0000] {processor.py:179} INFO - Processing /home/vscode/.local/lib/python3.10/site-packages/airflow/example_dags/example_branch_labels.py took 0.063 seconds
[2024-09-12T06:51:41.843+0000] {processor.py:157} INFO - Started process (PID=12297) to work on /home/vscode/.local/lib/python3.10/site-packages/airflow/example_dags/example_branch_labels.py
[2024-09-12T06:51:41.844+0000] {processor.py:826} INFO - Processing file /home/vscode/.local/lib/python3.10/site-packages/airflow/example_dags/example_branch_labels.py for tasks to queue
[2024-09-12T06:51:41.844+0000] {logging_mixin.py:150} INFO - [2024-09-12T06:51:41.844+0000] {dagbag.py:541} INFO - Filling up the DagBag from /home/vscode/.local/lib/python3.10/site-packages/airflow/example_dags/example_branch_labels.py
[2024-09-12T06:51:41.850+0000] {processor.py:836} INFO - DAG(s) dict_keys(['example_branch_labels']) retrieved from /home/vscode/.local/lib/python3.10/site-packages/airflow/example_dags/example_branch_labels.py
[2024-09-12T06:51:41.862+0000] {logging_mixin.py:150} INFO - [2024-09-12T06:51:41.862+0000] {dag.py:2742} INFO - Sync 1 DAGs
[2024-09-12T06:51:41.876+0000] {logging_mixin.py:150} INFO - [2024-09-12T06:51:41.876+0000] {dag.py:3504} INFO - Setting next_dagrun for example_branch_labels to 2024-09-11T00:00:00+00:00, run_after=2024-09-12T00:00:00+00:00
[2024-09-12T06:51:41.904+0000] {processor.py:179} INFO - Processing /home/vscode/.local/lib/python3.10/site-packages/airflow/example_dags/example_branch_labels.py took 0.064 seconds
[2024-09-12T06:52:29.793+0000] {processor.py:157} INFO - Started process (PID=12616) to work on /home/vscode/.local/lib/python3.10/site-packages/airflow/example_dags/example_branch_labels.py
[2024-09-12T06:52:29.794+0000] {processor.py:826} INFO - Processing file /home/vscode/.local/lib/python3.10/site-packages/airflow/example_dags/example_branch_labels.py for tasks to queue
[2024-09-12T06:52:29.795+0000] {logging_mixin.py:150} INFO - [2024-09-12T06:52:29.794+0000] {dagbag.py:541} INFO - Filling up the DagBag from /home/vscode/.local/lib/python3.10/site-packages/airflow/example_dags/example_branch_labels.py
[2024-09-12T06:52:29.800+0000] {processor.py:836} INFO - DAG(s) dict_keys(['example_branch_labels']) retrieved from /home/vscode/.local/lib/python3.10/site-packages/airflow/example_dags/example_branch_labels.py
[2024-09-12T06:52:29.812+0000] {logging_mixin.py:150} INFO - [2024-09-12T06:52:29.812+0000] {dag.py:2742} INFO - Sync 1 DAGs
[2024-09-12T06:52:29.827+0000] {logging_mixin.py:150} INFO - [2024-09-12T06:52:29.827+0000] {dag.py:3504} INFO - Setting next_dagrun for example_branch_labels to 2024-09-11T00:00:00+00:00, run_after=2024-09-12T00:00:00+00:00
[2024-09-12T06:52:29.859+0000] {processor.py:179} INFO - Processing /home/vscode/.local/lib/python3.10/site-packages/airflow/example_dags/example_branch_labels.py took 0.068 seconds
[2024-09-12T06:53:15.873+0000] {processor.py:157} INFO - Started process (PID=12934) to work on /home/vscode/.local/lib/python3.10/site-packages/airflow/example_dags/example_branch_labels.py
[2024-09-12T06:53:15.873+0000] {processor.py:826} INFO - Processing file /home/vscode/.local/lib/python3.10/site-packages/airflow/example_dags/example_branch_labels.py for tasks to queue
[2024-09-12T06:53:15.874+0000] {logging_mixin.py:150} INFO - [2024-09-12T06:53:15.874+0000] {dagbag.py:541} INFO - Filling up the DagBag from /home/vscode/.local/lib/python3.10/site-packages/airflow/example_dags/example_branch_labels.py
[2024-09-12T06:53:15.880+0000] {processor.py:836} INFO - DAG(s) dict_keys(['example_branch_labels']) retrieved from /home/vscode/.local/lib/python3.10/site-packages/airflow/example_dags/example_branch_labels.py
[2024-09-12T06:53:15.892+0000] {logging_mixin.py:150} INFO - [2024-09-12T06:53:15.892+0000] {dag.py:2742} INFO - Sync 1 DAGs
[2024-09-12T06:53:15.907+0000] {logging_mixin.py:150} INFO - [2024-09-12T06:53:15.907+0000] {dag.py:3504} INFO - Setting next_dagrun for example_branch_labels to 2024-09-11T00:00:00+00:00, run_after=2024-09-12T00:00:00+00:00
[2024-09-12T06:53:15.945+0000] {processor.py:179} INFO - Processing /home/vscode/.local/lib/python3.10/site-packages/airflow/example_dags/example_branch_labels.py took 0.074 seconds
[2024-09-12T06:54:01.136+0000] {processor.py:157} INFO - Started process (PID=13232) to work on /home/vscode/.local/lib/python3.10/site-packages/airflow/example_dags/example_branch_labels.py
[2024-09-12T06:54:01.137+0000] {processor.py:826} INFO - Processing file /home/vscode/.local/lib/python3.10/site-packages/airflow/example_dags/example_branch_labels.py for tasks to queue
[2024-09-12T06:54:01.138+0000] {logging_mixin.py:150} INFO - [2024-09-12T06:54:01.137+0000] {dagbag.py:541} INFO - Filling up the DagBag from /home/vscode/.local/lib/python3.10/site-packages/airflow/example_dags/example_branch_labels.py
[2024-09-12T06:54:01.143+0000] {processor.py:836} INFO - DAG(s) dict_keys(['example_branch_labels']) retrieved from /home/vscode/.local/lib/python3.10/site-packages/airflow/example_dags/example_branch_labels.py
[2024-09-12T06:54:01.155+0000] {logging_mixin.py:150} INFO - [2024-09-12T06:54:01.155+0000] {dag.py:2742} INFO - Sync 1 DAGs
[2024-09-12T06:54:01.170+0000] {logging_mixin.py:150} INFO - [2024-09-12T06:54:01.169+0000] {dag.py:3504} INFO - Setting next_dagrun for example_branch_labels to 2024-09-11T00:00:00+00:00, run_after=2024-09-12T00:00:00+00:00
[2024-09-12T06:54:01.199+0000] {processor.py:179} INFO - Processing /home/vscode/.local/lib/python3.10/site-packages/airflow/example_dags/example_branch_labels.py took 0.065 seconds
[2024-09-12T06:54:45.980+0000] {processor.py:157} INFO - Started process (PID=13538) to work on /home/vscode/.local/lib/python3.10/site-packages/airflow/example_dags/example_branch_labels.py
[2024-09-12T06:54:45.980+0000] {processor.py:826} INFO - Processing file /home/vscode/.local/lib/python3.10/site-packages/airflow/example_dags/example_branch_labels.py for tasks to queue
[2024-09-12T06:54:45.981+0000] {logging_mixin.py:150} INFO - [2024-09-12T06:54:45.981+0000] {dagbag.py:541} INFO - Filling up the DagBag from /home/vscode/.local/lib/python3.10/site-packages/airflow/example_dags/example_branch_labels.py
[2024-09-12T06:54:45.987+0000] {processor.py:836} INFO - DAG(s) dict_keys(['example_branch_labels']) retrieved from /home/vscode/.local/lib/python3.10/site-packages/airflow/example_dags/example_branch_labels.py
[2024-09-12T06:54:45.999+0000] {logging_mixin.py:150} INFO - [2024-09-12T06:54:45.999+0000] {dag.py:2742} INFO - Sync 1 DAGs
[2024-09-12T06:54:46.014+0000] {logging_mixin.py:150} INFO - [2024-09-12T06:54:46.014+0000] {dag.py:3504} INFO - Setting next_dagrun for example_branch_labels to 2024-09-11T00:00:00+00:00, run_after=2024-09-12T00:00:00+00:00
[2024-09-12T06:54:46.047+0000] {processor.py:179} INFO - Processing /home/vscode/.local/lib/python3.10/site-packages/airflow/example_dags/example_branch_labels.py took 0.069 seconds
[2024-09-12T06:55:31.159+0000] {processor.py:157} INFO - Started process (PID=13841) to work on /home/vscode/.local/lib/python3.10/site-packages/airflow/example_dags/example_branch_labels.py
[2024-09-12T06:55:31.159+0000] {processor.py:826} INFO - Processing file /home/vscode/.local/lib/python3.10/site-packages/airflow/example_dags/example_branch_labels.py for tasks to queue
[2024-09-12T06:55:31.160+0000] {logging_mixin.py:150} INFO - [2024-09-12T06:55:31.160+0000] {dagbag.py:541} INFO - Filling up the DagBag from /home/vscode/.local/lib/python3.10/site-packages/airflow/example_dags/example_branch_labels.py
[2024-09-12T06:55:31.167+0000] {processor.py:836} INFO - DAG(s) dict_keys(['example_branch_labels']) retrieved from /home/vscode/.local/lib/python3.10/site-packages/airflow/example_dags/example_branch_labels.py
[2024-09-12T06:55:31.179+0000] {logging_mixin.py:150} INFO - [2024-09-12T06:55:31.179+0000] {dag.py:2742} INFO - Sync 1 DAGs
[2024-09-12T06:55:31.196+0000] {logging_mixin.py:150} INFO - [2024-09-12T06:55:31.196+0000] {dag.py:3504} INFO - Setting next_dagrun for example_branch_labels to 2024-09-11T00:00:00+00:00, run_after=2024-09-12T00:00:00+00:00
[2024-09-12T06:55:31.239+0000] {processor.py:179} INFO - Processing /home/vscode/.local/lib/python3.10/site-packages/airflow/example_dags/example_branch_labels.py took 0.082 seconds
[2024-09-12T06:56:19.704+0000] {processor.py:157} INFO - Started process (PID=14161) to work on /home/vscode/.local/lib/python3.10/site-packages/airflow/example_dags/example_branch_labels.py
[2024-09-12T06:56:19.705+0000] {processor.py:826} INFO - Processing file /home/vscode/.local/lib/python3.10/site-packages/airflow/example_dags/example_branch_labels.py for tasks to queue
[2024-09-12T06:56:19.706+0000] {logging_mixin.py:150} INFO - [2024-09-12T06:56:19.705+0000] {dagbag.py:541} INFO - Filling up the DagBag from /home/vscode/.local/lib/python3.10/site-packages/airflow/example_dags/example_branch_labels.py
[2024-09-12T06:56:19.711+0000] {processor.py:836} INFO - DAG(s) dict_keys(['example_branch_labels']) retrieved from /home/vscode/.local/lib/python3.10/site-packages/airflow/example_dags/example_branch_labels.py
[2024-09-12T06:56:19.724+0000] {logging_mixin.py:150} INFO - [2024-09-12T06:56:19.723+0000] {dag.py:2742} INFO - Sync 1 DAGs
[2024-09-12T06:56:19.738+0000] {logging_mixin.py:150} INFO - [2024-09-12T06:56:19.738+0000] {dag.py:3504} INFO - Setting next_dagrun for example_branch_labels to 2024-09-11T00:00:00+00:00, run_after=2024-09-12T00:00:00+00:00
[2024-09-12T06:56:19.777+0000] {processor.py:179} INFO - Processing /home/vscode/.local/lib/python3.10/site-packages/airflow/example_dags/example_branch_labels.py took 0.074 seconds
[2024-09-12T06:57:02.089+0000] {processor.py:157} INFO - Started process (PID=14447) to work on /home/vscode/.local/lib/python3.10/site-packages/airflow/example_dags/example_branch_labels.py
[2024-09-12T06:57:02.089+0000] {processor.py:826} INFO - Processing file /home/vscode/.local/lib/python3.10/site-packages/airflow/example_dags/example_branch_labels.py for tasks to queue
[2024-09-12T06:57:02.090+0000] {logging_mixin.py:150} INFO - [2024-09-12T06:57:02.090+0000] {dagbag.py:541} INFO - Filling up the DagBag from /home/vscode/.local/lib/python3.10/site-packages/airflow/example_dags/example_branch_labels.py
[2024-09-12T06:57:02.095+0000] {processor.py:836} INFO - DAG(s) dict_keys(['example_branch_labels']) retrieved from /home/vscode/.local/lib/python3.10/site-packages/airflow/example_dags/example_branch_labels.py
[2024-09-12T06:57:02.108+0000] {logging_mixin.py:150} INFO - [2024-09-12T06:57:02.108+0000] {dag.py:2742} INFO - Sync 1 DAGs
[2024-09-12T06:57:02.122+0000] {logging_mixin.py:150} INFO - [2024-09-12T06:57:02.122+0000] {dag.py:3504} INFO - Setting next_dagrun for example_branch_labels to 2024-09-11T00:00:00+00:00, run_after=2024-09-12T00:00:00+00:00
[2024-09-12T06:57:02.167+0000] {processor.py:179} INFO - Processing /home/vscode/.local/lib/python3.10/site-packages/airflow/example_dags/example_branch_labels.py took 0.081 seconds
[2024-09-12T06:57:47.068+0000] {processor.py:157} INFO - Started process (PID=14758) to work on /home/vscode/.local/lib/python3.10/site-packages/airflow/example_dags/example_branch_labels.py
[2024-09-12T06:57:47.069+0000] {processor.py:826} INFO - Processing file /home/vscode/.local/lib/python3.10/site-packages/airflow/example_dags/example_branch_labels.py for tasks to queue
[2024-09-12T06:57:47.070+0000] {logging_mixin.py:150} INFO - [2024-09-12T06:57:47.069+0000] {dagbag.py:541} INFO - Filling up the DagBag from /home/vscode/.local/lib/python3.10/site-packages/airflow/example_dags/example_branch_labels.py
[2024-09-12T06:57:47.075+0000] {processor.py:836} INFO - DAG(s) dict_keys(['example_branch_labels']) retrieved from /home/vscode/.local/lib/python3.10/site-packages/airflow/example_dags/example_branch_labels.py
[2024-09-12T06:57:47.087+0000] {logging_mixin.py:150} INFO - [2024-09-12T06:57:47.087+0000] {dag.py:2742} INFO - Sync 1 DAGs
[2024-09-12T06:57:47.102+0000] {logging_mixin.py:150} INFO - [2024-09-12T06:57:47.102+0000] {dag.py:3504} INFO - Setting next_dagrun for example_branch_labels to 2024-09-11T00:00:00+00:00, run_after=2024-09-12T00:00:00+00:00
[2024-09-12T06:57:47.148+0000] {processor.py:179} INFO - Processing /home/vscode/.local/lib/python3.10/site-packages/airflow/example_dags/example_branch_labels.py took 0.081 seconds
[2024-09-12T06:58:30.101+0000] {processor.py:157} INFO - Started process (PID=15040) to work on /home/vscode/.local/lib/python3.10/site-packages/airflow/example_dags/example_branch_labels.py
[2024-09-12T06:58:30.101+0000] {processor.py:826} INFO - Processing file /home/vscode/.local/lib/python3.10/site-packages/airflow/example_dags/example_branch_labels.py for tasks to queue
[2024-09-12T06:58:30.102+0000] {logging_mixin.py:150} INFO - [2024-09-12T06:58:30.102+0000] {dagbag.py:541} INFO - Filling up the DagBag from /home/vscode/.local/lib/python3.10/site-packages/airflow/example_dags/example_branch_labels.py
[2024-09-12T06:58:30.107+0000] {processor.py:836} INFO - DAG(s) dict_keys(['example_branch_labels']) retrieved from /home/vscode/.local/lib/python3.10/site-packages/airflow/example_dags/example_branch_labels.py
[2024-09-12T06:58:30.120+0000] {logging_mixin.py:150} INFO - [2024-09-12T06:58:30.119+0000] {dag.py:2742} INFO - Sync 1 DAGs
[2024-09-12T06:58:30.134+0000] {logging_mixin.py:150} INFO - [2024-09-12T06:58:30.134+0000] {dag.py:3504} INFO - Setting next_dagrun for example_branch_labels to 2024-09-11T00:00:00+00:00, run_after=2024-09-12T00:00:00+00:00
[2024-09-12T06:58:30.166+0000] {processor.py:179} INFO - Processing /home/vscode/.local/lib/python3.10/site-packages/airflow/example_dags/example_branch_labels.py took 0.068 seconds
[2024-09-12T06:59:12.463+0000] {processor.py:157} INFO - Started process (PID=15325) to work on /home/vscode/.local/lib/python3.10/site-packages/airflow/example_dags/example_branch_labels.py
[2024-09-12T06:59:12.464+0000] {processor.py:826} INFO - Processing file /home/vscode/.local/lib/python3.10/site-packages/airflow/example_dags/example_branch_labels.py for tasks to queue
[2024-09-12T06:59:12.465+0000] {logging_mixin.py:150} INFO - [2024-09-12T06:59:12.464+0000] {dagbag.py:541} INFO - Filling up the DagBag from /home/vscode/.local/lib/python3.10/site-packages/airflow/example_dags/example_branch_labels.py
[2024-09-12T06:59:12.470+0000] {processor.py:836} INFO - DAG(s) dict_keys(['example_branch_labels']) retrieved from /home/vscode/.local/lib/python3.10/site-packages/airflow/example_dags/example_branch_labels.py
[2024-09-12T06:59:12.482+0000] {logging_mixin.py:150} INFO - [2024-09-12T06:59:12.482+0000] {dag.py:2742} INFO - Sync 1 DAGs
[2024-09-12T06:59:12.497+0000] {logging_mixin.py:150} INFO - [2024-09-12T06:59:12.497+0000] {dag.py:3504} INFO - Setting next_dagrun for example_branch_labels to 2024-09-11T00:00:00+00:00, run_after=2024-09-12T00:00:00+00:00
[2024-09-12T06:59:12.524+0000] {processor.py:179} INFO - Processing /home/vscode/.local/lib/python3.10/site-packages/airflow/example_dags/example_branch_labels.py took 0.063 seconds
[2024-09-12T06:59:55.617+0000] {processor.py:157} INFO - Started process (PID=15612) to work on /home/vscode/.local/lib/python3.10/site-packages/airflow/example_dags/example_branch_labels.py
[2024-09-12T06:59:55.618+0000] {processor.py:826} INFO - Processing file /home/vscode/.local/lib/python3.10/site-packages/airflow/example_dags/example_branch_labels.py for tasks to queue
[2024-09-12T06:59:55.618+0000] {logging_mixin.py:150} INFO - [2024-09-12T06:59:55.618+0000] {dagbag.py:541} INFO - Filling up the DagBag from /home/vscode/.local/lib/python3.10/site-packages/airflow/example_dags/example_branch_labels.py
[2024-09-12T06:59:55.624+0000] {processor.py:836} INFO - DAG(s) dict_keys(['example_branch_labels']) retrieved from /home/vscode/.local/lib/python3.10/site-packages/airflow/example_dags/example_branch_labels.py
[2024-09-12T06:59:55.636+0000] {logging_mixin.py:150} INFO - [2024-09-12T06:59:55.636+0000] {dag.py:2742} INFO - Sync 1 DAGs
[2024-09-12T06:59:55.651+0000] {logging_mixin.py:150} INFO - [2024-09-12T06:59:55.650+0000] {dag.py:3504} INFO - Setting next_dagrun for example_branch_labels to 2024-09-11T00:00:00+00:00, run_after=2024-09-12T00:00:00+00:00
[2024-09-12T06:59:55.681+0000] {processor.py:179} INFO - Processing /home/vscode/.local/lib/python3.10/site-packages/airflow/example_dags/example_branch_labels.py took 0.066 seconds
[2024-09-12T07:00:43.440+0000] {processor.py:157} INFO - Started process (PID=15932) to work on /home/vscode/.local/lib/python3.10/site-packages/airflow/example_dags/example_branch_labels.py
[2024-09-12T07:00:43.440+0000] {processor.py:826} INFO - Processing file /home/vscode/.local/lib/python3.10/site-packages/airflow/example_dags/example_branch_labels.py for tasks to queue
[2024-09-12T07:00:43.441+0000] {logging_mixin.py:150} INFO - [2024-09-12T07:00:43.441+0000] {dagbag.py:541} INFO - Filling up the DagBag from /home/vscode/.local/lib/python3.10/site-packages/airflow/example_dags/example_branch_labels.py
[2024-09-12T07:00:43.446+0000] {processor.py:836} INFO - DAG(s) dict_keys(['example_branch_labels']) retrieved from /home/vscode/.local/lib/python3.10/site-packages/airflow/example_dags/example_branch_labels.py
[2024-09-12T07:00:43.459+0000] {logging_mixin.py:150} INFO - [2024-09-12T07:00:43.459+0000] {dag.py:2742} INFO - Sync 1 DAGs
[2024-09-12T07:00:43.474+0000] {logging_mixin.py:150} INFO - [2024-09-12T07:00:43.474+0000] {dag.py:3504} INFO - Setting next_dagrun for example_branch_labels to 2024-09-11T00:00:00+00:00, run_after=2024-09-12T00:00:00+00:00
[2024-09-12T07:00:43.507+0000] {processor.py:179} INFO - Processing /home/vscode/.local/lib/python3.10/site-packages/airflow/example_dags/example_branch_labels.py took 0.070 seconds
[2024-09-12T07:01:27.919+0000] {processor.py:157} INFO - Started process (PID=16231) to work on /home/vscode/.local/lib/python3.10/site-packages/airflow/example_dags/example_branch_labels.py
[2024-09-12T07:01:27.920+0000] {processor.py:826} INFO - Processing file /home/vscode/.local/lib/python3.10/site-packages/airflow/example_dags/example_branch_labels.py for tasks to queue
[2024-09-12T07:01:27.920+0000] {logging_mixin.py:150} INFO - [2024-09-12T07:01:27.920+0000] {dagbag.py:541} INFO - Filling up the DagBag from /home/vscode/.local/lib/python3.10/site-packages/airflow/example_dags/example_branch_labels.py
[2024-09-12T07:01:27.926+0000] {processor.py:836} INFO - DAG(s) dict_keys(['example_branch_labels']) retrieved from /home/vscode/.local/lib/python3.10/site-packages/airflow/example_dags/example_branch_labels.py
[2024-09-12T07:01:27.939+0000] {logging_mixin.py:150} INFO - [2024-09-12T07:01:27.939+0000] {dag.py:2742} INFO - Sync 1 DAGs
[2024-09-12T07:01:27.954+0000] {logging_mixin.py:150} INFO - [2024-09-12T07:01:27.954+0000] {dag.py:3504} INFO - Setting next_dagrun for example_branch_labels to 2024-09-11T00:00:00+00:00, run_after=2024-09-12T00:00:00+00:00
[2024-09-12T07:01:27.987+0000] {processor.py:179} INFO - Processing /home/vscode/.local/lib/python3.10/site-packages/airflow/example_dags/example_branch_labels.py took 0.070 seconds
[2024-09-12T07:02:16.299+0000] {processor.py:157} INFO - Started process (PID=16562) to work on /home/vscode/.local/lib/python3.10/site-packages/airflow/example_dags/example_branch_labels.py
[2024-09-12T07:02:16.300+0000] {processor.py:826} INFO - Processing file /home/vscode/.local/lib/python3.10/site-packages/airflow/example_dags/example_branch_labels.py for tasks to queue
[2024-09-12T07:02:16.301+0000] {logging_mixin.py:150} INFO - [2024-09-12T07:02:16.300+0000] {dagbag.py:541} INFO - Filling up the DagBag from /home/vscode/.local/lib/python3.10/site-packages/airflow/example_dags/example_branch_labels.py
[2024-09-12T07:02:16.306+0000] {processor.py:836} INFO - DAG(s) dict_keys(['example_branch_labels']) retrieved from /home/vscode/.local/lib/python3.10/site-packages/airflow/example_dags/example_branch_labels.py
[2024-09-12T07:02:16.318+0000] {logging_mixin.py:150} INFO - [2024-09-12T07:02:16.318+0000] {dag.py:2742} INFO - Sync 1 DAGs
[2024-09-12T07:02:16.333+0000] {logging_mixin.py:150} INFO - [2024-09-12T07:02:16.333+0000] {dag.py:3504} INFO - Setting next_dagrun for example_branch_labels to 2024-09-11T00:00:00+00:00, run_after=2024-09-12T00:00:00+00:00
[2024-09-12T07:02:16.363+0000] {processor.py:179} INFO - Processing /home/vscode/.local/lib/python3.10/site-packages/airflow/example_dags/example_branch_labels.py took 0.065 seconds
[2024-09-12T07:02:58.133+0000] {processor.py:157} INFO - Started process (PID=16840) to work on /home/vscode/.local/lib/python3.10/site-packages/airflow/example_dags/example_branch_labels.py
[2024-09-12T07:02:58.133+0000] {processor.py:826} INFO - Processing file /home/vscode/.local/lib/python3.10/site-packages/airflow/example_dags/example_branch_labels.py for tasks to queue
[2024-09-12T07:02:58.134+0000] {logging_mixin.py:150} INFO - [2024-09-12T07:02:58.134+0000] {dagbag.py:541} INFO - Filling up the DagBag from /home/vscode/.local/lib/python3.10/site-packages/airflow/example_dags/example_branch_labels.py
[2024-09-12T07:02:58.139+0000] {processor.py:836} INFO - DAG(s) dict_keys(['example_branch_labels']) retrieved from /home/vscode/.local/lib/python3.10/site-packages/airflow/example_dags/example_branch_labels.py
[2024-09-12T07:02:58.152+0000] {logging_mixin.py:150} INFO - [2024-09-12T07:02:58.152+0000] {dag.py:2742} INFO - Sync 1 DAGs
[2024-09-12T07:02:58.167+0000] {logging_mixin.py:150} INFO - [2024-09-12T07:02:58.166+0000] {dag.py:3504} INFO - Setting next_dagrun for example_branch_labels to 2024-09-11T00:00:00+00:00, run_after=2024-09-12T00:00:00+00:00
[2024-09-12T07:02:58.207+0000] {processor.py:179} INFO - Processing /home/vscode/.local/lib/python3.10/site-packages/airflow/example_dags/example_branch_labels.py took 0.076 seconds
[2024-09-12T07:03:48.319+0000] {processor.py:157} INFO - Started process (PID=17212) to work on /home/vscode/.local/lib/python3.10/site-packages/airflow/example_dags/example_branch_labels.py
[2024-09-12T07:03:48.319+0000] {processor.py:826} INFO - Processing file /home/vscode/.local/lib/python3.10/site-packages/airflow/example_dags/example_branch_labels.py for tasks to queue
[2024-09-12T07:03:48.320+0000] {logging_mixin.py:150} INFO - [2024-09-12T07:03:48.320+0000] {dagbag.py:541} INFO - Filling up the DagBag from /home/vscode/.local/lib/python3.10/site-packages/airflow/example_dags/example_branch_labels.py
[2024-09-12T07:03:48.325+0000] {processor.py:836} INFO - DAG(s) dict_keys(['example_branch_labels']) retrieved from /home/vscode/.local/lib/python3.10/site-packages/airflow/example_dags/example_branch_labels.py
[2024-09-12T07:03:48.337+0000] {logging_mixin.py:150} INFO - [2024-09-12T07:03:48.337+0000] {dag.py:2742} INFO - Sync 1 DAGs
[2024-09-12T07:03:48.352+0000] {logging_mixin.py:150} INFO - [2024-09-12T07:03:48.352+0000] {dag.py:3504} INFO - Setting next_dagrun for example_branch_labels to 2024-09-11T00:00:00+00:00, run_after=2024-09-12T00:00:00+00:00
[2024-09-12T07:03:48.392+0000] {processor.py:179} INFO - Processing /home/vscode/.local/lib/python3.10/site-packages/airflow/example_dags/example_branch_labels.py took 0.076 seconds
[2024-09-12T07:04:36.263+0000] {processor.py:157} INFO - Started process (PID=17587) to work on /home/vscode/.local/lib/python3.10/site-packages/airflow/example_dags/example_branch_labels.py
[2024-09-12T07:04:36.264+0000] {processor.py:826} INFO - Processing file /home/vscode/.local/lib/python3.10/site-packages/airflow/example_dags/example_branch_labels.py for tasks to queue
[2024-09-12T07:04:36.264+0000] {logging_mixin.py:150} INFO - [2024-09-12T07:04:36.264+0000] {dagbag.py:541} INFO - Filling up the DagBag from /home/vscode/.local/lib/python3.10/site-packages/airflow/example_dags/example_branch_labels.py
[2024-09-12T07:04:36.270+0000] {processor.py:836} INFO - DAG(s) dict_keys(['example_branch_labels']) retrieved from /home/vscode/.local/lib/python3.10/site-packages/airflow/example_dags/example_branch_labels.py
[2024-09-12T07:04:36.282+0000] {logging_mixin.py:150} INFO - [2024-09-12T07:04:36.282+0000] {dag.py:2742} INFO - Sync 1 DAGs
[2024-09-12T07:04:36.296+0000] {logging_mixin.py:150} INFO - [2024-09-12T07:04:36.296+0000] {dag.py:3504} INFO - Setting next_dagrun for example_branch_labels to 2024-09-11T00:00:00+00:00, run_after=2024-09-12T00:00:00+00:00
[2024-09-12T07:04:36.340+0000] {processor.py:179} INFO - Processing /home/vscode/.local/lib/python3.10/site-packages/airflow/example_dags/example_branch_labels.py took 0.079 seconds
[2024-09-12T07:05:21.016+0000] {processor.py:157} INFO - Started process (PID=17992) to work on /home/vscode/.local/lib/python3.10/site-packages/airflow/example_dags/example_branch_labels.py
[2024-09-12T07:05:21.017+0000] {processor.py:826} INFO - Processing file /home/vscode/.local/lib/python3.10/site-packages/airflow/example_dags/example_branch_labels.py for tasks to queue
[2024-09-12T07:05:21.017+0000] {logging_mixin.py:150} INFO - [2024-09-12T07:05:21.017+0000] {dagbag.py:541} INFO - Filling up the DagBag from /home/vscode/.local/lib/python3.10/site-packages/airflow/example_dags/example_branch_labels.py
[2024-09-12T07:05:21.023+0000] {processor.py:836} INFO - DAG(s) dict_keys(['example_branch_labels']) retrieved from /home/vscode/.local/lib/python3.10/site-packages/airflow/example_dags/example_branch_labels.py
[2024-09-12T07:05:21.035+0000] {logging_mixin.py:150} INFO - [2024-09-12T07:05:21.035+0000] {dag.py:2742} INFO - Sync 1 DAGs
[2024-09-12T07:05:21.055+0000] {logging_mixin.py:150} INFO - [2024-09-12T07:05:21.055+0000] {dag.py:3504} INFO - Setting next_dagrun for example_branch_labels to 2024-09-11T00:00:00+00:00, run_after=2024-09-12T00:00:00+00:00
[2024-09-12T07:05:21.089+0000] {processor.py:179} INFO - Processing /home/vscode/.local/lib/python3.10/site-packages/airflow/example_dags/example_branch_labels.py took 0.075 seconds
[2024-09-12T07:06:05.632+0000] {processor.py:157} INFO - Started process (PID=18341) to work on /home/vscode/.local/lib/python3.10/site-packages/airflow/example_dags/example_branch_labels.py
[2024-09-12T07:06:05.632+0000] {processor.py:826} INFO - Processing file /home/vscode/.local/lib/python3.10/site-packages/airflow/example_dags/example_branch_labels.py for tasks to queue
[2024-09-12T07:06:05.633+0000] {logging_mixin.py:150} INFO - [2024-09-12T07:06:05.633+0000] {dagbag.py:541} INFO - Filling up the DagBag from /home/vscode/.local/lib/python3.10/site-packages/airflow/example_dags/example_branch_labels.py
[2024-09-12T07:06:05.638+0000] {processor.py:836} INFO - DAG(s) dict_keys(['example_branch_labels']) retrieved from /home/vscode/.local/lib/python3.10/site-packages/airflow/example_dags/example_branch_labels.py
[2024-09-12T07:06:05.651+0000] {logging_mixin.py:150} INFO - [2024-09-12T07:06:05.651+0000] {dag.py:2742} INFO - Sync 1 DAGs
[2024-09-12T07:06:05.666+0000] {logging_mixin.py:150} INFO - [2024-09-12T07:06:05.666+0000] {dag.py:3504} INFO - Setting next_dagrun for example_branch_labels to 2024-09-11T00:00:00+00:00, run_after=2024-09-12T00:00:00+00:00
[2024-09-12T07:06:05.696+0000] {processor.py:179} INFO - Processing /home/vscode/.local/lib/python3.10/site-packages/airflow/example_dags/example_branch_labels.py took 0.067 seconds
[2024-09-12T07:06:51.046+0000] {processor.py:157} INFO - Started process (PID=18685) to work on /home/vscode/.local/lib/python3.10/site-packages/airflow/example_dags/example_branch_labels.py
[2024-09-12T07:06:51.047+0000] {processor.py:826} INFO - Processing file /home/vscode/.local/lib/python3.10/site-packages/airflow/example_dags/example_branch_labels.py for tasks to queue
[2024-09-12T07:06:51.047+0000] {logging_mixin.py:150} INFO - [2024-09-12T07:06:51.047+0000] {dagbag.py:541} INFO - Filling up the DagBag from /home/vscode/.local/lib/python3.10/site-packages/airflow/example_dags/example_branch_labels.py
[2024-09-12T07:06:51.053+0000] {processor.py:836} INFO - DAG(s) dict_keys(['example_branch_labels']) retrieved from /home/vscode/.local/lib/python3.10/site-packages/airflow/example_dags/example_branch_labels.py
[2024-09-12T07:06:51.066+0000] {logging_mixin.py:150} INFO - [2024-09-12T07:06:51.066+0000] {dag.py:2742} INFO - Sync 1 DAGs
[2024-09-12T07:06:51.082+0000] {logging_mixin.py:150} INFO - [2024-09-12T07:06:51.082+0000] {dag.py:3504} INFO - Setting next_dagrun for example_branch_labels to 2024-09-11T00:00:00+00:00, run_after=2024-09-12T00:00:00+00:00
[2024-09-12T07:06:51.127+0000] {processor.py:179} INFO - Processing /home/vscode/.local/lib/python3.10/site-packages/airflow/example_dags/example_branch_labels.py took 0.083 seconds
[2024-09-12T07:07:36.516+0000] {processor.py:157} INFO - Started process (PID=18990) to work on /home/vscode/.local/lib/python3.10/site-packages/airflow/example_dags/example_branch_labels.py
[2024-09-12T07:07:36.517+0000] {processor.py:826} INFO - Processing file /home/vscode/.local/lib/python3.10/site-packages/airflow/example_dags/example_branch_labels.py for tasks to queue
[2024-09-12T07:07:36.517+0000] {logging_mixin.py:150} INFO - [2024-09-12T07:07:36.517+0000] {dagbag.py:541} INFO - Filling up the DagBag from /home/vscode/.local/lib/python3.10/site-packages/airflow/example_dags/example_branch_labels.py
[2024-09-12T07:07:36.523+0000] {processor.py:836} INFO - DAG(s) dict_keys(['example_branch_labels']) retrieved from /home/vscode/.local/lib/python3.10/site-packages/airflow/example_dags/example_branch_labels.py
[2024-09-12T07:07:36.535+0000] {logging_mixin.py:150} INFO - [2024-09-12T07:07:36.535+0000] {dag.py:2742} INFO - Sync 1 DAGs
[2024-09-12T07:07:36.549+0000] {logging_mixin.py:150} INFO - [2024-09-12T07:07:36.549+0000] {dag.py:3504} INFO - Setting next_dagrun for example_branch_labels to 2024-09-11T00:00:00+00:00, run_after=2024-09-12T00:00:00+00:00
[2024-09-12T07:07:36.592+0000] {processor.py:179} INFO - Processing /home/vscode/.local/lib/python3.10/site-packages/airflow/example_dags/example_branch_labels.py took 0.078 seconds
[2024-09-12T07:08:20.025+0000] {processor.py:157} INFO - Started process (PID=19319) to work on /home/vscode/.local/lib/python3.10/site-packages/airflow/example_dags/example_branch_labels.py
[2024-09-12T07:08:20.026+0000] {processor.py:826} INFO - Processing file /home/vscode/.local/lib/python3.10/site-packages/airflow/example_dags/example_branch_labels.py for tasks to queue
[2024-09-12T07:08:20.027+0000] {logging_mixin.py:150} INFO - [2024-09-12T07:08:20.026+0000] {dagbag.py:541} INFO - Filling up the DagBag from /home/vscode/.local/lib/python3.10/site-packages/airflow/example_dags/example_branch_labels.py
[2024-09-12T07:08:20.033+0000] {processor.py:836} INFO - DAG(s) dict_keys(['example_branch_labels']) retrieved from /home/vscode/.local/lib/python3.10/site-packages/airflow/example_dags/example_branch_labels.py
[2024-09-12T07:08:20.046+0000] {logging_mixin.py:150} INFO - [2024-09-12T07:08:20.045+0000] {dag.py:2742} INFO - Sync 1 DAGs
[2024-09-12T07:08:20.061+0000] {logging_mixin.py:150} INFO - [2024-09-12T07:08:20.061+0000] {dag.py:3504} INFO - Setting next_dagrun for example_branch_labels to 2024-09-11T00:00:00+00:00, run_after=2024-09-12T00:00:00+00:00
[2024-09-12T07:08:20.089+0000] {processor.py:179} INFO - Processing /home/vscode/.local/lib/python3.10/site-packages/airflow/example_dags/example_branch_labels.py took 0.066 seconds
[2024-09-12T07:09:06.342+0000] {processor.py:157} INFO - Started process (PID=19716) to work on /home/vscode/.local/lib/python3.10/site-packages/airflow/example_dags/example_branch_labels.py
[2024-09-12T07:09:06.343+0000] {processor.py:826} INFO - Processing file /home/vscode/.local/lib/python3.10/site-packages/airflow/example_dags/example_branch_labels.py for tasks to queue
[2024-09-12T07:09:06.344+0000] {logging_mixin.py:150} INFO - [2024-09-12T07:09:06.343+0000] {dagbag.py:541} INFO - Filling up the DagBag from /home/vscode/.local/lib/python3.10/site-packages/airflow/example_dags/example_branch_labels.py
[2024-09-12T07:09:06.349+0000] {processor.py:836} INFO - DAG(s) dict_keys(['example_branch_labels']) retrieved from /home/vscode/.local/lib/python3.10/site-packages/airflow/example_dags/example_branch_labels.py
[2024-09-12T07:09:06.361+0000] {logging_mixin.py:150} INFO - [2024-09-12T07:09:06.361+0000] {dag.py:2742} INFO - Sync 1 DAGs
[2024-09-12T07:09:06.376+0000] {logging_mixin.py:150} INFO - [2024-09-12T07:09:06.376+0000] {dag.py:3504} INFO - Setting next_dagrun for example_branch_labels to 2024-09-11T00:00:00+00:00, run_after=2024-09-12T00:00:00+00:00
[2024-09-12T07:09:06.408+0000] {processor.py:179} INFO - Processing /home/vscode/.local/lib/python3.10/site-packages/airflow/example_dags/example_branch_labels.py took 0.067 seconds
[2024-09-12T07:09:51.514+0000] {processor.py:157} INFO - Started process (PID=20028) to work on /home/vscode/.local/lib/python3.10/site-packages/airflow/example_dags/example_branch_labels.py
[2024-09-12T07:09:51.515+0000] {processor.py:826} INFO - Processing file /home/vscode/.local/lib/python3.10/site-packages/airflow/example_dags/example_branch_labels.py for tasks to queue
[2024-09-12T07:09:51.515+0000] {logging_mixin.py:150} INFO - [2024-09-12T07:09:51.515+0000] {dagbag.py:541} INFO - Filling up the DagBag from /home/vscode/.local/lib/python3.10/site-packages/airflow/example_dags/example_branch_labels.py
[2024-09-12T07:09:51.521+0000] {processor.py:836} INFO - DAG(s) dict_keys(['example_branch_labels']) retrieved from /home/vscode/.local/lib/python3.10/site-packages/airflow/example_dags/example_branch_labels.py
[2024-09-12T07:09:51.534+0000] {logging_mixin.py:150} INFO - [2024-09-12T07:09:51.534+0000] {dag.py:2742} INFO - Sync 1 DAGs
[2024-09-12T07:09:51.550+0000] {logging_mixin.py:150} INFO - [2024-09-12T07:09:51.550+0000] {dag.py:3504} INFO - Setting next_dagrun for example_branch_labels to 2024-09-11T00:00:00+00:00, run_after=2024-09-12T00:00:00+00:00
[2024-09-12T07:09:51.602+0000] {processor.py:179} INFO - Processing /home/vscode/.local/lib/python3.10/site-packages/airflow/example_dags/example_branch_labels.py took 0.090 seconds
