[2024-09-12T06:38:46.070+0000] {processor.py:157} INFO - Started process (PID=6885) to work on /home/vscode/.local/lib/python3.10/site-packages/airflow/example_dags/example_trigger_target_dag.py
[2024-09-12T06:38:46.071+0000] {processor.py:826} INFO - Processing file /home/vscode/.local/lib/python3.10/site-packages/airflow/example_dags/example_trigger_target_dag.py for tasks to queue
[2024-09-12T06:38:46.071+0000] {logging_mixin.py:150} INFO - [2024-09-12T06:38:46.071+0000] {dagbag.py:541} INFO - Filling up the DagBag from /home/vscode/.local/lib/python3.10/site-packages/airflow/example_dags/example_trigger_target_dag.py
[2024-09-12T06:38:46.077+0000] {processor.py:836} INFO - DAG(s) dict_keys(['example_trigger_target_dag']) retrieved from /home/vscode/.local/lib/python3.10/site-packages/airflow/example_dags/example_trigger_target_dag.py
[2024-09-12T06:38:46.335+0000] {logging_mixin.py:150} INFO - [2024-09-12T06:38:46.335+0000] {manager.py:504} INFO - Created Permission View: can edit on DAG:example_trigger_target_dag
[2024-09-12T06:38:46.371+0000] {logging_mixin.py:150} INFO - [2024-09-12T06:38:46.370+0000] {manager.py:504} INFO - Created Permission View: can read on DAG:example_trigger_target_dag
[2024-09-12T06:38:46.392+0000] {logging_mixin.py:150} INFO - [2024-09-12T06:38:46.392+0000] {manager.py:504} INFO - Created Permission View: can delete on DAG:example_trigger_target_dag
[2024-09-12T06:38:46.400+0000] {logging_mixin.py:150} INFO - [2024-09-12T06:38:46.400+0000] {dag.py:2742} INFO - Sync 1 DAGs
[2024-09-12T06:38:46.407+0000] {logging_mixin.py:150} INFO - [2024-09-12T06:38:46.407+0000] {dag.py:2763} INFO - Creating ORM DAG for example_trigger_target_dag
[2024-09-12T06:38:46.413+0000] {logging_mixin.py:150} INFO - [2024-09-12T06:38:46.413+0000] {dag.py:3504} INFO - Setting next_dagrun for example_trigger_target_dag to None, run_after=None
[2024-09-12T06:38:46.451+0000] {processor.py:179} INFO - Processing /home/vscode/.local/lib/python3.10/site-packages/airflow/example_dags/example_trigger_target_dag.py took 0.383 seconds
[2024-09-12T06:39:18.627+0000] {processor.py:157} INFO - Started process (PID=7279) to work on /home/vscode/.local/lib/python3.10/site-packages/airflow/example_dags/example_trigger_target_dag.py
[2024-09-12T06:39:18.628+0000] {processor.py:826} INFO - Processing file /home/vscode/.local/lib/python3.10/site-packages/airflow/example_dags/example_trigger_target_dag.py for tasks to queue
[2024-09-12T06:39:18.628+0000] {logging_mixin.py:150} INFO - [2024-09-12T06:39:18.628+0000] {dagbag.py:541} INFO - Filling up the DagBag from /home/vscode/.local/lib/python3.10/site-packages/airflow/example_dags/example_trigger_target_dag.py
[2024-09-12T06:39:18.634+0000] {processor.py:836} INFO - DAG(s) dict_keys(['example_trigger_target_dag']) retrieved from /home/vscode/.local/lib/python3.10/site-packages/airflow/example_dags/example_trigger_target_dag.py
[2024-09-12T06:39:18.650+0000] {logging_mixin.py:150} INFO - [2024-09-12T06:39:18.650+0000] {dag.py:2742} INFO - Sync 1 DAGs
[2024-09-12T06:39:18.740+0000] {logging_mixin.py:150} INFO - [2024-09-12T06:39:18.740+0000] {dag.py:3504} INFO - Setting next_dagrun for example_trigger_target_dag to None, run_after=None
[2024-09-12T06:39:18.770+0000] {processor.py:179} INFO - Processing /home/vscode/.local/lib/python3.10/site-packages/airflow/example_dags/example_trigger_target_dag.py took 0.145 seconds
[2024-09-12T06:40:15.173+0000] {processor.py:157} INFO - Started process (PID=7677) to work on /home/vscode/.local/lib/python3.10/site-packages/airflow/example_dags/example_trigger_target_dag.py
[2024-09-12T06:40:15.174+0000] {processor.py:826} INFO - Processing file /home/vscode/.local/lib/python3.10/site-packages/airflow/example_dags/example_trigger_target_dag.py for tasks to queue
[2024-09-12T06:40:15.174+0000] {logging_mixin.py:150} INFO - [2024-09-12T06:40:15.174+0000] {dagbag.py:541} INFO - Filling up the DagBag from /home/vscode/.local/lib/python3.10/site-packages/airflow/example_dags/example_trigger_target_dag.py
[2024-09-12T06:40:15.179+0000] {processor.py:836} INFO - DAG(s) dict_keys(['example_trigger_target_dag']) retrieved from /home/vscode/.local/lib/python3.10/site-packages/airflow/example_dags/example_trigger_target_dag.py
[2024-09-12T06:40:15.190+0000] {logging_mixin.py:150} INFO - [2024-09-12T06:40:15.190+0000] {dag.py:2742} INFO - Sync 1 DAGs
[2024-09-12T06:40:15.204+0000] {logging_mixin.py:150} INFO - [2024-09-12T06:40:15.203+0000] {dag.py:3504} INFO - Setting next_dagrun for example_trigger_target_dag to None, run_after=None
[2024-09-12T06:40:15.234+0000] {processor.py:179} INFO - Processing /home/vscode/.local/lib/python3.10/site-packages/airflow/example_dags/example_trigger_target_dag.py took 0.063 seconds
[2024-09-12T06:40:56.443+0000] {processor.py:157} INFO - Started process (PID=7948) to work on /home/vscode/.local/lib/python3.10/site-packages/airflow/example_dags/example_trigger_target_dag.py
[2024-09-12T06:40:56.444+0000] {processor.py:826} INFO - Processing file /home/vscode/.local/lib/python3.10/site-packages/airflow/example_dags/example_trigger_target_dag.py for tasks to queue
[2024-09-12T06:40:56.444+0000] {logging_mixin.py:150} INFO - [2024-09-12T06:40:56.444+0000] {dagbag.py:541} INFO - Filling up the DagBag from /home/vscode/.local/lib/python3.10/site-packages/airflow/example_dags/example_trigger_target_dag.py
[2024-09-12T06:40:56.449+0000] {processor.py:836} INFO - DAG(s) dict_keys(['example_trigger_target_dag']) retrieved from /home/vscode/.local/lib/python3.10/site-packages/airflow/example_dags/example_trigger_target_dag.py
[2024-09-12T06:40:56.460+0000] {logging_mixin.py:150} INFO - [2024-09-12T06:40:56.460+0000] {dag.py:2742} INFO - Sync 1 DAGs
[2024-09-12T06:40:56.473+0000] {logging_mixin.py:150} INFO - [2024-09-12T06:40:56.473+0000] {dag.py:3504} INFO - Setting next_dagrun for example_trigger_target_dag to None, run_after=None
[2024-09-12T06:40:56.507+0000] {processor.py:179} INFO - Processing /home/vscode/.local/lib/python3.10/site-packages/airflow/example_dags/example_trigger_target_dag.py took 0.066 seconds
[2024-09-12T06:41:27.320+0000] {processor.py:157} INFO - Started process (PID=8157) to work on /home/vscode/.local/lib/python3.10/site-packages/airflow/example_dags/example_trigger_target_dag.py
[2024-09-12T06:41:27.321+0000] {processor.py:826} INFO - Processing file /home/vscode/.local/lib/python3.10/site-packages/airflow/example_dags/example_trigger_target_dag.py for tasks to queue
[2024-09-12T06:41:27.321+0000] {logging_mixin.py:150} INFO - [2024-09-12T06:41:27.321+0000] {dagbag.py:541} INFO - Filling up the DagBag from /home/vscode/.local/lib/python3.10/site-packages/airflow/example_dags/example_trigger_target_dag.py
[2024-09-12T06:41:27.325+0000] {processor.py:836} INFO - DAG(s) dict_keys(['example_trigger_target_dag']) retrieved from /home/vscode/.local/lib/python3.10/site-packages/airflow/example_dags/example_trigger_target_dag.py
[2024-09-12T06:41:27.336+0000] {logging_mixin.py:150} INFO - [2024-09-12T06:41:27.336+0000] {dag.py:2742} INFO - Sync 1 DAGs
[2024-09-12T06:41:27.349+0000] {logging_mixin.py:150} INFO - [2024-09-12T06:41:27.349+0000] {dag.py:3504} INFO - Setting next_dagrun for example_trigger_target_dag to None, run_after=None
[2024-09-12T06:41:27.383+0000] {processor.py:179} INFO - Processing /home/vscode/.local/lib/python3.10/site-packages/airflow/example_dags/example_trigger_target_dag.py took 0.065 seconds
[2024-09-12T06:42:09.853+0000] {processor.py:157} INFO - Started process (PID=8441) to work on /home/vscode/.local/lib/python3.10/site-packages/airflow/example_dags/example_trigger_target_dag.py
[2024-09-12T06:42:09.854+0000] {processor.py:826} INFO - Processing file /home/vscode/.local/lib/python3.10/site-packages/airflow/example_dags/example_trigger_target_dag.py for tasks to queue
[2024-09-12T06:42:09.854+0000] {logging_mixin.py:150} INFO - [2024-09-12T06:42:09.854+0000] {dagbag.py:541} INFO - Filling up the DagBag from /home/vscode/.local/lib/python3.10/site-packages/airflow/example_dags/example_trigger_target_dag.py
[2024-09-12T06:42:09.859+0000] {processor.py:836} INFO - DAG(s) dict_keys(['example_trigger_target_dag']) retrieved from /home/vscode/.local/lib/python3.10/site-packages/airflow/example_dags/example_trigger_target_dag.py
[2024-09-12T06:42:09.870+0000] {logging_mixin.py:150} INFO - [2024-09-12T06:42:09.870+0000] {dag.py:2742} INFO - Sync 1 DAGs
[2024-09-12T06:42:09.884+0000] {logging_mixin.py:150} INFO - [2024-09-12T06:42:09.883+0000] {dag.py:3504} INFO - Setting next_dagrun for example_trigger_target_dag to None, run_after=None
[2024-09-12T06:42:09.940+0000] {processor.py:179} INFO - Processing /home/vscode/.local/lib/python3.10/site-packages/airflow/example_dags/example_trigger_target_dag.py took 0.090 seconds
[2024-09-12T06:42:42.040+0000] {processor.py:157} INFO - Started process (PID=8667) to work on /home/vscode/.local/lib/python3.10/site-packages/airflow/example_dags/example_trigger_target_dag.py
[2024-09-12T06:42:42.041+0000] {processor.py:826} INFO - Processing file /home/vscode/.local/lib/python3.10/site-packages/airflow/example_dags/example_trigger_target_dag.py for tasks to queue
[2024-09-12T06:42:42.042+0000] {logging_mixin.py:150} INFO - [2024-09-12T06:42:42.041+0000] {dagbag.py:541} INFO - Filling up the DagBag from /home/vscode/.local/lib/python3.10/site-packages/airflow/example_dags/example_trigger_target_dag.py
[2024-09-12T06:42:42.046+0000] {processor.py:836} INFO - DAG(s) dict_keys(['example_trigger_target_dag']) retrieved from /home/vscode/.local/lib/python3.10/site-packages/airflow/example_dags/example_trigger_target_dag.py
[2024-09-12T06:42:42.058+0000] {logging_mixin.py:150} INFO - [2024-09-12T06:42:42.057+0000] {dag.py:2742} INFO - Sync 1 DAGs
[2024-09-12T06:42:42.071+0000] {logging_mixin.py:150} INFO - [2024-09-12T06:42:42.071+0000] {dag.py:3504} INFO - Setting next_dagrun for example_trigger_target_dag to None, run_after=None
[2024-09-12T06:42:42.104+0000] {processor.py:179} INFO - Processing /home/vscode/.local/lib/python3.10/site-packages/airflow/example_dags/example_trigger_target_dag.py took 0.066 seconds
[2024-09-12T06:43:25.884+0000] {processor.py:157} INFO - Started process (PID=8956) to work on /home/vscode/.local/lib/python3.10/site-packages/airflow/example_dags/example_trigger_target_dag.py
[2024-09-12T06:43:25.885+0000] {processor.py:826} INFO - Processing file /home/vscode/.local/lib/python3.10/site-packages/airflow/example_dags/example_trigger_target_dag.py for tasks to queue
[2024-09-12T06:43:25.886+0000] {logging_mixin.py:150} INFO - [2024-09-12T06:43:25.886+0000] {dagbag.py:541} INFO - Filling up the DagBag from /home/vscode/.local/lib/python3.10/site-packages/airflow/example_dags/example_trigger_target_dag.py
[2024-09-12T06:43:25.892+0000] {processor.py:836} INFO - DAG(s) dict_keys(['example_trigger_target_dag']) retrieved from /home/vscode/.local/lib/python3.10/site-packages/airflow/example_dags/example_trigger_target_dag.py
[2024-09-12T06:43:25.909+0000] {logging_mixin.py:150} INFO - [2024-09-12T06:43:25.908+0000] {dag.py:2742} INFO - Sync 1 DAGs
[2024-09-12T06:43:25.927+0000] {logging_mixin.py:150} INFO - [2024-09-12T06:43:25.927+0000] {dag.py:3504} INFO - Setting next_dagrun for example_trigger_target_dag to None, run_after=None
[2024-09-12T06:43:25.958+0000] {processor.py:179} INFO - Processing /home/vscode/.local/lib/python3.10/site-packages/airflow/example_dags/example_trigger_target_dag.py took 0.077 seconds
[2024-09-12T06:44:08.329+0000] {processor.py:157} INFO - Started process (PID=9243) to work on /home/vscode/.local/lib/python3.10/site-packages/airflow/example_dags/example_trigger_target_dag.py
[2024-09-12T06:44:08.330+0000] {processor.py:826} INFO - Processing file /home/vscode/.local/lib/python3.10/site-packages/airflow/example_dags/example_trigger_target_dag.py for tasks to queue
[2024-09-12T06:44:08.330+0000] {logging_mixin.py:150} INFO - [2024-09-12T06:44:08.330+0000] {dagbag.py:541} INFO - Filling up the DagBag from /home/vscode/.local/lib/python3.10/site-packages/airflow/example_dags/example_trigger_target_dag.py
[2024-09-12T06:44:08.334+0000] {processor.py:836} INFO - DAG(s) dict_keys(['example_trigger_target_dag']) retrieved from /home/vscode/.local/lib/python3.10/site-packages/airflow/example_dags/example_trigger_target_dag.py
[2024-09-12T06:44:08.345+0000] {logging_mixin.py:150} INFO - [2024-09-12T06:44:08.345+0000] {dag.py:2742} INFO - Sync 1 DAGs
[2024-09-12T06:44:08.363+0000] {logging_mixin.py:150} INFO - [2024-09-12T06:44:08.363+0000] {dag.py:3504} INFO - Setting next_dagrun for example_trigger_target_dag to None, run_after=None
[2024-09-12T06:44:08.394+0000] {processor.py:179} INFO - Processing /home/vscode/.local/lib/python3.10/site-packages/airflow/example_dags/example_trigger_target_dag.py took 0.067 seconds
[2024-09-12T06:44:47.931+0000] {processor.py:157} INFO - Started process (PID=9512) to work on /home/vscode/.local/lib/python3.10/site-packages/airflow/example_dags/example_trigger_target_dag.py
[2024-09-12T06:44:47.932+0000] {processor.py:826} INFO - Processing file /home/vscode/.local/lib/python3.10/site-packages/airflow/example_dags/example_trigger_target_dag.py for tasks to queue
[2024-09-12T06:44:47.933+0000] {logging_mixin.py:150} INFO - [2024-09-12T06:44:47.932+0000] {dagbag.py:541} INFO - Filling up the DagBag from /home/vscode/.local/lib/python3.10/site-packages/airflow/example_dags/example_trigger_target_dag.py
[2024-09-12T06:44:47.937+0000] {processor.py:836} INFO - DAG(s) dict_keys(['example_trigger_target_dag']) retrieved from /home/vscode/.local/lib/python3.10/site-packages/airflow/example_dags/example_trigger_target_dag.py
[2024-09-12T06:44:47.948+0000] {logging_mixin.py:150} INFO - [2024-09-12T06:44:47.948+0000] {dag.py:2742} INFO - Sync 1 DAGs
[2024-09-12T06:44:47.961+0000] {logging_mixin.py:150} INFO - [2024-09-12T06:44:47.961+0000] {dag.py:3504} INFO - Setting next_dagrun for example_trigger_target_dag to None, run_after=None
[2024-09-12T06:44:47.993+0000] {processor.py:179} INFO - Processing /home/vscode/.local/lib/python3.10/site-packages/airflow/example_dags/example_trigger_target_dag.py took 0.063 seconds
[2024-09-12T06:45:32.956+0000] {processor.py:157} INFO - Started process (PID=9815) to work on /home/vscode/.local/lib/python3.10/site-packages/airflow/example_dags/example_trigger_target_dag.py
[2024-09-12T06:45:32.956+0000] {processor.py:826} INFO - Processing file /home/vscode/.local/lib/python3.10/site-packages/airflow/example_dags/example_trigger_target_dag.py for tasks to queue
[2024-09-12T06:45:32.957+0000] {logging_mixin.py:150} INFO - [2024-09-12T06:45:32.957+0000] {dagbag.py:541} INFO - Filling up the DagBag from /home/vscode/.local/lib/python3.10/site-packages/airflow/example_dags/example_trigger_target_dag.py
[2024-09-12T06:45:32.961+0000] {processor.py:836} INFO - DAG(s) dict_keys(['example_trigger_target_dag']) retrieved from /home/vscode/.local/lib/python3.10/site-packages/airflow/example_dags/example_trigger_target_dag.py
[2024-09-12T06:45:32.972+0000] {logging_mixin.py:150} INFO - [2024-09-12T06:45:32.972+0000] {dag.py:2742} INFO - Sync 1 DAGs
[2024-09-12T06:45:32.986+0000] {logging_mixin.py:150} INFO - [2024-09-12T06:45:32.986+0000] {dag.py:3504} INFO - Setting next_dagrun for example_trigger_target_dag to None, run_after=None
[2024-09-12T06:45:33.022+0000] {processor.py:179} INFO - Processing /home/vscode/.local/lib/python3.10/site-packages/airflow/example_dags/example_trigger_target_dag.py took 0.069 seconds
[2024-09-12T06:46:03.359+0000] {processor.py:157} INFO - Started process (PID=10020) to work on /home/vscode/.local/lib/python3.10/site-packages/airflow/example_dags/example_trigger_target_dag.py
[2024-09-12T06:46:03.359+0000] {processor.py:826} INFO - Processing file /home/vscode/.local/lib/python3.10/site-packages/airflow/example_dags/example_trigger_target_dag.py for tasks to queue
[2024-09-12T06:46:03.360+0000] {logging_mixin.py:150} INFO - [2024-09-12T06:46:03.360+0000] {dagbag.py:541} INFO - Filling up the DagBag from /home/vscode/.local/lib/python3.10/site-packages/airflow/example_dags/example_trigger_target_dag.py
[2024-09-12T06:46:03.364+0000] {processor.py:836} INFO - DAG(s) dict_keys(['example_trigger_target_dag']) retrieved from /home/vscode/.local/lib/python3.10/site-packages/airflow/example_dags/example_trigger_target_dag.py
[2024-09-12T06:46:03.375+0000] {logging_mixin.py:150} INFO - [2024-09-12T06:46:03.375+0000] {dag.py:2742} INFO - Sync 1 DAGs
[2024-09-12T06:46:03.389+0000] {logging_mixin.py:150} INFO - [2024-09-12T06:46:03.389+0000] {dag.py:3504} INFO - Setting next_dagrun for example_trigger_target_dag to None, run_after=None
[2024-09-12T06:46:03.420+0000] {processor.py:179} INFO - Processing /home/vscode/.local/lib/python3.10/site-packages/airflow/example_dags/example_trigger_target_dag.py took 0.063 seconds
[2024-09-12T06:46:47.401+0000] {processor.py:157} INFO - Started process (PID=10309) to work on /home/vscode/.local/lib/python3.10/site-packages/airflow/example_dags/example_trigger_target_dag.py
[2024-09-12T06:46:47.402+0000] {processor.py:826} INFO - Processing file /home/vscode/.local/lib/python3.10/site-packages/airflow/example_dags/example_trigger_target_dag.py for tasks to queue
[2024-09-12T06:46:47.403+0000] {logging_mixin.py:150} INFO - [2024-09-12T06:46:47.402+0000] {dagbag.py:541} INFO - Filling up the DagBag from /home/vscode/.local/lib/python3.10/site-packages/airflow/example_dags/example_trigger_target_dag.py
[2024-09-12T06:46:47.407+0000] {processor.py:836} INFO - DAG(s) dict_keys(['example_trigger_target_dag']) retrieved from /home/vscode/.local/lib/python3.10/site-packages/airflow/example_dags/example_trigger_target_dag.py
[2024-09-12T06:46:47.418+0000] {logging_mixin.py:150} INFO - [2024-09-12T06:46:47.418+0000] {dag.py:2742} INFO - Sync 1 DAGs
[2024-09-12T06:46:47.431+0000] {logging_mixin.py:150} INFO - [2024-09-12T06:46:47.431+0000] {dag.py:3504} INFO - Setting next_dagrun for example_trigger_target_dag to None, run_after=None
[2024-09-12T06:46:47.467+0000] {processor.py:179} INFO - Processing /home/vscode/.local/lib/python3.10/site-packages/airflow/example_dags/example_trigger_target_dag.py took 0.068 seconds
[2024-09-12T06:47:18.375+0000] {processor.py:157} INFO - Started process (PID=10518) to work on /home/vscode/.local/lib/python3.10/site-packages/airflow/example_dags/example_trigger_target_dag.py
[2024-09-12T06:47:18.379+0000] {processor.py:826} INFO - Processing file /home/vscode/.local/lib/python3.10/site-packages/airflow/example_dags/example_trigger_target_dag.py for tasks to queue
[2024-09-12T06:47:18.380+0000] {logging_mixin.py:150} INFO - [2024-09-12T06:47:18.379+0000] {dagbag.py:541} INFO - Filling up the DagBag from /home/vscode/.local/lib/python3.10/site-packages/airflow/example_dags/example_trigger_target_dag.py
[2024-09-12T06:47:18.390+0000] {processor.py:836} INFO - DAG(s) dict_keys(['example_trigger_target_dag']) retrieved from /home/vscode/.local/lib/python3.10/site-packages/airflow/example_dags/example_trigger_target_dag.py
[2024-09-12T06:47:18.431+0000] {logging_mixin.py:150} INFO - [2024-09-12T06:47:18.431+0000] {dag.py:2742} INFO - Sync 1 DAGs
[2024-09-12T06:47:18.450+0000] {logging_mixin.py:150} INFO - [2024-09-12T06:47:18.450+0000] {dag.py:3504} INFO - Setting next_dagrun for example_trigger_target_dag to None, run_after=None
[2024-09-12T06:47:18.483+0000] {processor.py:179} INFO - Processing /home/vscode/.local/lib/python3.10/site-packages/airflow/example_dags/example_trigger_target_dag.py took 0.111 seconds
[2024-09-12T06:47:49.548+0000] {processor.py:157} INFO - Started process (PID=10726) to work on /home/vscode/.local/lib/python3.10/site-packages/airflow/example_dags/example_trigger_target_dag.py
[2024-09-12T06:47:49.548+0000] {processor.py:826} INFO - Processing file /home/vscode/.local/lib/python3.10/site-packages/airflow/example_dags/example_trigger_target_dag.py for tasks to queue
[2024-09-12T06:47:49.549+0000] {logging_mixin.py:150} INFO - [2024-09-12T06:47:49.549+0000] {dagbag.py:541} INFO - Filling up the DagBag from /home/vscode/.local/lib/python3.10/site-packages/airflow/example_dags/example_trigger_target_dag.py
[2024-09-12T06:47:49.555+0000] {processor.py:836} INFO - DAG(s) dict_keys(['example_trigger_target_dag']) retrieved from /home/vscode/.local/lib/python3.10/site-packages/airflow/example_dags/example_trigger_target_dag.py
[2024-09-12T06:47:49.566+0000] {logging_mixin.py:150} INFO - [2024-09-12T06:47:49.566+0000] {dag.py:2742} INFO - Sync 1 DAGs
[2024-09-12T06:47:49.579+0000] {logging_mixin.py:150} INFO - [2024-09-12T06:47:49.579+0000] {dag.py:3504} INFO - Setting next_dagrun for example_trigger_target_dag to None, run_after=None
[2024-09-12T06:47:49.611+0000] {processor.py:179} INFO - Processing /home/vscode/.local/lib/python3.10/site-packages/airflow/example_dags/example_trigger_target_dag.py took 0.066 seconds
[2024-09-12T06:48:31.990+0000] {processor.py:157} INFO - Started process (PID=11013) to work on /home/vscode/.local/lib/python3.10/site-packages/airflow/example_dags/example_trigger_target_dag.py
[2024-09-12T06:48:31.990+0000] {processor.py:826} INFO - Processing file /home/vscode/.local/lib/python3.10/site-packages/airflow/example_dags/example_trigger_target_dag.py for tasks to queue
[2024-09-12T06:48:31.991+0000] {logging_mixin.py:150} INFO - [2024-09-12T06:48:31.991+0000] {dagbag.py:541} INFO - Filling up the DagBag from /home/vscode/.local/lib/python3.10/site-packages/airflow/example_dags/example_trigger_target_dag.py
[2024-09-12T06:48:31.995+0000] {processor.py:836} INFO - DAG(s) dict_keys(['example_trigger_target_dag']) retrieved from /home/vscode/.local/lib/python3.10/site-packages/airflow/example_dags/example_trigger_target_dag.py
[2024-09-12T06:48:32.007+0000] {logging_mixin.py:150} INFO - [2024-09-12T06:48:32.007+0000] {dag.py:2742} INFO - Sync 1 DAGs
[2024-09-12T06:48:32.020+0000] {logging_mixin.py:150} INFO - [2024-09-12T06:48:32.020+0000] {dag.py:3504} INFO - Setting next_dagrun for example_trigger_target_dag to None, run_after=None
[2024-09-12T06:48:32.052+0000] {processor.py:179} INFO - Processing /home/vscode/.local/lib/python3.10/site-packages/airflow/example_dags/example_trigger_target_dag.py took 0.064 seconds
[2024-09-12T06:49:16.033+0000] {processor.py:157} INFO - Started process (PID=11307) to work on /home/vscode/.local/lib/python3.10/site-packages/airflow/example_dags/example_trigger_target_dag.py
[2024-09-12T06:49:16.034+0000] {processor.py:826} INFO - Processing file /home/vscode/.local/lib/python3.10/site-packages/airflow/example_dags/example_trigger_target_dag.py for tasks to queue
[2024-09-12T06:49:16.034+0000] {logging_mixin.py:150} INFO - [2024-09-12T06:49:16.034+0000] {dagbag.py:541} INFO - Filling up the DagBag from /home/vscode/.local/lib/python3.10/site-packages/airflow/example_dags/example_trigger_target_dag.py
[2024-09-12T06:49:16.039+0000] {processor.py:836} INFO - DAG(s) dict_keys(['example_trigger_target_dag']) retrieved from /home/vscode/.local/lib/python3.10/site-packages/airflow/example_dags/example_trigger_target_dag.py
[2024-09-12T06:49:16.051+0000] {logging_mixin.py:150} INFO - [2024-09-12T06:49:16.051+0000] {dag.py:2742} INFO - Sync 1 DAGs
[2024-09-12T06:49:16.065+0000] {logging_mixin.py:150} INFO - [2024-09-12T06:49:16.065+0000] {dag.py:3504} INFO - Setting next_dagrun for example_trigger_target_dag to None, run_after=None
[2024-09-12T06:49:16.096+0000] {processor.py:179} INFO - Processing /home/vscode/.local/lib/python3.10/site-packages/airflow/example_dags/example_trigger_target_dag.py took 0.065 seconds
[2024-09-12T06:49:55.627+0000] {processor.py:157} INFO - Started process (PID=11589) to work on /home/vscode/.local/lib/python3.10/site-packages/airflow/example_dags/example_trigger_target_dag.py
[2024-09-12T06:49:55.627+0000] {processor.py:826} INFO - Processing file /home/vscode/.local/lib/python3.10/site-packages/airflow/example_dags/example_trigger_target_dag.py for tasks to queue
[2024-09-12T06:49:55.628+0000] {logging_mixin.py:150} INFO - [2024-09-12T06:49:55.628+0000] {dagbag.py:541} INFO - Filling up the DagBag from /home/vscode/.local/lib/python3.10/site-packages/airflow/example_dags/example_trigger_target_dag.py
[2024-09-12T06:49:55.632+0000] {processor.py:836} INFO - DAG(s) dict_keys(['example_trigger_target_dag']) retrieved from /home/vscode/.local/lib/python3.10/site-packages/airflow/example_dags/example_trigger_target_dag.py
[2024-09-12T06:49:55.643+0000] {logging_mixin.py:150} INFO - [2024-09-12T06:49:55.643+0000] {dag.py:2742} INFO - Sync 1 DAGs
[2024-09-12T06:49:55.656+0000] {logging_mixin.py:150} INFO - [2024-09-12T06:49:55.656+0000] {dag.py:3504} INFO - Setting next_dagrun for example_trigger_target_dag to None, run_after=None
[2024-09-12T06:49:55.692+0000] {processor.py:179} INFO - Processing /home/vscode/.local/lib/python3.10/site-packages/airflow/example_dags/example_trigger_target_dag.py took 0.067 seconds
[2024-09-12T06:50:38.559+0000] {processor.py:157} INFO - Started process (PID=11878) to work on /home/vscode/.local/lib/python3.10/site-packages/airflow/example_dags/example_trigger_target_dag.py
[2024-09-12T06:50:38.559+0000] {processor.py:826} INFO - Processing file /home/vscode/.local/lib/python3.10/site-packages/airflow/example_dags/example_trigger_target_dag.py for tasks to queue
[2024-09-12T06:50:38.560+0000] {logging_mixin.py:150} INFO - [2024-09-12T06:50:38.560+0000] {dagbag.py:541} INFO - Filling up the DagBag from /home/vscode/.local/lib/python3.10/site-packages/airflow/example_dags/example_trigger_target_dag.py
[2024-09-12T06:50:38.564+0000] {processor.py:836} INFO - DAG(s) dict_keys(['example_trigger_target_dag']) retrieved from /home/vscode/.local/lib/python3.10/site-packages/airflow/example_dags/example_trigger_target_dag.py
[2024-09-12T06:50:38.575+0000] {logging_mixin.py:150} INFO - [2024-09-12T06:50:38.575+0000] {dag.py:2742} INFO - Sync 1 DAGs
[2024-09-12T06:50:38.590+0000] {logging_mixin.py:150} INFO - [2024-09-12T06:50:38.590+0000] {dag.py:3504} INFO - Setting next_dagrun for example_trigger_target_dag to None, run_after=None
[2024-09-12T06:50:38.623+0000] {processor.py:179} INFO - Processing /home/vscode/.local/lib/python3.10/site-packages/airflow/example_dags/example_trigger_target_dag.py took 0.066 seconds
[2024-09-12T06:51:24.939+0000] {processor.py:157} INFO - Started process (PID=12183) to work on /home/vscode/.local/lib/python3.10/site-packages/airflow/example_dags/example_trigger_target_dag.py
[2024-09-12T06:51:24.940+0000] {processor.py:826} INFO - Processing file /home/vscode/.local/lib/python3.10/site-packages/airflow/example_dags/example_trigger_target_dag.py for tasks to queue
[2024-09-12T06:51:24.940+0000] {logging_mixin.py:150} INFO - [2024-09-12T06:51:24.940+0000] {dagbag.py:541} INFO - Filling up the DagBag from /home/vscode/.local/lib/python3.10/site-packages/airflow/example_dags/example_trigger_target_dag.py
[2024-09-12T06:51:24.944+0000] {processor.py:836} INFO - DAG(s) dict_keys(['example_trigger_target_dag']) retrieved from /home/vscode/.local/lib/python3.10/site-packages/airflow/example_dags/example_trigger_target_dag.py
[2024-09-12T06:51:24.955+0000] {logging_mixin.py:150} INFO - [2024-09-12T06:51:24.955+0000] {dag.py:2742} INFO - Sync 1 DAGs
[2024-09-12T06:51:24.972+0000] {logging_mixin.py:150} INFO - [2024-09-12T06:51:24.972+0000] {dag.py:3504} INFO - Setting next_dagrun for example_trigger_target_dag to None, run_after=None
[2024-09-12T06:51:25.009+0000] {processor.py:179} INFO - Processing /home/vscode/.local/lib/python3.10/site-packages/airflow/example_dags/example_trigger_target_dag.py took 0.072 seconds
[2024-09-12T06:52:10.462+0000] {processor.py:157} INFO - Started process (PID=12491) to work on /home/vscode/.local/lib/python3.10/site-packages/airflow/example_dags/example_trigger_target_dag.py
[2024-09-12T06:52:10.463+0000] {processor.py:826} INFO - Processing file /home/vscode/.local/lib/python3.10/site-packages/airflow/example_dags/example_trigger_target_dag.py for tasks to queue
[2024-09-12T06:52:10.463+0000] {logging_mixin.py:150} INFO - [2024-09-12T06:52:10.463+0000] {dagbag.py:541} INFO - Filling up the DagBag from /home/vscode/.local/lib/python3.10/site-packages/airflow/example_dags/example_trigger_target_dag.py
[2024-09-12T06:52:10.468+0000] {processor.py:836} INFO - DAG(s) dict_keys(['example_trigger_target_dag']) retrieved from /home/vscode/.local/lib/python3.10/site-packages/airflow/example_dags/example_trigger_target_dag.py
[2024-09-12T06:52:10.479+0000] {logging_mixin.py:150} INFO - [2024-09-12T06:52:10.479+0000] {dag.py:2742} INFO - Sync 1 DAGs
[2024-09-12T06:52:10.492+0000] {logging_mixin.py:150} INFO - [2024-09-12T06:52:10.492+0000] {dag.py:3504} INFO - Setting next_dagrun for example_trigger_target_dag to None, run_after=None
[2024-09-12T06:52:10.522+0000] {processor.py:179} INFO - Processing /home/vscode/.local/lib/python3.10/site-packages/airflow/example_dags/example_trigger_target_dag.py took 0.062 seconds
[2024-09-12T06:52:41.972+0000] {processor.py:157} INFO - Started process (PID=12695) to work on /home/vscode/.local/lib/python3.10/site-packages/airflow/example_dags/example_trigger_target_dag.py
[2024-09-12T06:52:41.973+0000] {processor.py:826} INFO - Processing file /home/vscode/.local/lib/python3.10/site-packages/airflow/example_dags/example_trigger_target_dag.py for tasks to queue
[2024-09-12T06:52:41.974+0000] {logging_mixin.py:150} INFO - [2024-09-12T06:52:41.973+0000] {dagbag.py:541} INFO - Filling up the DagBag from /home/vscode/.local/lib/python3.10/site-packages/airflow/example_dags/example_trigger_target_dag.py
[2024-09-12T06:52:41.978+0000] {processor.py:836} INFO - DAG(s) dict_keys(['example_trigger_target_dag']) retrieved from /home/vscode/.local/lib/python3.10/site-packages/airflow/example_dags/example_trigger_target_dag.py
[2024-09-12T06:52:41.989+0000] {logging_mixin.py:150} INFO - [2024-09-12T06:52:41.989+0000] {dag.py:2742} INFO - Sync 1 DAGs
[2024-09-12T06:52:42.004+0000] {logging_mixin.py:150} INFO - [2024-09-12T06:52:42.004+0000] {dag.py:3504} INFO - Setting next_dagrun for example_trigger_target_dag to None, run_after=None
[2024-09-12T06:52:42.039+0000] {processor.py:179} INFO - Processing /home/vscode/.local/lib/python3.10/site-packages/airflow/example_dags/example_trigger_target_dag.py took 0.069 seconds
[2024-09-12T06:53:12.246+0000] {processor.py:157} INFO - Started process (PID=12901) to work on /home/vscode/.local/lib/python3.10/site-packages/airflow/example_dags/example_trigger_target_dag.py
[2024-09-12T06:53:12.247+0000] {processor.py:826} INFO - Processing file /home/vscode/.local/lib/python3.10/site-packages/airflow/example_dags/example_trigger_target_dag.py for tasks to queue
[2024-09-12T06:53:12.247+0000] {logging_mixin.py:150} INFO - [2024-09-12T06:53:12.247+0000] {dagbag.py:541} INFO - Filling up the DagBag from /home/vscode/.local/lib/python3.10/site-packages/airflow/example_dags/example_trigger_target_dag.py
[2024-09-12T06:53:12.252+0000] {processor.py:836} INFO - DAG(s) dict_keys(['example_trigger_target_dag']) retrieved from /home/vscode/.local/lib/python3.10/site-packages/airflow/example_dags/example_trigger_target_dag.py
[2024-09-12T06:53:12.265+0000] {logging_mixin.py:150} INFO - [2024-09-12T06:53:12.265+0000] {dag.py:2742} INFO - Sync 1 DAGs
[2024-09-12T06:53:12.279+0000] {logging_mixin.py:150} INFO - [2024-09-12T06:53:12.279+0000] {dag.py:3504} INFO - Setting next_dagrun for example_trigger_target_dag to None, run_after=None
[2024-09-12T06:53:12.310+0000] {processor.py:179} INFO - Processing /home/vscode/.local/lib/python3.10/site-packages/airflow/example_dags/example_trigger_target_dag.py took 0.066 seconds
[2024-09-12T06:53:57.243+0000] {processor.py:157} INFO - Started process (PID=13205) to work on /home/vscode/.local/lib/python3.10/site-packages/airflow/example_dags/example_trigger_target_dag.py
[2024-09-12T06:53:57.243+0000] {processor.py:826} INFO - Processing file /home/vscode/.local/lib/python3.10/site-packages/airflow/example_dags/example_trigger_target_dag.py for tasks to queue
[2024-09-12T06:53:57.244+0000] {logging_mixin.py:150} INFO - [2024-09-12T06:53:57.244+0000] {dagbag.py:541} INFO - Filling up the DagBag from /home/vscode/.local/lib/python3.10/site-packages/airflow/example_dags/example_trigger_target_dag.py
[2024-09-12T06:53:57.248+0000] {processor.py:836} INFO - DAG(s) dict_keys(['example_trigger_target_dag']) retrieved from /home/vscode/.local/lib/python3.10/site-packages/airflow/example_dags/example_trigger_target_dag.py
[2024-09-12T06:53:57.259+0000] {logging_mixin.py:150} INFO - [2024-09-12T06:53:57.259+0000] {dag.py:2742} INFO - Sync 1 DAGs
[2024-09-12T06:53:57.272+0000] {logging_mixin.py:150} INFO - [2024-09-12T06:53:57.272+0000] {dag.py:3504} INFO - Setting next_dagrun for example_trigger_target_dag to None, run_after=None
[2024-09-12T06:53:57.301+0000] {processor.py:179} INFO - Processing /home/vscode/.local/lib/python3.10/site-packages/airflow/example_dags/example_trigger_target_dag.py took 0.061 seconds
[2024-09-12T06:54:41.748+0000] {processor.py:157} INFO - Started process (PID=13505) to work on /home/vscode/.local/lib/python3.10/site-packages/airflow/example_dags/example_trigger_target_dag.py
[2024-09-12T06:54:41.749+0000] {processor.py:826} INFO - Processing file /home/vscode/.local/lib/python3.10/site-packages/airflow/example_dags/example_trigger_target_dag.py for tasks to queue
[2024-09-12T06:54:41.750+0000] {logging_mixin.py:150} INFO - [2024-09-12T06:54:41.749+0000] {dagbag.py:541} INFO - Filling up the DagBag from /home/vscode/.local/lib/python3.10/site-packages/airflow/example_dags/example_trigger_target_dag.py
[2024-09-12T06:54:41.754+0000] {processor.py:836} INFO - DAG(s) dict_keys(['example_trigger_target_dag']) retrieved from /home/vscode/.local/lib/python3.10/site-packages/airflow/example_dags/example_trigger_target_dag.py
[2024-09-12T06:54:41.765+0000] {logging_mixin.py:150} INFO - [2024-09-12T06:54:41.765+0000] {dag.py:2742} INFO - Sync 1 DAGs
[2024-09-12T06:54:41.779+0000] {logging_mixin.py:150} INFO - [2024-09-12T06:54:41.779+0000] {dag.py:3504} INFO - Setting next_dagrun for example_trigger_target_dag to None, run_after=None
[2024-09-12T06:54:41.811+0000] {processor.py:179} INFO - Processing /home/vscode/.local/lib/python3.10/site-packages/airflow/example_dags/example_trigger_target_dag.py took 0.065 seconds
[2024-09-12T06:55:14.632+0000] {processor.py:157} INFO - Started process (PID=13722) to work on /home/vscode/.local/lib/python3.10/site-packages/airflow/example_dags/example_trigger_target_dag.py
[2024-09-12T06:55:14.633+0000] {processor.py:826} INFO - Processing file /home/vscode/.local/lib/python3.10/site-packages/airflow/example_dags/example_trigger_target_dag.py for tasks to queue
[2024-09-12T06:55:14.634+0000] {logging_mixin.py:150} INFO - [2024-09-12T06:55:14.633+0000] {dagbag.py:541} INFO - Filling up the DagBag from /home/vscode/.local/lib/python3.10/site-packages/airflow/example_dags/example_trigger_target_dag.py
[2024-09-12T06:55:14.638+0000] {processor.py:836} INFO - DAG(s) dict_keys(['example_trigger_target_dag']) retrieved from /home/vscode/.local/lib/python3.10/site-packages/airflow/example_dags/example_trigger_target_dag.py
[2024-09-12T06:55:14.648+0000] {logging_mixin.py:150} INFO - [2024-09-12T06:55:14.648+0000] {dag.py:2742} INFO - Sync 1 DAGs
[2024-09-12T06:55:14.661+0000] {logging_mixin.py:150} INFO - [2024-09-12T06:55:14.661+0000] {dag.py:3504} INFO - Setting next_dagrun for example_trigger_target_dag to None, run_after=None
[2024-09-12T06:55:14.697+0000] {processor.py:179} INFO - Processing /home/vscode/.local/lib/python3.10/site-packages/airflow/example_dags/example_trigger_target_dag.py took 0.066 seconds
[2024-09-12T06:55:58.760+0000] {processor.py:157} INFO - Started process (PID=14029) to work on /home/vscode/.local/lib/python3.10/site-packages/airflow/example_dags/example_trigger_target_dag.py
[2024-09-12T06:55:58.761+0000] {processor.py:826} INFO - Processing file /home/vscode/.local/lib/python3.10/site-packages/airflow/example_dags/example_trigger_target_dag.py for tasks to queue
[2024-09-12T06:55:58.762+0000] {logging_mixin.py:150} INFO - [2024-09-12T06:55:58.761+0000] {dagbag.py:541} INFO - Filling up the DagBag from /home/vscode/.local/lib/python3.10/site-packages/airflow/example_dags/example_trigger_target_dag.py
[2024-09-12T06:55:58.766+0000] {processor.py:836} INFO - DAG(s) dict_keys(['example_trigger_target_dag']) retrieved from /home/vscode/.local/lib/python3.10/site-packages/airflow/example_dags/example_trigger_target_dag.py
[2024-09-12T06:55:58.777+0000] {logging_mixin.py:150} INFO - [2024-09-12T06:55:58.777+0000] {dag.py:2742} INFO - Sync 1 DAGs
[2024-09-12T06:55:58.791+0000] {logging_mixin.py:150} INFO - [2024-09-12T06:55:58.790+0000] {dag.py:3504} INFO - Setting next_dagrun for example_trigger_target_dag to None, run_after=None
[2024-09-12T06:55:58.820+0000] {processor.py:179} INFO - Processing /home/vscode/.local/lib/python3.10/site-packages/airflow/example_dags/example_trigger_target_dag.py took 0.062 seconds
[2024-09-12T06:56:31.998+0000] {processor.py:157} INFO - Started process (PID=14246) to work on /home/vscode/.local/lib/python3.10/site-packages/airflow/example_dags/example_trigger_target_dag.py
[2024-09-12T06:56:31.999+0000] {processor.py:826} INFO - Processing file /home/vscode/.local/lib/python3.10/site-packages/airflow/example_dags/example_trigger_target_dag.py for tasks to queue
[2024-09-12T06:56:32.000+0000] {logging_mixin.py:150} INFO - [2024-09-12T06:56:31.999+0000] {dagbag.py:541} INFO - Filling up the DagBag from /home/vscode/.local/lib/python3.10/site-packages/airflow/example_dags/example_trigger_target_dag.py
[2024-09-12T06:56:32.006+0000] {processor.py:836} INFO - DAG(s) dict_keys(['example_trigger_target_dag']) retrieved from /home/vscode/.local/lib/python3.10/site-packages/airflow/example_dags/example_trigger_target_dag.py
[2024-09-12T06:56:32.022+0000] {logging_mixin.py:150} INFO - [2024-09-12T06:56:32.022+0000] {dag.py:2742} INFO - Sync 1 DAGs
[2024-09-12T06:56:32.038+0000] {logging_mixin.py:150} INFO - [2024-09-12T06:56:32.037+0000] {dag.py:3504} INFO - Setting next_dagrun for example_trigger_target_dag to None, run_after=None
[2024-09-12T06:56:32.084+0000] {processor.py:179} INFO - Processing /home/vscode/.local/lib/python3.10/site-packages/airflow/example_dags/example_trigger_target_dag.py took 0.089 seconds
[2024-09-12T06:57:06.688+0000] {processor.py:157} INFO - Started process (PID=14480) to work on /home/vscode/.local/lib/python3.10/site-packages/airflow/example_dags/example_trigger_target_dag.py
[2024-09-12T06:57:06.689+0000] {processor.py:826} INFO - Processing file /home/vscode/.local/lib/python3.10/site-packages/airflow/example_dags/example_trigger_target_dag.py for tasks to queue
[2024-09-12T06:57:06.689+0000] {logging_mixin.py:150} INFO - [2024-09-12T06:57:06.689+0000] {dagbag.py:541} INFO - Filling up the DagBag from /home/vscode/.local/lib/python3.10/site-packages/airflow/example_dags/example_trigger_target_dag.py
[2024-09-12T06:57:06.694+0000] {processor.py:836} INFO - DAG(s) dict_keys(['example_trigger_target_dag']) retrieved from /home/vscode/.local/lib/python3.10/site-packages/airflow/example_dags/example_trigger_target_dag.py
[2024-09-12T06:57:06.704+0000] {logging_mixin.py:150} INFO - [2024-09-12T06:57:06.704+0000] {dag.py:2742} INFO - Sync 1 DAGs
[2024-09-12T06:57:06.718+0000] {logging_mixin.py:150} INFO - [2024-09-12T06:57:06.718+0000] {dag.py:3504} INFO - Setting next_dagrun for example_trigger_target_dag to None, run_after=None
[2024-09-12T06:57:06.771+0000] {processor.py:179} INFO - Processing /home/vscode/.local/lib/python3.10/site-packages/airflow/example_dags/example_trigger_target_dag.py took 0.085 seconds
[2024-09-12T06:57:48.211+0000] {processor.py:157} INFO - Started process (PID=14760) to work on /home/vscode/.local/lib/python3.10/site-packages/airflow/example_dags/example_trigger_target_dag.py
[2024-09-12T06:57:48.212+0000] {processor.py:826} INFO - Processing file /home/vscode/.local/lib/python3.10/site-packages/airflow/example_dags/example_trigger_target_dag.py for tasks to queue
[2024-09-12T06:57:48.212+0000] {logging_mixin.py:150} INFO - [2024-09-12T06:57:48.212+0000] {dagbag.py:541} INFO - Filling up the DagBag from /home/vscode/.local/lib/python3.10/site-packages/airflow/example_dags/example_trigger_target_dag.py
[2024-09-12T06:57:48.217+0000] {processor.py:836} INFO - DAG(s) dict_keys(['example_trigger_target_dag']) retrieved from /home/vscode/.local/lib/python3.10/site-packages/airflow/example_dags/example_trigger_target_dag.py
[2024-09-12T06:57:48.232+0000] {logging_mixin.py:150} INFO - [2024-09-12T06:57:48.232+0000] {dag.py:2742} INFO - Sync 1 DAGs
[2024-09-12T06:57:48.245+0000] {logging_mixin.py:150} INFO - [2024-09-12T06:57:48.245+0000] {dag.py:3504} INFO - Setting next_dagrun for example_trigger_target_dag to None, run_after=None
[2024-09-12T06:57:48.288+0000] {processor.py:179} INFO - Processing /home/vscode/.local/lib/python3.10/site-packages/airflow/example_dags/example_trigger_target_dag.py took 0.079 seconds
[2024-09-12T06:58:31.275+0000] {processor.py:157} INFO - Started process (PID=15048) to work on /home/vscode/.local/lib/python3.10/site-packages/airflow/example_dags/example_trigger_target_dag.py
[2024-09-12T06:58:31.276+0000] {processor.py:826} INFO - Processing file /home/vscode/.local/lib/python3.10/site-packages/airflow/example_dags/example_trigger_target_dag.py for tasks to queue
[2024-09-12T06:58:31.277+0000] {logging_mixin.py:150} INFO - [2024-09-12T06:58:31.276+0000] {dagbag.py:541} INFO - Filling up the DagBag from /home/vscode/.local/lib/python3.10/site-packages/airflow/example_dags/example_trigger_target_dag.py
[2024-09-12T06:58:31.281+0000] {processor.py:836} INFO - DAG(s) dict_keys(['example_trigger_target_dag']) retrieved from /home/vscode/.local/lib/python3.10/site-packages/airflow/example_dags/example_trigger_target_dag.py
[2024-09-12T06:58:31.292+0000] {logging_mixin.py:150} INFO - [2024-09-12T06:58:31.291+0000] {dag.py:2742} INFO - Sync 1 DAGs
[2024-09-12T06:58:31.305+0000] {logging_mixin.py:150} INFO - [2024-09-12T06:58:31.305+0000] {dag.py:3504} INFO - Setting next_dagrun for example_trigger_target_dag to None, run_after=None
[2024-09-12T06:58:31.341+0000] {processor.py:179} INFO - Processing /home/vscode/.local/lib/python3.10/site-packages/airflow/example_dags/example_trigger_target_dag.py took 0.069 seconds
[2024-09-12T06:59:16.463+0000] {processor.py:157} INFO - Started process (PID=15352) to work on /home/vscode/.local/lib/python3.10/site-packages/airflow/example_dags/example_trigger_target_dag.py
[2024-09-12T06:59:16.463+0000] {processor.py:826} INFO - Processing file /home/vscode/.local/lib/python3.10/site-packages/airflow/example_dags/example_trigger_target_dag.py for tasks to queue
[2024-09-12T06:59:16.464+0000] {logging_mixin.py:150} INFO - [2024-09-12T06:59:16.464+0000] {dagbag.py:541} INFO - Filling up the DagBag from /home/vscode/.local/lib/python3.10/site-packages/airflow/example_dags/example_trigger_target_dag.py
[2024-09-12T06:59:16.468+0000] {processor.py:836} INFO - DAG(s) dict_keys(['example_trigger_target_dag']) retrieved from /home/vscode/.local/lib/python3.10/site-packages/airflow/example_dags/example_trigger_target_dag.py
[2024-09-12T06:59:16.479+0000] {logging_mixin.py:150} INFO - [2024-09-12T06:59:16.479+0000] {dag.py:2742} INFO - Sync 1 DAGs
[2024-09-12T06:59:16.493+0000] {logging_mixin.py:150} INFO - [2024-09-12T06:59:16.493+0000] {dag.py:3504} INFO - Setting next_dagrun for example_trigger_target_dag to None, run_after=None
[2024-09-12T06:59:16.536+0000] {processor.py:179} INFO - Processing /home/vscode/.local/lib/python3.10/site-packages/airflow/example_dags/example_trigger_target_dag.py took 0.076 seconds
[2024-09-12T06:59:57.740+0000] {processor.py:157} INFO - Started process (PID=15635) to work on /home/vscode/.local/lib/python3.10/site-packages/airflow/example_dags/example_trigger_target_dag.py
[2024-09-12T06:59:57.741+0000] {processor.py:826} INFO - Processing file /home/vscode/.local/lib/python3.10/site-packages/airflow/example_dags/example_trigger_target_dag.py for tasks to queue
[2024-09-12T06:59:57.742+0000] {logging_mixin.py:150} INFO - [2024-09-12T06:59:57.742+0000] {dagbag.py:541} INFO - Filling up the DagBag from /home/vscode/.local/lib/python3.10/site-packages/airflow/example_dags/example_trigger_target_dag.py
[2024-09-12T06:59:57.747+0000] {processor.py:836} INFO - DAG(s) dict_keys(['example_trigger_target_dag']) retrieved from /home/vscode/.local/lib/python3.10/site-packages/airflow/example_dags/example_trigger_target_dag.py
[2024-09-12T06:59:57.759+0000] {logging_mixin.py:150} INFO - [2024-09-12T06:59:57.758+0000] {dag.py:2742} INFO - Sync 1 DAGs
[2024-09-12T06:59:57.773+0000] {logging_mixin.py:150} INFO - [2024-09-12T06:59:57.772+0000] {dag.py:3504} INFO - Setting next_dagrun for example_trigger_target_dag to None, run_after=None
[2024-09-12T06:59:57.801+0000] {processor.py:179} INFO - Processing /home/vscode/.local/lib/python3.10/site-packages/airflow/example_dags/example_trigger_target_dag.py took 0.064 seconds
[2024-09-12T07:00:28.670+0000] {processor.py:157} INFO - Started process (PID=15836) to work on /home/vscode/.local/lib/python3.10/site-packages/airflow/example_dags/example_trigger_target_dag.py
[2024-09-12T07:00:28.671+0000] {processor.py:826} INFO - Processing file /home/vscode/.local/lib/python3.10/site-packages/airflow/example_dags/example_trigger_target_dag.py for tasks to queue
[2024-09-12T07:00:28.671+0000] {logging_mixin.py:150} INFO - [2024-09-12T07:00:28.671+0000] {dagbag.py:541} INFO - Filling up the DagBag from /home/vscode/.local/lib/python3.10/site-packages/airflow/example_dags/example_trigger_target_dag.py
[2024-09-12T07:00:28.676+0000] {processor.py:836} INFO - DAG(s) dict_keys(['example_trigger_target_dag']) retrieved from /home/vscode/.local/lib/python3.10/site-packages/airflow/example_dags/example_trigger_target_dag.py
[2024-09-12T07:00:28.687+0000] {logging_mixin.py:150} INFO - [2024-09-12T07:00:28.687+0000] {dag.py:2742} INFO - Sync 1 DAGs
[2024-09-12T07:00:28.701+0000] {logging_mixin.py:150} INFO - [2024-09-12T07:00:28.701+0000] {dag.py:3504} INFO - Setting next_dagrun for example_trigger_target_dag to None, run_after=None
[2024-09-12T07:00:28.738+0000] {processor.py:179} INFO - Processing /home/vscode/.local/lib/python3.10/site-packages/airflow/example_dags/example_trigger_target_dag.py took 0.070 seconds
[2024-09-12T07:01:14.623+0000] {processor.py:157} INFO - Started process (PID=16147) to work on /home/vscode/.local/lib/python3.10/site-packages/airflow/example_dags/example_trigger_target_dag.py
[2024-09-12T07:01:14.624+0000] {processor.py:826} INFO - Processing file /home/vscode/.local/lib/python3.10/site-packages/airflow/example_dags/example_trigger_target_dag.py for tasks to queue
[2024-09-12T07:01:14.625+0000] {logging_mixin.py:150} INFO - [2024-09-12T07:01:14.624+0000] {dagbag.py:541} INFO - Filling up the DagBag from /home/vscode/.local/lib/python3.10/site-packages/airflow/example_dags/example_trigger_target_dag.py
[2024-09-12T07:01:14.629+0000] {processor.py:836} INFO - DAG(s) dict_keys(['example_trigger_target_dag']) retrieved from /home/vscode/.local/lib/python3.10/site-packages/airflow/example_dags/example_trigger_target_dag.py
[2024-09-12T07:01:14.640+0000] {logging_mixin.py:150} INFO - [2024-09-12T07:01:14.640+0000] {dag.py:2742} INFO - Sync 1 DAGs
[2024-09-12T07:01:14.654+0000] {logging_mixin.py:150} INFO - [2024-09-12T07:01:14.654+0000] {dag.py:3504} INFO - Setting next_dagrun for example_trigger_target_dag to None, run_after=None
[2024-09-12T07:01:14.691+0000] {processor.py:179} INFO - Processing /home/vscode/.local/lib/python3.10/site-packages/airflow/example_dags/example_trigger_target_dag.py took 0.070 seconds
[2024-09-12T07:01:54.513+0000] {processor.py:157} INFO - Started process (PID=16414) to work on /home/vscode/.local/lib/python3.10/site-packages/airflow/example_dags/example_trigger_target_dag.py
[2024-09-12T07:01:54.514+0000] {processor.py:826} INFO - Processing file /home/vscode/.local/lib/python3.10/site-packages/airflow/example_dags/example_trigger_target_dag.py for tasks to queue
[2024-09-12T07:01:54.514+0000] {logging_mixin.py:150} INFO - [2024-09-12T07:01:54.514+0000] {dagbag.py:541} INFO - Filling up the DagBag from /home/vscode/.local/lib/python3.10/site-packages/airflow/example_dags/example_trigger_target_dag.py
[2024-09-12T07:01:54.519+0000] {processor.py:836} INFO - DAG(s) dict_keys(['example_trigger_target_dag']) retrieved from /home/vscode/.local/lib/python3.10/site-packages/airflow/example_dags/example_trigger_target_dag.py
[2024-09-12T07:01:54.530+0000] {logging_mixin.py:150} INFO - [2024-09-12T07:01:54.530+0000] {dag.py:2742} INFO - Sync 1 DAGs
[2024-09-12T07:01:54.546+0000] {logging_mixin.py:150} INFO - [2024-09-12T07:01:54.546+0000] {dag.py:3504} INFO - Setting next_dagrun for example_trigger_target_dag to None, run_after=None
[2024-09-12T07:01:54.586+0000] {processor.py:179} INFO - Processing /home/vscode/.local/lib/python3.10/site-packages/airflow/example_dags/example_trigger_target_dag.py took 0.076 seconds
[2024-09-12T07:02:33.596+0000] {processor.py:157} INFO - Started process (PID=16676) to work on /home/vscode/.local/lib/python3.10/site-packages/airflow/example_dags/example_trigger_target_dag.py
[2024-09-12T07:02:33.596+0000] {processor.py:826} INFO - Processing file /home/vscode/.local/lib/python3.10/site-packages/airflow/example_dags/example_trigger_target_dag.py for tasks to queue
[2024-09-12T07:02:33.597+0000] {logging_mixin.py:150} INFO - [2024-09-12T07:02:33.597+0000] {dagbag.py:541} INFO - Filling up the DagBag from /home/vscode/.local/lib/python3.10/site-packages/airflow/example_dags/example_trigger_target_dag.py
[2024-09-12T07:02:33.601+0000] {processor.py:836} INFO - DAG(s) dict_keys(['example_trigger_target_dag']) retrieved from /home/vscode/.local/lib/python3.10/site-packages/airflow/example_dags/example_trigger_target_dag.py
[2024-09-12T07:02:33.612+0000] {logging_mixin.py:150} INFO - [2024-09-12T07:02:33.612+0000] {dag.py:2742} INFO - Sync 1 DAGs
[2024-09-12T07:02:33.625+0000] {logging_mixin.py:150} INFO - [2024-09-12T07:02:33.625+0000] {dag.py:3504} INFO - Setting next_dagrun for example_trigger_target_dag to None, run_after=None
[2024-09-12T07:02:33.664+0000] {processor.py:179} INFO - Processing /home/vscode/.local/lib/python3.10/site-packages/airflow/example_dags/example_trigger_target_dag.py took 0.070 seconds
[2024-09-12T07:03:04.469+0000] {processor.py:157} INFO - Started process (PID=16882) to work on /home/vscode/.local/lib/python3.10/site-packages/airflow/example_dags/example_trigger_target_dag.py
[2024-09-12T07:03:04.470+0000] {processor.py:826} INFO - Processing file /home/vscode/.local/lib/python3.10/site-packages/airflow/example_dags/example_trigger_target_dag.py for tasks to queue
[2024-09-12T07:03:04.470+0000] {logging_mixin.py:150} INFO - [2024-09-12T07:03:04.470+0000] {dagbag.py:541} INFO - Filling up the DagBag from /home/vscode/.local/lib/python3.10/site-packages/airflow/example_dags/example_trigger_target_dag.py
[2024-09-12T07:03:04.474+0000] {processor.py:836} INFO - DAG(s) dict_keys(['example_trigger_target_dag']) retrieved from /home/vscode/.local/lib/python3.10/site-packages/airflow/example_dags/example_trigger_target_dag.py
[2024-09-12T07:03:04.485+0000] {logging_mixin.py:150} INFO - [2024-09-12T07:03:04.485+0000] {dag.py:2742} INFO - Sync 1 DAGs
[2024-09-12T07:03:04.499+0000] {logging_mixin.py:150} INFO - [2024-09-12T07:03:04.499+0000] {dag.py:3504} INFO - Setting next_dagrun for example_trigger_target_dag to None, run_after=None
[2024-09-12T07:03:04.536+0000] {processor.py:179} INFO - Processing /home/vscode/.local/lib/python3.10/site-packages/airflow/example_dags/example_trigger_target_dag.py took 0.069 seconds
[2024-09-12T07:03:37.145+0000] {processor.py:157} INFO - Started process (PID=17121) to work on /home/vscode/.local/lib/python3.10/site-packages/airflow/example_dags/example_trigger_target_dag.py
[2024-09-12T07:03:37.146+0000] {processor.py:826} INFO - Processing file /home/vscode/.local/lib/python3.10/site-packages/airflow/example_dags/example_trigger_target_dag.py for tasks to queue
[2024-09-12T07:03:37.146+0000] {logging_mixin.py:150} INFO - [2024-09-12T07:03:37.146+0000] {dagbag.py:541} INFO - Filling up the DagBag from /home/vscode/.local/lib/python3.10/site-packages/airflow/example_dags/example_trigger_target_dag.py
[2024-09-12T07:03:37.150+0000] {processor.py:836} INFO - DAG(s) dict_keys(['example_trigger_target_dag']) retrieved from /home/vscode/.local/lib/python3.10/site-packages/airflow/example_dags/example_trigger_target_dag.py
[2024-09-12T07:03:37.165+0000] {logging_mixin.py:150} INFO - [2024-09-12T07:03:37.165+0000] {dag.py:2742} INFO - Sync 1 DAGs
[2024-09-12T07:03:37.179+0000] {logging_mixin.py:150} INFO - [2024-09-12T07:03:37.179+0000] {dag.py:3504} INFO - Setting next_dagrun for example_trigger_target_dag to None, run_after=None
[2024-09-12T07:03:37.213+0000] {processor.py:179} INFO - Processing /home/vscode/.local/lib/python3.10/site-packages/airflow/example_dags/example_trigger_target_dag.py took 0.070 seconds
[2024-09-12T07:04:11.678+0000] {processor.py:157} INFO - Started process (PID=17397) to work on /home/vscode/.local/lib/python3.10/site-packages/airflow/example_dags/example_trigger_target_dag.py
[2024-09-12T07:04:11.678+0000] {processor.py:826} INFO - Processing file /home/vscode/.local/lib/python3.10/site-packages/airflow/example_dags/example_trigger_target_dag.py for tasks to queue
[2024-09-12T07:04:11.679+0000] {logging_mixin.py:150} INFO - [2024-09-12T07:04:11.678+0000] {dagbag.py:541} INFO - Filling up the DagBag from /home/vscode/.local/lib/python3.10/site-packages/airflow/example_dags/example_trigger_target_dag.py
[2024-09-12T07:04:11.683+0000] {processor.py:836} INFO - DAG(s) dict_keys(['example_trigger_target_dag']) retrieved from /home/vscode/.local/lib/python3.10/site-packages/airflow/example_dags/example_trigger_target_dag.py
[2024-09-12T07:04:11.694+0000] {logging_mixin.py:150} INFO - [2024-09-12T07:04:11.694+0000] {dag.py:2742} INFO - Sync 1 DAGs
[2024-09-12T07:04:11.708+0000] {logging_mixin.py:150} INFO - [2024-09-12T07:04:11.708+0000] {dag.py:3504} INFO - Setting next_dagrun for example_trigger_target_dag to None, run_after=None
[2024-09-12T07:04:11.738+0000] {processor.py:179} INFO - Processing /home/vscode/.local/lib/python3.10/site-packages/airflow/example_dags/example_trigger_target_dag.py took 0.063 seconds
[2024-09-12T07:04:56.411+0000] {processor.py:157} INFO - Started process (PID=17723) to work on /home/vscode/.local/lib/python3.10/site-packages/airflow/example_dags/example_trigger_target_dag.py
[2024-09-12T07:04:56.412+0000] {processor.py:826} INFO - Processing file /home/vscode/.local/lib/python3.10/site-packages/airflow/example_dags/example_trigger_target_dag.py for tasks to queue
[2024-09-12T07:04:56.412+0000] {logging_mixin.py:150} INFO - [2024-09-12T07:04:56.412+0000] {dagbag.py:541} INFO - Filling up the DagBag from /home/vscode/.local/lib/python3.10/site-packages/airflow/example_dags/example_trigger_target_dag.py
[2024-09-12T07:04:56.417+0000] {processor.py:836} INFO - DAG(s) dict_keys(['example_trigger_target_dag']) retrieved from /home/vscode/.local/lib/python3.10/site-packages/airflow/example_dags/example_trigger_target_dag.py
[2024-09-12T07:04:56.428+0000] {logging_mixin.py:150} INFO - [2024-09-12T07:04:56.428+0000] {dag.py:2742} INFO - Sync 1 DAGs
[2024-09-12T07:04:56.441+0000] {logging_mixin.py:150} INFO - [2024-09-12T07:04:56.441+0000] {dag.py:3504} INFO - Setting next_dagrun for example_trigger_target_dag to None, run_after=None
[2024-09-12T07:04:56.477+0000] {processor.py:179} INFO - Processing /home/vscode/.local/lib/python3.10/site-packages/airflow/example_dags/example_trigger_target_dag.py took 0.067 seconds
[2024-09-12T07:05:27.710+0000] {processor.py:157} INFO - Started process (PID=18040) to work on /home/vscode/.local/lib/python3.10/site-packages/airflow/example_dags/example_trigger_target_dag.py
[2024-09-12T07:05:27.711+0000] {processor.py:826} INFO - Processing file /home/vscode/.local/lib/python3.10/site-packages/airflow/example_dags/example_trigger_target_dag.py for tasks to queue
[2024-09-12T07:05:27.711+0000] {logging_mixin.py:150} INFO - [2024-09-12T07:05:27.711+0000] {dagbag.py:541} INFO - Filling up the DagBag from /home/vscode/.local/lib/python3.10/site-packages/airflow/example_dags/example_trigger_target_dag.py
[2024-09-12T07:05:27.716+0000] {processor.py:836} INFO - DAG(s) dict_keys(['example_trigger_target_dag']) retrieved from /home/vscode/.local/lib/python3.10/site-packages/airflow/example_dags/example_trigger_target_dag.py
[2024-09-12T07:05:27.726+0000] {logging_mixin.py:150} INFO - [2024-09-12T07:05:27.726+0000] {dag.py:2742} INFO - Sync 1 DAGs
[2024-09-12T07:05:27.740+0000] {logging_mixin.py:150} INFO - [2024-09-12T07:05:27.739+0000] {dag.py:3504} INFO - Setting next_dagrun for example_trigger_target_dag to None, run_after=None
[2024-09-12T07:05:27.777+0000] {processor.py:179} INFO - Processing /home/vscode/.local/lib/python3.10/site-packages/airflow/example_dags/example_trigger_target_dag.py took 0.069 seconds
[2024-09-12T07:06:10.888+0000] {processor.py:157} INFO - Started process (PID=18390) to work on /home/vscode/.local/lib/python3.10/site-packages/airflow/example_dags/example_trigger_target_dag.py
[2024-09-12T07:06:10.889+0000] {processor.py:826} INFO - Processing file /home/vscode/.local/lib/python3.10/site-packages/airflow/example_dags/example_trigger_target_dag.py for tasks to queue
[2024-09-12T07:06:10.889+0000] {logging_mixin.py:150} INFO - [2024-09-12T07:06:10.889+0000] {dagbag.py:541} INFO - Filling up the DagBag from /home/vscode/.local/lib/python3.10/site-packages/airflow/example_dags/example_trigger_target_dag.py
[2024-09-12T07:06:10.894+0000] {processor.py:836} INFO - DAG(s) dict_keys(['example_trigger_target_dag']) retrieved from /home/vscode/.local/lib/python3.10/site-packages/airflow/example_dags/example_trigger_target_dag.py
[2024-09-12T07:06:10.905+0000] {logging_mixin.py:150} INFO - [2024-09-12T07:06:10.905+0000] {dag.py:2742} INFO - Sync 1 DAGs
[2024-09-12T07:06:10.918+0000] {logging_mixin.py:150} INFO - [2024-09-12T07:06:10.918+0000] {dag.py:3504} INFO - Setting next_dagrun for example_trigger_target_dag to None, run_after=None
[2024-09-12T07:06:10.963+0000] {processor.py:179} INFO - Processing /home/vscode/.local/lib/python3.10/site-packages/airflow/example_dags/example_trigger_target_dag.py took 0.077 seconds
[2024-09-12T07:06:41.889+0000] {processor.py:157} INFO - Started process (PID=18623) to work on /home/vscode/.local/lib/python3.10/site-packages/airflow/example_dags/example_trigger_target_dag.py
[2024-09-12T07:06:41.890+0000] {processor.py:826} INFO - Processing file /home/vscode/.local/lib/python3.10/site-packages/airflow/example_dags/example_trigger_target_dag.py for tasks to queue
[2024-09-12T07:06:41.890+0000] {logging_mixin.py:150} INFO - [2024-09-12T07:06:41.890+0000] {dagbag.py:541} INFO - Filling up the DagBag from /home/vscode/.local/lib/python3.10/site-packages/airflow/example_dags/example_trigger_target_dag.py
[2024-09-12T07:06:41.895+0000] {processor.py:836} INFO - DAG(s) dict_keys(['example_trigger_target_dag']) retrieved from /home/vscode/.local/lib/python3.10/site-packages/airflow/example_dags/example_trigger_target_dag.py
[2024-09-12T07:06:41.906+0000] {logging_mixin.py:150} INFO - [2024-09-12T07:06:41.906+0000] {dag.py:2742} INFO - Sync 1 DAGs
[2024-09-12T07:06:41.919+0000] {logging_mixin.py:150} INFO - [2024-09-12T07:06:41.919+0000] {dag.py:3504} INFO - Setting next_dagrun for example_trigger_target_dag to None, run_after=None
[2024-09-12T07:06:41.951+0000] {processor.py:179} INFO - Processing /home/vscode/.local/lib/python3.10/site-packages/airflow/example_dags/example_trigger_target_dag.py took 0.064 seconds
[2024-09-12T07:07:26.681+0000] {processor.py:157} INFO - Started process (PID=18921) to work on /home/vscode/.local/lib/python3.10/site-packages/airflow/example_dags/example_trigger_target_dag.py
[2024-09-12T07:07:26.681+0000] {processor.py:826} INFO - Processing file /home/vscode/.local/lib/python3.10/site-packages/airflow/example_dags/example_trigger_target_dag.py for tasks to queue
[2024-09-12T07:07:26.682+0000] {logging_mixin.py:150} INFO - [2024-09-12T07:07:26.682+0000] {dagbag.py:541} INFO - Filling up the DagBag from /home/vscode/.local/lib/python3.10/site-packages/airflow/example_dags/example_trigger_target_dag.py
[2024-09-12T07:07:26.686+0000] {processor.py:836} INFO - DAG(s) dict_keys(['example_trigger_target_dag']) retrieved from /home/vscode/.local/lib/python3.10/site-packages/airflow/example_dags/example_trigger_target_dag.py
[2024-09-12T07:07:26.697+0000] {logging_mixin.py:150} INFO - [2024-09-12T07:07:26.697+0000] {dag.py:2742} INFO - Sync 1 DAGs
[2024-09-12T07:07:26.710+0000] {logging_mixin.py:150} INFO - [2024-09-12T07:07:26.710+0000] {dag.py:3504} INFO - Setting next_dagrun for example_trigger_target_dag to None, run_after=None
[2024-09-12T07:07:26.740+0000] {processor.py:179} INFO - Processing /home/vscode/.local/lib/python3.10/site-packages/airflow/example_dags/example_trigger_target_dag.py took 0.061 seconds
[2024-09-12T07:08:09.712+0000] {processor.py:157} INFO - Started process (PID=19238) to work on /home/vscode/.local/lib/python3.10/site-packages/airflow/example_dags/example_trigger_target_dag.py
[2024-09-12T07:08:09.713+0000] {processor.py:826} INFO - Processing file /home/vscode/.local/lib/python3.10/site-packages/airflow/example_dags/example_trigger_target_dag.py for tasks to queue
[2024-09-12T07:08:09.714+0000] {logging_mixin.py:150} INFO - [2024-09-12T07:08:09.713+0000] {dagbag.py:541} INFO - Filling up the DagBag from /home/vscode/.local/lib/python3.10/site-packages/airflow/example_dags/example_trigger_target_dag.py
[2024-09-12T07:08:09.718+0000] {processor.py:836} INFO - DAG(s) dict_keys(['example_trigger_target_dag']) retrieved from /home/vscode/.local/lib/python3.10/site-packages/airflow/example_dags/example_trigger_target_dag.py
[2024-09-12T07:08:09.735+0000] {logging_mixin.py:150} INFO - [2024-09-12T07:08:09.735+0000] {dag.py:2742} INFO - Sync 1 DAGs
[2024-09-12T07:08:09.750+0000] {logging_mixin.py:150} INFO - [2024-09-12T07:08:09.750+0000] {dag.py:3504} INFO - Setting next_dagrun for example_trigger_target_dag to None, run_after=None
[2024-09-12T07:08:09.785+0000] {processor.py:179} INFO - Processing /home/vscode/.local/lib/python3.10/site-packages/airflow/example_dags/example_trigger_target_dag.py took 0.075 seconds
[2024-09-12T07:08:54.860+0000] {processor.py:157} INFO - Started process (PID=19638) to work on /home/vscode/.local/lib/python3.10/site-packages/airflow/example_dags/example_trigger_target_dag.py
[2024-09-12T07:08:54.860+0000] {processor.py:826} INFO - Processing file /home/vscode/.local/lib/python3.10/site-packages/airflow/example_dags/example_trigger_target_dag.py for tasks to queue
[2024-09-12T07:08:54.861+0000] {logging_mixin.py:150} INFO - [2024-09-12T07:08:54.861+0000] {dagbag.py:541} INFO - Filling up the DagBag from /home/vscode/.local/lib/python3.10/site-packages/airflow/example_dags/example_trigger_target_dag.py
[2024-09-12T07:08:54.865+0000] {processor.py:836} INFO - DAG(s) dict_keys(['example_trigger_target_dag']) retrieved from /home/vscode/.local/lib/python3.10/site-packages/airflow/example_dags/example_trigger_target_dag.py
[2024-09-12T07:08:54.877+0000] {logging_mixin.py:150} INFO - [2024-09-12T07:08:54.877+0000] {dag.py:2742} INFO - Sync 1 DAGs
[2024-09-12T07:08:54.892+0000] {logging_mixin.py:150} INFO - [2024-09-12T07:08:54.892+0000] {dag.py:3504} INFO - Setting next_dagrun for example_trigger_target_dag to None, run_after=None
[2024-09-12T07:08:54.926+0000] {processor.py:179} INFO - Processing /home/vscode/.local/lib/python3.10/site-packages/airflow/example_dags/example_trigger_target_dag.py took 0.069 seconds
[2024-09-12T07:09:25.820+0000] {processor.py:157} INFO - Started process (PID=19842) to work on /home/vscode/.local/lib/python3.10/site-packages/airflow/example_dags/example_trigger_target_dag.py
[2024-09-12T07:09:25.821+0000] {processor.py:826} INFO - Processing file /home/vscode/.local/lib/python3.10/site-packages/airflow/example_dags/example_trigger_target_dag.py for tasks to queue
[2024-09-12T07:09:25.822+0000] {logging_mixin.py:150} INFO - [2024-09-12T07:09:25.821+0000] {dagbag.py:541} INFO - Filling up the DagBag from /home/vscode/.local/lib/python3.10/site-packages/airflow/example_dags/example_trigger_target_dag.py
[2024-09-12T07:09:25.826+0000] {processor.py:836} INFO - DAG(s) dict_keys(['example_trigger_target_dag']) retrieved from /home/vscode/.local/lib/python3.10/site-packages/airflow/example_dags/example_trigger_target_dag.py
[2024-09-12T07:09:25.837+0000] {logging_mixin.py:150} INFO - [2024-09-12T07:09:25.837+0000] {dag.py:2742} INFO - Sync 1 DAGs
[2024-09-12T07:09:25.851+0000] {logging_mixin.py:150} INFO - [2024-09-12T07:09:25.851+0000] {dag.py:3504} INFO - Setting next_dagrun for example_trigger_target_dag to None, run_after=None
[2024-09-12T07:09:25.886+0000] {processor.py:179} INFO - Processing /home/vscode/.local/lib/python3.10/site-packages/airflow/example_dags/example_trigger_target_dag.py took 0.068 seconds
[2024-09-12T07:10:10.417+0000] {processor.py:157} INFO - Started process (PID=20163) to work on /home/vscode/.local/lib/python3.10/site-packages/airflow/example_dags/example_trigger_target_dag.py
[2024-09-12T07:10:10.417+0000] {processor.py:826} INFO - Processing file /home/vscode/.local/lib/python3.10/site-packages/airflow/example_dags/example_trigger_target_dag.py for tasks to queue
[2024-09-12T07:10:10.418+0000] {logging_mixin.py:150} INFO - [2024-09-12T07:10:10.418+0000] {dagbag.py:541} INFO - Filling up the DagBag from /home/vscode/.local/lib/python3.10/site-packages/airflow/example_dags/example_trigger_target_dag.py
[2024-09-12T07:10:10.422+0000] {processor.py:836} INFO - DAG(s) dict_keys(['example_trigger_target_dag']) retrieved from /home/vscode/.local/lib/python3.10/site-packages/airflow/example_dags/example_trigger_target_dag.py
[2024-09-12T07:10:10.433+0000] {logging_mixin.py:150} INFO - [2024-09-12T07:10:10.433+0000] {dag.py:2742} INFO - Sync 1 DAGs
[2024-09-12T07:10:10.450+0000] {logging_mixin.py:150} INFO - [2024-09-12T07:10:10.449+0000] {dag.py:3504} INFO - Setting next_dagrun for example_trigger_target_dag to None, run_after=None
[2024-09-12T07:10:10.481+0000] {processor.py:179} INFO - Processing /home/vscode/.local/lib/python3.10/site-packages/airflow/example_dags/example_trigger_target_dag.py took 0.067 seconds
