[2024-09-12T06:39:54.282+0000] {processor.py:157} INFO - Started process (PID=7544) to work on /home/vscode/.local/lib/python3.10/site-packages/airflow/example_dags/example_python_operator.py
[2024-09-12T06:39:54.282+0000] {processor.py:826} INFO - Processing file /home/vscode/.local/lib/python3.10/site-packages/airflow/example_dags/example_python_operator.py for tasks to queue
[2024-09-12T06:39:54.283+0000] {logging_mixin.py:150} INFO - [2024-09-12T06:39:54.283+0000] {dagbag.py:541} INFO - Filling up the DagBag from /home/vscode/.local/lib/python3.10/site-packages/airflow/example_dags/example_python_operator.py
[2024-09-12T06:39:54.372+0000] {processor.py:836} INFO - DAG(s) dict_keys(['example_python_operator']) retrieved from /home/vscode/.local/lib/python3.10/site-packages/airflow/example_dags/example_python_operator.py
[2024-09-12T06:39:54.485+0000] {logging_mixin.py:150} INFO - [2024-09-12T06:39:54.484+0000] {manager.py:504} INFO - Created Permission View: can delete on DAG:example_python_operator
[2024-09-12T06:39:54.509+0000] {logging_mixin.py:150} INFO - [2024-09-12T06:39:54.509+0000] {manager.py:504} INFO - Created Permission View: can read on DAG:example_python_operator
[2024-09-12T06:39:54.552+0000] {logging_mixin.py:150} INFO - [2024-09-12T06:39:54.552+0000] {manager.py:504} INFO - Created Permission View: can edit on DAG:example_python_operator
[2024-09-12T06:39:54.560+0000] {logging_mixin.py:150} INFO - [2024-09-12T06:39:54.560+0000] {dag.py:2742} INFO - Sync 1 DAGs
[2024-09-12T06:39:54.566+0000] {logging_mixin.py:150} INFO - [2024-09-12T06:39:54.566+0000] {dag.py:2763} INFO - Creating ORM DAG for example_python_operator
[2024-09-12T06:39:54.572+0000] {logging_mixin.py:150} INFO - [2024-09-12T06:39:54.572+0000] {dag.py:3504} INFO - Setting next_dagrun for example_python_operator to None, run_after=None
[2024-09-12T06:39:54.610+0000] {processor.py:179} INFO - Processing /home/vscode/.local/lib/python3.10/site-packages/airflow/example_dags/example_python_operator.py took 0.330 seconds
[2024-09-12T06:40:45.541+0000] {processor.py:157} INFO - Started process (PID=7876) to work on /home/vscode/.local/lib/python3.10/site-packages/airflow/example_dags/example_python_operator.py
[2024-09-12T06:40:45.542+0000] {processor.py:826} INFO - Processing file /home/vscode/.local/lib/python3.10/site-packages/airflow/example_dags/example_python_operator.py for tasks to queue
[2024-09-12T06:40:45.543+0000] {logging_mixin.py:150} INFO - [2024-09-12T06:40:45.542+0000] {dagbag.py:541} INFO - Filling up the DagBag from /home/vscode/.local/lib/python3.10/site-packages/airflow/example_dags/example_python_operator.py
[2024-09-12T06:40:45.550+0000] {processor.py:836} INFO - DAG(s) dict_keys(['example_python_operator']) retrieved from /home/vscode/.local/lib/python3.10/site-packages/airflow/example_dags/example_python_operator.py
[2024-09-12T06:40:45.563+0000] {logging_mixin.py:150} INFO - [2024-09-12T06:40:45.563+0000] {dag.py:2742} INFO - Sync 1 DAGs
[2024-09-12T06:40:45.578+0000] {logging_mixin.py:150} INFO - [2024-09-12T06:40:45.578+0000] {dag.py:3504} INFO - Setting next_dagrun for example_python_operator to None, run_after=None
[2024-09-12T06:40:45.616+0000] {processor.py:179} INFO - Processing /home/vscode/.local/lib/python3.10/site-packages/airflow/example_dags/example_python_operator.py took 0.076 seconds
[2024-09-12T06:41:29.845+0000] {processor.py:157} INFO - Started process (PID=8175) to work on /home/vscode/.local/lib/python3.10/site-packages/airflow/example_dags/example_python_operator.py
[2024-09-12T06:41:29.845+0000] {processor.py:826} INFO - Processing file /home/vscode/.local/lib/python3.10/site-packages/airflow/example_dags/example_python_operator.py for tasks to queue
[2024-09-12T06:41:29.846+0000] {logging_mixin.py:150} INFO - [2024-09-12T06:41:29.846+0000] {dagbag.py:541} INFO - Filling up the DagBag from /home/vscode/.local/lib/python3.10/site-packages/airflow/example_dags/example_python_operator.py
[2024-09-12T06:41:29.853+0000] {processor.py:836} INFO - DAG(s) dict_keys(['example_python_operator']) retrieved from /home/vscode/.local/lib/python3.10/site-packages/airflow/example_dags/example_python_operator.py
[2024-09-12T06:41:29.867+0000] {logging_mixin.py:150} INFO - [2024-09-12T06:41:29.867+0000] {dag.py:2742} INFO - Sync 1 DAGs
[2024-09-12T06:41:29.882+0000] {logging_mixin.py:150} INFO - [2024-09-12T06:41:29.881+0000] {dag.py:3504} INFO - Setting next_dagrun for example_python_operator to None, run_after=None
[2024-09-12T06:41:29.919+0000] {processor.py:179} INFO - Processing /home/vscode/.local/lib/python3.10/site-packages/airflow/example_dags/example_python_operator.py took 0.076 seconds
[2024-09-12T06:42:16.160+0000] {processor.py:157} INFO - Started process (PID=8483) to work on /home/vscode/.local/lib/python3.10/site-packages/airflow/example_dags/example_python_operator.py
[2024-09-12T06:42:16.160+0000] {processor.py:826} INFO - Processing file /home/vscode/.local/lib/python3.10/site-packages/airflow/example_dags/example_python_operator.py for tasks to queue
[2024-09-12T06:42:16.161+0000] {logging_mixin.py:150} INFO - [2024-09-12T06:42:16.161+0000] {dagbag.py:541} INFO - Filling up the DagBag from /home/vscode/.local/lib/python3.10/site-packages/airflow/example_dags/example_python_operator.py
[2024-09-12T06:42:16.168+0000] {processor.py:836} INFO - DAG(s) dict_keys(['example_python_operator']) retrieved from /home/vscode/.local/lib/python3.10/site-packages/airflow/example_dags/example_python_operator.py
[2024-09-12T06:42:16.182+0000] {logging_mixin.py:150} INFO - [2024-09-12T06:42:16.182+0000] {dag.py:2742} INFO - Sync 1 DAGs
[2024-09-12T06:42:16.195+0000] {logging_mixin.py:150} INFO - [2024-09-12T06:42:16.195+0000] {dag.py:3504} INFO - Setting next_dagrun for example_python_operator to None, run_after=None
[2024-09-12T06:42:16.228+0000] {processor.py:179} INFO - Processing /home/vscode/.local/lib/python3.10/site-packages/airflow/example_dags/example_python_operator.py took 0.070 seconds
[2024-09-12T06:43:00.105+0000] {processor.py:157} INFO - Started process (PID=8782) to work on /home/vscode/.local/lib/python3.10/site-packages/airflow/example_dags/example_python_operator.py
[2024-09-12T06:43:00.106+0000] {processor.py:826} INFO - Processing file /home/vscode/.local/lib/python3.10/site-packages/airflow/example_dags/example_python_operator.py for tasks to queue
[2024-09-12T06:43:00.106+0000] {logging_mixin.py:150} INFO - [2024-09-12T06:43:00.106+0000] {dagbag.py:541} INFO - Filling up the DagBag from /home/vscode/.local/lib/python3.10/site-packages/airflow/example_dags/example_python_operator.py
[2024-09-12T06:43:00.114+0000] {processor.py:836} INFO - DAG(s) dict_keys(['example_python_operator']) retrieved from /home/vscode/.local/lib/python3.10/site-packages/airflow/example_dags/example_python_operator.py
[2024-09-12T06:43:00.127+0000] {logging_mixin.py:150} INFO - [2024-09-12T06:43:00.127+0000] {dag.py:2742} INFO - Sync 1 DAGs
[2024-09-12T06:43:00.141+0000] {logging_mixin.py:150} INFO - [2024-09-12T06:43:00.141+0000] {dag.py:3504} INFO - Setting next_dagrun for example_python_operator to None, run_after=None
[2024-09-12T06:43:00.183+0000] {processor.py:179} INFO - Processing /home/vscode/.local/lib/python3.10/site-packages/airflow/example_dags/example_python_operator.py took 0.080 seconds
[2024-09-12T06:43:42.748+0000] {processor.py:157} INFO - Started process (PID=9075) to work on /home/vscode/.local/lib/python3.10/site-packages/airflow/example_dags/example_python_operator.py
[2024-09-12T06:43:42.748+0000] {processor.py:826} INFO - Processing file /home/vscode/.local/lib/python3.10/site-packages/airflow/example_dags/example_python_operator.py for tasks to queue
[2024-09-12T06:43:42.749+0000] {logging_mixin.py:150} INFO - [2024-09-12T06:43:42.749+0000] {dagbag.py:541} INFO - Filling up the DagBag from /home/vscode/.local/lib/python3.10/site-packages/airflow/example_dags/example_python_operator.py
[2024-09-12T06:43:42.756+0000] {processor.py:836} INFO - DAG(s) dict_keys(['example_python_operator']) retrieved from /home/vscode/.local/lib/python3.10/site-packages/airflow/example_dags/example_python_operator.py
[2024-09-12T06:43:42.770+0000] {logging_mixin.py:150} INFO - [2024-09-12T06:43:42.770+0000] {dag.py:2742} INFO - Sync 1 DAGs
[2024-09-12T06:43:42.783+0000] {logging_mixin.py:150} INFO - [2024-09-12T06:43:42.783+0000] {dag.py:3504} INFO - Setting next_dagrun for example_python_operator to None, run_after=None
[2024-09-12T06:43:42.823+0000] {processor.py:179} INFO - Processing /home/vscode/.local/lib/python3.10/site-packages/airflow/example_dags/example_python_operator.py took 0.078 seconds
[2024-09-12T06:44:22.628+0000] {processor.py:157} INFO - Started process (PID=9340) to work on /home/vscode/.local/lib/python3.10/site-packages/airflow/example_dags/example_python_operator.py
[2024-09-12T06:44:22.629+0000] {processor.py:826} INFO - Processing file /home/vscode/.local/lib/python3.10/site-packages/airflow/example_dags/example_python_operator.py for tasks to queue
[2024-09-12T06:44:22.630+0000] {logging_mixin.py:150} INFO - [2024-09-12T06:44:22.629+0000] {dagbag.py:541} INFO - Filling up the DagBag from /home/vscode/.local/lib/python3.10/site-packages/airflow/example_dags/example_python_operator.py
[2024-09-12T06:44:22.637+0000] {processor.py:836} INFO - DAG(s) dict_keys(['example_python_operator']) retrieved from /home/vscode/.local/lib/python3.10/site-packages/airflow/example_dags/example_python_operator.py
[2024-09-12T06:44:22.650+0000] {logging_mixin.py:150} INFO - [2024-09-12T06:44:22.650+0000] {dag.py:2742} INFO - Sync 1 DAGs
[2024-09-12T06:44:22.664+0000] {logging_mixin.py:150} INFO - [2024-09-12T06:44:22.663+0000] {dag.py:3504} INFO - Setting next_dagrun for example_python_operator to None, run_after=None
[2024-09-12T06:44:22.800+0000] {processor.py:179} INFO - Processing /home/vscode/.local/lib/python3.10/site-packages/airflow/example_dags/example_python_operator.py took 0.174 seconds
[2024-09-12T06:45:08.251+0000] {processor.py:157} INFO - Started process (PID=9650) to work on /home/vscode/.local/lib/python3.10/site-packages/airflow/example_dags/example_python_operator.py
[2024-09-12T06:45:08.251+0000] {processor.py:826} INFO - Processing file /home/vscode/.local/lib/python3.10/site-packages/airflow/example_dags/example_python_operator.py for tasks to queue
[2024-09-12T06:45:08.252+0000] {logging_mixin.py:150} INFO - [2024-09-12T06:45:08.252+0000] {dagbag.py:541} INFO - Filling up the DagBag from /home/vscode/.local/lib/python3.10/site-packages/airflow/example_dags/example_python_operator.py
[2024-09-12T06:45:08.260+0000] {processor.py:836} INFO - DAG(s) dict_keys(['example_python_operator']) retrieved from /home/vscode/.local/lib/python3.10/site-packages/airflow/example_dags/example_python_operator.py
[2024-09-12T06:45:08.273+0000] {logging_mixin.py:150} INFO - [2024-09-12T06:45:08.273+0000] {dag.py:2742} INFO - Sync 1 DAGs
[2024-09-12T06:45:08.286+0000] {logging_mixin.py:150} INFO - [2024-09-12T06:45:08.286+0000] {dag.py:3504} INFO - Setting next_dagrun for example_python_operator to None, run_after=None
[2024-09-12T06:45:08.316+0000] {processor.py:179} INFO - Processing /home/vscode/.local/lib/python3.10/site-packages/airflow/example_dags/example_python_operator.py took 0.068 seconds
[2024-09-12T06:45:55.493+0000] {processor.py:157} INFO - Started process (PID=9961) to work on /home/vscode/.local/lib/python3.10/site-packages/airflow/example_dags/example_python_operator.py
[2024-09-12T06:45:55.493+0000] {processor.py:826} INFO - Processing file /home/vscode/.local/lib/python3.10/site-packages/airflow/example_dags/example_python_operator.py for tasks to queue
[2024-09-12T06:45:55.494+0000] {logging_mixin.py:150} INFO - [2024-09-12T06:45:55.494+0000] {dagbag.py:541} INFO - Filling up the DagBag from /home/vscode/.local/lib/python3.10/site-packages/airflow/example_dags/example_python_operator.py
[2024-09-12T06:45:55.501+0000] {processor.py:836} INFO - DAG(s) dict_keys(['example_python_operator']) retrieved from /home/vscode/.local/lib/python3.10/site-packages/airflow/example_dags/example_python_operator.py
[2024-09-12T06:45:55.516+0000] {logging_mixin.py:150} INFO - [2024-09-12T06:45:55.515+0000] {dag.py:2742} INFO - Sync 1 DAGs
[2024-09-12T06:45:55.529+0000] {logging_mixin.py:150} INFO - [2024-09-12T06:45:55.529+0000] {dag.py:3504} INFO - Setting next_dagrun for example_python_operator to None, run_after=None
[2024-09-12T06:45:55.563+0000] {processor.py:179} INFO - Processing /home/vscode/.local/lib/python3.10/site-packages/airflow/example_dags/example_python_operator.py took 0.073 seconds
[2024-09-12T06:46:39.509+0000] {processor.py:157} INFO - Started process (PID=10257) to work on /home/vscode/.local/lib/python3.10/site-packages/airflow/example_dags/example_python_operator.py
[2024-09-12T06:46:39.510+0000] {processor.py:826} INFO - Processing file /home/vscode/.local/lib/python3.10/site-packages/airflow/example_dags/example_python_operator.py for tasks to queue
[2024-09-12T06:46:39.510+0000] {logging_mixin.py:150} INFO - [2024-09-12T06:46:39.510+0000] {dagbag.py:541} INFO - Filling up the DagBag from /home/vscode/.local/lib/python3.10/site-packages/airflow/example_dags/example_python_operator.py
[2024-09-12T06:46:39.518+0000] {processor.py:836} INFO - DAG(s) dict_keys(['example_python_operator']) retrieved from /home/vscode/.local/lib/python3.10/site-packages/airflow/example_dags/example_python_operator.py
[2024-09-12T06:46:39.531+0000] {logging_mixin.py:150} INFO - [2024-09-12T06:46:39.531+0000] {dag.py:2742} INFO - Sync 1 DAGs
[2024-09-12T06:46:39.545+0000] {logging_mixin.py:150} INFO - [2024-09-12T06:46:39.545+0000] {dag.py:3504} INFO - Setting next_dagrun for example_python_operator to None, run_after=None
[2024-09-12T06:46:39.577+0000] {processor.py:179} INFO - Processing /home/vscode/.local/lib/python3.10/site-packages/airflow/example_dags/example_python_operator.py took 0.070 seconds
[2024-09-12T06:47:25.492+0000] {processor.py:157} INFO - Started process (PID=10568) to work on /home/vscode/.local/lib/python3.10/site-packages/airflow/example_dags/example_python_operator.py
[2024-09-12T06:47:25.493+0000] {processor.py:826} INFO - Processing file /home/vscode/.local/lib/python3.10/site-packages/airflow/example_dags/example_python_operator.py for tasks to queue
[2024-09-12T06:47:25.494+0000] {logging_mixin.py:150} INFO - [2024-09-12T06:47:25.493+0000] {dagbag.py:541} INFO - Filling up the DagBag from /home/vscode/.local/lib/python3.10/site-packages/airflow/example_dags/example_python_operator.py
[2024-09-12T06:47:25.501+0000] {processor.py:836} INFO - DAG(s) dict_keys(['example_python_operator']) retrieved from /home/vscode/.local/lib/python3.10/site-packages/airflow/example_dags/example_python_operator.py
[2024-09-12T06:47:25.514+0000] {logging_mixin.py:150} INFO - [2024-09-12T06:47:25.514+0000] {dag.py:2742} INFO - Sync 1 DAGs
[2024-09-12T06:47:25.528+0000] {logging_mixin.py:150} INFO - [2024-09-12T06:47:25.528+0000] {dag.py:3504} INFO - Setting next_dagrun for example_python_operator to None, run_after=None
[2024-09-12T06:47:25.563+0000] {processor.py:179} INFO - Processing /home/vscode/.local/lib/python3.10/site-packages/airflow/example_dags/example_python_operator.py took 0.073 seconds
[2024-09-12T06:48:10.166+0000] {processor.py:157} INFO - Started process (PID=10866) to work on /home/vscode/.local/lib/python3.10/site-packages/airflow/example_dags/example_python_operator.py
[2024-09-12T06:48:10.167+0000] {processor.py:826} INFO - Processing file /home/vscode/.local/lib/python3.10/site-packages/airflow/example_dags/example_python_operator.py for tasks to queue
[2024-09-12T06:48:10.168+0000] {logging_mixin.py:150} INFO - [2024-09-12T06:48:10.167+0000] {dagbag.py:541} INFO - Filling up the DagBag from /home/vscode/.local/lib/python3.10/site-packages/airflow/example_dags/example_python_operator.py
[2024-09-12T06:48:10.175+0000] {processor.py:836} INFO - DAG(s) dict_keys(['example_python_operator']) retrieved from /home/vscode/.local/lib/python3.10/site-packages/airflow/example_dags/example_python_operator.py
[2024-09-12T06:48:10.189+0000] {logging_mixin.py:150} INFO - [2024-09-12T06:48:10.189+0000] {dag.py:2742} INFO - Sync 1 DAGs
[2024-09-12T06:48:10.203+0000] {logging_mixin.py:150} INFO - [2024-09-12T06:48:10.202+0000] {dag.py:3504} INFO - Setting next_dagrun for example_python_operator to None, run_after=None
[2024-09-12T06:48:10.236+0000] {processor.py:179} INFO - Processing /home/vscode/.local/lib/python3.10/site-packages/airflow/example_dags/example_python_operator.py took 0.073 seconds
[2024-09-12T06:48:52.609+0000] {processor.py:157} INFO - Started process (PID=11151) to work on /home/vscode/.local/lib/python3.10/site-packages/airflow/example_dags/example_python_operator.py
[2024-09-12T06:48:52.610+0000] {processor.py:826} INFO - Processing file /home/vscode/.local/lib/python3.10/site-packages/airflow/example_dags/example_python_operator.py for tasks to queue
[2024-09-12T06:48:52.610+0000] {logging_mixin.py:150} INFO - [2024-09-12T06:48:52.610+0000] {dagbag.py:541} INFO - Filling up the DagBag from /home/vscode/.local/lib/python3.10/site-packages/airflow/example_dags/example_python_operator.py
[2024-09-12T06:48:52.618+0000] {processor.py:836} INFO - DAG(s) dict_keys(['example_python_operator']) retrieved from /home/vscode/.local/lib/python3.10/site-packages/airflow/example_dags/example_python_operator.py
[2024-09-12T06:48:52.631+0000] {logging_mixin.py:150} INFO - [2024-09-12T06:48:52.631+0000] {dag.py:2742} INFO - Sync 1 DAGs
[2024-09-12T06:48:52.644+0000] {logging_mixin.py:150} INFO - [2024-09-12T06:48:52.644+0000] {dag.py:3504} INFO - Setting next_dagrun for example_python_operator to None, run_after=None
[2024-09-12T06:48:52.693+0000] {processor.py:179} INFO - Processing /home/vscode/.local/lib/python3.10/site-packages/airflow/example_dags/example_python_operator.py took 0.086 seconds
[2024-09-12T06:49:37.437+0000] {processor.py:157} INFO - Started process (PID=11457) to work on /home/vscode/.local/lib/python3.10/site-packages/airflow/example_dags/example_python_operator.py
[2024-09-12T06:49:37.438+0000] {processor.py:826} INFO - Processing file /home/vscode/.local/lib/python3.10/site-packages/airflow/example_dags/example_python_operator.py for tasks to queue
[2024-09-12T06:49:37.438+0000] {logging_mixin.py:150} INFO - [2024-09-12T06:49:37.438+0000] {dagbag.py:541} INFO - Filling up the DagBag from /home/vscode/.local/lib/python3.10/site-packages/airflow/example_dags/example_python_operator.py
[2024-09-12T06:49:37.446+0000] {processor.py:836} INFO - DAG(s) dict_keys(['example_python_operator']) retrieved from /home/vscode/.local/lib/python3.10/site-packages/airflow/example_dags/example_python_operator.py
[2024-09-12T06:49:37.459+0000] {logging_mixin.py:150} INFO - [2024-09-12T06:49:37.459+0000] {dag.py:2742} INFO - Sync 1 DAGs
[2024-09-12T06:49:37.472+0000] {logging_mixin.py:150} INFO - [2024-09-12T06:49:37.472+0000] {dag.py:3504} INFO - Setting next_dagrun for example_python_operator to None, run_after=None
[2024-09-12T06:49:37.501+0000] {processor.py:179} INFO - Processing /home/vscode/.local/lib/python3.10/site-packages/airflow/example_dags/example_python_operator.py took 0.066 seconds
[2024-09-12T06:50:17.979+0000] {processor.py:157} INFO - Started process (PID=11738) to work on /home/vscode/.local/lib/python3.10/site-packages/airflow/example_dags/example_python_operator.py
[2024-09-12T06:50:17.980+0000] {processor.py:826} INFO - Processing file /home/vscode/.local/lib/python3.10/site-packages/airflow/example_dags/example_python_operator.py for tasks to queue
[2024-09-12T06:50:17.981+0000] {logging_mixin.py:150} INFO - [2024-09-12T06:50:17.980+0000] {dagbag.py:541} INFO - Filling up the DagBag from /home/vscode/.local/lib/python3.10/site-packages/airflow/example_dags/example_python_operator.py
[2024-09-12T06:50:17.988+0000] {processor.py:836} INFO - DAG(s) dict_keys(['example_python_operator']) retrieved from /home/vscode/.local/lib/python3.10/site-packages/airflow/example_dags/example_python_operator.py
[2024-09-12T06:50:18.001+0000] {logging_mixin.py:150} INFO - [2024-09-12T06:50:18.001+0000] {dag.py:2742} INFO - Sync 1 DAGs
[2024-09-12T06:50:18.015+0000] {logging_mixin.py:150} INFO - [2024-09-12T06:50:18.015+0000] {dag.py:3504} INFO - Setting next_dagrun for example_python_operator to None, run_after=None
[2024-09-12T06:50:18.047+0000] {processor.py:179} INFO - Processing /home/vscode/.local/lib/python3.10/site-packages/airflow/example_dags/example_python_operator.py took 0.069 seconds
[2024-09-12T06:51:02.747+0000] {processor.py:157} INFO - Started process (PID=12027) to work on /home/vscode/.local/lib/python3.10/site-packages/airflow/example_dags/example_python_operator.py
[2024-09-12T06:51:02.748+0000] {processor.py:826} INFO - Processing file /home/vscode/.local/lib/python3.10/site-packages/airflow/example_dags/example_python_operator.py for tasks to queue
[2024-09-12T06:51:02.748+0000] {logging_mixin.py:150} INFO - [2024-09-12T06:51:02.748+0000] {dagbag.py:541} INFO - Filling up the DagBag from /home/vscode/.local/lib/python3.10/site-packages/airflow/example_dags/example_python_operator.py
[2024-09-12T06:51:02.756+0000] {processor.py:836} INFO - DAG(s) dict_keys(['example_python_operator']) retrieved from /home/vscode/.local/lib/python3.10/site-packages/airflow/example_dags/example_python_operator.py
[2024-09-12T06:51:02.770+0000] {logging_mixin.py:150} INFO - [2024-09-12T06:51:02.769+0000] {dag.py:2742} INFO - Sync 1 DAGs
[2024-09-12T06:51:02.783+0000] {logging_mixin.py:150} INFO - [2024-09-12T06:51:02.783+0000] {dag.py:3504} INFO - Setting next_dagrun for example_python_operator to None, run_after=None
[2024-09-12T06:51:02.817+0000] {processor.py:179} INFO - Processing /home/vscode/.local/lib/python3.10/site-packages/airflow/example_dags/example_python_operator.py took 0.072 seconds
[2024-09-12T06:51:49.141+0000] {processor.py:157} INFO - Started process (PID=12347) to work on /home/vscode/.local/lib/python3.10/site-packages/airflow/example_dags/example_python_operator.py
[2024-09-12T06:51:49.141+0000] {processor.py:826} INFO - Processing file /home/vscode/.local/lib/python3.10/site-packages/airflow/example_dags/example_python_operator.py for tasks to queue
[2024-09-12T06:51:49.142+0000] {logging_mixin.py:150} INFO - [2024-09-12T06:51:49.142+0000] {dagbag.py:541} INFO - Filling up the DagBag from /home/vscode/.local/lib/python3.10/site-packages/airflow/example_dags/example_python_operator.py
[2024-09-12T06:51:49.149+0000] {processor.py:836} INFO - DAG(s) dict_keys(['example_python_operator']) retrieved from /home/vscode/.local/lib/python3.10/site-packages/airflow/example_dags/example_python_operator.py
[2024-09-12T06:51:49.163+0000] {logging_mixin.py:150} INFO - [2024-09-12T06:51:49.163+0000] {dag.py:2742} INFO - Sync 1 DAGs
[2024-09-12T06:51:49.179+0000] {logging_mixin.py:150} INFO - [2024-09-12T06:51:49.179+0000] {dag.py:3504} INFO - Setting next_dagrun for example_python_operator to None, run_after=None
[2024-09-12T06:51:49.228+0000] {processor.py:179} INFO - Processing /home/vscode/.local/lib/python3.10/site-packages/airflow/example_dags/example_python_operator.py took 0.090 seconds
[2024-09-12T06:52:37.062+0000] {processor.py:157} INFO - Started process (PID=12667) to work on /home/vscode/.local/lib/python3.10/site-packages/airflow/example_dags/example_python_operator.py
[2024-09-12T06:52:37.063+0000] {processor.py:826} INFO - Processing file /home/vscode/.local/lib/python3.10/site-packages/airflow/example_dags/example_python_operator.py for tasks to queue
[2024-09-12T06:52:37.063+0000] {logging_mixin.py:150} INFO - [2024-09-12T06:52:37.063+0000] {dagbag.py:541} INFO - Filling up the DagBag from /home/vscode/.local/lib/python3.10/site-packages/airflow/example_dags/example_python_operator.py
[2024-09-12T06:52:37.071+0000] {processor.py:836} INFO - DAG(s) dict_keys(['example_python_operator']) retrieved from /home/vscode/.local/lib/python3.10/site-packages/airflow/example_dags/example_python_operator.py
[2024-09-12T06:52:37.084+0000] {logging_mixin.py:150} INFO - [2024-09-12T06:52:37.084+0000] {dag.py:2742} INFO - Sync 1 DAGs
[2024-09-12T06:52:37.098+0000] {logging_mixin.py:150} INFO - [2024-09-12T06:52:37.098+0000] {dag.py:3504} INFO - Setting next_dagrun for example_python_operator to None, run_after=None
[2024-09-12T06:52:37.129+0000] {processor.py:179} INFO - Processing /home/vscode/.local/lib/python3.10/site-packages/airflow/example_dags/example_python_operator.py took 0.069 seconds
[2024-09-12T06:53:22.270+0000] {processor.py:157} INFO - Started process (PID=12971) to work on /home/vscode/.local/lib/python3.10/site-packages/airflow/example_dags/example_python_operator.py
[2024-09-12T06:53:22.271+0000] {processor.py:826} INFO - Processing file /home/vscode/.local/lib/python3.10/site-packages/airflow/example_dags/example_python_operator.py for tasks to queue
[2024-09-12T06:53:22.272+0000] {logging_mixin.py:150} INFO - [2024-09-12T06:53:22.271+0000] {dagbag.py:541} INFO - Filling up the DagBag from /home/vscode/.local/lib/python3.10/site-packages/airflow/example_dags/example_python_operator.py
[2024-09-12T06:53:22.279+0000] {processor.py:836} INFO - DAG(s) dict_keys(['example_python_operator']) retrieved from /home/vscode/.local/lib/python3.10/site-packages/airflow/example_dags/example_python_operator.py
[2024-09-12T06:53:22.292+0000] {logging_mixin.py:150} INFO - [2024-09-12T06:53:22.292+0000] {dag.py:2742} INFO - Sync 1 DAGs
[2024-09-12T06:53:22.306+0000] {logging_mixin.py:150} INFO - [2024-09-12T06:53:22.306+0000] {dag.py:3504} INFO - Setting next_dagrun for example_python_operator to None, run_after=None
[2024-09-12T06:53:22.337+0000] {processor.py:179} INFO - Processing /home/vscode/.local/lib/python3.10/site-packages/airflow/example_dags/example_python_operator.py took 0.069 seconds
[2024-09-12T06:54:08.696+0000] {processor.py:157} INFO - Started process (PID=13284) to work on /home/vscode/.local/lib/python3.10/site-packages/airflow/example_dags/example_python_operator.py
[2024-09-12T06:54:08.697+0000] {processor.py:826} INFO - Processing file /home/vscode/.local/lib/python3.10/site-packages/airflow/example_dags/example_python_operator.py for tasks to queue
[2024-09-12T06:54:08.697+0000] {logging_mixin.py:150} INFO - [2024-09-12T06:54:08.697+0000] {dagbag.py:541} INFO - Filling up the DagBag from /home/vscode/.local/lib/python3.10/site-packages/airflow/example_dags/example_python_operator.py
[2024-09-12T06:54:08.705+0000] {processor.py:836} INFO - DAG(s) dict_keys(['example_python_operator']) retrieved from /home/vscode/.local/lib/python3.10/site-packages/airflow/example_dags/example_python_operator.py
[2024-09-12T06:54:08.718+0000] {logging_mixin.py:150} INFO - [2024-09-12T06:54:08.718+0000] {dag.py:2742} INFO - Sync 1 DAGs
[2024-09-12T06:54:08.732+0000] {logging_mixin.py:150} INFO - [2024-09-12T06:54:08.731+0000] {dag.py:3504} INFO - Setting next_dagrun for example_python_operator to None, run_after=None
[2024-09-12T06:54:08.763+0000] {processor.py:179} INFO - Processing /home/vscode/.local/lib/python3.10/site-packages/airflow/example_dags/example_python_operator.py took 0.069 seconds
[2024-09-12T06:54:52.966+0000] {processor.py:157} INFO - Started process (PID=13576) to work on /home/vscode/.local/lib/python3.10/site-packages/airflow/example_dags/example_python_operator.py
[2024-09-12T06:54:52.966+0000] {processor.py:826} INFO - Processing file /home/vscode/.local/lib/python3.10/site-packages/airflow/example_dags/example_python_operator.py for tasks to queue
[2024-09-12T06:54:52.967+0000] {logging_mixin.py:150} INFO - [2024-09-12T06:54:52.967+0000] {dagbag.py:541} INFO - Filling up the DagBag from /home/vscode/.local/lib/python3.10/site-packages/airflow/example_dags/example_python_operator.py
[2024-09-12T06:54:52.974+0000] {processor.py:836} INFO - DAG(s) dict_keys(['example_python_operator']) retrieved from /home/vscode/.local/lib/python3.10/site-packages/airflow/example_dags/example_python_operator.py
[2024-09-12T06:54:52.987+0000] {logging_mixin.py:150} INFO - [2024-09-12T06:54:52.987+0000] {dag.py:2742} INFO - Sync 1 DAGs
[2024-09-12T06:54:53.000+0000] {logging_mixin.py:150} INFO - [2024-09-12T06:54:53.000+0000] {dag.py:3504} INFO - Setting next_dagrun for example_python_operator to None, run_after=None
[2024-09-12T06:54:53.036+0000] {processor.py:179} INFO - Processing /home/vscode/.local/lib/python3.10/site-packages/airflow/example_dags/example_python_operator.py took 0.073 seconds
[2024-09-12T06:55:38.700+0000] {processor.py:157} INFO - Started process (PID=13892) to work on /home/vscode/.local/lib/python3.10/site-packages/airflow/example_dags/example_python_operator.py
[2024-09-12T06:55:38.701+0000] {processor.py:826} INFO - Processing file /home/vscode/.local/lib/python3.10/site-packages/airflow/example_dags/example_python_operator.py for tasks to queue
[2024-09-12T06:55:38.701+0000] {logging_mixin.py:150} INFO - [2024-09-12T06:55:38.701+0000] {dagbag.py:541} INFO - Filling up the DagBag from /home/vscode/.local/lib/python3.10/site-packages/airflow/example_dags/example_python_operator.py
[2024-09-12T06:55:38.709+0000] {processor.py:836} INFO - DAG(s) dict_keys(['example_python_operator']) retrieved from /home/vscode/.local/lib/python3.10/site-packages/airflow/example_dags/example_python_operator.py
[2024-09-12T06:55:38.722+0000] {logging_mixin.py:150} INFO - [2024-09-12T06:55:38.722+0000] {dag.py:2742} INFO - Sync 1 DAGs
[2024-09-12T06:55:38.736+0000] {logging_mixin.py:150} INFO - [2024-09-12T06:55:38.736+0000] {dag.py:3504} INFO - Setting next_dagrun for example_python_operator to None, run_after=None
[2024-09-12T06:55:38.772+0000] {processor.py:179} INFO - Processing /home/vscode/.local/lib/python3.10/site-packages/airflow/example_dags/example_python_operator.py took 0.074 seconds
[2024-09-12T06:56:26.759+0000] {processor.py:157} INFO - Started process (PID=14211) to work on /home/vscode/.local/lib/python3.10/site-packages/airflow/example_dags/example_python_operator.py
[2024-09-12T06:56:26.760+0000] {processor.py:826} INFO - Processing file /home/vscode/.local/lib/python3.10/site-packages/airflow/example_dags/example_python_operator.py for tasks to queue
[2024-09-12T06:56:26.761+0000] {logging_mixin.py:150} INFO - [2024-09-12T06:56:26.760+0000] {dagbag.py:541} INFO - Filling up the DagBag from /home/vscode/.local/lib/python3.10/site-packages/airflow/example_dags/example_python_operator.py
[2024-09-12T06:56:26.770+0000] {processor.py:836} INFO - DAG(s) dict_keys(['example_python_operator']) retrieved from /home/vscode/.local/lib/python3.10/site-packages/airflow/example_dags/example_python_operator.py
[2024-09-12T06:56:26.783+0000] {logging_mixin.py:150} INFO - [2024-09-12T06:56:26.783+0000] {dag.py:2742} INFO - Sync 1 DAGs
[2024-09-12T06:56:26.797+0000] {logging_mixin.py:150} INFO - [2024-09-12T06:56:26.796+0000] {dag.py:3504} INFO - Setting next_dagrun for example_python_operator to None, run_after=None
[2024-09-12T06:56:26.837+0000] {processor.py:179} INFO - Processing /home/vscode/.local/lib/python3.10/site-packages/airflow/example_dags/example_python_operator.py took 0.080 seconds
[2024-09-12T06:57:17.347+0000] {processor.py:157} INFO - Started process (PID=14551) to work on /home/vscode/.local/lib/python3.10/site-packages/airflow/example_dags/example_python_operator.py
[2024-09-12T06:57:17.348+0000] {processor.py:826} INFO - Processing file /home/vscode/.local/lib/python3.10/site-packages/airflow/example_dags/example_python_operator.py for tasks to queue
[2024-09-12T06:57:17.348+0000] {logging_mixin.py:150} INFO - [2024-09-12T06:57:17.348+0000] {dagbag.py:541} INFO - Filling up the DagBag from /home/vscode/.local/lib/python3.10/site-packages/airflow/example_dags/example_python_operator.py
[2024-09-12T06:57:17.356+0000] {processor.py:836} INFO - DAG(s) dict_keys(['example_python_operator']) retrieved from /home/vscode/.local/lib/python3.10/site-packages/airflow/example_dags/example_python_operator.py
[2024-09-12T06:57:17.369+0000] {logging_mixin.py:150} INFO - [2024-09-12T06:57:17.369+0000] {dag.py:2742} INFO - Sync 1 DAGs
[2024-09-12T06:57:17.392+0000] {logging_mixin.py:150} INFO - [2024-09-12T06:57:17.392+0000] {dag.py:3504} INFO - Setting next_dagrun for example_python_operator to None, run_after=None
[2024-09-12T06:57:17.429+0000] {processor.py:179} INFO - Processing /home/vscode/.local/lib/python3.10/site-packages/airflow/example_dags/example_python_operator.py took 0.084 seconds
[2024-09-12T06:57:58.910+0000] {processor.py:157} INFO - Started process (PID=14836) to work on /home/vscode/.local/lib/python3.10/site-packages/airflow/example_dags/example_python_operator.py
[2024-09-12T06:57:58.911+0000] {processor.py:826} INFO - Processing file /home/vscode/.local/lib/python3.10/site-packages/airflow/example_dags/example_python_operator.py for tasks to queue
[2024-09-12T06:57:58.911+0000] {logging_mixin.py:150} INFO - [2024-09-12T06:57:58.911+0000] {dagbag.py:541} INFO - Filling up the DagBag from /home/vscode/.local/lib/python3.10/site-packages/airflow/example_dags/example_python_operator.py
[2024-09-12T06:57:58.921+0000] {processor.py:836} INFO - DAG(s) dict_keys(['example_python_operator']) retrieved from /home/vscode/.local/lib/python3.10/site-packages/airflow/example_dags/example_python_operator.py
[2024-09-12T06:57:58.939+0000] {logging_mixin.py:150} INFO - [2024-09-12T06:57:58.939+0000] {dag.py:2742} INFO - Sync 1 DAGs
[2024-09-12T06:57:58.958+0000] {logging_mixin.py:150} INFO - [2024-09-12T06:57:58.957+0000] {dag.py:3504} INFO - Setting next_dagrun for example_python_operator to None, run_after=None
[2024-09-12T06:57:58.992+0000] {processor.py:179} INFO - Processing /home/vscode/.local/lib/python3.10/site-packages/airflow/example_dags/example_python_operator.py took 0.085 seconds
[2024-09-12T06:58:42.724+0000] {processor.py:157} INFO - Started process (PID=15125) to work on /home/vscode/.local/lib/python3.10/site-packages/airflow/example_dags/example_python_operator.py
[2024-09-12T06:58:42.725+0000] {processor.py:826} INFO - Processing file /home/vscode/.local/lib/python3.10/site-packages/airflow/example_dags/example_python_operator.py for tasks to queue
[2024-09-12T06:58:42.726+0000] {logging_mixin.py:150} INFO - [2024-09-12T06:58:42.725+0000] {dagbag.py:541} INFO - Filling up the DagBag from /home/vscode/.local/lib/python3.10/site-packages/airflow/example_dags/example_python_operator.py
[2024-09-12T06:58:42.733+0000] {processor.py:836} INFO - DAG(s) dict_keys(['example_python_operator']) retrieved from /home/vscode/.local/lib/python3.10/site-packages/airflow/example_dags/example_python_operator.py
[2024-09-12T06:58:42.747+0000] {logging_mixin.py:150} INFO - [2024-09-12T06:58:42.747+0000] {dag.py:2742} INFO - Sync 1 DAGs
[2024-09-12T06:58:42.761+0000] {logging_mixin.py:150} INFO - [2024-09-12T06:58:42.761+0000] {dag.py:3504} INFO - Setting next_dagrun for example_python_operator to None, run_after=None
[2024-09-12T06:58:42.796+0000] {processor.py:179} INFO - Processing /home/vscode/.local/lib/python3.10/site-packages/airflow/example_dags/example_python_operator.py took 0.074 seconds
[2024-09-12T06:59:26.891+0000] {processor.py:157} INFO - Started process (PID=15422) to work on /home/vscode/.local/lib/python3.10/site-packages/airflow/example_dags/example_python_operator.py
[2024-09-12T06:59:26.892+0000] {processor.py:826} INFO - Processing file /home/vscode/.local/lib/python3.10/site-packages/airflow/example_dags/example_python_operator.py for tasks to queue
[2024-09-12T06:59:26.893+0000] {logging_mixin.py:150} INFO - [2024-09-12T06:59:26.892+0000] {dagbag.py:541} INFO - Filling up the DagBag from /home/vscode/.local/lib/python3.10/site-packages/airflow/example_dags/example_python_operator.py
[2024-09-12T06:59:26.900+0000] {processor.py:836} INFO - DAG(s) dict_keys(['example_python_operator']) retrieved from /home/vscode/.local/lib/python3.10/site-packages/airflow/example_dags/example_python_operator.py
[2024-09-12T06:59:26.913+0000] {logging_mixin.py:150} INFO - [2024-09-12T06:59:26.913+0000] {dag.py:2742} INFO - Sync 1 DAGs
[2024-09-12T06:59:26.926+0000] {logging_mixin.py:150} INFO - [2024-09-12T06:59:26.926+0000] {dag.py:3504} INFO - Setting next_dagrun for example_python_operator to None, run_after=None
[2024-09-12T06:59:26.956+0000] {processor.py:179} INFO - Processing /home/vscode/.local/lib/python3.10/site-packages/airflow/example_dags/example_python_operator.py took 0.067 seconds
[2024-09-12T07:00:17.016+0000] {processor.py:157} INFO - Started process (PID=15751) to work on /home/vscode/.local/lib/python3.10/site-packages/airflow/example_dags/example_python_operator.py
[2024-09-12T07:00:17.017+0000] {processor.py:826} INFO - Processing file /home/vscode/.local/lib/python3.10/site-packages/airflow/example_dags/example_python_operator.py for tasks to queue
[2024-09-12T07:00:17.018+0000] {logging_mixin.py:150} INFO - [2024-09-12T07:00:17.017+0000] {dagbag.py:541} INFO - Filling up the DagBag from /home/vscode/.local/lib/python3.10/site-packages/airflow/example_dags/example_python_operator.py
[2024-09-12T07:00:17.025+0000] {processor.py:836} INFO - DAG(s) dict_keys(['example_python_operator']) retrieved from /home/vscode/.local/lib/python3.10/site-packages/airflow/example_dags/example_python_operator.py
[2024-09-12T07:00:17.038+0000] {logging_mixin.py:150} INFO - [2024-09-12T07:00:17.038+0000] {dag.py:2742} INFO - Sync 1 DAGs
[2024-09-12T07:00:17.052+0000] {logging_mixin.py:150} INFO - [2024-09-12T07:00:17.052+0000] {dag.py:3504} INFO - Setting next_dagrun for example_python_operator to None, run_after=None
[2024-09-12T07:00:17.092+0000] {processor.py:179} INFO - Processing /home/vscode/.local/lib/python3.10/site-packages/airflow/example_dags/example_python_operator.py took 0.078 seconds
[2024-09-12T07:01:02.891+0000] {processor.py:157} INFO - Started process (PID=16068) to work on /home/vscode/.local/lib/python3.10/site-packages/airflow/example_dags/example_python_operator.py
[2024-09-12T07:01:02.891+0000] {processor.py:826} INFO - Processing file /home/vscode/.local/lib/python3.10/site-packages/airflow/example_dags/example_python_operator.py for tasks to queue
[2024-09-12T07:01:02.892+0000] {logging_mixin.py:150} INFO - [2024-09-12T07:01:02.892+0000] {dagbag.py:541} INFO - Filling up the DagBag from /home/vscode/.local/lib/python3.10/site-packages/airflow/example_dags/example_python_operator.py
[2024-09-12T07:01:02.899+0000] {processor.py:836} INFO - DAG(s) dict_keys(['example_python_operator']) retrieved from /home/vscode/.local/lib/python3.10/site-packages/airflow/example_dags/example_python_operator.py
[2024-09-12T07:01:02.912+0000] {logging_mixin.py:150} INFO - [2024-09-12T07:01:02.912+0000] {dag.py:2742} INFO - Sync 1 DAGs
[2024-09-12T07:01:02.925+0000] {logging_mixin.py:150} INFO - [2024-09-12T07:01:02.925+0000] {dag.py:3504} INFO - Setting next_dagrun for example_python_operator to None, run_after=None
[2024-09-12T07:01:02.957+0000] {processor.py:179} INFO - Processing /home/vscode/.local/lib/python3.10/site-packages/airflow/example_dags/example_python_operator.py took 0.068 seconds
[2024-09-12T07:01:44.893+0000] {processor.py:157} INFO - Started process (PID=16346) to work on /home/vscode/.local/lib/python3.10/site-packages/airflow/example_dags/example_python_operator.py
[2024-09-12T07:01:44.894+0000] {processor.py:826} INFO - Processing file /home/vscode/.local/lib/python3.10/site-packages/airflow/example_dags/example_python_operator.py for tasks to queue
[2024-09-12T07:01:44.895+0000] {logging_mixin.py:150} INFO - [2024-09-12T07:01:44.894+0000] {dagbag.py:541} INFO - Filling up the DagBag from /home/vscode/.local/lib/python3.10/site-packages/airflow/example_dags/example_python_operator.py
[2024-09-12T07:01:44.902+0000] {processor.py:836} INFO - DAG(s) dict_keys(['example_python_operator']) retrieved from /home/vscode/.local/lib/python3.10/site-packages/airflow/example_dags/example_python_operator.py
[2024-09-12T07:01:44.916+0000] {logging_mixin.py:150} INFO - [2024-09-12T07:01:44.916+0000] {dag.py:2742} INFO - Sync 1 DAGs
[2024-09-12T07:01:44.929+0000] {logging_mixin.py:150} INFO - [2024-09-12T07:01:44.929+0000] {dag.py:3504} INFO - Setting next_dagrun for example_python_operator to None, run_after=None
[2024-09-12T07:01:44.959+0000] {processor.py:179} INFO - Processing /home/vscode/.local/lib/python3.10/site-packages/airflow/example_dags/example_python_operator.py took 0.067 seconds
[2024-09-12T07:02:25.488+0000] {processor.py:157} INFO - Started process (PID=16624) to work on /home/vscode/.local/lib/python3.10/site-packages/airflow/example_dags/example_python_operator.py
[2024-09-12T07:02:25.488+0000] {processor.py:826} INFO - Processing file /home/vscode/.local/lib/python3.10/site-packages/airflow/example_dags/example_python_operator.py for tasks to queue
[2024-09-12T07:02:25.489+0000] {logging_mixin.py:150} INFO - [2024-09-12T07:02:25.489+0000] {dagbag.py:541} INFO - Filling up the DagBag from /home/vscode/.local/lib/python3.10/site-packages/airflow/example_dags/example_python_operator.py
[2024-09-12T07:02:25.496+0000] {processor.py:836} INFO - DAG(s) dict_keys(['example_python_operator']) retrieved from /home/vscode/.local/lib/python3.10/site-packages/airflow/example_dags/example_python_operator.py
[2024-09-12T07:02:25.512+0000] {logging_mixin.py:150} INFO - [2024-09-12T07:02:25.512+0000] {dag.py:2742} INFO - Sync 1 DAGs
[2024-09-12T07:02:25.527+0000] {logging_mixin.py:150} INFO - [2024-09-12T07:02:25.527+0000] {dag.py:3504} INFO - Setting next_dagrun for example_python_operator to None, run_after=None
[2024-09-12T07:02:25.568+0000] {processor.py:179} INFO - Processing /home/vscode/.local/lib/python3.10/site-packages/airflow/example_dags/example_python_operator.py took 0.083 seconds
[2024-09-12T07:03:13.045+0000] {processor.py:157} INFO - Started process (PID=16948) to work on /home/vscode/.local/lib/python3.10/site-packages/airflow/example_dags/example_python_operator.py
[2024-09-12T07:03:13.046+0000] {processor.py:826} INFO - Processing file /home/vscode/.local/lib/python3.10/site-packages/airflow/example_dags/example_python_operator.py for tasks to queue
[2024-09-12T07:03:13.046+0000] {logging_mixin.py:150} INFO - [2024-09-12T07:03:13.046+0000] {dagbag.py:541} INFO - Filling up the DagBag from /home/vscode/.local/lib/python3.10/site-packages/airflow/example_dags/example_python_operator.py
[2024-09-12T07:03:13.054+0000] {processor.py:836} INFO - DAG(s) dict_keys(['example_python_operator']) retrieved from /home/vscode/.local/lib/python3.10/site-packages/airflow/example_dags/example_python_operator.py
[2024-09-12T07:03:13.067+0000] {logging_mixin.py:150} INFO - [2024-09-12T07:03:13.067+0000] {dag.py:2742} INFO - Sync 1 DAGs
[2024-09-12T07:03:13.081+0000] {logging_mixin.py:150} INFO - [2024-09-12T07:03:13.080+0000] {dag.py:3504} INFO - Setting next_dagrun for example_python_operator to None, run_after=None
[2024-09-12T07:03:13.108+0000] {processor.py:179} INFO - Processing /home/vscode/.local/lib/python3.10/site-packages/airflow/example_dags/example_python_operator.py took 0.066 seconds
[2024-09-12T07:04:03.464+0000] {processor.py:157} INFO - Started process (PID=17332) to work on /home/vscode/.local/lib/python3.10/site-packages/airflow/example_dags/example_python_operator.py
[2024-09-12T07:04:03.464+0000] {processor.py:826} INFO - Processing file /home/vscode/.local/lib/python3.10/site-packages/airflow/example_dags/example_python_operator.py for tasks to queue
[2024-09-12T07:04:03.465+0000] {logging_mixin.py:150} INFO - [2024-09-12T07:04:03.464+0000] {dagbag.py:541} INFO - Filling up the DagBag from /home/vscode/.local/lib/python3.10/site-packages/airflow/example_dags/example_python_operator.py
[2024-09-12T07:04:03.472+0000] {processor.py:836} INFO - DAG(s) dict_keys(['example_python_operator']) retrieved from /home/vscode/.local/lib/python3.10/site-packages/airflow/example_dags/example_python_operator.py
[2024-09-12T07:04:03.487+0000] {logging_mixin.py:150} INFO - [2024-09-12T07:04:03.487+0000] {dag.py:2742} INFO - Sync 1 DAGs
[2024-09-12T07:04:03.501+0000] {logging_mixin.py:150} INFO - [2024-09-12T07:04:03.500+0000] {dag.py:3504} INFO - Setting next_dagrun for example_python_operator to None, run_after=None
[2024-09-12T07:04:03.535+0000] {processor.py:179} INFO - Processing /home/vscode/.local/lib/python3.10/site-packages/airflow/example_dags/example_python_operator.py took 0.074 seconds
[2024-09-12T07:04:47.760+0000] {processor.py:157} INFO - Started process (PID=17665) to work on /home/vscode/.local/lib/python3.10/site-packages/airflow/example_dags/example_python_operator.py
[2024-09-12T07:04:47.760+0000] {processor.py:826} INFO - Processing file /home/vscode/.local/lib/python3.10/site-packages/airflow/example_dags/example_python_operator.py for tasks to queue
[2024-09-12T07:04:47.761+0000] {logging_mixin.py:150} INFO - [2024-09-12T07:04:47.761+0000] {dagbag.py:541} INFO - Filling up the DagBag from /home/vscode/.local/lib/python3.10/site-packages/airflow/example_dags/example_python_operator.py
[2024-09-12T07:04:47.773+0000] {processor.py:836} INFO - DAG(s) dict_keys(['example_python_operator']) retrieved from /home/vscode/.local/lib/python3.10/site-packages/airflow/example_dags/example_python_operator.py
[2024-09-12T07:04:47.786+0000] {logging_mixin.py:150} INFO - [2024-09-12T07:04:47.786+0000] {dag.py:2742} INFO - Sync 1 DAGs
[2024-09-12T07:04:47.799+0000] {logging_mixin.py:150} INFO - [2024-09-12T07:04:47.799+0000] {dag.py:3504} INFO - Setting next_dagrun for example_python_operator to None, run_after=None
[2024-09-12T07:04:47.831+0000] {processor.py:179} INFO - Processing /home/vscode/.local/lib/python3.10/site-packages/airflow/example_dags/example_python_operator.py took 0.074 seconds
[2024-09-12T07:05:34.662+0000] {processor.py:157} INFO - Started process (PID=18103) to work on /home/vscode/.local/lib/python3.10/site-packages/airflow/example_dags/example_python_operator.py
[2024-09-12T07:05:34.663+0000] {processor.py:826} INFO - Processing file /home/vscode/.local/lib/python3.10/site-packages/airflow/example_dags/example_python_operator.py for tasks to queue
[2024-09-12T07:05:34.663+0000] {logging_mixin.py:150} INFO - [2024-09-12T07:05:34.663+0000] {dagbag.py:541} INFO - Filling up the DagBag from /home/vscode/.local/lib/python3.10/site-packages/airflow/example_dags/example_python_operator.py
[2024-09-12T07:05:34.671+0000] {processor.py:836} INFO - DAG(s) dict_keys(['example_python_operator']) retrieved from /home/vscode/.local/lib/python3.10/site-packages/airflow/example_dags/example_python_operator.py
[2024-09-12T07:05:34.684+0000] {logging_mixin.py:150} INFO - [2024-09-12T07:05:34.684+0000] {dag.py:2742} INFO - Sync 1 DAGs
[2024-09-12T07:05:34.698+0000] {logging_mixin.py:150} INFO - [2024-09-12T07:05:34.698+0000] {dag.py:3504} INFO - Setting next_dagrun for example_python_operator to None, run_after=None
[2024-09-12T07:05:34.736+0000] {processor.py:179} INFO - Processing /home/vscode/.local/lib/python3.10/site-packages/airflow/example_dags/example_python_operator.py took 0.077 seconds
[2024-09-12T07:06:18.572+0000] {processor.py:157} INFO - Started process (PID=18448) to work on /home/vscode/.local/lib/python3.10/site-packages/airflow/example_dags/example_python_operator.py
[2024-09-12T07:06:18.573+0000] {processor.py:826} INFO - Processing file /home/vscode/.local/lib/python3.10/site-packages/airflow/example_dags/example_python_operator.py for tasks to queue
[2024-09-12T07:06:18.574+0000] {logging_mixin.py:150} INFO - [2024-09-12T07:06:18.573+0000] {dagbag.py:541} INFO - Filling up the DagBag from /home/vscode/.local/lib/python3.10/site-packages/airflow/example_dags/example_python_operator.py
[2024-09-12T07:06:18.581+0000] {processor.py:836} INFO - DAG(s) dict_keys(['example_python_operator']) retrieved from /home/vscode/.local/lib/python3.10/site-packages/airflow/example_dags/example_python_operator.py
[2024-09-12T07:06:18.594+0000] {logging_mixin.py:150} INFO - [2024-09-12T07:06:18.594+0000] {dag.py:2742} INFO - Sync 1 DAGs
[2024-09-12T07:06:18.608+0000] {logging_mixin.py:150} INFO - [2024-09-12T07:06:18.608+0000] {dag.py:3504} INFO - Setting next_dagrun for example_python_operator to None, run_after=None
[2024-09-12T07:06:18.632+0000] {processor.py:179} INFO - Processing /home/vscode/.local/lib/python3.10/site-packages/airflow/example_dags/example_python_operator.py took 0.062 seconds
[2024-09-12T07:07:02.843+0000] {processor.py:157} INFO - Started process (PID=18763) to work on /home/vscode/.local/lib/python3.10/site-packages/airflow/example_dags/example_python_operator.py
[2024-09-12T07:07:02.844+0000] {processor.py:826} INFO - Processing file /home/vscode/.local/lib/python3.10/site-packages/airflow/example_dags/example_python_operator.py for tasks to queue
[2024-09-12T07:07:02.844+0000] {logging_mixin.py:150} INFO - [2024-09-12T07:07:02.844+0000] {dagbag.py:541} INFO - Filling up the DagBag from /home/vscode/.local/lib/python3.10/site-packages/airflow/example_dags/example_python_operator.py
[2024-09-12T07:07:02.852+0000] {processor.py:836} INFO - DAG(s) dict_keys(['example_python_operator']) retrieved from /home/vscode/.local/lib/python3.10/site-packages/airflow/example_dags/example_python_operator.py
[2024-09-12T07:07:02.865+0000] {logging_mixin.py:150} INFO - [2024-09-12T07:07:02.865+0000] {dag.py:2742} INFO - Sync 1 DAGs
[2024-09-12T07:07:02.879+0000] {logging_mixin.py:150} INFO - [2024-09-12T07:07:02.879+0000] {dag.py:3504} INFO - Setting next_dagrun for example_python_operator to None, run_after=None
[2024-09-12T07:07:02.929+0000] {processor.py:179} INFO - Processing /home/vscode/.local/lib/python3.10/site-packages/airflow/example_dags/example_python_operator.py took 0.089 seconds
[2024-09-12T07:07:47.928+0000] {processor.py:157} INFO - Started process (PID=19061) to work on /home/vscode/.local/lib/python3.10/site-packages/airflow/example_dags/example_python_operator.py
[2024-09-12T07:07:47.929+0000] {processor.py:826} INFO - Processing file /home/vscode/.local/lib/python3.10/site-packages/airflow/example_dags/example_python_operator.py for tasks to queue
[2024-09-12T07:07:47.929+0000] {logging_mixin.py:150} INFO - [2024-09-12T07:07:47.929+0000] {dagbag.py:541} INFO - Filling up the DagBag from /home/vscode/.local/lib/python3.10/site-packages/airflow/example_dags/example_python_operator.py
[2024-09-12T07:07:47.937+0000] {processor.py:836} INFO - DAG(s) dict_keys(['example_python_operator']) retrieved from /home/vscode/.local/lib/python3.10/site-packages/airflow/example_dags/example_python_operator.py
[2024-09-12T07:07:47.950+0000] {logging_mixin.py:150} INFO - [2024-09-12T07:07:47.950+0000] {dag.py:2742} INFO - Sync 1 DAGs
[2024-09-12T07:07:47.964+0000] {logging_mixin.py:150} INFO - [2024-09-12T07:07:47.964+0000] {dag.py:3504} INFO - Setting next_dagrun for example_python_operator to None, run_after=None
[2024-09-12T07:07:47.997+0000] {processor.py:179} INFO - Processing /home/vscode/.local/lib/python3.10/site-packages/airflow/example_dags/example_python_operator.py took 0.071 seconds
[2024-09-12T07:08:30.874+0000] {processor.py:157} INFO - Started process (PID=19402) to work on /home/vscode/.local/lib/python3.10/site-packages/airflow/example_dags/example_python_operator.py
[2024-09-12T07:08:30.874+0000] {processor.py:826} INFO - Processing file /home/vscode/.local/lib/python3.10/site-packages/airflow/example_dags/example_python_operator.py for tasks to queue
[2024-09-12T07:08:30.875+0000] {logging_mixin.py:150} INFO - [2024-09-12T07:08:30.875+0000] {dagbag.py:541} INFO - Filling up the DagBag from /home/vscode/.local/lib/python3.10/site-packages/airflow/example_dags/example_python_operator.py
[2024-09-12T07:08:30.882+0000] {processor.py:836} INFO - DAG(s) dict_keys(['example_python_operator']) retrieved from /home/vscode/.local/lib/python3.10/site-packages/airflow/example_dags/example_python_operator.py
[2024-09-12T07:08:30.896+0000] {logging_mixin.py:150} INFO - [2024-09-12T07:08:30.896+0000] {dag.py:2742} INFO - Sync 1 DAGs
[2024-09-12T07:08:30.910+0000] {logging_mixin.py:150} INFO - [2024-09-12T07:08:30.910+0000] {dag.py:3504} INFO - Setting next_dagrun for example_python_operator to None, run_after=None
[2024-09-12T07:08:30.940+0000] {processor.py:179} INFO - Processing /home/vscode/.local/lib/python3.10/site-packages/airflow/example_dags/example_python_operator.py took 0.069 seconds
[2024-09-12T07:09:17.792+0000] {processor.py:157} INFO - Started process (PID=19787) to work on /home/vscode/.local/lib/python3.10/site-packages/airflow/example_dags/example_python_operator.py
[2024-09-12T07:09:17.792+0000] {processor.py:826} INFO - Processing file /home/vscode/.local/lib/python3.10/site-packages/airflow/example_dags/example_python_operator.py for tasks to queue
[2024-09-12T07:09:17.793+0000] {logging_mixin.py:150} INFO - [2024-09-12T07:09:17.793+0000] {dagbag.py:541} INFO - Filling up the DagBag from /home/vscode/.local/lib/python3.10/site-packages/airflow/example_dags/example_python_operator.py
[2024-09-12T07:09:17.801+0000] {processor.py:836} INFO - DAG(s) dict_keys(['example_python_operator']) retrieved from /home/vscode/.local/lib/python3.10/site-packages/airflow/example_dags/example_python_operator.py
[2024-09-12T07:09:17.814+0000] {logging_mixin.py:150} INFO - [2024-09-12T07:09:17.814+0000] {dag.py:2742} INFO - Sync 1 DAGs
[2024-09-12T07:09:17.828+0000] {logging_mixin.py:150} INFO - [2024-09-12T07:09:17.828+0000] {dag.py:3504} INFO - Setting next_dagrun for example_python_operator to None, run_after=None
[2024-09-12T07:09:17.856+0000] {processor.py:179} INFO - Processing /home/vscode/.local/lib/python3.10/site-packages/airflow/example_dags/example_python_operator.py took 0.066 seconds
[2024-09-12T07:10:01.834+0000] {processor.py:157} INFO - Started process (PID=20109) to work on /home/vscode/.local/lib/python3.10/site-packages/airflow/example_dags/example_python_operator.py
[2024-09-12T07:10:01.835+0000] {processor.py:826} INFO - Processing file /home/vscode/.local/lib/python3.10/site-packages/airflow/example_dags/example_python_operator.py for tasks to queue
[2024-09-12T07:10:01.836+0000] {logging_mixin.py:150} INFO - [2024-09-12T07:10:01.835+0000] {dagbag.py:541} INFO - Filling up the DagBag from /home/vscode/.local/lib/python3.10/site-packages/airflow/example_dags/example_python_operator.py
[2024-09-12T07:10:01.843+0000] {processor.py:836} INFO - DAG(s) dict_keys(['example_python_operator']) retrieved from /home/vscode/.local/lib/python3.10/site-packages/airflow/example_dags/example_python_operator.py
[2024-09-12T07:10:01.857+0000] {logging_mixin.py:150} INFO - [2024-09-12T07:10:01.857+0000] {dag.py:2742} INFO - Sync 1 DAGs
[2024-09-12T07:10:01.871+0000] {logging_mixin.py:150} INFO - [2024-09-12T07:10:01.871+0000] {dag.py:3504} INFO - Setting next_dagrun for example_python_operator to None, run_after=None
[2024-09-12T07:10:01.903+0000] {processor.py:179} INFO - Processing /home/vscode/.local/lib/python3.10/site-packages/airflow/example_dags/example_python_operator.py took 0.071 seconds
