[2024-09-12T06:38:53.880+0000] {processor.py:157} INFO - Started process (PID=6982) to work on /home/vscode/.local/lib/python3.10/site-packages/airflow/example_dags/example_trigger_controller_dag.py
[2024-09-12T06:38:53.881+0000] {processor.py:826} INFO - Processing file /home/vscode/.local/lib/python3.10/site-packages/airflow/example_dags/example_trigger_controller_dag.py for tasks to queue
[2024-09-12T06:38:53.881+0000] {logging_mixin.py:150} INFO - [2024-09-12T06:38:53.881+0000] {dagbag.py:541} INFO - Filling up the DagBag from /home/vscode/.local/lib/python3.10/site-packages/airflow/example_dags/example_trigger_controller_dag.py
[2024-09-12T06:38:53.886+0000] {processor.py:836} INFO - DAG(s) dict_keys(['example_trigger_controller_dag']) retrieved from /home/vscode/.local/lib/python3.10/site-packages/airflow/example_dags/example_trigger_controller_dag.py
[2024-09-12T06:38:54.098+0000] {logging_mixin.py:150} INFO - [2024-09-12T06:38:54.098+0000] {manager.py:504} INFO - Created Permission View: can edit on DAG:example_trigger_controller_dag
[2024-09-12T06:38:54.118+0000] {logging_mixin.py:150} INFO - [2024-09-12T06:38:54.118+0000] {manager.py:504} INFO - Created Permission View: can read on DAG:example_trigger_controller_dag
[2024-09-12T06:38:54.141+0000] {logging_mixin.py:150} INFO - [2024-09-12T06:38:54.141+0000] {manager.py:504} INFO - Created Permission View: can delete on DAG:example_trigger_controller_dag
[2024-09-12T06:38:54.149+0000] {logging_mixin.py:150} INFO - [2024-09-12T06:38:54.149+0000] {dag.py:2742} INFO - Sync 1 DAGs
[2024-09-12T06:38:54.156+0000] {logging_mixin.py:150} INFO - [2024-09-12T06:38:54.156+0000] {dag.py:2763} INFO - Creating ORM DAG for example_trigger_controller_dag
[2024-09-12T06:38:54.162+0000] {logging_mixin.py:150} INFO - [2024-09-12T06:38:54.162+0000] {dag.py:3504} INFO - Setting next_dagrun for example_trigger_controller_dag to 2021-01-01T00:00:00+00:00, run_after=2021-01-01T00:00:00+00:00
[2024-09-12T06:38:54.201+0000] {processor.py:179} INFO - Processing /home/vscode/.local/lib/python3.10/site-packages/airflow/example_dags/example_trigger_controller_dag.py took 0.322 seconds
[2024-09-12T06:39:26.054+0000] {processor.py:157} INFO - Started process (PID=7359) to work on /home/vscode/.local/lib/python3.10/site-packages/airflow/example_dags/example_trigger_controller_dag.py
[2024-09-12T06:39:26.054+0000] {processor.py:826} INFO - Processing file /home/vscode/.local/lib/python3.10/site-packages/airflow/example_dags/example_trigger_controller_dag.py for tasks to queue
[2024-09-12T06:39:26.055+0000] {logging_mixin.py:150} INFO - [2024-09-12T06:39:26.055+0000] {dagbag.py:541} INFO - Filling up the DagBag from /home/vscode/.local/lib/python3.10/site-packages/airflow/example_dags/example_trigger_controller_dag.py
[2024-09-12T06:39:26.059+0000] {processor.py:836} INFO - DAG(s) dict_keys(['example_trigger_controller_dag']) retrieved from /home/vscode/.local/lib/python3.10/site-packages/airflow/example_dags/example_trigger_controller_dag.py
[2024-09-12T06:39:26.071+0000] {logging_mixin.py:150} INFO - [2024-09-12T06:39:26.071+0000] {dag.py:2742} INFO - Sync 1 DAGs
[2024-09-12T06:39:26.160+0000] {logging_mixin.py:150} INFO - [2024-09-12T06:39:26.160+0000] {dag.py:3504} INFO - Setting next_dagrun for example_trigger_controller_dag to 2021-01-01T00:00:00+00:00, run_after=2021-01-01T00:00:00+00:00
[2024-09-12T06:39:26.193+0000] {processor.py:179} INFO - Processing /home/vscode/.local/lib/python3.10/site-packages/airflow/example_dags/example_trigger_controller_dag.py took 0.141 seconds
[2024-09-12T06:40:20.345+0000] {processor.py:157} INFO - Started process (PID=7719) to work on /home/vscode/.local/lib/python3.10/site-packages/airflow/example_dags/example_trigger_controller_dag.py
[2024-09-12T06:40:20.346+0000] {processor.py:826} INFO - Processing file /home/vscode/.local/lib/python3.10/site-packages/airflow/example_dags/example_trigger_controller_dag.py for tasks to queue
[2024-09-12T06:40:20.347+0000] {logging_mixin.py:150} INFO - [2024-09-12T06:40:20.346+0000] {dagbag.py:541} INFO - Filling up the DagBag from /home/vscode/.local/lib/python3.10/site-packages/airflow/example_dags/example_trigger_controller_dag.py
[2024-09-12T06:40:20.350+0000] {processor.py:836} INFO - DAG(s) dict_keys(['example_trigger_controller_dag']) retrieved from /home/vscode/.local/lib/python3.10/site-packages/airflow/example_dags/example_trigger_controller_dag.py
[2024-09-12T06:40:20.361+0000] {logging_mixin.py:150} INFO - [2024-09-12T06:40:20.361+0000] {dag.py:2742} INFO - Sync 1 DAGs
[2024-09-12T06:40:20.375+0000] {logging_mixin.py:150} INFO - [2024-09-12T06:40:20.375+0000] {dag.py:3504} INFO - Setting next_dagrun for example_trigger_controller_dag to 2021-01-01T00:00:00+00:00, run_after=2021-01-01T00:00:00+00:00
[2024-09-12T06:40:20.407+0000] {processor.py:179} INFO - Processing /home/vscode/.local/lib/python3.10/site-packages/airflow/example_dags/example_trigger_controller_dag.py took 0.064 seconds
[2024-09-12T06:41:02.777+0000] {processor.py:157} INFO - Started process (PID=7990) to work on /home/vscode/.local/lib/python3.10/site-packages/airflow/example_dags/example_trigger_controller_dag.py
[2024-09-12T06:41:02.777+0000] {processor.py:826} INFO - Processing file /home/vscode/.local/lib/python3.10/site-packages/airflow/example_dags/example_trigger_controller_dag.py for tasks to queue
[2024-09-12T06:41:02.778+0000] {logging_mixin.py:150} INFO - [2024-09-12T06:41:02.778+0000] {dagbag.py:541} INFO - Filling up the DagBag from /home/vscode/.local/lib/python3.10/site-packages/airflow/example_dags/example_trigger_controller_dag.py
[2024-09-12T06:41:02.781+0000] {processor.py:836} INFO - DAG(s) dict_keys(['example_trigger_controller_dag']) retrieved from /home/vscode/.local/lib/python3.10/site-packages/airflow/example_dags/example_trigger_controller_dag.py
[2024-09-12T06:41:02.796+0000] {logging_mixin.py:150} INFO - [2024-09-12T06:41:02.795+0000] {dag.py:2742} INFO - Sync 1 DAGs
[2024-09-12T06:41:02.809+0000] {logging_mixin.py:150} INFO - [2024-09-12T06:41:02.809+0000] {dag.py:3504} INFO - Setting next_dagrun for example_trigger_controller_dag to 2021-01-01T00:00:00+00:00, run_after=2021-01-01T00:00:00+00:00
[2024-09-12T06:41:02.839+0000] {processor.py:179} INFO - Processing /home/vscode/.local/lib/python3.10/site-packages/airflow/example_dags/example_trigger_controller_dag.py took 0.065 seconds
[2024-09-12T06:41:45.192+0000] {processor.py:157} INFO - Started process (PID=8278) to work on /home/vscode/.local/lib/python3.10/site-packages/airflow/example_dags/example_trigger_controller_dag.py
[2024-09-12T06:41:45.193+0000] {processor.py:826} INFO - Processing file /home/vscode/.local/lib/python3.10/site-packages/airflow/example_dags/example_trigger_controller_dag.py for tasks to queue
[2024-09-12T06:41:45.193+0000] {logging_mixin.py:150} INFO - [2024-09-12T06:41:45.193+0000] {dagbag.py:541} INFO - Filling up the DagBag from /home/vscode/.local/lib/python3.10/site-packages/airflow/example_dags/example_trigger_controller_dag.py
[2024-09-12T06:41:45.196+0000] {processor.py:836} INFO - DAG(s) dict_keys(['example_trigger_controller_dag']) retrieved from /home/vscode/.local/lib/python3.10/site-packages/airflow/example_dags/example_trigger_controller_dag.py
[2024-09-12T06:41:45.208+0000] {logging_mixin.py:150} INFO - [2024-09-12T06:41:45.207+0000] {dag.py:2742} INFO - Sync 1 DAGs
[2024-09-12T06:41:45.221+0000] {logging_mixin.py:150} INFO - [2024-09-12T06:41:45.221+0000] {dag.py:3504} INFO - Setting next_dagrun for example_trigger_controller_dag to 2021-01-01T00:00:00+00:00, run_after=2021-01-01T00:00:00+00:00
[2024-09-12T06:41:45.251+0000] {processor.py:179} INFO - Processing /home/vscode/.local/lib/python3.10/site-packages/airflow/example_dags/example_trigger_controller_dag.py took 0.061 seconds
[2024-09-12T06:42:30.774+0000] {processor.py:157} INFO - Started process (PID=8590) to work on /home/vscode/.local/lib/python3.10/site-packages/airflow/example_dags/example_trigger_controller_dag.py
[2024-09-12T06:42:30.775+0000] {processor.py:826} INFO - Processing file /home/vscode/.local/lib/python3.10/site-packages/airflow/example_dags/example_trigger_controller_dag.py for tasks to queue
[2024-09-12T06:42:30.776+0000] {logging_mixin.py:150} INFO - [2024-09-12T06:42:30.776+0000] {dagbag.py:541} INFO - Filling up the DagBag from /home/vscode/.local/lib/python3.10/site-packages/airflow/example_dags/example_trigger_controller_dag.py
[2024-09-12T06:42:30.780+0000] {processor.py:836} INFO - DAG(s) dict_keys(['example_trigger_controller_dag']) retrieved from /home/vscode/.local/lib/python3.10/site-packages/airflow/example_dags/example_trigger_controller_dag.py
[2024-09-12T06:42:30.796+0000] {logging_mixin.py:150} INFO - [2024-09-12T06:42:30.796+0000] {dag.py:2742} INFO - Sync 1 DAGs
[2024-09-12T06:42:30.810+0000] {logging_mixin.py:150} INFO - [2024-09-12T06:42:30.810+0000] {dag.py:3504} INFO - Setting next_dagrun for example_trigger_controller_dag to 2021-01-01T00:00:00+00:00, run_after=2021-01-01T00:00:00+00:00
[2024-09-12T06:42:30.837+0000] {processor.py:179} INFO - Processing /home/vscode/.local/lib/python3.10/site-packages/airflow/example_dags/example_trigger_controller_dag.py took 0.066 seconds
[2024-09-12T06:43:14.811+0000] {processor.py:157} INFO - Started process (PID=8884) to work on /home/vscode/.local/lib/python3.10/site-packages/airflow/example_dags/example_trigger_controller_dag.py
[2024-09-12T06:43:14.811+0000] {processor.py:826} INFO - Processing file /home/vscode/.local/lib/python3.10/site-packages/airflow/example_dags/example_trigger_controller_dag.py for tasks to queue
[2024-09-12T06:43:14.812+0000] {logging_mixin.py:150} INFO - [2024-09-12T06:43:14.812+0000] {dagbag.py:541} INFO - Filling up the DagBag from /home/vscode/.local/lib/python3.10/site-packages/airflow/example_dags/example_trigger_controller_dag.py
[2024-09-12T06:43:14.815+0000] {processor.py:836} INFO - DAG(s) dict_keys(['example_trigger_controller_dag']) retrieved from /home/vscode/.local/lib/python3.10/site-packages/airflow/example_dags/example_trigger_controller_dag.py
[2024-09-12T06:43:14.826+0000] {logging_mixin.py:150} INFO - [2024-09-12T06:43:14.826+0000] {dag.py:2742} INFO - Sync 1 DAGs
[2024-09-12T06:43:14.840+0000] {logging_mixin.py:150} INFO - [2024-09-12T06:43:14.840+0000] {dag.py:3504} INFO - Setting next_dagrun for example_trigger_controller_dag to 2021-01-01T00:00:00+00:00, run_after=2021-01-01T00:00:00+00:00
[2024-09-12T06:43:14.876+0000] {processor.py:179} INFO - Processing /home/vscode/.local/lib/python3.10/site-packages/airflow/example_dags/example_trigger_controller_dag.py took 0.067 seconds
[2024-09-12T06:43:58.006+0000] {processor.py:157} INFO - Started process (PID=9174) to work on /home/vscode/.local/lib/python3.10/site-packages/airflow/example_dags/example_trigger_controller_dag.py
[2024-09-12T06:43:58.006+0000] {processor.py:826} INFO - Processing file /home/vscode/.local/lib/python3.10/site-packages/airflow/example_dags/example_trigger_controller_dag.py for tasks to queue
[2024-09-12T06:43:58.007+0000] {logging_mixin.py:150} INFO - [2024-09-12T06:43:58.007+0000] {dagbag.py:541} INFO - Filling up the DagBag from /home/vscode/.local/lib/python3.10/site-packages/airflow/example_dags/example_trigger_controller_dag.py
[2024-09-12T06:43:58.010+0000] {processor.py:836} INFO - DAG(s) dict_keys(['example_trigger_controller_dag']) retrieved from /home/vscode/.local/lib/python3.10/site-packages/airflow/example_dags/example_trigger_controller_dag.py
[2024-09-12T06:43:58.021+0000] {logging_mixin.py:150} INFO - [2024-09-12T06:43:58.021+0000] {dag.py:2742} INFO - Sync 1 DAGs
[2024-09-12T06:43:58.035+0000] {logging_mixin.py:150} INFO - [2024-09-12T06:43:58.035+0000] {dag.py:3504} INFO - Setting next_dagrun for example_trigger_controller_dag to 2021-01-01T00:00:00+00:00, run_after=2021-01-01T00:00:00+00:00
[2024-09-12T06:43:58.071+0000] {processor.py:179} INFO - Processing /home/vscode/.local/lib/python3.10/site-packages/airflow/example_dags/example_trigger_controller_dag.py took 0.068 seconds
[2024-09-12T06:44:37.976+0000] {processor.py:157} INFO - Started process (PID=9444) to work on /home/vscode/.local/lib/python3.10/site-packages/airflow/example_dags/example_trigger_controller_dag.py
[2024-09-12T06:44:37.977+0000] {processor.py:826} INFO - Processing file /home/vscode/.local/lib/python3.10/site-packages/airflow/example_dags/example_trigger_controller_dag.py for tasks to queue
[2024-09-12T06:44:37.978+0000] {logging_mixin.py:150} INFO - [2024-09-12T06:44:37.977+0000] {dagbag.py:541} INFO - Filling up the DagBag from /home/vscode/.local/lib/python3.10/site-packages/airflow/example_dags/example_trigger_controller_dag.py
[2024-09-12T06:44:37.981+0000] {processor.py:836} INFO - DAG(s) dict_keys(['example_trigger_controller_dag']) retrieved from /home/vscode/.local/lib/python3.10/site-packages/airflow/example_dags/example_trigger_controller_dag.py
[2024-09-12T06:44:37.992+0000] {logging_mixin.py:150} INFO - [2024-09-12T06:44:37.992+0000] {dag.py:2742} INFO - Sync 1 DAGs
[2024-09-12T06:44:38.005+0000] {logging_mixin.py:150} INFO - [2024-09-12T06:44:38.005+0000] {dag.py:3504} INFO - Setting next_dagrun for example_trigger_controller_dag to 2021-01-01T00:00:00+00:00, run_after=2021-01-01T00:00:00+00:00
[2024-09-12T06:44:38.035+0000] {processor.py:179} INFO - Processing /home/vscode/.local/lib/python3.10/site-packages/airflow/example_dags/example_trigger_controller_dag.py took 0.061 seconds
[2024-09-12T06:45:22.249+0000] {processor.py:157} INFO - Started process (PID=9745) to work on /home/vscode/.local/lib/python3.10/site-packages/airflow/example_dags/example_trigger_controller_dag.py
[2024-09-12T06:45:22.249+0000] {processor.py:826} INFO - Processing file /home/vscode/.local/lib/python3.10/site-packages/airflow/example_dags/example_trigger_controller_dag.py for tasks to queue
[2024-09-12T06:45:22.250+0000] {logging_mixin.py:150} INFO - [2024-09-12T06:45:22.250+0000] {dagbag.py:541} INFO - Filling up the DagBag from /home/vscode/.local/lib/python3.10/site-packages/airflow/example_dags/example_trigger_controller_dag.py
[2024-09-12T06:45:22.253+0000] {processor.py:836} INFO - DAG(s) dict_keys(['example_trigger_controller_dag']) retrieved from /home/vscode/.local/lib/python3.10/site-packages/airflow/example_dags/example_trigger_controller_dag.py
[2024-09-12T06:45:22.265+0000] {logging_mixin.py:150} INFO - [2024-09-12T06:45:22.265+0000] {dag.py:2742} INFO - Sync 1 DAGs
[2024-09-12T06:45:22.278+0000] {logging_mixin.py:150} INFO - [2024-09-12T06:45:22.278+0000] {dag.py:3504} INFO - Setting next_dagrun for example_trigger_controller_dag to 2021-01-01T00:00:00+00:00, run_after=2021-01-01T00:00:00+00:00
[2024-09-12T06:45:22.311+0000] {processor.py:179} INFO - Processing /home/vscode/.local/lib/python3.10/site-packages/airflow/example_dags/example_trigger_controller_dag.py took 0.064 seconds
[2024-09-12T06:46:07.532+0000] {processor.py:157} INFO - Started process (PID=10048) to work on /home/vscode/.local/lib/python3.10/site-packages/airflow/example_dags/example_trigger_controller_dag.py
[2024-09-12T06:46:07.533+0000] {processor.py:826} INFO - Processing file /home/vscode/.local/lib/python3.10/site-packages/airflow/example_dags/example_trigger_controller_dag.py for tasks to queue
[2024-09-12T06:46:07.534+0000] {logging_mixin.py:150} INFO - [2024-09-12T06:46:07.533+0000] {dagbag.py:541} INFO - Filling up the DagBag from /home/vscode/.local/lib/python3.10/site-packages/airflow/example_dags/example_trigger_controller_dag.py
[2024-09-12T06:46:07.537+0000] {processor.py:836} INFO - DAG(s) dict_keys(['example_trigger_controller_dag']) retrieved from /home/vscode/.local/lib/python3.10/site-packages/airflow/example_dags/example_trigger_controller_dag.py
[2024-09-12T06:46:07.548+0000] {logging_mixin.py:150} INFO - [2024-09-12T06:46:07.548+0000] {dag.py:2742} INFO - Sync 1 DAGs
[2024-09-12T06:46:07.563+0000] {logging_mixin.py:150} INFO - [2024-09-12T06:46:07.563+0000] {dag.py:3504} INFO - Setting next_dagrun for example_trigger_controller_dag to 2021-01-01T00:00:00+00:00, run_after=2021-01-01T00:00:00+00:00
[2024-09-12T06:46:07.595+0000] {processor.py:179} INFO - Processing /home/vscode/.local/lib/python3.10/site-packages/airflow/example_dags/example_trigger_controller_dag.py took 0.065 seconds
[2024-09-12T06:46:51.832+0000] {processor.py:157} INFO - Started process (PID=10337) to work on /home/vscode/.local/lib/python3.10/site-packages/airflow/example_dags/example_trigger_controller_dag.py
[2024-09-12T06:46:51.833+0000] {processor.py:826} INFO - Processing file /home/vscode/.local/lib/python3.10/site-packages/airflow/example_dags/example_trigger_controller_dag.py for tasks to queue
[2024-09-12T06:46:51.834+0000] {logging_mixin.py:150} INFO - [2024-09-12T06:46:51.833+0000] {dagbag.py:541} INFO - Filling up the DagBag from /home/vscode/.local/lib/python3.10/site-packages/airflow/example_dags/example_trigger_controller_dag.py
[2024-09-12T06:46:51.838+0000] {processor.py:836} INFO - DAG(s) dict_keys(['example_trigger_controller_dag']) retrieved from /home/vscode/.local/lib/python3.10/site-packages/airflow/example_dags/example_trigger_controller_dag.py
[2024-09-12T06:46:51.855+0000] {logging_mixin.py:150} INFO - [2024-09-12T06:46:51.855+0000] {dag.py:2742} INFO - Sync 1 DAGs
[2024-09-12T06:46:51.875+0000] {logging_mixin.py:150} INFO - [2024-09-12T06:46:51.874+0000] {dag.py:3504} INFO - Setting next_dagrun for example_trigger_controller_dag to 2021-01-01T00:00:00+00:00, run_after=2021-01-01T00:00:00+00:00
[2024-09-12T06:46:51.907+0000] {processor.py:179} INFO - Processing /home/vscode/.local/lib/python3.10/site-packages/airflow/example_dags/example_trigger_controller_dag.py took 0.078 seconds
[2024-09-12T06:47:37.137+0000] {processor.py:157} INFO - Started process (PID=10647) to work on /home/vscode/.local/lib/python3.10/site-packages/airflow/example_dags/example_trigger_controller_dag.py
[2024-09-12T06:47:37.138+0000] {processor.py:826} INFO - Processing file /home/vscode/.local/lib/python3.10/site-packages/airflow/example_dags/example_trigger_controller_dag.py for tasks to queue
[2024-09-12T06:47:37.138+0000] {logging_mixin.py:150} INFO - [2024-09-12T06:47:37.138+0000] {dagbag.py:541} INFO - Filling up the DagBag from /home/vscode/.local/lib/python3.10/site-packages/airflow/example_dags/example_trigger_controller_dag.py
[2024-09-12T06:47:37.142+0000] {processor.py:836} INFO - DAG(s) dict_keys(['example_trigger_controller_dag']) retrieved from /home/vscode/.local/lib/python3.10/site-packages/airflow/example_dags/example_trigger_controller_dag.py
[2024-09-12T06:47:37.153+0000] {logging_mixin.py:150} INFO - [2024-09-12T06:47:37.153+0000] {dag.py:2742} INFO - Sync 1 DAGs
[2024-09-12T06:47:37.167+0000] {logging_mixin.py:150} INFO - [2024-09-12T06:47:37.167+0000] {dag.py:3504} INFO - Setting next_dagrun for example_trigger_controller_dag to 2021-01-01T00:00:00+00:00, run_after=2021-01-01T00:00:00+00:00
[2024-09-12T06:47:37.208+0000] {processor.py:179} INFO - Processing /home/vscode/.local/lib/python3.10/site-packages/airflow/example_dags/example_trigger_controller_dag.py took 0.073 seconds
[2024-09-12T06:48:20.481+0000] {processor.py:157} INFO - Started process (PID=10936) to work on /home/vscode/.local/lib/python3.10/site-packages/airflow/example_dags/example_trigger_controller_dag.py
[2024-09-12T06:48:20.481+0000] {processor.py:826} INFO - Processing file /home/vscode/.local/lib/python3.10/site-packages/airflow/example_dags/example_trigger_controller_dag.py for tasks to queue
[2024-09-12T06:48:20.482+0000] {logging_mixin.py:150} INFO - [2024-09-12T06:48:20.482+0000] {dagbag.py:541} INFO - Filling up the DagBag from /home/vscode/.local/lib/python3.10/site-packages/airflow/example_dags/example_trigger_controller_dag.py
[2024-09-12T06:48:20.485+0000] {processor.py:836} INFO - DAG(s) dict_keys(['example_trigger_controller_dag']) retrieved from /home/vscode/.local/lib/python3.10/site-packages/airflow/example_dags/example_trigger_controller_dag.py
[2024-09-12T06:48:20.497+0000] {logging_mixin.py:150} INFO - [2024-09-12T06:48:20.497+0000] {dag.py:2742} INFO - Sync 1 DAGs
[2024-09-12T06:48:20.510+0000] {logging_mixin.py:150} INFO - [2024-09-12T06:48:20.510+0000] {dag.py:3504} INFO - Setting next_dagrun for example_trigger_controller_dag to 2021-01-01T00:00:00+00:00, run_after=2021-01-01T00:00:00+00:00
[2024-09-12T06:48:20.554+0000] {processor.py:179} INFO - Processing /home/vscode/.local/lib/python3.10/site-packages/airflow/example_dags/example_trigger_controller_dag.py took 0.076 seconds
[2024-09-12T06:49:01.776+0000] {processor.py:157} INFO - Started process (PID=11212) to work on /home/vscode/.local/lib/python3.10/site-packages/airflow/example_dags/example_trigger_controller_dag.py
[2024-09-12T06:49:01.777+0000] {processor.py:826} INFO - Processing file /home/vscode/.local/lib/python3.10/site-packages/airflow/example_dags/example_trigger_controller_dag.py for tasks to queue
[2024-09-12T06:49:01.778+0000] {logging_mixin.py:150} INFO - [2024-09-12T06:49:01.777+0000] {dagbag.py:541} INFO - Filling up the DagBag from /home/vscode/.local/lib/python3.10/site-packages/airflow/example_dags/example_trigger_controller_dag.py
[2024-09-12T06:49:01.781+0000] {processor.py:836} INFO - DAG(s) dict_keys(['example_trigger_controller_dag']) retrieved from /home/vscode/.local/lib/python3.10/site-packages/airflow/example_dags/example_trigger_controller_dag.py
[2024-09-12T06:49:01.793+0000] {logging_mixin.py:150} INFO - [2024-09-12T06:49:01.793+0000] {dag.py:2742} INFO - Sync 1 DAGs
[2024-09-12T06:49:01.807+0000] {logging_mixin.py:150} INFO - [2024-09-12T06:49:01.807+0000] {dag.py:3504} INFO - Setting next_dagrun for example_trigger_controller_dag to 2021-01-01T00:00:00+00:00, run_after=2021-01-01T00:00:00+00:00
[2024-09-12T06:49:01.837+0000] {processor.py:179} INFO - Processing /home/vscode/.local/lib/python3.10/site-packages/airflow/example_dags/example_trigger_controller_dag.py took 0.064 seconds
[2024-09-12T06:49:44.154+0000] {processor.py:157} INFO - Started process (PID=11509) to work on /home/vscode/.local/lib/python3.10/site-packages/airflow/example_dags/example_trigger_controller_dag.py
[2024-09-12T06:49:44.154+0000] {processor.py:826} INFO - Processing file /home/vscode/.local/lib/python3.10/site-packages/airflow/example_dags/example_trigger_controller_dag.py for tasks to queue
[2024-09-12T06:49:44.155+0000] {logging_mixin.py:150} INFO - [2024-09-12T06:49:44.154+0000] {dagbag.py:541} INFO - Filling up the DagBag from /home/vscode/.local/lib/python3.10/site-packages/airflow/example_dags/example_trigger_controller_dag.py
[2024-09-12T06:49:44.158+0000] {processor.py:836} INFO - DAG(s) dict_keys(['example_trigger_controller_dag']) retrieved from /home/vscode/.local/lib/python3.10/site-packages/airflow/example_dags/example_trigger_controller_dag.py
[2024-09-12T06:49:44.169+0000] {logging_mixin.py:150} INFO - [2024-09-12T06:49:44.169+0000] {dag.py:2742} INFO - Sync 1 DAGs
[2024-09-12T06:49:44.183+0000] {logging_mixin.py:150} INFO - [2024-09-12T06:49:44.182+0000] {dag.py:3504} INFO - Setting next_dagrun for example_trigger_controller_dag to 2021-01-01T00:00:00+00:00, run_after=2021-01-01T00:00:00+00:00
[2024-09-12T06:49:44.215+0000] {processor.py:179} INFO - Processing /home/vscode/.local/lib/python3.10/site-packages/airflow/example_dags/example_trigger_controller_dag.py took 0.063 seconds
[2024-09-12T06:50:25.446+0000] {processor.py:157} INFO - Started process (PID=11784) to work on /home/vscode/.local/lib/python3.10/site-packages/airflow/example_dags/example_trigger_controller_dag.py
[2024-09-12T06:50:25.447+0000] {processor.py:826} INFO - Processing file /home/vscode/.local/lib/python3.10/site-packages/airflow/example_dags/example_trigger_controller_dag.py for tasks to queue
[2024-09-12T06:50:25.447+0000] {logging_mixin.py:150} INFO - [2024-09-12T06:50:25.447+0000] {dagbag.py:541} INFO - Filling up the DagBag from /home/vscode/.local/lib/python3.10/site-packages/airflow/example_dags/example_trigger_controller_dag.py
[2024-09-12T06:50:25.451+0000] {processor.py:836} INFO - DAG(s) dict_keys(['example_trigger_controller_dag']) retrieved from /home/vscode/.local/lib/python3.10/site-packages/airflow/example_dags/example_trigger_controller_dag.py
[2024-09-12T06:50:25.462+0000] {logging_mixin.py:150} INFO - [2024-09-12T06:50:25.461+0000] {dag.py:2742} INFO - Sync 1 DAGs
[2024-09-12T06:50:25.475+0000] {logging_mixin.py:150} INFO - [2024-09-12T06:50:25.475+0000] {dag.py:3504} INFO - Setting next_dagrun for example_trigger_controller_dag to 2021-01-01T00:00:00+00:00, run_after=2021-01-01T00:00:00+00:00
[2024-09-12T06:50:25.509+0000] {processor.py:179} INFO - Processing /home/vscode/.local/lib/python3.10/site-packages/airflow/example_dags/example_trigger_controller_dag.py took 0.065 seconds
[2024-09-12T06:51:09.803+0000] {processor.py:157} INFO - Started process (PID=12078) to work on /home/vscode/.local/lib/python3.10/site-packages/airflow/example_dags/example_trigger_controller_dag.py
[2024-09-12T06:51:09.804+0000] {processor.py:826} INFO - Processing file /home/vscode/.local/lib/python3.10/site-packages/airflow/example_dags/example_trigger_controller_dag.py for tasks to queue
[2024-09-12T06:51:09.804+0000] {logging_mixin.py:150} INFO - [2024-09-12T06:51:09.804+0000] {dagbag.py:541} INFO - Filling up the DagBag from /home/vscode/.local/lib/python3.10/site-packages/airflow/example_dags/example_trigger_controller_dag.py
[2024-09-12T06:51:09.808+0000] {processor.py:836} INFO - DAG(s) dict_keys(['example_trigger_controller_dag']) retrieved from /home/vscode/.local/lib/python3.10/site-packages/airflow/example_dags/example_trigger_controller_dag.py
[2024-09-12T06:51:09.819+0000] {logging_mixin.py:150} INFO - [2024-09-12T06:51:09.819+0000] {dag.py:2742} INFO - Sync 1 DAGs
[2024-09-12T06:51:09.832+0000] {logging_mixin.py:150} INFO - [2024-09-12T06:51:09.832+0000] {dag.py:3504} INFO - Setting next_dagrun for example_trigger_controller_dag to 2021-01-01T00:00:00+00:00, run_after=2021-01-01T00:00:00+00:00
[2024-09-12T06:51:09.873+0000] {processor.py:179} INFO - Processing /home/vscode/.local/lib/python3.10/site-packages/airflow/example_dags/example_trigger_controller_dag.py took 0.072 seconds
[2024-09-12T06:51:55.327+0000] {processor.py:157} INFO - Started process (PID=12389) to work on /home/vscode/.local/lib/python3.10/site-packages/airflow/example_dags/example_trigger_controller_dag.py
[2024-09-12T06:51:55.328+0000] {processor.py:826} INFO - Processing file /home/vscode/.local/lib/python3.10/site-packages/airflow/example_dags/example_trigger_controller_dag.py for tasks to queue
[2024-09-12T06:51:55.329+0000] {logging_mixin.py:150} INFO - [2024-09-12T06:51:55.328+0000] {dagbag.py:541} INFO - Filling up the DagBag from /home/vscode/.local/lib/python3.10/site-packages/airflow/example_dags/example_trigger_controller_dag.py
[2024-09-12T06:51:55.332+0000] {processor.py:836} INFO - DAG(s) dict_keys(['example_trigger_controller_dag']) retrieved from /home/vscode/.local/lib/python3.10/site-packages/airflow/example_dags/example_trigger_controller_dag.py
[2024-09-12T06:51:55.343+0000] {logging_mixin.py:150} INFO - [2024-09-12T06:51:55.343+0000] {dag.py:2742} INFO - Sync 1 DAGs
[2024-09-12T06:51:55.356+0000] {logging_mixin.py:150} INFO - [2024-09-12T06:51:55.356+0000] {dag.py:3504} INFO - Setting next_dagrun for example_trigger_controller_dag to 2021-01-01T00:00:00+00:00, run_after=2021-01-01T00:00:00+00:00
[2024-09-12T06:51:55.389+0000] {processor.py:179} INFO - Processing /home/vscode/.local/lib/python3.10/site-packages/airflow/example_dags/example_trigger_controller_dag.py took 0.064 seconds
[2024-09-12T06:52:27.968+0000] {processor.py:157} INFO - Started process (PID=12605) to work on /home/vscode/.local/lib/python3.10/site-packages/airflow/example_dags/example_trigger_controller_dag.py
[2024-09-12T06:52:27.968+0000] {processor.py:826} INFO - Processing file /home/vscode/.local/lib/python3.10/site-packages/airflow/example_dags/example_trigger_controller_dag.py for tasks to queue
[2024-09-12T06:52:27.969+0000] {logging_mixin.py:150} INFO - [2024-09-12T06:52:27.969+0000] {dagbag.py:541} INFO - Filling up the DagBag from /home/vscode/.local/lib/python3.10/site-packages/airflow/example_dags/example_trigger_controller_dag.py
[2024-09-12T06:52:27.972+0000] {processor.py:836} INFO - DAG(s) dict_keys(['example_trigger_controller_dag']) retrieved from /home/vscode/.local/lib/python3.10/site-packages/airflow/example_dags/example_trigger_controller_dag.py
[2024-09-12T06:52:27.984+0000] {logging_mixin.py:150} INFO - [2024-09-12T06:52:27.984+0000] {dag.py:2742} INFO - Sync 1 DAGs
[2024-09-12T06:52:27.997+0000] {logging_mixin.py:150} INFO - [2024-09-12T06:52:27.997+0000] {dag.py:3504} INFO - Setting next_dagrun for example_trigger_controller_dag to 2021-01-01T00:00:00+00:00, run_after=2021-01-01T00:00:00+00:00
[2024-09-12T06:52:28.029+0000] {processor.py:179} INFO - Processing /home/vscode/.local/lib/python3.10/site-packages/airflow/example_dags/example_trigger_controller_dag.py took 0.063 seconds
[2024-09-12T06:53:13.378+0000] {processor.py:157} INFO - Started process (PID=12909) to work on /home/vscode/.local/lib/python3.10/site-packages/airflow/example_dags/example_trigger_controller_dag.py
[2024-09-12T06:53:13.378+0000] {processor.py:826} INFO - Processing file /home/vscode/.local/lib/python3.10/site-packages/airflow/example_dags/example_trigger_controller_dag.py for tasks to queue
[2024-09-12T06:53:13.379+0000] {logging_mixin.py:150} INFO - [2024-09-12T06:53:13.379+0000] {dagbag.py:541} INFO - Filling up the DagBag from /home/vscode/.local/lib/python3.10/site-packages/airflow/example_dags/example_trigger_controller_dag.py
[2024-09-12T06:53:13.382+0000] {processor.py:836} INFO - DAG(s) dict_keys(['example_trigger_controller_dag']) retrieved from /home/vscode/.local/lib/python3.10/site-packages/airflow/example_dags/example_trigger_controller_dag.py
[2024-09-12T06:53:13.394+0000] {logging_mixin.py:150} INFO - [2024-09-12T06:53:13.393+0000] {dag.py:2742} INFO - Sync 1 DAGs
[2024-09-12T06:53:13.407+0000] {logging_mixin.py:150} INFO - [2024-09-12T06:53:13.407+0000] {dag.py:3504} INFO - Setting next_dagrun for example_trigger_controller_dag to 2021-01-01T00:00:00+00:00, run_after=2021-01-01T00:00:00+00:00
[2024-09-12T06:53:13.440+0000] {processor.py:179} INFO - Processing /home/vscode/.local/lib/python3.10/site-packages/airflow/example_dags/example_trigger_controller_dag.py took 0.064 seconds
[2024-09-12T06:53:58.375+0000] {processor.py:157} INFO - Started process (PID=13213) to work on /home/vscode/.local/lib/python3.10/site-packages/airflow/example_dags/example_trigger_controller_dag.py
[2024-09-12T06:53:58.376+0000] {processor.py:826} INFO - Processing file /home/vscode/.local/lib/python3.10/site-packages/airflow/example_dags/example_trigger_controller_dag.py for tasks to queue
[2024-09-12T06:53:58.376+0000] {logging_mixin.py:150} INFO - [2024-09-12T06:53:58.376+0000] {dagbag.py:541} INFO - Filling up the DagBag from /home/vscode/.local/lib/python3.10/site-packages/airflow/example_dags/example_trigger_controller_dag.py
[2024-09-12T06:53:58.380+0000] {processor.py:836} INFO - DAG(s) dict_keys(['example_trigger_controller_dag']) retrieved from /home/vscode/.local/lib/python3.10/site-packages/airflow/example_dags/example_trigger_controller_dag.py
[2024-09-12T06:53:58.391+0000] {logging_mixin.py:150} INFO - [2024-09-12T06:53:58.391+0000] {dag.py:2742} INFO - Sync 1 DAGs
[2024-09-12T06:53:58.405+0000] {logging_mixin.py:150} INFO - [2024-09-12T06:53:58.405+0000] {dag.py:3504} INFO - Setting next_dagrun for example_trigger_controller_dag to 2021-01-01T00:00:00+00:00, run_after=2021-01-01T00:00:00+00:00
[2024-09-12T06:53:58.441+0000] {processor.py:179} INFO - Processing /home/vscode/.local/lib/python3.10/site-packages/airflow/example_dags/example_trigger_controller_dag.py took 0.068 seconds
[2024-09-12T06:54:42.555+0000] {processor.py:157} INFO - Started process (PID=13513) to work on /home/vscode/.local/lib/python3.10/site-packages/airflow/example_dags/example_trigger_controller_dag.py
[2024-09-12T06:54:42.556+0000] {processor.py:826} INFO - Processing file /home/vscode/.local/lib/python3.10/site-packages/airflow/example_dags/example_trigger_controller_dag.py for tasks to queue
[2024-09-12T06:54:42.556+0000] {logging_mixin.py:150} INFO - [2024-09-12T06:54:42.556+0000] {dagbag.py:541} INFO - Filling up the DagBag from /home/vscode/.local/lib/python3.10/site-packages/airflow/example_dags/example_trigger_controller_dag.py
[2024-09-12T06:54:42.559+0000] {processor.py:836} INFO - DAG(s) dict_keys(['example_trigger_controller_dag']) retrieved from /home/vscode/.local/lib/python3.10/site-packages/airflow/example_dags/example_trigger_controller_dag.py
[2024-09-12T06:54:42.571+0000] {logging_mixin.py:150} INFO - [2024-09-12T06:54:42.570+0000] {dag.py:2742} INFO - Sync 1 DAGs
[2024-09-12T06:54:42.584+0000] {logging_mixin.py:150} INFO - [2024-09-12T06:54:42.584+0000] {dag.py:3504} INFO - Setting next_dagrun for example_trigger_controller_dag to 2021-01-01T00:00:00+00:00, run_after=2021-01-01T00:00:00+00:00
[2024-09-12T06:54:42.638+0000] {processor.py:179} INFO - Processing /home/vscode/.local/lib/python3.10/site-packages/airflow/example_dags/example_trigger_controller_dag.py took 0.086 seconds
[2024-09-12T06:55:18.031+0000] {processor.py:157} INFO - Started process (PID=13753) to work on /home/vscode/.local/lib/python3.10/site-packages/airflow/example_dags/example_trigger_controller_dag.py
[2024-09-12T06:55:18.032+0000] {processor.py:826} INFO - Processing file /home/vscode/.local/lib/python3.10/site-packages/airflow/example_dags/example_trigger_controller_dag.py for tasks to queue
[2024-09-12T06:55:18.033+0000] {logging_mixin.py:150} INFO - [2024-09-12T06:55:18.032+0000] {dagbag.py:541} INFO - Filling up the DagBag from /home/vscode/.local/lib/python3.10/site-packages/airflow/example_dags/example_trigger_controller_dag.py
[2024-09-12T06:55:18.036+0000] {processor.py:836} INFO - DAG(s) dict_keys(['example_trigger_controller_dag']) retrieved from /home/vscode/.local/lib/python3.10/site-packages/airflow/example_dags/example_trigger_controller_dag.py
[2024-09-12T06:55:18.047+0000] {logging_mixin.py:150} INFO - [2024-09-12T06:55:18.047+0000] {dag.py:2742} INFO - Sync 1 DAGs
[2024-09-12T06:55:18.060+0000] {logging_mixin.py:150} INFO - [2024-09-12T06:55:18.060+0000] {dag.py:3504} INFO - Setting next_dagrun for example_trigger_controller_dag to 2021-01-01T00:00:00+00:00, run_after=2021-01-01T00:00:00+00:00
[2024-09-12T06:55:18.092+0000] {processor.py:179} INFO - Processing /home/vscode/.local/lib/python3.10/site-packages/airflow/example_dags/example_trigger_controller_dag.py took 0.062 seconds
[2024-09-12T06:56:01.624+0000] {processor.py:157} INFO - Started process (PID=14041) to work on /home/vscode/.local/lib/python3.10/site-packages/airflow/example_dags/example_trigger_controller_dag.py
[2024-09-12T06:56:01.625+0000] {processor.py:826} INFO - Processing file /home/vscode/.local/lib/python3.10/site-packages/airflow/example_dags/example_trigger_controller_dag.py for tasks to queue
[2024-09-12T06:56:01.625+0000] {logging_mixin.py:150} INFO - [2024-09-12T06:56:01.625+0000] {dagbag.py:541} INFO - Filling up the DagBag from /home/vscode/.local/lib/python3.10/site-packages/airflow/example_dags/example_trigger_controller_dag.py
[2024-09-12T06:56:01.629+0000] {processor.py:836} INFO - DAG(s) dict_keys(['example_trigger_controller_dag']) retrieved from /home/vscode/.local/lib/python3.10/site-packages/airflow/example_dags/example_trigger_controller_dag.py
[2024-09-12T06:56:01.640+0000] {logging_mixin.py:150} INFO - [2024-09-12T06:56:01.640+0000] {dag.py:2742} INFO - Sync 1 DAGs
[2024-09-12T06:56:01.654+0000] {logging_mixin.py:150} INFO - [2024-09-12T06:56:01.654+0000] {dag.py:3504} INFO - Setting next_dagrun for example_trigger_controller_dag to 2021-01-01T00:00:00+00:00, run_after=2021-01-01T00:00:00+00:00
[2024-09-12T06:56:01.689+0000] {processor.py:179} INFO - Processing /home/vscode/.local/lib/python3.10/site-packages/airflow/example_dags/example_trigger_controller_dag.py took 0.067 seconds
[2024-09-12T06:56:36.087+0000] {processor.py:157} INFO - Started process (PID=14266) to work on /home/vscode/.local/lib/python3.10/site-packages/airflow/example_dags/example_trigger_controller_dag.py
[2024-09-12T06:56:36.088+0000] {processor.py:826} INFO - Processing file /home/vscode/.local/lib/python3.10/site-packages/airflow/example_dags/example_trigger_controller_dag.py for tasks to queue
[2024-09-12T06:56:36.089+0000] {logging_mixin.py:150} INFO - [2024-09-12T06:56:36.088+0000] {dagbag.py:541} INFO - Filling up the DagBag from /home/vscode/.local/lib/python3.10/site-packages/airflow/example_dags/example_trigger_controller_dag.py
[2024-09-12T06:56:36.092+0000] {processor.py:836} INFO - DAG(s) dict_keys(['example_trigger_controller_dag']) retrieved from /home/vscode/.local/lib/python3.10/site-packages/airflow/example_dags/example_trigger_controller_dag.py
[2024-09-12T06:56:36.103+0000] {logging_mixin.py:150} INFO - [2024-09-12T06:56:36.103+0000] {dag.py:2742} INFO - Sync 1 DAGs
[2024-09-12T06:56:36.117+0000] {logging_mixin.py:150} INFO - [2024-09-12T06:56:36.117+0000] {dag.py:3504} INFO - Setting next_dagrun for example_trigger_controller_dag to 2021-01-01T00:00:00+00:00, run_after=2021-01-01T00:00:00+00:00
[2024-09-12T06:56:36.168+0000] {processor.py:179} INFO - Processing /home/vscode/.local/lib/python3.10/site-packages/airflow/example_dags/example_trigger_controller_dag.py took 0.083 seconds
[2024-09-12T06:57:10.840+0000] {processor.py:157} INFO - Started process (PID=14506) to work on /home/vscode/.local/lib/python3.10/site-packages/airflow/example_dags/example_trigger_controller_dag.py
[2024-09-12T06:57:10.840+0000] {processor.py:826} INFO - Processing file /home/vscode/.local/lib/python3.10/site-packages/airflow/example_dags/example_trigger_controller_dag.py for tasks to queue
[2024-09-12T06:57:10.841+0000] {logging_mixin.py:150} INFO - [2024-09-12T06:57:10.841+0000] {dagbag.py:541} INFO - Filling up the DagBag from /home/vscode/.local/lib/python3.10/site-packages/airflow/example_dags/example_trigger_controller_dag.py
[2024-09-12T06:57:10.844+0000] {processor.py:836} INFO - DAG(s) dict_keys(['example_trigger_controller_dag']) retrieved from /home/vscode/.local/lib/python3.10/site-packages/airflow/example_dags/example_trigger_controller_dag.py
[2024-09-12T06:57:10.856+0000] {logging_mixin.py:150} INFO - [2024-09-12T06:57:10.856+0000] {dag.py:2742} INFO - Sync 1 DAGs
[2024-09-12T06:57:10.870+0000] {logging_mixin.py:150} INFO - [2024-09-12T06:57:10.869+0000] {dag.py:3504} INFO - Setting next_dagrun for example_trigger_controller_dag to 2021-01-01T00:00:00+00:00, run_after=2021-01-01T00:00:00+00:00
[2024-09-12T06:57:10.990+0000] {processor.py:179} INFO - Processing /home/vscode/.local/lib/python3.10/site-packages/airflow/example_dags/example_trigger_controller_dag.py took 0.152 seconds
[2024-09-12T06:57:52.227+0000] {processor.py:157} INFO - Started process (PID=14780) to work on /home/vscode/.local/lib/python3.10/site-packages/airflow/example_dags/example_trigger_controller_dag.py
[2024-09-12T06:57:52.228+0000] {processor.py:826} INFO - Processing file /home/vscode/.local/lib/python3.10/site-packages/airflow/example_dags/example_trigger_controller_dag.py for tasks to queue
[2024-09-12T06:57:52.229+0000] {logging_mixin.py:150} INFO - [2024-09-12T06:57:52.228+0000] {dagbag.py:541} INFO - Filling up the DagBag from /home/vscode/.local/lib/python3.10/site-packages/airflow/example_dags/example_trigger_controller_dag.py
[2024-09-12T06:57:52.233+0000] {processor.py:836} INFO - DAG(s) dict_keys(['example_trigger_controller_dag']) retrieved from /home/vscode/.local/lib/python3.10/site-packages/airflow/example_dags/example_trigger_controller_dag.py
[2024-09-12T06:57:52.256+0000] {logging_mixin.py:150} INFO - [2024-09-12T06:57:52.255+0000] {dag.py:2742} INFO - Sync 1 DAGs
[2024-09-12T06:57:52.275+0000] {logging_mixin.py:150} INFO - [2024-09-12T06:57:52.275+0000] {dag.py:3504} INFO - Setting next_dagrun for example_trigger_controller_dag to 2021-01-01T00:00:00+00:00, run_after=2021-01-01T00:00:00+00:00
[2024-09-12T06:57:52.312+0000] {processor.py:179} INFO - Processing /home/vscode/.local/lib/python3.10/site-packages/airflow/example_dags/example_trigger_controller_dag.py took 0.089 seconds
[2024-09-12T06:58:35.274+0000] {processor.py:157} INFO - Started process (PID=15068) to work on /home/vscode/.local/lib/python3.10/site-packages/airflow/example_dags/example_trigger_controller_dag.py
[2024-09-12T06:58:35.274+0000] {processor.py:826} INFO - Processing file /home/vscode/.local/lib/python3.10/site-packages/airflow/example_dags/example_trigger_controller_dag.py for tasks to queue
[2024-09-12T06:58:35.275+0000] {logging_mixin.py:150} INFO - [2024-09-12T06:58:35.275+0000] {dagbag.py:541} INFO - Filling up the DagBag from /home/vscode/.local/lib/python3.10/site-packages/airflow/example_dags/example_trigger_controller_dag.py
[2024-09-12T06:58:35.278+0000] {processor.py:836} INFO - DAG(s) dict_keys(['example_trigger_controller_dag']) retrieved from /home/vscode/.local/lib/python3.10/site-packages/airflow/example_dags/example_trigger_controller_dag.py
[2024-09-12T06:58:35.289+0000] {logging_mixin.py:150} INFO - [2024-09-12T06:58:35.289+0000] {dag.py:2742} INFO - Sync 1 DAGs
[2024-09-12T06:58:35.303+0000] {logging_mixin.py:150} INFO - [2024-09-12T06:58:35.303+0000] {dag.py:3504} INFO - Setting next_dagrun for example_trigger_controller_dag to 2021-01-01T00:00:00+00:00, run_after=2021-01-01T00:00:00+00:00
[2024-09-12T06:58:35.359+0000] {processor.py:179} INFO - Processing /home/vscode/.local/lib/python3.10/site-packages/airflow/example_dags/example_trigger_controller_dag.py took 0.087 seconds
[2024-09-12T06:59:19.759+0000] {processor.py:157} INFO - Started process (PID=15377) to work on /home/vscode/.local/lib/python3.10/site-packages/airflow/example_dags/example_trigger_controller_dag.py
[2024-09-12T06:59:19.759+0000] {processor.py:826} INFO - Processing file /home/vscode/.local/lib/python3.10/site-packages/airflow/example_dags/example_trigger_controller_dag.py for tasks to queue
[2024-09-12T06:59:19.760+0000] {logging_mixin.py:150} INFO - [2024-09-12T06:59:19.760+0000] {dagbag.py:541} INFO - Filling up the DagBag from /home/vscode/.local/lib/python3.10/site-packages/airflow/example_dags/example_trigger_controller_dag.py
[2024-09-12T06:59:19.763+0000] {processor.py:836} INFO - DAG(s) dict_keys(['example_trigger_controller_dag']) retrieved from /home/vscode/.local/lib/python3.10/site-packages/airflow/example_dags/example_trigger_controller_dag.py
[2024-09-12T06:59:19.775+0000] {logging_mixin.py:150} INFO - [2024-09-12T06:59:19.775+0000] {dag.py:2742} INFO - Sync 1 DAGs
[2024-09-12T06:59:19.788+0000] {logging_mixin.py:150} INFO - [2024-09-12T06:59:19.788+0000] {dag.py:3504} INFO - Setting next_dagrun for example_trigger_controller_dag to 2021-01-01T00:00:00+00:00, run_after=2021-01-01T00:00:00+00:00
[2024-09-12T06:59:19.823+0000] {processor.py:179} INFO - Processing /home/vscode/.local/lib/python3.10/site-packages/airflow/example_dags/example_trigger_controller_dag.py took 0.067 seconds
[2024-09-12T07:00:02.624+0000] {processor.py:157} INFO - Started process (PID=15662) to work on /home/vscode/.local/lib/python3.10/site-packages/airflow/example_dags/example_trigger_controller_dag.py
[2024-09-12T07:00:02.624+0000] {processor.py:826} INFO - Processing file /home/vscode/.local/lib/python3.10/site-packages/airflow/example_dags/example_trigger_controller_dag.py for tasks to queue
[2024-09-12T07:00:02.625+0000] {logging_mixin.py:150} INFO - [2024-09-12T07:00:02.625+0000] {dagbag.py:541} INFO - Filling up the DagBag from /home/vscode/.local/lib/python3.10/site-packages/airflow/example_dags/example_trigger_controller_dag.py
[2024-09-12T07:00:02.629+0000] {processor.py:836} INFO - DAG(s) dict_keys(['example_trigger_controller_dag']) retrieved from /home/vscode/.local/lib/python3.10/site-packages/airflow/example_dags/example_trigger_controller_dag.py
[2024-09-12T07:00:02.641+0000] {logging_mixin.py:150} INFO - [2024-09-12T07:00:02.640+0000] {dag.py:2742} INFO - Sync 1 DAGs
[2024-09-12T07:00:02.655+0000] {logging_mixin.py:150} INFO - [2024-09-12T07:00:02.655+0000] {dag.py:3504} INFO - Setting next_dagrun for example_trigger_controller_dag to 2021-01-01T00:00:00+00:00, run_after=2021-01-01T00:00:00+00:00
[2024-09-12T07:00:02.692+0000] {processor.py:179} INFO - Processing /home/vscode/.local/lib/python3.10/site-packages/airflow/example_dags/example_trigger_controller_dag.py took 0.070 seconds
[2024-09-12T07:00:46.158+0000] {processor.py:157} INFO - Started process (PID=15956) to work on /home/vscode/.local/lib/python3.10/site-packages/airflow/example_dags/example_trigger_controller_dag.py
[2024-09-12T07:00:46.159+0000] {processor.py:826} INFO - Processing file /home/vscode/.local/lib/python3.10/site-packages/airflow/example_dags/example_trigger_controller_dag.py for tasks to queue
[2024-09-12T07:00:46.160+0000] {logging_mixin.py:150} INFO - [2024-09-12T07:00:46.160+0000] {dagbag.py:541} INFO - Filling up the DagBag from /home/vscode/.local/lib/python3.10/site-packages/airflow/example_dags/example_trigger_controller_dag.py
[2024-09-12T07:00:46.165+0000] {processor.py:836} INFO - DAG(s) dict_keys(['example_trigger_controller_dag']) retrieved from /home/vscode/.local/lib/python3.10/site-packages/airflow/example_dags/example_trigger_controller_dag.py
[2024-09-12T07:00:46.181+0000] {logging_mixin.py:150} INFO - [2024-09-12T07:00:46.180+0000] {dag.py:2742} INFO - Sync 1 DAGs
[2024-09-12T07:00:46.197+0000] {logging_mixin.py:150} INFO - [2024-09-12T07:00:46.196+0000] {dag.py:3504} INFO - Setting next_dagrun for example_trigger_controller_dag to 2021-01-01T00:00:00+00:00, run_after=2021-01-01T00:00:00+00:00
[2024-09-12T07:00:46.230+0000] {processor.py:179} INFO - Processing /home/vscode/.local/lib/python3.10/site-packages/airflow/example_dags/example_trigger_controller_dag.py took 0.075 seconds
[2024-09-12T07:01:30.424+0000] {processor.py:157} INFO - Started process (PID=16256) to work on /home/vscode/.local/lib/python3.10/site-packages/airflow/example_dags/example_trigger_controller_dag.py
[2024-09-12T07:01:30.424+0000] {processor.py:826} INFO - Processing file /home/vscode/.local/lib/python3.10/site-packages/airflow/example_dags/example_trigger_controller_dag.py for tasks to queue
[2024-09-12T07:01:30.425+0000] {logging_mixin.py:150} INFO - [2024-09-12T07:01:30.425+0000] {dagbag.py:541} INFO - Filling up the DagBag from /home/vscode/.local/lib/python3.10/site-packages/airflow/example_dags/example_trigger_controller_dag.py
[2024-09-12T07:01:30.428+0000] {processor.py:836} INFO - DAG(s) dict_keys(['example_trigger_controller_dag']) retrieved from /home/vscode/.local/lib/python3.10/site-packages/airflow/example_dags/example_trigger_controller_dag.py
[2024-09-12T07:01:30.440+0000] {logging_mixin.py:150} INFO - [2024-09-12T07:01:30.440+0000] {dag.py:2742} INFO - Sync 1 DAGs
[2024-09-12T07:01:30.454+0000] {logging_mixin.py:150} INFO - [2024-09-12T07:01:30.454+0000] {dag.py:3504} INFO - Setting next_dagrun for example_trigger_controller_dag to 2021-01-01T00:00:00+00:00, run_after=2021-01-01T00:00:00+00:00
[2024-09-12T07:01:30.487+0000] {processor.py:179} INFO - Processing /home/vscode/.local/lib/python3.10/site-packages/airflow/example_dags/example_trigger_controller_dag.py took 0.066 seconds
[2024-09-12T07:02:08.868+0000] {processor.py:157} INFO - Started process (PID=16518) to work on /home/vscode/.local/lib/python3.10/site-packages/airflow/example_dags/example_trigger_controller_dag.py
[2024-09-12T07:02:08.869+0000] {processor.py:826} INFO - Processing file /home/vscode/.local/lib/python3.10/site-packages/airflow/example_dags/example_trigger_controller_dag.py for tasks to queue
[2024-09-12T07:02:08.869+0000] {logging_mixin.py:150} INFO - [2024-09-12T07:02:08.869+0000] {dagbag.py:541} INFO - Filling up the DagBag from /home/vscode/.local/lib/python3.10/site-packages/airflow/example_dags/example_trigger_controller_dag.py
[2024-09-12T07:02:08.873+0000] {processor.py:836} INFO - DAG(s) dict_keys(['example_trigger_controller_dag']) retrieved from /home/vscode/.local/lib/python3.10/site-packages/airflow/example_dags/example_trigger_controller_dag.py
[2024-09-12T07:02:08.884+0000] {logging_mixin.py:150} INFO - [2024-09-12T07:02:08.884+0000] {dag.py:2742} INFO - Sync 1 DAGs
[2024-09-12T07:02:08.898+0000] {logging_mixin.py:150} INFO - [2024-09-12T07:02:08.897+0000] {dag.py:3504} INFO - Setting next_dagrun for example_trigger_controller_dag to 2021-01-01T00:00:00+00:00, run_after=2021-01-01T00:00:00+00:00
[2024-09-12T07:02:08.943+0000] {processor.py:179} INFO - Processing /home/vscode/.local/lib/python3.10/site-packages/airflow/example_dags/example_trigger_controller_dag.py took 0.078 seconds
[2024-09-12T07:02:51.238+0000] {processor.py:157} INFO - Started process (PID=16801) to work on /home/vscode/.local/lib/python3.10/site-packages/airflow/example_dags/example_trigger_controller_dag.py
[2024-09-12T07:02:51.238+0000] {processor.py:826} INFO - Processing file /home/vscode/.local/lib/python3.10/site-packages/airflow/example_dags/example_trigger_controller_dag.py for tasks to queue
[2024-09-12T07:02:51.239+0000] {logging_mixin.py:150} INFO - [2024-09-12T07:02:51.238+0000] {dagbag.py:541} INFO - Filling up the DagBag from /home/vscode/.local/lib/python3.10/site-packages/airflow/example_dags/example_trigger_controller_dag.py
[2024-09-12T07:02:51.242+0000] {processor.py:836} INFO - DAG(s) dict_keys(['example_trigger_controller_dag']) retrieved from /home/vscode/.local/lib/python3.10/site-packages/airflow/example_dags/example_trigger_controller_dag.py
[2024-09-12T07:02:51.253+0000] {logging_mixin.py:150} INFO - [2024-09-12T07:02:51.253+0000] {dag.py:2742} INFO - Sync 1 DAGs
[2024-09-12T07:02:51.267+0000] {logging_mixin.py:150} INFO - [2024-09-12T07:02:51.267+0000] {dag.py:3504} INFO - Setting next_dagrun for example_trigger_controller_dag to 2021-01-01T00:00:00+00:00, run_after=2021-01-01T00:00:00+00:00
[2024-09-12T07:02:51.316+0000] {processor.py:179} INFO - Processing /home/vscode/.local/lib/python3.10/site-packages/airflow/example_dags/example_trigger_controller_dag.py took 0.081 seconds
[2024-09-12T07:03:38.279+0000] {processor.py:157} INFO - Started process (PID=17129) to work on /home/vscode/.local/lib/python3.10/site-packages/airflow/example_dags/example_trigger_controller_dag.py
[2024-09-12T07:03:38.279+0000] {processor.py:826} INFO - Processing file /home/vscode/.local/lib/python3.10/site-packages/airflow/example_dags/example_trigger_controller_dag.py for tasks to queue
[2024-09-12T07:03:38.280+0000] {logging_mixin.py:150} INFO - [2024-09-12T07:03:38.279+0000] {dagbag.py:541} INFO - Filling up the DagBag from /home/vscode/.local/lib/python3.10/site-packages/airflow/example_dags/example_trigger_controller_dag.py
[2024-09-12T07:03:38.283+0000] {processor.py:836} INFO - DAG(s) dict_keys(['example_trigger_controller_dag']) retrieved from /home/vscode/.local/lib/python3.10/site-packages/airflow/example_dags/example_trigger_controller_dag.py
[2024-09-12T07:03:38.294+0000] {logging_mixin.py:150} INFO - [2024-09-12T07:03:38.294+0000] {dag.py:2742} INFO - Sync 1 DAGs
[2024-09-12T07:03:38.308+0000] {logging_mixin.py:150} INFO - [2024-09-12T07:03:38.308+0000] {dag.py:3504} INFO - Setting next_dagrun for example_trigger_controller_dag to 2021-01-01T00:00:00+00:00, run_after=2021-01-01T00:00:00+00:00
[2024-09-12T07:03:38.350+0000] {processor.py:179} INFO - Processing /home/vscode/.local/lib/python3.10/site-packages/airflow/example_dags/example_trigger_controller_dag.py took 0.073 seconds
[2024-09-12T07:04:15.074+0000] {processor.py:157} INFO - Started process (PID=17427) to work on /home/vscode/.local/lib/python3.10/site-packages/airflow/example_dags/example_trigger_controller_dag.py
[2024-09-12T07:04:15.075+0000] {processor.py:826} INFO - Processing file /home/vscode/.local/lib/python3.10/site-packages/airflow/example_dags/example_trigger_controller_dag.py for tasks to queue
[2024-09-12T07:04:15.075+0000] {logging_mixin.py:150} INFO - [2024-09-12T07:04:15.075+0000] {dagbag.py:541} INFO - Filling up the DagBag from /home/vscode/.local/lib/python3.10/site-packages/airflow/example_dags/example_trigger_controller_dag.py
[2024-09-12T07:04:15.079+0000] {processor.py:836} INFO - DAG(s) dict_keys(['example_trigger_controller_dag']) retrieved from /home/vscode/.local/lib/python3.10/site-packages/airflow/example_dags/example_trigger_controller_dag.py
[2024-09-12T07:04:15.090+0000] {logging_mixin.py:150} INFO - [2024-09-12T07:04:15.090+0000] {dag.py:2742} INFO - Sync 1 DAGs
[2024-09-12T07:04:15.104+0000] {logging_mixin.py:150} INFO - [2024-09-12T07:04:15.104+0000] {dag.py:3504} INFO - Setting next_dagrun for example_trigger_controller_dag to 2021-01-01T00:00:00+00:00, run_after=2021-01-01T00:00:00+00:00
[2024-09-12T07:04:15.140+0000] {processor.py:179} INFO - Processing /home/vscode/.local/lib/python3.10/site-packages/airflow/example_dags/example_trigger_controller_dag.py took 0.068 seconds
[2024-09-12T07:04:59.028+0000] {processor.py:157} INFO - Started process (PID=17741) to work on /home/vscode/.local/lib/python3.10/site-packages/airflow/example_dags/example_trigger_controller_dag.py
[2024-09-12T07:04:59.029+0000] {processor.py:826} INFO - Processing file /home/vscode/.local/lib/python3.10/site-packages/airflow/example_dags/example_trigger_controller_dag.py for tasks to queue
[2024-09-12T07:04:59.030+0000] {logging_mixin.py:150} INFO - [2024-09-12T07:04:59.029+0000] {dagbag.py:541} INFO - Filling up the DagBag from /home/vscode/.local/lib/python3.10/site-packages/airflow/example_dags/example_trigger_controller_dag.py
[2024-09-12T07:04:59.033+0000] {processor.py:836} INFO - DAG(s) dict_keys(['example_trigger_controller_dag']) retrieved from /home/vscode/.local/lib/python3.10/site-packages/airflow/example_dags/example_trigger_controller_dag.py
[2024-09-12T07:04:59.045+0000] {logging_mixin.py:150} INFO - [2024-09-12T07:04:59.045+0000] {dag.py:2742} INFO - Sync 1 DAGs
[2024-09-12T07:04:59.059+0000] {logging_mixin.py:150} INFO - [2024-09-12T07:04:59.059+0000] {dag.py:3504} INFO - Setting next_dagrun for example_trigger_controller_dag to 2021-01-01T00:00:00+00:00, run_after=2021-01-01T00:00:00+00:00
[2024-09-12T07:04:59.091+0000] {processor.py:179} INFO - Processing /home/vscode/.local/lib/python3.10/site-packages/airflow/example_dags/example_trigger_controller_dag.py took 0.065 seconds
[2024-09-12T07:05:43.811+0000] {processor.py:157} INFO - Started process (PID=18164) to work on /home/vscode/.local/lib/python3.10/site-packages/airflow/example_dags/example_trigger_controller_dag.py
[2024-09-12T07:05:43.812+0000] {processor.py:826} INFO - Processing file /home/vscode/.local/lib/python3.10/site-packages/airflow/example_dags/example_trigger_controller_dag.py for tasks to queue
[2024-09-12T07:05:43.813+0000] {logging_mixin.py:150} INFO - [2024-09-12T07:05:43.812+0000] {dagbag.py:541} INFO - Filling up the DagBag from /home/vscode/.local/lib/python3.10/site-packages/airflow/example_dags/example_trigger_controller_dag.py
[2024-09-12T07:05:43.816+0000] {processor.py:836} INFO - DAG(s) dict_keys(['example_trigger_controller_dag']) retrieved from /home/vscode/.local/lib/python3.10/site-packages/airflow/example_dags/example_trigger_controller_dag.py
[2024-09-12T07:05:43.827+0000] {logging_mixin.py:150} INFO - [2024-09-12T07:05:43.827+0000] {dag.py:2742} INFO - Sync 1 DAGs
[2024-09-12T07:05:43.842+0000] {logging_mixin.py:150} INFO - [2024-09-12T07:05:43.841+0000] {dag.py:3504} INFO - Setting next_dagrun for example_trigger_controller_dag to 2021-01-01T00:00:00+00:00, run_after=2021-01-01T00:00:00+00:00
[2024-09-12T07:05:43.881+0000] {processor.py:179} INFO - Processing /home/vscode/.local/lib/python3.10/site-packages/airflow/example_dags/example_trigger_controller_dag.py took 0.072 seconds
[2024-09-12T07:06:28.650+0000] {processor.py:157} INFO - Started process (PID=18524) to work on /home/vscode/.local/lib/python3.10/site-packages/airflow/example_dags/example_trigger_controller_dag.py
[2024-09-12T07:06:28.650+0000] {processor.py:826} INFO - Processing file /home/vscode/.local/lib/python3.10/site-packages/airflow/example_dags/example_trigger_controller_dag.py for tasks to queue
[2024-09-12T07:06:28.651+0000] {logging_mixin.py:150} INFO - [2024-09-12T07:06:28.651+0000] {dagbag.py:541} INFO - Filling up the DagBag from /home/vscode/.local/lib/python3.10/site-packages/airflow/example_dags/example_trigger_controller_dag.py
[2024-09-12T07:06:28.654+0000] {processor.py:836} INFO - DAG(s) dict_keys(['example_trigger_controller_dag']) retrieved from /home/vscode/.local/lib/python3.10/site-packages/airflow/example_dags/example_trigger_controller_dag.py
[2024-09-12T07:06:28.665+0000] {logging_mixin.py:150} INFO - [2024-09-12T07:06:28.665+0000] {dag.py:2742} INFO - Sync 1 DAGs
[2024-09-12T07:06:28.681+0000] {logging_mixin.py:150} INFO - [2024-09-12T07:06:28.680+0000] {dag.py:3504} INFO - Setting next_dagrun for example_trigger_controller_dag to 2021-01-01T00:00:00+00:00, run_after=2021-01-01T00:00:00+00:00
[2024-09-12T07:06:28.725+0000] {processor.py:179} INFO - Processing /home/vscode/.local/lib/python3.10/site-packages/airflow/example_dags/example_trigger_controller_dag.py took 0.078 seconds
[2024-09-12T07:07:12.855+0000] {processor.py:157} INFO - Started process (PID=18832) to work on /home/vscode/.local/lib/python3.10/site-packages/airflow/example_dags/example_trigger_controller_dag.py
[2024-09-12T07:07:12.856+0000] {processor.py:826} INFO - Processing file /home/vscode/.local/lib/python3.10/site-packages/airflow/example_dags/example_trigger_controller_dag.py for tasks to queue
[2024-09-12T07:07:12.856+0000] {logging_mixin.py:150} INFO - [2024-09-12T07:07:12.856+0000] {dagbag.py:541} INFO - Filling up the DagBag from /home/vscode/.local/lib/python3.10/site-packages/airflow/example_dags/example_trigger_controller_dag.py
[2024-09-12T07:07:12.860+0000] {processor.py:836} INFO - DAG(s) dict_keys(['example_trigger_controller_dag']) retrieved from /home/vscode/.local/lib/python3.10/site-packages/airflow/example_dags/example_trigger_controller_dag.py
[2024-09-12T07:07:12.872+0000] {logging_mixin.py:150} INFO - [2024-09-12T07:07:12.872+0000] {dag.py:2742} INFO - Sync 1 DAGs
[2024-09-12T07:07:12.886+0000] {logging_mixin.py:150} INFO - [2024-09-12T07:07:12.886+0000] {dag.py:3504} INFO - Setting next_dagrun for example_trigger_controller_dag to 2021-01-01T00:00:00+00:00, run_after=2021-01-01T00:00:00+00:00
[2024-09-12T07:07:12.927+0000] {processor.py:179} INFO - Processing /home/vscode/.local/lib/python3.10/site-packages/airflow/example_dags/example_trigger_controller_dag.py took 0.075 seconds
[2024-09-12T07:07:56.618+0000] {processor.py:157} INFO - Started process (PID=19127) to work on /home/vscode/.local/lib/python3.10/site-packages/airflow/example_dags/example_trigger_controller_dag.py
[2024-09-12T07:07:56.618+0000] {processor.py:826} INFO - Processing file /home/vscode/.local/lib/python3.10/site-packages/airflow/example_dags/example_trigger_controller_dag.py for tasks to queue
[2024-09-12T07:07:56.619+0000] {logging_mixin.py:150} INFO - [2024-09-12T07:07:56.619+0000] {dagbag.py:541} INFO - Filling up the DagBag from /home/vscode/.local/lib/python3.10/site-packages/airflow/example_dags/example_trigger_controller_dag.py
[2024-09-12T07:07:56.622+0000] {processor.py:836} INFO - DAG(s) dict_keys(['example_trigger_controller_dag']) retrieved from /home/vscode/.local/lib/python3.10/site-packages/airflow/example_dags/example_trigger_controller_dag.py
[2024-09-12T07:07:56.634+0000] {logging_mixin.py:150} INFO - [2024-09-12T07:07:56.634+0000] {dag.py:2742} INFO - Sync 1 DAGs
[2024-09-12T07:07:56.647+0000] {logging_mixin.py:150} INFO - [2024-09-12T07:07:56.647+0000] {dag.py:3504} INFO - Setting next_dagrun for example_trigger_controller_dag to 2021-01-01T00:00:00+00:00, run_after=2021-01-01T00:00:00+00:00
[2024-09-12T07:07:56.684+0000] {processor.py:179} INFO - Processing /home/vscode/.local/lib/python3.10/site-packages/airflow/example_dags/example_trigger_controller_dag.py took 0.068 seconds
[2024-09-12T07:08:40.541+0000] {processor.py:157} INFO - Started process (PID=19507) to work on /home/vscode/.local/lib/python3.10/site-packages/airflow/example_dags/example_trigger_controller_dag.py
[2024-09-12T07:08:40.541+0000] {processor.py:826} INFO - Processing file /home/vscode/.local/lib/python3.10/site-packages/airflow/example_dags/example_trigger_controller_dag.py for tasks to queue
[2024-09-12T07:08:40.542+0000] {logging_mixin.py:150} INFO - [2024-09-12T07:08:40.542+0000] {dagbag.py:541} INFO - Filling up the DagBag from /home/vscode/.local/lib/python3.10/site-packages/airflow/example_dags/example_trigger_controller_dag.py
[2024-09-12T07:08:40.545+0000] {processor.py:836} INFO - DAG(s) dict_keys(['example_trigger_controller_dag']) retrieved from /home/vscode/.local/lib/python3.10/site-packages/airflow/example_dags/example_trigger_controller_dag.py
[2024-09-12T07:08:40.556+0000] {logging_mixin.py:150} INFO - [2024-09-12T07:08:40.556+0000] {dag.py:2742} INFO - Sync 1 DAGs
[2024-09-12T07:08:40.570+0000] {logging_mixin.py:150} INFO - [2024-09-12T07:08:40.570+0000] {dag.py:3504} INFO - Setting next_dagrun for example_trigger_controller_dag to 2021-01-01T00:00:00+00:00, run_after=2021-01-01T00:00:00+00:00
[2024-09-12T07:08:40.612+0000] {processor.py:179} INFO - Processing /home/vscode/.local/lib/python3.10/site-packages/airflow/example_dags/example_trigger_controller_dag.py took 0.073 seconds
[2024-09-12T07:09:26.976+0000] {processor.py:157} INFO - Started process (PID=19857) to work on /home/vscode/.local/lib/python3.10/site-packages/airflow/example_dags/example_trigger_controller_dag.py
[2024-09-12T07:09:26.977+0000] {processor.py:826} INFO - Processing file /home/vscode/.local/lib/python3.10/site-packages/airflow/example_dags/example_trigger_controller_dag.py for tasks to queue
[2024-09-12T07:09:26.977+0000] {logging_mixin.py:150} INFO - [2024-09-12T07:09:26.977+0000] {dagbag.py:541} INFO - Filling up the DagBag from /home/vscode/.local/lib/python3.10/site-packages/airflow/example_dags/example_trigger_controller_dag.py
[2024-09-12T07:09:26.980+0000] {processor.py:836} INFO - DAG(s) dict_keys(['example_trigger_controller_dag']) retrieved from /home/vscode/.local/lib/python3.10/site-packages/airflow/example_dags/example_trigger_controller_dag.py
[2024-09-12T07:09:26.992+0000] {logging_mixin.py:150} INFO - [2024-09-12T07:09:26.992+0000] {dag.py:2742} INFO - Sync 1 DAGs
[2024-09-12T07:09:27.006+0000] {logging_mixin.py:150} INFO - [2024-09-12T07:09:27.006+0000] {dag.py:3504} INFO - Setting next_dagrun for example_trigger_controller_dag to 2021-01-01T00:00:00+00:00, run_after=2021-01-01T00:00:00+00:00
[2024-09-12T07:09:27.035+0000] {processor.py:179} INFO - Processing /home/vscode/.local/lib/python3.10/site-packages/airflow/example_dags/example_trigger_controller_dag.py took 0.061 seconds
[2024-09-12T07:10:11.548+0000] {processor.py:157} INFO - Started process (PID=20171) to work on /home/vscode/.local/lib/python3.10/site-packages/airflow/example_dags/example_trigger_controller_dag.py
[2024-09-12T07:10:11.549+0000] {processor.py:826} INFO - Processing file /home/vscode/.local/lib/python3.10/site-packages/airflow/example_dags/example_trigger_controller_dag.py for tasks to queue
[2024-09-12T07:10:11.550+0000] {logging_mixin.py:150} INFO - [2024-09-12T07:10:11.549+0000] {dagbag.py:541} INFO - Filling up the DagBag from /home/vscode/.local/lib/python3.10/site-packages/airflow/example_dags/example_trigger_controller_dag.py
[2024-09-12T07:10:11.553+0000] {processor.py:836} INFO - DAG(s) dict_keys(['example_trigger_controller_dag']) retrieved from /home/vscode/.local/lib/python3.10/site-packages/airflow/example_dags/example_trigger_controller_dag.py
[2024-09-12T07:10:11.564+0000] {logging_mixin.py:150} INFO - [2024-09-12T07:10:11.564+0000] {dag.py:2742} INFO - Sync 1 DAGs
[2024-09-12T07:10:11.578+0000] {logging_mixin.py:150} INFO - [2024-09-12T07:10:11.578+0000] {dag.py:3504} INFO - Setting next_dagrun for example_trigger_controller_dag to 2021-01-01T00:00:00+00:00, run_after=2021-01-01T00:00:00+00:00
[2024-09-12T07:10:11.612+0000] {processor.py:179} INFO - Processing /home/vscode/.local/lib/python3.10/site-packages/airflow/example_dags/example_trigger_controller_dag.py took 0.066 seconds
