[2024-09-12T06:39:42.478+0000] {processor.py:157} INFO - Started process (PID=7469) to work on /home/vscode/.local/lib/python3.10/site-packages/airflow/example_dags/example_short_circuit_decorator.py
[2024-09-12T06:39:42.479+0000] {processor.py:826} INFO - Processing file /home/vscode/.local/lib/python3.10/site-packages/airflow/example_dags/example_short_circuit_decorator.py for tasks to queue
[2024-09-12T06:39:42.479+0000] {logging_mixin.py:150} INFO - [2024-09-12T06:39:42.479+0000] {dagbag.py:541} INFO - Filling up the DagBag from /home/vscode/.local/lib/python3.10/site-packages/airflow/example_dags/example_short_circuit_decorator.py
[2024-09-12T06:39:42.486+0000] {processor.py:836} INFO - DAG(s) dict_keys(['example_short_circuit_decorator']) retrieved from /home/vscode/.local/lib/python3.10/site-packages/airflow/example_dags/example_short_circuit_decorator.py
[2024-09-12T06:39:42.685+0000] {logging_mixin.py:150} INFO - [2024-09-12T06:39:42.685+0000] {manager.py:504} INFO - Created Permission View: can delete on DAG:example_short_circuit_decorator
[2024-09-12T06:39:42.714+0000] {logging_mixin.py:150} INFO - [2024-09-12T06:39:42.714+0000] {manager.py:504} INFO - Created Permission View: can read on DAG:example_short_circuit_decorator
[2024-09-12T06:39:42.736+0000] {logging_mixin.py:150} INFO - [2024-09-12T06:39:42.736+0000] {manager.py:504} INFO - Created Permission View: can edit on DAG:example_short_circuit_decorator
[2024-09-12T06:39:42.744+0000] {logging_mixin.py:150} INFO - [2024-09-12T06:39:42.744+0000] {dag.py:2742} INFO - Sync 1 DAGs
[2024-09-12T06:39:42.751+0000] {logging_mixin.py:150} INFO - [2024-09-12T06:39:42.751+0000] {dag.py:2763} INFO - Creating ORM DAG for example_short_circuit_decorator
[2024-09-12T06:39:42.756+0000] {logging_mixin.py:150} INFO - [2024-09-12T06:39:42.756+0000] {dag.py:3504} INFO - Setting next_dagrun for example_short_circuit_decorator to 2024-09-11T06:39:42.756745+00:00, run_after=2024-09-12T06:39:42.756745+00:00
[2024-09-12T06:39:42.821+0000] {processor.py:179} INFO - Processing /home/vscode/.local/lib/python3.10/site-packages/airflow/example_dags/example_short_circuit_decorator.py took 0.345 seconds
[2024-09-12T06:40:35.822+0000] {processor.py:157} INFO - Started process (PID=7809) to work on /home/vscode/.local/lib/python3.10/site-packages/airflow/example_dags/example_short_circuit_decorator.py
[2024-09-12T06:40:35.823+0000] {processor.py:826} INFO - Processing file /home/vscode/.local/lib/python3.10/site-packages/airflow/example_dags/example_short_circuit_decorator.py for tasks to queue
[2024-09-12T06:40:35.823+0000] {logging_mixin.py:150} INFO - [2024-09-12T06:40:35.823+0000] {dagbag.py:541} INFO - Filling up the DagBag from /home/vscode/.local/lib/python3.10/site-packages/airflow/example_dags/example_short_circuit_decorator.py
[2024-09-12T06:40:35.830+0000] {processor.py:836} INFO - DAG(s) dict_keys(['example_short_circuit_decorator']) retrieved from /home/vscode/.local/lib/python3.10/site-packages/airflow/example_dags/example_short_circuit_decorator.py
[2024-09-12T06:40:35.843+0000] {logging_mixin.py:150} INFO - [2024-09-12T06:40:35.842+0000] {dag.py:2742} INFO - Sync 1 DAGs
[2024-09-12T06:40:35.857+0000] {logging_mixin.py:150} INFO - [2024-09-12T06:40:35.857+0000] {dag.py:3504} INFO - Setting next_dagrun for example_short_circuit_decorator to 2024-09-11T06:40:35.856854+00:00, run_after=2024-09-12T06:40:35.856854+00:00
[2024-09-12T06:40:35.894+0000] {processor.py:179} INFO - Processing /home/vscode/.local/lib/python3.10/site-packages/airflow/example_dags/example_short_circuit_decorator.py took 0.075 seconds
[2024-09-12T06:41:19.699+0000] {processor.py:157} INFO - Started process (PID=8111) to work on /home/vscode/.local/lib/python3.10/site-packages/airflow/example_dags/example_short_circuit_decorator.py
[2024-09-12T06:41:19.700+0000] {processor.py:826} INFO - Processing file /home/vscode/.local/lib/python3.10/site-packages/airflow/example_dags/example_short_circuit_decorator.py for tasks to queue
[2024-09-12T06:41:19.700+0000] {logging_mixin.py:150} INFO - [2024-09-12T06:41:19.700+0000] {dagbag.py:541} INFO - Filling up the DagBag from /home/vscode/.local/lib/python3.10/site-packages/airflow/example_dags/example_short_circuit_decorator.py
[2024-09-12T06:41:19.707+0000] {processor.py:836} INFO - DAG(s) dict_keys(['example_short_circuit_decorator']) retrieved from /home/vscode/.local/lib/python3.10/site-packages/airflow/example_dags/example_short_circuit_decorator.py
[2024-09-12T06:41:19.720+0000] {logging_mixin.py:150} INFO - [2024-09-12T06:41:19.720+0000] {dag.py:2742} INFO - Sync 1 DAGs
[2024-09-12T06:41:19.733+0000] {logging_mixin.py:150} INFO - [2024-09-12T06:41:19.733+0000] {dag.py:3504} INFO - Setting next_dagrun for example_short_circuit_decorator to 2024-09-11T06:41:19.733477+00:00, run_after=2024-09-12T06:41:19.733477+00:00
[2024-09-12T06:41:19.767+0000] {processor.py:179} INFO - Processing /home/vscode/.local/lib/python3.10/site-packages/airflow/example_dags/example_short_circuit_decorator.py took 0.070 seconds
[2024-09-12T06:42:02.646+0000] {processor.py:157} INFO - Started process (PID=8397) to work on /home/vscode/.local/lib/python3.10/site-packages/airflow/example_dags/example_short_circuit_decorator.py
[2024-09-12T06:42:02.647+0000] {processor.py:826} INFO - Processing file /home/vscode/.local/lib/python3.10/site-packages/airflow/example_dags/example_short_circuit_decorator.py for tasks to queue
[2024-09-12T06:42:02.647+0000] {logging_mixin.py:150} INFO - [2024-09-12T06:42:02.647+0000] {dagbag.py:541} INFO - Filling up the DagBag from /home/vscode/.local/lib/python3.10/site-packages/airflow/example_dags/example_short_circuit_decorator.py
[2024-09-12T06:42:02.657+0000] {processor.py:836} INFO - DAG(s) dict_keys(['example_short_circuit_decorator']) retrieved from /home/vscode/.local/lib/python3.10/site-packages/airflow/example_dags/example_short_circuit_decorator.py
[2024-09-12T06:42:02.676+0000] {logging_mixin.py:150} INFO - [2024-09-12T06:42:02.676+0000] {dag.py:2742} INFO - Sync 1 DAGs
[2024-09-12T06:42:02.696+0000] {logging_mixin.py:150} INFO - [2024-09-12T06:42:02.696+0000] {dag.py:3504} INFO - Setting next_dagrun for example_short_circuit_decorator to 2024-09-11T06:42:02.696152+00:00, run_after=2024-09-12T06:42:02.696152+00:00
[2024-09-12T06:42:02.768+0000] {processor.py:179} INFO - Processing /home/vscode/.local/lib/python3.10/site-packages/airflow/example_dags/example_short_circuit_decorator.py took 0.124 seconds
[2024-09-12T06:42:49.233+0000] {processor.py:157} INFO - Started process (PID=8711) to work on /home/vscode/.local/lib/python3.10/site-packages/airflow/example_dags/example_short_circuit_decorator.py
[2024-09-12T06:42:49.233+0000] {processor.py:826} INFO - Processing file /home/vscode/.local/lib/python3.10/site-packages/airflow/example_dags/example_short_circuit_decorator.py for tasks to queue
[2024-09-12T06:42:49.234+0000] {logging_mixin.py:150} INFO - [2024-09-12T06:42:49.234+0000] {dagbag.py:541} INFO - Filling up the DagBag from /home/vscode/.local/lib/python3.10/site-packages/airflow/example_dags/example_short_circuit_decorator.py
[2024-09-12T06:42:49.241+0000] {processor.py:836} INFO - DAG(s) dict_keys(['example_short_circuit_decorator']) retrieved from /home/vscode/.local/lib/python3.10/site-packages/airflow/example_dags/example_short_circuit_decorator.py
[2024-09-12T06:42:49.254+0000] {logging_mixin.py:150} INFO - [2024-09-12T06:42:49.254+0000] {dag.py:2742} INFO - Sync 1 DAGs
[2024-09-12T06:42:49.267+0000] {logging_mixin.py:150} INFO - [2024-09-12T06:42:49.267+0000] {dag.py:3504} INFO - Setting next_dagrun for example_short_circuit_decorator to 2024-09-11T06:42:49.267516+00:00, run_after=2024-09-12T06:42:49.267516+00:00
[2024-09-12T06:42:49.301+0000] {processor.py:179} INFO - Processing /home/vscode/.local/lib/python3.10/site-packages/airflow/example_dags/example_short_circuit_decorator.py took 0.070 seconds
[2024-09-12T06:43:32.613+0000] {processor.py:157} INFO - Started process (PID=9004) to work on /home/vscode/.local/lib/python3.10/site-packages/airflow/example_dags/example_short_circuit_decorator.py
[2024-09-12T06:43:32.614+0000] {processor.py:826} INFO - Processing file /home/vscode/.local/lib/python3.10/site-packages/airflow/example_dags/example_short_circuit_decorator.py for tasks to queue
[2024-09-12T06:43:32.615+0000] {logging_mixin.py:150} INFO - [2024-09-12T06:43:32.614+0000] {dagbag.py:541} INFO - Filling up the DagBag from /home/vscode/.local/lib/python3.10/site-packages/airflow/example_dags/example_short_circuit_decorator.py
[2024-09-12T06:43:32.621+0000] {processor.py:836} INFO - DAG(s) dict_keys(['example_short_circuit_decorator']) retrieved from /home/vscode/.local/lib/python3.10/site-packages/airflow/example_dags/example_short_circuit_decorator.py
[2024-09-12T06:43:32.634+0000] {logging_mixin.py:150} INFO - [2024-09-12T06:43:32.634+0000] {dag.py:2742} INFO - Sync 1 DAGs
[2024-09-12T06:43:32.648+0000] {logging_mixin.py:150} INFO - [2024-09-12T06:43:32.648+0000] {dag.py:3504} INFO - Setting next_dagrun for example_short_circuit_decorator to 2024-09-11T06:43:32.648223+00:00, run_after=2024-09-12T06:43:32.648223+00:00
[2024-09-12T06:43:32.684+0000] {processor.py:179} INFO - Processing /home/vscode/.local/lib/python3.10/site-packages/airflow/example_dags/example_short_circuit_decorator.py took 0.073 seconds
[2024-09-12T06:44:14.622+0000] {processor.py:157} INFO - Started process (PID=9286) to work on /home/vscode/.local/lib/python3.10/site-packages/airflow/example_dags/example_short_circuit_decorator.py
[2024-09-12T06:44:14.623+0000] {processor.py:826} INFO - Processing file /home/vscode/.local/lib/python3.10/site-packages/airflow/example_dags/example_short_circuit_decorator.py for tasks to queue
[2024-09-12T06:44:14.623+0000] {logging_mixin.py:150} INFO - [2024-09-12T06:44:14.623+0000] {dagbag.py:541} INFO - Filling up the DagBag from /home/vscode/.local/lib/python3.10/site-packages/airflow/example_dags/example_short_circuit_decorator.py
[2024-09-12T06:44:14.630+0000] {processor.py:836} INFO - DAG(s) dict_keys(['example_short_circuit_decorator']) retrieved from /home/vscode/.local/lib/python3.10/site-packages/airflow/example_dags/example_short_circuit_decorator.py
[2024-09-12T06:44:14.643+0000] {logging_mixin.py:150} INFO - [2024-09-12T06:44:14.643+0000] {dag.py:2742} INFO - Sync 1 DAGs
[2024-09-12T06:44:14.657+0000] {logging_mixin.py:150} INFO - [2024-09-12T06:44:14.657+0000] {dag.py:3504} INFO - Setting next_dagrun for example_short_circuit_decorator to 2024-09-11T06:44:14.656986+00:00, run_after=2024-09-12T06:44:14.656986+00:00
[2024-09-12T06:44:14.688+0000] {processor.py:179} INFO - Processing /home/vscode/.local/lib/python3.10/site-packages/airflow/example_dags/example_short_circuit_decorator.py took 0.068 seconds
[2024-09-12T06:44:58.226+0000] {processor.py:157} INFO - Started process (PID=9581) to work on /home/vscode/.local/lib/python3.10/site-packages/airflow/example_dags/example_short_circuit_decorator.py
[2024-09-12T06:44:58.227+0000] {processor.py:826} INFO - Processing file /home/vscode/.local/lib/python3.10/site-packages/airflow/example_dags/example_short_circuit_decorator.py for tasks to queue
[2024-09-12T06:44:58.227+0000] {logging_mixin.py:150} INFO - [2024-09-12T06:44:58.227+0000] {dagbag.py:541} INFO - Filling up the DagBag from /home/vscode/.local/lib/python3.10/site-packages/airflow/example_dags/example_short_circuit_decorator.py
[2024-09-12T06:44:58.234+0000] {processor.py:836} INFO - DAG(s) dict_keys(['example_short_circuit_decorator']) retrieved from /home/vscode/.local/lib/python3.10/site-packages/airflow/example_dags/example_short_circuit_decorator.py
[2024-09-12T06:44:58.247+0000] {logging_mixin.py:150} INFO - [2024-09-12T06:44:58.247+0000] {dag.py:2742} INFO - Sync 1 DAGs
[2024-09-12T06:44:58.261+0000] {logging_mixin.py:150} INFO - [2024-09-12T06:44:58.260+0000] {dag.py:3504} INFO - Setting next_dagrun for example_short_circuit_decorator to 2024-09-11T06:44:58.260761+00:00, run_after=2024-09-12T06:44:58.260761+00:00
[2024-09-12T06:44:58.292+0000] {processor.py:179} INFO - Processing /home/vscode/.local/lib/python3.10/site-packages/airflow/example_dags/example_short_circuit_decorator.py took 0.068 seconds
[2024-09-12T06:45:43.092+0000] {processor.py:157} INFO - Started process (PID=9883) to work on /home/vscode/.local/lib/python3.10/site-packages/airflow/example_dags/example_short_circuit_decorator.py
[2024-09-12T06:45:43.092+0000] {processor.py:826} INFO - Processing file /home/vscode/.local/lib/python3.10/site-packages/airflow/example_dags/example_short_circuit_decorator.py for tasks to queue
[2024-09-12T06:45:43.093+0000] {logging_mixin.py:150} INFO - [2024-09-12T06:45:43.093+0000] {dagbag.py:541} INFO - Filling up the DagBag from /home/vscode/.local/lib/python3.10/site-packages/airflow/example_dags/example_short_circuit_decorator.py
[2024-09-12T06:45:43.100+0000] {processor.py:836} INFO - DAG(s) dict_keys(['example_short_circuit_decorator']) retrieved from /home/vscode/.local/lib/python3.10/site-packages/airflow/example_dags/example_short_circuit_decorator.py
[2024-09-12T06:45:43.115+0000] {logging_mixin.py:150} INFO - [2024-09-12T06:45:43.114+0000] {dag.py:2742} INFO - Sync 1 DAGs
[2024-09-12T06:45:43.135+0000] {logging_mixin.py:150} INFO - [2024-09-12T06:45:43.135+0000] {dag.py:3504} INFO - Setting next_dagrun for example_short_circuit_decorator to 2024-09-11T06:45:43.135269+00:00, run_after=2024-09-12T06:45:43.135269+00:00
[2024-09-12T06:45:43.172+0000] {processor.py:179} INFO - Processing /home/vscode/.local/lib/python3.10/site-packages/airflow/example_dags/example_short_circuit_decorator.py took 0.082 seconds
[2024-09-12T06:46:27.863+0000] {processor.py:157} INFO - Started process (PID=10178) to work on /home/vscode/.local/lib/python3.10/site-packages/airflow/example_dags/example_short_circuit_decorator.py
[2024-09-12T06:46:27.864+0000] {processor.py:826} INFO - Processing file /home/vscode/.local/lib/python3.10/site-packages/airflow/example_dags/example_short_circuit_decorator.py for tasks to queue
[2024-09-12T06:46:27.865+0000] {logging_mixin.py:150} INFO - [2024-09-12T06:46:27.864+0000] {dagbag.py:541} INFO - Filling up the DagBag from /home/vscode/.local/lib/python3.10/site-packages/airflow/example_dags/example_short_circuit_decorator.py
[2024-09-12T06:46:27.872+0000] {processor.py:836} INFO - DAG(s) dict_keys(['example_short_circuit_decorator']) retrieved from /home/vscode/.local/lib/python3.10/site-packages/airflow/example_dags/example_short_circuit_decorator.py
[2024-09-12T06:46:27.885+0000] {logging_mixin.py:150} INFO - [2024-09-12T06:46:27.884+0000] {dag.py:2742} INFO - Sync 1 DAGs
[2024-09-12T06:46:27.898+0000] {logging_mixin.py:150} INFO - [2024-09-12T06:46:27.898+0000] {dag.py:3504} INFO - Setting next_dagrun for example_short_circuit_decorator to 2024-09-11T06:46:27.898365+00:00, run_after=2024-09-12T06:46:27.898365+00:00
[2024-09-12T06:46:27.936+0000] {processor.py:179} INFO - Processing /home/vscode/.local/lib/python3.10/site-packages/airflow/example_dags/example_short_circuit_decorator.py took 0.075 seconds
[2024-09-12T06:47:11.687+0000] {processor.py:157} INFO - Started process (PID=10467) to work on /home/vscode/.local/lib/python3.10/site-packages/airflow/example_dags/example_short_circuit_decorator.py
[2024-09-12T06:47:11.688+0000] {processor.py:826} INFO - Processing file /home/vscode/.local/lib/python3.10/site-packages/airflow/example_dags/example_short_circuit_decorator.py for tasks to queue
[2024-09-12T06:47:11.688+0000] {logging_mixin.py:150} INFO - [2024-09-12T06:47:11.688+0000] {dagbag.py:541} INFO - Filling up the DagBag from /home/vscode/.local/lib/python3.10/site-packages/airflow/example_dags/example_short_circuit_decorator.py
[2024-09-12T06:47:11.695+0000] {processor.py:836} INFO - DAG(s) dict_keys(['example_short_circuit_decorator']) retrieved from /home/vscode/.local/lib/python3.10/site-packages/airflow/example_dags/example_short_circuit_decorator.py
[2024-09-12T06:47:11.708+0000] {logging_mixin.py:150} INFO - [2024-09-12T06:47:11.708+0000] {dag.py:2742} INFO - Sync 1 DAGs
[2024-09-12T06:47:11.722+0000] {logging_mixin.py:150} INFO - [2024-09-12T06:47:11.722+0000] {dag.py:3504} INFO - Setting next_dagrun for example_short_circuit_decorator to 2024-09-11T06:47:11.722234+00:00, run_after=2024-09-12T06:47:11.722234+00:00
[2024-09-12T06:47:11.755+0000] {processor.py:179} INFO - Processing /home/vscode/.local/lib/python3.10/site-packages/airflow/example_dags/example_short_circuit_decorator.py took 0.070 seconds
[2024-09-12T06:47:58.143+0000] {processor.py:157} INFO - Started process (PID=10787) to work on /home/vscode/.local/lib/python3.10/site-packages/airflow/example_dags/example_short_circuit_decorator.py
[2024-09-12T06:47:58.143+0000] {processor.py:826} INFO - Processing file /home/vscode/.local/lib/python3.10/site-packages/airflow/example_dags/example_short_circuit_decorator.py for tasks to queue
[2024-09-12T06:47:58.144+0000] {logging_mixin.py:150} INFO - [2024-09-12T06:47:58.144+0000] {dagbag.py:541} INFO - Filling up the DagBag from /home/vscode/.local/lib/python3.10/site-packages/airflow/example_dags/example_short_circuit_decorator.py
[2024-09-12T06:47:58.151+0000] {processor.py:836} INFO - DAG(s) dict_keys(['example_short_circuit_decorator']) retrieved from /home/vscode/.local/lib/python3.10/site-packages/airflow/example_dags/example_short_circuit_decorator.py
[2024-09-12T06:47:58.164+0000] {logging_mixin.py:150} INFO - [2024-09-12T06:47:58.164+0000] {dag.py:2742} INFO - Sync 1 DAGs
[2024-09-12T06:47:58.178+0000] {logging_mixin.py:150} INFO - [2024-09-12T06:47:58.178+0000] {dag.py:3504} INFO - Setting next_dagrun for example_short_circuit_decorator to 2024-09-11T06:47:58.177904+00:00, run_after=2024-09-12T06:47:58.177904+00:00
[2024-09-12T06:47:58.237+0000] {processor.py:179} INFO - Processing /home/vscode/.local/lib/python3.10/site-packages/airflow/example_dags/example_short_circuit_decorator.py took 0.096 seconds
[2024-09-12T06:48:40.976+0000] {processor.py:157} INFO - Started process (PID=11073) to work on /home/vscode/.local/lib/python3.10/site-packages/airflow/example_dags/example_short_circuit_decorator.py
[2024-09-12T06:48:40.976+0000] {processor.py:826} INFO - Processing file /home/vscode/.local/lib/python3.10/site-packages/airflow/example_dags/example_short_circuit_decorator.py for tasks to queue
[2024-09-12T06:48:40.977+0000] {logging_mixin.py:150} INFO - [2024-09-12T06:48:40.977+0000] {dagbag.py:541} INFO - Filling up the DagBag from /home/vscode/.local/lib/python3.10/site-packages/airflow/example_dags/example_short_circuit_decorator.py
[2024-09-12T06:48:40.984+0000] {processor.py:836} INFO - DAG(s) dict_keys(['example_short_circuit_decorator']) retrieved from /home/vscode/.local/lib/python3.10/site-packages/airflow/example_dags/example_short_circuit_decorator.py
[2024-09-12T06:48:40.997+0000] {logging_mixin.py:150} INFO - [2024-09-12T06:48:40.997+0000] {dag.py:2742} INFO - Sync 1 DAGs
[2024-09-12T06:48:41.011+0000] {logging_mixin.py:150} INFO - [2024-09-12T06:48:41.011+0000] {dag.py:3504} INFO - Setting next_dagrun for example_short_circuit_decorator to 2024-09-11T06:48:41.011330+00:00, run_after=2024-09-12T06:48:41.011330+00:00
[2024-09-12T06:48:41.044+0000] {processor.py:179} INFO - Processing /home/vscode/.local/lib/python3.10/site-packages/airflow/example_dags/example_short_circuit_decorator.py took 0.070 seconds
[2024-09-12T06:49:24.016+0000] {processor.py:157} INFO - Started process (PID=11368) to work on /home/vscode/.local/lib/python3.10/site-packages/airflow/example_dags/example_short_circuit_decorator.py
[2024-09-12T06:49:24.017+0000] {processor.py:826} INFO - Processing file /home/vscode/.local/lib/python3.10/site-packages/airflow/example_dags/example_short_circuit_decorator.py for tasks to queue
[2024-09-12T06:49:24.017+0000] {logging_mixin.py:150} INFO - [2024-09-12T06:49:24.017+0000] {dagbag.py:541} INFO - Filling up the DagBag from /home/vscode/.local/lib/python3.10/site-packages/airflow/example_dags/example_short_circuit_decorator.py
[2024-09-12T06:49:24.024+0000] {processor.py:836} INFO - DAG(s) dict_keys(['example_short_circuit_decorator']) retrieved from /home/vscode/.local/lib/python3.10/site-packages/airflow/example_dags/example_short_circuit_decorator.py
[2024-09-12T06:49:24.037+0000] {logging_mixin.py:150} INFO - [2024-09-12T06:49:24.037+0000] {dag.py:2742} INFO - Sync 1 DAGs
[2024-09-12T06:49:24.051+0000] {logging_mixin.py:150} INFO - [2024-09-12T06:49:24.051+0000] {dag.py:3504} INFO - Setting next_dagrun for example_short_circuit_decorator to 2024-09-11T06:49:24.050931+00:00, run_after=2024-09-12T06:49:24.050931+00:00
[2024-09-12T06:49:24.088+0000] {processor.py:179} INFO - Processing /home/vscode/.local/lib/python3.10/site-packages/airflow/example_dags/example_short_circuit_decorator.py took 0.074 seconds
[2024-09-12T06:50:05.943+0000] {processor.py:157} INFO - Started process (PID=11659) to work on /home/vscode/.local/lib/python3.10/site-packages/airflow/example_dags/example_short_circuit_decorator.py
[2024-09-12T06:50:05.944+0000] {processor.py:826} INFO - Processing file /home/vscode/.local/lib/python3.10/site-packages/airflow/example_dags/example_short_circuit_decorator.py for tasks to queue
[2024-09-12T06:50:05.944+0000] {logging_mixin.py:150} INFO - [2024-09-12T06:50:05.944+0000] {dagbag.py:541} INFO - Filling up the DagBag from /home/vscode/.local/lib/python3.10/site-packages/airflow/example_dags/example_short_circuit_decorator.py
[2024-09-12T06:50:05.951+0000] {processor.py:836} INFO - DAG(s) dict_keys(['example_short_circuit_decorator']) retrieved from /home/vscode/.local/lib/python3.10/site-packages/airflow/example_dags/example_short_circuit_decorator.py
[2024-09-12T06:50:05.963+0000] {logging_mixin.py:150} INFO - [2024-09-12T06:50:05.963+0000] {dag.py:2742} INFO - Sync 1 DAGs
[2024-09-12T06:50:05.980+0000] {logging_mixin.py:150} INFO - [2024-09-12T06:50:05.980+0000] {dag.py:3504} INFO - Setting next_dagrun for example_short_circuit_decorator to 2024-09-11T06:50:05.980549+00:00, run_after=2024-09-12T06:50:05.980549+00:00
[2024-09-12T06:50:06.034+0000] {processor.py:179} INFO - Processing /home/vscode/.local/lib/python3.10/site-packages/airflow/example_dags/example_short_circuit_decorator.py took 0.093 seconds
[2024-09-12T06:50:49.428+0000] {processor.py:157} INFO - Started process (PID=11947) to work on /home/vscode/.local/lib/python3.10/site-packages/airflow/example_dags/example_short_circuit_decorator.py
[2024-09-12T06:50:49.428+0000] {processor.py:826} INFO - Processing file /home/vscode/.local/lib/python3.10/site-packages/airflow/example_dags/example_short_circuit_decorator.py for tasks to queue
[2024-09-12T06:50:49.429+0000] {logging_mixin.py:150} INFO - [2024-09-12T06:50:49.429+0000] {dagbag.py:541} INFO - Filling up the DagBag from /home/vscode/.local/lib/python3.10/site-packages/airflow/example_dags/example_short_circuit_decorator.py
[2024-09-12T06:50:49.436+0000] {processor.py:836} INFO - DAG(s) dict_keys(['example_short_circuit_decorator']) retrieved from /home/vscode/.local/lib/python3.10/site-packages/airflow/example_dags/example_short_circuit_decorator.py
[2024-09-12T06:50:49.449+0000] {logging_mixin.py:150} INFO - [2024-09-12T06:50:49.449+0000] {dag.py:2742} INFO - Sync 1 DAGs
[2024-09-12T06:50:49.462+0000] {logging_mixin.py:150} INFO - [2024-09-12T06:50:49.462+0000] {dag.py:3504} INFO - Setting next_dagrun for example_short_circuit_decorator to 2024-09-11T06:50:49.462373+00:00, run_after=2024-09-12T06:50:49.462373+00:00
[2024-09-12T06:50:49.497+0000] {processor.py:179} INFO - Processing /home/vscode/.local/lib/python3.10/site-packages/airflow/example_dags/example_short_circuit_decorator.py took 0.071 seconds
[2024-09-12T06:51:36.097+0000] {processor.py:157} INFO - Started process (PID=12261) to work on /home/vscode/.local/lib/python3.10/site-packages/airflow/example_dags/example_short_circuit_decorator.py
[2024-09-12T06:51:36.097+0000] {processor.py:826} INFO - Processing file /home/vscode/.local/lib/python3.10/site-packages/airflow/example_dags/example_short_circuit_decorator.py for tasks to queue
[2024-09-12T06:51:36.098+0000] {logging_mixin.py:150} INFO - [2024-09-12T06:51:36.098+0000] {dagbag.py:541} INFO - Filling up the DagBag from /home/vscode/.local/lib/python3.10/site-packages/airflow/example_dags/example_short_circuit_decorator.py
[2024-09-12T06:51:36.105+0000] {processor.py:836} INFO - DAG(s) dict_keys(['example_short_circuit_decorator']) retrieved from /home/vscode/.local/lib/python3.10/site-packages/airflow/example_dags/example_short_circuit_decorator.py
[2024-09-12T06:51:36.117+0000] {logging_mixin.py:150} INFO - [2024-09-12T06:51:36.117+0000] {dag.py:2742} INFO - Sync 1 DAGs
[2024-09-12T06:51:36.131+0000] {logging_mixin.py:150} INFO - [2024-09-12T06:51:36.131+0000] {dag.py:3504} INFO - Setting next_dagrun for example_short_circuit_decorator to 2024-09-11T06:51:36.131575+00:00, run_after=2024-09-12T06:51:36.131575+00:00
[2024-09-12T06:51:36.161+0000] {processor.py:179} INFO - Processing /home/vscode/.local/lib/python3.10/site-packages/airflow/example_dags/example_short_circuit_decorator.py took 0.067 seconds
[2024-09-12T06:52:23.312+0000] {processor.py:157} INFO - Started process (PID=12572) to work on /home/vscode/.local/lib/python3.10/site-packages/airflow/example_dags/example_short_circuit_decorator.py
[2024-09-12T06:52:23.313+0000] {processor.py:826} INFO - Processing file /home/vscode/.local/lib/python3.10/site-packages/airflow/example_dags/example_short_circuit_decorator.py for tasks to queue
[2024-09-12T06:52:23.313+0000] {logging_mixin.py:150} INFO - [2024-09-12T06:52:23.313+0000] {dagbag.py:541} INFO - Filling up the DagBag from /home/vscode/.local/lib/python3.10/site-packages/airflow/example_dags/example_short_circuit_decorator.py
[2024-09-12T06:52:23.320+0000] {processor.py:836} INFO - DAG(s) dict_keys(['example_short_circuit_decorator']) retrieved from /home/vscode/.local/lib/python3.10/site-packages/airflow/example_dags/example_short_circuit_decorator.py
[2024-09-12T06:52:23.332+0000] {logging_mixin.py:150} INFO - [2024-09-12T06:52:23.332+0000] {dag.py:2742} INFO - Sync 1 DAGs
[2024-09-12T06:52:23.346+0000] {logging_mixin.py:150} INFO - [2024-09-12T06:52:23.346+0000] {dag.py:3504} INFO - Setting next_dagrun for example_short_circuit_decorator to 2024-09-11T06:52:23.346078+00:00, run_after=2024-09-12T06:52:23.346078+00:00
[2024-09-12T06:52:23.380+0000] {processor.py:179} INFO - Processing /home/vscode/.local/lib/python3.10/site-packages/airflow/example_dags/example_short_circuit_decorator.py took 0.070 seconds
[2024-09-12T06:53:09.561+0000] {processor.py:157} INFO - Started process (PID=12883) to work on /home/vscode/.local/lib/python3.10/site-packages/airflow/example_dags/example_short_circuit_decorator.py
[2024-09-12T06:53:09.561+0000] {processor.py:826} INFO - Processing file /home/vscode/.local/lib/python3.10/site-packages/airflow/example_dags/example_short_circuit_decorator.py for tasks to queue
[2024-09-12T06:53:09.562+0000] {logging_mixin.py:150} INFO - [2024-09-12T06:53:09.562+0000] {dagbag.py:541} INFO - Filling up the DagBag from /home/vscode/.local/lib/python3.10/site-packages/airflow/example_dags/example_short_circuit_decorator.py
[2024-09-12T06:53:09.569+0000] {processor.py:836} INFO - DAG(s) dict_keys(['example_short_circuit_decorator']) retrieved from /home/vscode/.local/lib/python3.10/site-packages/airflow/example_dags/example_short_circuit_decorator.py
[2024-09-12T06:53:09.583+0000] {logging_mixin.py:150} INFO - [2024-09-12T06:53:09.582+0000] {dag.py:2742} INFO - Sync 1 DAGs
[2024-09-12T06:53:09.598+0000] {logging_mixin.py:150} INFO - [2024-09-12T06:53:09.597+0000] {dag.py:3504} INFO - Setting next_dagrun for example_short_circuit_decorator to 2024-09-11T06:53:09.597679+00:00, run_after=2024-09-12T06:53:09.597679+00:00
[2024-09-12T06:53:09.641+0000] {processor.py:179} INFO - Processing /home/vscode/.local/lib/python3.10/site-packages/airflow/example_dags/example_short_circuit_decorator.py took 0.082 seconds
[2024-09-12T06:53:54.241+0000] {processor.py:157} INFO - Started process (PID=13187) to work on /home/vscode/.local/lib/python3.10/site-packages/airflow/example_dags/example_short_circuit_decorator.py
[2024-09-12T06:53:54.241+0000] {processor.py:826} INFO - Processing file /home/vscode/.local/lib/python3.10/site-packages/airflow/example_dags/example_short_circuit_decorator.py for tasks to queue
[2024-09-12T06:53:54.242+0000] {logging_mixin.py:150} INFO - [2024-09-12T06:53:54.242+0000] {dagbag.py:541} INFO - Filling up the DagBag from /home/vscode/.local/lib/python3.10/site-packages/airflow/example_dags/example_short_circuit_decorator.py
[2024-09-12T06:53:54.249+0000] {processor.py:836} INFO - DAG(s) dict_keys(['example_short_circuit_decorator']) retrieved from /home/vscode/.local/lib/python3.10/site-packages/airflow/example_dags/example_short_circuit_decorator.py
[2024-09-12T06:53:54.263+0000] {logging_mixin.py:150} INFO - [2024-09-12T06:53:54.263+0000] {dag.py:2742} INFO - Sync 1 DAGs
[2024-09-12T06:53:54.280+0000] {logging_mixin.py:150} INFO - [2024-09-12T06:53:54.280+0000] {dag.py:3504} INFO - Setting next_dagrun for example_short_circuit_decorator to 2024-09-11T06:53:54.280561+00:00, run_after=2024-09-12T06:53:54.280561+00:00
[2024-09-12T06:53:54.309+0000] {processor.py:179} INFO - Processing /home/vscode/.local/lib/python3.10/site-packages/airflow/example_dags/example_short_circuit_decorator.py took 0.070 seconds
[2024-09-12T06:54:38.556+0000] {processor.py:157} INFO - Started process (PID=13486) to work on /home/vscode/.local/lib/python3.10/site-packages/airflow/example_dags/example_short_circuit_decorator.py
[2024-09-12T06:54:38.556+0000] {processor.py:826} INFO - Processing file /home/vscode/.local/lib/python3.10/site-packages/airflow/example_dags/example_short_circuit_decorator.py for tasks to queue
[2024-09-12T06:54:38.557+0000] {logging_mixin.py:150} INFO - [2024-09-12T06:54:38.557+0000] {dagbag.py:541} INFO - Filling up the DagBag from /home/vscode/.local/lib/python3.10/site-packages/airflow/example_dags/example_short_circuit_decorator.py
[2024-09-12T06:54:38.564+0000] {processor.py:836} INFO - DAG(s) dict_keys(['example_short_circuit_decorator']) retrieved from /home/vscode/.local/lib/python3.10/site-packages/airflow/example_dags/example_short_circuit_decorator.py
[2024-09-12T06:54:38.576+0000] {logging_mixin.py:150} INFO - [2024-09-12T06:54:38.576+0000] {dag.py:2742} INFO - Sync 1 DAGs
[2024-09-12T06:54:38.591+0000] {logging_mixin.py:150} INFO - [2024-09-12T06:54:38.591+0000] {dag.py:3504} INFO - Setting next_dagrun for example_short_circuit_decorator to 2024-09-11T06:54:38.591089+00:00, run_after=2024-09-12T06:54:38.591089+00:00
[2024-09-12T06:54:38.627+0000] {processor.py:179} INFO - Processing /home/vscode/.local/lib/python3.10/site-packages/airflow/example_dags/example_short_circuit_decorator.py took 0.073 seconds
[2024-09-12T06:55:26.018+0000] {processor.py:157} INFO - Started process (PID=13813) to work on /home/vscode/.local/lib/python3.10/site-packages/airflow/example_dags/example_short_circuit_decorator.py
[2024-09-12T06:55:26.019+0000] {processor.py:826} INFO - Processing file /home/vscode/.local/lib/python3.10/site-packages/airflow/example_dags/example_short_circuit_decorator.py for tasks to queue
[2024-09-12T06:55:26.019+0000] {logging_mixin.py:150} INFO - [2024-09-12T06:55:26.019+0000] {dagbag.py:541} INFO - Filling up the DagBag from /home/vscode/.local/lib/python3.10/site-packages/airflow/example_dags/example_short_circuit_decorator.py
[2024-09-12T06:55:26.026+0000] {processor.py:836} INFO - DAG(s) dict_keys(['example_short_circuit_decorator']) retrieved from /home/vscode/.local/lib/python3.10/site-packages/airflow/example_dags/example_short_circuit_decorator.py
[2024-09-12T06:55:26.039+0000] {logging_mixin.py:150} INFO - [2024-09-12T06:55:26.038+0000] {dag.py:2742} INFO - Sync 1 DAGs
[2024-09-12T06:55:26.073+0000] {logging_mixin.py:150} INFO - [2024-09-12T06:55:26.072+0000] {dag.py:3504} INFO - Setting next_dagrun for example_short_circuit_decorator to 2024-09-11T06:55:26.072715+00:00, run_after=2024-09-12T06:55:26.072715+00:00
[2024-09-12T06:55:26.124+0000] {processor.py:179} INFO - Processing /home/vscode/.local/lib/python3.10/site-packages/airflow/example_dags/example_short_circuit_decorator.py took 0.108 seconds
[2024-09-12T06:56:11.626+0000] {processor.py:157} INFO - Started process (PID=14109) to work on /home/vscode/.local/lib/python3.10/site-packages/airflow/example_dags/example_short_circuit_decorator.py
[2024-09-12T06:56:11.626+0000] {processor.py:826} INFO - Processing file /home/vscode/.local/lib/python3.10/site-packages/airflow/example_dags/example_short_circuit_decorator.py for tasks to queue
[2024-09-12T06:56:11.627+0000] {logging_mixin.py:150} INFO - [2024-09-12T06:56:11.627+0000] {dagbag.py:541} INFO - Filling up the DagBag from /home/vscode/.local/lib/python3.10/site-packages/airflow/example_dags/example_short_circuit_decorator.py
[2024-09-12T06:56:11.634+0000] {processor.py:836} INFO - DAG(s) dict_keys(['example_short_circuit_decorator']) retrieved from /home/vscode/.local/lib/python3.10/site-packages/airflow/example_dags/example_short_circuit_decorator.py
[2024-09-12T06:56:11.647+0000] {logging_mixin.py:150} INFO - [2024-09-12T06:56:11.647+0000] {dag.py:2742} INFO - Sync 1 DAGs
[2024-09-12T06:56:11.661+0000] {logging_mixin.py:150} INFO - [2024-09-12T06:56:11.661+0000] {dag.py:3504} INFO - Setting next_dagrun for example_short_circuit_decorator to 2024-09-11T06:56:11.661166+00:00, run_after=2024-09-12T06:56:11.661166+00:00
[2024-09-12T06:56:11.701+0000] {processor.py:179} INFO - Processing /home/vscode/.local/lib/python3.10/site-packages/airflow/example_dags/example_short_circuit_decorator.py took 0.078 seconds
[2024-09-12T06:57:00.628+0000] {processor.py:157} INFO - Started process (PID=14437) to work on /home/vscode/.local/lib/python3.10/site-packages/airflow/example_dags/example_short_circuit_decorator.py
[2024-09-12T06:57:00.629+0000] {processor.py:826} INFO - Processing file /home/vscode/.local/lib/python3.10/site-packages/airflow/example_dags/example_short_circuit_decorator.py for tasks to queue
[2024-09-12T06:57:00.629+0000] {logging_mixin.py:150} INFO - [2024-09-12T06:57:00.629+0000] {dagbag.py:541} INFO - Filling up the DagBag from /home/vscode/.local/lib/python3.10/site-packages/airflow/example_dags/example_short_circuit_decorator.py
[2024-09-12T06:57:00.636+0000] {processor.py:836} INFO - DAG(s) dict_keys(['example_short_circuit_decorator']) retrieved from /home/vscode/.local/lib/python3.10/site-packages/airflow/example_dags/example_short_circuit_decorator.py
[2024-09-12T06:57:00.649+0000] {logging_mixin.py:150} INFO - [2024-09-12T06:57:00.648+0000] {dag.py:2742} INFO - Sync 1 DAGs
[2024-09-12T06:57:00.663+0000] {logging_mixin.py:150} INFO - [2024-09-12T06:57:00.663+0000] {dag.py:3504} INFO - Setting next_dagrun for example_short_circuit_decorator to 2024-09-11T06:57:00.663363+00:00, run_after=2024-09-12T06:57:00.663363+00:00
[2024-09-12T06:57:00.718+0000] {processor.py:179} INFO - Processing /home/vscode/.local/lib/python3.10/site-packages/airflow/example_dags/example_short_circuit_decorator.py took 0.092 seconds
[2024-09-12T06:57:44.804+0000] {processor.py:157} INFO - Started process (PID=14734) to work on /home/vscode/.local/lib/python3.10/site-packages/airflow/example_dags/example_short_circuit_decorator.py
[2024-09-12T06:57:44.805+0000] {processor.py:826} INFO - Processing file /home/vscode/.local/lib/python3.10/site-packages/airflow/example_dags/example_short_circuit_decorator.py for tasks to queue
[2024-09-12T06:57:44.806+0000] {logging_mixin.py:150} INFO - [2024-09-12T06:57:44.805+0000] {dagbag.py:541} INFO - Filling up the DagBag from /home/vscode/.local/lib/python3.10/site-packages/airflow/example_dags/example_short_circuit_decorator.py
[2024-09-12T06:57:44.812+0000] {processor.py:836} INFO - DAG(s) dict_keys(['example_short_circuit_decorator']) retrieved from /home/vscode/.local/lib/python3.10/site-packages/airflow/example_dags/example_short_circuit_decorator.py
[2024-09-12T06:57:44.825+0000] {logging_mixin.py:150} INFO - [2024-09-12T06:57:44.825+0000] {dag.py:2742} INFO - Sync 1 DAGs
[2024-09-12T06:57:44.839+0000] {logging_mixin.py:150} INFO - [2024-09-12T06:57:44.838+0000] {dag.py:3504} INFO - Setting next_dagrun for example_short_circuit_decorator to 2024-09-11T06:57:44.838765+00:00, run_after=2024-09-12T06:57:44.838765+00:00
[2024-09-12T06:57:44.869+0000] {processor.py:179} INFO - Processing /home/vscode/.local/lib/python3.10/site-packages/airflow/example_dags/example_short_circuit_decorator.py took 0.066 seconds
[2024-09-12T06:58:28.003+0000] {processor.py:157} INFO - Started process (PID=15029) to work on /home/vscode/.local/lib/python3.10/site-packages/airflow/example_dags/example_short_circuit_decorator.py
[2024-09-12T06:58:28.004+0000] {processor.py:826} INFO - Processing file /home/vscode/.local/lib/python3.10/site-packages/airflow/example_dags/example_short_circuit_decorator.py for tasks to queue
[2024-09-12T06:58:28.004+0000] {logging_mixin.py:150} INFO - [2024-09-12T06:58:28.004+0000] {dagbag.py:541} INFO - Filling up the DagBag from /home/vscode/.local/lib/python3.10/site-packages/airflow/example_dags/example_short_circuit_decorator.py
[2024-09-12T06:58:28.011+0000] {processor.py:836} INFO - DAG(s) dict_keys(['example_short_circuit_decorator']) retrieved from /home/vscode/.local/lib/python3.10/site-packages/airflow/example_dags/example_short_circuit_decorator.py
[2024-09-12T06:58:28.024+0000] {logging_mixin.py:150} INFO - [2024-09-12T06:58:28.024+0000] {dag.py:2742} INFO - Sync 1 DAGs
[2024-09-12T06:58:28.037+0000] {logging_mixin.py:150} INFO - [2024-09-12T06:58:28.037+0000] {dag.py:3504} INFO - Setting next_dagrun for example_short_circuit_decorator to 2024-09-11T06:58:28.037573+00:00, run_after=2024-09-12T06:58:28.037573+00:00
[2024-09-12T06:58:28.076+0000] {processor.py:179} INFO - Processing /home/vscode/.local/lib/python3.10/site-packages/airflow/example_dags/example_short_circuit_decorator.py took 0.075 seconds
[2024-09-12T06:59:10.716+0000] {processor.py:157} INFO - Started process (PID=15315) to work on /home/vscode/.local/lib/python3.10/site-packages/airflow/example_dags/example_short_circuit_decorator.py
[2024-09-12T06:59:10.716+0000] {processor.py:826} INFO - Processing file /home/vscode/.local/lib/python3.10/site-packages/airflow/example_dags/example_short_circuit_decorator.py for tasks to queue
[2024-09-12T06:59:10.717+0000] {logging_mixin.py:150} INFO - [2024-09-12T06:59:10.717+0000] {dagbag.py:541} INFO - Filling up the DagBag from /home/vscode/.local/lib/python3.10/site-packages/airflow/example_dags/example_short_circuit_decorator.py
[2024-09-12T06:59:10.724+0000] {processor.py:836} INFO - DAG(s) dict_keys(['example_short_circuit_decorator']) retrieved from /home/vscode/.local/lib/python3.10/site-packages/airflow/example_dags/example_short_circuit_decorator.py
[2024-09-12T06:59:10.737+0000] {logging_mixin.py:150} INFO - [2024-09-12T06:59:10.737+0000] {dag.py:2742} INFO - Sync 1 DAGs
[2024-09-12T06:59:10.750+0000] {logging_mixin.py:150} INFO - [2024-09-12T06:59:10.750+0000] {dag.py:3504} INFO - Setting next_dagrun for example_short_circuit_decorator to 2024-09-11T06:59:10.750451+00:00, run_after=2024-09-12T06:59:10.750451+00:00
[2024-09-12T06:59:10.797+0000] {processor.py:179} INFO - Processing /home/vscode/.local/lib/python3.10/site-packages/airflow/example_dags/example_short_circuit_decorator.py took 0.083 seconds
[2024-09-12T06:59:53.733+0000] {processor.py:157} INFO - Started process (PID=15602) to work on /home/vscode/.local/lib/python3.10/site-packages/airflow/example_dags/example_short_circuit_decorator.py
[2024-09-12T06:59:53.734+0000] {processor.py:826} INFO - Processing file /home/vscode/.local/lib/python3.10/site-packages/airflow/example_dags/example_short_circuit_decorator.py for tasks to queue
[2024-09-12T06:59:53.734+0000] {logging_mixin.py:150} INFO - [2024-09-12T06:59:53.734+0000] {dagbag.py:541} INFO - Filling up the DagBag from /home/vscode/.local/lib/python3.10/site-packages/airflow/example_dags/example_short_circuit_decorator.py
[2024-09-12T06:59:53.741+0000] {processor.py:836} INFO - DAG(s) dict_keys(['example_short_circuit_decorator']) retrieved from /home/vscode/.local/lib/python3.10/site-packages/airflow/example_dags/example_short_circuit_decorator.py
[2024-09-12T06:59:53.754+0000] {logging_mixin.py:150} INFO - [2024-09-12T06:59:53.754+0000] {dag.py:2742} INFO - Sync 1 DAGs
[2024-09-12T06:59:53.768+0000] {logging_mixin.py:150} INFO - [2024-09-12T06:59:53.768+0000] {dag.py:3504} INFO - Setting next_dagrun for example_short_circuit_decorator to 2024-09-11T06:59:53.768053+00:00, run_after=2024-09-12T06:59:53.768053+00:00
[2024-09-12T06:59:53.811+0000] {processor.py:179} INFO - Processing /home/vscode/.local/lib/python3.10/site-packages/airflow/example_dags/example_short_circuit_decorator.py took 0.080 seconds
[2024-09-12T07:00:41.174+0000] {processor.py:157} INFO - Started process (PID=15921) to work on /home/vscode/.local/lib/python3.10/site-packages/airflow/example_dags/example_short_circuit_decorator.py
[2024-09-12T07:00:41.175+0000] {processor.py:826} INFO - Processing file /home/vscode/.local/lib/python3.10/site-packages/airflow/example_dags/example_short_circuit_decorator.py for tasks to queue
[2024-09-12T07:00:41.175+0000] {logging_mixin.py:150} INFO - [2024-09-12T07:00:41.175+0000] {dagbag.py:541} INFO - Filling up the DagBag from /home/vscode/.local/lib/python3.10/site-packages/airflow/example_dags/example_short_circuit_decorator.py
[2024-09-12T07:00:41.182+0000] {processor.py:836} INFO - DAG(s) dict_keys(['example_short_circuit_decorator']) retrieved from /home/vscode/.local/lib/python3.10/site-packages/airflow/example_dags/example_short_circuit_decorator.py
[2024-09-12T07:00:41.195+0000] {logging_mixin.py:150} INFO - [2024-09-12T07:00:41.195+0000] {dag.py:2742} INFO - Sync 1 DAGs
[2024-09-12T07:00:41.209+0000] {logging_mixin.py:150} INFO - [2024-09-12T07:00:41.209+0000] {dag.py:3504} INFO - Setting next_dagrun for example_short_circuit_decorator to 2024-09-11T07:00:41.209343+00:00, run_after=2024-09-12T07:00:41.209343+00:00
[2024-09-12T07:00:41.256+0000] {processor.py:179} INFO - Processing /home/vscode/.local/lib/python3.10/site-packages/airflow/example_dags/example_short_circuit_decorator.py took 0.084 seconds
[2024-09-12T07:01:25.653+0000] {processor.py:157} INFO - Started process (PID=16221) to work on /home/vscode/.local/lib/python3.10/site-packages/airflow/example_dags/example_short_circuit_decorator.py
[2024-09-12T07:01:25.653+0000] {processor.py:826} INFO - Processing file /home/vscode/.local/lib/python3.10/site-packages/airflow/example_dags/example_short_circuit_decorator.py for tasks to queue
[2024-09-12T07:01:25.654+0000] {logging_mixin.py:150} INFO - [2024-09-12T07:01:25.654+0000] {dagbag.py:541} INFO - Filling up the DagBag from /home/vscode/.local/lib/python3.10/site-packages/airflow/example_dags/example_short_circuit_decorator.py
[2024-09-12T07:01:25.661+0000] {processor.py:836} INFO - DAG(s) dict_keys(['example_short_circuit_decorator']) retrieved from /home/vscode/.local/lib/python3.10/site-packages/airflow/example_dags/example_short_circuit_decorator.py
[2024-09-12T07:01:25.673+0000] {logging_mixin.py:150} INFO - [2024-09-12T07:01:25.673+0000] {dag.py:2742} INFO - Sync 1 DAGs
[2024-09-12T07:01:25.687+0000] {logging_mixin.py:150} INFO - [2024-09-12T07:01:25.687+0000] {dag.py:3504} INFO - Setting next_dagrun for example_short_circuit_decorator to 2024-09-11T07:01:25.687220+00:00, run_after=2024-09-12T07:01:25.687220+00:00
[2024-09-12T07:01:25.724+0000] {processor.py:179} INFO - Processing /home/vscode/.local/lib/python3.10/site-packages/airflow/example_dags/example_short_circuit_decorator.py took 0.073 seconds
[2024-09-12T07:02:14.031+0000] {processor.py:157} INFO - Started process (PID=16552) to work on /home/vscode/.local/lib/python3.10/site-packages/airflow/example_dags/example_short_circuit_decorator.py
[2024-09-12T07:02:14.032+0000] {processor.py:826} INFO - Processing file /home/vscode/.local/lib/python3.10/site-packages/airflow/example_dags/example_short_circuit_decorator.py for tasks to queue
[2024-09-12T07:02:14.032+0000] {logging_mixin.py:150} INFO - [2024-09-12T07:02:14.032+0000] {dagbag.py:541} INFO - Filling up the DagBag from /home/vscode/.local/lib/python3.10/site-packages/airflow/example_dags/example_short_circuit_decorator.py
[2024-09-12T07:02:14.039+0000] {processor.py:836} INFO - DAG(s) dict_keys(['example_short_circuit_decorator']) retrieved from /home/vscode/.local/lib/python3.10/site-packages/airflow/example_dags/example_short_circuit_decorator.py
[2024-09-12T07:02:14.051+0000] {logging_mixin.py:150} INFO - [2024-09-12T07:02:14.051+0000] {dag.py:2742} INFO - Sync 1 DAGs
[2024-09-12T07:02:14.065+0000] {logging_mixin.py:150} INFO - [2024-09-12T07:02:14.065+0000] {dag.py:3504} INFO - Setting next_dagrun for example_short_circuit_decorator to 2024-09-11T07:02:14.064852+00:00, run_after=2024-09-12T07:02:14.064852+00:00
[2024-09-12T07:02:14.100+0000] {processor.py:179} INFO - Processing /home/vscode/.local/lib/python3.10/site-packages/airflow/example_dags/example_short_circuit_decorator.py took 0.071 seconds
[2024-09-12T07:02:56.704+0000] {processor.py:157} INFO - Started process (PID=16837) to work on /home/vscode/.local/lib/python3.10/site-packages/airflow/example_dags/example_short_circuit_decorator.py
[2024-09-12T07:02:56.704+0000] {processor.py:826} INFO - Processing file /home/vscode/.local/lib/python3.10/site-packages/airflow/example_dags/example_short_circuit_decorator.py for tasks to queue
[2024-09-12T07:02:56.705+0000] {logging_mixin.py:150} INFO - [2024-09-12T07:02:56.705+0000] {dagbag.py:541} INFO - Filling up the DagBag from /home/vscode/.local/lib/python3.10/site-packages/airflow/example_dags/example_short_circuit_decorator.py
[2024-09-12T07:02:56.712+0000] {processor.py:836} INFO - DAG(s) dict_keys(['example_short_circuit_decorator']) retrieved from /home/vscode/.local/lib/python3.10/site-packages/airflow/example_dags/example_short_circuit_decorator.py
[2024-09-12T07:02:56.724+0000] {logging_mixin.py:150} INFO - [2024-09-12T07:02:56.724+0000] {dag.py:2742} INFO - Sync 1 DAGs
[2024-09-12T07:02:56.738+0000] {logging_mixin.py:150} INFO - [2024-09-12T07:02:56.738+0000] {dag.py:3504} INFO - Setting next_dagrun for example_short_circuit_decorator to 2024-09-11T07:02:56.738284+00:00, run_after=2024-09-12T07:02:56.738284+00:00
[2024-09-12T07:02:56.787+0000] {processor.py:179} INFO - Processing /home/vscode/.local/lib/python3.10/site-packages/airflow/example_dags/example_short_circuit_decorator.py took 0.085 seconds
[2024-09-12T07:03:46.051+0000] {processor.py:157} INFO - Started process (PID=17202) to work on /home/vscode/.local/lib/python3.10/site-packages/airflow/example_dags/example_short_circuit_decorator.py
[2024-09-12T07:03:46.051+0000] {processor.py:826} INFO - Processing file /home/vscode/.local/lib/python3.10/site-packages/airflow/example_dags/example_short_circuit_decorator.py for tasks to queue
[2024-09-12T07:03:46.052+0000] {logging_mixin.py:150} INFO - [2024-09-12T07:03:46.052+0000] {dagbag.py:541} INFO - Filling up the DagBag from /home/vscode/.local/lib/python3.10/site-packages/airflow/example_dags/example_short_circuit_decorator.py
[2024-09-12T07:03:46.059+0000] {processor.py:836} INFO - DAG(s) dict_keys(['example_short_circuit_decorator']) retrieved from /home/vscode/.local/lib/python3.10/site-packages/airflow/example_dags/example_short_circuit_decorator.py
[2024-09-12T07:03:46.071+0000] {logging_mixin.py:150} INFO - [2024-09-12T07:03:46.071+0000] {dag.py:2742} INFO - Sync 1 DAGs
[2024-09-12T07:03:46.085+0000] {logging_mixin.py:150} INFO - [2024-09-12T07:03:46.085+0000] {dag.py:3504} INFO - Setting next_dagrun for example_short_circuit_decorator to 2024-09-11T07:03:46.085081+00:00, run_after=2024-09-12T07:03:46.085081+00:00
[2024-09-12T07:03:46.120+0000] {processor.py:179} INFO - Processing /home/vscode/.local/lib/python3.10/site-packages/airflow/example_dags/example_short_circuit_decorator.py took 0.072 seconds
[2024-09-12T07:04:34.870+0000] {processor.py:157} INFO - Started process (PID=17584) to work on /home/vscode/.local/lib/python3.10/site-packages/airflow/example_dags/example_short_circuit_decorator.py
[2024-09-12T07:04:34.871+0000] {processor.py:826} INFO - Processing file /home/vscode/.local/lib/python3.10/site-packages/airflow/example_dags/example_short_circuit_decorator.py for tasks to queue
[2024-09-12T07:04:34.871+0000] {logging_mixin.py:150} INFO - [2024-09-12T07:04:34.871+0000] {dagbag.py:541} INFO - Filling up the DagBag from /home/vscode/.local/lib/python3.10/site-packages/airflow/example_dags/example_short_circuit_decorator.py
[2024-09-12T07:04:34.878+0000] {processor.py:836} INFO - DAG(s) dict_keys(['example_short_circuit_decorator']) retrieved from /home/vscode/.local/lib/python3.10/site-packages/airflow/example_dags/example_short_circuit_decorator.py
[2024-09-12T07:04:34.891+0000] {logging_mixin.py:150} INFO - [2024-09-12T07:04:34.891+0000] {dag.py:2742} INFO - Sync 1 DAGs
[2024-09-12T07:04:34.905+0000] {logging_mixin.py:150} INFO - [2024-09-12T07:04:34.905+0000] {dag.py:3504} INFO - Setting next_dagrun for example_short_circuit_decorator to 2024-09-11T07:04:34.905026+00:00, run_after=2024-09-12T07:04:34.905026+00:00
[2024-09-12T07:04:34.940+0000] {processor.py:179} INFO - Processing /home/vscode/.local/lib/python3.10/site-packages/airflow/example_dags/example_short_circuit_decorator.py took 0.072 seconds
[2024-09-12T07:05:18.959+0000] {processor.py:157} INFO - Started process (PID=17969) to work on /home/vscode/.local/lib/python3.10/site-packages/airflow/example_dags/example_short_circuit_decorator.py
[2024-09-12T07:05:18.959+0000] {processor.py:826} INFO - Processing file /home/vscode/.local/lib/python3.10/site-packages/airflow/example_dags/example_short_circuit_decorator.py for tasks to queue
[2024-09-12T07:05:18.960+0000] {logging_mixin.py:150} INFO - [2024-09-12T07:05:18.960+0000] {dagbag.py:541} INFO - Filling up the DagBag from /home/vscode/.local/lib/python3.10/site-packages/airflow/example_dags/example_short_circuit_decorator.py
[2024-09-12T07:05:18.967+0000] {processor.py:836} INFO - DAG(s) dict_keys(['example_short_circuit_decorator']) retrieved from /home/vscode/.local/lib/python3.10/site-packages/airflow/example_dags/example_short_circuit_decorator.py
[2024-09-12T07:05:18.979+0000] {logging_mixin.py:150} INFO - [2024-09-12T07:05:18.979+0000] {dag.py:2742} INFO - Sync 1 DAGs
[2024-09-12T07:05:18.993+0000] {logging_mixin.py:150} INFO - [2024-09-12T07:05:18.993+0000] {dag.py:3504} INFO - Setting next_dagrun for example_short_circuit_decorator to 2024-09-11T07:05:18.993440+00:00, run_after=2024-09-12T07:05:18.993440+00:00
[2024-09-12T07:05:19.041+0000] {processor.py:179} INFO - Processing /home/vscode/.local/lib/python3.10/site-packages/airflow/example_dags/example_short_circuit_decorator.py took 0.085 seconds
[2024-09-12T07:06:03.439+0000] {processor.py:157} INFO - Started process (PID=18325) to work on /home/vscode/.local/lib/python3.10/site-packages/airflow/example_dags/example_short_circuit_decorator.py
[2024-09-12T07:06:03.439+0000] {processor.py:826} INFO - Processing file /home/vscode/.local/lib/python3.10/site-packages/airflow/example_dags/example_short_circuit_decorator.py for tasks to queue
[2024-09-12T07:06:03.440+0000] {logging_mixin.py:150} INFO - [2024-09-12T07:06:03.440+0000] {dagbag.py:541} INFO - Filling up the DagBag from /home/vscode/.local/lib/python3.10/site-packages/airflow/example_dags/example_short_circuit_decorator.py
[2024-09-12T07:06:03.446+0000] {processor.py:836} INFO - DAG(s) dict_keys(['example_short_circuit_decorator']) retrieved from /home/vscode/.local/lib/python3.10/site-packages/airflow/example_dags/example_short_circuit_decorator.py
[2024-09-12T07:06:03.459+0000] {logging_mixin.py:150} INFO - [2024-09-12T07:06:03.459+0000] {dag.py:2742} INFO - Sync 1 DAGs
[2024-09-12T07:06:03.473+0000] {logging_mixin.py:150} INFO - [2024-09-12T07:06:03.473+0000] {dag.py:3504} INFO - Setting next_dagrun for example_short_circuit_decorator to 2024-09-11T07:06:03.473139+00:00, run_after=2024-09-12T07:06:03.473139+00:00
[2024-09-12T07:06:03.533+0000] {processor.py:179} INFO - Processing /home/vscode/.local/lib/python3.10/site-packages/airflow/example_dags/example_short_circuit_decorator.py took 0.097 seconds
[2024-09-12T07:06:49.417+0000] {processor.py:157} INFO - Started process (PID=18669) to work on /home/vscode/.local/lib/python3.10/site-packages/airflow/example_dags/example_short_circuit_decorator.py
[2024-09-12T07:06:49.419+0000] {processor.py:826} INFO - Processing file /home/vscode/.local/lib/python3.10/site-packages/airflow/example_dags/example_short_circuit_decorator.py for tasks to queue
[2024-09-12T07:06:49.420+0000] {logging_mixin.py:150} INFO - [2024-09-12T07:06:49.419+0000] {dagbag.py:541} INFO - Filling up the DagBag from /home/vscode/.local/lib/python3.10/site-packages/airflow/example_dags/example_short_circuit_decorator.py
[2024-09-12T07:06:49.428+0000] {processor.py:836} INFO - DAG(s) dict_keys(['example_short_circuit_decorator']) retrieved from /home/vscode/.local/lib/python3.10/site-packages/airflow/example_dags/example_short_circuit_decorator.py
[2024-09-12T07:06:49.441+0000] {logging_mixin.py:150} INFO - [2024-09-12T07:06:49.441+0000] {dag.py:2742} INFO - Sync 1 DAGs
[2024-09-12T07:06:49.458+0000] {logging_mixin.py:150} INFO - [2024-09-12T07:06:49.458+0000] {dag.py:3504} INFO - Setting next_dagrun for example_short_circuit_decorator to 2024-09-11T07:06:49.457827+00:00, run_after=2024-09-12T07:06:49.457827+00:00
[2024-09-12T07:06:49.496+0000] {processor.py:179} INFO - Processing /home/vscode/.local/lib/python3.10/site-packages/airflow/example_dags/example_short_circuit_decorator.py took 0.082 seconds
[2024-09-12T07:07:34.251+0000] {processor.py:157} INFO - Started process (PID=18980) to work on /home/vscode/.local/lib/python3.10/site-packages/airflow/example_dags/example_short_circuit_decorator.py
[2024-09-12T07:07:34.252+0000] {processor.py:826} INFO - Processing file /home/vscode/.local/lib/python3.10/site-packages/airflow/example_dags/example_short_circuit_decorator.py for tasks to queue
[2024-09-12T07:07:34.253+0000] {logging_mixin.py:150} INFO - [2024-09-12T07:07:34.253+0000] {dagbag.py:541} INFO - Filling up the DagBag from /home/vscode/.local/lib/python3.10/site-packages/airflow/example_dags/example_short_circuit_decorator.py
[2024-09-12T07:07:34.260+0000] {processor.py:836} INFO - DAG(s) dict_keys(['example_short_circuit_decorator']) retrieved from /home/vscode/.local/lib/python3.10/site-packages/airflow/example_dags/example_short_circuit_decorator.py
[2024-09-12T07:07:34.273+0000] {logging_mixin.py:150} INFO - [2024-09-12T07:07:34.273+0000] {dag.py:2742} INFO - Sync 1 DAGs
[2024-09-12T07:07:34.286+0000] {logging_mixin.py:150} INFO - [2024-09-12T07:07:34.286+0000] {dag.py:3504} INFO - Setting next_dagrun for example_short_circuit_decorator to 2024-09-11T07:07:34.286710+00:00, run_after=2024-09-12T07:07:34.286710+00:00
[2024-09-12T07:07:34.332+0000] {processor.py:179} INFO - Processing /home/vscode/.local/lib/python3.10/site-packages/airflow/example_dags/example_short_circuit_decorator.py took 0.084 seconds
[2024-09-12T07:08:18.543+0000] {processor.py:157} INFO - Started process (PID=19304) to work on /home/vscode/.local/lib/python3.10/site-packages/airflow/example_dags/example_short_circuit_decorator.py
[2024-09-12T07:08:18.544+0000] {processor.py:826} INFO - Processing file /home/vscode/.local/lib/python3.10/site-packages/airflow/example_dags/example_short_circuit_decorator.py for tasks to queue
[2024-09-12T07:08:18.544+0000] {logging_mixin.py:150} INFO - [2024-09-12T07:08:18.544+0000] {dagbag.py:541} INFO - Filling up the DagBag from /home/vscode/.local/lib/python3.10/site-packages/airflow/example_dags/example_short_circuit_decorator.py
[2024-09-12T07:08:18.553+0000] {processor.py:836} INFO - DAG(s) dict_keys(['example_short_circuit_decorator']) retrieved from /home/vscode/.local/lib/python3.10/site-packages/airflow/example_dags/example_short_circuit_decorator.py
[2024-09-12T07:08:18.567+0000] {logging_mixin.py:150} INFO - [2024-09-12T07:08:18.567+0000] {dag.py:2742} INFO - Sync 1 DAGs
[2024-09-12T07:08:18.582+0000] {logging_mixin.py:150} INFO - [2024-09-12T07:08:18.582+0000] {dag.py:3504} INFO - Setting next_dagrun for example_short_circuit_decorator to 2024-09-11T07:08:18.582440+00:00, run_after=2024-09-12T07:08:18.582440+00:00
[2024-09-12T07:08:18.615+0000] {processor.py:179} INFO - Processing /home/vscode/.local/lib/python3.10/site-packages/airflow/example_dags/example_short_circuit_decorator.py took 0.074 seconds
[2024-09-12T07:09:04.046+0000] {processor.py:157} INFO - Started process (PID=19698) to work on /home/vscode/.local/lib/python3.10/site-packages/airflow/example_dags/example_short_circuit_decorator.py
[2024-09-12T07:09:04.047+0000] {processor.py:826} INFO - Processing file /home/vscode/.local/lib/python3.10/site-packages/airflow/example_dags/example_short_circuit_decorator.py for tasks to queue
[2024-09-12T07:09:04.048+0000] {logging_mixin.py:150} INFO - [2024-09-12T07:09:04.047+0000] {dagbag.py:541} INFO - Filling up the DagBag from /home/vscode/.local/lib/python3.10/site-packages/airflow/example_dags/example_short_circuit_decorator.py
[2024-09-12T07:09:04.055+0000] {processor.py:836} INFO - DAG(s) dict_keys(['example_short_circuit_decorator']) retrieved from /home/vscode/.local/lib/python3.10/site-packages/airflow/example_dags/example_short_circuit_decorator.py
[2024-09-12T07:09:04.068+0000] {logging_mixin.py:150} INFO - [2024-09-12T07:09:04.068+0000] {dag.py:2742} INFO - Sync 1 DAGs
[2024-09-12T07:09:04.082+0000] {logging_mixin.py:150} INFO - [2024-09-12T07:09:04.082+0000] {dag.py:3504} INFO - Setting next_dagrun for example_short_circuit_decorator to 2024-09-11T07:09:04.081976+00:00, run_after=2024-09-12T07:09:04.081976+00:00
[2024-09-12T07:09:04.112+0000] {processor.py:179} INFO - Processing /home/vscode/.local/lib/python3.10/site-packages/airflow/example_dags/example_short_circuit_decorator.py took 0.068 seconds
[2024-09-12T07:09:49.454+0000] {processor.py:157} INFO - Started process (PID=20012) to work on /home/vscode/.local/lib/python3.10/site-packages/airflow/example_dags/example_short_circuit_decorator.py
[2024-09-12T07:09:49.455+0000] {processor.py:826} INFO - Processing file /home/vscode/.local/lib/python3.10/site-packages/airflow/example_dags/example_short_circuit_decorator.py for tasks to queue
[2024-09-12T07:09:49.455+0000] {logging_mixin.py:150} INFO - [2024-09-12T07:09:49.455+0000] {dagbag.py:541} INFO - Filling up the DagBag from /home/vscode/.local/lib/python3.10/site-packages/airflow/example_dags/example_short_circuit_decorator.py
[2024-09-12T07:09:49.464+0000] {processor.py:836} INFO - DAG(s) dict_keys(['example_short_circuit_decorator']) retrieved from /home/vscode/.local/lib/python3.10/site-packages/airflow/example_dags/example_short_circuit_decorator.py
[2024-09-12T07:09:49.479+0000] {logging_mixin.py:150} INFO - [2024-09-12T07:09:49.479+0000] {dag.py:2742} INFO - Sync 1 DAGs
[2024-09-12T07:09:49.493+0000] {logging_mixin.py:150} INFO - [2024-09-12T07:09:49.493+0000] {dag.py:3504} INFO - Setting next_dagrun for example_short_circuit_decorator to 2024-09-11T07:09:49.493165+00:00, run_after=2024-09-12T07:09:49.493165+00:00
[2024-09-12T07:09:49.529+0000] {processor.py:179} INFO - Processing /home/vscode/.local/lib/python3.10/site-packages/airflow/example_dags/example_short_circuit_decorator.py took 0.077 seconds
