[2024-09-12T06:38:54.566+0000] {processor.py:157} INFO - Started process (PID=6990) to work on /home/vscode/.local/lib/python3.10/site-packages/airflow/example_dags/example_sla_dag.py
[2024-09-12T06:38:54.567+0000] {processor.py:826} INFO - Processing file /home/vscode/.local/lib/python3.10/site-packages/airflow/example_dags/example_sla_dag.py for tasks to queue
[2024-09-12T06:38:54.567+0000] {logging_mixin.py:150} INFO - [2024-09-12T06:38:54.567+0000] {dagbag.py:541} INFO - Filling up the DagBag from /home/vscode/.local/lib/python3.10/site-packages/airflow/example_dags/example_sla_dag.py
[2024-09-12T06:38:54.575+0000] {processor.py:836} INFO - DAG(s) dict_keys(['example_sla_dag']) retrieved from /home/vscode/.local/lib/python3.10/site-packages/airflow/example_dags/example_sla_dag.py
[2024-09-12T06:38:54.750+0000] {logging_mixin.py:150} INFO - [2024-09-12T06:38:54.750+0000] {manager.py:504} INFO - Created Permission View: can edit on DAG:example_sla_dag
[2024-09-12T06:38:54.772+0000] {logging_mixin.py:150} INFO - [2024-09-12T06:38:54.772+0000] {manager.py:504} INFO - Created Permission View: can read on DAG:example_sla_dag
[2024-09-12T06:38:54.794+0000] {logging_mixin.py:150} INFO - [2024-09-12T06:38:54.794+0000] {manager.py:504} INFO - Created Permission View: can delete on DAG:example_sla_dag
[2024-09-12T06:38:54.801+0000] {logging_mixin.py:150} INFO - [2024-09-12T06:38:54.801+0000] {dag.py:2742} INFO - Sync 1 DAGs
[2024-09-12T06:38:54.809+0000] {logging_mixin.py:150} INFO - [2024-09-12T06:38:54.808+0000] {dag.py:2763} INFO - Creating ORM DAG for example_sla_dag
[2024-09-12T06:38:54.817+0000] {logging_mixin.py:150} INFO - [2024-09-12T06:38:54.816+0000] {dag.py:3504} INFO - Setting next_dagrun for example_sla_dag to 2024-09-12T06:36:00+00:00, run_after=2024-09-12T06:38:00+00:00
[2024-09-12T06:38:54.856+0000] {processor.py:179} INFO - Processing /home/vscode/.local/lib/python3.10/site-packages/airflow/example_dags/example_sla_dag.py took 0.292 seconds
[2024-09-12T06:39:27.294+0000] {processor.py:157} INFO - Started process (PID=7368) to work on /home/vscode/.local/lib/python3.10/site-packages/airflow/example_dags/example_sla_dag.py
[2024-09-12T06:39:27.295+0000] {processor.py:826} INFO - Processing file /home/vscode/.local/lib/python3.10/site-packages/airflow/example_dags/example_sla_dag.py for tasks to queue
[2024-09-12T06:39:27.295+0000] {logging_mixin.py:150} INFO - [2024-09-12T06:39:27.295+0000] {dagbag.py:541} INFO - Filling up the DagBag from /home/vscode/.local/lib/python3.10/site-packages/airflow/example_dags/example_sla_dag.py
[2024-09-12T06:39:27.302+0000] {processor.py:836} INFO - DAG(s) dict_keys(['example_sla_dag']) retrieved from /home/vscode/.local/lib/python3.10/site-packages/airflow/example_dags/example_sla_dag.py
[2024-09-12T06:39:27.314+0000] {logging_mixin.py:150} INFO - [2024-09-12T06:39:27.314+0000] {dag.py:2742} INFO - Sync 1 DAGs
[2024-09-12T06:39:27.403+0000] {logging_mixin.py:150} INFO - [2024-09-12T06:39:27.403+0000] {dag.py:3504} INFO - Setting next_dagrun for example_sla_dag to 2024-09-12T06:36:00+00:00, run_after=2024-09-12T06:38:00+00:00
[2024-09-12T06:39:27.431+0000] {processor.py:179} INFO - Processing /home/vscode/.local/lib/python3.10/site-packages/airflow/example_dags/example_sla_dag.py took 0.139 seconds
[2024-09-12T06:40:21.504+0000] {processor.py:157} INFO - Started process (PID=7721) to work on /home/vscode/.local/lib/python3.10/site-packages/airflow/example_dags/example_sla_dag.py
[2024-09-12T06:40:21.505+0000] {processor.py:826} INFO - Processing file /home/vscode/.local/lib/python3.10/site-packages/airflow/example_dags/example_sla_dag.py for tasks to queue
[2024-09-12T06:40:21.505+0000] {logging_mixin.py:150} INFO - [2024-09-12T06:40:21.505+0000] {dagbag.py:541} INFO - Filling up the DagBag from /home/vscode/.local/lib/python3.10/site-packages/airflow/example_dags/example_sla_dag.py
[2024-09-12T06:40:21.511+0000] {processor.py:836} INFO - DAG(s) dict_keys(['example_sla_dag']) retrieved from /home/vscode/.local/lib/python3.10/site-packages/airflow/example_dags/example_sla_dag.py
[2024-09-12T06:40:21.522+0000] {logging_mixin.py:150} INFO - [2024-09-12T06:40:21.522+0000] {dag.py:2742} INFO - Sync 1 DAGs
[2024-09-12T06:40:21.538+0000] {logging_mixin.py:150} INFO - [2024-09-12T06:40:21.538+0000] {dag.py:3504} INFO - Setting next_dagrun for example_sla_dag to 2024-09-12T06:38:00+00:00, run_after=2024-09-12T06:40:00+00:00
[2024-09-12T06:40:21.579+0000] {processor.py:179} INFO - Processing /home/vscode/.local/lib/python3.10/site-packages/airflow/example_dags/example_sla_dag.py took 0.077 seconds
[2024-09-12T06:41:03.888+0000] {processor.py:157} INFO - Started process (PID=8004) to work on /home/vscode/.local/lib/python3.10/site-packages/airflow/example_dags/example_sla_dag.py
[2024-09-12T06:41:03.888+0000] {processor.py:826} INFO - Processing file /home/vscode/.local/lib/python3.10/site-packages/airflow/example_dags/example_sla_dag.py for tasks to queue
[2024-09-12T06:41:03.889+0000] {logging_mixin.py:150} INFO - [2024-09-12T06:41:03.889+0000] {dagbag.py:541} INFO - Filling up the DagBag from /home/vscode/.local/lib/python3.10/site-packages/airflow/example_dags/example_sla_dag.py
[2024-09-12T06:41:03.895+0000] {processor.py:836} INFO - DAG(s) dict_keys(['example_sla_dag']) retrieved from /home/vscode/.local/lib/python3.10/site-packages/airflow/example_dags/example_sla_dag.py
[2024-09-12T06:41:03.905+0000] {logging_mixin.py:150} INFO - [2024-09-12T06:41:03.905+0000] {dag.py:2742} INFO - Sync 1 DAGs
[2024-09-12T06:41:03.922+0000] {logging_mixin.py:150} INFO - [2024-09-12T06:41:03.922+0000] {dag.py:3504} INFO - Setting next_dagrun for example_sla_dag to 2024-09-12T06:38:00+00:00, run_after=2024-09-12T06:40:00+00:00
[2024-09-12T06:41:03.967+0000] {processor.py:179} INFO - Processing /home/vscode/.local/lib/python3.10/site-packages/airflow/example_dags/example_sla_dag.py took 0.082 seconds
[2024-09-12T06:41:46.325+0000] {processor.py:157} INFO - Started process (PID=8286) to work on /home/vscode/.local/lib/python3.10/site-packages/airflow/example_dags/example_sla_dag.py
[2024-09-12T06:41:46.325+0000] {processor.py:826} INFO - Processing file /home/vscode/.local/lib/python3.10/site-packages/airflow/example_dags/example_sla_dag.py for tasks to queue
[2024-09-12T06:41:46.326+0000] {logging_mixin.py:150} INFO - [2024-09-12T06:41:46.326+0000] {dagbag.py:541} INFO - Filling up the DagBag from /home/vscode/.local/lib/python3.10/site-packages/airflow/example_dags/example_sla_dag.py
[2024-09-12T06:41:46.332+0000] {processor.py:836} INFO - DAG(s) dict_keys(['example_sla_dag']) retrieved from /home/vscode/.local/lib/python3.10/site-packages/airflow/example_dags/example_sla_dag.py
[2024-09-12T06:41:46.344+0000] {logging_mixin.py:150} INFO - [2024-09-12T06:41:46.344+0000] {dag.py:2742} INFO - Sync 1 DAGs
[2024-09-12T06:41:46.360+0000] {logging_mixin.py:150} INFO - [2024-09-12T06:41:46.360+0000] {dag.py:3504} INFO - Setting next_dagrun for example_sla_dag to 2024-09-12T06:38:00+00:00, run_after=2024-09-12T06:40:00+00:00
[2024-09-12T06:41:46.391+0000] {processor.py:179} INFO - Processing /home/vscode/.local/lib/python3.10/site-packages/airflow/example_dags/example_sla_dag.py took 0.068 seconds
[2024-09-12T06:42:31.906+0000] {processor.py:157} INFO - Started process (PID=8595) to work on /home/vscode/.local/lib/python3.10/site-packages/airflow/example_dags/example_sla_dag.py
[2024-09-12T06:42:31.906+0000] {processor.py:826} INFO - Processing file /home/vscode/.local/lib/python3.10/site-packages/airflow/example_dags/example_sla_dag.py for tasks to queue
[2024-09-12T06:42:31.907+0000] {logging_mixin.py:150} INFO - [2024-09-12T06:42:31.907+0000] {dagbag.py:541} INFO - Filling up the DagBag from /home/vscode/.local/lib/python3.10/site-packages/airflow/example_dags/example_sla_dag.py
[2024-09-12T06:42:31.914+0000] {processor.py:836} INFO - DAG(s) dict_keys(['example_sla_dag']) retrieved from /home/vscode/.local/lib/python3.10/site-packages/airflow/example_dags/example_sla_dag.py
[2024-09-12T06:42:31.925+0000] {logging_mixin.py:150} INFO - [2024-09-12T06:42:31.924+0000] {dag.py:2742} INFO - Sync 1 DAGs
[2024-09-12T06:42:31.940+0000] {logging_mixin.py:150} INFO - [2024-09-12T06:42:31.940+0000] {dag.py:3504} INFO - Setting next_dagrun for example_sla_dag to 2024-09-12T06:40:00+00:00, run_after=2024-09-12T06:42:00+00:00
[2024-09-12T06:42:31.979+0000] {processor.py:179} INFO - Processing /home/vscode/.local/lib/python3.10/site-packages/airflow/example_dags/example_sla_dag.py took 0.075 seconds
[2024-09-12T06:43:15.581+0000] {processor.py:157} INFO - Started process (PID=8885) to work on /home/vscode/.local/lib/python3.10/site-packages/airflow/example_dags/example_sla_dag.py
[2024-09-12T06:43:15.582+0000] {processor.py:826} INFO - Processing file /home/vscode/.local/lib/python3.10/site-packages/airflow/example_dags/example_sla_dag.py for tasks to queue
[2024-09-12T06:43:15.582+0000] {logging_mixin.py:150} INFO - [2024-09-12T06:43:15.582+0000] {dagbag.py:541} INFO - Filling up the DagBag from /home/vscode/.local/lib/python3.10/site-packages/airflow/example_dags/example_sla_dag.py
[2024-09-12T06:43:15.589+0000] {processor.py:836} INFO - DAG(s) dict_keys(['example_sla_dag']) retrieved from /home/vscode/.local/lib/python3.10/site-packages/airflow/example_dags/example_sla_dag.py
[2024-09-12T06:43:15.600+0000] {logging_mixin.py:150} INFO - [2024-09-12T06:43:15.600+0000] {dag.py:2742} INFO - Sync 1 DAGs
[2024-09-12T06:43:15.616+0000] {logging_mixin.py:150} INFO - [2024-09-12T06:43:15.616+0000] {dag.py:3504} INFO - Setting next_dagrun for example_sla_dag to 2024-09-12T06:40:00+00:00, run_after=2024-09-12T06:42:00+00:00
[2024-09-12T06:43:15.661+0000] {processor.py:179} INFO - Processing /home/vscode/.local/lib/python3.10/site-packages/airflow/example_dags/example_sla_dag.py took 0.082 seconds
[2024-09-12T06:43:59.137+0000] {processor.py:157} INFO - Started process (PID=9182) to work on /home/vscode/.local/lib/python3.10/site-packages/airflow/example_dags/example_sla_dag.py
[2024-09-12T06:43:59.138+0000] {processor.py:826} INFO - Processing file /home/vscode/.local/lib/python3.10/site-packages/airflow/example_dags/example_sla_dag.py for tasks to queue
[2024-09-12T06:43:59.139+0000] {logging_mixin.py:150} INFO - [2024-09-12T06:43:59.138+0000] {dagbag.py:541} INFO - Filling up the DagBag from /home/vscode/.local/lib/python3.10/site-packages/airflow/example_dags/example_sla_dag.py
[2024-09-12T06:43:59.145+0000] {processor.py:836} INFO - DAG(s) dict_keys(['example_sla_dag']) retrieved from /home/vscode/.local/lib/python3.10/site-packages/airflow/example_dags/example_sla_dag.py
[2024-09-12T06:43:59.155+0000] {logging_mixin.py:150} INFO - [2024-09-12T06:43:59.155+0000] {dag.py:2742} INFO - Sync 1 DAGs
[2024-09-12T06:43:59.171+0000] {logging_mixin.py:150} INFO - [2024-09-12T06:43:59.171+0000] {dag.py:3504} INFO - Setting next_dagrun for example_sla_dag to 2024-09-12T06:40:00+00:00, run_after=2024-09-12T06:42:00+00:00
[2024-09-12T06:43:59.208+0000] {processor.py:179} INFO - Processing /home/vscode/.local/lib/python3.10/site-packages/airflow/example_dags/example_sla_dag.py took 0.073 seconds
[2024-09-12T06:44:38.218+0000] {processor.py:157} INFO - Started process (PID=9445) to work on /home/vscode/.local/lib/python3.10/site-packages/airflow/example_dags/example_sla_dag.py
[2024-09-12T06:44:38.218+0000] {processor.py:826} INFO - Processing file /home/vscode/.local/lib/python3.10/site-packages/airflow/example_dags/example_sla_dag.py for tasks to queue
[2024-09-12T06:44:38.219+0000] {logging_mixin.py:150} INFO - [2024-09-12T06:44:38.219+0000] {dagbag.py:541} INFO - Filling up the DagBag from /home/vscode/.local/lib/python3.10/site-packages/airflow/example_dags/example_sla_dag.py
[2024-09-12T06:44:38.225+0000] {processor.py:836} INFO - DAG(s) dict_keys(['example_sla_dag']) retrieved from /home/vscode/.local/lib/python3.10/site-packages/airflow/example_dags/example_sla_dag.py
[2024-09-12T06:44:38.238+0000] {logging_mixin.py:150} INFO - [2024-09-12T06:44:38.238+0000] {dag.py:2742} INFO - Sync 1 DAGs
[2024-09-12T06:44:38.254+0000] {logging_mixin.py:150} INFO - [2024-09-12T06:44:38.254+0000] {dag.py:3504} INFO - Setting next_dagrun for example_sla_dag to 2024-09-12T06:42:00+00:00, run_after=2024-09-12T06:44:00+00:00
[2024-09-12T06:44:38.296+0000] {processor.py:179} INFO - Processing /home/vscode/.local/lib/python3.10/site-packages/airflow/example_dags/example_sla_dag.py took 0.081 seconds
[2024-09-12T06:45:22.821+0000] {processor.py:157} INFO - Started process (PID=9747) to work on /home/vscode/.local/lib/python3.10/site-packages/airflow/example_dags/example_sla_dag.py
[2024-09-12T06:45:22.822+0000] {processor.py:826} INFO - Processing file /home/vscode/.local/lib/python3.10/site-packages/airflow/example_dags/example_sla_dag.py for tasks to queue
[2024-09-12T06:45:22.822+0000] {logging_mixin.py:150} INFO - [2024-09-12T06:45:22.822+0000] {dagbag.py:541} INFO - Filling up the DagBag from /home/vscode/.local/lib/python3.10/site-packages/airflow/example_dags/example_sla_dag.py
[2024-09-12T06:45:22.828+0000] {processor.py:836} INFO - DAG(s) dict_keys(['example_sla_dag']) retrieved from /home/vscode/.local/lib/python3.10/site-packages/airflow/example_dags/example_sla_dag.py
[2024-09-12T06:45:22.839+0000] {logging_mixin.py:150} INFO - [2024-09-12T06:45:22.839+0000] {dag.py:2742} INFO - Sync 1 DAGs
[2024-09-12T06:45:22.856+0000] {logging_mixin.py:150} INFO - [2024-09-12T06:45:22.856+0000] {dag.py:3504} INFO - Setting next_dagrun for example_sla_dag to 2024-09-12T06:42:00+00:00, run_after=2024-09-12T06:44:00+00:00
[2024-09-12T06:45:22.884+0000] {processor.py:179} INFO - Processing /home/vscode/.local/lib/python3.10/site-packages/airflow/example_dags/example_sla_dag.py took 0.065 seconds
[2024-09-12T06:46:08.664+0000] {processor.py:157} INFO - Started process (PID=10050) to work on /home/vscode/.local/lib/python3.10/site-packages/airflow/example_dags/example_sla_dag.py
[2024-09-12T06:46:08.665+0000] {processor.py:826} INFO - Processing file /home/vscode/.local/lib/python3.10/site-packages/airflow/example_dags/example_sla_dag.py for tasks to queue
[2024-09-12T06:46:08.665+0000] {logging_mixin.py:150} INFO - [2024-09-12T06:46:08.665+0000] {dagbag.py:541} INFO - Filling up the DagBag from /home/vscode/.local/lib/python3.10/site-packages/airflow/example_dags/example_sla_dag.py
[2024-09-12T06:46:08.672+0000] {processor.py:836} INFO - DAG(s) dict_keys(['example_sla_dag']) retrieved from /home/vscode/.local/lib/python3.10/site-packages/airflow/example_dags/example_sla_dag.py
[2024-09-12T06:46:08.683+0000] {logging_mixin.py:150} INFO - [2024-09-12T06:46:08.683+0000] {dag.py:2742} INFO - Sync 1 DAGs
[2024-09-12T06:46:08.699+0000] {logging_mixin.py:150} INFO - [2024-09-12T06:46:08.699+0000] {dag.py:3504} INFO - Setting next_dagrun for example_sla_dag to 2024-09-12T06:44:00+00:00, run_after=2024-09-12T06:46:00+00:00
[2024-09-12T06:46:08.751+0000] {processor.py:179} INFO - Processing /home/vscode/.local/lib/python3.10/site-packages/airflow/example_dags/example_sla_dag.py took 0.089 seconds
[2024-09-12T06:46:52.793+0000] {processor.py:157} INFO - Started process (PID=10351) to work on /home/vscode/.local/lib/python3.10/site-packages/airflow/example_dags/example_sla_dag.py
[2024-09-12T06:46:52.794+0000] {processor.py:826} INFO - Processing file /home/vscode/.local/lib/python3.10/site-packages/airflow/example_dags/example_sla_dag.py for tasks to queue
[2024-09-12T06:46:52.794+0000] {logging_mixin.py:150} INFO - [2024-09-12T06:46:52.794+0000] {dagbag.py:541} INFO - Filling up the DagBag from /home/vscode/.local/lib/python3.10/site-packages/airflow/example_dags/example_sla_dag.py
[2024-09-12T06:46:52.801+0000] {processor.py:836} INFO - DAG(s) dict_keys(['example_sla_dag']) retrieved from /home/vscode/.local/lib/python3.10/site-packages/airflow/example_dags/example_sla_dag.py
[2024-09-12T06:46:52.811+0000] {logging_mixin.py:150} INFO - [2024-09-12T06:46:52.811+0000] {dag.py:2742} INFO - Sync 1 DAGs
[2024-09-12T06:46:52.827+0000] {logging_mixin.py:150} INFO - [2024-09-12T06:46:52.827+0000] {dag.py:3504} INFO - Setting next_dagrun for example_sla_dag to 2024-09-12T06:44:00+00:00, run_after=2024-09-12T06:46:00+00:00
[2024-09-12T06:46:52.858+0000] {processor.py:179} INFO - Processing /home/vscode/.local/lib/python3.10/site-packages/airflow/example_dags/example_sla_dag.py took 0.067 seconds
[2024-09-12T06:47:38.271+0000] {processor.py:157} INFO - Started process (PID=10649) to work on /home/vscode/.local/lib/python3.10/site-packages/airflow/example_dags/example_sla_dag.py
[2024-09-12T06:47:38.272+0000] {processor.py:826} INFO - Processing file /home/vscode/.local/lib/python3.10/site-packages/airflow/example_dags/example_sla_dag.py for tasks to queue
[2024-09-12T06:47:38.272+0000] {logging_mixin.py:150} INFO - [2024-09-12T06:47:38.272+0000] {dagbag.py:541} INFO - Filling up the DagBag from /home/vscode/.local/lib/python3.10/site-packages/airflow/example_dags/example_sla_dag.py
[2024-09-12T06:47:38.279+0000] {processor.py:836} INFO - DAG(s) dict_keys(['example_sla_dag']) retrieved from /home/vscode/.local/lib/python3.10/site-packages/airflow/example_dags/example_sla_dag.py
[2024-09-12T06:47:38.290+0000] {logging_mixin.py:150} INFO - [2024-09-12T06:47:38.290+0000] {dag.py:2742} INFO - Sync 1 DAGs
[2024-09-12T06:47:38.306+0000] {logging_mixin.py:150} INFO - [2024-09-12T06:47:38.306+0000] {dag.py:3504} INFO - Setting next_dagrun for example_sla_dag to 2024-09-12T06:44:00+00:00, run_after=2024-09-12T06:46:00+00:00
[2024-09-12T06:47:38.341+0000] {processor.py:179} INFO - Processing /home/vscode/.local/lib/python3.10/site-packages/airflow/example_dags/example_sla_dag.py took 0.072 seconds
[2024-09-12T06:48:21.646+0000] {processor.py:157} INFO - Started process (PID=10941) to work on /home/vscode/.local/lib/python3.10/site-packages/airflow/example_dags/example_sla_dag.py
[2024-09-12T06:48:21.647+0000] {processor.py:826} INFO - Processing file /home/vscode/.local/lib/python3.10/site-packages/airflow/example_dags/example_sla_dag.py for tasks to queue
[2024-09-12T06:48:21.648+0000] {logging_mixin.py:150} INFO - [2024-09-12T06:48:21.647+0000] {dagbag.py:541} INFO - Filling up the DagBag from /home/vscode/.local/lib/python3.10/site-packages/airflow/example_dags/example_sla_dag.py
[2024-09-12T06:48:21.657+0000] {processor.py:836} INFO - DAG(s) dict_keys(['example_sla_dag']) retrieved from /home/vscode/.local/lib/python3.10/site-packages/airflow/example_dags/example_sla_dag.py
[2024-09-12T06:48:21.669+0000] {logging_mixin.py:150} INFO - [2024-09-12T06:48:21.669+0000] {dag.py:2742} INFO - Sync 1 DAGs
[2024-09-12T06:48:21.685+0000] {logging_mixin.py:150} INFO - [2024-09-12T06:48:21.685+0000] {dag.py:3504} INFO - Setting next_dagrun for example_sla_dag to 2024-09-12T06:46:00+00:00, run_after=2024-09-12T06:48:00+00:00
[2024-09-12T06:48:21.716+0000] {processor.py:179} INFO - Processing /home/vscode/.local/lib/python3.10/site-packages/airflow/example_dags/example_sla_dag.py took 0.073 seconds
[2024-09-12T06:49:02.938+0000] {processor.py:157} INFO - Started process (PID=11220) to work on /home/vscode/.local/lib/python3.10/site-packages/airflow/example_dags/example_sla_dag.py
[2024-09-12T06:49:02.938+0000] {processor.py:826} INFO - Processing file /home/vscode/.local/lib/python3.10/site-packages/airflow/example_dags/example_sla_dag.py for tasks to queue
[2024-09-12T06:49:02.939+0000] {logging_mixin.py:150} INFO - [2024-09-12T06:49:02.939+0000] {dagbag.py:541} INFO - Filling up the DagBag from /home/vscode/.local/lib/python3.10/site-packages/airflow/example_dags/example_sla_dag.py
[2024-09-12T06:49:02.945+0000] {processor.py:836} INFO - DAG(s) dict_keys(['example_sla_dag']) retrieved from /home/vscode/.local/lib/python3.10/site-packages/airflow/example_dags/example_sla_dag.py
[2024-09-12T06:49:02.956+0000] {logging_mixin.py:150} INFO - [2024-09-12T06:49:02.956+0000] {dag.py:2742} INFO - Sync 1 DAGs
[2024-09-12T06:49:02.973+0000] {logging_mixin.py:150} INFO - [2024-09-12T06:49:02.973+0000] {dag.py:3504} INFO - Setting next_dagrun for example_sla_dag to 2024-09-12T06:46:00+00:00, run_after=2024-09-12T06:48:00+00:00
[2024-09-12T06:49:03.004+0000] {processor.py:179} INFO - Processing /home/vscode/.local/lib/python3.10/site-packages/airflow/example_dags/example_sla_dag.py took 0.069 seconds
[2024-09-12T06:49:45.291+0000] {processor.py:157} INFO - Started process (PID=11518) to work on /home/vscode/.local/lib/python3.10/site-packages/airflow/example_dags/example_sla_dag.py
[2024-09-12T06:49:45.291+0000] {processor.py:826} INFO - Processing file /home/vscode/.local/lib/python3.10/site-packages/airflow/example_dags/example_sla_dag.py for tasks to queue
[2024-09-12T06:49:45.292+0000] {logging_mixin.py:150} INFO - [2024-09-12T06:49:45.292+0000] {dagbag.py:541} INFO - Filling up the DagBag from /home/vscode/.local/lib/python3.10/site-packages/airflow/example_dags/example_sla_dag.py
[2024-09-12T06:49:45.299+0000] {processor.py:836} INFO - DAG(s) dict_keys(['example_sla_dag']) retrieved from /home/vscode/.local/lib/python3.10/site-packages/airflow/example_dags/example_sla_dag.py
[2024-09-12T06:49:45.311+0000] {logging_mixin.py:150} INFO - [2024-09-12T06:49:45.310+0000] {dag.py:2742} INFO - Sync 1 DAGs
[2024-09-12T06:49:45.327+0000] {logging_mixin.py:150} INFO - [2024-09-12T06:49:45.327+0000] {dag.py:3504} INFO - Setting next_dagrun for example_sla_dag to 2024-09-12T06:46:00+00:00, run_after=2024-09-12T06:48:00+00:00
[2024-09-12T06:49:45.357+0000] {processor.py:179} INFO - Processing /home/vscode/.local/lib/python3.10/site-packages/airflow/example_dags/example_sla_dag.py took 0.069 seconds
[2024-09-12T06:50:26.577+0000] {processor.py:157} INFO - Started process (PID=11792) to work on /home/vscode/.local/lib/python3.10/site-packages/airflow/example_dags/example_sla_dag.py
[2024-09-12T06:50:26.578+0000] {processor.py:826} INFO - Processing file /home/vscode/.local/lib/python3.10/site-packages/airflow/example_dags/example_sla_dag.py for tasks to queue
[2024-09-12T06:50:26.579+0000] {logging_mixin.py:150} INFO - [2024-09-12T06:50:26.578+0000] {dagbag.py:541} INFO - Filling up the DagBag from /home/vscode/.local/lib/python3.10/site-packages/airflow/example_dags/example_sla_dag.py
[2024-09-12T06:50:26.585+0000] {processor.py:836} INFO - DAG(s) dict_keys(['example_sla_dag']) retrieved from /home/vscode/.local/lib/python3.10/site-packages/airflow/example_dags/example_sla_dag.py
[2024-09-12T06:50:26.596+0000] {logging_mixin.py:150} INFO - [2024-09-12T06:50:26.595+0000] {dag.py:2742} INFO - Sync 1 DAGs
[2024-09-12T06:50:26.611+0000] {logging_mixin.py:150} INFO - [2024-09-12T06:50:26.611+0000] {dag.py:3504} INFO - Setting next_dagrun for example_sla_dag to 2024-09-12T06:48:00+00:00, run_after=2024-09-12T06:50:00+00:00
[2024-09-12T06:50:26.690+0000] {processor.py:179} INFO - Processing /home/vscode/.local/lib/python3.10/site-packages/airflow/example_dags/example_sla_dag.py took 0.115 seconds
[2024-09-12T06:51:10.872+0000] {processor.py:157} INFO - Started process (PID=12086) to work on /home/vscode/.local/lib/python3.10/site-packages/airflow/example_dags/example_sla_dag.py
[2024-09-12T06:51:10.873+0000] {processor.py:826} INFO - Processing file /home/vscode/.local/lib/python3.10/site-packages/airflow/example_dags/example_sla_dag.py for tasks to queue
[2024-09-12T06:51:10.873+0000] {logging_mixin.py:150} INFO - [2024-09-12T06:51:10.873+0000] {dagbag.py:541} INFO - Filling up the DagBag from /home/vscode/.local/lib/python3.10/site-packages/airflow/example_dags/example_sla_dag.py
[2024-09-12T06:51:10.879+0000] {processor.py:836} INFO - DAG(s) dict_keys(['example_sla_dag']) retrieved from /home/vscode/.local/lib/python3.10/site-packages/airflow/example_dags/example_sla_dag.py
[2024-09-12T06:51:10.890+0000] {logging_mixin.py:150} INFO - [2024-09-12T06:51:10.890+0000] {dag.py:2742} INFO - Sync 1 DAGs
[2024-09-12T06:51:10.914+0000] {logging_mixin.py:150} INFO - [2024-09-12T06:51:10.914+0000] {dag.py:3504} INFO - Setting next_dagrun for example_sla_dag to 2024-09-12T06:48:00+00:00, run_after=2024-09-12T06:50:00+00:00
[2024-09-12T06:51:10.952+0000] {processor.py:179} INFO - Processing /home/vscode/.local/lib/python3.10/site-packages/airflow/example_dags/example_sla_dag.py took 0.083 seconds
[2024-09-12T06:51:56.460+0000] {processor.py:157} INFO - Started process (PID=12398) to work on /home/vscode/.local/lib/python3.10/site-packages/airflow/example_dags/example_sla_dag.py
[2024-09-12T06:51:56.460+0000] {processor.py:826} INFO - Processing file /home/vscode/.local/lib/python3.10/site-packages/airflow/example_dags/example_sla_dag.py for tasks to queue
[2024-09-12T06:51:56.461+0000] {logging_mixin.py:150} INFO - [2024-09-12T06:51:56.461+0000] {dagbag.py:541} INFO - Filling up the DagBag from /home/vscode/.local/lib/python3.10/site-packages/airflow/example_dags/example_sla_dag.py
[2024-09-12T06:51:56.469+0000] {processor.py:836} INFO - DAG(s) dict_keys(['example_sla_dag']) retrieved from /home/vscode/.local/lib/python3.10/site-packages/airflow/example_dags/example_sla_dag.py
[2024-09-12T06:51:56.482+0000] {logging_mixin.py:150} INFO - [2024-09-12T06:51:56.482+0000] {dag.py:2742} INFO - Sync 1 DAGs
[2024-09-12T06:51:56.498+0000] {logging_mixin.py:150} INFO - [2024-09-12T06:51:56.498+0000] {dag.py:3504} INFO - Setting next_dagrun for example_sla_dag to 2024-09-12T06:48:00+00:00, run_after=2024-09-12T06:50:00+00:00
[2024-09-12T06:51:56.525+0000] {processor.py:179} INFO - Processing /home/vscode/.local/lib/python3.10/site-packages/airflow/example_dags/example_sla_dag.py took 0.067 seconds
[2024-09-12T06:52:28.468+0000] {processor.py:157} INFO - Started process (PID=12606) to work on /home/vscode/.local/lib/python3.10/site-packages/airflow/example_dags/example_sla_dag.py
[2024-09-12T06:52:28.468+0000] {processor.py:826} INFO - Processing file /home/vscode/.local/lib/python3.10/site-packages/airflow/example_dags/example_sla_dag.py for tasks to queue
[2024-09-12T06:52:28.469+0000] {logging_mixin.py:150} INFO - [2024-09-12T06:52:28.469+0000] {dagbag.py:541} INFO - Filling up the DagBag from /home/vscode/.local/lib/python3.10/site-packages/airflow/example_dags/example_sla_dag.py
[2024-09-12T06:52:28.475+0000] {processor.py:836} INFO - DAG(s) dict_keys(['example_sla_dag']) retrieved from /home/vscode/.local/lib/python3.10/site-packages/airflow/example_dags/example_sla_dag.py
[2024-09-12T06:52:28.488+0000] {logging_mixin.py:150} INFO - [2024-09-12T06:52:28.488+0000] {dag.py:2742} INFO - Sync 1 DAGs
[2024-09-12T06:52:28.514+0000] {logging_mixin.py:150} INFO - [2024-09-12T06:52:28.514+0000] {dag.py:3504} INFO - Setting next_dagrun for example_sla_dag to 2024-09-12T06:50:00+00:00, run_after=2024-09-12T06:52:00+00:00
[2024-09-12T06:52:28.552+0000] {processor.py:179} INFO - Processing /home/vscode/.local/lib/python3.10/site-packages/airflow/example_dags/example_sla_dag.py took 0.086 seconds
[2024-09-12T06:53:14.510+0000] {processor.py:157} INFO - Started process (PID=12911) to work on /home/vscode/.local/lib/python3.10/site-packages/airflow/example_dags/example_sla_dag.py
[2024-09-12T06:53:14.510+0000] {processor.py:826} INFO - Processing file /home/vscode/.local/lib/python3.10/site-packages/airflow/example_dags/example_sla_dag.py for tasks to queue
[2024-09-12T06:53:14.511+0000] {logging_mixin.py:150} INFO - [2024-09-12T06:53:14.511+0000] {dagbag.py:541} INFO - Filling up the DagBag from /home/vscode/.local/lib/python3.10/site-packages/airflow/example_dags/example_sla_dag.py
[2024-09-12T06:53:14.517+0000] {processor.py:836} INFO - DAG(s) dict_keys(['example_sla_dag']) retrieved from /home/vscode/.local/lib/python3.10/site-packages/airflow/example_dags/example_sla_dag.py
[2024-09-12T06:53:14.527+0000] {logging_mixin.py:150} INFO - [2024-09-12T06:53:14.527+0000] {dag.py:2742} INFO - Sync 1 DAGs
[2024-09-12T06:53:14.543+0000] {logging_mixin.py:150} INFO - [2024-09-12T06:53:14.543+0000] {dag.py:3504} INFO - Setting next_dagrun for example_sla_dag to 2024-09-12T06:50:00+00:00, run_after=2024-09-12T06:52:00+00:00
[2024-09-12T06:53:14.596+0000] {processor.py:179} INFO - Processing /home/vscode/.local/lib/python3.10/site-packages/airflow/example_dags/example_sla_dag.py took 0.089 seconds
[2024-09-12T06:53:59.507+0000] {processor.py:157} INFO - Started process (PID=13222) to work on /home/vscode/.local/lib/python3.10/site-packages/airflow/example_dags/example_sla_dag.py
[2024-09-12T06:53:59.508+0000] {processor.py:826} INFO - Processing file /home/vscode/.local/lib/python3.10/site-packages/airflow/example_dags/example_sla_dag.py for tasks to queue
[2024-09-12T06:53:59.508+0000] {logging_mixin.py:150} INFO - [2024-09-12T06:53:59.508+0000] {dagbag.py:541} INFO - Filling up the DagBag from /home/vscode/.local/lib/python3.10/site-packages/airflow/example_dags/example_sla_dag.py
[2024-09-12T06:53:59.514+0000] {processor.py:836} INFO - DAG(s) dict_keys(['example_sla_dag']) retrieved from /home/vscode/.local/lib/python3.10/site-packages/airflow/example_dags/example_sla_dag.py
[2024-09-12T06:53:59.525+0000] {logging_mixin.py:150} INFO - [2024-09-12T06:53:59.525+0000] {dag.py:2742} INFO - Sync 1 DAGs
[2024-09-12T06:53:59.541+0000] {logging_mixin.py:150} INFO - [2024-09-12T06:53:59.541+0000] {dag.py:3504} INFO - Setting next_dagrun for example_sla_dag to 2024-09-12T06:50:00+00:00, run_after=2024-09-12T06:52:00+00:00
[2024-09-12T06:53:59.573+0000] {processor.py:179} INFO - Processing /home/vscode/.local/lib/python3.10/site-packages/airflow/example_dags/example_sla_dag.py took 0.068 seconds
[2024-09-12T06:54:43.716+0000] {processor.py:157} INFO - Started process (PID=13521) to work on /home/vscode/.local/lib/python3.10/site-packages/airflow/example_dags/example_sla_dag.py
[2024-09-12T06:54:43.717+0000] {processor.py:826} INFO - Processing file /home/vscode/.local/lib/python3.10/site-packages/airflow/example_dags/example_sla_dag.py for tasks to queue
[2024-09-12T06:54:43.717+0000] {logging_mixin.py:150} INFO - [2024-09-12T06:54:43.717+0000] {dagbag.py:541} INFO - Filling up the DagBag from /home/vscode/.local/lib/python3.10/site-packages/airflow/example_dags/example_sla_dag.py
[2024-09-12T06:54:43.723+0000] {processor.py:836} INFO - DAG(s) dict_keys(['example_sla_dag']) retrieved from /home/vscode/.local/lib/python3.10/site-packages/airflow/example_dags/example_sla_dag.py
[2024-09-12T06:54:43.734+0000] {logging_mixin.py:150} INFO - [2024-09-12T06:54:43.734+0000] {dag.py:2742} INFO - Sync 1 DAGs
[2024-09-12T06:54:43.750+0000] {logging_mixin.py:150} INFO - [2024-09-12T06:54:43.750+0000] {dag.py:3504} INFO - Setting next_dagrun for example_sla_dag to 2024-09-12T06:52:00+00:00, run_after=2024-09-12T06:54:00+00:00
[2024-09-12T06:54:43.780+0000] {processor.py:179} INFO - Processing /home/vscode/.local/lib/python3.10/site-packages/airflow/example_dags/example_sla_dag.py took 0.066 seconds
[2024-09-12T06:55:18.359+0000] {processor.py:157} INFO - Started process (PID=13754) to work on /home/vscode/.local/lib/python3.10/site-packages/airflow/example_dags/example_sla_dag.py
[2024-09-12T06:55:18.360+0000] {processor.py:826} INFO - Processing file /home/vscode/.local/lib/python3.10/site-packages/airflow/example_dags/example_sla_dag.py for tasks to queue
[2024-09-12T06:55:18.360+0000] {logging_mixin.py:150} INFO - [2024-09-12T06:55:18.360+0000] {dagbag.py:541} INFO - Filling up the DagBag from /home/vscode/.local/lib/python3.10/site-packages/airflow/example_dags/example_sla_dag.py
[2024-09-12T06:55:18.367+0000] {processor.py:836} INFO - DAG(s) dict_keys(['example_sla_dag']) retrieved from /home/vscode/.local/lib/python3.10/site-packages/airflow/example_dags/example_sla_dag.py
[2024-09-12T06:55:18.378+0000] {logging_mixin.py:150} INFO - [2024-09-12T06:55:18.377+0000] {dag.py:2742} INFO - Sync 1 DAGs
[2024-09-12T06:55:18.393+0000] {logging_mixin.py:150} INFO - [2024-09-12T06:55:18.393+0000] {dag.py:3504} INFO - Setting next_dagrun for example_sla_dag to 2024-09-12T06:52:00+00:00, run_after=2024-09-12T06:54:00+00:00
[2024-09-12T06:55:18.425+0000] {processor.py:179} INFO - Processing /home/vscode/.local/lib/python3.10/site-packages/airflow/example_dags/example_sla_dag.py took 0.068 seconds
[2024-09-12T06:56:02.758+0000] {processor.py:157} INFO - Started process (PID=14049) to work on /home/vscode/.local/lib/python3.10/site-packages/airflow/example_dags/example_sla_dag.py
[2024-09-12T06:56:02.758+0000] {processor.py:826} INFO - Processing file /home/vscode/.local/lib/python3.10/site-packages/airflow/example_dags/example_sla_dag.py for tasks to queue
[2024-09-12T06:56:02.759+0000] {logging_mixin.py:150} INFO - [2024-09-12T06:56:02.759+0000] {dagbag.py:541} INFO - Filling up the DagBag from /home/vscode/.local/lib/python3.10/site-packages/airflow/example_dags/example_sla_dag.py
[2024-09-12T06:56:02.765+0000] {processor.py:836} INFO - DAG(s) dict_keys(['example_sla_dag']) retrieved from /home/vscode/.local/lib/python3.10/site-packages/airflow/example_dags/example_sla_dag.py
[2024-09-12T06:56:02.776+0000] {logging_mixin.py:150} INFO - [2024-09-12T06:56:02.776+0000] {dag.py:2742} INFO - Sync 1 DAGs
[2024-09-12T06:56:02.792+0000] {logging_mixin.py:150} INFO - [2024-09-12T06:56:02.792+0000] {dag.py:3504} INFO - Setting next_dagrun for example_sla_dag to 2024-09-12T06:54:00+00:00, run_after=2024-09-12T06:56:00+00:00
[2024-09-12T06:56:02.831+0000] {processor.py:179} INFO - Processing /home/vscode/.local/lib/python3.10/site-packages/airflow/example_dags/example_sla_dag.py took 0.076 seconds
[2024-09-12T06:56:52.140+0000] {processor.py:157} INFO - Started process (PID=14378) to work on /home/vscode/.local/lib/python3.10/site-packages/airflow/example_dags/example_sla_dag.py
[2024-09-12T06:56:52.140+0000] {processor.py:826} INFO - Processing file /home/vscode/.local/lib/python3.10/site-packages/airflow/example_dags/example_sla_dag.py for tasks to queue
[2024-09-12T06:56:52.141+0000] {logging_mixin.py:150} INFO - [2024-09-12T06:56:52.141+0000] {dagbag.py:541} INFO - Filling up the DagBag from /home/vscode/.local/lib/python3.10/site-packages/airflow/example_dags/example_sla_dag.py
[2024-09-12T06:56:52.151+0000] {processor.py:836} INFO - DAG(s) dict_keys(['example_sla_dag']) retrieved from /home/vscode/.local/lib/python3.10/site-packages/airflow/example_dags/example_sla_dag.py
[2024-09-12T06:56:52.164+0000] {logging_mixin.py:150} INFO - [2024-09-12T06:56:52.164+0000] {dag.py:2742} INFO - Sync 1 DAGs
[2024-09-12T06:56:52.180+0000] {logging_mixin.py:150} INFO - [2024-09-12T06:56:52.180+0000] {dag.py:3504} INFO - Setting next_dagrun for example_sla_dag to 2024-09-12T06:54:00+00:00, run_after=2024-09-12T06:56:00+00:00
[2024-09-12T06:56:52.228+0000] {processor.py:179} INFO - Processing /home/vscode/.local/lib/python3.10/site-packages/airflow/example_dags/example_sla_dag.py took 0.092 seconds
[2024-09-12T06:57:35.629+0000] {processor.py:157} INFO - Started process (PID=14667) to work on /home/vscode/.local/lib/python3.10/site-packages/airflow/example_dags/example_sla_dag.py
[2024-09-12T06:57:35.630+0000] {processor.py:826} INFO - Processing file /home/vscode/.local/lib/python3.10/site-packages/airflow/example_dags/example_sla_dag.py for tasks to queue
[2024-09-12T06:57:35.631+0000] {logging_mixin.py:150} INFO - [2024-09-12T06:57:35.630+0000] {dagbag.py:541} INFO - Filling up the DagBag from /home/vscode/.local/lib/python3.10/site-packages/airflow/example_dags/example_sla_dag.py
[2024-09-12T06:57:35.637+0000] {processor.py:836} INFO - DAG(s) dict_keys(['example_sla_dag']) retrieved from /home/vscode/.local/lib/python3.10/site-packages/airflow/example_dags/example_sla_dag.py
[2024-09-12T06:57:35.648+0000] {logging_mixin.py:150} INFO - [2024-09-12T06:57:35.648+0000] {dag.py:2742} INFO - Sync 1 DAGs
[2024-09-12T06:57:35.664+0000] {logging_mixin.py:150} INFO - [2024-09-12T06:57:35.663+0000] {dag.py:3504} INFO - Setting next_dagrun for example_sla_dag to 2024-09-12T06:54:00+00:00, run_after=2024-09-12T06:56:00+00:00
[2024-09-12T06:57:35.700+0000] {processor.py:179} INFO - Processing /home/vscode/.local/lib/python3.10/site-packages/airflow/example_dags/example_sla_dag.py took 0.073 seconds
[2024-09-12T06:58:19.763+0000] {processor.py:157} INFO - Started process (PID=14976) to work on /home/vscode/.local/lib/python3.10/site-packages/airflow/example_dags/example_sla_dag.py
[2024-09-12T06:58:19.764+0000] {processor.py:826} INFO - Processing file /home/vscode/.local/lib/python3.10/site-packages/airflow/example_dags/example_sla_dag.py for tasks to queue
[2024-09-12T06:58:19.765+0000] {logging_mixin.py:150} INFO - [2024-09-12T06:58:19.764+0000] {dagbag.py:541} INFO - Filling up the DagBag from /home/vscode/.local/lib/python3.10/site-packages/airflow/example_dags/example_sla_dag.py
[2024-09-12T06:58:19.771+0000] {processor.py:836} INFO - DAG(s) dict_keys(['example_sla_dag']) retrieved from /home/vscode/.local/lib/python3.10/site-packages/airflow/example_dags/example_sla_dag.py
[2024-09-12T06:58:19.781+0000] {logging_mixin.py:150} INFO - [2024-09-12T06:58:19.781+0000] {dag.py:2742} INFO - Sync 1 DAGs
[2024-09-12T06:58:19.797+0000] {logging_mixin.py:150} INFO - [2024-09-12T06:58:19.797+0000] {dag.py:3504} INFO - Setting next_dagrun for example_sla_dag to 2024-09-12T06:56:00+00:00, run_after=2024-09-12T06:58:00+00:00
[2024-09-12T06:58:19.825+0000] {processor.py:179} INFO - Processing /home/vscode/.local/lib/python3.10/site-packages/airflow/example_dags/example_sla_dag.py took 0.063 seconds
[2024-09-12T06:59:02.153+0000] {processor.py:157} INFO - Started process (PID=15256) to work on /home/vscode/.local/lib/python3.10/site-packages/airflow/example_dags/example_sla_dag.py
[2024-09-12T06:59:02.153+0000] {processor.py:826} INFO - Processing file /home/vscode/.local/lib/python3.10/site-packages/airflow/example_dags/example_sla_dag.py for tasks to queue
[2024-09-12T06:59:02.154+0000] {logging_mixin.py:150} INFO - [2024-09-12T06:59:02.154+0000] {dagbag.py:541} INFO - Filling up the DagBag from /home/vscode/.local/lib/python3.10/site-packages/airflow/example_dags/example_sla_dag.py
[2024-09-12T06:59:02.160+0000] {processor.py:836} INFO - DAG(s) dict_keys(['example_sla_dag']) retrieved from /home/vscode/.local/lib/python3.10/site-packages/airflow/example_dags/example_sla_dag.py
[2024-09-12T06:59:02.171+0000] {logging_mixin.py:150} INFO - [2024-09-12T06:59:02.171+0000] {dag.py:2742} INFO - Sync 1 DAGs
[2024-09-12T06:59:02.187+0000] {logging_mixin.py:150} INFO - [2024-09-12T06:59:02.187+0000] {dag.py:3504} INFO - Setting next_dagrun for example_sla_dag to 2024-09-12T06:56:00+00:00, run_after=2024-09-12T06:58:00+00:00
[2024-09-12T06:59:02.216+0000] {processor.py:179} INFO - Processing /home/vscode/.local/lib/python3.10/site-packages/airflow/example_dags/example_sla_dag.py took 0.066 seconds
[2024-09-12T06:59:44.249+0000] {processor.py:157} INFO - Started process (PID=15536) to work on /home/vscode/.local/lib/python3.10/site-packages/airflow/example_dags/example_sla_dag.py
[2024-09-12T06:59:44.249+0000] {processor.py:826} INFO - Processing file /home/vscode/.local/lib/python3.10/site-packages/airflow/example_dags/example_sla_dag.py for tasks to queue
[2024-09-12T06:59:44.250+0000] {logging_mixin.py:150} INFO - [2024-09-12T06:59:44.250+0000] {dagbag.py:541} INFO - Filling up the DagBag from /home/vscode/.local/lib/python3.10/site-packages/airflow/example_dags/example_sla_dag.py
[2024-09-12T06:59:44.256+0000] {processor.py:836} INFO - DAG(s) dict_keys(['example_sla_dag']) retrieved from /home/vscode/.local/lib/python3.10/site-packages/airflow/example_dags/example_sla_dag.py
[2024-09-12T06:59:44.267+0000] {logging_mixin.py:150} INFO - [2024-09-12T06:59:44.267+0000] {dag.py:2742} INFO - Sync 1 DAGs
[2024-09-12T06:59:44.282+0000] {logging_mixin.py:150} INFO - [2024-09-12T06:59:44.282+0000] {dag.py:3504} INFO - Setting next_dagrun for example_sla_dag to 2024-09-12T06:56:00+00:00, run_after=2024-09-12T06:58:00+00:00
[2024-09-12T06:59:44.360+0000] {processor.py:179} INFO - Processing /home/vscode/.local/lib/python3.10/site-packages/airflow/example_dags/example_sla_dag.py took 0.113 seconds
[2024-09-12T07:00:31.462+0000] {processor.py:157} INFO - Started process (PID=15854) to work on /home/vscode/.local/lib/python3.10/site-packages/airflow/example_dags/example_sla_dag.py
[2024-09-12T07:00:31.462+0000] {processor.py:826} INFO - Processing file /home/vscode/.local/lib/python3.10/site-packages/airflow/example_dags/example_sla_dag.py for tasks to queue
[2024-09-12T07:00:31.463+0000] {logging_mixin.py:150} INFO - [2024-09-12T07:00:31.463+0000] {dagbag.py:541} INFO - Filling up the DagBag from /home/vscode/.local/lib/python3.10/site-packages/airflow/example_dags/example_sla_dag.py
[2024-09-12T07:00:31.469+0000] {processor.py:836} INFO - DAG(s) dict_keys(['example_sla_dag']) retrieved from /home/vscode/.local/lib/python3.10/site-packages/airflow/example_dags/example_sla_dag.py
[2024-09-12T07:00:31.479+0000] {logging_mixin.py:150} INFO - [2024-09-12T07:00:31.479+0000] {dag.py:2742} INFO - Sync 1 DAGs
[2024-09-12T07:00:31.495+0000] {logging_mixin.py:150} INFO - [2024-09-12T07:00:31.495+0000] {dag.py:3504} INFO - Setting next_dagrun for example_sla_dag to 2024-09-12T06:58:00+00:00, run_after=2024-09-12T07:00:00+00:00
[2024-09-12T07:00:31.527+0000] {processor.py:179} INFO - Processing /home/vscode/.local/lib/python3.10/site-packages/airflow/example_dags/example_sla_dag.py took 0.067 seconds
[2024-09-12T07:01:18.759+0000] {processor.py:157} INFO - Started process (PID=16181) to work on /home/vscode/.local/lib/python3.10/site-packages/airflow/example_dags/example_sla_dag.py
[2024-09-12T07:01:18.759+0000] {processor.py:826} INFO - Processing file /home/vscode/.local/lib/python3.10/site-packages/airflow/example_dags/example_sla_dag.py for tasks to queue
[2024-09-12T07:01:18.760+0000] {logging_mixin.py:150} INFO - [2024-09-12T07:01:18.760+0000] {dagbag.py:541} INFO - Filling up the DagBag from /home/vscode/.local/lib/python3.10/site-packages/airflow/example_dags/example_sla_dag.py
[2024-09-12T07:01:18.766+0000] {processor.py:836} INFO - DAG(s) dict_keys(['example_sla_dag']) retrieved from /home/vscode/.local/lib/python3.10/site-packages/airflow/example_dags/example_sla_dag.py
[2024-09-12T07:01:18.777+0000] {logging_mixin.py:150} INFO - [2024-09-12T07:01:18.776+0000] {dag.py:2742} INFO - Sync 1 DAGs
[2024-09-12T07:01:18.792+0000] {logging_mixin.py:150} INFO - [2024-09-12T07:01:18.792+0000] {dag.py:3504} INFO - Setting next_dagrun for example_sla_dag to 2024-09-12T06:58:00+00:00, run_after=2024-09-12T07:00:00+00:00
[2024-09-12T07:01:18.824+0000] {processor.py:179} INFO - Processing /home/vscode/.local/lib/python3.10/site-packages/airflow/example_dags/example_sla_dag.py took 0.067 seconds
[2024-09-12T07:01:58.544+0000] {processor.py:157} INFO - Started process (PID=16447) to work on /home/vscode/.local/lib/python3.10/site-packages/airflow/example_dags/example_sla_dag.py
[2024-09-12T07:01:58.544+0000] {processor.py:826} INFO - Processing file /home/vscode/.local/lib/python3.10/site-packages/airflow/example_dags/example_sla_dag.py for tasks to queue
[2024-09-12T07:01:58.545+0000] {logging_mixin.py:150} INFO - [2024-09-12T07:01:58.544+0000] {dagbag.py:541} INFO - Filling up the DagBag from /home/vscode/.local/lib/python3.10/site-packages/airflow/example_dags/example_sla_dag.py
[2024-09-12T07:01:58.551+0000] {processor.py:836} INFO - DAG(s) dict_keys(['example_sla_dag']) retrieved from /home/vscode/.local/lib/python3.10/site-packages/airflow/example_dags/example_sla_dag.py
[2024-09-12T07:01:58.562+0000] {logging_mixin.py:150} INFO - [2024-09-12T07:01:58.562+0000] {dag.py:2742} INFO - Sync 1 DAGs
[2024-09-12T07:01:58.578+0000] {logging_mixin.py:150} INFO - [2024-09-12T07:01:58.578+0000] {dag.py:3504} INFO - Setting next_dagrun for example_sla_dag to 2024-09-12T06:58:00+00:00, run_after=2024-09-12T07:00:00+00:00
[2024-09-12T07:01:58.610+0000] {processor.py:179} INFO - Processing /home/vscode/.local/lib/python3.10/site-packages/airflow/example_dags/example_sla_dag.py took 0.069 seconds
[2024-09-12T07:02:38.764+0000] {processor.py:157} INFO - Started process (PID=16717) to work on /home/vscode/.local/lib/python3.10/site-packages/airflow/example_dags/example_sla_dag.py
[2024-09-12T07:02:38.765+0000] {processor.py:826} INFO - Processing file /home/vscode/.local/lib/python3.10/site-packages/airflow/example_dags/example_sla_dag.py for tasks to queue
[2024-09-12T07:02:38.766+0000] {logging_mixin.py:150} INFO - [2024-09-12T07:02:38.766+0000] {dagbag.py:541} INFO - Filling up the DagBag from /home/vscode/.local/lib/python3.10/site-packages/airflow/example_dags/example_sla_dag.py
[2024-09-12T07:02:38.774+0000] {processor.py:836} INFO - DAG(s) dict_keys(['example_sla_dag']) retrieved from /home/vscode/.local/lib/python3.10/site-packages/airflow/example_dags/example_sla_dag.py
[2024-09-12T07:02:38.789+0000] {logging_mixin.py:150} INFO - [2024-09-12T07:02:38.789+0000] {dag.py:2742} INFO - Sync 1 DAGs
[2024-09-12T07:02:38.805+0000] {logging_mixin.py:150} INFO - [2024-09-12T07:02:38.805+0000] {dag.py:3504} INFO - Setting next_dagrun for example_sla_dag to 2024-09-12T07:00:00+00:00, run_after=2024-09-12T07:02:00+00:00
[2024-09-12T07:02:38.840+0000] {processor.py:179} INFO - Processing /home/vscode/.local/lib/python3.10/site-packages/airflow/example_dags/example_sla_dag.py took 0.078 seconds
[2024-09-12T07:03:27.014+0000] {processor.py:157} INFO - Started process (PID=17037) to work on /home/vscode/.local/lib/python3.10/site-packages/airflow/example_dags/example_sla_dag.py
[2024-09-12T07:03:27.015+0000] {processor.py:826} INFO - Processing file /home/vscode/.local/lib/python3.10/site-packages/airflow/example_dags/example_sla_dag.py for tasks to queue
[2024-09-12T07:03:27.015+0000] {logging_mixin.py:150} INFO - [2024-09-12T07:03:27.015+0000] {dagbag.py:541} INFO - Filling up the DagBag from /home/vscode/.local/lib/python3.10/site-packages/airflow/example_dags/example_sla_dag.py
[2024-09-12T07:03:27.022+0000] {processor.py:836} INFO - DAG(s) dict_keys(['example_sla_dag']) retrieved from /home/vscode/.local/lib/python3.10/site-packages/airflow/example_dags/example_sla_dag.py
[2024-09-12T07:03:27.033+0000] {logging_mixin.py:150} INFO - [2024-09-12T07:03:27.033+0000] {dag.py:2742} INFO - Sync 1 DAGs
[2024-09-12T07:03:27.049+0000] {logging_mixin.py:150} INFO - [2024-09-12T07:03:27.049+0000] {dag.py:3504} INFO - Setting next_dagrun for example_sla_dag to 2024-09-12T07:00:00+00:00, run_after=2024-09-12T07:02:00+00:00
[2024-09-12T07:03:27.082+0000] {processor.py:179} INFO - Processing /home/vscode/.local/lib/python3.10/site-packages/airflow/example_dags/example_sla_dag.py took 0.072 seconds
[2024-09-12T07:04:15.676+0000] {processor.py:157} INFO - Started process (PID=17429) to work on /home/vscode/.local/lib/python3.10/site-packages/airflow/example_dags/example_sla_dag.py
[2024-09-12T07:04:15.677+0000] {processor.py:826} INFO - Processing file /home/vscode/.local/lib/python3.10/site-packages/airflow/example_dags/example_sla_dag.py for tasks to queue
[2024-09-12T07:04:15.677+0000] {logging_mixin.py:150} INFO - [2024-09-12T07:04:15.677+0000] {dagbag.py:541} INFO - Filling up the DagBag from /home/vscode/.local/lib/python3.10/site-packages/airflow/example_dags/example_sla_dag.py
[2024-09-12T07:04:15.684+0000] {processor.py:836} INFO - DAG(s) dict_keys(['example_sla_dag']) retrieved from /home/vscode/.local/lib/python3.10/site-packages/airflow/example_dags/example_sla_dag.py
[2024-09-12T07:04:15.694+0000] {logging_mixin.py:150} INFO - [2024-09-12T07:04:15.694+0000] {dag.py:2742} INFO - Sync 1 DAGs
[2024-09-12T07:04:15.710+0000] {logging_mixin.py:150} INFO - [2024-09-12T07:04:15.710+0000] {dag.py:3504} INFO - Setting next_dagrun for example_sla_dag to 2024-09-12T07:02:00+00:00, run_after=2024-09-12T07:04:00+00:00
[2024-09-12T07:04:15.742+0000] {processor.py:179} INFO - Processing /home/vscode/.local/lib/python3.10/site-packages/airflow/example_dags/example_sla_dag.py took 0.068 seconds
[2024-09-12T07:05:00.160+0000] {processor.py:157} INFO - Started process (PID=17750) to work on /home/vscode/.local/lib/python3.10/site-packages/airflow/example_dags/example_sla_dag.py
[2024-09-12T07:05:00.161+0000] {processor.py:826} INFO - Processing file /home/vscode/.local/lib/python3.10/site-packages/airflow/example_dags/example_sla_dag.py for tasks to queue
[2024-09-12T07:05:00.161+0000] {logging_mixin.py:150} INFO - [2024-09-12T07:05:00.161+0000] {dagbag.py:541} INFO - Filling up the DagBag from /home/vscode/.local/lib/python3.10/site-packages/airflow/example_dags/example_sla_dag.py
[2024-09-12T07:05:00.167+0000] {processor.py:836} INFO - DAG(s) dict_keys(['example_sla_dag']) retrieved from /home/vscode/.local/lib/python3.10/site-packages/airflow/example_dags/example_sla_dag.py
[2024-09-12T07:05:00.178+0000] {logging_mixin.py:150} INFO - [2024-09-12T07:05:00.178+0000] {dag.py:2742} INFO - Sync 1 DAGs
[2024-09-12T07:05:00.194+0000] {logging_mixin.py:150} INFO - [2024-09-12T07:05:00.194+0000] {dag.py:3504} INFO - Setting next_dagrun for example_sla_dag to 2024-09-12T07:02:00+00:00, run_after=2024-09-12T07:04:00+00:00
[2024-09-12T07:05:00.230+0000] {processor.py:179} INFO - Processing /home/vscode/.local/lib/python3.10/site-packages/airflow/example_dags/example_sla_dag.py took 0.072 seconds
[2024-09-12T07:05:44.971+0000] {processor.py:157} INFO - Started process (PID=18185) to work on /home/vscode/.local/lib/python3.10/site-packages/airflow/example_dags/example_sla_dag.py
[2024-09-12T07:05:44.971+0000] {processor.py:826} INFO - Processing file /home/vscode/.local/lib/python3.10/site-packages/airflow/example_dags/example_sla_dag.py for tasks to queue
[2024-09-12T07:05:44.972+0000] {logging_mixin.py:150} INFO - [2024-09-12T07:05:44.972+0000] {dagbag.py:541} INFO - Filling up the DagBag from /home/vscode/.local/lib/python3.10/site-packages/airflow/example_dags/example_sla_dag.py
[2024-09-12T07:05:44.978+0000] {processor.py:836} INFO - DAG(s) dict_keys(['example_sla_dag']) retrieved from /home/vscode/.local/lib/python3.10/site-packages/airflow/example_dags/example_sla_dag.py
[2024-09-12T07:05:44.989+0000] {logging_mixin.py:150} INFO - [2024-09-12T07:05:44.989+0000] {dag.py:2742} INFO - Sync 1 DAGs
[2024-09-12T07:05:45.005+0000] {logging_mixin.py:150} INFO - [2024-09-12T07:05:45.005+0000] {dag.py:3504} INFO - Setting next_dagrun for example_sla_dag to 2024-09-12T07:02:00+00:00, run_after=2024-09-12T07:04:00+00:00
[2024-09-12T07:05:45.036+0000] {processor.py:179} INFO - Processing /home/vscode/.local/lib/python3.10/site-packages/airflow/example_dags/example_sla_dag.py took 0.067 seconds
[2024-09-12T07:06:29.045+0000] {processor.py:157} INFO - Started process (PID=18532) to work on /home/vscode/.local/lib/python3.10/site-packages/airflow/example_dags/example_sla_dag.py
[2024-09-12T07:06:29.045+0000] {processor.py:826} INFO - Processing file /home/vscode/.local/lib/python3.10/site-packages/airflow/example_dags/example_sla_dag.py for tasks to queue
[2024-09-12T07:06:29.046+0000] {logging_mixin.py:150} INFO - [2024-09-12T07:06:29.046+0000] {dagbag.py:541} INFO - Filling up the DagBag from /home/vscode/.local/lib/python3.10/site-packages/airflow/example_dags/example_sla_dag.py
[2024-09-12T07:06:29.052+0000] {processor.py:836} INFO - DAG(s) dict_keys(['example_sla_dag']) retrieved from /home/vscode/.local/lib/python3.10/site-packages/airflow/example_dags/example_sla_dag.py
[2024-09-12T07:06:29.063+0000] {logging_mixin.py:150} INFO - [2024-09-12T07:06:29.063+0000] {dag.py:2742} INFO - Sync 1 DAGs
[2024-09-12T07:06:29.079+0000] {logging_mixin.py:150} INFO - [2024-09-12T07:06:29.079+0000] {dag.py:3504} INFO - Setting next_dagrun for example_sla_dag to 2024-09-12T07:04:00+00:00, run_after=2024-09-12T07:06:00+00:00
[2024-09-12T07:06:29.148+0000] {processor.py:179} INFO - Processing /home/vscode/.local/lib/python3.10/site-packages/airflow/example_dags/example_sla_dag.py took 0.106 seconds
[2024-09-12T07:07:13.992+0000] {processor.py:157} INFO - Started process (PID=18841) to work on /home/vscode/.local/lib/python3.10/site-packages/airflow/example_dags/example_sla_dag.py
[2024-09-12T07:07:13.993+0000] {processor.py:826} INFO - Processing file /home/vscode/.local/lib/python3.10/site-packages/airflow/example_dags/example_sla_dag.py for tasks to queue
[2024-09-12T07:07:13.993+0000] {logging_mixin.py:150} INFO - [2024-09-12T07:07:13.993+0000] {dagbag.py:541} INFO - Filling up the DagBag from /home/vscode/.local/lib/python3.10/site-packages/airflow/example_dags/example_sla_dag.py
[2024-09-12T07:07:14.000+0000] {processor.py:836} INFO - DAG(s) dict_keys(['example_sla_dag']) retrieved from /home/vscode/.local/lib/python3.10/site-packages/airflow/example_dags/example_sla_dag.py
[2024-09-12T07:07:14.011+0000] {logging_mixin.py:150} INFO - [2024-09-12T07:07:14.011+0000] {dag.py:2742} INFO - Sync 1 DAGs
[2024-09-12T07:07:14.028+0000] {logging_mixin.py:150} INFO - [2024-09-12T07:07:14.028+0000] {dag.py:3504} INFO - Setting next_dagrun for example_sla_dag to 2024-09-12T07:04:00+00:00, run_after=2024-09-12T07:06:00+00:00
[2024-09-12T07:07:14.060+0000] {processor.py:179} INFO - Processing /home/vscode/.local/lib/python3.10/site-packages/airflow/example_dags/example_sla_dag.py took 0.071 seconds
[2024-09-12T07:07:57.751+0000] {processor.py:157} INFO - Started process (PID=19129) to work on /home/vscode/.local/lib/python3.10/site-packages/airflow/example_dags/example_sla_dag.py
[2024-09-12T07:07:57.751+0000] {processor.py:826} INFO - Processing file /home/vscode/.local/lib/python3.10/site-packages/airflow/example_dags/example_sla_dag.py for tasks to queue
[2024-09-12T07:07:57.752+0000] {logging_mixin.py:150} INFO - [2024-09-12T07:07:57.752+0000] {dagbag.py:541} INFO - Filling up the DagBag from /home/vscode/.local/lib/python3.10/site-packages/airflow/example_dags/example_sla_dag.py
[2024-09-12T07:07:57.758+0000] {processor.py:836} INFO - DAG(s) dict_keys(['example_sla_dag']) retrieved from /home/vscode/.local/lib/python3.10/site-packages/airflow/example_dags/example_sla_dag.py
[2024-09-12T07:07:57.769+0000] {logging_mixin.py:150} INFO - [2024-09-12T07:07:57.769+0000] {dag.py:2742} INFO - Sync 1 DAGs
[2024-09-12T07:07:57.785+0000] {logging_mixin.py:150} INFO - [2024-09-12T07:07:57.785+0000] {dag.py:3504} INFO - Setting next_dagrun for example_sla_dag to 2024-09-12T07:04:00+00:00, run_after=2024-09-12T07:06:00+00:00
[2024-09-12T07:07:57.827+0000] {processor.py:179} INFO - Processing /home/vscode/.local/lib/python3.10/site-packages/airflow/example_dags/example_sla_dag.py took 0.079 seconds
[2024-09-12T07:08:41.008+0000] {processor.py:157} INFO - Started process (PID=19508) to work on /home/vscode/.local/lib/python3.10/site-packages/airflow/example_dags/example_sla_dag.py
[2024-09-12T07:08:41.008+0000] {processor.py:826} INFO - Processing file /home/vscode/.local/lib/python3.10/site-packages/airflow/example_dags/example_sla_dag.py for tasks to queue
[2024-09-12T07:08:41.009+0000] {logging_mixin.py:150} INFO - [2024-09-12T07:08:41.009+0000] {dagbag.py:541} INFO - Filling up the DagBag from /home/vscode/.local/lib/python3.10/site-packages/airflow/example_dags/example_sla_dag.py
[2024-09-12T07:08:41.015+0000] {processor.py:836} INFO - DAG(s) dict_keys(['example_sla_dag']) retrieved from /home/vscode/.local/lib/python3.10/site-packages/airflow/example_dags/example_sla_dag.py
[2024-09-12T07:08:41.026+0000] {logging_mixin.py:150} INFO - [2024-09-12T07:08:41.026+0000] {dag.py:2742} INFO - Sync 1 DAGs
[2024-09-12T07:08:41.042+0000] {logging_mixin.py:150} INFO - [2024-09-12T07:08:41.042+0000] {dag.py:3504} INFO - Setting next_dagrun for example_sla_dag to 2024-09-12T07:06:00+00:00, run_after=2024-09-12T07:08:00+00:00
[2024-09-12T07:08:41.080+0000] {processor.py:179} INFO - Processing /home/vscode/.local/lib/python3.10/site-packages/airflow/example_dags/example_sla_dag.py took 0.075 seconds
[2024-09-12T07:09:28.113+0000] {processor.py:157} INFO - Started process (PID=19859) to work on /home/vscode/.local/lib/python3.10/site-packages/airflow/example_dags/example_sla_dag.py
[2024-09-12T07:09:28.113+0000] {processor.py:826} INFO - Processing file /home/vscode/.local/lib/python3.10/site-packages/airflow/example_dags/example_sla_dag.py for tasks to queue
[2024-09-12T07:09:28.114+0000] {logging_mixin.py:150} INFO - [2024-09-12T07:09:28.114+0000] {dagbag.py:541} INFO - Filling up the DagBag from /home/vscode/.local/lib/python3.10/site-packages/airflow/example_dags/example_sla_dag.py
[2024-09-12T07:09:28.121+0000] {processor.py:836} INFO - DAG(s) dict_keys(['example_sla_dag']) retrieved from /home/vscode/.local/lib/python3.10/site-packages/airflow/example_dags/example_sla_dag.py
[2024-09-12T07:09:28.132+0000] {logging_mixin.py:150} INFO - [2024-09-12T07:09:28.132+0000] {dag.py:2742} INFO - Sync 1 DAGs
[2024-09-12T07:09:28.149+0000] {logging_mixin.py:150} INFO - [2024-09-12T07:09:28.149+0000] {dag.py:3504} INFO - Setting next_dagrun for example_sla_dag to 2024-09-12T07:06:00+00:00, run_after=2024-09-12T07:08:00+00:00
[2024-09-12T07:09:28.196+0000] {processor.py:179} INFO - Processing /home/vscode/.local/lib/python3.10/site-packages/airflow/example_dags/example_sla_dag.py took 0.086 seconds
[2024-09-12T07:10:12.150+0000] {processor.py:157} INFO - Started process (PID=20184) to work on /home/vscode/.local/lib/python3.10/site-packages/airflow/example_dags/example_sla_dag.py
[2024-09-12T07:10:12.151+0000] {processor.py:826} INFO - Processing file /home/vscode/.local/lib/python3.10/site-packages/airflow/example_dags/example_sla_dag.py for tasks to queue
[2024-09-12T07:10:12.151+0000] {logging_mixin.py:150} INFO - [2024-09-12T07:10:12.151+0000] {dagbag.py:541} INFO - Filling up the DagBag from /home/vscode/.local/lib/python3.10/site-packages/airflow/example_dags/example_sla_dag.py
[2024-09-12T07:10:12.157+0000] {processor.py:836} INFO - DAG(s) dict_keys(['example_sla_dag']) retrieved from /home/vscode/.local/lib/python3.10/site-packages/airflow/example_dags/example_sla_dag.py
[2024-09-12T07:10:12.168+0000] {logging_mixin.py:150} INFO - [2024-09-12T07:10:12.168+0000] {dag.py:2742} INFO - Sync 1 DAGs
[2024-09-12T07:10:12.185+0000] {logging_mixin.py:150} INFO - [2024-09-12T07:10:12.185+0000] {dag.py:3504} INFO - Setting next_dagrun for example_sla_dag to 2024-09-12T07:08:00+00:00, run_after=2024-09-12T07:10:00+00:00
[2024-09-12T07:10:12.227+0000] {processor.py:179} INFO - Processing /home/vscode/.local/lib/python3.10/site-packages/airflow/example_dags/example_sla_dag.py took 0.080 seconds
