[2024-09-12T06:39:43.363+0000] {processor.py:157} INFO - Started process (PID=7471) to work on /home/vscode/.local/lib/python3.10/site-packages/airflow/example_dags/example_branch_day_of_week_operator.py
[2024-09-12T06:39:43.364+0000] {processor.py:826} INFO - Processing file /home/vscode/.local/lib/python3.10/site-packages/airflow/example_dags/example_branch_day_of_week_operator.py for tasks to queue
[2024-09-12T06:39:43.365+0000] {logging_mixin.py:150} INFO - [2024-09-12T06:39:43.364+0000] {dagbag.py:541} INFO - Filling up the DagBag from /home/vscode/.local/lib/python3.10/site-packages/airflow/example_dags/example_branch_day_of_week_operator.py
[2024-09-12T06:39:43.370+0000] {processor.py:836} INFO - DAG(s) dict_keys(['example_weekday_branch_operator']) retrieved from /home/vscode/.local/lib/python3.10/site-packages/airflow/example_dags/example_branch_day_of_week_operator.py
[2024-09-12T06:39:43.567+0000] {logging_mixin.py:150} INFO - [2024-09-12T06:39:43.567+0000] {manager.py:504} INFO - Created Permission View: can delete on DAG:example_weekday_branch_operator
[2024-09-12T06:39:43.592+0000] {logging_mixin.py:150} INFO - [2024-09-12T06:39:43.592+0000] {manager.py:504} INFO - Created Permission View: can read on DAG:example_weekday_branch_operator
[2024-09-12T06:39:43.617+0000] {logging_mixin.py:150} INFO - [2024-09-12T06:39:43.617+0000] {manager.py:504} INFO - Created Permission View: can edit on DAG:example_weekday_branch_operator
[2024-09-12T06:39:43.624+0000] {logging_mixin.py:150} INFO - [2024-09-12T06:39:43.624+0000] {dag.py:2742} INFO - Sync 1 DAGs
[2024-09-12T06:39:43.630+0000] {logging_mixin.py:150} INFO - [2024-09-12T06:39:43.630+0000] {dag.py:2763} INFO - Creating ORM DAG for example_weekday_branch_operator
[2024-09-12T06:39:43.638+0000] {logging_mixin.py:150} INFO - [2024-09-12T06:39:43.637+0000] {dag.py:3504} INFO - Setting next_dagrun for example_weekday_branch_operator to 2024-09-11T00:00:00+00:00, run_after=2024-09-12T00:00:00+00:00
[2024-09-12T06:39:43.678+0000] {processor.py:179} INFO - Processing /home/vscode/.local/lib/python3.10/site-packages/airflow/example_dags/example_branch_day_of_week_operator.py took 0.317 seconds
[2024-09-12T06:40:36.981+0000] {processor.py:157} INFO - Started process (PID=7823) to work on /home/vscode/.local/lib/python3.10/site-packages/airflow/example_dags/example_branch_day_of_week_operator.py
[2024-09-12T06:40:36.982+0000] {processor.py:826} INFO - Processing file /home/vscode/.local/lib/python3.10/site-packages/airflow/example_dags/example_branch_day_of_week_operator.py for tasks to queue
[2024-09-12T06:40:36.982+0000] {logging_mixin.py:150} INFO - [2024-09-12T06:40:36.982+0000] {dagbag.py:541} INFO - Filling up the DagBag from /home/vscode/.local/lib/python3.10/site-packages/airflow/example_dags/example_branch_day_of_week_operator.py
[2024-09-12T06:40:36.988+0000] {processor.py:836} INFO - DAG(s) dict_keys(['example_weekday_branch_operator']) retrieved from /home/vscode/.local/lib/python3.10/site-packages/airflow/example_dags/example_branch_day_of_week_operator.py
[2024-09-12T06:40:37.001+0000] {logging_mixin.py:150} INFO - [2024-09-12T06:40:37.001+0000] {dag.py:2742} INFO - Sync 1 DAGs
[2024-09-12T06:40:37.016+0000] {logging_mixin.py:150} INFO - [2024-09-12T06:40:37.016+0000] {dag.py:3504} INFO - Setting next_dagrun for example_weekday_branch_operator to 2024-09-11T00:00:00+00:00, run_after=2024-09-12T00:00:00+00:00
[2024-09-12T06:40:37.049+0000] {processor.py:179} INFO - Processing /home/vscode/.local/lib/python3.10/site-packages/airflow/example_dags/example_branch_day_of_week_operator.py took 0.070 seconds
[2024-09-12T06:41:20.845+0000] {processor.py:157} INFO - Started process (PID=8120) to work on /home/vscode/.local/lib/python3.10/site-packages/airflow/example_dags/example_branch_day_of_week_operator.py
[2024-09-12T06:41:20.846+0000] {processor.py:826} INFO - Processing file /home/vscode/.local/lib/python3.10/site-packages/airflow/example_dags/example_branch_day_of_week_operator.py for tasks to queue
[2024-09-12T06:41:20.846+0000] {logging_mixin.py:150} INFO - [2024-09-12T06:41:20.846+0000] {dagbag.py:541} INFO - Filling up the DagBag from /home/vscode/.local/lib/python3.10/site-packages/airflow/example_dags/example_branch_day_of_week_operator.py
[2024-09-12T06:41:20.852+0000] {processor.py:836} INFO - DAG(s) dict_keys(['example_weekday_branch_operator']) retrieved from /home/vscode/.local/lib/python3.10/site-packages/airflow/example_dags/example_branch_day_of_week_operator.py
[2024-09-12T06:41:20.864+0000] {logging_mixin.py:150} INFO - [2024-09-12T06:41:20.864+0000] {dag.py:2742} INFO - Sync 1 DAGs
[2024-09-12T06:41:20.879+0000] {logging_mixin.py:150} INFO - [2024-09-12T06:41:20.879+0000] {dag.py:3504} INFO - Setting next_dagrun for example_weekday_branch_operator to 2024-09-11T00:00:00+00:00, run_after=2024-09-12T00:00:00+00:00
[2024-09-12T06:41:20.926+0000] {processor.py:179} INFO - Processing /home/vscode/.local/lib/python3.10/site-packages/airflow/example_dags/example_branch_day_of_week_operator.py took 0.083 seconds
[2024-09-12T06:42:03.538+0000] {processor.py:157} INFO - Started process (PID=8405) to work on /home/vscode/.local/lib/python3.10/site-packages/airflow/example_dags/example_branch_day_of_week_operator.py
[2024-09-12T06:42:03.538+0000] {processor.py:826} INFO - Processing file /home/vscode/.local/lib/python3.10/site-packages/airflow/example_dags/example_branch_day_of_week_operator.py for tasks to queue
[2024-09-12T06:42:03.539+0000] {logging_mixin.py:150} INFO - [2024-09-12T06:42:03.539+0000] {dagbag.py:541} INFO - Filling up the DagBag from /home/vscode/.local/lib/python3.10/site-packages/airflow/example_dags/example_branch_day_of_week_operator.py
[2024-09-12T06:42:03.544+0000] {processor.py:836} INFO - DAG(s) dict_keys(['example_weekday_branch_operator']) retrieved from /home/vscode/.local/lib/python3.10/site-packages/airflow/example_dags/example_branch_day_of_week_operator.py
[2024-09-12T06:42:03.557+0000] {logging_mixin.py:150} INFO - [2024-09-12T06:42:03.556+0000] {dag.py:2742} INFO - Sync 1 DAGs
[2024-09-12T06:42:03.571+0000] {logging_mixin.py:150} INFO - [2024-09-12T06:42:03.571+0000] {dag.py:3504} INFO - Setting next_dagrun for example_weekday_branch_operator to 2024-09-11T00:00:00+00:00, run_after=2024-09-12T00:00:00+00:00
[2024-09-12T06:42:03.604+0000] {processor.py:179} INFO - Processing /home/vscode/.local/lib/python3.10/site-packages/airflow/example_dags/example_branch_day_of_week_operator.py took 0.069 seconds
[2024-09-12T06:42:49.764+0000] {processor.py:157} INFO - Started process (PID=8713) to work on /home/vscode/.local/lib/python3.10/site-packages/airflow/example_dags/example_branch_day_of_week_operator.py
[2024-09-12T06:42:49.765+0000] {processor.py:826} INFO - Processing file /home/vscode/.local/lib/python3.10/site-packages/airflow/example_dags/example_branch_day_of_week_operator.py for tasks to queue
[2024-09-12T06:42:49.766+0000] {logging_mixin.py:150} INFO - [2024-09-12T06:42:49.765+0000] {dagbag.py:541} INFO - Filling up the DagBag from /home/vscode/.local/lib/python3.10/site-packages/airflow/example_dags/example_branch_day_of_week_operator.py
[2024-09-12T06:42:49.771+0000] {processor.py:836} INFO - DAG(s) dict_keys(['example_weekday_branch_operator']) retrieved from /home/vscode/.local/lib/python3.10/site-packages/airflow/example_dags/example_branch_day_of_week_operator.py
[2024-09-12T06:42:49.783+0000] {logging_mixin.py:150} INFO - [2024-09-12T06:42:49.783+0000] {dag.py:2742} INFO - Sync 1 DAGs
[2024-09-12T06:42:49.798+0000] {logging_mixin.py:150} INFO - [2024-09-12T06:42:49.798+0000] {dag.py:3504} INFO - Setting next_dagrun for example_weekday_branch_operator to 2024-09-11T00:00:00+00:00, run_after=2024-09-12T00:00:00+00:00
[2024-09-12T06:42:49.828+0000] {processor.py:179} INFO - Processing /home/vscode/.local/lib/python3.10/site-packages/airflow/example_dags/example_branch_day_of_week_operator.py took 0.065 seconds
[2024-09-12T06:43:33.746+0000] {processor.py:157} INFO - Started process (PID=9007) to work on /home/vscode/.local/lib/python3.10/site-packages/airflow/example_dags/example_branch_day_of_week_operator.py
[2024-09-12T06:43:33.746+0000] {processor.py:826} INFO - Processing file /home/vscode/.local/lib/python3.10/site-packages/airflow/example_dags/example_branch_day_of_week_operator.py for tasks to queue
[2024-09-12T06:43:33.747+0000] {logging_mixin.py:150} INFO - [2024-09-12T06:43:33.747+0000] {dagbag.py:541} INFO - Filling up the DagBag from /home/vscode/.local/lib/python3.10/site-packages/airflow/example_dags/example_branch_day_of_week_operator.py
[2024-09-12T06:43:33.752+0000] {processor.py:836} INFO - DAG(s) dict_keys(['example_weekday_branch_operator']) retrieved from /home/vscode/.local/lib/python3.10/site-packages/airflow/example_dags/example_branch_day_of_week_operator.py
[2024-09-12T06:43:33.765+0000] {logging_mixin.py:150} INFO - [2024-09-12T06:43:33.764+0000] {dag.py:2742} INFO - Sync 1 DAGs
[2024-09-12T06:43:33.779+0000] {logging_mixin.py:150} INFO - [2024-09-12T06:43:33.779+0000] {dag.py:3504} INFO - Setting next_dagrun for example_weekday_branch_operator to 2024-09-11T00:00:00+00:00, run_after=2024-09-12T00:00:00+00:00
[2024-09-12T06:43:33.821+0000] {processor.py:179} INFO - Processing /home/vscode/.local/lib/python3.10/site-packages/airflow/example_dags/example_branch_day_of_week_operator.py took 0.078 seconds
[2024-09-12T06:44:15.754+0000] {processor.py:157} INFO - Started process (PID=9295) to work on /home/vscode/.local/lib/python3.10/site-packages/airflow/example_dags/example_branch_day_of_week_operator.py
[2024-09-12T06:44:15.755+0000] {processor.py:826} INFO - Processing file /home/vscode/.local/lib/python3.10/site-packages/airflow/example_dags/example_branch_day_of_week_operator.py for tasks to queue
[2024-09-12T06:44:15.755+0000] {logging_mixin.py:150} INFO - [2024-09-12T06:44:15.755+0000] {dagbag.py:541} INFO - Filling up the DagBag from /home/vscode/.local/lib/python3.10/site-packages/airflow/example_dags/example_branch_day_of_week_operator.py
[2024-09-12T06:44:15.761+0000] {processor.py:836} INFO - DAG(s) dict_keys(['example_weekday_branch_operator']) retrieved from /home/vscode/.local/lib/python3.10/site-packages/airflow/example_dags/example_branch_day_of_week_operator.py
[2024-09-12T06:44:15.772+0000] {logging_mixin.py:150} INFO - [2024-09-12T06:44:15.772+0000] {dag.py:2742} INFO - Sync 1 DAGs
[2024-09-12T06:44:15.787+0000] {logging_mixin.py:150} INFO - [2024-09-12T06:44:15.787+0000] {dag.py:3504} INFO - Setting next_dagrun for example_weekday_branch_operator to 2024-09-11T00:00:00+00:00, run_after=2024-09-12T00:00:00+00:00
[2024-09-12T06:44:15.816+0000] {processor.py:179} INFO - Processing /home/vscode/.local/lib/python3.10/site-packages/airflow/example_dags/example_branch_day_of_week_operator.py took 0.065 seconds
[2024-09-12T06:44:58.827+0000] {processor.py:157} INFO - Started process (PID=9583) to work on /home/vscode/.local/lib/python3.10/site-packages/airflow/example_dags/example_branch_day_of_week_operator.py
[2024-09-12T06:44:58.827+0000] {processor.py:826} INFO - Processing file /home/vscode/.local/lib/python3.10/site-packages/airflow/example_dags/example_branch_day_of_week_operator.py for tasks to queue
[2024-09-12T06:44:58.828+0000] {logging_mixin.py:150} INFO - [2024-09-12T06:44:58.828+0000] {dagbag.py:541} INFO - Filling up the DagBag from /home/vscode/.local/lib/python3.10/site-packages/airflow/example_dags/example_branch_day_of_week_operator.py
[2024-09-12T06:44:58.833+0000] {processor.py:836} INFO - DAG(s) dict_keys(['example_weekday_branch_operator']) retrieved from /home/vscode/.local/lib/python3.10/site-packages/airflow/example_dags/example_branch_day_of_week_operator.py
[2024-09-12T06:44:58.846+0000] {logging_mixin.py:150} INFO - [2024-09-12T06:44:58.846+0000] {dag.py:2742} INFO - Sync 1 DAGs
[2024-09-12T06:44:58.865+0000] {logging_mixin.py:150} INFO - [2024-09-12T06:44:58.865+0000] {dag.py:3504} INFO - Setting next_dagrun for example_weekday_branch_operator to 2024-09-11T00:00:00+00:00, run_after=2024-09-12T00:00:00+00:00
[2024-09-12T06:44:58.899+0000] {processor.py:179} INFO - Processing /home/vscode/.local/lib/python3.10/site-packages/airflow/example_dags/example_branch_day_of_week_operator.py took 0.074 seconds
[2024-09-12T06:45:44.225+0000] {processor.py:157} INFO - Started process (PID=9885) to work on /home/vscode/.local/lib/python3.10/site-packages/airflow/example_dags/example_branch_day_of_week_operator.py
[2024-09-12T06:45:44.226+0000] {processor.py:826} INFO - Processing file /home/vscode/.local/lib/python3.10/site-packages/airflow/example_dags/example_branch_day_of_week_operator.py for tasks to queue
[2024-09-12T06:45:44.227+0000] {logging_mixin.py:150} INFO - [2024-09-12T06:45:44.226+0000] {dagbag.py:541} INFO - Filling up the DagBag from /home/vscode/.local/lib/python3.10/site-packages/airflow/example_dags/example_branch_day_of_week_operator.py
[2024-09-12T06:45:44.232+0000] {processor.py:836} INFO - DAG(s) dict_keys(['example_weekday_branch_operator']) retrieved from /home/vscode/.local/lib/python3.10/site-packages/airflow/example_dags/example_branch_day_of_week_operator.py
[2024-09-12T06:45:44.244+0000] {logging_mixin.py:150} INFO - [2024-09-12T06:45:44.244+0000] {dag.py:2742} INFO - Sync 1 DAGs
[2024-09-12T06:45:44.259+0000] {logging_mixin.py:150} INFO - [2024-09-12T06:45:44.259+0000] {dag.py:3504} INFO - Setting next_dagrun for example_weekday_branch_operator to 2024-09-11T00:00:00+00:00, run_after=2024-09-12T00:00:00+00:00
[2024-09-12T06:45:44.290+0000] {processor.py:179} INFO - Processing /home/vscode/.local/lib/python3.10/site-packages/airflow/example_dags/example_branch_day_of_week_operator.py took 0.067 seconds
[2024-09-12T06:46:28.996+0000] {processor.py:157} INFO - Started process (PID=10187) to work on /home/vscode/.local/lib/python3.10/site-packages/airflow/example_dags/example_branch_day_of_week_operator.py
[2024-09-12T06:46:28.996+0000] {processor.py:826} INFO - Processing file /home/vscode/.local/lib/python3.10/site-packages/airflow/example_dags/example_branch_day_of_week_operator.py for tasks to queue
[2024-09-12T06:46:28.997+0000] {logging_mixin.py:150} INFO - [2024-09-12T06:46:28.997+0000] {dagbag.py:541} INFO - Filling up the DagBag from /home/vscode/.local/lib/python3.10/site-packages/airflow/example_dags/example_branch_day_of_week_operator.py
[2024-09-12T06:46:29.003+0000] {processor.py:836} INFO - DAG(s) dict_keys(['example_weekday_branch_operator']) retrieved from /home/vscode/.local/lib/python3.10/site-packages/airflow/example_dags/example_branch_day_of_week_operator.py
[2024-09-12T06:46:29.015+0000] {logging_mixin.py:150} INFO - [2024-09-12T06:46:29.015+0000] {dag.py:2742} INFO - Sync 1 DAGs
[2024-09-12T06:46:29.030+0000] {logging_mixin.py:150} INFO - [2024-09-12T06:46:29.030+0000] {dag.py:3504} INFO - Setting next_dagrun for example_weekday_branch_operator to 2024-09-11T00:00:00+00:00, run_after=2024-09-12T00:00:00+00:00
[2024-09-12T06:46:29.061+0000] {processor.py:179} INFO - Processing /home/vscode/.local/lib/python3.10/site-packages/airflow/example_dags/example_branch_day_of_week_operator.py took 0.067 seconds
[2024-09-12T06:47:12.821+0000] {processor.py:157} INFO - Started process (PID=10487) to work on /home/vscode/.local/lib/python3.10/site-packages/airflow/example_dags/example_branch_day_of_week_operator.py
[2024-09-12T06:47:12.822+0000] {processor.py:826} INFO - Processing file /home/vscode/.local/lib/python3.10/site-packages/airflow/example_dags/example_branch_day_of_week_operator.py for tasks to queue
[2024-09-12T06:47:12.822+0000] {logging_mixin.py:150} INFO - [2024-09-12T06:47:12.822+0000] {dagbag.py:541} INFO - Filling up the DagBag from /home/vscode/.local/lib/python3.10/site-packages/airflow/example_dags/example_branch_day_of_week_operator.py
[2024-09-12T06:47:12.828+0000] {processor.py:836} INFO - DAG(s) dict_keys(['example_weekday_branch_operator']) retrieved from /home/vscode/.local/lib/python3.10/site-packages/airflow/example_dags/example_branch_day_of_week_operator.py
[2024-09-12T06:47:12.840+0000] {logging_mixin.py:150} INFO - [2024-09-12T06:47:12.840+0000] {dag.py:2742} INFO - Sync 1 DAGs
[2024-09-12T06:47:12.859+0000] {logging_mixin.py:150} INFO - [2024-09-12T06:47:12.859+0000] {dag.py:3504} INFO - Setting next_dagrun for example_weekday_branch_operator to 2024-09-11T00:00:00+00:00, run_after=2024-09-12T00:00:00+00:00
[2024-09-12T06:47:12.892+0000] {processor.py:179} INFO - Processing /home/vscode/.local/lib/python3.10/site-packages/airflow/example_dags/example_branch_day_of_week_operator.py took 0.073 seconds
[2024-09-12T06:47:59.278+0000] {processor.py:157} INFO - Started process (PID=10795) to work on /home/vscode/.local/lib/python3.10/site-packages/airflow/example_dags/example_branch_day_of_week_operator.py
[2024-09-12T06:47:59.278+0000] {processor.py:826} INFO - Processing file /home/vscode/.local/lib/python3.10/site-packages/airflow/example_dags/example_branch_day_of_week_operator.py for tasks to queue
[2024-09-12T06:47:59.279+0000] {logging_mixin.py:150} INFO - [2024-09-12T06:47:59.278+0000] {dagbag.py:541} INFO - Filling up the DagBag from /home/vscode/.local/lib/python3.10/site-packages/airflow/example_dags/example_branch_day_of_week_operator.py
[2024-09-12T06:47:59.284+0000] {processor.py:836} INFO - DAG(s) dict_keys(['example_weekday_branch_operator']) retrieved from /home/vscode/.local/lib/python3.10/site-packages/airflow/example_dags/example_branch_day_of_week_operator.py
[2024-09-12T06:47:59.296+0000] {logging_mixin.py:150} INFO - [2024-09-12T06:47:59.296+0000] {dag.py:2742} INFO - Sync 1 DAGs
[2024-09-12T06:47:59.311+0000] {logging_mixin.py:150} INFO - [2024-09-12T06:47:59.311+0000] {dag.py:3504} INFO - Setting next_dagrun for example_weekday_branch_operator to 2024-09-11T00:00:00+00:00, run_after=2024-09-12T00:00:00+00:00
[2024-09-12T06:47:59.352+0000] {processor.py:179} INFO - Processing /home/vscode/.local/lib/python3.10/site-packages/airflow/example_dags/example_branch_day_of_week_operator.py took 0.076 seconds
[2024-09-12T06:48:41.144+0000] {processor.py:157} INFO - Started process (PID=11075) to work on /home/vscode/.local/lib/python3.10/site-packages/airflow/example_dags/example_branch_day_of_week_operator.py
[2024-09-12T06:48:41.145+0000] {processor.py:826} INFO - Processing file /home/vscode/.local/lib/python3.10/site-packages/airflow/example_dags/example_branch_day_of_week_operator.py for tasks to queue
[2024-09-12T06:48:41.146+0000] {logging_mixin.py:150} INFO - [2024-09-12T06:48:41.145+0000] {dagbag.py:541} INFO - Filling up the DagBag from /home/vscode/.local/lib/python3.10/site-packages/airflow/example_dags/example_branch_day_of_week_operator.py
[2024-09-12T06:48:41.151+0000] {processor.py:836} INFO - DAG(s) dict_keys(['example_weekday_branch_operator']) retrieved from /home/vscode/.local/lib/python3.10/site-packages/airflow/example_dags/example_branch_day_of_week_operator.py
[2024-09-12T06:48:41.163+0000] {logging_mixin.py:150} INFO - [2024-09-12T06:48:41.163+0000] {dag.py:2742} INFO - Sync 1 DAGs
[2024-09-12T06:48:41.178+0000] {logging_mixin.py:150} INFO - [2024-09-12T06:48:41.178+0000] {dag.py:3504} INFO - Setting next_dagrun for example_weekday_branch_operator to 2024-09-11T00:00:00+00:00, run_after=2024-09-12T00:00:00+00:00
[2024-09-12T06:48:41.211+0000] {processor.py:179} INFO - Processing /home/vscode/.local/lib/python3.10/site-packages/airflow/example_dags/example_branch_day_of_week_operator.py took 0.069 seconds
[2024-09-12T06:49:25.148+0000] {processor.py:157} INFO - Started process (PID=11376) to work on /home/vscode/.local/lib/python3.10/site-packages/airflow/example_dags/example_branch_day_of_week_operator.py
[2024-09-12T06:49:25.149+0000] {processor.py:826} INFO - Processing file /home/vscode/.local/lib/python3.10/site-packages/airflow/example_dags/example_branch_day_of_week_operator.py for tasks to queue
[2024-09-12T06:49:25.149+0000] {logging_mixin.py:150} INFO - [2024-09-12T06:49:25.149+0000] {dagbag.py:541} INFO - Filling up the DagBag from /home/vscode/.local/lib/python3.10/site-packages/airflow/example_dags/example_branch_day_of_week_operator.py
[2024-09-12T06:49:25.155+0000] {processor.py:836} INFO - DAG(s) dict_keys(['example_weekday_branch_operator']) retrieved from /home/vscode/.local/lib/python3.10/site-packages/airflow/example_dags/example_branch_day_of_week_operator.py
[2024-09-12T06:49:25.167+0000] {logging_mixin.py:150} INFO - [2024-09-12T06:49:25.166+0000] {dag.py:2742} INFO - Sync 1 DAGs
[2024-09-12T06:49:25.181+0000] {logging_mixin.py:150} INFO - [2024-09-12T06:49:25.181+0000] {dag.py:3504} INFO - Setting next_dagrun for example_weekday_branch_operator to 2024-09-11T00:00:00+00:00, run_after=2024-09-12T00:00:00+00:00
[2024-09-12T06:49:25.225+0000] {processor.py:179} INFO - Processing /home/vscode/.local/lib/python3.10/site-packages/airflow/example_dags/example_branch_day_of_week_operator.py took 0.079 seconds
[2024-09-12T06:50:09.967+0000] {processor.py:157} INFO - Started process (PID=11680) to work on /home/vscode/.local/lib/python3.10/site-packages/airflow/example_dags/example_branch_day_of_week_operator.py
[2024-09-12T06:50:09.968+0000] {processor.py:826} INFO - Processing file /home/vscode/.local/lib/python3.10/site-packages/airflow/example_dags/example_branch_day_of_week_operator.py for tasks to queue
[2024-09-12T06:50:09.969+0000] {logging_mixin.py:150} INFO - [2024-09-12T06:50:09.968+0000] {dagbag.py:541} INFO - Filling up the DagBag from /home/vscode/.local/lib/python3.10/site-packages/airflow/example_dags/example_branch_day_of_week_operator.py
[2024-09-12T06:50:09.974+0000] {processor.py:836} INFO - DAG(s) dict_keys(['example_weekday_branch_operator']) retrieved from /home/vscode/.local/lib/python3.10/site-packages/airflow/example_dags/example_branch_day_of_week_operator.py
[2024-09-12T06:50:09.986+0000] {logging_mixin.py:150} INFO - [2024-09-12T06:50:09.986+0000] {dag.py:2742} INFO - Sync 1 DAGs
[2024-09-12T06:50:10.000+0000] {logging_mixin.py:150} INFO - [2024-09-12T06:50:10.000+0000] {dag.py:3504} INFO - Setting next_dagrun for example_weekday_branch_operator to 2024-09-11T00:00:00+00:00, run_after=2024-09-12T00:00:00+00:00
[2024-09-12T06:50:10.037+0000] {processor.py:179} INFO - Processing /home/vscode/.local/lib/python3.10/site-packages/airflow/example_dags/example_branch_day_of_week_operator.py took 0.072 seconds
[2024-09-12T06:50:54.709+0000] {processor.py:157} INFO - Started process (PID=11987) to work on /home/vscode/.local/lib/python3.10/site-packages/airflow/example_dags/example_branch_day_of_week_operator.py
[2024-09-12T06:50:54.710+0000] {processor.py:826} INFO - Processing file /home/vscode/.local/lib/python3.10/site-packages/airflow/example_dags/example_branch_day_of_week_operator.py for tasks to queue
[2024-09-12T06:50:54.711+0000] {logging_mixin.py:150} INFO - [2024-09-12T06:50:54.710+0000] {dagbag.py:541} INFO - Filling up the DagBag from /home/vscode/.local/lib/python3.10/site-packages/airflow/example_dags/example_branch_day_of_week_operator.py
[2024-09-12T06:50:54.716+0000] {processor.py:836} INFO - DAG(s) dict_keys(['example_weekday_branch_operator']) retrieved from /home/vscode/.local/lib/python3.10/site-packages/airflow/example_dags/example_branch_day_of_week_operator.py
[2024-09-12T06:50:54.734+0000] {logging_mixin.py:150} INFO - [2024-09-12T06:50:54.734+0000] {dag.py:2742} INFO - Sync 1 DAGs
[2024-09-12T06:50:54.750+0000] {logging_mixin.py:150} INFO - [2024-09-12T06:50:54.749+0000] {dag.py:3504} INFO - Setting next_dagrun for example_weekday_branch_operator to 2024-09-11T00:00:00+00:00, run_after=2024-09-12T00:00:00+00:00
[2024-09-12T06:50:54.784+0000] {processor.py:179} INFO - Processing /home/vscode/.local/lib/python3.10/site-packages/airflow/example_dags/example_branch_day_of_week_operator.py took 0.077 seconds
[2024-09-12T06:51:41.211+0000] {processor.py:157} INFO - Started process (PID=12289) to work on /home/vscode/.local/lib/python3.10/site-packages/airflow/example_dags/example_branch_day_of_week_operator.py
[2024-09-12T06:51:41.212+0000] {processor.py:826} INFO - Processing file /home/vscode/.local/lib/python3.10/site-packages/airflow/example_dags/example_branch_day_of_week_operator.py for tasks to queue
[2024-09-12T06:51:41.212+0000] {logging_mixin.py:150} INFO - [2024-09-12T06:51:41.212+0000] {dagbag.py:541} INFO - Filling up the DagBag from /home/vscode/.local/lib/python3.10/site-packages/airflow/example_dags/example_branch_day_of_week_operator.py
[2024-09-12T06:51:41.218+0000] {processor.py:836} INFO - DAG(s) dict_keys(['example_weekday_branch_operator']) retrieved from /home/vscode/.local/lib/python3.10/site-packages/airflow/example_dags/example_branch_day_of_week_operator.py
[2024-09-12T06:51:41.230+0000] {logging_mixin.py:150} INFO - [2024-09-12T06:51:41.230+0000] {dag.py:2742} INFO - Sync 1 DAGs
[2024-09-12T06:51:41.245+0000] {logging_mixin.py:150} INFO - [2024-09-12T06:51:41.245+0000] {dag.py:3504} INFO - Setting next_dagrun for example_weekday_branch_operator to 2024-09-11T00:00:00+00:00, run_after=2024-09-12T00:00:00+00:00
[2024-09-12T06:51:41.274+0000] {processor.py:179} INFO - Processing /home/vscode/.local/lib/python3.10/site-packages/airflow/example_dags/example_branch_day_of_week_operator.py took 0.065 seconds
[2024-09-12T06:52:28.661+0000] {processor.py:157} INFO - Started process (PID=12614) to work on /home/vscode/.local/lib/python3.10/site-packages/airflow/example_dags/example_branch_day_of_week_operator.py
[2024-09-12T06:52:28.662+0000] {processor.py:826} INFO - Processing file /home/vscode/.local/lib/python3.10/site-packages/airflow/example_dags/example_branch_day_of_week_operator.py for tasks to queue
[2024-09-12T06:52:28.663+0000] {logging_mixin.py:150} INFO - [2024-09-12T06:52:28.663+0000] {dagbag.py:541} INFO - Filling up the DagBag from /home/vscode/.local/lib/python3.10/site-packages/airflow/example_dags/example_branch_day_of_week_operator.py
[2024-09-12T06:52:28.672+0000] {processor.py:836} INFO - DAG(s) dict_keys(['example_weekday_branch_operator']) retrieved from /home/vscode/.local/lib/python3.10/site-packages/airflow/example_dags/example_branch_day_of_week_operator.py
[2024-09-12T06:52:28.688+0000] {logging_mixin.py:150} INFO - [2024-09-12T06:52:28.688+0000] {dag.py:2742} INFO - Sync 1 DAGs
[2024-09-12T06:52:28.706+0000] {logging_mixin.py:150} INFO - [2024-09-12T06:52:28.706+0000] {dag.py:3504} INFO - Setting next_dagrun for example_weekday_branch_operator to 2024-09-11T00:00:00+00:00, run_after=2024-09-12T00:00:00+00:00
[2024-09-12T06:52:28.749+0000] {processor.py:179} INFO - Processing /home/vscode/.local/lib/python3.10/site-packages/airflow/example_dags/example_branch_day_of_week_operator.py took 0.090 seconds
[2024-09-12T06:53:14.713+0000] {processor.py:157} INFO - Started process (PID=12913) to work on /home/vscode/.local/lib/python3.10/site-packages/airflow/example_dags/example_branch_day_of_week_operator.py
[2024-09-12T06:53:14.713+0000] {processor.py:826} INFO - Processing file /home/vscode/.local/lib/python3.10/site-packages/airflow/example_dags/example_branch_day_of_week_operator.py for tasks to queue
[2024-09-12T06:53:14.714+0000] {logging_mixin.py:150} INFO - [2024-09-12T06:53:14.714+0000] {dagbag.py:541} INFO - Filling up the DagBag from /home/vscode/.local/lib/python3.10/site-packages/airflow/example_dags/example_branch_day_of_week_operator.py
[2024-09-12T06:53:14.720+0000] {processor.py:836} INFO - DAG(s) dict_keys(['example_weekday_branch_operator']) retrieved from /home/vscode/.local/lib/python3.10/site-packages/airflow/example_dags/example_branch_day_of_week_operator.py
[2024-09-12T06:53:14.732+0000] {logging_mixin.py:150} INFO - [2024-09-12T06:53:14.732+0000] {dag.py:2742} INFO - Sync 1 DAGs
[2024-09-12T06:53:14.747+0000] {logging_mixin.py:150} INFO - [2024-09-12T06:53:14.747+0000] {dag.py:3504} INFO - Setting next_dagrun for example_weekday_branch_operator to 2024-09-11T00:00:00+00:00, run_after=2024-09-12T00:00:00+00:00
[2024-09-12T06:53:14.779+0000] {processor.py:179} INFO - Processing /home/vscode/.local/lib/python3.10/site-packages/airflow/example_dags/example_branch_day_of_week_operator.py took 0.069 seconds
[2024-09-12T06:54:00.003+0000] {processor.py:157} INFO - Started process (PID=13224) to work on /home/vscode/.local/lib/python3.10/site-packages/airflow/example_dags/example_branch_day_of_week_operator.py
[2024-09-12T06:54:00.003+0000] {processor.py:826} INFO - Processing file /home/vscode/.local/lib/python3.10/site-packages/airflow/example_dags/example_branch_day_of_week_operator.py for tasks to queue
[2024-09-12T06:54:00.004+0000] {logging_mixin.py:150} INFO - [2024-09-12T06:54:00.004+0000] {dagbag.py:541} INFO - Filling up the DagBag from /home/vscode/.local/lib/python3.10/site-packages/airflow/example_dags/example_branch_day_of_week_operator.py
[2024-09-12T06:54:00.010+0000] {processor.py:836} INFO - DAG(s) dict_keys(['example_weekday_branch_operator']) retrieved from /home/vscode/.local/lib/python3.10/site-packages/airflow/example_dags/example_branch_day_of_week_operator.py
[2024-09-12T06:54:00.022+0000] {logging_mixin.py:150} INFO - [2024-09-12T06:54:00.022+0000] {dag.py:2742} INFO - Sync 1 DAGs
[2024-09-12T06:54:00.036+0000] {logging_mixin.py:150} INFO - [2024-09-12T06:54:00.036+0000] {dag.py:3504} INFO - Setting next_dagrun for example_weekday_branch_operator to 2024-09-11T00:00:00+00:00, run_after=2024-09-12T00:00:00+00:00
[2024-09-12T06:54:00.077+0000] {processor.py:179} INFO - Processing /home/vscode/.local/lib/python3.10/site-packages/airflow/example_dags/example_branch_day_of_week_operator.py took 0.077 seconds
[2024-09-12T06:54:44.848+0000] {processor.py:157} INFO - Started process (PID=13524) to work on /home/vscode/.local/lib/python3.10/site-packages/airflow/example_dags/example_branch_day_of_week_operator.py
[2024-09-12T06:54:44.849+0000] {processor.py:826} INFO - Processing file /home/vscode/.local/lib/python3.10/site-packages/airflow/example_dags/example_branch_day_of_week_operator.py for tasks to queue
[2024-09-12T06:54:44.849+0000] {logging_mixin.py:150} INFO - [2024-09-12T06:54:44.849+0000] {dagbag.py:541} INFO - Filling up the DagBag from /home/vscode/.local/lib/python3.10/site-packages/airflow/example_dags/example_branch_day_of_week_operator.py
[2024-09-12T06:54:44.855+0000] {processor.py:836} INFO - DAG(s) dict_keys(['example_weekday_branch_operator']) retrieved from /home/vscode/.local/lib/python3.10/site-packages/airflow/example_dags/example_branch_day_of_week_operator.py
[2024-09-12T06:54:44.867+0000] {logging_mixin.py:150} INFO - [2024-09-12T06:54:44.867+0000] {dag.py:2742} INFO - Sync 1 DAGs
[2024-09-12T06:54:44.882+0000] {logging_mixin.py:150} INFO - [2024-09-12T06:54:44.882+0000] {dag.py:3504} INFO - Setting next_dagrun for example_weekday_branch_operator to 2024-09-11T00:00:00+00:00, run_after=2024-09-12T00:00:00+00:00
[2024-09-12T06:54:44.920+0000] {processor.py:179} INFO - Processing /home/vscode/.local/lib/python3.10/site-packages/airflow/example_dags/example_branch_day_of_week_operator.py took 0.074 seconds
[2024-09-12T06:55:30.126+0000] {processor.py:157} INFO - Started process (PID=13833) to work on /home/vscode/.local/lib/python3.10/site-packages/airflow/example_dags/example_branch_day_of_week_operator.py
[2024-09-12T06:55:30.127+0000] {processor.py:826} INFO - Processing file /home/vscode/.local/lib/python3.10/site-packages/airflow/example_dags/example_branch_day_of_week_operator.py for tasks to queue
[2024-09-12T06:55:30.127+0000] {logging_mixin.py:150} INFO - [2024-09-12T06:55:30.127+0000] {dagbag.py:541} INFO - Filling up the DagBag from /home/vscode/.local/lib/python3.10/site-packages/airflow/example_dags/example_branch_day_of_week_operator.py
[2024-09-12T06:55:30.133+0000] {processor.py:836} INFO - DAG(s) dict_keys(['example_weekday_branch_operator']) retrieved from /home/vscode/.local/lib/python3.10/site-packages/airflow/example_dags/example_branch_day_of_week_operator.py
[2024-09-12T06:55:30.145+0000] {logging_mixin.py:150} INFO - [2024-09-12T06:55:30.145+0000] {dag.py:2742} INFO - Sync 1 DAGs
[2024-09-12T06:55:30.161+0000] {logging_mixin.py:150} INFO - [2024-09-12T06:55:30.161+0000] {dag.py:3504} INFO - Setting next_dagrun for example_weekday_branch_operator to 2024-09-11T00:00:00+00:00, run_after=2024-09-12T00:00:00+00:00
[2024-09-12T06:55:30.199+0000] {processor.py:179} INFO - Processing /home/vscode/.local/lib/python3.10/site-packages/airflow/example_dags/example_branch_day_of_week_operator.py took 0.075 seconds
[2024-09-12T06:56:18.832+0000] {processor.py:157} INFO - Started process (PID=14153) to work on /home/vscode/.local/lib/python3.10/site-packages/airflow/example_dags/example_branch_day_of_week_operator.py
[2024-09-12T06:56:18.832+0000] {processor.py:826} INFO - Processing file /home/vscode/.local/lib/python3.10/site-packages/airflow/example_dags/example_branch_day_of_week_operator.py for tasks to queue
[2024-09-12T06:56:18.833+0000] {logging_mixin.py:150} INFO - [2024-09-12T06:56:18.833+0000] {dagbag.py:541} INFO - Filling up the DagBag from /home/vscode/.local/lib/python3.10/site-packages/airflow/example_dags/example_branch_day_of_week_operator.py
[2024-09-12T06:56:18.839+0000] {processor.py:836} INFO - DAG(s) dict_keys(['example_weekday_branch_operator']) retrieved from /home/vscode/.local/lib/python3.10/site-packages/airflow/example_dags/example_branch_day_of_week_operator.py
[2024-09-12T06:56:18.851+0000] {logging_mixin.py:150} INFO - [2024-09-12T06:56:18.850+0000] {dag.py:2742} INFO - Sync 1 DAGs
[2024-09-12T06:56:18.865+0000] {logging_mixin.py:150} INFO - [2024-09-12T06:56:18.865+0000] {dag.py:3504} INFO - Setting next_dagrun for example_weekday_branch_operator to 2024-09-11T00:00:00+00:00, run_after=2024-09-12T00:00:00+00:00
[2024-09-12T06:56:18.929+0000] {processor.py:179} INFO - Processing /home/vscode/.local/lib/python3.10/site-packages/airflow/example_dags/example_branch_day_of_week_operator.py took 0.099 seconds
[2024-09-12T06:57:01.767+0000] {processor.py:157} INFO - Started process (PID=14445) to work on /home/vscode/.local/lib/python3.10/site-packages/airflow/example_dags/example_branch_day_of_week_operator.py
[2024-09-12T06:57:01.768+0000] {processor.py:826} INFO - Processing file /home/vscode/.local/lib/python3.10/site-packages/airflow/example_dags/example_branch_day_of_week_operator.py for tasks to queue
[2024-09-12T06:57:01.769+0000] {logging_mixin.py:150} INFO - [2024-09-12T06:57:01.769+0000] {dagbag.py:541} INFO - Filling up the DagBag from /home/vscode/.local/lib/python3.10/site-packages/airflow/example_dags/example_branch_day_of_week_operator.py
[2024-09-12T06:57:01.782+0000] {processor.py:836} INFO - DAG(s) dict_keys(['example_weekday_branch_operator']) retrieved from /home/vscode/.local/lib/python3.10/site-packages/airflow/example_dags/example_branch_day_of_week_operator.py
[2024-09-12T06:57:01.799+0000] {logging_mixin.py:150} INFO - [2024-09-12T06:57:01.799+0000] {dag.py:2742} INFO - Sync 1 DAGs
[2024-09-12T06:57:01.820+0000] {logging_mixin.py:150} INFO - [2024-09-12T06:57:01.820+0000] {dag.py:3504} INFO - Setting next_dagrun for example_weekday_branch_operator to 2024-09-11T00:00:00+00:00, run_after=2024-09-12T00:00:00+00:00
[2024-09-12T06:57:01.901+0000] {processor.py:179} INFO - Processing /home/vscode/.local/lib/python3.10/site-packages/airflow/example_dags/example_branch_day_of_week_operator.py took 0.137 seconds
[2024-09-12T06:57:45.936+0000] {processor.py:157} INFO - Started process (PID=14736) to work on /home/vscode/.local/lib/python3.10/site-packages/airflow/example_dags/example_branch_day_of_week_operator.py
[2024-09-12T06:57:45.937+0000] {processor.py:826} INFO - Processing file /home/vscode/.local/lib/python3.10/site-packages/airflow/example_dags/example_branch_day_of_week_operator.py for tasks to queue
[2024-09-12T06:57:45.938+0000] {logging_mixin.py:150} INFO - [2024-09-12T06:57:45.937+0000] {dagbag.py:541} INFO - Filling up the DagBag from /home/vscode/.local/lib/python3.10/site-packages/airflow/example_dags/example_branch_day_of_week_operator.py
[2024-09-12T06:57:45.943+0000] {processor.py:836} INFO - DAG(s) dict_keys(['example_weekday_branch_operator']) retrieved from /home/vscode/.local/lib/python3.10/site-packages/airflow/example_dags/example_branch_day_of_week_operator.py
[2024-09-12T06:57:45.955+0000] {logging_mixin.py:150} INFO - [2024-09-12T06:57:45.955+0000] {dag.py:2742} INFO - Sync 1 DAGs
[2024-09-12T06:57:45.969+0000] {logging_mixin.py:150} INFO - [2024-09-12T06:57:45.969+0000] {dag.py:3504} INFO - Setting next_dagrun for example_weekday_branch_operator to 2024-09-11T00:00:00+00:00, run_after=2024-09-12T00:00:00+00:00
[2024-09-12T06:57:45.999+0000] {processor.py:179} INFO - Processing /home/vscode/.local/lib/python3.10/site-packages/airflow/example_dags/example_branch_day_of_week_operator.py took 0.065 seconds
[2024-09-12T06:58:29.139+0000] {processor.py:157} INFO - Started process (PID=15032) to work on /home/vscode/.local/lib/python3.10/site-packages/airflow/example_dags/example_branch_day_of_week_operator.py
[2024-09-12T06:58:29.140+0000] {processor.py:826} INFO - Processing file /home/vscode/.local/lib/python3.10/site-packages/airflow/example_dags/example_branch_day_of_week_operator.py for tasks to queue
[2024-09-12T06:58:29.141+0000] {logging_mixin.py:150} INFO - [2024-09-12T06:58:29.140+0000] {dagbag.py:541} INFO - Filling up the DagBag from /home/vscode/.local/lib/python3.10/site-packages/airflow/example_dags/example_branch_day_of_week_operator.py
[2024-09-12T06:58:29.146+0000] {processor.py:836} INFO - DAG(s) dict_keys(['example_weekday_branch_operator']) retrieved from /home/vscode/.local/lib/python3.10/site-packages/airflow/example_dags/example_branch_day_of_week_operator.py
[2024-09-12T06:58:29.158+0000] {logging_mixin.py:150} INFO - [2024-09-12T06:58:29.158+0000] {dag.py:2742} INFO - Sync 1 DAGs
[2024-09-12T06:58:29.173+0000] {logging_mixin.py:150} INFO - [2024-09-12T06:58:29.172+0000] {dag.py:3504} INFO - Setting next_dagrun for example_weekday_branch_operator to 2024-09-11T00:00:00+00:00, run_after=2024-09-12T00:00:00+00:00
[2024-09-12T06:58:29.204+0000] {processor.py:179} INFO - Processing /home/vscode/.local/lib/python3.10/site-packages/airflow/example_dags/example_branch_day_of_week_operator.py took 0.066 seconds
[2024-09-12T06:59:11.311+0000] {processor.py:157} INFO - Started process (PID=15317) to work on /home/vscode/.local/lib/python3.10/site-packages/airflow/example_dags/example_branch_day_of_week_operator.py
[2024-09-12T06:59:11.312+0000] {processor.py:826} INFO - Processing file /home/vscode/.local/lib/python3.10/site-packages/airflow/example_dags/example_branch_day_of_week_operator.py for tasks to queue
[2024-09-12T06:59:11.312+0000] {logging_mixin.py:150} INFO - [2024-09-12T06:59:11.312+0000] {dagbag.py:541} INFO - Filling up the DagBag from /home/vscode/.local/lib/python3.10/site-packages/airflow/example_dags/example_branch_day_of_week_operator.py
[2024-09-12T06:59:11.318+0000] {processor.py:836} INFO - DAG(s) dict_keys(['example_weekday_branch_operator']) retrieved from /home/vscode/.local/lib/python3.10/site-packages/airflow/example_dags/example_branch_day_of_week_operator.py
[2024-09-12T06:59:11.330+0000] {logging_mixin.py:150} INFO - [2024-09-12T06:59:11.330+0000] {dag.py:2742} INFO - Sync 1 DAGs
[2024-09-12T06:59:11.345+0000] {logging_mixin.py:150} INFO - [2024-09-12T06:59:11.344+0000] {dag.py:3504} INFO - Setting next_dagrun for example_weekday_branch_operator to 2024-09-11T00:00:00+00:00, run_after=2024-09-12T00:00:00+00:00
[2024-09-12T06:59:11.379+0000] {processor.py:179} INFO - Processing /home/vscode/.local/lib/python3.10/site-packages/airflow/example_dags/example_branch_day_of_week_operator.py took 0.069 seconds
[2024-09-12T06:59:54.482+0000] {processor.py:157} INFO - Started process (PID=15604) to work on /home/vscode/.local/lib/python3.10/site-packages/airflow/example_dags/example_branch_day_of_week_operator.py
[2024-09-12T06:59:54.483+0000] {processor.py:826} INFO - Processing file /home/vscode/.local/lib/python3.10/site-packages/airflow/example_dags/example_branch_day_of_week_operator.py for tasks to queue
[2024-09-12T06:59:54.483+0000] {logging_mixin.py:150} INFO - [2024-09-12T06:59:54.483+0000] {dagbag.py:541} INFO - Filling up the DagBag from /home/vscode/.local/lib/python3.10/site-packages/airflow/example_dags/example_branch_day_of_week_operator.py
[2024-09-12T06:59:54.489+0000] {processor.py:836} INFO - DAG(s) dict_keys(['example_weekday_branch_operator']) retrieved from /home/vscode/.local/lib/python3.10/site-packages/airflow/example_dags/example_branch_day_of_week_operator.py
[2024-09-12T06:59:54.501+0000] {logging_mixin.py:150} INFO - [2024-09-12T06:59:54.501+0000] {dag.py:2742} INFO - Sync 1 DAGs
[2024-09-12T06:59:54.515+0000] {logging_mixin.py:150} INFO - [2024-09-12T06:59:54.515+0000] {dag.py:3504} INFO - Setting next_dagrun for example_weekday_branch_operator to 2024-09-11T00:00:00+00:00, run_after=2024-09-12T00:00:00+00:00
[2024-09-12T06:59:54.546+0000] {processor.py:179} INFO - Processing /home/vscode/.local/lib/python3.10/site-packages/airflow/example_dags/example_branch_day_of_week_operator.py took 0.066 seconds
[2024-09-12T07:00:42.306+0000] {processor.py:157} INFO - Started process (PID=15930) to work on /home/vscode/.local/lib/python3.10/site-packages/airflow/example_dags/example_branch_day_of_week_operator.py
[2024-09-12T07:00:42.307+0000] {processor.py:826} INFO - Processing file /home/vscode/.local/lib/python3.10/site-packages/airflow/example_dags/example_branch_day_of_week_operator.py for tasks to queue
[2024-09-12T07:00:42.307+0000] {logging_mixin.py:150} INFO - [2024-09-12T07:00:42.307+0000] {dagbag.py:541} INFO - Filling up the DagBag from /home/vscode/.local/lib/python3.10/site-packages/airflow/example_dags/example_branch_day_of_week_operator.py
[2024-09-12T07:00:42.313+0000] {processor.py:836} INFO - DAG(s) dict_keys(['example_weekday_branch_operator']) retrieved from /home/vscode/.local/lib/python3.10/site-packages/airflow/example_dags/example_branch_day_of_week_operator.py
[2024-09-12T07:00:42.326+0000] {logging_mixin.py:150} INFO - [2024-09-12T07:00:42.326+0000] {dag.py:2742} INFO - Sync 1 DAGs
[2024-09-12T07:00:42.341+0000] {logging_mixin.py:150} INFO - [2024-09-12T07:00:42.341+0000] {dag.py:3504} INFO - Setting next_dagrun for example_weekday_branch_operator to 2024-09-11T00:00:00+00:00, run_after=2024-09-12T00:00:00+00:00
[2024-09-12T07:00:42.372+0000] {processor.py:179} INFO - Processing /home/vscode/.local/lib/python3.10/site-packages/airflow/example_dags/example_branch_day_of_week_operator.py took 0.068 seconds
[2024-09-12T07:01:26.787+0000] {processor.py:157} INFO - Started process (PID=16229) to work on /home/vscode/.local/lib/python3.10/site-packages/airflow/example_dags/example_branch_day_of_week_operator.py
[2024-09-12T07:01:26.788+0000] {processor.py:826} INFO - Processing file /home/vscode/.local/lib/python3.10/site-packages/airflow/example_dags/example_branch_day_of_week_operator.py for tasks to queue
[2024-09-12T07:01:26.788+0000] {logging_mixin.py:150} INFO - [2024-09-12T07:01:26.788+0000] {dagbag.py:541} INFO - Filling up the DagBag from /home/vscode/.local/lib/python3.10/site-packages/airflow/example_dags/example_branch_day_of_week_operator.py
[2024-09-12T07:01:26.794+0000] {processor.py:836} INFO - DAG(s) dict_keys(['example_weekday_branch_operator']) retrieved from /home/vscode/.local/lib/python3.10/site-packages/airflow/example_dags/example_branch_day_of_week_operator.py
[2024-09-12T07:01:26.806+0000] {logging_mixin.py:150} INFO - [2024-09-12T07:01:26.806+0000] {dag.py:2742} INFO - Sync 1 DAGs
[2024-09-12T07:01:26.821+0000] {logging_mixin.py:150} INFO - [2024-09-12T07:01:26.821+0000] {dag.py:3504} INFO - Setting next_dagrun for example_weekday_branch_operator to 2024-09-11T00:00:00+00:00, run_after=2024-09-12T00:00:00+00:00
[2024-09-12T07:01:26.865+0000] {processor.py:179} INFO - Processing /home/vscode/.local/lib/python3.10/site-packages/airflow/example_dags/example_branch_day_of_week_operator.py took 0.080 seconds
[2024-09-12T07:02:15.165+0000] {processor.py:157} INFO - Started process (PID=16554) to work on /home/vscode/.local/lib/python3.10/site-packages/airflow/example_dags/example_branch_day_of_week_operator.py
[2024-09-12T07:02:15.165+0000] {processor.py:826} INFO - Processing file /home/vscode/.local/lib/python3.10/site-packages/airflow/example_dags/example_branch_day_of_week_operator.py for tasks to queue
[2024-09-12T07:02:15.166+0000] {logging_mixin.py:150} INFO - [2024-09-12T07:02:15.166+0000] {dagbag.py:541} INFO - Filling up the DagBag from /home/vscode/.local/lib/python3.10/site-packages/airflow/example_dags/example_branch_day_of_week_operator.py
[2024-09-12T07:02:15.172+0000] {processor.py:836} INFO - DAG(s) dict_keys(['example_weekday_branch_operator']) retrieved from /home/vscode/.local/lib/python3.10/site-packages/airflow/example_dags/example_branch_day_of_week_operator.py
[2024-09-12T07:02:15.184+0000] {logging_mixin.py:150} INFO - [2024-09-12T07:02:15.184+0000] {dag.py:2742} INFO - Sync 1 DAGs
[2024-09-12T07:02:15.199+0000] {logging_mixin.py:150} INFO - [2024-09-12T07:02:15.199+0000] {dag.py:3504} INFO - Setting next_dagrun for example_weekday_branch_operator to 2024-09-11T00:00:00+00:00, run_after=2024-09-12T00:00:00+00:00
[2024-09-12T07:02:15.231+0000] {processor.py:179} INFO - Processing /home/vscode/.local/lib/python3.10/site-packages/airflow/example_dags/example_branch_day_of_week_operator.py took 0.069 seconds
[2024-09-12T07:02:57.837+0000] {processor.py:157} INFO - Started process (PID=16839) to work on /home/vscode/.local/lib/python3.10/site-packages/airflow/example_dags/example_branch_day_of_week_operator.py
[2024-09-12T07:02:57.838+0000] {processor.py:826} INFO - Processing file /home/vscode/.local/lib/python3.10/site-packages/airflow/example_dags/example_branch_day_of_week_operator.py for tasks to queue
[2024-09-12T07:02:57.838+0000] {logging_mixin.py:150} INFO - [2024-09-12T07:02:57.838+0000] {dagbag.py:541} INFO - Filling up the DagBag from /home/vscode/.local/lib/python3.10/site-packages/airflow/example_dags/example_branch_day_of_week_operator.py
[2024-09-12T07:02:57.844+0000] {processor.py:836} INFO - DAG(s) dict_keys(['example_weekday_branch_operator']) retrieved from /home/vscode/.local/lib/python3.10/site-packages/airflow/example_dags/example_branch_day_of_week_operator.py
[2024-09-12T07:02:57.856+0000] {logging_mixin.py:150} INFO - [2024-09-12T07:02:57.856+0000] {dag.py:2742} INFO - Sync 1 DAGs
[2024-09-12T07:02:57.871+0000] {logging_mixin.py:150} INFO - [2024-09-12T07:02:57.871+0000] {dag.py:3504} INFO - Setting next_dagrun for example_weekday_branch_operator to 2024-09-11T00:00:00+00:00, run_after=2024-09-12T00:00:00+00:00
[2024-09-12T07:02:57.905+0000] {processor.py:179} INFO - Processing /home/vscode/.local/lib/python3.10/site-packages/airflow/example_dags/example_branch_day_of_week_operator.py took 0.070 seconds
[2024-09-12T07:03:47.185+0000] {processor.py:157} INFO - Started process (PID=17204) to work on /home/vscode/.local/lib/python3.10/site-packages/airflow/example_dags/example_branch_day_of_week_operator.py
[2024-09-12T07:03:47.185+0000] {processor.py:826} INFO - Processing file /home/vscode/.local/lib/python3.10/site-packages/airflow/example_dags/example_branch_day_of_week_operator.py for tasks to queue
[2024-09-12T07:03:47.186+0000] {logging_mixin.py:150} INFO - [2024-09-12T07:03:47.186+0000] {dagbag.py:541} INFO - Filling up the DagBag from /home/vscode/.local/lib/python3.10/site-packages/airflow/example_dags/example_branch_day_of_week_operator.py
[2024-09-12T07:03:47.191+0000] {processor.py:836} INFO - DAG(s) dict_keys(['example_weekday_branch_operator']) retrieved from /home/vscode/.local/lib/python3.10/site-packages/airflow/example_dags/example_branch_day_of_week_operator.py
[2024-09-12T07:03:47.203+0000] {logging_mixin.py:150} INFO - [2024-09-12T07:03:47.203+0000] {dag.py:2742} INFO - Sync 1 DAGs
[2024-09-12T07:03:47.218+0000] {logging_mixin.py:150} INFO - [2024-09-12T07:03:47.218+0000] {dag.py:3504} INFO - Setting next_dagrun for example_weekday_branch_operator to 2024-09-11T00:00:00+00:00, run_after=2024-09-12T00:00:00+00:00
[2024-09-12T07:03:47.266+0000] {processor.py:179} INFO - Processing /home/vscode/.local/lib/python3.10/site-packages/airflow/example_dags/example_branch_day_of_week_operator.py took 0.083 seconds
[2024-09-12T07:04:36.002+0000] {processor.py:157} INFO - Started process (PID=17586) to work on /home/vscode/.local/lib/python3.10/site-packages/airflow/example_dags/example_branch_day_of_week_operator.py
[2024-09-12T07:04:36.003+0000] {processor.py:826} INFO - Processing file /home/vscode/.local/lib/python3.10/site-packages/airflow/example_dags/example_branch_day_of_week_operator.py for tasks to queue
[2024-09-12T07:04:36.004+0000] {logging_mixin.py:150} INFO - [2024-09-12T07:04:36.003+0000] {dagbag.py:541} INFO - Filling up the DagBag from /home/vscode/.local/lib/python3.10/site-packages/airflow/example_dags/example_branch_day_of_week_operator.py
[2024-09-12T07:04:36.009+0000] {processor.py:836} INFO - DAG(s) dict_keys(['example_weekday_branch_operator']) retrieved from /home/vscode/.local/lib/python3.10/site-packages/airflow/example_dags/example_branch_day_of_week_operator.py
[2024-09-12T07:04:36.021+0000] {logging_mixin.py:150} INFO - [2024-09-12T07:04:36.021+0000] {dag.py:2742} INFO - Sync 1 DAGs
[2024-09-12T07:04:36.036+0000] {logging_mixin.py:150} INFO - [2024-09-12T07:04:36.036+0000] {dag.py:3504} INFO - Setting next_dagrun for example_weekday_branch_operator to 2024-09-11T00:00:00+00:00, run_after=2024-09-12T00:00:00+00:00
[2024-09-12T07:04:36.067+0000] {processor.py:179} INFO - Processing /home/vscode/.local/lib/python3.10/site-packages/airflow/example_dags/example_branch_day_of_week_operator.py took 0.067 seconds
[2024-09-12T07:05:20.093+0000] {processor.py:157} INFO - Started process (PID=17990) to work on /home/vscode/.local/lib/python3.10/site-packages/airflow/example_dags/example_branch_day_of_week_operator.py
[2024-09-12T07:05:20.094+0000] {processor.py:826} INFO - Processing file /home/vscode/.local/lib/python3.10/site-packages/airflow/example_dags/example_branch_day_of_week_operator.py for tasks to queue
[2024-09-12T07:05:20.094+0000] {logging_mixin.py:150} INFO - [2024-09-12T07:05:20.094+0000] {dagbag.py:541} INFO - Filling up the DagBag from /home/vscode/.local/lib/python3.10/site-packages/airflow/example_dags/example_branch_day_of_week_operator.py
[2024-09-12T07:05:20.100+0000] {processor.py:836} INFO - DAG(s) dict_keys(['example_weekday_branch_operator']) retrieved from /home/vscode/.local/lib/python3.10/site-packages/airflow/example_dags/example_branch_day_of_week_operator.py
[2024-09-12T07:05:20.112+0000] {logging_mixin.py:150} INFO - [2024-09-12T07:05:20.112+0000] {dag.py:2742} INFO - Sync 1 DAGs
[2024-09-12T07:05:20.126+0000] {logging_mixin.py:150} INFO - [2024-09-12T07:05:20.126+0000] {dag.py:3504} INFO - Setting next_dagrun for example_weekday_branch_operator to 2024-09-11T00:00:00+00:00, run_after=2024-09-12T00:00:00+00:00
[2024-09-12T07:05:20.171+0000] {processor.py:179} INFO - Processing /home/vscode/.local/lib/python3.10/site-packages/airflow/example_dags/example_branch_day_of_week_operator.py took 0.080 seconds
[2024-09-12T07:06:04.472+0000] {processor.py:157} INFO - Started process (PID=18333) to work on /home/vscode/.local/lib/python3.10/site-packages/airflow/example_dags/example_branch_day_of_week_operator.py
[2024-09-12T07:06:04.473+0000] {processor.py:826} INFO - Processing file /home/vscode/.local/lib/python3.10/site-packages/airflow/example_dags/example_branch_day_of_week_operator.py for tasks to queue
[2024-09-12T07:06:04.473+0000] {logging_mixin.py:150} INFO - [2024-09-12T07:06:04.473+0000] {dagbag.py:541} INFO - Filling up the DagBag from /home/vscode/.local/lib/python3.10/site-packages/airflow/example_dags/example_branch_day_of_week_operator.py
[2024-09-12T07:06:04.479+0000] {processor.py:836} INFO - DAG(s) dict_keys(['example_weekday_branch_operator']) retrieved from /home/vscode/.local/lib/python3.10/site-packages/airflow/example_dags/example_branch_day_of_week_operator.py
[2024-09-12T07:06:04.491+0000] {logging_mixin.py:150} INFO - [2024-09-12T07:06:04.491+0000] {dag.py:2742} INFO - Sync 1 DAGs
[2024-09-12T07:06:04.506+0000] {logging_mixin.py:150} INFO - [2024-09-12T07:06:04.506+0000] {dag.py:3504} INFO - Setting next_dagrun for example_weekday_branch_operator to 2024-09-11T00:00:00+00:00, run_after=2024-09-12T00:00:00+00:00
[2024-09-12T07:06:04.539+0000] {processor.py:179} INFO - Processing /home/vscode/.local/lib/python3.10/site-packages/airflow/example_dags/example_branch_day_of_week_operator.py took 0.069 seconds
[2024-09-12T07:06:50.549+0000] {processor.py:157} INFO - Started process (PID=18683) to work on /home/vscode/.local/lib/python3.10/site-packages/airflow/example_dags/example_branch_day_of_week_operator.py
[2024-09-12T07:06:50.549+0000] {processor.py:826} INFO - Processing file /home/vscode/.local/lib/python3.10/site-packages/airflow/example_dags/example_branch_day_of_week_operator.py for tasks to queue
[2024-09-12T07:06:50.550+0000] {logging_mixin.py:150} INFO - [2024-09-12T07:06:50.550+0000] {dagbag.py:541} INFO - Filling up the DagBag from /home/vscode/.local/lib/python3.10/site-packages/airflow/example_dags/example_branch_day_of_week_operator.py
[2024-09-12T07:06:50.555+0000] {processor.py:836} INFO - DAG(s) dict_keys(['example_weekday_branch_operator']) retrieved from /home/vscode/.local/lib/python3.10/site-packages/airflow/example_dags/example_branch_day_of_week_operator.py
[2024-09-12T07:06:50.568+0000] {logging_mixin.py:150} INFO - [2024-09-12T07:06:50.568+0000] {dag.py:2742} INFO - Sync 1 DAGs
[2024-09-12T07:06:50.583+0000] {logging_mixin.py:150} INFO - [2024-09-12T07:06:50.583+0000] {dag.py:3504} INFO - Setting next_dagrun for example_weekday_branch_operator to 2024-09-11T00:00:00+00:00, run_after=2024-09-12T00:00:00+00:00
[2024-09-12T07:06:50.636+0000] {processor.py:179} INFO - Processing /home/vscode/.local/lib/python3.10/site-packages/airflow/example_dags/example_branch_day_of_week_operator.py took 0.089 seconds
[2024-09-12T07:07:35.384+0000] {processor.py:157} INFO - Started process (PID=18982) to work on /home/vscode/.local/lib/python3.10/site-packages/airflow/example_dags/example_branch_day_of_week_operator.py
[2024-09-12T07:07:35.385+0000] {processor.py:826} INFO - Processing file /home/vscode/.local/lib/python3.10/site-packages/airflow/example_dags/example_branch_day_of_week_operator.py for tasks to queue
[2024-09-12T07:07:35.385+0000] {logging_mixin.py:150} INFO - [2024-09-12T07:07:35.385+0000] {dagbag.py:541} INFO - Filling up the DagBag from /home/vscode/.local/lib/python3.10/site-packages/airflow/example_dags/example_branch_day_of_week_operator.py
[2024-09-12T07:07:35.391+0000] {processor.py:836} INFO - DAG(s) dict_keys(['example_weekday_branch_operator']) retrieved from /home/vscode/.local/lib/python3.10/site-packages/airflow/example_dags/example_branch_day_of_week_operator.py
[2024-09-12T07:07:35.403+0000] {logging_mixin.py:150} INFO - [2024-09-12T07:07:35.403+0000] {dag.py:2742} INFO - Sync 1 DAGs
[2024-09-12T07:07:35.418+0000] {logging_mixin.py:150} INFO - [2024-09-12T07:07:35.418+0000] {dag.py:3504} INFO - Setting next_dagrun for example_weekday_branch_operator to 2024-09-11T00:00:00+00:00, run_after=2024-09-12T00:00:00+00:00
[2024-09-12T07:07:35.452+0000] {processor.py:179} INFO - Processing /home/vscode/.local/lib/python3.10/site-packages/airflow/example_dags/example_branch_day_of_week_operator.py took 0.070 seconds
[2024-09-12T07:08:18.871+0000] {processor.py:157} INFO - Started process (PID=19311) to work on /home/vscode/.local/lib/python3.10/site-packages/airflow/example_dags/example_branch_day_of_week_operator.py
[2024-09-12T07:08:18.871+0000] {processor.py:826} INFO - Processing file /home/vscode/.local/lib/python3.10/site-packages/airflow/example_dags/example_branch_day_of_week_operator.py for tasks to queue
[2024-09-12T07:08:18.872+0000] {logging_mixin.py:150} INFO - [2024-09-12T07:08:18.872+0000] {dagbag.py:541} INFO - Filling up the DagBag from /home/vscode/.local/lib/python3.10/site-packages/airflow/example_dags/example_branch_day_of_week_operator.py
[2024-09-12T07:08:18.878+0000] {processor.py:836} INFO - DAG(s) dict_keys(['example_weekday_branch_operator']) retrieved from /home/vscode/.local/lib/python3.10/site-packages/airflow/example_dags/example_branch_day_of_week_operator.py
[2024-09-12T07:08:18.890+0000] {logging_mixin.py:150} INFO - [2024-09-12T07:08:18.890+0000] {dag.py:2742} INFO - Sync 1 DAGs
[2024-09-12T07:08:18.905+0000] {logging_mixin.py:150} INFO - [2024-09-12T07:08:18.905+0000] {dag.py:3504} INFO - Setting next_dagrun for example_weekday_branch_operator to 2024-09-11T00:00:00+00:00, run_after=2024-09-12T00:00:00+00:00
[2024-09-12T07:08:18.940+0000] {processor.py:179} INFO - Processing /home/vscode/.local/lib/python3.10/site-packages/airflow/example_dags/example_branch_day_of_week_operator.py took 0.072 seconds
[2024-09-12T07:09:05.177+0000] {processor.py:157} INFO - Started process (PID=19708) to work on /home/vscode/.local/lib/python3.10/site-packages/airflow/example_dags/example_branch_day_of_week_operator.py
[2024-09-12T07:09:05.178+0000] {processor.py:826} INFO - Processing file /home/vscode/.local/lib/python3.10/site-packages/airflow/example_dags/example_branch_day_of_week_operator.py for tasks to queue
[2024-09-12T07:09:05.178+0000] {logging_mixin.py:150} INFO - [2024-09-12T07:09:05.178+0000] {dagbag.py:541} INFO - Filling up the DagBag from /home/vscode/.local/lib/python3.10/site-packages/airflow/example_dags/example_branch_day_of_week_operator.py
[2024-09-12T07:09:05.184+0000] {processor.py:836} INFO - DAG(s) dict_keys(['example_weekday_branch_operator']) retrieved from /home/vscode/.local/lib/python3.10/site-packages/airflow/example_dags/example_branch_day_of_week_operator.py
[2024-09-12T07:09:05.206+0000] {logging_mixin.py:150} INFO - [2024-09-12T07:09:05.206+0000] {dag.py:2742} INFO - Sync 1 DAGs
[2024-09-12T07:09:05.225+0000] {logging_mixin.py:150} INFO - [2024-09-12T07:09:05.224+0000] {dag.py:3504} INFO - Setting next_dagrun for example_weekday_branch_operator to 2024-09-11T00:00:00+00:00, run_after=2024-09-12T00:00:00+00:00
[2024-09-12T07:09:05.272+0000] {processor.py:179} INFO - Processing /home/vscode/.local/lib/python3.10/site-packages/airflow/example_dags/example_branch_day_of_week_operator.py took 0.097 seconds
[2024-09-12T07:09:50.588+0000] {processor.py:157} INFO - Started process (PID=20014) to work on /home/vscode/.local/lib/python3.10/site-packages/airflow/example_dags/example_branch_day_of_week_operator.py
[2024-09-12T07:09:50.589+0000] {processor.py:826} INFO - Processing file /home/vscode/.local/lib/python3.10/site-packages/airflow/example_dags/example_branch_day_of_week_operator.py for tasks to queue
[2024-09-12T07:09:50.590+0000] {logging_mixin.py:150} INFO - [2024-09-12T07:09:50.590+0000] {dagbag.py:541} INFO - Filling up the DagBag from /home/vscode/.local/lib/python3.10/site-packages/airflow/example_dags/example_branch_day_of_week_operator.py
[2024-09-12T07:09:50.597+0000] {processor.py:836} INFO - DAG(s) dict_keys(['example_weekday_branch_operator']) retrieved from /home/vscode/.local/lib/python3.10/site-packages/airflow/example_dags/example_branch_day_of_week_operator.py
[2024-09-12T07:09:50.617+0000] {logging_mixin.py:150} INFO - [2024-09-12T07:09:50.616+0000] {dag.py:2742} INFO - Sync 1 DAGs
[2024-09-12T07:09:50.639+0000] {logging_mixin.py:150} INFO - [2024-09-12T07:09:50.639+0000] {dag.py:3504} INFO - Setting next_dagrun for example_weekday_branch_operator to 2024-09-11T00:00:00+00:00, run_after=2024-09-12T00:00:00+00:00
[2024-09-12T07:09:50.680+0000] {processor.py:179} INFO - Processing /home/vscode/.local/lib/python3.10/site-packages/airflow/example_dags/example_branch_day_of_week_operator.py took 0.095 seconds
