[2024-09-12T06:40:02.075+0000] {processor.py:157} INFO - Started process (PID=7594) to work on /home/vscode/.local/lib/python3.10/site-packages/airflow/example_dags/example_sensor_decorator.py
[2024-09-12T06:40:02.076+0000] {processor.py:826} INFO - Processing file /home/vscode/.local/lib/python3.10/site-packages/airflow/example_dags/example_sensor_decorator.py for tasks to queue
[2024-09-12T06:40:02.076+0000] {logging_mixin.py:150} INFO - [2024-09-12T06:40:02.076+0000] {dagbag.py:541} INFO - Filling up the DagBag from /home/vscode/.local/lib/python3.10/site-packages/airflow/example_dags/example_sensor_decorator.py
[2024-09-12T06:40:02.157+0000] {processor.py:836} INFO - DAG(s) dict_keys(['example_sensor_decorator']) retrieved from /home/vscode/.local/lib/python3.10/site-packages/airflow/example_dags/example_sensor_decorator.py
[2024-09-12T06:40:02.283+0000] {logging_mixin.py:150} INFO - [2024-09-12T06:40:02.282+0000] {manager.py:504} INFO - Created Permission View: can delete on DAG:example_sensor_decorator
[2024-09-12T06:40:02.318+0000] {logging_mixin.py:150} INFO - [2024-09-12T06:40:02.318+0000] {manager.py:504} INFO - Created Permission View: can read on DAG:example_sensor_decorator
[2024-09-12T06:40:02.363+0000] {logging_mixin.py:150} INFO - [2024-09-12T06:40:02.363+0000] {manager.py:504} INFO - Created Permission View: can edit on DAG:example_sensor_decorator
[2024-09-12T06:40:02.370+0000] {logging_mixin.py:150} INFO - [2024-09-12T06:40:02.370+0000] {dag.py:2742} INFO - Sync 1 DAGs
[2024-09-12T06:40:02.377+0000] {logging_mixin.py:150} INFO - [2024-09-12T06:40:02.376+0000] {dag.py:2763} INFO - Creating ORM DAG for example_sensor_decorator
[2024-09-12T06:40:02.382+0000] {logging_mixin.py:150} INFO - [2024-09-12T06:40:02.382+0000] {dag.py:3504} INFO - Setting next_dagrun for example_sensor_decorator to None, run_after=None
[2024-09-12T06:40:02.444+0000] {processor.py:179} INFO - Processing /home/vscode/.local/lib/python3.10/site-packages/airflow/example_dags/example_sensor_decorator.py took 0.371 seconds
[2024-09-12T06:40:50.330+0000] {processor.py:157} INFO - Started process (PID=7911) to work on /home/vscode/.local/lib/python3.10/site-packages/airflow/example_dags/example_sensor_decorator.py
[2024-09-12T06:40:50.331+0000] {processor.py:826} INFO - Processing file /home/vscode/.local/lib/python3.10/site-packages/airflow/example_dags/example_sensor_decorator.py for tasks to queue
[2024-09-12T06:40:50.331+0000] {logging_mixin.py:150} INFO - [2024-09-12T06:40:50.331+0000] {dagbag.py:541} INFO - Filling up the DagBag from /home/vscode/.local/lib/python3.10/site-packages/airflow/example_dags/example_sensor_decorator.py
[2024-09-12T06:40:50.336+0000] {processor.py:836} INFO - DAG(s) dict_keys(['example_sensor_decorator']) retrieved from /home/vscode/.local/lib/python3.10/site-packages/airflow/example_dags/example_sensor_decorator.py
[2024-09-12T06:40:50.347+0000] {logging_mixin.py:150} INFO - [2024-09-12T06:40:50.347+0000] {dag.py:2742} INFO - Sync 1 DAGs
[2024-09-12T06:40:50.360+0000] {logging_mixin.py:150} INFO - [2024-09-12T06:40:50.360+0000] {dag.py:3504} INFO - Setting next_dagrun for example_sensor_decorator to None, run_after=None
[2024-09-12T06:40:50.413+0000] {processor.py:179} INFO - Processing /home/vscode/.local/lib/python3.10/site-packages/airflow/example_dags/example_sensor_decorator.py took 0.085 seconds
[2024-09-12T06:41:35.291+0000] {processor.py:157} INFO - Started process (PID=8210) to work on /home/vscode/.local/lib/python3.10/site-packages/airflow/example_dags/example_sensor_decorator.py
[2024-09-12T06:41:35.291+0000] {processor.py:826} INFO - Processing file /home/vscode/.local/lib/python3.10/site-packages/airflow/example_dags/example_sensor_decorator.py for tasks to queue
[2024-09-12T06:41:35.292+0000] {logging_mixin.py:150} INFO - [2024-09-12T06:41:35.292+0000] {dagbag.py:541} INFO - Filling up the DagBag from /home/vscode/.local/lib/python3.10/site-packages/airflow/example_dags/example_sensor_decorator.py
[2024-09-12T06:41:35.296+0000] {processor.py:836} INFO - DAG(s) dict_keys(['example_sensor_decorator']) retrieved from /home/vscode/.local/lib/python3.10/site-packages/airflow/example_dags/example_sensor_decorator.py
[2024-09-12T06:41:35.307+0000] {logging_mixin.py:150} INFO - [2024-09-12T06:41:35.307+0000] {dag.py:2742} INFO - Sync 1 DAGs
[2024-09-12T06:41:35.321+0000] {logging_mixin.py:150} INFO - [2024-09-12T06:41:35.321+0000] {dag.py:3504} INFO - Setting next_dagrun for example_sensor_decorator to None, run_after=None
[2024-09-12T06:41:35.356+0000] {processor.py:179} INFO - Processing /home/vscode/.local/lib/python3.10/site-packages/airflow/example_dags/example_sensor_decorator.py took 0.067 seconds
[2024-09-12T06:42:21.765+0000] {processor.py:157} INFO - Started process (PID=8525) to work on /home/vscode/.local/lib/python3.10/site-packages/airflow/example_dags/example_sensor_decorator.py
[2024-09-12T06:42:21.766+0000] {processor.py:826} INFO - Processing file /home/vscode/.local/lib/python3.10/site-packages/airflow/example_dags/example_sensor_decorator.py for tasks to queue
[2024-09-12T06:42:21.766+0000] {logging_mixin.py:150} INFO - [2024-09-12T06:42:21.766+0000] {dagbag.py:541} INFO - Filling up the DagBag from /home/vscode/.local/lib/python3.10/site-packages/airflow/example_dags/example_sensor_decorator.py
[2024-09-12T06:42:21.771+0000] {processor.py:836} INFO - DAG(s) dict_keys(['example_sensor_decorator']) retrieved from /home/vscode/.local/lib/python3.10/site-packages/airflow/example_dags/example_sensor_decorator.py
[2024-09-12T06:42:21.782+0000] {logging_mixin.py:150} INFO - [2024-09-12T06:42:21.782+0000] {dag.py:2742} INFO - Sync 1 DAGs
[2024-09-12T06:42:21.796+0000] {logging_mixin.py:150} INFO - [2024-09-12T06:42:21.796+0000] {dag.py:3504} INFO - Setting next_dagrun for example_sensor_decorator to None, run_after=None
[2024-09-12T06:42:21.825+0000] {processor.py:179} INFO - Processing /home/vscode/.local/lib/python3.10/site-packages/airflow/example_dags/example_sensor_decorator.py took 0.062 seconds
[2024-09-12T06:43:05.268+0000] {processor.py:157} INFO - Started process (PID=8817) to work on /home/vscode/.local/lib/python3.10/site-packages/airflow/example_dags/example_sensor_decorator.py
[2024-09-12T06:43:05.269+0000] {processor.py:826} INFO - Processing file /home/vscode/.local/lib/python3.10/site-packages/airflow/example_dags/example_sensor_decorator.py for tasks to queue
[2024-09-12T06:43:05.270+0000] {logging_mixin.py:150} INFO - [2024-09-12T06:43:05.269+0000] {dagbag.py:541} INFO - Filling up the DagBag from /home/vscode/.local/lib/python3.10/site-packages/airflow/example_dags/example_sensor_decorator.py
[2024-09-12T06:43:05.274+0000] {processor.py:836} INFO - DAG(s) dict_keys(['example_sensor_decorator']) retrieved from /home/vscode/.local/lib/python3.10/site-packages/airflow/example_dags/example_sensor_decorator.py
[2024-09-12T06:43:05.286+0000] {logging_mixin.py:150} INFO - [2024-09-12T06:43:05.286+0000] {dag.py:2742} INFO - Sync 1 DAGs
[2024-09-12T06:43:05.300+0000] {logging_mixin.py:150} INFO - [2024-09-12T06:43:05.300+0000] {dag.py:3504} INFO - Setting next_dagrun for example_sensor_decorator to None, run_after=None
[2024-09-12T06:43:05.329+0000] {processor.py:179} INFO - Processing /home/vscode/.local/lib/python3.10/site-packages/airflow/example_dags/example_sensor_decorator.py took 0.063 seconds
[2024-09-12T06:43:48.826+0000] {processor.py:157} INFO - Started process (PID=9111) to work on /home/vscode/.local/lib/python3.10/site-packages/airflow/example_dags/example_sensor_decorator.py
[2024-09-12T06:43:48.826+0000] {processor.py:826} INFO - Processing file /home/vscode/.local/lib/python3.10/site-packages/airflow/example_dags/example_sensor_decorator.py for tasks to queue
[2024-09-12T06:43:48.827+0000] {logging_mixin.py:150} INFO - [2024-09-12T06:43:48.827+0000] {dagbag.py:541} INFO - Filling up the DagBag from /home/vscode/.local/lib/python3.10/site-packages/airflow/example_dags/example_sensor_decorator.py
[2024-09-12T06:43:48.831+0000] {processor.py:836} INFO - DAG(s) dict_keys(['example_sensor_decorator']) retrieved from /home/vscode/.local/lib/python3.10/site-packages/airflow/example_dags/example_sensor_decorator.py
[2024-09-12T06:43:48.843+0000] {logging_mixin.py:150} INFO - [2024-09-12T06:43:48.843+0000] {dag.py:2742} INFO - Sync 1 DAGs
[2024-09-12T06:43:48.857+0000] {logging_mixin.py:150} INFO - [2024-09-12T06:43:48.856+0000] {dag.py:3504} INFO - Setting next_dagrun for example_sensor_decorator to None, run_after=None
[2024-09-12T06:43:48.887+0000] {processor.py:179} INFO - Processing /home/vscode/.local/lib/python3.10/site-packages/airflow/example_dags/example_sensor_decorator.py took 0.063 seconds
[2024-09-12T06:44:29.056+0000] {processor.py:157} INFO - Started process (PID=9377) to work on /home/vscode/.local/lib/python3.10/site-packages/airflow/example_dags/example_sensor_decorator.py
[2024-09-12T06:44:29.056+0000] {processor.py:826} INFO - Processing file /home/vscode/.local/lib/python3.10/site-packages/airflow/example_dags/example_sensor_decorator.py for tasks to queue
[2024-09-12T06:44:29.057+0000] {logging_mixin.py:150} INFO - [2024-09-12T06:44:29.057+0000] {dagbag.py:541} INFO - Filling up the DagBag from /home/vscode/.local/lib/python3.10/site-packages/airflow/example_dags/example_sensor_decorator.py
[2024-09-12T06:44:29.061+0000] {processor.py:836} INFO - DAG(s) dict_keys(['example_sensor_decorator']) retrieved from /home/vscode/.local/lib/python3.10/site-packages/airflow/example_dags/example_sensor_decorator.py
[2024-09-12T06:44:29.072+0000] {logging_mixin.py:150} INFO - [2024-09-12T06:44:29.072+0000] {dag.py:2742} INFO - Sync 1 DAGs
[2024-09-12T06:44:29.086+0000] {logging_mixin.py:150} INFO - [2024-09-12T06:44:29.086+0000] {dag.py:3504} INFO - Setting next_dagrun for example_sensor_decorator to None, run_after=None
[2024-09-12T06:44:29.141+0000] {processor.py:179} INFO - Processing /home/vscode/.local/lib/python3.10/site-packages/airflow/example_dags/example_sensor_decorator.py took 0.087 seconds
[2024-09-12T06:45:14.319+0000] {processor.py:157} INFO - Started process (PID=9692) to work on /home/vscode/.local/lib/python3.10/site-packages/airflow/example_dags/example_sensor_decorator.py
[2024-09-12T06:45:14.319+0000] {processor.py:826} INFO - Processing file /home/vscode/.local/lib/python3.10/site-packages/airflow/example_dags/example_sensor_decorator.py for tasks to queue
[2024-09-12T06:45:14.320+0000] {logging_mixin.py:150} INFO - [2024-09-12T06:45:14.320+0000] {dagbag.py:541} INFO - Filling up the DagBag from /home/vscode/.local/lib/python3.10/site-packages/airflow/example_dags/example_sensor_decorator.py
[2024-09-12T06:45:14.324+0000] {processor.py:836} INFO - DAG(s) dict_keys(['example_sensor_decorator']) retrieved from /home/vscode/.local/lib/python3.10/site-packages/airflow/example_dags/example_sensor_decorator.py
[2024-09-12T06:45:14.335+0000] {logging_mixin.py:150} INFO - [2024-09-12T06:45:14.335+0000] {dag.py:2742} INFO - Sync 1 DAGs
[2024-09-12T06:45:14.350+0000] {logging_mixin.py:150} INFO - [2024-09-12T06:45:14.350+0000] {dag.py:3504} INFO - Setting next_dagrun for example_sensor_decorator to None, run_after=None
[2024-09-12T06:45:14.385+0000] {processor.py:179} INFO - Processing /home/vscode/.local/lib/python3.10/site-packages/airflow/example_dags/example_sensor_decorator.py took 0.068 seconds
[2024-09-12T06:46:00.883+0000] {processor.py:157} INFO - Started process (PID=9997) to work on /home/vscode/.local/lib/python3.10/site-packages/airflow/example_dags/example_sensor_decorator.py
[2024-09-12T06:46:00.884+0000] {processor.py:826} INFO - Processing file /home/vscode/.local/lib/python3.10/site-packages/airflow/example_dags/example_sensor_decorator.py for tasks to queue
[2024-09-12T06:46:00.884+0000] {logging_mixin.py:150} INFO - [2024-09-12T06:46:00.884+0000] {dagbag.py:541} INFO - Filling up the DagBag from /home/vscode/.local/lib/python3.10/site-packages/airflow/example_dags/example_sensor_decorator.py
[2024-09-12T06:46:00.889+0000] {processor.py:836} INFO - DAG(s) dict_keys(['example_sensor_decorator']) retrieved from /home/vscode/.local/lib/python3.10/site-packages/airflow/example_dags/example_sensor_decorator.py
[2024-09-12T06:46:00.900+0000] {logging_mixin.py:150} INFO - [2024-09-12T06:46:00.900+0000] {dag.py:2742} INFO - Sync 1 DAGs
[2024-09-12T06:46:00.914+0000] {logging_mixin.py:150} INFO - [2024-09-12T06:46:00.914+0000] {dag.py:3504} INFO - Setting next_dagrun for example_sensor_decorator to None, run_after=None
[2024-09-12T06:46:00.956+0000] {processor.py:179} INFO - Processing /home/vscode/.local/lib/python3.10/site-packages/airflow/example_dags/example_sensor_decorator.py took 0.075 seconds
[2024-09-12T06:46:45.036+0000] {processor.py:157} INFO - Started process (PID=10299) to work on /home/vscode/.local/lib/python3.10/site-packages/airflow/example_dags/example_sensor_decorator.py
[2024-09-12T06:46:45.037+0000] {processor.py:826} INFO - Processing file /home/vscode/.local/lib/python3.10/site-packages/airflow/example_dags/example_sensor_decorator.py for tasks to queue
[2024-09-12T06:46:45.038+0000] {logging_mixin.py:150} INFO - [2024-09-12T06:46:45.038+0000] {dagbag.py:541} INFO - Filling up the DagBag from /home/vscode/.local/lib/python3.10/site-packages/airflow/example_dags/example_sensor_decorator.py
[2024-09-12T06:46:45.044+0000] {processor.py:836} INFO - DAG(s) dict_keys(['example_sensor_decorator']) retrieved from /home/vscode/.local/lib/python3.10/site-packages/airflow/example_dags/example_sensor_decorator.py
[2024-09-12T06:46:45.058+0000] {logging_mixin.py:150} INFO - [2024-09-12T06:46:45.058+0000] {dag.py:2742} INFO - Sync 1 DAGs
[2024-09-12T06:46:45.072+0000] {logging_mixin.py:150} INFO - [2024-09-12T06:46:45.072+0000] {dag.py:3504} INFO - Setting next_dagrun for example_sensor_decorator to None, run_after=None
[2024-09-12T06:46:45.136+0000] {processor.py:179} INFO - Processing /home/vscode/.local/lib/python3.10/site-packages/airflow/example_dags/example_sensor_decorator.py took 0.103 seconds
[2024-09-12T06:47:32.328+0000] {processor.py:157} INFO - Started process (PID=10606) to work on /home/vscode/.local/lib/python3.10/site-packages/airflow/example_dags/example_sensor_decorator.py
[2024-09-12T06:47:32.329+0000] {processor.py:826} INFO - Processing file /home/vscode/.local/lib/python3.10/site-packages/airflow/example_dags/example_sensor_decorator.py for tasks to queue
[2024-09-12T06:47:32.330+0000] {logging_mixin.py:150} INFO - [2024-09-12T06:47:32.329+0000] {dagbag.py:541} INFO - Filling up the DagBag from /home/vscode/.local/lib/python3.10/site-packages/airflow/example_dags/example_sensor_decorator.py
[2024-09-12T06:47:32.334+0000] {processor.py:836} INFO - DAG(s) dict_keys(['example_sensor_decorator']) retrieved from /home/vscode/.local/lib/python3.10/site-packages/airflow/example_dags/example_sensor_decorator.py
[2024-09-12T06:47:32.345+0000] {logging_mixin.py:150} INFO - [2024-09-12T06:47:32.345+0000] {dag.py:2742} INFO - Sync 1 DAGs
[2024-09-12T06:47:32.358+0000] {logging_mixin.py:150} INFO - [2024-09-12T06:47:32.358+0000] {dag.py:3504} INFO - Setting next_dagrun for example_sensor_decorator to None, run_after=None
[2024-09-12T06:47:32.392+0000] {processor.py:179} INFO - Processing /home/vscode/.local/lib/python3.10/site-packages/airflow/example_dags/example_sensor_decorator.py took 0.065 seconds
[2024-09-12T06:48:15.320+0000] {processor.py:157} INFO - Started process (PID=10901) to work on /home/vscode/.local/lib/python3.10/site-packages/airflow/example_dags/example_sensor_decorator.py
[2024-09-12T06:48:15.320+0000] {processor.py:826} INFO - Processing file /home/vscode/.local/lib/python3.10/site-packages/airflow/example_dags/example_sensor_decorator.py for tasks to queue
[2024-09-12T06:48:15.321+0000] {logging_mixin.py:150} INFO - [2024-09-12T06:48:15.321+0000] {dagbag.py:541} INFO - Filling up the DagBag from /home/vscode/.local/lib/python3.10/site-packages/airflow/example_dags/example_sensor_decorator.py
[2024-09-12T06:48:15.325+0000] {processor.py:836} INFO - DAG(s) dict_keys(['example_sensor_decorator']) retrieved from /home/vscode/.local/lib/python3.10/site-packages/airflow/example_dags/example_sensor_decorator.py
[2024-09-12T06:48:15.336+0000] {logging_mixin.py:150} INFO - [2024-09-12T06:48:15.336+0000] {dag.py:2742} INFO - Sync 1 DAGs
[2024-09-12T06:48:15.350+0000] {logging_mixin.py:150} INFO - [2024-09-12T06:48:15.350+0000] {dag.py:3504} INFO - Setting next_dagrun for example_sensor_decorator to None, run_after=None
[2024-09-12T06:48:15.379+0000] {processor.py:179} INFO - Processing /home/vscode/.local/lib/python3.10/site-packages/airflow/example_dags/example_sensor_decorator.py took 0.061 seconds
[2024-09-12T06:49:11.155+0000] {processor.py:157} INFO - Started process (PID=11272) to work on /home/vscode/.local/lib/python3.10/site-packages/airflow/example_dags/example_sensor_decorator.py
[2024-09-12T06:49:11.156+0000] {processor.py:826} INFO - Processing file /home/vscode/.local/lib/python3.10/site-packages/airflow/example_dags/example_sensor_decorator.py for tasks to queue
[2024-09-12T06:49:11.156+0000] {logging_mixin.py:150} INFO - [2024-09-12T06:49:11.156+0000] {dagbag.py:541} INFO - Filling up the DagBag from /home/vscode/.local/lib/python3.10/site-packages/airflow/example_dags/example_sensor_decorator.py
[2024-09-12T06:49:11.162+0000] {processor.py:836} INFO - DAG(s) dict_keys(['example_sensor_decorator']) retrieved from /home/vscode/.local/lib/python3.10/site-packages/airflow/example_dags/example_sensor_decorator.py
[2024-09-12T06:49:11.178+0000] {logging_mixin.py:150} INFO - [2024-09-12T06:49:11.178+0000] {dag.py:2742} INFO - Sync 1 DAGs
[2024-09-12T06:49:11.199+0000] {logging_mixin.py:150} INFO - [2024-09-12T06:49:11.199+0000] {dag.py:3504} INFO - Setting next_dagrun for example_sensor_decorator to None, run_after=None
[2024-09-12T06:49:11.234+0000] {processor.py:179} INFO - Processing /home/vscode/.local/lib/python3.10/site-packages/airflow/example_dags/example_sensor_decorator.py took 0.089 seconds
[2024-09-12T06:49:53.148+0000] {processor.py:157} INFO - Started process (PID=11557) to work on /home/vscode/.local/lib/python3.10/site-packages/airflow/example_dags/example_sensor_decorator.py
[2024-09-12T06:49:53.148+0000] {processor.py:826} INFO - Processing file /home/vscode/.local/lib/python3.10/site-packages/airflow/example_dags/example_sensor_decorator.py for tasks to queue
[2024-09-12T06:49:53.149+0000] {logging_mixin.py:150} INFO - [2024-09-12T06:49:53.149+0000] {dagbag.py:541} INFO - Filling up the DagBag from /home/vscode/.local/lib/python3.10/site-packages/airflow/example_dags/example_sensor_decorator.py
[2024-09-12T06:49:53.153+0000] {processor.py:836} INFO - DAG(s) dict_keys(['example_sensor_decorator']) retrieved from /home/vscode/.local/lib/python3.10/site-packages/airflow/example_dags/example_sensor_decorator.py
[2024-09-12T06:49:53.164+0000] {logging_mixin.py:150} INFO - [2024-09-12T06:49:53.164+0000] {dag.py:2742} INFO - Sync 1 DAGs
[2024-09-12T06:49:53.177+0000] {logging_mixin.py:150} INFO - [2024-09-12T06:49:53.177+0000] {dag.py:3504} INFO - Setting next_dagrun for example_sensor_decorator to None, run_after=None
[2024-09-12T06:49:53.209+0000] {processor.py:179} INFO - Processing /home/vscode/.local/lib/python3.10/site-packages/airflow/example_dags/example_sensor_decorator.py took 0.063 seconds
[2024-09-12T06:50:34.608+0000] {processor.py:157} INFO - Started process (PID=11851) to work on /home/vscode/.local/lib/python3.10/site-packages/airflow/example_dags/example_sensor_decorator.py
[2024-09-12T06:50:34.608+0000] {processor.py:826} INFO - Processing file /home/vscode/.local/lib/python3.10/site-packages/airflow/example_dags/example_sensor_decorator.py for tasks to queue
[2024-09-12T06:50:34.609+0000] {logging_mixin.py:150} INFO - [2024-09-12T06:50:34.609+0000] {dagbag.py:541} INFO - Filling up the DagBag from /home/vscode/.local/lib/python3.10/site-packages/airflow/example_dags/example_sensor_decorator.py
[2024-09-12T06:50:34.613+0000] {processor.py:836} INFO - DAG(s) dict_keys(['example_sensor_decorator']) retrieved from /home/vscode/.local/lib/python3.10/site-packages/airflow/example_dags/example_sensor_decorator.py
[2024-09-12T06:50:34.625+0000] {logging_mixin.py:150} INFO - [2024-09-12T06:50:34.624+0000] {dag.py:2742} INFO - Sync 1 DAGs
[2024-09-12T06:50:34.638+0000] {logging_mixin.py:150} INFO - [2024-09-12T06:50:34.638+0000] {dag.py:3504} INFO - Setting next_dagrun for example_sensor_decorator to None, run_after=None
[2024-09-12T06:50:34.671+0000] {processor.py:179} INFO - Processing /home/vscode/.local/lib/python3.10/site-packages/airflow/example_dags/example_sensor_decorator.py took 0.066 seconds
[2024-09-12T06:51:19.033+0000] {processor.py:157} INFO - Started process (PID=12139) to work on /home/vscode/.local/lib/python3.10/site-packages/airflow/example_dags/example_sensor_decorator.py
[2024-09-12T06:51:19.033+0000] {processor.py:826} INFO - Processing file /home/vscode/.local/lib/python3.10/site-packages/airflow/example_dags/example_sensor_decorator.py for tasks to queue
[2024-09-12T06:51:19.034+0000] {logging_mixin.py:150} INFO - [2024-09-12T06:51:19.034+0000] {dagbag.py:541} INFO - Filling up the DagBag from /home/vscode/.local/lib/python3.10/site-packages/airflow/example_dags/example_sensor_decorator.py
[2024-09-12T06:51:19.038+0000] {processor.py:836} INFO - DAG(s) dict_keys(['example_sensor_decorator']) retrieved from /home/vscode/.local/lib/python3.10/site-packages/airflow/example_dags/example_sensor_decorator.py
[2024-09-12T06:51:19.049+0000] {logging_mixin.py:150} INFO - [2024-09-12T06:51:19.049+0000] {dag.py:2742} INFO - Sync 1 DAGs
[2024-09-12T06:51:19.063+0000] {logging_mixin.py:150} INFO - [2024-09-12T06:51:19.062+0000] {dag.py:3504} INFO - Setting next_dagrun for example_sensor_decorator to None, run_after=None
[2024-09-12T06:51:19.103+0000] {processor.py:179} INFO - Processing /home/vscode/.local/lib/python3.10/site-packages/airflow/example_dags/example_sensor_decorator.py took 0.072 seconds
[2024-09-12T06:52:06.010+0000] {processor.py:157} INFO - Started process (PID=12458) to work on /home/vscode/.local/lib/python3.10/site-packages/airflow/example_dags/example_sensor_decorator.py
[2024-09-12T06:52:06.010+0000] {processor.py:826} INFO - Processing file /home/vscode/.local/lib/python3.10/site-packages/airflow/example_dags/example_sensor_decorator.py for tasks to queue
[2024-09-12T06:52:06.011+0000] {logging_mixin.py:150} INFO - [2024-09-12T06:52:06.011+0000] {dagbag.py:541} INFO - Filling up the DagBag from /home/vscode/.local/lib/python3.10/site-packages/airflow/example_dags/example_sensor_decorator.py
[2024-09-12T06:52:06.015+0000] {processor.py:836} INFO - DAG(s) dict_keys(['example_sensor_decorator']) retrieved from /home/vscode/.local/lib/python3.10/site-packages/airflow/example_dags/example_sensor_decorator.py
[2024-09-12T06:52:06.028+0000] {logging_mixin.py:150} INFO - [2024-09-12T06:52:06.027+0000] {dag.py:2742} INFO - Sync 1 DAGs
[2024-09-12T06:52:06.047+0000] {logging_mixin.py:150} INFO - [2024-09-12T06:52:06.047+0000] {dag.py:3504} INFO - Setting next_dagrun for example_sensor_decorator to None, run_after=None
[2024-09-12T06:52:06.080+0000] {processor.py:179} INFO - Processing /home/vscode/.local/lib/python3.10/site-packages/airflow/example_dags/example_sensor_decorator.py took 0.072 seconds
[2024-09-12T06:52:52.485+0000] {processor.py:157} INFO - Started process (PID=12763) to work on /home/vscode/.local/lib/python3.10/site-packages/airflow/example_dags/example_sensor_decorator.py
[2024-09-12T06:52:52.485+0000] {processor.py:826} INFO - Processing file /home/vscode/.local/lib/python3.10/site-packages/airflow/example_dags/example_sensor_decorator.py for tasks to queue
[2024-09-12T06:52:52.486+0000] {logging_mixin.py:150} INFO - [2024-09-12T06:52:52.486+0000] {dagbag.py:541} INFO - Filling up the DagBag from /home/vscode/.local/lib/python3.10/site-packages/airflow/example_dags/example_sensor_decorator.py
[2024-09-12T06:52:52.490+0000] {processor.py:836} INFO - DAG(s) dict_keys(['example_sensor_decorator']) retrieved from /home/vscode/.local/lib/python3.10/site-packages/airflow/example_dags/example_sensor_decorator.py
[2024-09-12T06:52:52.501+0000] {logging_mixin.py:150} INFO - [2024-09-12T06:52:52.501+0000] {dag.py:2742} INFO - Sync 1 DAGs
[2024-09-12T06:52:52.514+0000] {logging_mixin.py:150} INFO - [2024-09-12T06:52:52.514+0000] {dag.py:3504} INFO - Setting next_dagrun for example_sensor_decorator to None, run_after=None
[2024-09-12T06:52:52.551+0000] {processor.py:179} INFO - Processing /home/vscode/.local/lib/python3.10/site-packages/airflow/example_dags/example_sensor_decorator.py took 0.068 seconds
[2024-09-12T06:53:37.637+0000] {processor.py:157} INFO - Started process (PID=13076) to work on /home/vscode/.local/lib/python3.10/site-packages/airflow/example_dags/example_sensor_decorator.py
[2024-09-12T06:53:37.638+0000] {processor.py:826} INFO - Processing file /home/vscode/.local/lib/python3.10/site-packages/airflow/example_dags/example_sensor_decorator.py for tasks to queue
[2024-09-12T06:53:37.639+0000] {logging_mixin.py:150} INFO - [2024-09-12T06:53:37.638+0000] {dagbag.py:541} INFO - Filling up the DagBag from /home/vscode/.local/lib/python3.10/site-packages/airflow/example_dags/example_sensor_decorator.py
[2024-09-12T06:53:37.643+0000] {processor.py:836} INFO - DAG(s) dict_keys(['example_sensor_decorator']) retrieved from /home/vscode/.local/lib/python3.10/site-packages/airflow/example_dags/example_sensor_decorator.py
[2024-09-12T06:53:37.654+0000] {logging_mixin.py:150} INFO - [2024-09-12T06:53:37.654+0000] {dag.py:2742} INFO - Sync 1 DAGs
[2024-09-12T06:53:37.667+0000] {logging_mixin.py:150} INFO - [2024-09-12T06:53:37.667+0000] {dag.py:3504} INFO - Setting next_dagrun for example_sensor_decorator to None, run_after=None
[2024-09-12T06:53:37.717+0000] {processor.py:179} INFO - Processing /home/vscode/.local/lib/python3.10/site-packages/airflow/example_dags/example_sensor_decorator.py took 0.082 seconds
[2024-09-12T06:54:23.059+0000] {processor.py:157} INFO - Started process (PID=13383) to work on /home/vscode/.local/lib/python3.10/site-packages/airflow/example_dags/example_sensor_decorator.py
[2024-09-12T06:54:23.060+0000] {processor.py:826} INFO - Processing file /home/vscode/.local/lib/python3.10/site-packages/airflow/example_dags/example_sensor_decorator.py for tasks to queue
[2024-09-12T06:54:23.060+0000] {logging_mixin.py:150} INFO - [2024-09-12T06:54:23.060+0000] {dagbag.py:541} INFO - Filling up the DagBag from /home/vscode/.local/lib/python3.10/site-packages/airflow/example_dags/example_sensor_decorator.py
[2024-09-12T06:54:23.065+0000] {processor.py:836} INFO - DAG(s) dict_keys(['example_sensor_decorator']) retrieved from /home/vscode/.local/lib/python3.10/site-packages/airflow/example_dags/example_sensor_decorator.py
[2024-09-12T06:54:23.076+0000] {logging_mixin.py:150} INFO - [2024-09-12T06:54:23.076+0000] {dag.py:2742} INFO - Sync 1 DAGs
[2024-09-12T06:54:23.089+0000] {logging_mixin.py:150} INFO - [2024-09-12T06:54:23.089+0000] {dag.py:3504} INFO - Setting next_dagrun for example_sensor_decorator to None, run_after=None
[2024-09-12T06:54:23.125+0000] {processor.py:179} INFO - Processing /home/vscode/.local/lib/python3.10/site-packages/airflow/example_dags/example_sensor_decorator.py took 0.068 seconds
[2024-09-12T06:55:10.592+0000] {processor.py:157} INFO - Started process (PID=13701) to work on /home/vscode/.local/lib/python3.10/site-packages/airflow/example_dags/example_sensor_decorator.py
[2024-09-12T06:55:10.592+0000] {processor.py:826} INFO - Processing file /home/vscode/.local/lib/python3.10/site-packages/airflow/example_dags/example_sensor_decorator.py for tasks to queue
[2024-09-12T06:55:10.593+0000] {logging_mixin.py:150} INFO - [2024-09-12T06:55:10.593+0000] {dagbag.py:541} INFO - Filling up the DagBag from /home/vscode/.local/lib/python3.10/site-packages/airflow/example_dags/example_sensor_decorator.py
[2024-09-12T06:55:10.597+0000] {processor.py:836} INFO - DAG(s) dict_keys(['example_sensor_decorator']) retrieved from /home/vscode/.local/lib/python3.10/site-packages/airflow/example_dags/example_sensor_decorator.py
[2024-09-12T06:55:10.608+0000] {logging_mixin.py:150} INFO - [2024-09-12T06:55:10.608+0000] {dag.py:2742} INFO - Sync 1 DAGs
[2024-09-12T06:55:10.622+0000] {logging_mixin.py:150} INFO - [2024-09-12T06:55:10.622+0000] {dag.py:3504} INFO - Setting next_dagrun for example_sensor_decorator to None, run_after=None
[2024-09-12T06:55:10.656+0000] {processor.py:179} INFO - Processing /home/vscode/.local/lib/python3.10/site-packages/airflow/example_dags/example_sensor_decorator.py took 0.067 seconds
[2024-09-12T06:55:54.768+0000] {processor.py:157} INFO - Started process (PID=13996) to work on /home/vscode/.local/lib/python3.10/site-packages/airflow/example_dags/example_sensor_decorator.py
[2024-09-12T06:55:54.769+0000] {processor.py:826} INFO - Processing file /home/vscode/.local/lib/python3.10/site-packages/airflow/example_dags/example_sensor_decorator.py for tasks to queue
[2024-09-12T06:55:54.769+0000] {logging_mixin.py:150} INFO - [2024-09-12T06:55:54.769+0000] {dagbag.py:541} INFO - Filling up the DagBag from /home/vscode/.local/lib/python3.10/site-packages/airflow/example_dags/example_sensor_decorator.py
[2024-09-12T06:55:54.774+0000] {processor.py:836} INFO - DAG(s) dict_keys(['example_sensor_decorator']) retrieved from /home/vscode/.local/lib/python3.10/site-packages/airflow/example_dags/example_sensor_decorator.py
[2024-09-12T06:55:54.784+0000] {logging_mixin.py:150} INFO - [2024-09-12T06:55:54.784+0000] {dag.py:2742} INFO - Sync 1 DAGs
[2024-09-12T06:55:54.798+0000] {logging_mixin.py:150} INFO - [2024-09-12T06:55:54.798+0000] {dag.py:3504} INFO - Setting next_dagrun for example_sensor_decorator to None, run_after=None
[2024-09-12T06:55:54.837+0000] {processor.py:179} INFO - Processing /home/vscode/.local/lib/python3.10/site-packages/airflow/example_dags/example_sensor_decorator.py took 0.071 seconds
[2024-09-12T06:56:45.402+0000] {processor.py:157} INFO - Started process (PID=14330) to work on /home/vscode/.local/lib/python3.10/site-packages/airflow/example_dags/example_sensor_decorator.py
[2024-09-12T06:56:45.403+0000] {processor.py:826} INFO - Processing file /home/vscode/.local/lib/python3.10/site-packages/airflow/example_dags/example_sensor_decorator.py for tasks to queue
[2024-09-12T06:56:45.404+0000] {logging_mixin.py:150} INFO - [2024-09-12T06:56:45.403+0000] {dagbag.py:541} INFO - Filling up the DagBag from /home/vscode/.local/lib/python3.10/site-packages/airflow/example_dags/example_sensor_decorator.py
[2024-09-12T06:56:45.410+0000] {processor.py:836} INFO - DAG(s) dict_keys(['example_sensor_decorator']) retrieved from /home/vscode/.local/lib/python3.10/site-packages/airflow/example_dags/example_sensor_decorator.py
[2024-09-12T06:56:45.426+0000] {logging_mixin.py:150} INFO - [2024-09-12T06:56:45.426+0000] {dag.py:2742} INFO - Sync 1 DAGs
[2024-09-12T06:56:45.444+0000] {logging_mixin.py:150} INFO - [2024-09-12T06:56:45.444+0000] {dag.py:3504} INFO - Setting next_dagrun for example_sensor_decorator to None, run_after=None
[2024-09-12T06:56:45.484+0000] {processor.py:179} INFO - Processing /home/vscode/.local/lib/python3.10/site-packages/airflow/example_dags/example_sensor_decorator.py took 0.085 seconds
[2024-09-12T06:57:29.325+0000] {processor.py:157} INFO - Started process (PID=14631) to work on /home/vscode/.local/lib/python3.10/site-packages/airflow/example_dags/example_sensor_decorator.py
[2024-09-12T06:57:29.325+0000] {processor.py:826} INFO - Processing file /home/vscode/.local/lib/python3.10/site-packages/airflow/example_dags/example_sensor_decorator.py for tasks to queue
[2024-09-12T06:57:29.326+0000] {logging_mixin.py:150} INFO - [2024-09-12T06:57:29.326+0000] {dagbag.py:541} INFO - Filling up the DagBag from /home/vscode/.local/lib/python3.10/site-packages/airflow/example_dags/example_sensor_decorator.py
[2024-09-12T06:57:29.330+0000] {processor.py:836} INFO - DAG(s) dict_keys(['example_sensor_decorator']) retrieved from /home/vscode/.local/lib/python3.10/site-packages/airflow/example_dags/example_sensor_decorator.py
[2024-09-12T06:57:29.341+0000] {logging_mixin.py:150} INFO - [2024-09-12T06:57:29.341+0000] {dag.py:2742} INFO - Sync 1 DAGs
[2024-09-12T06:57:29.355+0000] {logging_mixin.py:150} INFO - [2024-09-12T06:57:29.355+0000] {dag.py:3504} INFO - Setting next_dagrun for example_sensor_decorator to None, run_after=None
[2024-09-12T06:57:29.384+0000] {processor.py:179} INFO - Processing /home/vscode/.local/lib/python3.10/site-packages/airflow/example_dags/example_sensor_decorator.py took 0.062 seconds
[2024-09-12T06:58:12.869+0000] {processor.py:157} INFO - Started process (PID=14919) to work on /home/vscode/.local/lib/python3.10/site-packages/airflow/example_dags/example_sensor_decorator.py
[2024-09-12T06:58:12.870+0000] {processor.py:826} INFO - Processing file /home/vscode/.local/lib/python3.10/site-packages/airflow/example_dags/example_sensor_decorator.py for tasks to queue
[2024-09-12T06:58:12.870+0000] {logging_mixin.py:150} INFO - [2024-09-12T06:58:12.870+0000] {dagbag.py:541} INFO - Filling up the DagBag from /home/vscode/.local/lib/python3.10/site-packages/airflow/example_dags/example_sensor_decorator.py
[2024-09-12T06:58:12.875+0000] {processor.py:836} INFO - DAG(s) dict_keys(['example_sensor_decorator']) retrieved from /home/vscode/.local/lib/python3.10/site-packages/airflow/example_dags/example_sensor_decorator.py
[2024-09-12T06:58:12.886+0000] {logging_mixin.py:150} INFO - [2024-09-12T06:58:12.886+0000] {dag.py:2742} INFO - Sync 1 DAGs
[2024-09-12T06:58:12.899+0000] {logging_mixin.py:150} INFO - [2024-09-12T06:58:12.899+0000] {dag.py:3504} INFO - Setting next_dagrun for example_sensor_decorator to None, run_after=None
[2024-09-12T06:58:12.945+0000] {processor.py:179} INFO - Processing /home/vscode/.local/lib/python3.10/site-packages/airflow/example_dags/example_sensor_decorator.py took 0.078 seconds
[2024-09-12T06:58:54.704+0000] {processor.py:157} INFO - Started process (PID=15204) to work on /home/vscode/.local/lib/python3.10/site-packages/airflow/example_dags/example_sensor_decorator.py
[2024-09-12T06:58:54.705+0000] {processor.py:826} INFO - Processing file /home/vscode/.local/lib/python3.10/site-packages/airflow/example_dags/example_sensor_decorator.py for tasks to queue
[2024-09-12T06:58:54.705+0000] {logging_mixin.py:150} INFO - [2024-09-12T06:58:54.705+0000] {dagbag.py:541} INFO - Filling up the DagBag from /home/vscode/.local/lib/python3.10/site-packages/airflow/example_dags/example_sensor_decorator.py
[2024-09-12T06:58:54.710+0000] {processor.py:836} INFO - DAG(s) dict_keys(['example_sensor_decorator']) retrieved from /home/vscode/.local/lib/python3.10/site-packages/airflow/example_dags/example_sensor_decorator.py
[2024-09-12T06:58:54.721+0000] {logging_mixin.py:150} INFO - [2024-09-12T06:58:54.721+0000] {dag.py:2742} INFO - Sync 1 DAGs
[2024-09-12T06:58:54.734+0000] {logging_mixin.py:150} INFO - [2024-09-12T06:58:54.734+0000] {dag.py:3504} INFO - Setting next_dagrun for example_sensor_decorator to None, run_after=None
[2024-09-12T06:58:54.764+0000] {processor.py:179} INFO - Processing /home/vscode/.local/lib/python3.10/site-packages/airflow/example_dags/example_sensor_decorator.py took 0.062 seconds
[2024-09-12T06:59:38.250+0000] {processor.py:157} INFO - Started process (PID=15499) to work on /home/vscode/.local/lib/python3.10/site-packages/airflow/example_dags/example_sensor_decorator.py
[2024-09-12T06:59:38.250+0000] {processor.py:826} INFO - Processing file /home/vscode/.local/lib/python3.10/site-packages/airflow/example_dags/example_sensor_decorator.py for tasks to queue
[2024-09-12T06:59:38.251+0000] {logging_mixin.py:150} INFO - [2024-09-12T06:59:38.251+0000] {dagbag.py:541} INFO - Filling up the DagBag from /home/vscode/.local/lib/python3.10/site-packages/airflow/example_dags/example_sensor_decorator.py
[2024-09-12T06:59:38.255+0000] {processor.py:836} INFO - DAG(s) dict_keys(['example_sensor_decorator']) retrieved from /home/vscode/.local/lib/python3.10/site-packages/airflow/example_dags/example_sensor_decorator.py
[2024-09-12T06:59:38.266+0000] {logging_mixin.py:150} INFO - [2024-09-12T06:59:38.266+0000] {dag.py:2742} INFO - Sync 1 DAGs
[2024-09-12T06:59:38.279+0000] {logging_mixin.py:150} INFO - [2024-09-12T06:59:38.279+0000] {dag.py:3504} INFO - Setting next_dagrun for example_sensor_decorator to None, run_after=None
[2024-09-12T06:59:38.311+0000] {processor.py:179} INFO - Processing /home/vscode/.local/lib/python3.10/site-packages/airflow/example_dags/example_sensor_decorator.py took 0.064 seconds
[2024-09-12T07:00:22.613+0000] {processor.py:157} INFO - Started process (PID=15793) to work on /home/vscode/.local/lib/python3.10/site-packages/airflow/example_dags/example_sensor_decorator.py
[2024-09-12T07:00:22.614+0000] {processor.py:826} INFO - Processing file /home/vscode/.local/lib/python3.10/site-packages/airflow/example_dags/example_sensor_decorator.py for tasks to queue
[2024-09-12T07:00:22.614+0000] {logging_mixin.py:150} INFO - [2024-09-12T07:00:22.614+0000] {dagbag.py:541} INFO - Filling up the DagBag from /home/vscode/.local/lib/python3.10/site-packages/airflow/example_dags/example_sensor_decorator.py
[2024-09-12T07:00:22.619+0000] {processor.py:836} INFO - DAG(s) dict_keys(['example_sensor_decorator']) retrieved from /home/vscode/.local/lib/python3.10/site-packages/airflow/example_dags/example_sensor_decorator.py
[2024-09-12T07:00:22.630+0000] {logging_mixin.py:150} INFO - [2024-09-12T07:00:22.629+0000] {dag.py:2742} INFO - Sync 1 DAGs
[2024-09-12T07:00:22.643+0000] {logging_mixin.py:150} INFO - [2024-09-12T07:00:22.643+0000] {dag.py:3504} INFO - Setting next_dagrun for example_sensor_decorator to None, run_after=None
[2024-09-12T07:00:22.689+0000] {processor.py:179} INFO - Processing /home/vscode/.local/lib/python3.10/site-packages/airflow/example_dags/example_sensor_decorator.py took 0.078 seconds
[2024-09-12T07:01:08.785+0000] {processor.py:157} INFO - Started process (PID=16110) to work on /home/vscode/.local/lib/python3.10/site-packages/airflow/example_dags/example_sensor_decorator.py
[2024-09-12T07:01:08.785+0000] {processor.py:826} INFO - Processing file /home/vscode/.local/lib/python3.10/site-packages/airflow/example_dags/example_sensor_decorator.py for tasks to queue
[2024-09-12T07:01:08.786+0000] {logging_mixin.py:150} INFO - [2024-09-12T07:01:08.786+0000] {dagbag.py:541} INFO - Filling up the DagBag from /home/vscode/.local/lib/python3.10/site-packages/airflow/example_dags/example_sensor_decorator.py
[2024-09-12T07:01:08.790+0000] {processor.py:836} INFO - DAG(s) dict_keys(['example_sensor_decorator']) retrieved from /home/vscode/.local/lib/python3.10/site-packages/airflow/example_dags/example_sensor_decorator.py
[2024-09-12T07:01:08.801+0000] {logging_mixin.py:150} INFO - [2024-09-12T07:01:08.801+0000] {dag.py:2742} INFO - Sync 1 DAGs
[2024-09-12T07:01:08.814+0000] {logging_mixin.py:150} INFO - [2024-09-12T07:01:08.814+0000] {dag.py:3504} INFO - Setting next_dagrun for example_sensor_decorator to None, run_after=None
[2024-09-12T07:01:08.844+0000] {processor.py:179} INFO - Processing /home/vscode/.local/lib/python3.10/site-packages/airflow/example_dags/example_sensor_decorator.py took 0.061 seconds
[2024-09-12T07:01:51.078+0000] {processor.py:157} INFO - Started process (PID=16395) to work on /home/vscode/.local/lib/python3.10/site-packages/airflow/example_dags/example_sensor_decorator.py
[2024-09-12T07:01:51.078+0000] {processor.py:826} INFO - Processing file /home/vscode/.local/lib/python3.10/site-packages/airflow/example_dags/example_sensor_decorator.py for tasks to queue
[2024-09-12T07:01:51.079+0000] {logging_mixin.py:150} INFO - [2024-09-12T07:01:51.079+0000] {dagbag.py:541} INFO - Filling up the DagBag from /home/vscode/.local/lib/python3.10/site-packages/airflow/example_dags/example_sensor_decorator.py
[2024-09-12T07:01:51.083+0000] {processor.py:836} INFO - DAG(s) dict_keys(['example_sensor_decorator']) retrieved from /home/vscode/.local/lib/python3.10/site-packages/airflow/example_dags/example_sensor_decorator.py
[2024-09-12T07:01:51.095+0000] {logging_mixin.py:150} INFO - [2024-09-12T07:01:51.095+0000] {dag.py:2742} INFO - Sync 1 DAGs
[2024-09-12T07:01:51.109+0000] {logging_mixin.py:150} INFO - [2024-09-12T07:01:51.108+0000] {dag.py:3504} INFO - Setting next_dagrun for example_sensor_decorator to None, run_after=None
[2024-09-12T07:01:51.154+0000] {processor.py:179} INFO - Processing /home/vscode/.local/lib/python3.10/site-packages/airflow/example_dags/example_sensor_decorator.py took 0.078 seconds
[2024-09-12T07:02:45.436+0000] {processor.py:157} INFO - Started process (PID=16760) to work on /home/vscode/.local/lib/python3.10/site-packages/airflow/example_dags/example_sensor_decorator.py
[2024-09-12T07:02:45.436+0000] {processor.py:826} INFO - Processing file /home/vscode/.local/lib/python3.10/site-packages/airflow/example_dags/example_sensor_decorator.py for tasks to queue
[2024-09-12T07:02:45.437+0000] {logging_mixin.py:150} INFO - [2024-09-12T07:02:45.437+0000] {dagbag.py:541} INFO - Filling up the DagBag from /home/vscode/.local/lib/python3.10/site-packages/airflow/example_dags/example_sensor_decorator.py
[2024-09-12T07:02:45.441+0000] {processor.py:836} INFO - DAG(s) dict_keys(['example_sensor_decorator']) retrieved from /home/vscode/.local/lib/python3.10/site-packages/airflow/example_dags/example_sensor_decorator.py
[2024-09-12T07:02:45.452+0000] {logging_mixin.py:150} INFO - [2024-09-12T07:02:45.452+0000] {dag.py:2742} INFO - Sync 1 DAGs
[2024-09-12T07:02:45.466+0000] {logging_mixin.py:150} INFO - [2024-09-12T07:02:45.466+0000] {dag.py:3504} INFO - Setting next_dagrun for example_sensor_decorator to None, run_after=None
[2024-09-12T07:02:45.512+0000] {processor.py:179} INFO - Processing /home/vscode/.local/lib/python3.10/site-packages/airflow/example_dags/example_sensor_decorator.py took 0.078 seconds
[2024-09-12T07:03:34.308+0000] {processor.py:157} INFO - Started process (PID=17105) to work on /home/vscode/.local/lib/python3.10/site-packages/airflow/example_dags/example_sensor_decorator.py
[2024-09-12T07:03:34.309+0000] {processor.py:826} INFO - Processing file /home/vscode/.local/lib/python3.10/site-packages/airflow/example_dags/example_sensor_decorator.py for tasks to queue
[2024-09-12T07:03:34.310+0000] {logging_mixin.py:150} INFO - [2024-09-12T07:03:34.309+0000] {dagbag.py:541} INFO - Filling up the DagBag from /home/vscode/.local/lib/python3.10/site-packages/airflow/example_dags/example_sensor_decorator.py
[2024-09-12T07:03:34.316+0000] {processor.py:836} INFO - DAG(s) dict_keys(['example_sensor_decorator']) retrieved from /home/vscode/.local/lib/python3.10/site-packages/airflow/example_dags/example_sensor_decorator.py
[2024-09-12T07:03:34.331+0000] {logging_mixin.py:150} INFO - [2024-09-12T07:03:34.331+0000] {dag.py:2742} INFO - Sync 1 DAGs
[2024-09-12T07:03:34.350+0000] {logging_mixin.py:150} INFO - [2024-09-12T07:03:34.350+0000] {dag.py:3504} INFO - Setting next_dagrun for example_sensor_decorator to None, run_after=None
[2024-09-12T07:03:34.400+0000] {processor.py:179} INFO - Processing /home/vscode/.local/lib/python3.10/site-packages/airflow/example_dags/example_sensor_decorator.py took 0.095 seconds
[2024-09-12T07:04:24.296+0000] {processor.py:157} INFO - Started process (PID=17507) to work on /home/vscode/.local/lib/python3.10/site-packages/airflow/example_dags/example_sensor_decorator.py
[2024-09-12T07:04:24.296+0000] {processor.py:826} INFO - Processing file /home/vscode/.local/lib/python3.10/site-packages/airflow/example_dags/example_sensor_decorator.py for tasks to queue
[2024-09-12T07:04:24.297+0000] {logging_mixin.py:150} INFO - [2024-09-12T07:04:24.297+0000] {dagbag.py:541} INFO - Filling up the DagBag from /home/vscode/.local/lib/python3.10/site-packages/airflow/example_dags/example_sensor_decorator.py
[2024-09-12T07:04:24.302+0000] {processor.py:836} INFO - DAG(s) dict_keys(['example_sensor_decorator']) retrieved from /home/vscode/.local/lib/python3.10/site-packages/airflow/example_dags/example_sensor_decorator.py
[2024-09-12T07:04:24.313+0000] {logging_mixin.py:150} INFO - [2024-09-12T07:04:24.313+0000] {dag.py:2742} INFO - Sync 1 DAGs
[2024-09-12T07:04:24.327+0000] {logging_mixin.py:150} INFO - [2024-09-12T07:04:24.327+0000] {dag.py:3504} INFO - Setting next_dagrun for example_sensor_decorator to None, run_after=None
[2024-09-12T07:04:24.375+0000] {processor.py:179} INFO - Processing /home/vscode/.local/lib/python3.10/site-packages/airflow/example_dags/example_sensor_decorator.py took 0.081 seconds
[2024-09-12T07:05:08.028+0000] {processor.py:157} INFO - Started process (PID=17810) to work on /home/vscode/.local/lib/python3.10/site-packages/airflow/example_dags/example_sensor_decorator.py
[2024-09-12T07:05:08.028+0000] {processor.py:826} INFO - Processing file /home/vscode/.local/lib/python3.10/site-packages/airflow/example_dags/example_sensor_decorator.py for tasks to queue
[2024-09-12T07:05:08.029+0000] {logging_mixin.py:150} INFO - [2024-09-12T07:05:08.028+0000] {dagbag.py:541} INFO - Filling up the DagBag from /home/vscode/.local/lib/python3.10/site-packages/airflow/example_dags/example_sensor_decorator.py
[2024-09-12T07:05:08.033+0000] {processor.py:836} INFO - DAG(s) dict_keys(['example_sensor_decorator']) retrieved from /home/vscode/.local/lib/python3.10/site-packages/airflow/example_dags/example_sensor_decorator.py
[2024-09-12T07:05:08.044+0000] {logging_mixin.py:150} INFO - [2024-09-12T07:05:08.044+0000] {dag.py:2742} INFO - Sync 1 DAGs
[2024-09-12T07:05:08.059+0000] {logging_mixin.py:150} INFO - [2024-09-12T07:05:08.059+0000] {dag.py:3504} INFO - Setting next_dagrun for example_sensor_decorator to None, run_after=None
[2024-09-12T07:05:08.093+0000] {processor.py:179} INFO - Processing /home/vscode/.local/lib/python3.10/site-packages/airflow/example_dags/example_sensor_decorator.py took 0.067 seconds
[2024-09-12T07:05:53.531+0000] {processor.py:157} INFO - Started process (PID=18244) to work on /home/vscode/.local/lib/python3.10/site-packages/airflow/example_dags/example_sensor_decorator.py
[2024-09-12T07:05:53.532+0000] {processor.py:826} INFO - Processing file /home/vscode/.local/lib/python3.10/site-packages/airflow/example_dags/example_sensor_decorator.py for tasks to queue
[2024-09-12T07:05:53.532+0000] {logging_mixin.py:150} INFO - [2024-09-12T07:05:53.532+0000] {dagbag.py:541} INFO - Filling up the DagBag from /home/vscode/.local/lib/python3.10/site-packages/airflow/example_dags/example_sensor_decorator.py
[2024-09-12T07:05:53.537+0000] {processor.py:836} INFO - DAG(s) dict_keys(['example_sensor_decorator']) retrieved from /home/vscode/.local/lib/python3.10/site-packages/airflow/example_dags/example_sensor_decorator.py
[2024-09-12T07:05:53.547+0000] {logging_mixin.py:150} INFO - [2024-09-12T07:05:53.547+0000] {dag.py:2742} INFO - Sync 1 DAGs
[2024-09-12T07:05:53.561+0000] {logging_mixin.py:150} INFO - [2024-09-12T07:05:53.561+0000] {dag.py:3504} INFO - Setting next_dagrun for example_sensor_decorator to None, run_after=None
[2024-09-12T07:05:53.593+0000] {processor.py:179} INFO - Processing /home/vscode/.local/lib/python3.10/site-packages/airflow/example_dags/example_sensor_decorator.py took 0.064 seconds
[2024-09-12T07:06:38.866+0000] {processor.py:157} INFO - Started process (PID=18598) to work on /home/vscode/.local/lib/python3.10/site-packages/airflow/example_dags/example_sensor_decorator.py
[2024-09-12T07:06:38.867+0000] {processor.py:826} INFO - Processing file /home/vscode/.local/lib/python3.10/site-packages/airflow/example_dags/example_sensor_decorator.py for tasks to queue
[2024-09-12T07:06:38.868+0000] {logging_mixin.py:150} INFO - [2024-09-12T07:06:38.867+0000] {dagbag.py:541} INFO - Filling up the DagBag from /home/vscode/.local/lib/python3.10/site-packages/airflow/example_dags/example_sensor_decorator.py
[2024-09-12T07:06:38.874+0000] {processor.py:836} INFO - DAG(s) dict_keys(['example_sensor_decorator']) retrieved from /home/vscode/.local/lib/python3.10/site-packages/airflow/example_dags/example_sensor_decorator.py
[2024-09-12T07:06:38.891+0000] {logging_mixin.py:150} INFO - [2024-09-12T07:06:38.891+0000] {dag.py:2742} INFO - Sync 1 DAGs
[2024-09-12T07:06:38.911+0000] {logging_mixin.py:150} INFO - [2024-09-12T07:06:38.911+0000] {dag.py:3504} INFO - Setting next_dagrun for example_sensor_decorator to None, run_after=None
[2024-09-12T07:06:38.947+0000] {processor.py:179} INFO - Processing /home/vscode/.local/lib/python3.10/site-packages/airflow/example_dags/example_sensor_decorator.py took 0.084 seconds
[2024-09-12T07:07:22.138+0000] {processor.py:157} INFO - Started process (PID=18901) to work on /home/vscode/.local/lib/python3.10/site-packages/airflow/example_dags/example_sensor_decorator.py
[2024-09-12T07:07:22.139+0000] {processor.py:826} INFO - Processing file /home/vscode/.local/lib/python3.10/site-packages/airflow/example_dags/example_sensor_decorator.py for tasks to queue
[2024-09-12T07:07:22.140+0000] {logging_mixin.py:150} INFO - [2024-09-12T07:07:22.139+0000] {dagbag.py:541} INFO - Filling up the DagBag from /home/vscode/.local/lib/python3.10/site-packages/airflow/example_dags/example_sensor_decorator.py
[2024-09-12T07:07:22.146+0000] {processor.py:836} INFO - DAG(s) dict_keys(['example_sensor_decorator']) retrieved from /home/vscode/.local/lib/python3.10/site-packages/airflow/example_dags/example_sensor_decorator.py
[2024-09-12T07:07:22.162+0000] {logging_mixin.py:150} INFO - [2024-09-12T07:07:22.162+0000] {dag.py:2742} INFO - Sync 1 DAGs
[2024-09-12T07:07:22.176+0000] {logging_mixin.py:150} INFO - [2024-09-12T07:07:22.176+0000] {dag.py:3504} INFO - Setting next_dagrun for example_sensor_decorator to None, run_after=None
[2024-09-12T07:07:22.204+0000] {processor.py:179} INFO - Processing /home/vscode/.local/lib/python3.10/site-packages/airflow/example_dags/example_sensor_decorator.py took 0.069 seconds
[2024-09-12T07:08:06.836+0000] {processor.py:157} INFO - Started process (PID=19220) to work on /home/vscode/.local/lib/python3.10/site-packages/airflow/example_dags/example_sensor_decorator.py
[2024-09-12T07:08:06.837+0000] {processor.py:826} INFO - Processing file /home/vscode/.local/lib/python3.10/site-packages/airflow/example_dags/example_sensor_decorator.py for tasks to queue
[2024-09-12T07:08:06.838+0000] {logging_mixin.py:150} INFO - [2024-09-12T07:08:06.838+0000] {dagbag.py:541} INFO - Filling up the DagBag from /home/vscode/.local/lib/python3.10/site-packages/airflow/example_dags/example_sensor_decorator.py
[2024-09-12T07:08:06.844+0000] {processor.py:836} INFO - DAG(s) dict_keys(['example_sensor_decorator']) retrieved from /home/vscode/.local/lib/python3.10/site-packages/airflow/example_dags/example_sensor_decorator.py
[2024-09-12T07:08:06.860+0000] {logging_mixin.py:150} INFO - [2024-09-12T07:08:06.860+0000] {dag.py:2742} INFO - Sync 1 DAGs
[2024-09-12T07:08:06.877+0000] {logging_mixin.py:150} INFO - [2024-09-12T07:08:06.877+0000] {dag.py:3504} INFO - Setting next_dagrun for example_sensor_decorator to None, run_after=None
[2024-09-12T07:08:06.930+0000] {processor.py:179} INFO - Processing /home/vscode/.local/lib/python3.10/site-packages/airflow/example_dags/example_sensor_decorator.py took 0.096 seconds
[2024-09-12T07:08:50.858+0000] {processor.py:157} INFO - Started process (PID=19599) to work on /home/vscode/.local/lib/python3.10/site-packages/airflow/example_dags/example_sensor_decorator.py
[2024-09-12T07:08:50.858+0000] {processor.py:826} INFO - Processing file /home/vscode/.local/lib/python3.10/site-packages/airflow/example_dags/example_sensor_decorator.py for tasks to queue
[2024-09-12T07:08:50.859+0000] {logging_mixin.py:150} INFO - [2024-09-12T07:08:50.858+0000] {dagbag.py:541} INFO - Filling up the DagBag from /home/vscode/.local/lib/python3.10/site-packages/airflow/example_dags/example_sensor_decorator.py
[2024-09-12T07:08:50.863+0000] {processor.py:836} INFO - DAG(s) dict_keys(['example_sensor_decorator']) retrieved from /home/vscode/.local/lib/python3.10/site-packages/airflow/example_dags/example_sensor_decorator.py
[2024-09-12T07:08:50.875+0000] {logging_mixin.py:150} INFO - [2024-09-12T07:08:50.875+0000] {dag.py:2742} INFO - Sync 1 DAGs
[2024-09-12T07:08:50.888+0000] {logging_mixin.py:150} INFO - [2024-09-12T07:08:50.888+0000] {dag.py:3504} INFO - Setting next_dagrun for example_sensor_decorator to None, run_after=None
[2024-09-12T07:08:50.917+0000] {processor.py:179} INFO - Processing /home/vscode/.local/lib/python3.10/site-packages/airflow/example_dags/example_sensor_decorator.py took 0.061 seconds
[2024-09-12T07:09:36.130+0000] {processor.py:157} INFO - Started process (PID=19913) to work on /home/vscode/.local/lib/python3.10/site-packages/airflow/example_dags/example_sensor_decorator.py
[2024-09-12T07:09:36.131+0000] {processor.py:826} INFO - Processing file /home/vscode/.local/lib/python3.10/site-packages/airflow/example_dags/example_sensor_decorator.py for tasks to queue
[2024-09-12T07:09:36.132+0000] {logging_mixin.py:150} INFO - [2024-09-12T07:09:36.131+0000] {dagbag.py:541} INFO - Filling up the DagBag from /home/vscode/.local/lib/python3.10/site-packages/airflow/example_dags/example_sensor_decorator.py
[2024-09-12T07:09:36.137+0000] {processor.py:836} INFO - DAG(s) dict_keys(['example_sensor_decorator']) retrieved from /home/vscode/.local/lib/python3.10/site-packages/airflow/example_dags/example_sensor_decorator.py
[2024-09-12T07:09:36.151+0000] {logging_mixin.py:150} INFO - [2024-09-12T07:09:36.151+0000] {dag.py:2742} INFO - Sync 1 DAGs
[2024-09-12T07:09:36.172+0000] {logging_mixin.py:150} INFO - [2024-09-12T07:09:36.172+0000] {dag.py:3504} INFO - Setting next_dagrun for example_sensor_decorator to None, run_after=None
[2024-09-12T07:09:36.205+0000] {processor.py:179} INFO - Processing /home/vscode/.local/lib/python3.10/site-packages/airflow/example_dags/example_sensor_decorator.py took 0.078 seconds
