[2024-09-12T06:39:47.593+0000] {processor.py:157} INFO - Started process (PID=7496) to work on /home/vscode/.local/lib/python3.10/site-packages/airflow/example_dags/example_params_trigger_ui.py
[2024-09-12T06:39:47.594+0000] {processor.py:826} INFO - Processing file /home/vscode/.local/lib/python3.10/site-packages/airflow/example_dags/example_params_trigger_ui.py for tasks to queue
[2024-09-12T06:39:47.594+0000] {logging_mixin.py:150} INFO - [2024-09-12T06:39:47.594+0000] {dagbag.py:541} INFO - Filling up the DagBag from /home/vscode/.local/lib/python3.10/site-packages/airflow/example_dags/example_params_trigger_ui.py
[2024-09-12T06:39:47.606+0000] {processor.py:836} INFO - DAG(s) dict_keys(['example_params_trigger_ui']) retrieved from /home/vscode/.local/lib/python3.10/site-packages/airflow/example_dags/example_params_trigger_ui.py
[2024-09-12T06:39:47.822+0000] {logging_mixin.py:150} INFO - [2024-09-12T06:39:47.822+0000] {manager.py:504} INFO - Created Permission View: can delete on DAG:example_params_trigger_ui
[2024-09-12T06:39:47.855+0000] {logging_mixin.py:150} INFO - [2024-09-12T06:39:47.855+0000] {manager.py:504} INFO - Created Permission View: can read on DAG:example_params_trigger_ui
[2024-09-12T06:39:47.876+0000] {logging_mixin.py:150} INFO - [2024-09-12T06:39:47.875+0000] {manager.py:504} INFO - Created Permission View: can edit on DAG:example_params_trigger_ui
[2024-09-12T06:39:47.883+0000] {logging_mixin.py:150} INFO - [2024-09-12T06:39:47.883+0000] {dag.py:2742} INFO - Sync 1 DAGs
[2024-09-12T06:39:47.889+0000] {logging_mixin.py:150} INFO - [2024-09-12T06:39:47.889+0000] {dag.py:2763} INFO - Creating ORM DAG for example_params_trigger_ui
[2024-09-12T06:39:47.894+0000] {logging_mixin.py:150} INFO - [2024-09-12T06:39:47.894+0000] {dag.py:3504} INFO - Setting next_dagrun for example_params_trigger_ui to None, run_after=None
[2024-09-12T06:39:47.932+0000] {processor.py:179} INFO - Processing /home/vscode/.local/lib/python3.10/site-packages/airflow/example_dags/example_params_trigger_ui.py took 0.341 seconds
[2024-09-12T06:40:40.197+0000] {processor.py:157} INFO - Started process (PID=7841) to work on /home/vscode/.local/lib/python3.10/site-packages/airflow/example_dags/example_params_trigger_ui.py
[2024-09-12T06:40:40.198+0000] {processor.py:826} INFO - Processing file /home/vscode/.local/lib/python3.10/site-packages/airflow/example_dags/example_params_trigger_ui.py for tasks to queue
[2024-09-12T06:40:40.199+0000] {logging_mixin.py:150} INFO - [2024-09-12T06:40:40.198+0000] {dagbag.py:541} INFO - Filling up the DagBag from /home/vscode/.local/lib/python3.10/site-packages/airflow/example_dags/example_params_trigger_ui.py
[2024-09-12T06:40:40.211+0000] {processor.py:836} INFO - DAG(s) dict_keys(['example_params_trigger_ui']) retrieved from /home/vscode/.local/lib/python3.10/site-packages/airflow/example_dags/example_params_trigger_ui.py
[2024-09-12T06:40:40.241+0000] {logging_mixin.py:150} INFO - [2024-09-12T06:40:40.240+0000] {dag.py:2742} INFO - Sync 1 DAGs
[2024-09-12T06:40:40.254+0000] {logging_mixin.py:150} INFO - [2024-09-12T06:40:40.254+0000] {dag.py:3504} INFO - Setting next_dagrun for example_params_trigger_ui to None, run_after=None
[2024-09-12T06:40:40.296+0000] {processor.py:179} INFO - Processing /home/vscode/.local/lib/python3.10/site-packages/airflow/example_dags/example_params_trigger_ui.py took 0.100 seconds
[2024-09-12T06:41:23.321+0000] {processor.py:157} INFO - Started process (PID=8131) to work on /home/vscode/.local/lib/python3.10/site-packages/airflow/example_dags/example_params_trigger_ui.py
[2024-09-12T06:41:23.322+0000] {processor.py:826} INFO - Processing file /home/vscode/.local/lib/python3.10/site-packages/airflow/example_dags/example_params_trigger_ui.py for tasks to queue
[2024-09-12T06:41:23.322+0000] {logging_mixin.py:150} INFO - [2024-09-12T06:41:23.322+0000] {dagbag.py:541} INFO - Filling up the DagBag from /home/vscode/.local/lib/python3.10/site-packages/airflow/example_dags/example_params_trigger_ui.py
[2024-09-12T06:41:23.334+0000] {processor.py:836} INFO - DAG(s) dict_keys(['example_params_trigger_ui']) retrieved from /home/vscode/.local/lib/python3.10/site-packages/airflow/example_dags/example_params_trigger_ui.py
[2024-09-12T06:41:23.365+0000] {logging_mixin.py:150} INFO - [2024-09-12T06:41:23.365+0000] {dag.py:2742} INFO - Sync 1 DAGs
[2024-09-12T06:41:23.379+0000] {logging_mixin.py:150} INFO - [2024-09-12T06:41:23.379+0000] {dag.py:3504} INFO - Setting next_dagrun for example_params_trigger_ui to None, run_after=None
[2024-09-12T06:41:23.416+0000] {processor.py:179} INFO - Processing /home/vscode/.local/lib/python3.10/site-packages/airflow/example_dags/example_params_trigger_ui.py took 0.098 seconds
[2024-09-12T06:42:10.508+0000] {processor.py:157} INFO - Started process (PID=8455) to work on /home/vscode/.local/lib/python3.10/site-packages/airflow/example_dags/example_params_trigger_ui.py
[2024-09-12T06:42:10.508+0000] {processor.py:826} INFO - Processing file /home/vscode/.local/lib/python3.10/site-packages/airflow/example_dags/example_params_trigger_ui.py for tasks to queue
[2024-09-12T06:42:10.509+0000] {logging_mixin.py:150} INFO - [2024-09-12T06:42:10.509+0000] {dagbag.py:541} INFO - Filling up the DagBag from /home/vscode/.local/lib/python3.10/site-packages/airflow/example_dags/example_params_trigger_ui.py
[2024-09-12T06:42:10.521+0000] {processor.py:836} INFO - DAG(s) dict_keys(['example_params_trigger_ui']) retrieved from /home/vscode/.local/lib/python3.10/site-packages/airflow/example_dags/example_params_trigger_ui.py
[2024-09-12T06:42:10.552+0000] {logging_mixin.py:150} INFO - [2024-09-12T06:42:10.552+0000] {dag.py:2742} INFO - Sync 1 DAGs
[2024-09-12T06:42:10.567+0000] {logging_mixin.py:150} INFO - [2024-09-12T06:42:10.567+0000] {dag.py:3504} INFO - Setting next_dagrun for example_params_trigger_ui to None, run_after=None
[2024-09-12T06:42:10.609+0000] {processor.py:179} INFO - Processing /home/vscode/.local/lib/python3.10/site-packages/airflow/example_dags/example_params_trigger_ui.py took 0.103 seconds
[2024-09-12T06:42:53.213+0000] {processor.py:157} INFO - Started process (PID=8740) to work on /home/vscode/.local/lib/python3.10/site-packages/airflow/example_dags/example_params_trigger_ui.py
[2024-09-12T06:42:53.213+0000] {processor.py:826} INFO - Processing file /home/vscode/.local/lib/python3.10/site-packages/airflow/example_dags/example_params_trigger_ui.py for tasks to queue
[2024-09-12T06:42:53.214+0000] {logging_mixin.py:150} INFO - [2024-09-12T06:42:53.214+0000] {dagbag.py:541} INFO - Filling up the DagBag from /home/vscode/.local/lib/python3.10/site-packages/airflow/example_dags/example_params_trigger_ui.py
[2024-09-12T06:42:53.231+0000] {processor.py:836} INFO - DAG(s) dict_keys(['example_params_trigger_ui']) retrieved from /home/vscode/.local/lib/python3.10/site-packages/airflow/example_dags/example_params_trigger_ui.py
[2024-09-12T06:42:53.263+0000] {logging_mixin.py:150} INFO - [2024-09-12T06:42:53.263+0000] {dag.py:2742} INFO - Sync 1 DAGs
[2024-09-12T06:42:53.277+0000] {logging_mixin.py:150} INFO - [2024-09-12T06:42:53.277+0000] {dag.py:3504} INFO - Setting next_dagrun for example_params_trigger_ui to None, run_after=None
[2024-09-12T06:42:53.308+0000] {processor.py:179} INFO - Processing /home/vscode/.local/lib/python3.10/site-packages/airflow/example_dags/example_params_trigger_ui.py took 0.099 seconds
[2024-09-12T06:43:36.208+0000] {processor.py:157} INFO - Started process (PID=9031) to work on /home/vscode/.local/lib/python3.10/site-packages/airflow/example_dags/example_params_trigger_ui.py
[2024-09-12T06:43:36.209+0000] {processor.py:826} INFO - Processing file /home/vscode/.local/lib/python3.10/site-packages/airflow/example_dags/example_params_trigger_ui.py for tasks to queue
[2024-09-12T06:43:36.209+0000] {logging_mixin.py:150} INFO - [2024-09-12T06:43:36.209+0000] {dagbag.py:541} INFO - Filling up the DagBag from /home/vscode/.local/lib/python3.10/site-packages/airflow/example_dags/example_params_trigger_ui.py
[2024-09-12T06:43:36.222+0000] {processor.py:836} INFO - DAG(s) dict_keys(['example_params_trigger_ui']) retrieved from /home/vscode/.local/lib/python3.10/site-packages/airflow/example_dags/example_params_trigger_ui.py
[2024-09-12T06:43:36.252+0000] {logging_mixin.py:150} INFO - [2024-09-12T06:43:36.252+0000] {dag.py:2742} INFO - Sync 1 DAGs
[2024-09-12T06:43:36.266+0000] {logging_mixin.py:150} INFO - [2024-09-12T06:43:36.266+0000] {dag.py:3504} INFO - Setting next_dagrun for example_params_trigger_ui to None, run_after=None
[2024-09-12T06:43:36.300+0000] {processor.py:179} INFO - Processing /home/vscode/.local/lib/python3.10/site-packages/airflow/example_dags/example_params_trigger_ui.py took 0.094 seconds
[2024-09-12T06:44:17.971+0000] {processor.py:157} INFO - Started process (PID=9306) to work on /home/vscode/.local/lib/python3.10/site-packages/airflow/example_dags/example_params_trigger_ui.py
[2024-09-12T06:44:17.972+0000] {processor.py:826} INFO - Processing file /home/vscode/.local/lib/python3.10/site-packages/airflow/example_dags/example_params_trigger_ui.py for tasks to queue
[2024-09-12T06:44:17.972+0000] {logging_mixin.py:150} INFO - [2024-09-12T06:44:17.972+0000] {dagbag.py:541} INFO - Filling up the DagBag from /home/vscode/.local/lib/python3.10/site-packages/airflow/example_dags/example_params_trigger_ui.py
[2024-09-12T06:44:17.984+0000] {processor.py:836} INFO - DAG(s) dict_keys(['example_params_trigger_ui']) retrieved from /home/vscode/.local/lib/python3.10/site-packages/airflow/example_dags/example_params_trigger_ui.py
[2024-09-12T06:44:18.014+0000] {logging_mixin.py:150} INFO - [2024-09-12T06:44:18.014+0000] {dag.py:2742} INFO - Sync 1 DAGs
[2024-09-12T06:44:18.028+0000] {logging_mixin.py:150} INFO - [2024-09-12T06:44:18.028+0000] {dag.py:3504} INFO - Setting next_dagrun for example_params_trigger_ui to None, run_after=None
[2024-09-12T06:44:18.063+0000] {processor.py:179} INFO - Processing /home/vscode/.local/lib/python3.10/site-packages/airflow/example_dags/example_params_trigger_ui.py took 0.094 seconds
[2024-09-12T06:45:03.700+0000] {processor.py:157} INFO - Started process (PID=9616) to work on /home/vscode/.local/lib/python3.10/site-packages/airflow/example_dags/example_params_trigger_ui.py
[2024-09-12T06:45:03.701+0000] {processor.py:826} INFO - Processing file /home/vscode/.local/lib/python3.10/site-packages/airflow/example_dags/example_params_trigger_ui.py for tasks to queue
[2024-09-12T06:45:03.702+0000] {logging_mixin.py:150} INFO - [2024-09-12T06:45:03.701+0000] {dagbag.py:541} INFO - Filling up the DagBag from /home/vscode/.local/lib/python3.10/site-packages/airflow/example_dags/example_params_trigger_ui.py
[2024-09-12T06:45:03.713+0000] {processor.py:836} INFO - DAG(s) dict_keys(['example_params_trigger_ui']) retrieved from /home/vscode/.local/lib/python3.10/site-packages/airflow/example_dags/example_params_trigger_ui.py
[2024-09-12T06:45:03.743+0000] {logging_mixin.py:150} INFO - [2024-09-12T06:45:03.743+0000] {dag.py:2742} INFO - Sync 1 DAGs
[2024-09-12T06:45:03.756+0000] {logging_mixin.py:150} INFO - [2024-09-12T06:45:03.756+0000] {dag.py:3504} INFO - Setting next_dagrun for example_params_trigger_ui to None, run_after=None
[2024-09-12T06:45:03.791+0000] {processor.py:179} INFO - Processing /home/vscode/.local/lib/python3.10/site-packages/airflow/example_dags/example_params_trigger_ui.py took 0.093 seconds
[2024-09-12T06:45:50.459+0000] {processor.py:157} INFO - Started process (PID=9921) to work on /home/vscode/.local/lib/python3.10/site-packages/airflow/example_dags/example_params_trigger_ui.py
[2024-09-12T06:45:50.460+0000] {processor.py:826} INFO - Processing file /home/vscode/.local/lib/python3.10/site-packages/airflow/example_dags/example_params_trigger_ui.py for tasks to queue
[2024-09-12T06:45:50.461+0000] {logging_mixin.py:150} INFO - [2024-09-12T06:45:50.460+0000] {dagbag.py:541} INFO - Filling up the DagBag from /home/vscode/.local/lib/python3.10/site-packages/airflow/example_dags/example_params_trigger_ui.py
[2024-09-12T06:45:50.473+0000] {processor.py:836} INFO - DAG(s) dict_keys(['example_params_trigger_ui']) retrieved from /home/vscode/.local/lib/python3.10/site-packages/airflow/example_dags/example_params_trigger_ui.py
[2024-09-12T06:45:50.506+0000] {logging_mixin.py:150} INFO - [2024-09-12T06:45:50.506+0000] {dag.py:2742} INFO - Sync 1 DAGs
[2024-09-12T06:45:50.520+0000] {logging_mixin.py:150} INFO - [2024-09-12T06:45:50.519+0000] {dag.py:3504} INFO - Setting next_dagrun for example_params_trigger_ui to None, run_after=None
[2024-09-12T06:45:50.571+0000] {processor.py:179} INFO - Processing /home/vscode/.local/lib/python3.10/site-packages/airflow/example_dags/example_params_trigger_ui.py took 0.114 seconds
[2024-09-12T06:46:34.897+0000] {processor.py:157} INFO - Started process (PID=10229) to work on /home/vscode/.local/lib/python3.10/site-packages/airflow/example_dags/example_params_trigger_ui.py
[2024-09-12T06:46:34.898+0000] {processor.py:826} INFO - Processing file /home/vscode/.local/lib/python3.10/site-packages/airflow/example_dags/example_params_trigger_ui.py for tasks to queue
[2024-09-12T06:46:34.899+0000] {logging_mixin.py:150} INFO - [2024-09-12T06:46:34.898+0000] {dagbag.py:541} INFO - Filling up the DagBag from /home/vscode/.local/lib/python3.10/site-packages/airflow/example_dags/example_params_trigger_ui.py
[2024-09-12T06:46:34.911+0000] {processor.py:836} INFO - DAG(s) dict_keys(['example_params_trigger_ui']) retrieved from /home/vscode/.local/lib/python3.10/site-packages/airflow/example_dags/example_params_trigger_ui.py
[2024-09-12T06:46:34.941+0000] {logging_mixin.py:150} INFO - [2024-09-12T06:46:34.941+0000] {dag.py:2742} INFO - Sync 1 DAGs
[2024-09-12T06:46:34.955+0000] {logging_mixin.py:150} INFO - [2024-09-12T06:46:34.955+0000] {dag.py:3504} INFO - Setting next_dagrun for example_params_trigger_ui to None, run_after=None
[2024-09-12T06:46:34.988+0000] {processor.py:179} INFO - Processing /home/vscode/.local/lib/python3.10/site-packages/airflow/example_dags/example_params_trigger_ui.py took 0.093 seconds
[2024-09-12T06:47:20.769+0000] {processor.py:157} INFO - Started process (PID=10534) to work on /home/vscode/.local/lib/python3.10/site-packages/airflow/example_dags/example_params_trigger_ui.py
[2024-09-12T06:47:20.770+0000] {processor.py:826} INFO - Processing file /home/vscode/.local/lib/python3.10/site-packages/airflow/example_dags/example_params_trigger_ui.py for tasks to queue
[2024-09-12T06:47:20.770+0000] {logging_mixin.py:150} INFO - [2024-09-12T06:47:20.770+0000] {dagbag.py:541} INFO - Filling up the DagBag from /home/vscode/.local/lib/python3.10/site-packages/airflow/example_dags/example_params_trigger_ui.py
[2024-09-12T06:47:20.782+0000] {processor.py:836} INFO - DAG(s) dict_keys(['example_params_trigger_ui']) retrieved from /home/vscode/.local/lib/python3.10/site-packages/airflow/example_dags/example_params_trigger_ui.py
[2024-09-12T06:47:20.812+0000] {logging_mixin.py:150} INFO - [2024-09-12T06:47:20.812+0000] {dag.py:2742} INFO - Sync 1 DAGs
[2024-09-12T06:47:20.827+0000] {logging_mixin.py:150} INFO - [2024-09-12T06:47:20.827+0000] {dag.py:3504} INFO - Setting next_dagrun for example_params_trigger_ui to None, run_after=None
[2024-09-12T06:47:20.868+0000] {processor.py:179} INFO - Processing /home/vscode/.local/lib/python3.10/site-packages/airflow/example_dags/example_params_trigger_ui.py took 0.101 seconds
[2024-09-12T06:48:05.031+0000] {processor.py:157} INFO - Started process (PID=10831) to work on /home/vscode/.local/lib/python3.10/site-packages/airflow/example_dags/example_params_trigger_ui.py
[2024-09-12T06:48:05.032+0000] {processor.py:826} INFO - Processing file /home/vscode/.local/lib/python3.10/site-packages/airflow/example_dags/example_params_trigger_ui.py for tasks to queue
[2024-09-12T06:48:05.032+0000] {logging_mixin.py:150} INFO - [2024-09-12T06:48:05.032+0000] {dagbag.py:541} INFO - Filling up the DagBag from /home/vscode/.local/lib/python3.10/site-packages/airflow/example_dags/example_params_trigger_ui.py
[2024-09-12T06:48:05.044+0000] {processor.py:836} INFO - DAG(s) dict_keys(['example_params_trigger_ui']) retrieved from /home/vscode/.local/lib/python3.10/site-packages/airflow/example_dags/example_params_trigger_ui.py
[2024-09-12T06:48:05.076+0000] {logging_mixin.py:150} INFO - [2024-09-12T06:48:05.076+0000] {dag.py:2742} INFO - Sync 1 DAGs
[2024-09-12T06:48:05.090+0000] {logging_mixin.py:150} INFO - [2024-09-12T06:48:05.090+0000] {dag.py:3504} INFO - Setting next_dagrun for example_params_trigger_ui to None, run_after=None
[2024-09-12T06:48:05.120+0000] {processor.py:179} INFO - Processing /home/vscode/.local/lib/python3.10/site-packages/airflow/example_dags/example_params_trigger_ui.py took 0.091 seconds
[2024-09-12T06:48:47.450+0000] {processor.py:157} INFO - Started process (PID=11117) to work on /home/vscode/.local/lib/python3.10/site-packages/airflow/example_dags/example_params_trigger_ui.py
[2024-09-12T06:48:47.451+0000] {processor.py:826} INFO - Processing file /home/vscode/.local/lib/python3.10/site-packages/airflow/example_dags/example_params_trigger_ui.py for tasks to queue
[2024-09-12T06:48:47.451+0000] {logging_mixin.py:150} INFO - [2024-09-12T06:48:47.451+0000] {dagbag.py:541} INFO - Filling up the DagBag from /home/vscode/.local/lib/python3.10/site-packages/airflow/example_dags/example_params_trigger_ui.py
[2024-09-12T06:48:47.464+0000] {processor.py:836} INFO - DAG(s) dict_keys(['example_params_trigger_ui']) retrieved from /home/vscode/.local/lib/python3.10/site-packages/airflow/example_dags/example_params_trigger_ui.py
[2024-09-12T06:48:47.494+0000] {logging_mixin.py:150} INFO - [2024-09-12T06:48:47.494+0000] {dag.py:2742} INFO - Sync 1 DAGs
[2024-09-12T06:48:47.508+0000] {logging_mixin.py:150} INFO - [2024-09-12T06:48:47.508+0000] {dag.py:3504} INFO - Setting next_dagrun for example_params_trigger_ui to None, run_after=None
[2024-09-12T06:48:47.540+0000] {processor.py:179} INFO - Processing /home/vscode/.local/lib/python3.10/site-packages/airflow/example_dags/example_params_trigger_ui.py took 0.092 seconds
[2024-09-12T06:49:32.666+0000] {processor.py:157} INFO - Started process (PID=11417) to work on /home/vscode/.local/lib/python3.10/site-packages/airflow/example_dags/example_params_trigger_ui.py
[2024-09-12T06:49:32.667+0000] {processor.py:826} INFO - Processing file /home/vscode/.local/lib/python3.10/site-packages/airflow/example_dags/example_params_trigger_ui.py for tasks to queue
[2024-09-12T06:49:32.667+0000] {logging_mixin.py:150} INFO - [2024-09-12T06:49:32.667+0000] {dagbag.py:541} INFO - Filling up the DagBag from /home/vscode/.local/lib/python3.10/site-packages/airflow/example_dags/example_params_trigger_ui.py
[2024-09-12T06:49:32.679+0000] {processor.py:836} INFO - DAG(s) dict_keys(['example_params_trigger_ui']) retrieved from /home/vscode/.local/lib/python3.10/site-packages/airflow/example_dags/example_params_trigger_ui.py
[2024-09-12T06:49:32.709+0000] {logging_mixin.py:150} INFO - [2024-09-12T06:49:32.709+0000] {dag.py:2742} INFO - Sync 1 DAGs
[2024-09-12T06:49:32.722+0000] {logging_mixin.py:150} INFO - [2024-09-12T06:49:32.722+0000] {dag.py:3504} INFO - Setting next_dagrun for example_params_trigger_ui to None, run_after=None
[2024-09-12T06:49:32.753+0000] {processor.py:179} INFO - Processing /home/vscode/.local/lib/python3.10/site-packages/airflow/example_dags/example_params_trigger_ui.py took 0.090 seconds
[2024-09-12T06:50:13.465+0000] {processor.py:157} INFO - Started process (PID=11699) to work on /home/vscode/.local/lib/python3.10/site-packages/airflow/example_dags/example_params_trigger_ui.py
[2024-09-12T06:50:13.466+0000] {processor.py:826} INFO - Processing file /home/vscode/.local/lib/python3.10/site-packages/airflow/example_dags/example_params_trigger_ui.py for tasks to queue
[2024-09-12T06:50:13.467+0000] {logging_mixin.py:150} INFO - [2024-09-12T06:50:13.466+0000] {dagbag.py:541} INFO - Filling up the DagBag from /home/vscode/.local/lib/python3.10/site-packages/airflow/example_dags/example_params_trigger_ui.py
[2024-09-12T06:50:13.478+0000] {processor.py:836} INFO - DAG(s) dict_keys(['example_params_trigger_ui']) retrieved from /home/vscode/.local/lib/python3.10/site-packages/airflow/example_dags/example_params_trigger_ui.py
[2024-09-12T06:50:13.508+0000] {logging_mixin.py:150} INFO - [2024-09-12T06:50:13.508+0000] {dag.py:2742} INFO - Sync 1 DAGs
[2024-09-12T06:50:13.522+0000] {logging_mixin.py:150} INFO - [2024-09-12T06:50:13.522+0000] {dag.py:3504} INFO - Setting next_dagrun for example_params_trigger_ui to None, run_after=None
[2024-09-12T06:50:13.559+0000] {processor.py:179} INFO - Processing /home/vscode/.local/lib/python3.10/site-packages/airflow/example_dags/example_params_trigger_ui.py took 0.095 seconds
[2024-09-12T06:50:57.295+0000] {processor.py:157} INFO - Started process (PID=11998) to work on /home/vscode/.local/lib/python3.10/site-packages/airflow/example_dags/example_params_trigger_ui.py
[2024-09-12T06:50:57.296+0000] {processor.py:826} INFO - Processing file /home/vscode/.local/lib/python3.10/site-packages/airflow/example_dags/example_params_trigger_ui.py for tasks to queue
[2024-09-12T06:50:57.297+0000] {logging_mixin.py:150} INFO - [2024-09-12T06:50:57.296+0000] {dagbag.py:541} INFO - Filling up the DagBag from /home/vscode/.local/lib/python3.10/site-packages/airflow/example_dags/example_params_trigger_ui.py
[2024-09-12T06:50:57.309+0000] {processor.py:836} INFO - DAG(s) dict_keys(['example_params_trigger_ui']) retrieved from /home/vscode/.local/lib/python3.10/site-packages/airflow/example_dags/example_params_trigger_ui.py
[2024-09-12T06:50:57.340+0000] {logging_mixin.py:150} INFO - [2024-09-12T06:50:57.340+0000] {dag.py:2742} INFO - Sync 1 DAGs
[2024-09-12T06:50:57.354+0000] {logging_mixin.py:150} INFO - [2024-09-12T06:50:57.354+0000] {dag.py:3504} INFO - Setting next_dagrun for example_params_trigger_ui to None, run_after=None
[2024-09-12T06:50:57.395+0000] {processor.py:179} INFO - Processing /home/vscode/.local/lib/python3.10/site-packages/airflow/example_dags/example_params_trigger_ui.py took 0.101 seconds
[2024-09-12T06:51:44.148+0000] {processor.py:157} INFO - Started process (PID=12313) to work on /home/vscode/.local/lib/python3.10/site-packages/airflow/example_dags/example_params_trigger_ui.py
[2024-09-12T06:51:44.149+0000] {processor.py:826} INFO - Processing file /home/vscode/.local/lib/python3.10/site-packages/airflow/example_dags/example_params_trigger_ui.py for tasks to queue
[2024-09-12T06:51:44.149+0000] {logging_mixin.py:150} INFO - [2024-09-12T06:51:44.149+0000] {dagbag.py:541} INFO - Filling up the DagBag from /home/vscode/.local/lib/python3.10/site-packages/airflow/example_dags/example_params_trigger_ui.py
[2024-09-12T06:51:44.162+0000] {processor.py:836} INFO - DAG(s) dict_keys(['example_params_trigger_ui']) retrieved from /home/vscode/.local/lib/python3.10/site-packages/airflow/example_dags/example_params_trigger_ui.py
[2024-09-12T06:51:44.215+0000] {logging_mixin.py:150} INFO - [2024-09-12T06:51:44.215+0000] {dag.py:2742} INFO - Sync 1 DAGs
[2024-09-12T06:51:44.233+0000] {logging_mixin.py:150} INFO - [2024-09-12T06:51:44.233+0000] {dag.py:3504} INFO - Setting next_dagrun for example_params_trigger_ui to None, run_after=None
[2024-09-12T06:51:44.271+0000] {processor.py:179} INFO - Processing /home/vscode/.local/lib/python3.10/site-packages/airflow/example_dags/example_params_trigger_ui.py took 0.126 seconds
[2024-09-12T06:52:32.058+0000] {processor.py:157} INFO - Started process (PID=12626) to work on /home/vscode/.local/lib/python3.10/site-packages/airflow/example_dags/example_params_trigger_ui.py
[2024-09-12T06:52:32.059+0000] {processor.py:826} INFO - Processing file /home/vscode/.local/lib/python3.10/site-packages/airflow/example_dags/example_params_trigger_ui.py for tasks to queue
[2024-09-12T06:52:32.060+0000] {logging_mixin.py:150} INFO - [2024-09-12T06:52:32.059+0000] {dagbag.py:541} INFO - Filling up the DagBag from /home/vscode/.local/lib/python3.10/site-packages/airflow/example_dags/example_params_trigger_ui.py
[2024-09-12T06:52:32.076+0000] {processor.py:836} INFO - DAG(s) dict_keys(['example_params_trigger_ui']) retrieved from /home/vscode/.local/lib/python3.10/site-packages/airflow/example_dags/example_params_trigger_ui.py
[2024-09-12T06:52:32.124+0000] {logging_mixin.py:150} INFO - [2024-09-12T06:52:32.123+0000] {dag.py:2742} INFO - Sync 1 DAGs
[2024-09-12T06:52:32.142+0000] {logging_mixin.py:150} INFO - [2024-09-12T06:52:32.142+0000] {dag.py:3504} INFO - Setting next_dagrun for example_params_trigger_ui to None, run_after=None
[2024-09-12T06:52:32.198+0000] {processor.py:179} INFO - Processing /home/vscode/.local/lib/python3.10/site-packages/airflow/example_dags/example_params_trigger_ui.py took 0.143 seconds
[2024-09-12T06:53:18.126+0000] {processor.py:157} INFO - Started process (PID=12944) to work on /home/vscode/.local/lib/python3.10/site-packages/airflow/example_dags/example_params_trigger_ui.py
[2024-09-12T06:53:18.127+0000] {processor.py:826} INFO - Processing file /home/vscode/.local/lib/python3.10/site-packages/airflow/example_dags/example_params_trigger_ui.py for tasks to queue
[2024-09-12T06:53:18.127+0000] {logging_mixin.py:150} INFO - [2024-09-12T06:53:18.127+0000] {dagbag.py:541} INFO - Filling up the DagBag from /home/vscode/.local/lib/python3.10/site-packages/airflow/example_dags/example_params_trigger_ui.py
[2024-09-12T06:53:18.140+0000] {processor.py:836} INFO - DAG(s) dict_keys(['example_params_trigger_ui']) retrieved from /home/vscode/.local/lib/python3.10/site-packages/airflow/example_dags/example_params_trigger_ui.py
[2024-09-12T06:53:18.171+0000] {logging_mixin.py:150} INFO - [2024-09-12T06:53:18.171+0000] {dag.py:2742} INFO - Sync 1 DAGs
[2024-09-12T06:53:18.187+0000] {logging_mixin.py:150} INFO - [2024-09-12T06:53:18.187+0000] {dag.py:3504} INFO - Setting next_dagrun for example_params_trigger_ui to None, run_after=None
[2024-09-12T06:53:18.230+0000] {processor.py:179} INFO - Processing /home/vscode/.local/lib/python3.10/site-packages/airflow/example_dags/example_params_trigger_ui.py took 0.106 seconds
[2024-09-12T06:54:03.428+0000] {processor.py:157} INFO - Started process (PID=13242) to work on /home/vscode/.local/lib/python3.10/site-packages/airflow/example_dags/example_params_trigger_ui.py
[2024-09-12T06:54:03.429+0000] {processor.py:826} INFO - Processing file /home/vscode/.local/lib/python3.10/site-packages/airflow/example_dags/example_params_trigger_ui.py for tasks to queue
[2024-09-12T06:54:03.429+0000] {logging_mixin.py:150} INFO - [2024-09-12T06:54:03.429+0000] {dagbag.py:541} INFO - Filling up the DagBag from /home/vscode/.local/lib/python3.10/site-packages/airflow/example_dags/example_params_trigger_ui.py
[2024-09-12T06:54:03.441+0000] {processor.py:836} INFO - DAG(s) dict_keys(['example_params_trigger_ui']) retrieved from /home/vscode/.local/lib/python3.10/site-packages/airflow/example_dags/example_params_trigger_ui.py
[2024-09-12T06:54:03.471+0000] {logging_mixin.py:150} INFO - [2024-09-12T06:54:03.471+0000] {dag.py:2742} INFO - Sync 1 DAGs
[2024-09-12T06:54:03.484+0000] {logging_mixin.py:150} INFO - [2024-09-12T06:54:03.484+0000] {dag.py:3504} INFO - Setting next_dagrun for example_params_trigger_ui to None, run_after=None
[2024-09-12T06:54:03.528+0000] {processor.py:179} INFO - Processing /home/vscode/.local/lib/python3.10/site-packages/airflow/example_dags/example_params_trigger_ui.py took 0.102 seconds
[2024-09-12T06:54:47.718+0000] {processor.py:157} INFO - Started process (PID=13553) to work on /home/vscode/.local/lib/python3.10/site-packages/airflow/example_dags/example_params_trigger_ui.py
[2024-09-12T06:54:47.724+0000] {processor.py:826} INFO - Processing file /home/vscode/.local/lib/python3.10/site-packages/airflow/example_dags/example_params_trigger_ui.py for tasks to queue
[2024-09-12T06:54:47.724+0000] {logging_mixin.py:150} INFO - [2024-09-12T06:54:47.724+0000] {dagbag.py:541} INFO - Filling up the DagBag from /home/vscode/.local/lib/python3.10/site-packages/airflow/example_dags/example_params_trigger_ui.py
[2024-09-12T06:54:47.748+0000] {processor.py:836} INFO - DAG(s) dict_keys(['example_params_trigger_ui']) retrieved from /home/vscode/.local/lib/python3.10/site-packages/airflow/example_dags/example_params_trigger_ui.py
[2024-09-12T06:54:47.779+0000] {logging_mixin.py:150} INFO - [2024-09-12T06:54:47.778+0000] {dag.py:2742} INFO - Sync 1 DAGs
[2024-09-12T06:54:47.792+0000] {logging_mixin.py:150} INFO - [2024-09-12T06:54:47.792+0000] {dag.py:3504} INFO - Setting next_dagrun for example_params_trigger_ui to None, run_after=None
[2024-09-12T06:54:47.828+0000] {processor.py:179} INFO - Processing /home/vscode/.local/lib/python3.10/site-packages/airflow/example_dags/example_params_trigger_ui.py took 0.113 seconds
[2024-09-12T06:55:33.425+0000] {processor.py:157} INFO - Started process (PID=13851) to work on /home/vscode/.local/lib/python3.10/site-packages/airflow/example_dags/example_params_trigger_ui.py
[2024-09-12T06:55:33.426+0000] {processor.py:826} INFO - Processing file /home/vscode/.local/lib/python3.10/site-packages/airflow/example_dags/example_params_trigger_ui.py for tasks to queue
[2024-09-12T06:55:33.426+0000] {logging_mixin.py:150} INFO - [2024-09-12T06:55:33.426+0000] {dagbag.py:541} INFO - Filling up the DagBag from /home/vscode/.local/lib/python3.10/site-packages/airflow/example_dags/example_params_trigger_ui.py
[2024-09-12T06:55:33.438+0000] {processor.py:836} INFO - DAG(s) dict_keys(['example_params_trigger_ui']) retrieved from /home/vscode/.local/lib/python3.10/site-packages/airflow/example_dags/example_params_trigger_ui.py
[2024-09-12T06:55:33.468+0000] {logging_mixin.py:150} INFO - [2024-09-12T06:55:33.468+0000] {dag.py:2742} INFO - Sync 1 DAGs
[2024-09-12T06:55:33.483+0000] {logging_mixin.py:150} INFO - [2024-09-12T06:55:33.483+0000] {dag.py:3504} INFO - Setting next_dagrun for example_params_trigger_ui to None, run_after=None
[2024-09-12T06:55:33.533+0000] {processor.py:179} INFO - Processing /home/vscode/.local/lib/python3.10/site-packages/airflow/example_dags/example_params_trigger_ui.py took 0.110 seconds
[2024-09-12T06:56:21.758+0000] {processor.py:157} INFO - Started process (PID=14177) to work on /home/vscode/.local/lib/python3.10/site-packages/airflow/example_dags/example_params_trigger_ui.py
[2024-09-12T06:56:21.758+0000] {processor.py:826} INFO - Processing file /home/vscode/.local/lib/python3.10/site-packages/airflow/example_dags/example_params_trigger_ui.py for tasks to queue
[2024-09-12T06:56:21.759+0000] {logging_mixin.py:150} INFO - [2024-09-12T06:56:21.759+0000] {dagbag.py:541} INFO - Filling up the DagBag from /home/vscode/.local/lib/python3.10/site-packages/airflow/example_dags/example_params_trigger_ui.py
[2024-09-12T06:56:21.771+0000] {processor.py:836} INFO - DAG(s) dict_keys(['example_params_trigger_ui']) retrieved from /home/vscode/.local/lib/python3.10/site-packages/airflow/example_dags/example_params_trigger_ui.py
[2024-09-12T06:56:21.800+0000] {logging_mixin.py:150} INFO - [2024-09-12T06:56:21.800+0000] {dag.py:2742} INFO - Sync 1 DAGs
[2024-09-12T06:56:21.815+0000] {logging_mixin.py:150} INFO - [2024-09-12T06:56:21.815+0000] {dag.py:3504} INFO - Setting next_dagrun for example_params_trigger_ui to None, run_after=None
[2024-09-12T06:56:21.869+0000] {processor.py:179} INFO - Processing /home/vscode/.local/lib/python3.10/site-packages/airflow/example_dags/example_params_trigger_ui.py took 0.114 seconds
[2024-09-12T06:57:12.262+0000] {processor.py:157} INFO - Started process (PID=14516) to work on /home/vscode/.local/lib/python3.10/site-packages/airflow/example_dags/example_params_trigger_ui.py
[2024-09-12T06:57:12.263+0000] {processor.py:826} INFO - Processing file /home/vscode/.local/lib/python3.10/site-packages/airflow/example_dags/example_params_trigger_ui.py for tasks to queue
[2024-09-12T06:57:12.264+0000] {logging_mixin.py:150} INFO - [2024-09-12T06:57:12.263+0000] {dagbag.py:541} INFO - Filling up the DagBag from /home/vscode/.local/lib/python3.10/site-packages/airflow/example_dags/example_params_trigger_ui.py
[2024-09-12T06:57:12.276+0000] {processor.py:836} INFO - DAG(s) dict_keys(['example_params_trigger_ui']) retrieved from /home/vscode/.local/lib/python3.10/site-packages/airflow/example_dags/example_params_trigger_ui.py
[2024-09-12T06:57:12.324+0000] {logging_mixin.py:150} INFO - [2024-09-12T06:57:12.324+0000] {dag.py:2742} INFO - Sync 1 DAGs
[2024-09-12T06:57:12.342+0000] {logging_mixin.py:150} INFO - [2024-09-12T06:57:12.342+0000] {dag.py:3504} INFO - Setting next_dagrun for example_params_trigger_ui to None, run_after=None
[2024-09-12T06:57:12.426+0000] {processor.py:179} INFO - Processing /home/vscode/.local/lib/python3.10/site-packages/airflow/example_dags/example_params_trigger_ui.py took 0.166 seconds
[2024-09-12T06:57:53.901+0000] {processor.py:157} INFO - Started process (PID=14795) to work on /home/vscode/.local/lib/python3.10/site-packages/airflow/example_dags/example_params_trigger_ui.py
[2024-09-12T06:57:53.902+0000] {processor.py:826} INFO - Processing file /home/vscode/.local/lib/python3.10/site-packages/airflow/example_dags/example_params_trigger_ui.py for tasks to queue
[2024-09-12T06:57:53.903+0000] {logging_mixin.py:150} INFO - [2024-09-12T06:57:53.902+0000] {dagbag.py:541} INFO - Filling up the DagBag from /home/vscode/.local/lib/python3.10/site-packages/airflow/example_dags/example_params_trigger_ui.py
[2024-09-12T06:57:53.914+0000] {processor.py:836} INFO - DAG(s) dict_keys(['example_params_trigger_ui']) retrieved from /home/vscode/.local/lib/python3.10/site-packages/airflow/example_dags/example_params_trigger_ui.py
[2024-09-12T06:57:53.944+0000] {logging_mixin.py:150} INFO - [2024-09-12T06:57:53.944+0000] {dag.py:2742} INFO - Sync 1 DAGs
[2024-09-12T06:57:53.957+0000] {logging_mixin.py:150} INFO - [2024-09-12T06:57:53.957+0000] {dag.py:3504} INFO - Setting next_dagrun for example_params_trigger_ui to None, run_after=None
[2024-09-12T06:57:53.988+0000] {processor.py:179} INFO - Processing /home/vscode/.local/lib/python3.10/site-packages/airflow/example_dags/example_params_trigger_ui.py took 0.088 seconds
[2024-09-12T06:58:37.561+0000] {processor.py:157} INFO - Started process (PID=15090) to work on /home/vscode/.local/lib/python3.10/site-packages/airflow/example_dags/example_params_trigger_ui.py
[2024-09-12T06:58:37.562+0000] {processor.py:826} INFO - Processing file /home/vscode/.local/lib/python3.10/site-packages/airflow/example_dags/example_params_trigger_ui.py for tasks to queue
[2024-09-12T06:58:37.563+0000] {logging_mixin.py:150} INFO - [2024-09-12T06:58:37.562+0000] {dagbag.py:541} INFO - Filling up the DagBag from /home/vscode/.local/lib/python3.10/site-packages/airflow/example_dags/example_params_trigger_ui.py
[2024-09-12T06:58:37.580+0000] {processor.py:836} INFO - DAG(s) dict_keys(['example_params_trigger_ui']) retrieved from /home/vscode/.local/lib/python3.10/site-packages/airflow/example_dags/example_params_trigger_ui.py
[2024-09-12T06:58:37.625+0000] {logging_mixin.py:150} INFO - [2024-09-12T06:58:37.625+0000] {dag.py:2742} INFO - Sync 1 DAGs
[2024-09-12T06:58:37.641+0000] {logging_mixin.py:150} INFO - [2024-09-12T06:58:37.641+0000] {dag.py:3504} INFO - Setting next_dagrun for example_params_trigger_ui to None, run_after=None
[2024-09-12T06:58:37.672+0000] {processor.py:179} INFO - Processing /home/vscode/.local/lib/python3.10/site-packages/airflow/example_dags/example_params_trigger_ui.py took 0.113 seconds
[2024-09-12T06:59:21.635+0000] {processor.py:157} INFO - Started process (PID=15388) to work on /home/vscode/.local/lib/python3.10/site-packages/airflow/example_dags/example_params_trigger_ui.py
[2024-09-12T06:59:21.636+0000] {processor.py:826} INFO - Processing file /home/vscode/.local/lib/python3.10/site-packages/airflow/example_dags/example_params_trigger_ui.py for tasks to queue
[2024-09-12T06:59:21.636+0000] {logging_mixin.py:150} INFO - [2024-09-12T06:59:21.636+0000] {dagbag.py:541} INFO - Filling up the DagBag from /home/vscode/.local/lib/python3.10/site-packages/airflow/example_dags/example_params_trigger_ui.py
[2024-09-12T06:59:21.648+0000] {processor.py:836} INFO - DAG(s) dict_keys(['example_params_trigger_ui']) retrieved from /home/vscode/.local/lib/python3.10/site-packages/airflow/example_dags/example_params_trigger_ui.py
[2024-09-12T06:59:21.679+0000] {logging_mixin.py:150} INFO - [2024-09-12T06:59:21.679+0000] {dag.py:2742} INFO - Sync 1 DAGs
[2024-09-12T06:59:21.693+0000] {logging_mixin.py:150} INFO - [2024-09-12T06:59:21.693+0000] {dag.py:3504} INFO - Setting next_dagrun for example_params_trigger_ui to None, run_after=None
[2024-09-12T06:59:21.758+0000] {processor.py:179} INFO - Processing /home/vscode/.local/lib/python3.10/site-packages/airflow/example_dags/example_params_trigger_ui.py took 0.125 seconds
[2024-09-12T07:00:04.617+0000] {processor.py:157} INFO - Started process (PID=15673) to work on /home/vscode/.local/lib/python3.10/site-packages/airflow/example_dags/example_params_trigger_ui.py
[2024-09-12T07:00:04.618+0000] {processor.py:826} INFO - Processing file /home/vscode/.local/lib/python3.10/site-packages/airflow/example_dags/example_params_trigger_ui.py for tasks to queue
[2024-09-12T07:00:04.619+0000] {logging_mixin.py:150} INFO - [2024-09-12T07:00:04.619+0000] {dagbag.py:541} INFO - Filling up the DagBag from /home/vscode/.local/lib/python3.10/site-packages/airflow/example_dags/example_params_trigger_ui.py
[2024-09-12T07:00:04.631+0000] {processor.py:836} INFO - DAG(s) dict_keys(['example_params_trigger_ui']) retrieved from /home/vscode/.local/lib/python3.10/site-packages/airflow/example_dags/example_params_trigger_ui.py
[2024-09-12T07:00:04.662+0000] {logging_mixin.py:150} INFO - [2024-09-12T07:00:04.662+0000] {dag.py:2742} INFO - Sync 1 DAGs
[2024-09-12T07:00:04.676+0000] {logging_mixin.py:150} INFO - [2024-09-12T07:00:04.676+0000] {dag.py:3504} INFO - Setting next_dagrun for example_params_trigger_ui to None, run_after=None
[2024-09-12T07:00:04.708+0000] {processor.py:179} INFO - Processing /home/vscode/.local/lib/python3.10/site-packages/airflow/example_dags/example_params_trigger_ui.py took 0.093 seconds
[2024-09-12T07:00:50.362+0000] {processor.py:157} INFO - Started process (PID=15983) to work on /home/vscode/.local/lib/python3.10/site-packages/airflow/example_dags/example_params_trigger_ui.py
[2024-09-12T07:00:50.363+0000] {processor.py:826} INFO - Processing file /home/vscode/.local/lib/python3.10/site-packages/airflow/example_dags/example_params_trigger_ui.py for tasks to queue
[2024-09-12T07:00:50.364+0000] {logging_mixin.py:150} INFO - [2024-09-12T07:00:50.363+0000] {dagbag.py:541} INFO - Filling up the DagBag from /home/vscode/.local/lib/python3.10/site-packages/airflow/example_dags/example_params_trigger_ui.py
[2024-09-12T07:00:50.375+0000] {processor.py:836} INFO - DAG(s) dict_keys(['example_params_trigger_ui']) retrieved from /home/vscode/.local/lib/python3.10/site-packages/airflow/example_dags/example_params_trigger_ui.py
[2024-09-12T07:00:50.405+0000] {logging_mixin.py:150} INFO - [2024-09-12T07:00:50.405+0000] {dag.py:2742} INFO - Sync 1 DAGs
[2024-09-12T07:00:50.419+0000] {logging_mixin.py:150} INFO - [2024-09-12T07:00:50.419+0000] {dag.py:3504} INFO - Setting next_dagrun for example_params_trigger_ui to None, run_after=None
[2024-09-12T07:00:50.448+0000] {processor.py:179} INFO - Processing /home/vscode/.local/lib/python3.10/site-packages/airflow/example_dags/example_params_trigger_ui.py took 0.088 seconds
[2024-09-12T07:01:35.006+0000] {processor.py:157} INFO - Started process (PID=16288) to work on /home/vscode/.local/lib/python3.10/site-packages/airflow/example_dags/example_params_trigger_ui.py
[2024-09-12T07:01:35.009+0000] {processor.py:826} INFO - Processing file /home/vscode/.local/lib/python3.10/site-packages/airflow/example_dags/example_params_trigger_ui.py for tasks to queue
[2024-09-12T07:01:35.010+0000] {logging_mixin.py:150} INFO - [2024-09-12T07:01:35.009+0000] {dagbag.py:541} INFO - Filling up the DagBag from /home/vscode/.local/lib/python3.10/site-packages/airflow/example_dags/example_params_trigger_ui.py
[2024-09-12T07:01:35.027+0000] {processor.py:836} INFO - DAG(s) dict_keys(['example_params_trigger_ui']) retrieved from /home/vscode/.local/lib/python3.10/site-packages/airflow/example_dags/example_params_trigger_ui.py
[2024-09-12T07:01:35.081+0000] {logging_mixin.py:150} INFO - [2024-09-12T07:01:35.080+0000] {dag.py:2742} INFO - Sync 1 DAGs
[2024-09-12T07:01:35.105+0000] {logging_mixin.py:150} INFO - [2024-09-12T07:01:35.104+0000] {dag.py:3504} INFO - Setting next_dagrun for example_params_trigger_ui to None, run_after=None
[2024-09-12T07:01:35.144+0000] {processor.py:179} INFO - Processing /home/vscode/.local/lib/python3.10/site-packages/airflow/example_dags/example_params_trigger_ui.py took 0.146 seconds
[2024-09-12T07:02:18.061+0000] {processor.py:157} INFO - Started process (PID=16578) to work on /home/vscode/.local/lib/python3.10/site-packages/airflow/example_dags/example_params_trigger_ui.py
[2024-09-12T07:02:18.061+0000] {processor.py:826} INFO - Processing file /home/vscode/.local/lib/python3.10/site-packages/airflow/example_dags/example_params_trigger_ui.py for tasks to queue
[2024-09-12T07:02:18.062+0000] {logging_mixin.py:150} INFO - [2024-09-12T07:02:18.062+0000] {dagbag.py:541} INFO - Filling up the DagBag from /home/vscode/.local/lib/python3.10/site-packages/airflow/example_dags/example_params_trigger_ui.py
[2024-09-12T07:02:18.074+0000] {processor.py:836} INFO - DAG(s) dict_keys(['example_params_trigger_ui']) retrieved from /home/vscode/.local/lib/python3.10/site-packages/airflow/example_dags/example_params_trigger_ui.py
[2024-09-12T07:02:18.114+0000] {logging_mixin.py:150} INFO - [2024-09-12T07:02:18.113+0000] {dag.py:2742} INFO - Sync 1 DAGs
[2024-09-12T07:02:18.130+0000] {logging_mixin.py:150} INFO - [2024-09-12T07:02:18.130+0000] {dag.py:3504} INFO - Setting next_dagrun for example_params_trigger_ui to None, run_after=None
[2024-09-12T07:02:18.161+0000] {processor.py:179} INFO - Processing /home/vscode/.local/lib/python3.10/site-packages/airflow/example_dags/example_params_trigger_ui.py took 0.102 seconds
[2024-09-12T07:03:00.444+0000] {processor.py:157} INFO - Started process (PID=16856) to work on /home/vscode/.local/lib/python3.10/site-packages/airflow/example_dags/example_params_trigger_ui.py
[2024-09-12T07:03:00.445+0000] {processor.py:826} INFO - Processing file /home/vscode/.local/lib/python3.10/site-packages/airflow/example_dags/example_params_trigger_ui.py for tasks to queue
[2024-09-12T07:03:00.446+0000] {logging_mixin.py:150} INFO - [2024-09-12T07:03:00.445+0000] {dagbag.py:541} INFO - Filling up the DagBag from /home/vscode/.local/lib/python3.10/site-packages/airflow/example_dags/example_params_trigger_ui.py
[2024-09-12T07:03:00.458+0000] {processor.py:836} INFO - DAG(s) dict_keys(['example_params_trigger_ui']) retrieved from /home/vscode/.local/lib/python3.10/site-packages/airflow/example_dags/example_params_trigger_ui.py
[2024-09-12T07:03:00.496+0000] {logging_mixin.py:150} INFO - [2024-09-12T07:03:00.496+0000] {dag.py:2742} INFO - Sync 1 DAGs
[2024-09-12T07:03:00.516+0000] {logging_mixin.py:150} INFO - [2024-09-12T07:03:00.516+0000] {dag.py:3504} INFO - Setting next_dagrun for example_params_trigger_ui to None, run_after=None
[2024-09-12T07:03:00.561+0000] {processor.py:179} INFO - Processing /home/vscode/.local/lib/python3.10/site-packages/airflow/example_dags/example_params_trigger_ui.py took 0.119 seconds
[2024-09-12T07:03:49.739+0000] {processor.py:157} INFO - Started process (PID=17234) to work on /home/vscode/.local/lib/python3.10/site-packages/airflow/example_dags/example_params_trigger_ui.py
[2024-09-12T07:03:49.740+0000] {processor.py:826} INFO - Processing file /home/vscode/.local/lib/python3.10/site-packages/airflow/example_dags/example_params_trigger_ui.py for tasks to queue
[2024-09-12T07:03:49.740+0000] {logging_mixin.py:150} INFO - [2024-09-12T07:03:49.740+0000] {dagbag.py:541} INFO - Filling up the DagBag from /home/vscode/.local/lib/python3.10/site-packages/airflow/example_dags/example_params_trigger_ui.py
[2024-09-12T07:03:49.752+0000] {processor.py:836} INFO - DAG(s) dict_keys(['example_params_trigger_ui']) retrieved from /home/vscode/.local/lib/python3.10/site-packages/airflow/example_dags/example_params_trigger_ui.py
[2024-09-12T07:03:49.782+0000] {logging_mixin.py:150} INFO - [2024-09-12T07:03:49.782+0000] {dag.py:2742} INFO - Sync 1 DAGs
[2024-09-12T07:03:49.795+0000] {logging_mixin.py:150} INFO - [2024-09-12T07:03:49.795+0000] {dag.py:3504} INFO - Setting next_dagrun for example_params_trigger_ui to None, run_after=None
[2024-09-12T07:03:49.869+0000] {processor.py:179} INFO - Processing /home/vscode/.local/lib/python3.10/site-packages/airflow/example_dags/example_params_trigger_ui.py took 0.132 seconds
[2024-09-12T07:04:37.735+0000] {processor.py:157} INFO - Started process (PID=17597) to work on /home/vscode/.local/lib/python3.10/site-packages/airflow/example_dags/example_params_trigger_ui.py
[2024-09-12T07:04:37.736+0000] {processor.py:826} INFO - Processing file /home/vscode/.local/lib/python3.10/site-packages/airflow/example_dags/example_params_trigger_ui.py for tasks to queue
[2024-09-12T07:04:37.736+0000] {logging_mixin.py:150} INFO - [2024-09-12T07:04:37.736+0000] {dagbag.py:541} INFO - Filling up the DagBag from /home/vscode/.local/lib/python3.10/site-packages/airflow/example_dags/example_params_trigger_ui.py
[2024-09-12T07:04:37.748+0000] {processor.py:836} INFO - DAG(s) dict_keys(['example_params_trigger_ui']) retrieved from /home/vscode/.local/lib/python3.10/site-packages/airflow/example_dags/example_params_trigger_ui.py
[2024-09-12T07:04:37.778+0000] {logging_mixin.py:150} INFO - [2024-09-12T07:04:37.778+0000] {dag.py:2742} INFO - Sync 1 DAGs
[2024-09-12T07:04:37.792+0000] {logging_mixin.py:150} INFO - [2024-09-12T07:04:37.792+0000] {dag.py:3504} INFO - Setting next_dagrun for example_params_trigger_ui to None, run_after=None
[2024-09-12T07:04:37.821+0000] {processor.py:179} INFO - Processing /home/vscode/.local/lib/python3.10/site-packages/airflow/example_dags/example_params_trigger_ui.py took 0.088 seconds
[2024-09-12T07:05:22.952+0000] {processor.py:157} INFO - Started process (PID=18008) to work on /home/vscode/.local/lib/python3.10/site-packages/airflow/example_dags/example_params_trigger_ui.py
[2024-09-12T07:05:22.953+0000] {processor.py:826} INFO - Processing file /home/vscode/.local/lib/python3.10/site-packages/airflow/example_dags/example_params_trigger_ui.py for tasks to queue
[2024-09-12T07:05:22.954+0000] {logging_mixin.py:150} INFO - [2024-09-12T07:05:22.953+0000] {dagbag.py:541} INFO - Filling up the DagBag from /home/vscode/.local/lib/python3.10/site-packages/airflow/example_dags/example_params_trigger_ui.py
[2024-09-12T07:05:22.966+0000] {processor.py:836} INFO - DAG(s) dict_keys(['example_params_trigger_ui']) retrieved from /home/vscode/.local/lib/python3.10/site-packages/airflow/example_dags/example_params_trigger_ui.py
[2024-09-12T07:05:23.005+0000] {logging_mixin.py:150} INFO - [2024-09-12T07:05:23.005+0000] {dag.py:2742} INFO - Sync 1 DAGs
[2024-09-12T07:05:23.020+0000] {logging_mixin.py:150} INFO - [2024-09-12T07:05:23.020+0000] {dag.py:3504} INFO - Setting next_dagrun for example_params_trigger_ui to None, run_after=None
[2024-09-12T07:05:23.057+0000] {processor.py:179} INFO - Processing /home/vscode/.local/lib/python3.10/site-packages/airflow/example_dags/example_params_trigger_ui.py took 0.107 seconds
[2024-09-12T07:06:07.896+0000] {processor.py:157} INFO - Started process (PID=18359) to work on /home/vscode/.local/lib/python3.10/site-packages/airflow/example_dags/example_params_trigger_ui.py
[2024-09-12T07:06:07.897+0000] {processor.py:826} INFO - Processing file /home/vscode/.local/lib/python3.10/site-packages/airflow/example_dags/example_params_trigger_ui.py for tasks to queue
[2024-09-12T07:06:07.898+0000] {logging_mixin.py:150} INFO - [2024-09-12T07:06:07.897+0000] {dagbag.py:541} INFO - Filling up the DagBag from /home/vscode/.local/lib/python3.10/site-packages/airflow/example_dags/example_params_trigger_ui.py
[2024-09-12T07:06:07.910+0000] {processor.py:836} INFO - DAG(s) dict_keys(['example_params_trigger_ui']) retrieved from /home/vscode/.local/lib/python3.10/site-packages/airflow/example_dags/example_params_trigger_ui.py
[2024-09-12T07:06:07.944+0000] {logging_mixin.py:150} INFO - [2024-09-12T07:06:07.944+0000] {dag.py:2742} INFO - Sync 1 DAGs
[2024-09-12T07:06:07.957+0000] {logging_mixin.py:150} INFO - [2024-09-12T07:06:07.957+0000] {dag.py:3504} INFO - Setting next_dagrun for example_params_trigger_ui to None, run_after=None
[2024-09-12T07:06:08.003+0000] {processor.py:179} INFO - Processing /home/vscode/.local/lib/python3.10/site-packages/airflow/example_dags/example_params_trigger_ui.py took 0.108 seconds
[2024-09-12T07:06:53.341+0000] {processor.py:157} INFO - Started process (PID=18701) to work on /home/vscode/.local/lib/python3.10/site-packages/airflow/example_dags/example_params_trigger_ui.py
[2024-09-12T07:06:53.342+0000] {processor.py:826} INFO - Processing file /home/vscode/.local/lib/python3.10/site-packages/airflow/example_dags/example_params_trigger_ui.py for tasks to queue
[2024-09-12T07:06:53.342+0000] {logging_mixin.py:150} INFO - [2024-09-12T07:06:53.342+0000] {dagbag.py:541} INFO - Filling up the DagBag from /home/vscode/.local/lib/python3.10/site-packages/airflow/example_dags/example_params_trigger_ui.py
[2024-09-12T07:06:53.354+0000] {processor.py:836} INFO - DAG(s) dict_keys(['example_params_trigger_ui']) retrieved from /home/vscode/.local/lib/python3.10/site-packages/airflow/example_dags/example_params_trigger_ui.py
[2024-09-12T07:06:53.384+0000] {logging_mixin.py:150} INFO - [2024-09-12T07:06:53.384+0000] {dag.py:2742} INFO - Sync 1 DAGs
[2024-09-12T07:06:53.398+0000] {logging_mixin.py:150} INFO - [2024-09-12T07:06:53.398+0000] {dag.py:3504} INFO - Setting next_dagrun for example_params_trigger_ui to None, run_after=None
[2024-09-12T07:06:53.437+0000] {processor.py:179} INFO - Processing /home/vscode/.local/lib/python3.10/site-packages/airflow/example_dags/example_params_trigger_ui.py took 0.098 seconds
[2024-09-12T07:07:38.773+0000] {processor.py:157} INFO - Started process (PID=19006) to work on /home/vscode/.local/lib/python3.10/site-packages/airflow/example_dags/example_params_trigger_ui.py
[2024-09-12T07:07:38.774+0000] {processor.py:826} INFO - Processing file /home/vscode/.local/lib/python3.10/site-packages/airflow/example_dags/example_params_trigger_ui.py for tasks to queue
[2024-09-12T07:07:38.774+0000] {logging_mixin.py:150} INFO - [2024-09-12T07:07:38.774+0000] {dagbag.py:541} INFO - Filling up the DagBag from /home/vscode/.local/lib/python3.10/site-packages/airflow/example_dags/example_params_trigger_ui.py
[2024-09-12T07:07:38.787+0000] {processor.py:836} INFO - DAG(s) dict_keys(['example_params_trigger_ui']) retrieved from /home/vscode/.local/lib/python3.10/site-packages/airflow/example_dags/example_params_trigger_ui.py
[2024-09-12T07:07:38.816+0000] {logging_mixin.py:150} INFO - [2024-09-12T07:07:38.816+0000] {dag.py:2742} INFO - Sync 1 DAGs
[2024-09-12T07:07:38.830+0000] {logging_mixin.py:150} INFO - [2024-09-12T07:07:38.830+0000] {dag.py:3504} INFO - Setting next_dagrun for example_params_trigger_ui to None, run_after=None
[2024-09-12T07:07:38.868+0000] {processor.py:179} INFO - Processing /home/vscode/.local/lib/python3.10/site-packages/airflow/example_dags/example_params_trigger_ui.py took 0.098 seconds
[2024-09-12T07:08:21.517+0000] {processor.py:157} INFO - Started process (PID=19335) to work on /home/vscode/.local/lib/python3.10/site-packages/airflow/example_dags/example_params_trigger_ui.py
[2024-09-12T07:08:21.518+0000] {processor.py:826} INFO - Processing file /home/vscode/.local/lib/python3.10/site-packages/airflow/example_dags/example_params_trigger_ui.py for tasks to queue
[2024-09-12T07:08:21.518+0000] {logging_mixin.py:150} INFO - [2024-09-12T07:08:21.518+0000] {dagbag.py:541} INFO - Filling up the DagBag from /home/vscode/.local/lib/python3.10/site-packages/airflow/example_dags/example_params_trigger_ui.py
[2024-09-12T07:08:21.530+0000] {processor.py:836} INFO - DAG(s) dict_keys(['example_params_trigger_ui']) retrieved from /home/vscode/.local/lib/python3.10/site-packages/airflow/example_dags/example_params_trigger_ui.py
[2024-09-12T07:08:21.570+0000] {logging_mixin.py:150} INFO - [2024-09-12T07:08:21.569+0000] {dag.py:2742} INFO - Sync 1 DAGs
[2024-09-12T07:08:21.592+0000] {logging_mixin.py:150} INFO - [2024-09-12T07:08:21.592+0000] {dag.py:3504} INFO - Setting next_dagrun for example_params_trigger_ui to None, run_after=None
[2024-09-12T07:08:21.629+0000] {processor.py:179} INFO - Processing /home/vscode/.local/lib/python3.10/site-packages/airflow/example_dags/example_params_trigger_ui.py took 0.114 seconds
[2024-09-12T07:09:08.609+0000] {processor.py:157} INFO - Started process (PID=19726) to work on /home/vscode/.local/lib/python3.10/site-packages/airflow/example_dags/example_params_trigger_ui.py
[2024-09-12T07:09:08.609+0000] {processor.py:826} INFO - Processing file /home/vscode/.local/lib/python3.10/site-packages/airflow/example_dags/example_params_trigger_ui.py for tasks to queue
[2024-09-12T07:09:08.610+0000] {logging_mixin.py:150} INFO - [2024-09-12T07:09:08.610+0000] {dagbag.py:541} INFO - Filling up the DagBag from /home/vscode/.local/lib/python3.10/site-packages/airflow/example_dags/example_params_trigger_ui.py
[2024-09-12T07:09:08.622+0000] {processor.py:836} INFO - DAG(s) dict_keys(['example_params_trigger_ui']) retrieved from /home/vscode/.local/lib/python3.10/site-packages/airflow/example_dags/example_params_trigger_ui.py
[2024-09-12T07:09:08.652+0000] {logging_mixin.py:150} INFO - [2024-09-12T07:09:08.652+0000] {dag.py:2742} INFO - Sync 1 DAGs
[2024-09-12T07:09:08.666+0000] {logging_mixin.py:150} INFO - [2024-09-12T07:09:08.666+0000] {dag.py:3504} INFO - Setting next_dagrun for example_params_trigger_ui to None, run_after=None
[2024-09-12T07:09:08.700+0000] {processor.py:179} INFO - Processing /home/vscode/.local/lib/python3.10/site-packages/airflow/example_dags/example_params_trigger_ui.py took 0.094 seconds
[2024-09-12T07:09:53.093+0000] {processor.py:157} INFO - Started process (PID=20043) to work on /home/vscode/.local/lib/python3.10/site-packages/airflow/example_dags/example_params_trigger_ui.py
[2024-09-12T07:09:53.094+0000] {processor.py:826} INFO - Processing file /home/vscode/.local/lib/python3.10/site-packages/airflow/example_dags/example_params_trigger_ui.py for tasks to queue
[2024-09-12T07:09:53.095+0000] {logging_mixin.py:150} INFO - [2024-09-12T07:09:53.095+0000] {dagbag.py:541} INFO - Filling up the DagBag from /home/vscode/.local/lib/python3.10/site-packages/airflow/example_dags/example_params_trigger_ui.py
[2024-09-12T07:09:53.107+0000] {processor.py:836} INFO - DAG(s) dict_keys(['example_params_trigger_ui']) retrieved from /home/vscode/.local/lib/python3.10/site-packages/airflow/example_dags/example_params_trigger_ui.py
[2024-09-12T07:09:53.139+0000] {logging_mixin.py:150} INFO - [2024-09-12T07:09:53.138+0000] {dag.py:2742} INFO - Sync 1 DAGs
[2024-09-12T07:09:53.155+0000] {logging_mixin.py:150} INFO - [2024-09-12T07:09:53.154+0000] {dag.py:3504} INFO - Setting next_dagrun for example_params_trigger_ui to None, run_after=None
[2024-09-12T07:09:53.186+0000] {processor.py:179} INFO - Processing /home/vscode/.local/lib/python3.10/site-packages/airflow/example_dags/example_params_trigger_ui.py took 0.095 seconds
