[2024-09-12T06:38:44.603+0000] {processor.py:157} INFO - Started process (PID=6878) to work on /home/vscode/.local/lib/python3.10/site-packages/airflow/example_dags/example_skip_dag.py
[2024-09-12T06:38:44.603+0000] {processor.py:826} INFO - Processing file /home/vscode/.local/lib/python3.10/site-packages/airflow/example_dags/example_skip_dag.py for tasks to queue
[2024-09-12T06:38:44.604+0000] {logging_mixin.py:150} INFO - [2024-09-12T06:38:44.603+0000] {dagbag.py:541} INFO - Filling up the DagBag from /home/vscode/.local/lib/python3.10/site-packages/airflow/example_dags/example_skip_dag.py
[2024-09-12T06:38:44.613+0000] {processor.py:836} INFO - DAG(s) dict_keys(['example_skip_dag']) retrieved from /home/vscode/.local/lib/python3.10/site-packages/airflow/example_dags/example_skip_dag.py
[2024-09-12T06:38:44.821+0000] {logging_mixin.py:150} INFO - [2024-09-12T06:38:44.820+0000] {manager.py:504} INFO - Created Permission View: can edit on DAG:example_skip_dag
[2024-09-12T06:38:44.856+0000] {logging_mixin.py:150} INFO - [2024-09-12T06:38:44.856+0000] {manager.py:504} INFO - Created Permission View: can read on DAG:example_skip_dag
[2024-09-12T06:38:44.877+0000] {logging_mixin.py:150} INFO - [2024-09-12T06:38:44.877+0000] {manager.py:504} INFO - Created Permission View: can delete on DAG:example_skip_dag
[2024-09-12T06:38:44.884+0000] {logging_mixin.py:150} INFO - [2024-09-12T06:38:44.884+0000] {dag.py:2742} INFO - Sync 1 DAGs
[2024-09-12T06:38:44.891+0000] {logging_mixin.py:150} INFO - [2024-09-12T06:38:44.890+0000] {dag.py:2763} INFO - Creating ORM DAG for example_skip_dag
[2024-09-12T06:38:44.896+0000] {logging_mixin.py:150} INFO - [2024-09-12T06:38:44.896+0000] {dag.py:3504} INFO - Setting next_dagrun for example_skip_dag to 2024-09-11T06:38:44.896543+00:00, run_after=2024-09-12T06:38:44.896543+00:00
[2024-09-12T06:38:44.923+0000] {processor.py:179} INFO - Processing /home/vscode/.local/lib/python3.10/site-packages/airflow/example_dags/example_skip_dag.py took 0.322 seconds
[2024-09-12T06:39:17.461+0000] {processor.py:157} INFO - Started process (PID=7272) to work on /home/vscode/.local/lib/python3.10/site-packages/airflow/example_dags/example_skip_dag.py
[2024-09-12T06:39:17.461+0000] {processor.py:826} INFO - Processing file /home/vscode/.local/lib/python3.10/site-packages/airflow/example_dags/example_skip_dag.py for tasks to queue
[2024-09-12T06:39:17.462+0000] {logging_mixin.py:150} INFO - [2024-09-12T06:39:17.462+0000] {dagbag.py:541} INFO - Filling up the DagBag from /home/vscode/.local/lib/python3.10/site-packages/airflow/example_dags/example_skip_dag.py
[2024-09-12T06:39:17.472+0000] {processor.py:836} INFO - DAG(s) dict_keys(['example_skip_dag']) retrieved from /home/vscode/.local/lib/python3.10/site-packages/airflow/example_dags/example_skip_dag.py
[2024-09-12T06:39:17.488+0000] {logging_mixin.py:150} INFO - [2024-09-12T06:39:17.488+0000] {dag.py:2742} INFO - Sync 1 DAGs
[2024-09-12T06:39:17.502+0000] {logging_mixin.py:150} INFO - [2024-09-12T06:39:17.502+0000] {dag.py:3504} INFO - Setting next_dagrun for example_skip_dag to 2024-09-11T06:39:17.502378+00:00, run_after=2024-09-12T06:39:17.502378+00:00
[2024-09-12T06:39:17.540+0000] {processor.py:179} INFO - Processing /home/vscode/.local/lib/python3.10/site-packages/airflow/example_dags/example_skip_dag.py took 0.081 seconds
[2024-09-12T06:40:14.141+0000] {processor.py:157} INFO - Started process (PID=7663) to work on /home/vscode/.local/lib/python3.10/site-packages/airflow/example_dags/example_skip_dag.py
[2024-09-12T06:40:14.142+0000] {processor.py:826} INFO - Processing file /home/vscode/.local/lib/python3.10/site-packages/airflow/example_dags/example_skip_dag.py for tasks to queue
[2024-09-12T06:40:14.142+0000] {logging_mixin.py:150} INFO - [2024-09-12T06:40:14.142+0000] {dagbag.py:541} INFO - Filling up the DagBag from /home/vscode/.local/lib/python3.10/site-packages/airflow/example_dags/example_skip_dag.py
[2024-09-12T06:40:14.148+0000] {processor.py:836} INFO - DAG(s) dict_keys(['example_skip_dag']) retrieved from /home/vscode/.local/lib/python3.10/site-packages/airflow/example_dags/example_skip_dag.py
[2024-09-12T06:40:14.160+0000] {logging_mixin.py:150} INFO - [2024-09-12T06:40:14.159+0000] {dag.py:2742} INFO - Sync 1 DAGs
[2024-09-12T06:40:14.173+0000] {logging_mixin.py:150} INFO - [2024-09-12T06:40:14.173+0000] {dag.py:3504} INFO - Setting next_dagrun for example_skip_dag to 2024-09-11T06:40:14.173556+00:00, run_after=2024-09-12T06:40:14.173556+00:00
[2024-09-12T06:40:14.209+0000] {processor.py:179} INFO - Processing /home/vscode/.local/lib/python3.10/site-packages/airflow/example_dags/example_skip_dag.py took 0.070 seconds
[2024-09-12T06:40:55.848+0000] {processor.py:157} INFO - Started process (PID=7946) to work on /home/vscode/.local/lib/python3.10/site-packages/airflow/example_dags/example_skip_dag.py
[2024-09-12T06:40:55.849+0000] {processor.py:826} INFO - Processing file /home/vscode/.local/lib/python3.10/site-packages/airflow/example_dags/example_skip_dag.py for tasks to queue
[2024-09-12T06:40:55.849+0000] {logging_mixin.py:150} INFO - [2024-09-12T06:40:55.849+0000] {dagbag.py:541} INFO - Filling up the DagBag from /home/vscode/.local/lib/python3.10/site-packages/airflow/example_dags/example_skip_dag.py
[2024-09-12T06:40:55.855+0000] {processor.py:836} INFO - DAG(s) dict_keys(['example_skip_dag']) retrieved from /home/vscode/.local/lib/python3.10/site-packages/airflow/example_dags/example_skip_dag.py
[2024-09-12T06:40:55.866+0000] {logging_mixin.py:150} INFO - [2024-09-12T06:40:55.866+0000] {dag.py:2742} INFO - Sync 1 DAGs
[2024-09-12T06:40:55.880+0000] {logging_mixin.py:150} INFO - [2024-09-12T06:40:55.879+0000] {dag.py:3504} INFO - Setting next_dagrun for example_skip_dag to 2024-09-11T06:40:55.879838+00:00, run_after=2024-09-12T06:40:55.879838+00:00
[2024-09-12T06:40:55.905+0000] {processor.py:179} INFO - Processing /home/vscode/.local/lib/python3.10/site-packages/airflow/example_dags/example_skip_dag.py took 0.059 seconds
[2024-09-12T06:41:26.723+0000] {processor.py:157} INFO - Started process (PID=8156) to work on /home/vscode/.local/lib/python3.10/site-packages/airflow/example_dags/example_skip_dag.py
[2024-09-12T06:41:26.724+0000] {processor.py:826} INFO - Processing file /home/vscode/.local/lib/python3.10/site-packages/airflow/example_dags/example_skip_dag.py for tasks to queue
[2024-09-12T06:41:26.724+0000] {logging_mixin.py:150} INFO - [2024-09-12T06:41:26.724+0000] {dagbag.py:541} INFO - Filling up the DagBag from /home/vscode/.local/lib/python3.10/site-packages/airflow/example_dags/example_skip_dag.py
[2024-09-12T06:41:26.730+0000] {processor.py:836} INFO - DAG(s) dict_keys(['example_skip_dag']) retrieved from /home/vscode/.local/lib/python3.10/site-packages/airflow/example_dags/example_skip_dag.py
[2024-09-12T06:41:26.742+0000] {logging_mixin.py:150} INFO - [2024-09-12T06:41:26.741+0000] {dag.py:2742} INFO - Sync 1 DAGs
[2024-09-12T06:41:26.755+0000] {logging_mixin.py:150} INFO - [2024-09-12T06:41:26.755+0000] {dag.py:3504} INFO - Setting next_dagrun for example_skip_dag to 2024-09-11T06:41:26.755250+00:00, run_after=2024-09-12T06:41:26.755250+00:00
[2024-09-12T06:41:26.792+0000] {processor.py:179} INFO - Processing /home/vscode/.local/lib/python3.10/site-packages/airflow/example_dags/example_skip_dag.py took 0.071 seconds
[2024-09-12T06:42:08.696+0000] {processor.py:157} INFO - Started process (PID=8439) to work on /home/vscode/.local/lib/python3.10/site-packages/airflow/example_dags/example_skip_dag.py
[2024-09-12T06:42:08.697+0000] {processor.py:826} INFO - Processing file /home/vscode/.local/lib/python3.10/site-packages/airflow/example_dags/example_skip_dag.py for tasks to queue
[2024-09-12T06:42:08.697+0000] {logging_mixin.py:150} INFO - [2024-09-12T06:42:08.697+0000] {dagbag.py:541} INFO - Filling up the DagBag from /home/vscode/.local/lib/python3.10/site-packages/airflow/example_dags/example_skip_dag.py
[2024-09-12T06:42:08.702+0000] {processor.py:836} INFO - DAG(s) dict_keys(['example_skip_dag']) retrieved from /home/vscode/.local/lib/python3.10/site-packages/airflow/example_dags/example_skip_dag.py
[2024-09-12T06:42:08.714+0000] {logging_mixin.py:150} INFO - [2024-09-12T06:42:08.714+0000] {dag.py:2742} INFO - Sync 1 DAGs
[2024-09-12T06:42:08.728+0000] {logging_mixin.py:150} INFO - [2024-09-12T06:42:08.727+0000] {dag.py:3504} INFO - Setting next_dagrun for example_skip_dag to 2024-09-11T06:42:08.727834+00:00, run_after=2024-09-12T06:42:08.727834+00:00
[2024-09-12T06:42:08.769+0000] {processor.py:179} INFO - Processing /home/vscode/.local/lib/python3.10/site-packages/airflow/example_dags/example_skip_dag.py took 0.075 seconds
[2024-09-12T06:42:40.906+0000] {processor.py:157} INFO - Started process (PID=8659) to work on /home/vscode/.local/lib/python3.10/site-packages/airflow/example_dags/example_skip_dag.py
[2024-09-12T06:42:40.906+0000] {processor.py:826} INFO - Processing file /home/vscode/.local/lib/python3.10/site-packages/airflow/example_dags/example_skip_dag.py for tasks to queue
[2024-09-12T06:42:40.907+0000] {logging_mixin.py:150} INFO - [2024-09-12T06:42:40.907+0000] {dagbag.py:541} INFO - Filling up the DagBag from /home/vscode/.local/lib/python3.10/site-packages/airflow/example_dags/example_skip_dag.py
[2024-09-12T06:42:40.912+0000] {processor.py:836} INFO - DAG(s) dict_keys(['example_skip_dag']) retrieved from /home/vscode/.local/lib/python3.10/site-packages/airflow/example_dags/example_skip_dag.py
[2024-09-12T06:42:40.925+0000] {logging_mixin.py:150} INFO - [2024-09-12T06:42:40.924+0000] {dag.py:2742} INFO - Sync 1 DAGs
[2024-09-12T06:42:40.948+0000] {logging_mixin.py:150} INFO - [2024-09-12T06:42:40.948+0000] {dag.py:3504} INFO - Setting next_dagrun for example_skip_dag to 2024-09-11T06:42:40.948008+00:00, run_after=2024-09-12T06:42:40.948008+00:00
[2024-09-12T06:42:40.987+0000] {processor.py:179} INFO - Processing /home/vscode/.local/lib/python3.10/site-packages/airflow/example_dags/example_skip_dag.py took 0.083 seconds
[2024-09-12T06:43:24.748+0000] {processor.py:157} INFO - Started process (PID=8953) to work on /home/vscode/.local/lib/python3.10/site-packages/airflow/example_dags/example_skip_dag.py
[2024-09-12T06:43:24.748+0000] {processor.py:826} INFO - Processing file /home/vscode/.local/lib/python3.10/site-packages/airflow/example_dags/example_skip_dag.py for tasks to queue
[2024-09-12T06:43:24.749+0000] {logging_mixin.py:150} INFO - [2024-09-12T06:43:24.749+0000] {dagbag.py:541} INFO - Filling up the DagBag from /home/vscode/.local/lib/python3.10/site-packages/airflow/example_dags/example_skip_dag.py
[2024-09-12T06:43:24.754+0000] {processor.py:836} INFO - DAG(s) dict_keys(['example_skip_dag']) retrieved from /home/vscode/.local/lib/python3.10/site-packages/airflow/example_dags/example_skip_dag.py
[2024-09-12T06:43:24.766+0000] {logging_mixin.py:150} INFO - [2024-09-12T06:43:24.766+0000] {dag.py:2742} INFO - Sync 1 DAGs
[2024-09-12T06:43:24.780+0000] {logging_mixin.py:150} INFO - [2024-09-12T06:43:24.780+0000] {dag.py:3504} INFO - Setting next_dagrun for example_skip_dag to 2024-09-11T06:43:24.779850+00:00, run_after=2024-09-12T06:43:24.779850+00:00
[2024-09-12T06:43:24.810+0000] {processor.py:179} INFO - Processing /home/vscode/.local/lib/python3.10/site-packages/airflow/example_dags/example_skip_dag.py took 0.064 seconds
[2024-09-12T06:44:07.177+0000] {processor.py:157} INFO - Started process (PID=9235) to work on /home/vscode/.local/lib/python3.10/site-packages/airflow/example_dags/example_skip_dag.py
[2024-09-12T06:44:07.178+0000] {processor.py:826} INFO - Processing file /home/vscode/.local/lib/python3.10/site-packages/airflow/example_dags/example_skip_dag.py for tasks to queue
[2024-09-12T06:44:07.178+0000] {logging_mixin.py:150} INFO - [2024-09-12T06:44:07.178+0000] {dagbag.py:541} INFO - Filling up the DagBag from /home/vscode/.local/lib/python3.10/site-packages/airflow/example_dags/example_skip_dag.py
[2024-09-12T06:44:07.184+0000] {processor.py:836} INFO - DAG(s) dict_keys(['example_skip_dag']) retrieved from /home/vscode/.local/lib/python3.10/site-packages/airflow/example_dags/example_skip_dag.py
[2024-09-12T06:44:07.196+0000] {logging_mixin.py:150} INFO - [2024-09-12T06:44:07.196+0000] {dag.py:2742} INFO - Sync 1 DAGs
[2024-09-12T06:44:07.211+0000] {logging_mixin.py:150} INFO - [2024-09-12T06:44:07.211+0000] {dag.py:3504} INFO - Setting next_dagrun for example_skip_dag to 2024-09-11T06:44:07.211281+00:00, run_after=2024-09-12T06:44:07.211281+00:00
[2024-09-12T06:44:07.248+0000] {processor.py:179} INFO - Processing /home/vscode/.local/lib/python3.10/site-packages/airflow/example_dags/example_skip_dag.py took 0.073 seconds
[2024-09-12T06:44:46.799+0000] {processor.py:157} INFO - Started process (PID=9504) to work on /home/vscode/.local/lib/python3.10/site-packages/airflow/example_dags/example_skip_dag.py
[2024-09-12T06:44:46.800+0000] {processor.py:826} INFO - Processing file /home/vscode/.local/lib/python3.10/site-packages/airflow/example_dags/example_skip_dag.py for tasks to queue
[2024-09-12T06:44:46.801+0000] {logging_mixin.py:150} INFO - [2024-09-12T06:44:46.800+0000] {dagbag.py:541} INFO - Filling up the DagBag from /home/vscode/.local/lib/python3.10/site-packages/airflow/example_dags/example_skip_dag.py
[2024-09-12T06:44:46.806+0000] {processor.py:836} INFO - DAG(s) dict_keys(['example_skip_dag']) retrieved from /home/vscode/.local/lib/python3.10/site-packages/airflow/example_dags/example_skip_dag.py
[2024-09-12T06:44:46.817+0000] {logging_mixin.py:150} INFO - [2024-09-12T06:44:46.817+0000] {dag.py:2742} INFO - Sync 1 DAGs
[2024-09-12T06:44:46.831+0000] {logging_mixin.py:150} INFO - [2024-09-12T06:44:46.831+0000] {dag.py:3504} INFO - Setting next_dagrun for example_skip_dag to 2024-09-11T06:44:46.831412+00:00, run_after=2024-09-12T06:44:46.831412+00:00
[2024-09-12T06:44:46.869+0000] {processor.py:179} INFO - Processing /home/vscode/.local/lib/python3.10/site-packages/airflow/example_dags/example_skip_dag.py took 0.072 seconds
[2024-09-12T06:45:17.703+0000] {processor.py:157} INFO - Started process (PID=9704) to work on /home/vscode/.local/lib/python3.10/site-packages/airflow/example_dags/example_skip_dag.py
[2024-09-12T06:45:17.703+0000] {processor.py:826} INFO - Processing file /home/vscode/.local/lib/python3.10/site-packages/airflow/example_dags/example_skip_dag.py for tasks to queue
[2024-09-12T06:45:17.704+0000] {logging_mixin.py:150} INFO - [2024-09-12T06:45:17.703+0000] {dagbag.py:541} INFO - Filling up the DagBag from /home/vscode/.local/lib/python3.10/site-packages/airflow/example_dags/example_skip_dag.py
[2024-09-12T06:45:17.709+0000] {processor.py:836} INFO - DAG(s) dict_keys(['example_skip_dag']) retrieved from /home/vscode/.local/lib/python3.10/site-packages/airflow/example_dags/example_skip_dag.py
[2024-09-12T06:45:17.720+0000] {logging_mixin.py:150} INFO - [2024-09-12T06:45:17.720+0000] {dag.py:2742} INFO - Sync 1 DAGs
[2024-09-12T06:45:17.734+0000] {logging_mixin.py:150} INFO - [2024-09-12T06:45:17.734+0000] {dag.py:3504} INFO - Setting next_dagrun for example_skip_dag to 2024-09-11T06:45:17.734150+00:00, run_after=2024-09-12T06:45:17.734150+00:00
[2024-09-12T06:45:17.768+0000] {processor.py:179} INFO - Processing /home/vscode/.local/lib/python3.10/site-packages/airflow/example_dags/example_skip_dag.py took 0.067 seconds
[2024-09-12T06:45:48.728+0000] {processor.py:157} INFO - Started process (PID=9917) to work on /home/vscode/.local/lib/python3.10/site-packages/airflow/example_dags/example_skip_dag.py
[2024-09-12T06:45:48.728+0000] {processor.py:826} INFO - Processing file /home/vscode/.local/lib/python3.10/site-packages/airflow/example_dags/example_skip_dag.py for tasks to queue
[2024-09-12T06:45:48.729+0000] {logging_mixin.py:150} INFO - [2024-09-12T06:45:48.729+0000] {dagbag.py:541} INFO - Filling up the DagBag from /home/vscode/.local/lib/python3.10/site-packages/airflow/example_dags/example_skip_dag.py
[2024-09-12T06:45:48.734+0000] {processor.py:836} INFO - DAG(s) dict_keys(['example_skip_dag']) retrieved from /home/vscode/.local/lib/python3.10/site-packages/airflow/example_dags/example_skip_dag.py
[2024-09-12T06:45:48.746+0000] {logging_mixin.py:150} INFO - [2024-09-12T06:45:48.746+0000] {dag.py:2742} INFO - Sync 1 DAGs
[2024-09-12T06:45:48.760+0000] {logging_mixin.py:150} INFO - [2024-09-12T06:45:48.760+0000] {dag.py:3504} INFO - Setting next_dagrun for example_skip_dag to 2024-09-11T06:45:48.760211+00:00, run_after=2024-09-12T06:45:48.760211+00:00
[2024-09-12T06:45:48.786+0000] {processor.py:179} INFO - Processing /home/vscode/.local/lib/python3.10/site-packages/airflow/example_dags/example_skip_dag.py took 0.061 seconds
[2024-09-12T06:46:33.124+0000] {processor.py:157} INFO - Started process (PID=10213) to work on /home/vscode/.local/lib/python3.10/site-packages/airflow/example_dags/example_skip_dag.py
[2024-09-12T06:46:33.124+0000] {processor.py:826} INFO - Processing file /home/vscode/.local/lib/python3.10/site-packages/airflow/example_dags/example_skip_dag.py for tasks to queue
[2024-09-12T06:46:33.125+0000] {logging_mixin.py:150} INFO - [2024-09-12T06:46:33.125+0000] {dagbag.py:541} INFO - Filling up the DagBag from /home/vscode/.local/lib/python3.10/site-packages/airflow/example_dags/example_skip_dag.py
[2024-09-12T06:46:33.132+0000] {processor.py:836} INFO - DAG(s) dict_keys(['example_skip_dag']) retrieved from /home/vscode/.local/lib/python3.10/site-packages/airflow/example_dags/example_skip_dag.py
[2024-09-12T06:46:33.144+0000] {logging_mixin.py:150} INFO - [2024-09-12T06:46:33.144+0000] {dag.py:2742} INFO - Sync 1 DAGs
[2024-09-12T06:46:33.158+0000] {logging_mixin.py:150} INFO - [2024-09-12T06:46:33.158+0000] {dag.py:3504} INFO - Setting next_dagrun for example_skip_dag to 2024-09-11T06:46:33.157898+00:00, run_after=2024-09-12T06:46:33.157898+00:00
[2024-09-12T06:46:33.192+0000] {processor.py:179} INFO - Processing /home/vscode/.local/lib/python3.10/site-packages/airflow/example_dags/example_skip_dag.py took 0.070 seconds
[2024-09-12T06:47:17.729+0000] {processor.py:157} INFO - Started process (PID=10516) to work on /home/vscode/.local/lib/python3.10/site-packages/airflow/example_dags/example_skip_dag.py
[2024-09-12T06:47:17.730+0000] {processor.py:826} INFO - Processing file /home/vscode/.local/lib/python3.10/site-packages/airflow/example_dags/example_skip_dag.py for tasks to queue
[2024-09-12T06:47:17.730+0000] {logging_mixin.py:150} INFO - [2024-09-12T06:47:17.730+0000] {dagbag.py:541} INFO - Filling up the DagBag from /home/vscode/.local/lib/python3.10/site-packages/airflow/example_dags/example_skip_dag.py
[2024-09-12T06:47:17.738+0000] {processor.py:836} INFO - DAG(s) dict_keys(['example_skip_dag']) retrieved from /home/vscode/.local/lib/python3.10/site-packages/airflow/example_dags/example_skip_dag.py
[2024-09-12T06:47:17.758+0000] {logging_mixin.py:150} INFO - [2024-09-12T06:47:17.758+0000] {dag.py:2742} INFO - Sync 1 DAGs
[2024-09-12T06:47:17.778+0000] {logging_mixin.py:150} INFO - [2024-09-12T06:47:17.778+0000] {dag.py:3504} INFO - Setting next_dagrun for example_skip_dag to 2024-09-11T06:47:17.778274+00:00, run_after=2024-09-12T06:47:17.778274+00:00
[2024-09-12T06:47:17.808+0000] {processor.py:179} INFO - Processing /home/vscode/.local/lib/python3.10/site-packages/airflow/example_dags/example_skip_dag.py took 0.083 seconds
[2024-09-12T06:47:49.166+0000] {processor.py:157} INFO - Started process (PID=10725) to work on /home/vscode/.local/lib/python3.10/site-packages/airflow/example_dags/example_skip_dag.py
[2024-09-12T06:47:49.166+0000] {processor.py:826} INFO - Processing file /home/vscode/.local/lib/python3.10/site-packages/airflow/example_dags/example_skip_dag.py for tasks to queue
[2024-09-12T06:47:49.167+0000] {logging_mixin.py:150} INFO - [2024-09-12T06:47:49.166+0000] {dagbag.py:541} INFO - Filling up the DagBag from /home/vscode/.local/lib/python3.10/site-packages/airflow/example_dags/example_skip_dag.py
[2024-09-12T06:47:49.172+0000] {processor.py:836} INFO - DAG(s) dict_keys(['example_skip_dag']) retrieved from /home/vscode/.local/lib/python3.10/site-packages/airflow/example_dags/example_skip_dag.py
[2024-09-12T06:47:49.184+0000] {logging_mixin.py:150} INFO - [2024-09-12T06:47:49.184+0000] {dag.py:2742} INFO - Sync 1 DAGs
[2024-09-12T06:47:49.197+0000] {logging_mixin.py:150} INFO - [2024-09-12T06:47:49.197+0000] {dag.py:3504} INFO - Setting next_dagrun for example_skip_dag to 2024-09-11T06:47:49.197391+00:00, run_after=2024-09-12T06:47:49.197391+00:00
[2024-09-12T06:47:49.232+0000] {processor.py:179} INFO - Processing /home/vscode/.local/lib/python3.10/site-packages/airflow/example_dags/example_skip_dag.py took 0.069 seconds
[2024-09-12T06:48:30.804+0000] {processor.py:157} INFO - Started process (PID=11005) to work on /home/vscode/.local/lib/python3.10/site-packages/airflow/example_dags/example_skip_dag.py
[2024-09-12T06:48:30.804+0000] {processor.py:826} INFO - Processing file /home/vscode/.local/lib/python3.10/site-packages/airflow/example_dags/example_skip_dag.py for tasks to queue
[2024-09-12T06:48:30.805+0000] {logging_mixin.py:150} INFO - [2024-09-12T06:48:30.805+0000] {dagbag.py:541} INFO - Filling up the DagBag from /home/vscode/.local/lib/python3.10/site-packages/airflow/example_dags/example_skip_dag.py
[2024-09-12T06:48:30.810+0000] {processor.py:836} INFO - DAG(s) dict_keys(['example_skip_dag']) retrieved from /home/vscode/.local/lib/python3.10/site-packages/airflow/example_dags/example_skip_dag.py
[2024-09-12T06:48:30.822+0000] {logging_mixin.py:150} INFO - [2024-09-12T06:48:30.822+0000] {dag.py:2742} INFO - Sync 1 DAGs
[2024-09-12T06:48:30.835+0000] {logging_mixin.py:150} INFO - [2024-09-12T06:48:30.835+0000] {dag.py:3504} INFO - Setting next_dagrun for example_skip_dag to 2024-09-11T06:48:30.835699+00:00, run_after=2024-09-12T06:48:30.835699+00:00
[2024-09-12T06:48:30.865+0000] {processor.py:179} INFO - Processing /home/vscode/.local/lib/python3.10/site-packages/airflow/example_dags/example_skip_dag.py took 0.063 seconds
[2024-09-12T06:49:15.530+0000] {processor.py:157} INFO - Started process (PID=11306) to work on /home/vscode/.local/lib/python3.10/site-packages/airflow/example_dags/example_skip_dag.py
[2024-09-12T06:49:15.530+0000] {processor.py:826} INFO - Processing file /home/vscode/.local/lib/python3.10/site-packages/airflow/example_dags/example_skip_dag.py for tasks to queue
[2024-09-12T06:49:15.531+0000] {logging_mixin.py:150} INFO - [2024-09-12T06:49:15.531+0000] {dagbag.py:541} INFO - Filling up the DagBag from /home/vscode/.local/lib/python3.10/site-packages/airflow/example_dags/example_skip_dag.py
[2024-09-12T06:49:15.536+0000] {processor.py:836} INFO - DAG(s) dict_keys(['example_skip_dag']) retrieved from /home/vscode/.local/lib/python3.10/site-packages/airflow/example_dags/example_skip_dag.py
[2024-09-12T06:49:15.548+0000] {logging_mixin.py:150} INFO - [2024-09-12T06:49:15.548+0000] {dag.py:2742} INFO - Sync 1 DAGs
[2024-09-12T06:49:15.562+0000] {logging_mixin.py:150} INFO - [2024-09-12T06:49:15.562+0000] {dag.py:3504} INFO - Setting next_dagrun for example_skip_dag to 2024-09-11T06:49:15.561882+00:00, run_after=2024-09-12T06:49:15.561882+00:00
[2024-09-12T06:49:15.615+0000] {processor.py:179} INFO - Processing /home/vscode/.local/lib/python3.10/site-packages/airflow/example_dags/example_skip_dag.py took 0.088 seconds
[2024-09-12T06:49:54.494+0000] {processor.py:157} INFO - Started process (PID=11574) to work on /home/vscode/.local/lib/python3.10/site-packages/airflow/example_dags/example_skip_dag.py
[2024-09-12T06:49:54.495+0000] {processor.py:826} INFO - Processing file /home/vscode/.local/lib/python3.10/site-packages/airflow/example_dags/example_skip_dag.py for tasks to queue
[2024-09-12T06:49:54.495+0000] {logging_mixin.py:150} INFO - [2024-09-12T06:49:54.495+0000] {dagbag.py:541} INFO - Filling up the DagBag from /home/vscode/.local/lib/python3.10/site-packages/airflow/example_dags/example_skip_dag.py
[2024-09-12T06:49:54.501+0000] {processor.py:836} INFO - DAG(s) dict_keys(['example_skip_dag']) retrieved from /home/vscode/.local/lib/python3.10/site-packages/airflow/example_dags/example_skip_dag.py
[2024-09-12T06:49:54.512+0000] {logging_mixin.py:150} INFO - [2024-09-12T06:49:54.512+0000] {dag.py:2742} INFO - Sync 1 DAGs
[2024-09-12T06:49:54.526+0000] {logging_mixin.py:150} INFO - [2024-09-12T06:49:54.526+0000] {dag.py:3504} INFO - Setting next_dagrun for example_skip_dag to 2024-09-11T06:49:54.526156+00:00, run_after=2024-09-12T06:49:54.526156+00:00
[2024-09-12T06:49:54.564+0000] {processor.py:179} INFO - Processing /home/vscode/.local/lib/python3.10/site-packages/airflow/example_dags/example_skip_dag.py took 0.072 seconds
[2024-09-12T06:50:38.262+0000] {processor.py:157} INFO - Started process (PID=11870) to work on /home/vscode/.local/lib/python3.10/site-packages/airflow/example_dags/example_skip_dag.py
[2024-09-12T06:50:38.262+0000] {processor.py:826} INFO - Processing file /home/vscode/.local/lib/python3.10/site-packages/airflow/example_dags/example_skip_dag.py for tasks to queue
[2024-09-12T06:50:38.263+0000] {logging_mixin.py:150} INFO - [2024-09-12T06:50:38.263+0000] {dagbag.py:541} INFO - Filling up the DagBag from /home/vscode/.local/lib/python3.10/site-packages/airflow/example_dags/example_skip_dag.py
[2024-09-12T06:50:38.268+0000] {processor.py:836} INFO - DAG(s) dict_keys(['example_skip_dag']) retrieved from /home/vscode/.local/lib/python3.10/site-packages/airflow/example_dags/example_skip_dag.py
[2024-09-12T06:50:38.279+0000] {logging_mixin.py:150} INFO - [2024-09-12T06:50:38.279+0000] {dag.py:2742} INFO - Sync 1 DAGs
[2024-09-12T06:50:38.293+0000] {logging_mixin.py:150} INFO - [2024-09-12T06:50:38.293+0000] {dag.py:3504} INFO - Setting next_dagrun for example_skip_dag to 2024-09-11T06:50:38.293331+00:00, run_after=2024-09-12T06:50:38.293331+00:00
[2024-09-12T06:50:38.336+0000] {processor.py:179} INFO - Processing /home/vscode/.local/lib/python3.10/site-packages/airflow/example_dags/example_skip_dag.py took 0.077 seconds
[2024-09-12T06:51:23.803+0000] {processor.py:157} INFO - Started process (PID=12174) to work on /home/vscode/.local/lib/python3.10/site-packages/airflow/example_dags/example_skip_dag.py
[2024-09-12T06:51:23.803+0000] {processor.py:826} INFO - Processing file /home/vscode/.local/lib/python3.10/site-packages/airflow/example_dags/example_skip_dag.py for tasks to queue
[2024-09-12T06:51:23.804+0000] {logging_mixin.py:150} INFO - [2024-09-12T06:51:23.804+0000] {dagbag.py:541} INFO - Filling up the DagBag from /home/vscode/.local/lib/python3.10/site-packages/airflow/example_dags/example_skip_dag.py
[2024-09-12T06:51:23.809+0000] {processor.py:836} INFO - DAG(s) dict_keys(['example_skip_dag']) retrieved from /home/vscode/.local/lib/python3.10/site-packages/airflow/example_dags/example_skip_dag.py
[2024-09-12T06:51:23.821+0000] {logging_mixin.py:150} INFO - [2024-09-12T06:51:23.821+0000] {dag.py:2742} INFO - Sync 1 DAGs
[2024-09-12T06:51:23.834+0000] {logging_mixin.py:150} INFO - [2024-09-12T06:51:23.834+0000] {dag.py:3504} INFO - Setting next_dagrun for example_skip_dag to 2024-09-11T06:51:23.834556+00:00, run_after=2024-09-12T06:51:23.834556+00:00
[2024-09-12T06:51:23.878+0000] {processor.py:179} INFO - Processing /home/vscode/.local/lib/python3.10/site-packages/airflow/example_dags/example_skip_dag.py took 0.078 seconds
[2024-09-12T06:51:54.078+0000] {processor.py:157} INFO - Started process (PID=12375) to work on /home/vscode/.local/lib/python3.10/site-packages/airflow/example_dags/example_skip_dag.py
[2024-09-12T06:51:54.079+0000] {processor.py:826} INFO - Processing file /home/vscode/.local/lib/python3.10/site-packages/airflow/example_dags/example_skip_dag.py for tasks to queue
[2024-09-12T06:51:54.079+0000] {logging_mixin.py:150} INFO - [2024-09-12T06:51:54.079+0000] {dagbag.py:541} INFO - Filling up the DagBag from /home/vscode/.local/lib/python3.10/site-packages/airflow/example_dags/example_skip_dag.py
[2024-09-12T06:51:54.087+0000] {processor.py:836} INFO - DAG(s) dict_keys(['example_skip_dag']) retrieved from /home/vscode/.local/lib/python3.10/site-packages/airflow/example_dags/example_skip_dag.py
[2024-09-12T06:51:54.110+0000] {logging_mixin.py:150} INFO - [2024-09-12T06:51:54.105+0000] {dag.py:2742} INFO - Sync 1 DAGs
[2024-09-12T06:51:54.128+0000] {logging_mixin.py:150} INFO - [2024-09-12T06:51:54.128+0000] {dag.py:3504} INFO - Setting next_dagrun for example_skip_dag to 2024-09-11T06:51:54.128108+00:00, run_after=2024-09-12T06:51:54.128108+00:00
[2024-09-12T06:51:54.173+0000] {processor.py:179} INFO - Processing /home/vscode/.local/lib/python3.10/site-packages/airflow/example_dags/example_skip_dag.py took 0.098 seconds
[2024-09-12T06:52:26.834+0000] {processor.py:157} INFO - Started process (PID=12603) to work on /home/vscode/.local/lib/python3.10/site-packages/airflow/example_dags/example_skip_dag.py
[2024-09-12T06:52:26.835+0000] {processor.py:826} INFO - Processing file /home/vscode/.local/lib/python3.10/site-packages/airflow/example_dags/example_skip_dag.py for tasks to queue
[2024-09-12T06:52:26.836+0000] {logging_mixin.py:150} INFO - [2024-09-12T06:52:26.835+0000] {dagbag.py:541} INFO - Filling up the DagBag from /home/vscode/.local/lib/python3.10/site-packages/airflow/example_dags/example_skip_dag.py
[2024-09-12T06:52:26.841+0000] {processor.py:836} INFO - DAG(s) dict_keys(['example_skip_dag']) retrieved from /home/vscode/.local/lib/python3.10/site-packages/airflow/example_dags/example_skip_dag.py
[2024-09-12T06:52:26.862+0000] {logging_mixin.py:150} INFO - [2024-09-12T06:52:26.862+0000] {dag.py:2742} INFO - Sync 1 DAGs
[2024-09-12T06:52:26.880+0000] {logging_mixin.py:150} INFO - [2024-09-12T06:52:26.880+0000] {dag.py:3504} INFO - Setting next_dagrun for example_skip_dag to 2024-09-11T06:52:26.879909+00:00, run_after=2024-09-12T06:52:26.879909+00:00
[2024-09-12T06:52:26.911+0000] {processor.py:179} INFO - Processing /home/vscode/.local/lib/python3.10/site-packages/airflow/example_dags/example_skip_dag.py took 0.079 seconds
[2024-09-12T06:52:57.104+0000] {processor.py:157} INFO - Started process (PID=12804) to work on /home/vscode/.local/lib/python3.10/site-packages/airflow/example_dags/example_skip_dag.py
[2024-09-12T06:52:57.105+0000] {processor.py:826} INFO - Processing file /home/vscode/.local/lib/python3.10/site-packages/airflow/example_dags/example_skip_dag.py for tasks to queue
[2024-09-12T06:52:57.105+0000] {logging_mixin.py:150} INFO - [2024-09-12T06:52:57.105+0000] {dagbag.py:541} INFO - Filling up the DagBag from /home/vscode/.local/lib/python3.10/site-packages/airflow/example_dags/example_skip_dag.py
[2024-09-12T06:52:57.111+0000] {processor.py:836} INFO - DAG(s) dict_keys(['example_skip_dag']) retrieved from /home/vscode/.local/lib/python3.10/site-packages/airflow/example_dags/example_skip_dag.py
[2024-09-12T06:52:57.122+0000] {logging_mixin.py:150} INFO - [2024-09-12T06:52:57.122+0000] {dag.py:2742} INFO - Sync 1 DAGs
[2024-09-12T06:52:57.136+0000] {logging_mixin.py:150} INFO - [2024-09-12T06:52:57.136+0000] {dag.py:3504} INFO - Setting next_dagrun for example_skip_dag to 2024-09-11T06:52:57.135848+00:00, run_after=2024-09-12T06:52:57.135848+00:00
[2024-09-12T06:52:57.183+0000] {processor.py:179} INFO - Processing /home/vscode/.local/lib/python3.10/site-packages/airflow/example_dags/example_skip_dag.py took 0.081 seconds
[2024-09-12T06:53:27.335+0000] {processor.py:157} INFO - Started process (PID=13006) to work on /home/vscode/.local/lib/python3.10/site-packages/airflow/example_dags/example_skip_dag.py
[2024-09-12T06:53:27.336+0000] {processor.py:826} INFO - Processing file /home/vscode/.local/lib/python3.10/site-packages/airflow/example_dags/example_skip_dag.py for tasks to queue
[2024-09-12T06:53:27.336+0000] {logging_mixin.py:150} INFO - [2024-09-12T06:53:27.336+0000] {dagbag.py:541} INFO - Filling up the DagBag from /home/vscode/.local/lib/python3.10/site-packages/airflow/example_dags/example_skip_dag.py
[2024-09-12T06:53:27.342+0000] {processor.py:836} INFO - DAG(s) dict_keys(['example_skip_dag']) retrieved from /home/vscode/.local/lib/python3.10/site-packages/airflow/example_dags/example_skip_dag.py
[2024-09-12T06:53:27.353+0000] {logging_mixin.py:150} INFO - [2024-09-12T06:53:27.353+0000] {dag.py:2742} INFO - Sync 1 DAGs
[2024-09-12T06:53:27.367+0000] {logging_mixin.py:150} INFO - [2024-09-12T06:53:27.366+0000] {dag.py:3504} INFO - Setting next_dagrun for example_skip_dag to 2024-09-11T06:53:27.366753+00:00, run_after=2024-09-12T06:53:27.366753+00:00
[2024-09-12T06:53:27.415+0000] {processor.py:179} INFO - Processing /home/vscode/.local/lib/python3.10/site-packages/airflow/example_dags/example_skip_dag.py took 0.082 seconds
[2024-09-12T06:54:12.734+0000] {processor.py:157} INFO - Started process (PID=13312) to work on /home/vscode/.local/lib/python3.10/site-packages/airflow/example_dags/example_skip_dag.py
[2024-09-12T06:54:12.734+0000] {processor.py:826} INFO - Processing file /home/vscode/.local/lib/python3.10/site-packages/airflow/example_dags/example_skip_dag.py for tasks to queue
[2024-09-12T06:54:12.735+0000] {logging_mixin.py:150} INFO - [2024-09-12T06:54:12.735+0000] {dagbag.py:541} INFO - Filling up the DagBag from /home/vscode/.local/lib/python3.10/site-packages/airflow/example_dags/example_skip_dag.py
[2024-09-12T06:54:12.740+0000] {processor.py:836} INFO - DAG(s) dict_keys(['example_skip_dag']) retrieved from /home/vscode/.local/lib/python3.10/site-packages/airflow/example_dags/example_skip_dag.py
[2024-09-12T06:54:12.751+0000] {logging_mixin.py:150} INFO - [2024-09-12T06:54:12.751+0000] {dag.py:2742} INFO - Sync 1 DAGs
[2024-09-12T06:54:12.765+0000] {logging_mixin.py:150} INFO - [2024-09-12T06:54:12.765+0000] {dag.py:3504} INFO - Setting next_dagrun for example_skip_dag to 2024-09-11T06:54:12.764969+00:00, run_after=2024-09-12T06:54:12.764969+00:00
[2024-09-12T06:54:12.795+0000] {processor.py:179} INFO - Processing /home/vscode/.local/lib/python3.10/site-packages/airflow/example_dags/example_skip_dag.py took 0.063 seconds
[2024-09-12T06:54:58.017+0000] {processor.py:157} INFO - Started process (PID=13616) to work on /home/vscode/.local/lib/python3.10/site-packages/airflow/example_dags/example_skip_dag.py
[2024-09-12T06:54:58.017+0000] {processor.py:826} INFO - Processing file /home/vscode/.local/lib/python3.10/site-packages/airflow/example_dags/example_skip_dag.py for tasks to queue
[2024-09-12T06:54:58.018+0000] {logging_mixin.py:150} INFO - [2024-09-12T06:54:58.018+0000] {dagbag.py:541} INFO - Filling up the DagBag from /home/vscode/.local/lib/python3.10/site-packages/airflow/example_dags/example_skip_dag.py
[2024-09-12T06:54:58.023+0000] {processor.py:836} INFO - DAG(s) dict_keys(['example_skip_dag']) retrieved from /home/vscode/.local/lib/python3.10/site-packages/airflow/example_dags/example_skip_dag.py
[2024-09-12T06:54:58.035+0000] {logging_mixin.py:150} INFO - [2024-09-12T06:54:58.035+0000] {dag.py:2742} INFO - Sync 1 DAGs
[2024-09-12T06:54:58.048+0000] {logging_mixin.py:150} INFO - [2024-09-12T06:54:58.048+0000] {dag.py:3504} INFO - Setting next_dagrun for example_skip_dag to 2024-09-11T06:54:58.048490+00:00, run_after=2024-09-12T06:54:58.048490+00:00
[2024-09-12T06:54:58.084+0000] {processor.py:179} INFO - Processing /home/vscode/.local/lib/python3.10/site-packages/airflow/example_dags/example_skip_dag.py took 0.069 seconds
[2024-09-12T06:55:28.961+0000] {processor.py:157} INFO - Started process (PID=13825) to work on /home/vscode/.local/lib/python3.10/site-packages/airflow/example_dags/example_skip_dag.py
[2024-09-12T06:55:28.962+0000] {processor.py:826} INFO - Processing file /home/vscode/.local/lib/python3.10/site-packages/airflow/example_dags/example_skip_dag.py for tasks to queue
[2024-09-12T06:55:28.962+0000] {logging_mixin.py:150} INFO - [2024-09-12T06:55:28.962+0000] {dagbag.py:541} INFO - Filling up the DagBag from /home/vscode/.local/lib/python3.10/site-packages/airflow/example_dags/example_skip_dag.py
[2024-09-12T06:55:28.968+0000] {processor.py:836} INFO - DAG(s) dict_keys(['example_skip_dag']) retrieved from /home/vscode/.local/lib/python3.10/site-packages/airflow/example_dags/example_skip_dag.py
[2024-09-12T06:55:28.980+0000] {logging_mixin.py:150} INFO - [2024-09-12T06:55:28.980+0000] {dag.py:2742} INFO - Sync 1 DAGs
[2024-09-12T06:55:28.995+0000] {logging_mixin.py:150} INFO - [2024-09-12T06:55:28.994+0000] {dag.py:3504} INFO - Setting next_dagrun for example_skip_dag to 2024-09-11T06:55:28.994688+00:00, run_after=2024-09-12T06:55:28.994688+00:00
[2024-09-12T06:55:29.032+0000] {processor.py:179} INFO - Processing /home/vscode/.local/lib/python3.10/site-packages/airflow/example_dags/example_skip_dag.py took 0.073 seconds
[2024-09-12T06:56:15.391+0000] {processor.py:157} INFO - Started process (PID=14135) to work on /home/vscode/.local/lib/python3.10/site-packages/airflow/example_dags/example_skip_dag.py
[2024-09-12T06:56:15.392+0000] {processor.py:826} INFO - Processing file /home/vscode/.local/lib/python3.10/site-packages/airflow/example_dags/example_skip_dag.py for tasks to queue
[2024-09-12T06:56:15.392+0000] {logging_mixin.py:150} INFO - [2024-09-12T06:56:15.392+0000] {dagbag.py:541} INFO - Filling up the DagBag from /home/vscode/.local/lib/python3.10/site-packages/airflow/example_dags/example_skip_dag.py
[2024-09-12T06:56:15.398+0000] {processor.py:836} INFO - DAG(s) dict_keys(['example_skip_dag']) retrieved from /home/vscode/.local/lib/python3.10/site-packages/airflow/example_dags/example_skip_dag.py
[2024-09-12T06:56:15.409+0000] {logging_mixin.py:150} INFO - [2024-09-12T06:56:15.409+0000] {dag.py:2742} INFO - Sync 1 DAGs
[2024-09-12T06:56:15.423+0000] {logging_mixin.py:150} INFO - [2024-09-12T06:56:15.423+0000] {dag.py:3504} INFO - Setting next_dagrun for example_skip_dag to 2024-09-11T06:56:15.422927+00:00, run_after=2024-09-12T06:56:15.422927+00:00
[2024-09-12T06:56:15.460+0000] {processor.py:179} INFO - Processing /home/vscode/.local/lib/python3.10/site-packages/airflow/example_dags/example_skip_dag.py took 0.071 seconds
[2024-09-12T06:56:49.983+0000] {processor.py:157} INFO - Started process (PID=14367) to work on /home/vscode/.local/lib/python3.10/site-packages/airflow/example_dags/example_skip_dag.py
[2024-09-12T06:56:49.984+0000] {processor.py:826} INFO - Processing file /home/vscode/.local/lib/python3.10/site-packages/airflow/example_dags/example_skip_dag.py for tasks to queue
[2024-09-12T06:56:49.984+0000] {logging_mixin.py:150} INFO - [2024-09-12T06:56:49.984+0000] {dagbag.py:541} INFO - Filling up the DagBag from /home/vscode/.local/lib/python3.10/site-packages/airflow/example_dags/example_skip_dag.py
[2024-09-12T06:56:49.989+0000] {processor.py:836} INFO - DAG(s) dict_keys(['example_skip_dag']) retrieved from /home/vscode/.local/lib/python3.10/site-packages/airflow/example_dags/example_skip_dag.py
[2024-09-12T06:56:50.001+0000] {logging_mixin.py:150} INFO - [2024-09-12T06:56:50.001+0000] {dag.py:2742} INFO - Sync 1 DAGs
[2024-09-12T06:56:50.015+0000] {logging_mixin.py:150} INFO - [2024-09-12T06:56:50.015+0000] {dag.py:3504} INFO - Setting next_dagrun for example_skip_dag to 2024-09-11T06:56:50.015135+00:00, run_after=2024-09-12T06:56:50.015135+00:00
[2024-09-12T06:56:50.057+0000] {processor.py:179} INFO - Processing /home/vscode/.local/lib/python3.10/site-packages/airflow/example_dags/example_skip_dag.py took 0.077 seconds
[2024-09-12T06:57:21.075+0000] {processor.py:157} INFO - Started process (PID=14578) to work on /home/vscode/.local/lib/python3.10/site-packages/airflow/example_dags/example_skip_dag.py
[2024-09-12T06:57:21.076+0000] {processor.py:826} INFO - Processing file /home/vscode/.local/lib/python3.10/site-packages/airflow/example_dags/example_skip_dag.py for tasks to queue
[2024-09-12T06:57:21.077+0000] {logging_mixin.py:150} INFO - [2024-09-12T06:57:21.076+0000] {dagbag.py:541} INFO - Filling up the DagBag from /home/vscode/.local/lib/python3.10/site-packages/airflow/example_dags/example_skip_dag.py
[2024-09-12T06:57:21.082+0000] {processor.py:836} INFO - DAG(s) dict_keys(['example_skip_dag']) retrieved from /home/vscode/.local/lib/python3.10/site-packages/airflow/example_dags/example_skip_dag.py
[2024-09-12T06:57:21.093+0000] {logging_mixin.py:150} INFO - [2024-09-12T06:57:21.093+0000] {dag.py:2742} INFO - Sync 1 DAGs
[2024-09-12T06:57:21.107+0000] {logging_mixin.py:150} INFO - [2024-09-12T06:57:21.107+0000] {dag.py:3504} INFO - Setting next_dagrun for example_skip_dag to 2024-09-11T06:57:21.107172+00:00, run_after=2024-09-12T06:57:21.107172+00:00
[2024-09-12T06:57:21.156+0000] {processor.py:179} INFO - Processing /home/vscode/.local/lib/python3.10/site-packages/airflow/example_dags/example_skip_dag.py took 0.083 seconds
[2024-09-12T06:58:02.901+0000] {processor.py:157} INFO - Started process (PID=14851) to work on /home/vscode/.local/lib/python3.10/site-packages/airflow/example_dags/example_skip_dag.py
[2024-09-12T06:58:02.902+0000] {processor.py:826} INFO - Processing file /home/vscode/.local/lib/python3.10/site-packages/airflow/example_dags/example_skip_dag.py for tasks to queue
[2024-09-12T06:58:02.903+0000] {logging_mixin.py:150} INFO - [2024-09-12T06:58:02.903+0000] {dagbag.py:541} INFO - Filling up the DagBag from /home/vscode/.local/lib/python3.10/site-packages/airflow/example_dags/example_skip_dag.py
[2024-09-12T06:58:02.910+0000] {processor.py:836} INFO - DAG(s) dict_keys(['example_skip_dag']) retrieved from /home/vscode/.local/lib/python3.10/site-packages/airflow/example_dags/example_skip_dag.py
[2024-09-12T06:58:02.927+0000] {logging_mixin.py:150} INFO - [2024-09-12T06:58:02.927+0000] {dag.py:2742} INFO - Sync 1 DAGs
[2024-09-12T06:58:02.947+0000] {logging_mixin.py:150} INFO - [2024-09-12T06:58:02.947+0000] {dag.py:3504} INFO - Setting next_dagrun for example_skip_dag to 2024-09-11T06:58:02.947519+00:00, run_after=2024-09-12T06:58:02.947519+00:00
[2024-09-12T06:58:02.983+0000] {processor.py:179} INFO - Processing /home/vscode/.local/lib/python3.10/site-packages/airflow/example_dags/example_skip_dag.py took 0.084 seconds
[2024-09-12T06:58:44.572+0000] {processor.py:157} INFO - Started process (PID=15136) to work on /home/vscode/.local/lib/python3.10/site-packages/airflow/example_dags/example_skip_dag.py
[2024-09-12T06:58:44.572+0000] {processor.py:826} INFO - Processing file /home/vscode/.local/lib/python3.10/site-packages/airflow/example_dags/example_skip_dag.py for tasks to queue
[2024-09-12T06:58:44.573+0000] {logging_mixin.py:150} INFO - [2024-09-12T06:58:44.573+0000] {dagbag.py:541} INFO - Filling up the DagBag from /home/vscode/.local/lib/python3.10/site-packages/airflow/example_dags/example_skip_dag.py
[2024-09-12T06:58:44.578+0000] {processor.py:836} INFO - DAG(s) dict_keys(['example_skip_dag']) retrieved from /home/vscode/.local/lib/python3.10/site-packages/airflow/example_dags/example_skip_dag.py
[2024-09-12T06:58:44.590+0000] {logging_mixin.py:150} INFO - [2024-09-12T06:58:44.590+0000] {dag.py:2742} INFO - Sync 1 DAGs
[2024-09-12T06:58:44.604+0000] {logging_mixin.py:150} INFO - [2024-09-12T06:58:44.604+0000] {dag.py:3504} INFO - Setting next_dagrun for example_skip_dag to 2024-09-11T06:58:44.603967+00:00, run_after=2024-09-12T06:58:44.603967+00:00
[2024-09-12T06:58:44.633+0000] {processor.py:179} INFO - Processing /home/vscode/.local/lib/python3.10/site-packages/airflow/example_dags/example_skip_dag.py took 0.063 seconds
[2024-09-12T06:59:16.113+0000] {processor.py:157} INFO - Started process (PID=15344) to work on /home/vscode/.local/lib/python3.10/site-packages/airflow/example_dags/example_skip_dag.py
[2024-09-12T06:59:16.113+0000] {processor.py:826} INFO - Processing file /home/vscode/.local/lib/python3.10/site-packages/airflow/example_dags/example_skip_dag.py for tasks to queue
[2024-09-12T06:59:16.114+0000] {logging_mixin.py:150} INFO - [2024-09-12T06:59:16.114+0000] {dagbag.py:541} INFO - Filling up the DagBag from /home/vscode/.local/lib/python3.10/site-packages/airflow/example_dags/example_skip_dag.py
[2024-09-12T06:59:16.119+0000] {processor.py:836} INFO - DAG(s) dict_keys(['example_skip_dag']) retrieved from /home/vscode/.local/lib/python3.10/site-packages/airflow/example_dags/example_skip_dag.py
[2024-09-12T06:59:16.131+0000] {logging_mixin.py:150} INFO - [2024-09-12T06:59:16.130+0000] {dag.py:2742} INFO - Sync 1 DAGs
[2024-09-12T06:59:16.144+0000] {logging_mixin.py:150} INFO - [2024-09-12T06:59:16.144+0000] {dag.py:3504} INFO - Setting next_dagrun for example_skip_dag to 2024-09-11T06:59:16.143976+00:00, run_after=2024-09-12T06:59:16.143976+00:00
[2024-09-12T06:59:16.174+0000] {processor.py:179} INFO - Processing /home/vscode/.local/lib/python3.10/site-packages/airflow/example_dags/example_skip_dag.py took 0.063 seconds
[2024-09-12T06:59:56.749+0000] {processor.py:157} INFO - Started process (PID=15614) to work on /home/vscode/.local/lib/python3.10/site-packages/airflow/example_dags/example_skip_dag.py
[2024-09-12T06:59:56.750+0000] {processor.py:826} INFO - Processing file /home/vscode/.local/lib/python3.10/site-packages/airflow/example_dags/example_skip_dag.py for tasks to queue
[2024-09-12T06:59:56.751+0000] {logging_mixin.py:150} INFO - [2024-09-12T06:59:56.750+0000] {dagbag.py:541} INFO - Filling up the DagBag from /home/vscode/.local/lib/python3.10/site-packages/airflow/example_dags/example_skip_dag.py
[2024-09-12T06:59:56.756+0000] {processor.py:836} INFO - DAG(s) dict_keys(['example_skip_dag']) retrieved from /home/vscode/.local/lib/python3.10/site-packages/airflow/example_dags/example_skip_dag.py
[2024-09-12T06:59:56.767+0000] {logging_mixin.py:150} INFO - [2024-09-12T06:59:56.767+0000] {dag.py:2742} INFO - Sync 1 DAGs
[2024-09-12T06:59:56.781+0000] {logging_mixin.py:150} INFO - [2024-09-12T06:59:56.781+0000] {dag.py:3504} INFO - Setting next_dagrun for example_skip_dag to 2024-09-11T06:59:56.781166+00:00, run_after=2024-09-12T06:59:56.781166+00:00
[2024-09-12T06:59:56.810+0000] {processor.py:179} INFO - Processing /home/vscode/.local/lib/python3.10/site-packages/airflow/example_dags/example_skip_dag.py took 0.063 seconds
[2024-09-12T07:00:28.285+0000] {processor.py:157} INFO - Started process (PID=15835) to work on /home/vscode/.local/lib/python3.10/site-packages/airflow/example_dags/example_skip_dag.py
[2024-09-12T07:00:28.286+0000] {processor.py:826} INFO - Processing file /home/vscode/.local/lib/python3.10/site-packages/airflow/example_dags/example_skip_dag.py for tasks to queue
[2024-09-12T07:00:28.286+0000] {logging_mixin.py:150} INFO - [2024-09-12T07:00:28.286+0000] {dagbag.py:541} INFO - Filling up the DagBag from /home/vscode/.local/lib/python3.10/site-packages/airflow/example_dags/example_skip_dag.py
[2024-09-12T07:00:28.292+0000] {processor.py:836} INFO - DAG(s) dict_keys(['example_skip_dag']) retrieved from /home/vscode/.local/lib/python3.10/site-packages/airflow/example_dags/example_skip_dag.py
[2024-09-12T07:00:28.303+0000] {logging_mixin.py:150} INFO - [2024-09-12T07:00:28.303+0000] {dag.py:2742} INFO - Sync 1 DAGs
[2024-09-12T07:00:28.318+0000] {logging_mixin.py:150} INFO - [2024-09-12T07:00:28.318+0000] {dag.py:3504} INFO - Setting next_dagrun for example_skip_dag to 2024-09-11T07:00:28.318097+00:00, run_after=2024-09-12T07:00:28.318097+00:00
[2024-09-12T07:00:28.346+0000] {processor.py:179} INFO - Processing /home/vscode/.local/lib/python3.10/site-packages/airflow/example_dags/example_skip_dag.py took 0.063 seconds
[2024-09-12T07:00:58.551+0000] {processor.py:157} INFO - Started process (PID=16042) to work on /home/vscode/.local/lib/python3.10/site-packages/airflow/example_dags/example_skip_dag.py
[2024-09-12T07:00:58.552+0000] {processor.py:826} INFO - Processing file /home/vscode/.local/lib/python3.10/site-packages/airflow/example_dags/example_skip_dag.py for tasks to queue
[2024-09-12T07:00:58.552+0000] {logging_mixin.py:150} INFO - [2024-09-12T07:00:58.552+0000] {dagbag.py:541} INFO - Filling up the DagBag from /home/vscode/.local/lib/python3.10/site-packages/airflow/example_dags/example_skip_dag.py
[2024-09-12T07:00:58.557+0000] {processor.py:836} INFO - DAG(s) dict_keys(['example_skip_dag']) retrieved from /home/vscode/.local/lib/python3.10/site-packages/airflow/example_dags/example_skip_dag.py
[2024-09-12T07:00:58.569+0000] {logging_mixin.py:150} INFO - [2024-09-12T07:00:58.569+0000] {dag.py:2742} INFO - Sync 1 DAGs
[2024-09-12T07:00:58.582+0000] {logging_mixin.py:150} INFO - [2024-09-12T07:00:58.582+0000] {dag.py:3504} INFO - Setting next_dagrun for example_skip_dag to 2024-09-11T07:00:58.582705+00:00, run_after=2024-09-12T07:00:58.582705+00:00
[2024-09-12T07:00:58.615+0000] {processor.py:179} INFO - Processing /home/vscode/.local/lib/python3.10/site-packages/airflow/example_dags/example_skip_dag.py took 0.066 seconds
[2024-09-12T07:01:29.053+0000] {processor.py:157} INFO - Started process (PID=16246) to work on /home/vscode/.local/lib/python3.10/site-packages/airflow/example_dags/example_skip_dag.py
[2024-09-12T07:01:29.054+0000] {processor.py:826} INFO - Processing file /home/vscode/.local/lib/python3.10/site-packages/airflow/example_dags/example_skip_dag.py for tasks to queue
[2024-09-12T07:01:29.054+0000] {logging_mixin.py:150} INFO - [2024-09-12T07:01:29.054+0000] {dagbag.py:541} INFO - Filling up the DagBag from /home/vscode/.local/lib/python3.10/site-packages/airflow/example_dags/example_skip_dag.py
[2024-09-12T07:01:29.060+0000] {processor.py:836} INFO - DAG(s) dict_keys(['example_skip_dag']) retrieved from /home/vscode/.local/lib/python3.10/site-packages/airflow/example_dags/example_skip_dag.py
[2024-09-12T07:01:29.072+0000] {logging_mixin.py:150} INFO - [2024-09-12T07:01:29.071+0000] {dag.py:2742} INFO - Sync 1 DAGs
[2024-09-12T07:01:29.086+0000] {logging_mixin.py:150} INFO - [2024-09-12T07:01:29.085+0000] {dag.py:3504} INFO - Setting next_dagrun for example_skip_dag to 2024-09-11T07:01:29.085811+00:00, run_after=2024-09-12T07:01:29.085811+00:00
[2024-09-12T07:01:29.120+0000] {processor.py:179} INFO - Processing /home/vscode/.local/lib/python3.10/site-packages/airflow/example_dags/example_skip_dag.py took 0.069 seconds
[2024-09-12T07:02:06.576+0000] {processor.py:157} INFO - Started process (PID=16496) to work on /home/vscode/.local/lib/python3.10/site-packages/airflow/example_dags/example_skip_dag.py
[2024-09-12T07:02:06.576+0000] {processor.py:826} INFO - Processing file /home/vscode/.local/lib/python3.10/site-packages/airflow/example_dags/example_skip_dag.py for tasks to queue
[2024-09-12T07:02:06.577+0000] {logging_mixin.py:150} INFO - [2024-09-12T07:02:06.576+0000] {dagbag.py:541} INFO - Filling up the DagBag from /home/vscode/.local/lib/python3.10/site-packages/airflow/example_dags/example_skip_dag.py
[2024-09-12T07:02:06.582+0000] {processor.py:836} INFO - DAG(s) dict_keys(['example_skip_dag']) retrieved from /home/vscode/.local/lib/python3.10/site-packages/airflow/example_dags/example_skip_dag.py
[2024-09-12T07:02:06.593+0000] {logging_mixin.py:150} INFO - [2024-09-12T07:02:06.593+0000] {dag.py:2742} INFO - Sync 1 DAGs
[2024-09-12T07:02:06.607+0000] {logging_mixin.py:150} INFO - [2024-09-12T07:02:06.607+0000] {dag.py:3504} INFO - Setting next_dagrun for example_skip_dag to 2024-09-11T07:02:06.606976+00:00, run_after=2024-09-12T07:02:06.606976+00:00
[2024-09-12T07:02:06.642+0000] {processor.py:179} INFO - Processing /home/vscode/.local/lib/python3.10/site-packages/airflow/example_dags/example_skip_dag.py took 0.069 seconds
[2024-09-12T07:02:48.973+0000] {processor.py:157} INFO - Started process (PID=16785) to work on /home/vscode/.local/lib/python3.10/site-packages/airflow/example_dags/example_skip_dag.py
[2024-09-12T07:02:48.973+0000] {processor.py:826} INFO - Processing file /home/vscode/.local/lib/python3.10/site-packages/airflow/example_dags/example_skip_dag.py for tasks to queue
[2024-09-12T07:02:48.974+0000] {logging_mixin.py:150} INFO - [2024-09-12T07:02:48.974+0000] {dagbag.py:541} INFO - Filling up the DagBag from /home/vscode/.local/lib/python3.10/site-packages/airflow/example_dags/example_skip_dag.py
[2024-09-12T07:02:48.979+0000] {processor.py:836} INFO - DAG(s) dict_keys(['example_skip_dag']) retrieved from /home/vscode/.local/lib/python3.10/site-packages/airflow/example_dags/example_skip_dag.py
[2024-09-12T07:02:48.990+0000] {logging_mixin.py:150} INFO - [2024-09-12T07:02:48.990+0000] {dag.py:2742} INFO - Sync 1 DAGs
[2024-09-12T07:02:49.004+0000] {logging_mixin.py:150} INFO - [2024-09-12T07:02:49.004+0000] {dag.py:3504} INFO - Setting next_dagrun for example_skip_dag to 2024-09-11T07:02:49.004190+00:00, run_after=2024-09-12T07:02:49.004190+00:00
[2024-09-12T07:02:49.053+0000] {processor.py:179} INFO - Processing /home/vscode/.local/lib/python3.10/site-packages/airflow/example_dags/example_skip_dag.py took 0.083 seconds
[2024-09-12T07:03:20.746+0000] {processor.py:157} INFO - Started process (PID=16994) to work on /home/vscode/.local/lib/python3.10/site-packages/airflow/example_dags/example_skip_dag.py
[2024-09-12T07:03:20.746+0000] {processor.py:826} INFO - Processing file /home/vscode/.local/lib/python3.10/site-packages/airflow/example_dags/example_skip_dag.py for tasks to queue
[2024-09-12T07:03:20.747+0000] {logging_mixin.py:150} INFO - [2024-09-12T07:03:20.747+0000] {dagbag.py:541} INFO - Filling up the DagBag from /home/vscode/.local/lib/python3.10/site-packages/airflow/example_dags/example_skip_dag.py
[2024-09-12T07:03:20.752+0000] {processor.py:836} INFO - DAG(s) dict_keys(['example_skip_dag']) retrieved from /home/vscode/.local/lib/python3.10/site-packages/airflow/example_dags/example_skip_dag.py
[2024-09-12T07:03:20.764+0000] {logging_mixin.py:150} INFO - [2024-09-12T07:03:20.763+0000] {dag.py:2742} INFO - Sync 1 DAGs
[2024-09-12T07:03:20.777+0000] {logging_mixin.py:150} INFO - [2024-09-12T07:03:20.777+0000] {dag.py:3504} INFO - Setting next_dagrun for example_skip_dag to 2024-09-11T07:03:20.777338+00:00, run_after=2024-09-12T07:03:20.777338+00:00
[2024-09-12T07:03:20.808+0000] {processor.py:179} INFO - Processing /home/vscode/.local/lib/python3.10/site-packages/airflow/example_dags/example_skip_dag.py took 0.064 seconds
[2024-09-12T07:03:54.496+0000] {processor.py:157} INFO - Started process (PID=17266) to work on /home/vscode/.local/lib/python3.10/site-packages/airflow/example_dags/example_skip_dag.py
[2024-09-12T07:03:54.496+0000] {processor.py:826} INFO - Processing file /home/vscode/.local/lib/python3.10/site-packages/airflow/example_dags/example_skip_dag.py for tasks to queue
[2024-09-12T07:03:54.497+0000] {logging_mixin.py:150} INFO - [2024-09-12T07:03:54.496+0000] {dagbag.py:541} INFO - Filling up the DagBag from /home/vscode/.local/lib/python3.10/site-packages/airflow/example_dags/example_skip_dag.py
[2024-09-12T07:03:54.502+0000] {processor.py:836} INFO - DAG(s) dict_keys(['example_skip_dag']) retrieved from /home/vscode/.local/lib/python3.10/site-packages/airflow/example_dags/example_skip_dag.py
[2024-09-12T07:03:54.514+0000] {logging_mixin.py:150} INFO - [2024-09-12T07:03:54.514+0000] {dag.py:2742} INFO - Sync 1 DAGs
[2024-09-12T07:03:54.527+0000] {logging_mixin.py:150} INFO - [2024-09-12T07:03:54.527+0000] {dag.py:3504} INFO - Setting next_dagrun for example_skip_dag to 2024-09-11T07:03:54.527322+00:00, run_after=2024-09-12T07:03:54.527322+00:00
[2024-09-12T07:03:54.571+0000] {processor.py:179} INFO - Processing /home/vscode/.local/lib/python3.10/site-packages/airflow/example_dags/example_skip_dag.py took 0.077 seconds
[2024-09-12T07:04:27.173+0000] {processor.py:157} INFO - Started process (PID=17519) to work on /home/vscode/.local/lib/python3.10/site-packages/airflow/example_dags/example_skip_dag.py
[2024-09-12T07:04:27.174+0000] {processor.py:826} INFO - Processing file /home/vscode/.local/lib/python3.10/site-packages/airflow/example_dags/example_skip_dag.py for tasks to queue
[2024-09-12T07:04:27.175+0000] {logging_mixin.py:150} INFO - [2024-09-12T07:04:27.174+0000] {dagbag.py:541} INFO - Filling up the DagBag from /home/vscode/.local/lib/python3.10/site-packages/airflow/example_dags/example_skip_dag.py
[2024-09-12T07:04:27.180+0000] {processor.py:836} INFO - DAG(s) dict_keys(['example_skip_dag']) retrieved from /home/vscode/.local/lib/python3.10/site-packages/airflow/example_dags/example_skip_dag.py
[2024-09-12T07:04:27.191+0000] {logging_mixin.py:150} INFO - [2024-09-12T07:04:27.191+0000] {dag.py:2742} INFO - Sync 1 DAGs
[2024-09-12T07:04:27.206+0000] {logging_mixin.py:150} INFO - [2024-09-12T07:04:27.206+0000] {dag.py:3504} INFO - Setting next_dagrun for example_skip_dag to 2024-09-11T07:04:27.205979+00:00, run_after=2024-09-12T07:04:27.205979+00:00
[2024-09-12T07:04:27.243+0000] {processor.py:179} INFO - Processing /home/vscode/.local/lib/python3.10/site-packages/airflow/example_dags/example_skip_dag.py took 0.071 seconds
[2024-09-12T07:05:11.436+0000] {processor.py:157} INFO - Started process (PID=17852) to work on /home/vscode/.local/lib/python3.10/site-packages/airflow/example_dags/example_skip_dag.py
[2024-09-12T07:05:11.436+0000] {processor.py:826} INFO - Processing file /home/vscode/.local/lib/python3.10/site-packages/airflow/example_dags/example_skip_dag.py for tasks to queue
[2024-09-12T07:05:11.437+0000] {logging_mixin.py:150} INFO - [2024-09-12T07:05:11.436+0000] {dagbag.py:541} INFO - Filling up the DagBag from /home/vscode/.local/lib/python3.10/site-packages/airflow/example_dags/example_skip_dag.py
[2024-09-12T07:05:11.442+0000] {processor.py:836} INFO - DAG(s) dict_keys(['example_skip_dag']) retrieved from /home/vscode/.local/lib/python3.10/site-packages/airflow/example_dags/example_skip_dag.py
[2024-09-12T07:05:11.454+0000] {logging_mixin.py:150} INFO - [2024-09-12T07:05:11.454+0000] {dag.py:2742} INFO - Sync 1 DAGs
[2024-09-12T07:05:11.468+0000] {logging_mixin.py:150} INFO - [2024-09-12T07:05:11.468+0000] {dag.py:3504} INFO - Setting next_dagrun for example_skip_dag to 2024-09-11T07:05:11.468148+00:00, run_after=2024-09-12T07:05:11.468148+00:00
[2024-09-12T07:05:11.521+0000] {processor.py:179} INFO - Processing /home/vscode/.local/lib/python3.10/site-packages/airflow/example_dags/example_skip_dag.py took 0.087 seconds
[2024-09-12T07:05:42.184+0000] {processor.py:157} INFO - Started process (PID=18161) to work on /home/vscode/.local/lib/python3.10/site-packages/airflow/example_dags/example_skip_dag.py
[2024-09-12T07:05:42.185+0000] {processor.py:826} INFO - Processing file /home/vscode/.local/lib/python3.10/site-packages/airflow/example_dags/example_skip_dag.py for tasks to queue
[2024-09-12T07:05:42.185+0000] {logging_mixin.py:150} INFO - [2024-09-12T07:05:42.185+0000] {dagbag.py:541} INFO - Filling up the DagBag from /home/vscode/.local/lib/python3.10/site-packages/airflow/example_dags/example_skip_dag.py
[2024-09-12T07:05:42.191+0000] {processor.py:836} INFO - DAG(s) dict_keys(['example_skip_dag']) retrieved from /home/vscode/.local/lib/python3.10/site-packages/airflow/example_dags/example_skip_dag.py
[2024-09-12T07:05:42.203+0000] {logging_mixin.py:150} INFO - [2024-09-12T07:05:42.203+0000] {dag.py:2742} INFO - Sync 1 DAGs
[2024-09-12T07:05:42.217+0000] {logging_mixin.py:150} INFO - [2024-09-12T07:05:42.216+0000] {dag.py:3504} INFO - Setting next_dagrun for example_skip_dag to 2024-09-11T07:05:42.216768+00:00, run_after=2024-09-12T07:05:42.216768+00:00
[2024-09-12T07:05:42.261+0000] {processor.py:179} INFO - Processing /home/vscode/.local/lib/python3.10/site-packages/airflow/example_dags/example_skip_dag.py took 0.079 seconds
[2024-09-12T07:06:26.381+0000] {processor.py:157} INFO - Started process (PID=18508) to work on /home/vscode/.local/lib/python3.10/site-packages/airflow/example_dags/example_skip_dag.py
[2024-09-12T07:06:26.382+0000] {processor.py:826} INFO - Processing file /home/vscode/.local/lib/python3.10/site-packages/airflow/example_dags/example_skip_dag.py for tasks to queue
[2024-09-12T07:06:26.382+0000] {logging_mixin.py:150} INFO - [2024-09-12T07:06:26.382+0000] {dagbag.py:541} INFO - Filling up the DagBag from /home/vscode/.local/lib/python3.10/site-packages/airflow/example_dags/example_skip_dag.py
[2024-09-12T07:06:26.388+0000] {processor.py:836} INFO - DAG(s) dict_keys(['example_skip_dag']) retrieved from /home/vscode/.local/lib/python3.10/site-packages/airflow/example_dags/example_skip_dag.py
[2024-09-12T07:06:26.399+0000] {logging_mixin.py:150} INFO - [2024-09-12T07:06:26.399+0000] {dag.py:2742} INFO - Sync 1 DAGs
[2024-09-12T07:06:26.413+0000] {logging_mixin.py:150} INFO - [2024-09-12T07:06:26.413+0000] {dag.py:3504} INFO - Setting next_dagrun for example_skip_dag to 2024-09-11T07:06:26.413061+00:00, run_after=2024-09-12T07:06:26.413061+00:00
[2024-09-12T07:06:26.445+0000] {processor.py:179} INFO - Processing /home/vscode/.local/lib/python3.10/site-packages/airflow/example_dags/example_skip_dag.py took 0.066 seconds
[2024-09-12T07:07:10.817+0000] {processor.py:157} INFO - Started process (PID=18816) to work on /home/vscode/.local/lib/python3.10/site-packages/airflow/example_dags/example_skip_dag.py
[2024-09-12T07:07:10.818+0000] {processor.py:826} INFO - Processing file /home/vscode/.local/lib/python3.10/site-packages/airflow/example_dags/example_skip_dag.py for tasks to queue
[2024-09-12T07:07:10.818+0000] {logging_mixin.py:150} INFO - [2024-09-12T07:07:10.818+0000] {dagbag.py:541} INFO - Filling up the DagBag from /home/vscode/.local/lib/python3.10/site-packages/airflow/example_dags/example_skip_dag.py
[2024-09-12T07:07:10.824+0000] {processor.py:836} INFO - DAG(s) dict_keys(['example_skip_dag']) retrieved from /home/vscode/.local/lib/python3.10/site-packages/airflow/example_dags/example_skip_dag.py
[2024-09-12T07:07:10.835+0000] {logging_mixin.py:150} INFO - [2024-09-12T07:07:10.835+0000] {dag.py:2742} INFO - Sync 1 DAGs
[2024-09-12T07:07:10.849+0000] {logging_mixin.py:150} INFO - [2024-09-12T07:07:10.849+0000] {dag.py:3504} INFO - Setting next_dagrun for example_skip_dag to 2024-09-11T07:07:10.849221+00:00, run_after=2024-09-12T07:07:10.849221+00:00
[2024-09-12T07:07:10.900+0000] {processor.py:179} INFO - Processing /home/vscode/.local/lib/python3.10/site-packages/airflow/example_dags/example_skip_dag.py took 0.086 seconds
[2024-09-12T07:07:41.228+0000] {processor.py:157} INFO - Started process (PID=19024) to work on /home/vscode/.local/lib/python3.10/site-packages/airflow/example_dags/example_skip_dag.py
[2024-09-12T07:07:41.229+0000] {processor.py:826} INFO - Processing file /home/vscode/.local/lib/python3.10/site-packages/airflow/example_dags/example_skip_dag.py for tasks to queue
[2024-09-12T07:07:41.230+0000] {logging_mixin.py:150} INFO - [2024-09-12T07:07:41.229+0000] {dagbag.py:541} INFO - Filling up the DagBag from /home/vscode/.local/lib/python3.10/site-packages/airflow/example_dags/example_skip_dag.py
[2024-09-12T07:07:41.235+0000] {processor.py:836} INFO - DAG(s) dict_keys(['example_skip_dag']) retrieved from /home/vscode/.local/lib/python3.10/site-packages/airflow/example_dags/example_skip_dag.py
[2024-09-12T07:07:41.247+0000] {logging_mixin.py:150} INFO - [2024-09-12T07:07:41.247+0000] {dag.py:2742} INFO - Sync 1 DAGs
[2024-09-12T07:07:41.260+0000] {logging_mixin.py:150} INFO - [2024-09-12T07:07:41.260+0000] {dag.py:3504} INFO - Setting next_dagrun for example_skip_dag to 2024-09-11T07:07:41.260443+00:00, run_after=2024-09-12T07:07:41.260443+00:00
[2024-09-12T07:07:41.291+0000] {processor.py:179} INFO - Processing /home/vscode/.local/lib/python3.10/site-packages/airflow/example_dags/example_skip_dag.py took 0.065 seconds
[2024-09-12T07:08:23.887+0000] {processor.py:157} INFO - Started process (PID=19352) to work on /home/vscode/.local/lib/python3.10/site-packages/airflow/example_dags/example_skip_dag.py
[2024-09-12T07:08:23.888+0000] {processor.py:826} INFO - Processing file /home/vscode/.local/lib/python3.10/site-packages/airflow/example_dags/example_skip_dag.py for tasks to queue
[2024-09-12T07:08:23.889+0000] {logging_mixin.py:150} INFO - [2024-09-12T07:08:23.888+0000] {dagbag.py:541} INFO - Filling up the DagBag from /home/vscode/.local/lib/python3.10/site-packages/airflow/example_dags/example_skip_dag.py
[2024-09-12T07:08:23.894+0000] {processor.py:836} INFO - DAG(s) dict_keys(['example_skip_dag']) retrieved from /home/vscode/.local/lib/python3.10/site-packages/airflow/example_dags/example_skip_dag.py
[2024-09-12T07:08:23.907+0000] {logging_mixin.py:150} INFO - [2024-09-12T07:08:23.907+0000] {dag.py:2742} INFO - Sync 1 DAGs
[2024-09-12T07:08:23.922+0000] {logging_mixin.py:150} INFO - [2024-09-12T07:08:23.922+0000] {dag.py:3504} INFO - Setting next_dagrun for example_skip_dag to 2024-09-11T07:08:23.922298+00:00, run_after=2024-09-12T07:08:23.922298+00:00
[2024-09-12T07:08:23.977+0000] {processor.py:179} INFO - Processing /home/vscode/.local/lib/python3.10/site-packages/airflow/example_dags/example_skip_dag.py took 0.093 seconds
[2024-09-12T07:08:54.552+0000] {processor.py:157} INFO - Started process (PID=19631) to work on /home/vscode/.local/lib/python3.10/site-packages/airflow/example_dags/example_skip_dag.py
[2024-09-12T07:08:54.552+0000] {processor.py:826} INFO - Processing file /home/vscode/.local/lib/python3.10/site-packages/airflow/example_dags/example_skip_dag.py for tasks to queue
[2024-09-12T07:08:54.553+0000] {logging_mixin.py:150} INFO - [2024-09-12T07:08:54.552+0000] {dagbag.py:541} INFO - Filling up the DagBag from /home/vscode/.local/lib/python3.10/site-packages/airflow/example_dags/example_skip_dag.py
[2024-09-12T07:08:54.558+0000] {processor.py:836} INFO - DAG(s) dict_keys(['example_skip_dag']) retrieved from /home/vscode/.local/lib/python3.10/site-packages/airflow/example_dags/example_skip_dag.py
[2024-09-12T07:08:54.570+0000] {logging_mixin.py:150} INFO - [2024-09-12T07:08:54.570+0000] {dag.py:2742} INFO - Sync 1 DAGs
[2024-09-12T07:08:54.584+0000] {logging_mixin.py:150} INFO - [2024-09-12T07:08:54.584+0000] {dag.py:3504} INFO - Setting next_dagrun for example_skip_dag to 2024-09-11T07:08:54.584041+00:00, run_after=2024-09-12T07:08:54.584041+00:00
[2024-09-12T07:08:54.622+0000] {processor.py:179} INFO - Processing /home/vscode/.local/lib/python3.10/site-packages/airflow/example_dags/example_skip_dag.py took 0.073 seconds
[2024-09-12T07:09:25.252+0000] {processor.py:157} INFO - Started process (PID=19841) to work on /home/vscode/.local/lib/python3.10/site-packages/airflow/example_dags/example_skip_dag.py
[2024-09-12T07:09:25.253+0000] {processor.py:826} INFO - Processing file /home/vscode/.local/lib/python3.10/site-packages/airflow/example_dags/example_skip_dag.py for tasks to queue
[2024-09-12T07:09:25.254+0000] {logging_mixin.py:150} INFO - [2024-09-12T07:09:25.253+0000] {dagbag.py:541} INFO - Filling up the DagBag from /home/vscode/.local/lib/python3.10/site-packages/airflow/example_dags/example_skip_dag.py
[2024-09-12T07:09:25.259+0000] {processor.py:836} INFO - DAG(s) dict_keys(['example_skip_dag']) retrieved from /home/vscode/.local/lib/python3.10/site-packages/airflow/example_dags/example_skip_dag.py
[2024-09-12T07:09:25.270+0000] {logging_mixin.py:150} INFO - [2024-09-12T07:09:25.270+0000] {dag.py:2742} INFO - Sync 1 DAGs
[2024-09-12T07:09:25.284+0000] {logging_mixin.py:150} INFO - [2024-09-12T07:09:25.284+0000] {dag.py:3504} INFO - Setting next_dagrun for example_skip_dag to 2024-09-11T07:09:25.284179+00:00, run_after=2024-09-12T07:09:25.284179+00:00
[2024-09-12T07:09:25.313+0000] {processor.py:179} INFO - Processing /home/vscode/.local/lib/python3.10/site-packages/airflow/example_dags/example_skip_dag.py took 0.063 seconds
[2024-09-12T07:09:55.362+0000] {processor.py:157} INFO - Started process (PID=20060) to work on /home/vscode/.local/lib/python3.10/site-packages/airflow/example_dags/example_skip_dag.py
[2024-09-12T07:09:55.363+0000] {processor.py:826} INFO - Processing file /home/vscode/.local/lib/python3.10/site-packages/airflow/example_dags/example_skip_dag.py for tasks to queue
[2024-09-12T07:09:55.363+0000] {logging_mixin.py:150} INFO - [2024-09-12T07:09:55.363+0000] {dagbag.py:541} INFO - Filling up the DagBag from /home/vscode/.local/lib/python3.10/site-packages/airflow/example_dags/example_skip_dag.py
[2024-09-12T07:09:55.369+0000] {processor.py:836} INFO - DAG(s) dict_keys(['example_skip_dag']) retrieved from /home/vscode/.local/lib/python3.10/site-packages/airflow/example_dags/example_skip_dag.py
[2024-09-12T07:09:55.381+0000] {logging_mixin.py:150} INFO - [2024-09-12T07:09:55.381+0000] {dag.py:2742} INFO - Sync 1 DAGs
[2024-09-12T07:09:55.395+0000] {logging_mixin.py:150} INFO - [2024-09-12T07:09:55.395+0000] {dag.py:3504} INFO - Setting next_dagrun for example_skip_dag to 2024-09-11T07:09:55.395067+00:00, run_after=2024-09-12T07:09:55.395067+00:00
[2024-09-12T07:09:55.427+0000] {processor.py:179} INFO - Processing /home/vscode/.local/lib/python3.10/site-packages/airflow/example_dags/example_skip_dag.py took 0.067 seconds
