[2024-09-12T06:40:05.940+0000] {processor.py:157} INFO - Started process (PID=7613) to work on /home/vscode/.local/lib/python3.10/site-packages/airflow/example_dags/example_nested_branch_dag.py
[2024-09-12T06:40:05.940+0000] {processor.py:826} INFO - Processing file /home/vscode/.local/lib/python3.10/site-packages/airflow/example_dags/example_nested_branch_dag.py for tasks to queue
[2024-09-12T06:40:05.941+0000] {logging_mixin.py:150} INFO - [2024-09-12T06:40:05.941+0000] {dagbag.py:541} INFO - Filling up the DagBag from /home/vscode/.local/lib/python3.10/site-packages/airflow/example_dags/example_nested_branch_dag.py
[2024-09-12T06:40:06.031+0000] {processor.py:836} INFO - DAG(s) dict_keys(['example_nested_branch_dag']) retrieved from /home/vscode/.local/lib/python3.10/site-packages/airflow/example_dags/example_nested_branch_dag.py
[2024-09-12T06:40:06.143+0000] {logging_mixin.py:150} INFO - [2024-09-12T06:40:06.143+0000] {manager.py:504} INFO - Created Permission View: can delete on DAG:example_nested_branch_dag
[2024-09-12T06:40:06.168+0000] {logging_mixin.py:150} INFO - [2024-09-12T06:40:06.168+0000] {manager.py:504} INFO - Created Permission View: can read on DAG:example_nested_branch_dag
[2024-09-12T06:40:06.203+0000] {logging_mixin.py:150} INFO - [2024-09-12T06:40:06.202+0000] {manager.py:504} INFO - Created Permission View: can edit on DAG:example_nested_branch_dag
[2024-09-12T06:40:06.210+0000] {logging_mixin.py:150} INFO - [2024-09-12T06:40:06.210+0000] {dag.py:2742} INFO - Sync 1 DAGs
[2024-09-12T06:40:06.216+0000] {logging_mixin.py:150} INFO - [2024-09-12T06:40:06.216+0000] {dag.py:2763} INFO - Creating ORM DAG for example_nested_branch_dag
[2024-09-12T06:40:06.223+0000] {logging_mixin.py:150} INFO - [2024-09-12T06:40:06.223+0000] {dag.py:3504} INFO - Setting next_dagrun for example_nested_branch_dag to 2024-09-11T00:00:00+00:00, run_after=2024-09-12T00:00:00+00:00
[2024-09-12T06:40:06.275+0000] {processor.py:179} INFO - Processing /home/vscode/.local/lib/python3.10/site-packages/airflow/example_dags/example_nested_branch_dag.py took 0.337 seconds
[2024-09-12T06:40:53.576+0000] {processor.py:157} INFO - Started process (PID=7936) to work on /home/vscode/.local/lib/python3.10/site-packages/airflow/example_dags/example_nested_branch_dag.py
[2024-09-12T06:40:53.577+0000] {processor.py:826} INFO - Processing file /home/vscode/.local/lib/python3.10/site-packages/airflow/example_dags/example_nested_branch_dag.py for tasks to queue
[2024-09-12T06:40:53.577+0000] {logging_mixin.py:150} INFO - [2024-09-12T06:40:53.577+0000] {dagbag.py:541} INFO - Filling up the DagBag from /home/vscode/.local/lib/python3.10/site-packages/airflow/example_dags/example_nested_branch_dag.py
[2024-09-12T06:40:53.585+0000] {processor.py:836} INFO - DAG(s) dict_keys(['example_nested_branch_dag']) retrieved from /home/vscode/.local/lib/python3.10/site-packages/airflow/example_dags/example_nested_branch_dag.py
[2024-09-12T06:40:53.597+0000] {logging_mixin.py:150} INFO - [2024-09-12T06:40:53.597+0000] {dag.py:2742} INFO - Sync 1 DAGs
[2024-09-12T06:40:53.612+0000] {logging_mixin.py:150} INFO - [2024-09-12T06:40:53.612+0000] {dag.py:3504} INFO - Setting next_dagrun for example_nested_branch_dag to 2024-09-11T00:00:00+00:00, run_after=2024-09-12T00:00:00+00:00
[2024-09-12T06:40:53.644+0000] {processor.py:179} INFO - Processing /home/vscode/.local/lib/python3.10/site-packages/airflow/example_dags/example_nested_branch_dag.py took 0.070 seconds
[2024-09-12T06:41:37.743+0000] {processor.py:157} INFO - Started process (PID=8228) to work on /home/vscode/.local/lib/python3.10/site-packages/airflow/example_dags/example_nested_branch_dag.py
[2024-09-12T06:41:37.745+0000] {processor.py:826} INFO - Processing file /home/vscode/.local/lib/python3.10/site-packages/airflow/example_dags/example_nested_branch_dag.py for tasks to queue
[2024-09-12T06:41:37.745+0000] {logging_mixin.py:150} INFO - [2024-09-12T06:41:37.745+0000] {dagbag.py:541} INFO - Filling up the DagBag from /home/vscode/.local/lib/python3.10/site-packages/airflow/example_dags/example_nested_branch_dag.py
[2024-09-12T06:41:37.756+0000] {processor.py:836} INFO - DAG(s) dict_keys(['example_nested_branch_dag']) retrieved from /home/vscode/.local/lib/python3.10/site-packages/airflow/example_dags/example_nested_branch_dag.py
[2024-09-12T06:41:37.775+0000] {logging_mixin.py:150} INFO - [2024-09-12T06:41:37.775+0000] {dag.py:2742} INFO - Sync 1 DAGs
[2024-09-12T06:41:37.795+0000] {logging_mixin.py:150} INFO - [2024-09-12T06:41:37.795+0000] {dag.py:3504} INFO - Setting next_dagrun for example_nested_branch_dag to 2024-09-11T00:00:00+00:00, run_after=2024-09-12T00:00:00+00:00
[2024-09-12T06:41:37.829+0000] {processor.py:179} INFO - Processing /home/vscode/.local/lib/python3.10/site-packages/airflow/example_dags/example_nested_branch_dag.py took 0.088 seconds
[2024-09-12T06:42:25.202+0000] {processor.py:157} INFO - Started process (PID=8550) to work on /home/vscode/.local/lib/python3.10/site-packages/airflow/example_dags/example_nested_branch_dag.py
[2024-09-12T06:42:25.202+0000] {processor.py:826} INFO - Processing file /home/vscode/.local/lib/python3.10/site-packages/airflow/example_dags/example_nested_branch_dag.py for tasks to queue
[2024-09-12T06:42:25.203+0000] {logging_mixin.py:150} INFO - [2024-09-12T06:42:25.203+0000] {dagbag.py:541} INFO - Filling up the DagBag from /home/vscode/.local/lib/python3.10/site-packages/airflow/example_dags/example_nested_branch_dag.py
[2024-09-12T06:42:25.210+0000] {processor.py:836} INFO - DAG(s) dict_keys(['example_nested_branch_dag']) retrieved from /home/vscode/.local/lib/python3.10/site-packages/airflow/example_dags/example_nested_branch_dag.py
[2024-09-12T06:42:25.222+0000] {logging_mixin.py:150} INFO - [2024-09-12T06:42:25.222+0000] {dag.py:2742} INFO - Sync 1 DAGs
[2024-09-12T06:42:25.237+0000] {logging_mixin.py:150} INFO - [2024-09-12T06:42:25.237+0000] {dag.py:3504} INFO - Setting next_dagrun for example_nested_branch_dag to 2024-09-11T00:00:00+00:00, run_after=2024-09-12T00:00:00+00:00
[2024-09-12T06:42:25.271+0000] {processor.py:179} INFO - Processing /home/vscode/.local/lib/python3.10/site-packages/airflow/example_dags/example_nested_branch_dag.py took 0.072 seconds
[2024-09-12T06:43:08.690+0000] {processor.py:157} INFO - Started process (PID=8842) to work on /home/vscode/.local/lib/python3.10/site-packages/airflow/example_dags/example_nested_branch_dag.py
[2024-09-12T06:43:08.691+0000] {processor.py:826} INFO - Processing file /home/vscode/.local/lib/python3.10/site-packages/airflow/example_dags/example_nested_branch_dag.py for tasks to queue
[2024-09-12T06:43:08.691+0000] {logging_mixin.py:150} INFO - [2024-09-12T06:43:08.691+0000] {dagbag.py:541} INFO - Filling up the DagBag from /home/vscode/.local/lib/python3.10/site-packages/airflow/example_dags/example_nested_branch_dag.py
[2024-09-12T06:43:08.699+0000] {processor.py:836} INFO - DAG(s) dict_keys(['example_nested_branch_dag']) retrieved from /home/vscode/.local/lib/python3.10/site-packages/airflow/example_dags/example_nested_branch_dag.py
[2024-09-12T06:43:08.711+0000] {logging_mixin.py:150} INFO - [2024-09-12T06:43:08.711+0000] {dag.py:2742} INFO - Sync 1 DAGs
[2024-09-12T06:43:08.726+0000] {logging_mixin.py:150} INFO - [2024-09-12T06:43:08.725+0000] {dag.py:3504} INFO - Setting next_dagrun for example_nested_branch_dag to 2024-09-11T00:00:00+00:00, run_after=2024-09-12T00:00:00+00:00
[2024-09-12T06:43:08.769+0000] {processor.py:179} INFO - Processing /home/vscode/.local/lib/python3.10/site-packages/airflow/example_dags/example_nested_branch_dag.py took 0.081 seconds
[2024-09-12T06:43:51.488+0000] {processor.py:157} INFO - Started process (PID=9136) to work on /home/vscode/.local/lib/python3.10/site-packages/airflow/example_dags/example_nested_branch_dag.py
[2024-09-12T06:43:51.489+0000] {processor.py:826} INFO - Processing file /home/vscode/.local/lib/python3.10/site-packages/airflow/example_dags/example_nested_branch_dag.py for tasks to queue
[2024-09-12T06:43:51.490+0000] {logging_mixin.py:150} INFO - [2024-09-12T06:43:51.489+0000] {dagbag.py:541} INFO - Filling up the DagBag from /home/vscode/.local/lib/python3.10/site-packages/airflow/example_dags/example_nested_branch_dag.py
[2024-09-12T06:43:51.497+0000] {processor.py:836} INFO - DAG(s) dict_keys(['example_nested_branch_dag']) retrieved from /home/vscode/.local/lib/python3.10/site-packages/airflow/example_dags/example_nested_branch_dag.py
[2024-09-12T06:43:51.509+0000] {logging_mixin.py:150} INFO - [2024-09-12T06:43:51.509+0000] {dag.py:2742} INFO - Sync 1 DAGs
[2024-09-12T06:43:51.524+0000] {logging_mixin.py:150} INFO - [2024-09-12T06:43:51.524+0000] {dag.py:3504} INFO - Setting next_dagrun for example_nested_branch_dag to 2024-09-11T00:00:00+00:00, run_after=2024-09-12T00:00:00+00:00
[2024-09-12T06:43:51.555+0000] {processor.py:179} INFO - Processing /home/vscode/.local/lib/python3.10/site-packages/airflow/example_dags/example_nested_branch_dag.py took 0.069 seconds
[2024-09-12T06:44:44.533+0000] {processor.py:157} INFO - Started process (PID=9487) to work on /home/vscode/.local/lib/python3.10/site-packages/airflow/example_dags/example_nested_branch_dag.py
[2024-09-12T06:44:44.534+0000] {processor.py:826} INFO - Processing file /home/vscode/.local/lib/python3.10/site-packages/airflow/example_dags/example_nested_branch_dag.py for tasks to queue
[2024-09-12T06:44:44.534+0000] {logging_mixin.py:150} INFO - [2024-09-12T06:44:44.534+0000] {dagbag.py:541} INFO - Filling up the DagBag from /home/vscode/.local/lib/python3.10/site-packages/airflow/example_dags/example_nested_branch_dag.py
[2024-09-12T06:44:44.542+0000] {processor.py:836} INFO - DAG(s) dict_keys(['example_nested_branch_dag']) retrieved from /home/vscode/.local/lib/python3.10/site-packages/airflow/example_dags/example_nested_branch_dag.py
[2024-09-12T06:44:44.554+0000] {logging_mixin.py:150} INFO - [2024-09-12T06:44:44.554+0000] {dag.py:2742} INFO - Sync 1 DAGs
[2024-09-12T06:44:44.569+0000] {logging_mixin.py:150} INFO - [2024-09-12T06:44:44.569+0000] {dag.py:3504} INFO - Setting next_dagrun for example_nested_branch_dag to 2024-09-11T00:00:00+00:00, run_after=2024-09-12T00:00:00+00:00
[2024-09-12T06:44:44.600+0000] {processor.py:179} INFO - Processing /home/vscode/.local/lib/python3.10/site-packages/airflow/example_dags/example_nested_branch_dag.py took 0.069 seconds
[2024-09-12T06:45:29.206+0000] {processor.py:157} INFO - Started process (PID=9789) to work on /home/vscode/.local/lib/python3.10/site-packages/airflow/example_dags/example_nested_branch_dag.py
[2024-09-12T06:45:29.206+0000] {processor.py:826} INFO - Processing file /home/vscode/.local/lib/python3.10/site-packages/airflow/example_dags/example_nested_branch_dag.py for tasks to queue
[2024-09-12T06:45:29.207+0000] {logging_mixin.py:150} INFO - [2024-09-12T06:45:29.207+0000] {dagbag.py:541} INFO - Filling up the DagBag from /home/vscode/.local/lib/python3.10/site-packages/airflow/example_dags/example_nested_branch_dag.py
[2024-09-12T06:45:29.214+0000] {processor.py:836} INFO - DAG(s) dict_keys(['example_nested_branch_dag']) retrieved from /home/vscode/.local/lib/python3.10/site-packages/airflow/example_dags/example_nested_branch_dag.py
[2024-09-12T06:45:29.230+0000] {logging_mixin.py:150} INFO - [2024-09-12T06:45:29.230+0000] {dag.py:2742} INFO - Sync 1 DAGs
[2024-09-12T06:45:29.253+0000] {logging_mixin.py:150} INFO - [2024-09-12T06:45:29.252+0000] {dag.py:3504} INFO - Setting next_dagrun for example_nested_branch_dag to 2024-09-11T00:00:00+00:00, run_after=2024-09-12T00:00:00+00:00
[2024-09-12T06:45:29.292+0000] {processor.py:179} INFO - Processing /home/vscode/.local/lib/python3.10/site-packages/airflow/example_dags/example_nested_branch_dag.py took 0.088 seconds
[2024-09-12T06:46:14.626+0000] {processor.py:157} INFO - Started process (PID=10092) to work on /home/vscode/.local/lib/python3.10/site-packages/airflow/example_dags/example_nested_branch_dag.py
[2024-09-12T06:46:14.627+0000] {processor.py:826} INFO - Processing file /home/vscode/.local/lib/python3.10/site-packages/airflow/example_dags/example_nested_branch_dag.py for tasks to queue
[2024-09-12T06:46:14.627+0000] {logging_mixin.py:150} INFO - [2024-09-12T06:46:14.627+0000] {dagbag.py:541} INFO - Filling up the DagBag from /home/vscode/.local/lib/python3.10/site-packages/airflow/example_dags/example_nested_branch_dag.py
[2024-09-12T06:46:14.634+0000] {processor.py:836} INFO - DAG(s) dict_keys(['example_nested_branch_dag']) retrieved from /home/vscode/.local/lib/python3.10/site-packages/airflow/example_dags/example_nested_branch_dag.py
[2024-09-12T06:46:14.647+0000] {logging_mixin.py:150} INFO - [2024-09-12T06:46:14.646+0000] {dag.py:2742} INFO - Sync 1 DAGs
[2024-09-12T06:46:14.661+0000] {logging_mixin.py:150} INFO - [2024-09-12T06:46:14.661+0000] {dag.py:3504} INFO - Setting next_dagrun for example_nested_branch_dag to 2024-09-11T00:00:00+00:00, run_after=2024-09-12T00:00:00+00:00
[2024-09-12T06:46:14.694+0000] {processor.py:179} INFO - Processing /home/vscode/.local/lib/python3.10/site-packages/airflow/example_dags/example_nested_branch_dag.py took 0.070 seconds
[2024-09-12T06:46:59.106+0000] {processor.py:157} INFO - Started process (PID=10388) to work on /home/vscode/.local/lib/python3.10/site-packages/airflow/example_dags/example_nested_branch_dag.py
[2024-09-12T06:46:59.107+0000] {processor.py:826} INFO - Processing file /home/vscode/.local/lib/python3.10/site-packages/airflow/example_dags/example_nested_branch_dag.py for tasks to queue
[2024-09-12T06:46:59.107+0000] {logging_mixin.py:150} INFO - [2024-09-12T06:46:59.107+0000] {dagbag.py:541} INFO - Filling up the DagBag from /home/vscode/.local/lib/python3.10/site-packages/airflow/example_dags/example_nested_branch_dag.py
[2024-09-12T06:46:59.114+0000] {processor.py:836} INFO - DAG(s) dict_keys(['example_nested_branch_dag']) retrieved from /home/vscode/.local/lib/python3.10/site-packages/airflow/example_dags/example_nested_branch_dag.py
[2024-09-12T06:46:59.126+0000] {logging_mixin.py:150} INFO - [2024-09-12T06:46:59.126+0000] {dag.py:2742} INFO - Sync 1 DAGs
[2024-09-12T06:46:59.141+0000] {logging_mixin.py:150} INFO - [2024-09-12T06:46:59.141+0000] {dag.py:3504} INFO - Setting next_dagrun for example_nested_branch_dag to 2024-09-11T00:00:00+00:00, run_after=2024-09-12T00:00:00+00:00
[2024-09-12T06:46:59.172+0000] {processor.py:179} INFO - Processing /home/vscode/.local/lib/python3.10/site-packages/airflow/example_dags/example_nested_branch_dag.py took 0.068 seconds
[2024-09-12T06:47:44.624+0000] {processor.py:157} INFO - Started process (PID=10698) to work on /home/vscode/.local/lib/python3.10/site-packages/airflow/example_dags/example_nested_branch_dag.py
[2024-09-12T06:47:44.625+0000] {processor.py:826} INFO - Processing file /home/vscode/.local/lib/python3.10/site-packages/airflow/example_dags/example_nested_branch_dag.py for tasks to queue
[2024-09-12T06:47:44.625+0000] {logging_mixin.py:150} INFO - [2024-09-12T06:47:44.625+0000] {dagbag.py:541} INFO - Filling up the DagBag from /home/vscode/.local/lib/python3.10/site-packages/airflow/example_dags/example_nested_branch_dag.py
[2024-09-12T06:47:44.633+0000] {processor.py:836} INFO - DAG(s) dict_keys(['example_nested_branch_dag']) retrieved from /home/vscode/.local/lib/python3.10/site-packages/airflow/example_dags/example_nested_branch_dag.py
[2024-09-12T06:47:44.645+0000] {logging_mixin.py:150} INFO - [2024-09-12T06:47:44.645+0000] {dag.py:2742} INFO - Sync 1 DAGs
[2024-09-12T06:47:44.660+0000] {logging_mixin.py:150} INFO - [2024-09-12T06:47:44.660+0000] {dag.py:3504} INFO - Setting next_dagrun for example_nested_branch_dag to 2024-09-11T00:00:00+00:00, run_after=2024-09-12T00:00:00+00:00
[2024-09-12T06:47:44.692+0000] {processor.py:179} INFO - Processing /home/vscode/.local/lib/python3.10/site-packages/airflow/example_dags/example_nested_branch_dag.py took 0.070 seconds
[2024-09-12T06:48:27.936+0000] {processor.py:157} INFO - Started process (PID=10993) to work on /home/vscode/.local/lib/python3.10/site-packages/airflow/example_dags/example_nested_branch_dag.py
[2024-09-12T06:48:27.937+0000] {processor.py:826} INFO - Processing file /home/vscode/.local/lib/python3.10/site-packages/airflow/example_dags/example_nested_branch_dag.py for tasks to queue
[2024-09-12T06:48:27.938+0000] {logging_mixin.py:150} INFO - [2024-09-12T06:48:27.938+0000] {dagbag.py:541} INFO - Filling up the DagBag from /home/vscode/.local/lib/python3.10/site-packages/airflow/example_dags/example_nested_branch_dag.py
[2024-09-12T06:48:27.948+0000] {processor.py:836} INFO - DAG(s) dict_keys(['example_nested_branch_dag']) retrieved from /home/vscode/.local/lib/python3.10/site-packages/airflow/example_dags/example_nested_branch_dag.py
[2024-09-12T06:48:27.966+0000] {logging_mixin.py:150} INFO - [2024-09-12T06:48:27.966+0000] {dag.py:2742} INFO - Sync 1 DAGs
[2024-09-12T06:48:27.981+0000] {logging_mixin.py:150} INFO - [2024-09-12T06:48:27.981+0000] {dag.py:3504} INFO - Setting next_dagrun for example_nested_branch_dag to 2024-09-11T00:00:00+00:00, run_after=2024-09-12T00:00:00+00:00
[2024-09-12T06:48:28.012+0000] {processor.py:179} INFO - Processing /home/vscode/.local/lib/python3.10/site-packages/airflow/example_dags/example_nested_branch_dag.py took 0.079 seconds
[2024-09-12T06:49:14.397+0000] {processor.py:157} INFO - Started process (PID=11298) to work on /home/vscode/.local/lib/python3.10/site-packages/airflow/example_dags/example_nested_branch_dag.py
[2024-09-12T06:49:14.398+0000] {processor.py:826} INFO - Processing file /home/vscode/.local/lib/python3.10/site-packages/airflow/example_dags/example_nested_branch_dag.py for tasks to queue
[2024-09-12T06:49:14.398+0000] {logging_mixin.py:150} INFO - [2024-09-12T06:49:14.398+0000] {dagbag.py:541} INFO - Filling up the DagBag from /home/vscode/.local/lib/python3.10/site-packages/airflow/example_dags/example_nested_branch_dag.py
[2024-09-12T06:49:14.405+0000] {processor.py:836} INFO - DAG(s) dict_keys(['example_nested_branch_dag']) retrieved from /home/vscode/.local/lib/python3.10/site-packages/airflow/example_dags/example_nested_branch_dag.py
[2024-09-12T06:49:14.418+0000] {logging_mixin.py:150} INFO - [2024-09-12T06:49:14.418+0000] {dag.py:2742} INFO - Sync 1 DAGs
[2024-09-12T06:49:14.433+0000] {logging_mixin.py:150} INFO - [2024-09-12T06:49:14.433+0000] {dag.py:3504} INFO - Setting next_dagrun for example_nested_branch_dag to 2024-09-11T00:00:00+00:00, run_after=2024-09-12T00:00:00+00:00
[2024-09-12T06:49:14.464+0000] {processor.py:179} INFO - Processing /home/vscode/.local/lib/python3.10/site-packages/airflow/example_dags/example_nested_branch_dag.py took 0.069 seconds
[2024-09-12T06:50:07.828+0000] {processor.py:157} INFO - Started process (PID=11669) to work on /home/vscode/.local/lib/python3.10/site-packages/airflow/example_dags/example_nested_branch_dag.py
[2024-09-12T06:50:07.829+0000] {processor.py:826} INFO - Processing file /home/vscode/.local/lib/python3.10/site-packages/airflow/example_dags/example_nested_branch_dag.py for tasks to queue
[2024-09-12T06:50:07.830+0000] {logging_mixin.py:150} INFO - [2024-09-12T06:50:07.829+0000] {dagbag.py:541} INFO - Filling up the DagBag from /home/vscode/.local/lib/python3.10/site-packages/airflow/example_dags/example_nested_branch_dag.py
[2024-09-12T06:50:07.837+0000] {processor.py:836} INFO - DAG(s) dict_keys(['example_nested_branch_dag']) retrieved from /home/vscode/.local/lib/python3.10/site-packages/airflow/example_dags/example_nested_branch_dag.py
[2024-09-12T06:50:07.849+0000] {logging_mixin.py:150} INFO - [2024-09-12T06:50:07.849+0000] {dag.py:2742} INFO - Sync 1 DAGs
[2024-09-12T06:50:07.863+0000] {logging_mixin.py:150} INFO - [2024-09-12T06:50:07.863+0000] {dag.py:3504} INFO - Setting next_dagrun for example_nested_branch_dag to 2024-09-11T00:00:00+00:00, run_after=2024-09-12T00:00:00+00:00
[2024-09-12T06:50:07.897+0000] {processor.py:179} INFO - Processing /home/vscode/.local/lib/python3.10/site-packages/airflow/example_dags/example_nested_branch_dag.py took 0.070 seconds
[2024-09-12T06:50:51.205+0000] {processor.py:157} INFO - Started process (PID=11956) to work on /home/vscode/.local/lib/python3.10/site-packages/airflow/example_dags/example_nested_branch_dag.py
[2024-09-12T06:50:51.205+0000] {processor.py:826} INFO - Processing file /home/vscode/.local/lib/python3.10/site-packages/airflow/example_dags/example_nested_branch_dag.py for tasks to queue
[2024-09-12T06:50:51.206+0000] {logging_mixin.py:150} INFO - [2024-09-12T06:50:51.206+0000] {dagbag.py:541} INFO - Filling up the DagBag from /home/vscode/.local/lib/python3.10/site-packages/airflow/example_dags/example_nested_branch_dag.py
[2024-09-12T06:50:51.213+0000] {processor.py:836} INFO - DAG(s) dict_keys(['example_nested_branch_dag']) retrieved from /home/vscode/.local/lib/python3.10/site-packages/airflow/example_dags/example_nested_branch_dag.py
[2024-09-12T06:50:51.225+0000] {logging_mixin.py:150} INFO - [2024-09-12T06:50:51.225+0000] {dag.py:2742} INFO - Sync 1 DAGs
[2024-09-12T06:50:51.240+0000] {logging_mixin.py:150} INFO - [2024-09-12T06:50:51.240+0000] {dag.py:3504} INFO - Setting next_dagrun for example_nested_branch_dag to 2024-09-11T00:00:00+00:00, run_after=2024-09-12T00:00:00+00:00
[2024-09-12T06:50:51.269+0000] {processor.py:179} INFO - Processing /home/vscode/.local/lib/python3.10/site-packages/airflow/example_dags/example_nested_branch_dag.py took 0.066 seconds
[2024-09-12T06:51:37.849+0000] {processor.py:157} INFO - Started process (PID=12273) to work on /home/vscode/.local/lib/python3.10/site-packages/airflow/example_dags/example_nested_branch_dag.py
[2024-09-12T06:51:37.850+0000] {processor.py:826} INFO - Processing file /home/vscode/.local/lib/python3.10/site-packages/airflow/example_dags/example_nested_branch_dag.py for tasks to queue
[2024-09-12T06:51:37.851+0000] {logging_mixin.py:150} INFO - [2024-09-12T06:51:37.851+0000] {dagbag.py:541} INFO - Filling up the DagBag from /home/vscode/.local/lib/python3.10/site-packages/airflow/example_dags/example_nested_branch_dag.py
[2024-09-12T06:51:37.861+0000] {processor.py:836} INFO - DAG(s) dict_keys(['example_nested_branch_dag']) retrieved from /home/vscode/.local/lib/python3.10/site-packages/airflow/example_dags/example_nested_branch_dag.py
[2024-09-12T06:51:37.880+0000] {logging_mixin.py:150} INFO - [2024-09-12T06:51:37.879+0000] {dag.py:2742} INFO - Sync 1 DAGs
[2024-09-12T06:51:37.895+0000] {logging_mixin.py:150} INFO - [2024-09-12T06:51:37.895+0000] {dag.py:3504} INFO - Setting next_dagrun for example_nested_branch_dag to 2024-09-11T00:00:00+00:00, run_after=2024-09-12T00:00:00+00:00
[2024-09-12T06:51:37.921+0000] {processor.py:179} INFO - Processing /home/vscode/.local/lib/python3.10/site-packages/airflow/example_dags/example_nested_branch_dag.py took 0.074 seconds
[2024-09-12T06:52:25.702+0000] {processor.py:157} INFO - Started process (PID=12589) to work on /home/vscode/.local/lib/python3.10/site-packages/airflow/example_dags/example_nested_branch_dag.py
[2024-09-12T06:52:25.703+0000] {processor.py:826} INFO - Processing file /home/vscode/.local/lib/python3.10/site-packages/airflow/example_dags/example_nested_branch_dag.py for tasks to queue
[2024-09-12T06:52:25.703+0000] {logging_mixin.py:150} INFO - [2024-09-12T06:52:25.703+0000] {dagbag.py:541} INFO - Filling up the DagBag from /home/vscode/.local/lib/python3.10/site-packages/airflow/example_dags/example_nested_branch_dag.py
[2024-09-12T06:52:25.711+0000] {processor.py:836} INFO - DAG(s) dict_keys(['example_nested_branch_dag']) retrieved from /home/vscode/.local/lib/python3.10/site-packages/airflow/example_dags/example_nested_branch_dag.py
[2024-09-12T06:52:25.723+0000] {logging_mixin.py:150} INFO - [2024-09-12T06:52:25.723+0000] {dag.py:2742} INFO - Sync 1 DAGs
[2024-09-12T06:52:25.738+0000] {logging_mixin.py:150} INFO - [2024-09-12T06:52:25.738+0000] {dag.py:3504} INFO - Setting next_dagrun for example_nested_branch_dag to 2024-09-11T00:00:00+00:00, run_after=2024-09-12T00:00:00+00:00
[2024-09-12T06:52:25.777+0000] {processor.py:179} INFO - Processing /home/vscode/.local/lib/python3.10/site-packages/airflow/example_dags/example_nested_branch_dag.py took 0.077 seconds
[2024-09-12T06:53:11.114+0000] {processor.py:157} INFO - Started process (PID=12893) to work on /home/vscode/.local/lib/python3.10/site-packages/airflow/example_dags/example_nested_branch_dag.py
[2024-09-12T06:53:11.115+0000] {processor.py:826} INFO - Processing file /home/vscode/.local/lib/python3.10/site-packages/airflow/example_dags/example_nested_branch_dag.py for tasks to queue
[2024-09-12T06:53:11.115+0000] {logging_mixin.py:150} INFO - [2024-09-12T06:53:11.115+0000] {dagbag.py:541} INFO - Filling up the DagBag from /home/vscode/.local/lib/python3.10/site-packages/airflow/example_dags/example_nested_branch_dag.py
[2024-09-12T06:53:11.124+0000] {processor.py:836} INFO - DAG(s) dict_keys(['example_nested_branch_dag']) retrieved from /home/vscode/.local/lib/python3.10/site-packages/airflow/example_dags/example_nested_branch_dag.py
[2024-09-12T06:53:11.136+0000] {logging_mixin.py:150} INFO - [2024-09-12T06:53:11.136+0000] {dag.py:2742} INFO - Sync 1 DAGs
[2024-09-12T06:53:11.151+0000] {logging_mixin.py:150} INFO - [2024-09-12T06:53:11.151+0000] {dag.py:3504} INFO - Setting next_dagrun for example_nested_branch_dag to 2024-09-11T00:00:00+00:00, run_after=2024-09-12T00:00:00+00:00
[2024-09-12T06:53:11.187+0000] {processor.py:179} INFO - Processing /home/vscode/.local/lib/python3.10/site-packages/airflow/example_dags/example_nested_branch_dag.py took 0.075 seconds
[2024-09-12T06:53:55.978+0000] {processor.py:157} INFO - Started process (PID=13197) to work on /home/vscode/.local/lib/python3.10/site-packages/airflow/example_dags/example_nested_branch_dag.py
[2024-09-12T06:53:55.979+0000] {processor.py:826} INFO - Processing file /home/vscode/.local/lib/python3.10/site-packages/airflow/example_dags/example_nested_branch_dag.py for tasks to queue
[2024-09-12T06:53:55.979+0000] {logging_mixin.py:150} INFO - [2024-09-12T06:53:55.979+0000] {dagbag.py:541} INFO - Filling up the DagBag from /home/vscode/.local/lib/python3.10/site-packages/airflow/example_dags/example_nested_branch_dag.py
[2024-09-12T06:53:55.989+0000] {processor.py:836} INFO - DAG(s) dict_keys(['example_nested_branch_dag']) retrieved from /home/vscode/.local/lib/python3.10/site-packages/airflow/example_dags/example_nested_branch_dag.py
[2024-09-12T06:53:56.008+0000] {logging_mixin.py:150} INFO - [2024-09-12T06:53:56.007+0000] {dag.py:2742} INFO - Sync 1 DAGs
[2024-09-12T06:53:56.028+0000] {logging_mixin.py:150} INFO - [2024-09-12T06:53:56.028+0000] {dag.py:3504} INFO - Setting next_dagrun for example_nested_branch_dag to 2024-09-11T00:00:00+00:00, run_after=2024-09-12T00:00:00+00:00
[2024-09-12T06:53:56.080+0000] {processor.py:179} INFO - Processing /home/vscode/.local/lib/python3.10/site-packages/airflow/example_dags/example_nested_branch_dag.py took 0.105 seconds
[2024-09-12T06:54:40.613+0000] {processor.py:157} INFO - Started process (PID=13496) to work on /home/vscode/.local/lib/python3.10/site-packages/airflow/example_dags/example_nested_branch_dag.py
[2024-09-12T06:54:40.613+0000] {processor.py:826} INFO - Processing file /home/vscode/.local/lib/python3.10/site-packages/airflow/example_dags/example_nested_branch_dag.py for tasks to queue
[2024-09-12T06:54:40.614+0000] {logging_mixin.py:150} INFO - [2024-09-12T06:54:40.614+0000] {dagbag.py:541} INFO - Filling up the DagBag from /home/vscode/.local/lib/python3.10/site-packages/airflow/example_dags/example_nested_branch_dag.py
[2024-09-12T06:54:40.621+0000] {processor.py:836} INFO - DAG(s) dict_keys(['example_nested_branch_dag']) retrieved from /home/vscode/.local/lib/python3.10/site-packages/airflow/example_dags/example_nested_branch_dag.py
[2024-09-12T06:54:40.633+0000] {logging_mixin.py:150} INFO - [2024-09-12T06:54:40.633+0000] {dag.py:2742} INFO - Sync 1 DAGs
[2024-09-12T06:54:40.648+0000] {logging_mixin.py:150} INFO - [2024-09-12T06:54:40.648+0000] {dag.py:3504} INFO - Setting next_dagrun for example_nested_branch_dag to 2024-09-11T00:00:00+00:00, run_after=2024-09-12T00:00:00+00:00
[2024-09-12T06:54:40.684+0000] {processor.py:179} INFO - Processing /home/vscode/.local/lib/python3.10/site-packages/airflow/example_dags/example_nested_branch_dag.py took 0.074 seconds
[2024-09-12T06:55:28.388+0000] {processor.py:157} INFO - Started process (PID=13823) to work on /home/vscode/.local/lib/python3.10/site-packages/airflow/example_dags/example_nested_branch_dag.py
[2024-09-12T06:55:28.388+0000] {processor.py:826} INFO - Processing file /home/vscode/.local/lib/python3.10/site-packages/airflow/example_dags/example_nested_branch_dag.py for tasks to queue
[2024-09-12T06:55:28.389+0000] {logging_mixin.py:150} INFO - [2024-09-12T06:55:28.388+0000] {dagbag.py:541} INFO - Filling up the DagBag from /home/vscode/.local/lib/python3.10/site-packages/airflow/example_dags/example_nested_branch_dag.py
[2024-09-12T06:55:28.396+0000] {processor.py:836} INFO - DAG(s) dict_keys(['example_nested_branch_dag']) retrieved from /home/vscode/.local/lib/python3.10/site-packages/airflow/example_dags/example_nested_branch_dag.py
[2024-09-12T06:55:28.408+0000] {logging_mixin.py:150} INFO - [2024-09-12T06:55:28.407+0000] {dag.py:2742} INFO - Sync 1 DAGs
[2024-09-12T06:55:28.422+0000] {logging_mixin.py:150} INFO - [2024-09-12T06:55:28.422+0000] {dag.py:3504} INFO - Setting next_dagrun for example_nested_branch_dag to 2024-09-11T00:00:00+00:00, run_after=2024-09-12T00:00:00+00:00
[2024-09-12T06:55:28.453+0000] {processor.py:179} INFO - Processing /home/vscode/.local/lib/python3.10/site-packages/airflow/example_dags/example_nested_branch_dag.py took 0.067 seconds
[2024-09-12T06:56:13.996+0000] {processor.py:157} INFO - Started process (PID=14120) to work on /home/vscode/.local/lib/python3.10/site-packages/airflow/example_dags/example_nested_branch_dag.py
[2024-09-12T06:56:13.996+0000] {processor.py:826} INFO - Processing file /home/vscode/.local/lib/python3.10/site-packages/airflow/example_dags/example_nested_branch_dag.py for tasks to queue
[2024-09-12T06:56:13.997+0000] {logging_mixin.py:150} INFO - [2024-09-12T06:56:13.996+0000] {dagbag.py:541} INFO - Filling up the DagBag from /home/vscode/.local/lib/python3.10/site-packages/airflow/example_dags/example_nested_branch_dag.py
[2024-09-12T06:56:14.004+0000] {processor.py:836} INFO - DAG(s) dict_keys(['example_nested_branch_dag']) retrieved from /home/vscode/.local/lib/python3.10/site-packages/airflow/example_dags/example_nested_branch_dag.py
[2024-09-12T06:56:14.017+0000] {logging_mixin.py:150} INFO - [2024-09-12T06:56:14.016+0000] {dag.py:2742} INFO - Sync 1 DAGs
[2024-09-12T06:56:14.031+0000] {logging_mixin.py:150} INFO - [2024-09-12T06:56:14.031+0000] {dag.py:3504} INFO - Setting next_dagrun for example_nested_branch_dag to 2024-09-11T00:00:00+00:00, run_after=2024-09-12T00:00:00+00:00
[2024-09-12T06:56:14.064+0000] {processor.py:179} INFO - Processing /home/vscode/.local/lib/python3.10/site-packages/airflow/example_dags/example_nested_branch_dag.py took 0.070 seconds
[2024-09-12T06:57:04.424+0000] {processor.py:157} INFO - Started process (PID=14464) to work on /home/vscode/.local/lib/python3.10/site-packages/airflow/example_dags/example_nested_branch_dag.py
[2024-09-12T06:57:04.425+0000] {processor.py:826} INFO - Processing file /home/vscode/.local/lib/python3.10/site-packages/airflow/example_dags/example_nested_branch_dag.py for tasks to queue
[2024-09-12T06:57:04.425+0000] {logging_mixin.py:150} INFO - [2024-09-12T06:57:04.425+0000] {dagbag.py:541} INFO - Filling up the DagBag from /home/vscode/.local/lib/python3.10/site-packages/airflow/example_dags/example_nested_branch_dag.py
[2024-09-12T06:57:04.432+0000] {processor.py:836} INFO - DAG(s) dict_keys(['example_nested_branch_dag']) retrieved from /home/vscode/.local/lib/python3.10/site-packages/airflow/example_dags/example_nested_branch_dag.py
[2024-09-12T06:57:04.444+0000] {logging_mixin.py:150} INFO - [2024-09-12T06:57:04.444+0000] {dag.py:2742} INFO - Sync 1 DAGs
[2024-09-12T06:57:04.459+0000] {logging_mixin.py:150} INFO - [2024-09-12T06:57:04.459+0000] {dag.py:3504} INFO - Setting next_dagrun for example_nested_branch_dag to 2024-09-11T00:00:00+00:00, run_after=2024-09-12T00:00:00+00:00
[2024-09-12T06:57:04.495+0000] {processor.py:179} INFO - Processing /home/vscode/.local/lib/python3.10/site-packages/airflow/example_dags/example_nested_branch_dag.py took 0.073 seconds
[2024-09-12T06:58:01.337+0000] {processor.py:157} INFO - Started process (PID=14848) to work on /home/vscode/.local/lib/python3.10/site-packages/airflow/example_dags/example_nested_branch_dag.py
[2024-09-12T06:58:01.338+0000] {processor.py:826} INFO - Processing file /home/vscode/.local/lib/python3.10/site-packages/airflow/example_dags/example_nested_branch_dag.py for tasks to queue
[2024-09-12T06:58:01.339+0000] {logging_mixin.py:150} INFO - [2024-09-12T06:58:01.338+0000] {dagbag.py:541} INFO - Filling up the DagBag from /home/vscode/.local/lib/python3.10/site-packages/airflow/example_dags/example_nested_branch_dag.py
[2024-09-12T06:58:01.345+0000] {processor.py:836} INFO - DAG(s) dict_keys(['example_nested_branch_dag']) retrieved from /home/vscode/.local/lib/python3.10/site-packages/airflow/example_dags/example_nested_branch_dag.py
[2024-09-12T06:58:01.362+0000] {logging_mixin.py:150} INFO - [2024-09-12T06:58:01.362+0000] {dag.py:2742} INFO - Sync 1 DAGs
[2024-09-12T06:58:01.377+0000] {logging_mixin.py:150} INFO - [2024-09-12T06:58:01.376+0000] {dag.py:3504} INFO - Setting next_dagrun for example_nested_branch_dag to 2024-09-11T00:00:00+00:00, run_after=2024-09-12T00:00:00+00:00
[2024-09-12T06:58:01.408+0000] {processor.py:179} INFO - Processing /home/vscode/.local/lib/python3.10/site-packages/airflow/example_dags/example_nested_branch_dag.py took 0.073 seconds
[2024-09-12T06:58:57.000+0000] {processor.py:157} INFO - Started process (PID=15214) to work on /home/vscode/.local/lib/python3.10/site-packages/airflow/example_dags/example_nested_branch_dag.py
[2024-09-12T06:58:57.000+0000] {processor.py:826} INFO - Processing file /home/vscode/.local/lib/python3.10/site-packages/airflow/example_dags/example_nested_branch_dag.py for tasks to queue
[2024-09-12T06:58:57.001+0000] {logging_mixin.py:150} INFO - [2024-09-12T06:58:57.001+0000] {dagbag.py:541} INFO - Filling up the DagBag from /home/vscode/.local/lib/python3.10/site-packages/airflow/example_dags/example_nested_branch_dag.py
[2024-09-12T06:58:57.008+0000] {processor.py:836} INFO - DAG(s) dict_keys(['example_nested_branch_dag']) retrieved from /home/vscode/.local/lib/python3.10/site-packages/airflow/example_dags/example_nested_branch_dag.py
[2024-09-12T06:58:57.021+0000] {logging_mixin.py:150} INFO - [2024-09-12T06:58:57.021+0000] {dag.py:2742} INFO - Sync 1 DAGs
[2024-09-12T06:58:57.036+0000] {logging_mixin.py:150} INFO - [2024-09-12T06:58:57.036+0000] {dag.py:3504} INFO - Setting next_dagrun for example_nested_branch_dag to 2024-09-11T00:00:00+00:00, run_after=2024-09-12T00:00:00+00:00
[2024-09-12T06:58:57.067+0000] {processor.py:179} INFO - Processing /home/vscode/.local/lib/python3.10/site-packages/airflow/example_dags/example_nested_branch_dag.py took 0.070 seconds
[2024-09-12T06:59:40.514+0000] {processor.py:157} INFO - Started process (PID=15509) to work on /home/vscode/.local/lib/python3.10/site-packages/airflow/example_dags/example_nested_branch_dag.py
[2024-09-12T06:59:40.515+0000] {processor.py:826} INFO - Processing file /home/vscode/.local/lib/python3.10/site-packages/airflow/example_dags/example_nested_branch_dag.py for tasks to queue
[2024-09-12T06:59:40.516+0000] {logging_mixin.py:150} INFO - [2024-09-12T06:59:40.515+0000] {dagbag.py:541} INFO - Filling up the DagBag from /home/vscode/.local/lib/python3.10/site-packages/airflow/example_dags/example_nested_branch_dag.py
[2024-09-12T06:59:40.523+0000] {processor.py:836} INFO - DAG(s) dict_keys(['example_nested_branch_dag']) retrieved from /home/vscode/.local/lib/python3.10/site-packages/airflow/example_dags/example_nested_branch_dag.py
[2024-09-12T06:59:40.536+0000] {logging_mixin.py:150} INFO - [2024-09-12T06:59:40.536+0000] {dag.py:2742} INFO - Sync 1 DAGs
[2024-09-12T06:59:40.551+0000] {logging_mixin.py:150} INFO - [2024-09-12T06:59:40.551+0000] {dag.py:3504} INFO - Setting next_dagrun for example_nested_branch_dag to 2024-09-11T00:00:00+00:00, run_after=2024-09-12T00:00:00+00:00
[2024-09-12T06:59:40.597+0000] {processor.py:179} INFO - Processing /home/vscode/.local/lib/python3.10/site-packages/airflow/example_dags/example_nested_branch_dag.py took 0.085 seconds
[2024-09-12T07:00:24.882+0000] {processor.py:157} INFO - Started process (PID=15810) to work on /home/vscode/.local/lib/python3.10/site-packages/airflow/example_dags/example_nested_branch_dag.py
[2024-09-12T07:00:24.883+0000] {processor.py:826} INFO - Processing file /home/vscode/.local/lib/python3.10/site-packages/airflow/example_dags/example_nested_branch_dag.py for tasks to queue
[2024-09-12T07:00:24.884+0000] {logging_mixin.py:150} INFO - [2024-09-12T07:00:24.883+0000] {dagbag.py:541} INFO - Filling up the DagBag from /home/vscode/.local/lib/python3.10/site-packages/airflow/example_dags/example_nested_branch_dag.py
[2024-09-12T07:00:24.891+0000] {processor.py:836} INFO - DAG(s) dict_keys(['example_nested_branch_dag']) retrieved from /home/vscode/.local/lib/python3.10/site-packages/airflow/example_dags/example_nested_branch_dag.py
[2024-09-12T07:00:24.903+0000] {logging_mixin.py:150} INFO - [2024-09-12T07:00:24.903+0000] {dag.py:2742} INFO - Sync 1 DAGs
[2024-09-12T07:00:24.918+0000] {logging_mixin.py:150} INFO - [2024-09-12T07:00:24.918+0000] {dag.py:3504} INFO - Setting next_dagrun for example_nested_branch_dag to 2024-09-11T00:00:00+00:00, run_after=2024-09-12T00:00:00+00:00
[2024-09-12T07:00:24.955+0000] {processor.py:179} INFO - Processing /home/vscode/.local/lib/python3.10/site-packages/airflow/example_dags/example_nested_branch_dag.py took 0.075 seconds
[2024-09-12T07:01:12.075+0000] {processor.py:157} INFO - Started process (PID=16122) to work on /home/vscode/.local/lib/python3.10/site-packages/airflow/example_dags/example_nested_branch_dag.py
[2024-09-12T07:01:12.076+0000] {processor.py:826} INFO - Processing file /home/vscode/.local/lib/python3.10/site-packages/airflow/example_dags/example_nested_branch_dag.py for tasks to queue
[2024-09-12T07:01:12.077+0000] {logging_mixin.py:150} INFO - [2024-09-12T07:01:12.076+0000] {dagbag.py:541} INFO - Filling up the DagBag from /home/vscode/.local/lib/python3.10/site-packages/airflow/example_dags/example_nested_branch_dag.py
[2024-09-12T07:01:12.083+0000] {processor.py:836} INFO - DAG(s) dict_keys(['example_nested_branch_dag']) retrieved from /home/vscode/.local/lib/python3.10/site-packages/airflow/example_dags/example_nested_branch_dag.py
[2024-09-12T07:01:12.095+0000] {logging_mixin.py:150} INFO - [2024-09-12T07:01:12.095+0000] {dag.py:2742} INFO - Sync 1 DAGs
[2024-09-12T07:01:12.110+0000] {logging_mixin.py:150} INFO - [2024-09-12T07:01:12.110+0000] {dag.py:3504} INFO - Setting next_dagrun for example_nested_branch_dag to 2024-09-11T00:00:00+00:00, run_after=2024-09-12T00:00:00+00:00
[2024-09-12T07:01:12.149+0000] {processor.py:179} INFO - Processing /home/vscode/.local/lib/python3.10/site-packages/airflow/example_dags/example_nested_branch_dag.py took 0.075 seconds
[2024-09-12T07:02:04.841+0000] {processor.py:157} INFO - Started process (PID=16485) to work on /home/vscode/.local/lib/python3.10/site-packages/airflow/example_dags/example_nested_branch_dag.py
[2024-09-12T07:02:04.842+0000] {processor.py:826} INFO - Processing file /home/vscode/.local/lib/python3.10/site-packages/airflow/example_dags/example_nested_branch_dag.py for tasks to queue
[2024-09-12T07:02:04.842+0000] {logging_mixin.py:150} INFO - [2024-09-12T07:02:04.842+0000] {dagbag.py:541} INFO - Filling up the DagBag from /home/vscode/.local/lib/python3.10/site-packages/airflow/example_dags/example_nested_branch_dag.py
[2024-09-12T07:02:04.849+0000] {processor.py:836} INFO - DAG(s) dict_keys(['example_nested_branch_dag']) retrieved from /home/vscode/.local/lib/python3.10/site-packages/airflow/example_dags/example_nested_branch_dag.py
[2024-09-12T07:02:04.861+0000] {logging_mixin.py:150} INFO - [2024-09-12T07:02:04.861+0000] {dag.py:2742} INFO - Sync 1 DAGs
[2024-09-12T07:02:04.876+0000] {logging_mixin.py:150} INFO - [2024-09-12T07:02:04.876+0000] {dag.py:3504} INFO - Setting next_dagrun for example_nested_branch_dag to 2024-09-11T00:00:00+00:00, run_after=2024-09-12T00:00:00+00:00
[2024-09-12T07:02:04.915+0000] {processor.py:179} INFO - Processing /home/vscode/.local/lib/python3.10/site-packages/airflow/example_dags/example_nested_branch_dag.py took 0.076 seconds
[2024-09-12T07:03:01.681+0000] {processor.py:157} INFO - Started process (PID=16871) to work on /home/vscode/.local/lib/python3.10/site-packages/airflow/example_dags/example_nested_branch_dag.py
[2024-09-12T07:03:01.682+0000] {processor.py:826} INFO - Processing file /home/vscode/.local/lib/python3.10/site-packages/airflow/example_dags/example_nested_branch_dag.py for tasks to queue
[2024-09-12T07:03:01.682+0000] {logging_mixin.py:150} INFO - [2024-09-12T07:03:01.682+0000] {dagbag.py:541} INFO - Filling up the DagBag from /home/vscode/.local/lib/python3.10/site-packages/airflow/example_dags/example_nested_branch_dag.py
[2024-09-12T07:03:01.690+0000] {processor.py:836} INFO - DAG(s) dict_keys(['example_nested_branch_dag']) retrieved from /home/vscode/.local/lib/python3.10/site-packages/airflow/example_dags/example_nested_branch_dag.py
[2024-09-12T07:03:01.703+0000] {logging_mixin.py:150} INFO - [2024-09-12T07:03:01.703+0000] {dag.py:2742} INFO - Sync 1 DAGs
[2024-09-12T07:03:01.718+0000] {logging_mixin.py:150} INFO - [2024-09-12T07:03:01.718+0000] {dag.py:3504} INFO - Setting next_dagrun for example_nested_branch_dag to 2024-09-11T00:00:00+00:00, run_after=2024-09-12T00:00:00+00:00
[2024-09-12T07:03:01.749+0000] {processor.py:179} INFO - Processing /home/vscode/.local/lib/python3.10/site-packages/airflow/example_dags/example_nested_branch_dag.py took 0.070 seconds
[2024-09-12T07:03:50.998+0000] {processor.py:157} INFO - Started process (PID=17242) to work on /home/vscode/.local/lib/python3.10/site-packages/airflow/example_dags/example_nested_branch_dag.py
[2024-09-12T07:03:50.999+0000] {processor.py:826} INFO - Processing file /home/vscode/.local/lib/python3.10/site-packages/airflow/example_dags/example_nested_branch_dag.py for tasks to queue
[2024-09-12T07:03:51.000+0000] {logging_mixin.py:150} INFO - [2024-09-12T07:03:50.999+0000] {dagbag.py:541} INFO - Filling up the DagBag from /home/vscode/.local/lib/python3.10/site-packages/airflow/example_dags/example_nested_branch_dag.py
[2024-09-12T07:03:51.007+0000] {processor.py:836} INFO - DAG(s) dict_keys(['example_nested_branch_dag']) retrieved from /home/vscode/.local/lib/python3.10/site-packages/airflow/example_dags/example_nested_branch_dag.py
[2024-09-12T07:03:51.019+0000] {logging_mixin.py:150} INFO - [2024-09-12T07:03:51.019+0000] {dag.py:2742} INFO - Sync 1 DAGs
[2024-09-12T07:03:51.034+0000] {logging_mixin.py:150} INFO - [2024-09-12T07:03:51.033+0000] {dag.py:3504} INFO - Setting next_dagrun for example_nested_branch_dag to 2024-09-11T00:00:00+00:00, run_after=2024-09-12T00:00:00+00:00
[2024-09-12T07:03:51.081+0000] {processor.py:179} INFO - Processing /home/vscode/.local/lib/python3.10/site-packages/airflow/example_dags/example_nested_branch_dag.py took 0.085 seconds
[2024-09-12T07:04:38.869+0000] {processor.py:157} INFO - Started process (PID=17605) to work on /home/vscode/.local/lib/python3.10/site-packages/airflow/example_dags/example_nested_branch_dag.py
[2024-09-12T07:04:38.870+0000] {processor.py:826} INFO - Processing file /home/vscode/.local/lib/python3.10/site-packages/airflow/example_dags/example_nested_branch_dag.py for tasks to queue
[2024-09-12T07:04:38.870+0000] {logging_mixin.py:150} INFO - [2024-09-12T07:04:38.870+0000] {dagbag.py:541} INFO - Filling up the DagBag from /home/vscode/.local/lib/python3.10/site-packages/airflow/example_dags/example_nested_branch_dag.py
[2024-09-12T07:04:38.877+0000] {processor.py:836} INFO - DAG(s) dict_keys(['example_nested_branch_dag']) retrieved from /home/vscode/.local/lib/python3.10/site-packages/airflow/example_dags/example_nested_branch_dag.py
[2024-09-12T07:04:38.890+0000] {logging_mixin.py:150} INFO - [2024-09-12T07:04:38.889+0000] {dag.py:2742} INFO - Sync 1 DAGs
[2024-09-12T07:04:38.904+0000] {logging_mixin.py:150} INFO - [2024-09-12T07:04:38.904+0000] {dag.py:3504} INFO - Setting next_dagrun for example_nested_branch_dag to 2024-09-11T00:00:00+00:00, run_after=2024-09-12T00:00:00+00:00
[2024-09-12T07:04:38.929+0000] {processor.py:179} INFO - Processing /home/vscode/.local/lib/python3.10/site-packages/airflow/example_dags/example_nested_branch_dag.py took 0.063 seconds
[2024-09-12T07:05:24.213+0000] {processor.py:157} INFO - Started process (PID=18016) to work on /home/vscode/.local/lib/python3.10/site-packages/airflow/example_dags/example_nested_branch_dag.py
[2024-09-12T07:05:24.214+0000] {processor.py:826} INFO - Processing file /home/vscode/.local/lib/python3.10/site-packages/airflow/example_dags/example_nested_branch_dag.py for tasks to queue
[2024-09-12T07:05:24.214+0000] {logging_mixin.py:150} INFO - [2024-09-12T07:05:24.214+0000] {dagbag.py:541} INFO - Filling up the DagBag from /home/vscode/.local/lib/python3.10/site-packages/airflow/example_dags/example_nested_branch_dag.py
[2024-09-12T07:05:24.221+0000] {processor.py:836} INFO - DAG(s) dict_keys(['example_nested_branch_dag']) retrieved from /home/vscode/.local/lib/python3.10/site-packages/airflow/example_dags/example_nested_branch_dag.py
[2024-09-12T07:05:24.234+0000] {logging_mixin.py:150} INFO - [2024-09-12T07:05:24.234+0000] {dag.py:2742} INFO - Sync 1 DAGs
[2024-09-12T07:05:24.248+0000] {logging_mixin.py:150} INFO - [2024-09-12T07:05:24.248+0000] {dag.py:3504} INFO - Setting next_dagrun for example_nested_branch_dag to 2024-09-11T00:00:00+00:00, run_after=2024-09-12T00:00:00+00:00
[2024-09-12T07:05:24.293+0000] {processor.py:179} INFO - Processing /home/vscode/.local/lib/python3.10/site-packages/airflow/example_dags/example_nested_branch_dag.py took 0.082 seconds
[2024-09-12T07:06:08.779+0000] {processor.py:157} INFO - Started process (PID=18366) to work on /home/vscode/.local/lib/python3.10/site-packages/airflow/example_dags/example_nested_branch_dag.py
[2024-09-12T07:06:08.779+0000] {processor.py:826} INFO - Processing file /home/vscode/.local/lib/python3.10/site-packages/airflow/example_dags/example_nested_branch_dag.py for tasks to queue
[2024-09-12T07:06:08.780+0000] {logging_mixin.py:150} INFO - [2024-09-12T07:06:08.779+0000] {dagbag.py:541} INFO - Filling up the DagBag from /home/vscode/.local/lib/python3.10/site-packages/airflow/example_dags/example_nested_branch_dag.py
[2024-09-12T07:06:08.787+0000] {processor.py:836} INFO - DAG(s) dict_keys(['example_nested_branch_dag']) retrieved from /home/vscode/.local/lib/python3.10/site-packages/airflow/example_dags/example_nested_branch_dag.py
[2024-09-12T07:06:08.799+0000] {logging_mixin.py:150} INFO - [2024-09-12T07:06:08.799+0000] {dag.py:2742} INFO - Sync 1 DAGs
[2024-09-12T07:06:08.814+0000] {logging_mixin.py:150} INFO - [2024-09-12T07:06:08.814+0000] {dag.py:3504} INFO - Setting next_dagrun for example_nested_branch_dag to 2024-09-11T00:00:00+00:00, run_after=2024-09-12T00:00:00+00:00
[2024-09-12T07:06:08.845+0000] {processor.py:179} INFO - Processing /home/vscode/.local/lib/python3.10/site-packages/airflow/example_dags/example_nested_branch_dag.py took 0.069 seconds
[2024-09-12T07:06:54.477+0000] {processor.py:157} INFO - Started process (PID=18703) to work on /home/vscode/.local/lib/python3.10/site-packages/airflow/example_dags/example_nested_branch_dag.py
[2024-09-12T07:06:54.478+0000] {processor.py:826} INFO - Processing file /home/vscode/.local/lib/python3.10/site-packages/airflow/example_dags/example_nested_branch_dag.py for tasks to queue
[2024-09-12T07:06:54.478+0000] {logging_mixin.py:150} INFO - [2024-09-12T07:06:54.478+0000] {dagbag.py:541} INFO - Filling up the DagBag from /home/vscode/.local/lib/python3.10/site-packages/airflow/example_dags/example_nested_branch_dag.py
[2024-09-12T07:06:54.486+0000] {processor.py:836} INFO - DAG(s) dict_keys(['example_nested_branch_dag']) retrieved from /home/vscode/.local/lib/python3.10/site-packages/airflow/example_dags/example_nested_branch_dag.py
[2024-09-12T07:06:54.498+0000] {logging_mixin.py:150} INFO - [2024-09-12T07:06:54.498+0000] {dag.py:2742} INFO - Sync 1 DAGs
[2024-09-12T07:06:54.514+0000] {logging_mixin.py:150} INFO - [2024-09-12T07:06:54.514+0000] {dag.py:3504} INFO - Setting next_dagrun for example_nested_branch_dag to 2024-09-11T00:00:00+00:00, run_after=2024-09-12T00:00:00+00:00
[2024-09-12T07:06:54.549+0000] {processor.py:179} INFO - Processing /home/vscode/.local/lib/python3.10/site-packages/airflow/example_dags/example_nested_branch_dag.py took 0.074 seconds
[2024-09-12T07:07:39.909+0000] {processor.py:157} INFO - Started process (PID=19008) to work on /home/vscode/.local/lib/python3.10/site-packages/airflow/example_dags/example_nested_branch_dag.py
[2024-09-12T07:07:39.910+0000] {processor.py:826} INFO - Processing file /home/vscode/.local/lib/python3.10/site-packages/airflow/example_dags/example_nested_branch_dag.py for tasks to queue
[2024-09-12T07:07:39.910+0000] {logging_mixin.py:150} INFO - [2024-09-12T07:07:39.910+0000] {dagbag.py:541} INFO - Filling up the DagBag from /home/vscode/.local/lib/python3.10/site-packages/airflow/example_dags/example_nested_branch_dag.py
[2024-09-12T07:07:39.917+0000] {processor.py:836} INFO - DAG(s) dict_keys(['example_nested_branch_dag']) retrieved from /home/vscode/.local/lib/python3.10/site-packages/airflow/example_dags/example_nested_branch_dag.py
[2024-09-12T07:07:39.929+0000] {logging_mixin.py:150} INFO - [2024-09-12T07:07:39.929+0000] {dag.py:2742} INFO - Sync 1 DAGs
[2024-09-12T07:07:39.944+0000] {logging_mixin.py:150} INFO - [2024-09-12T07:07:39.944+0000] {dag.py:3504} INFO - Setting next_dagrun for example_nested_branch_dag to 2024-09-11T00:00:00+00:00, run_after=2024-09-12T00:00:00+00:00
[2024-09-12T07:07:39.982+0000] {processor.py:179} INFO - Processing /home/vscode/.local/lib/python3.10/site-packages/airflow/example_dags/example_nested_branch_dag.py took 0.075 seconds
[2024-09-12T07:08:35.377+0000] {processor.py:157} INFO - Started process (PID=19448) to work on /home/vscode/.local/lib/python3.10/site-packages/airflow/example_dags/example_nested_branch_dag.py
[2024-09-12T07:08:35.377+0000] {processor.py:826} INFO - Processing file /home/vscode/.local/lib/python3.10/site-packages/airflow/example_dags/example_nested_branch_dag.py for tasks to queue
[2024-09-12T07:08:35.378+0000] {logging_mixin.py:150} INFO - [2024-09-12T07:08:35.378+0000] {dagbag.py:541} INFO - Filling up the DagBag from /home/vscode/.local/lib/python3.10/site-packages/airflow/example_dags/example_nested_branch_dag.py
[2024-09-12T07:08:35.385+0000] {processor.py:836} INFO - DAG(s) dict_keys(['example_nested_branch_dag']) retrieved from /home/vscode/.local/lib/python3.10/site-packages/airflow/example_dags/example_nested_branch_dag.py
[2024-09-12T07:08:35.398+0000] {logging_mixin.py:150} INFO - [2024-09-12T07:08:35.397+0000] {dag.py:2742} INFO - Sync 1 DAGs
[2024-09-12T07:08:35.412+0000] {logging_mixin.py:150} INFO - [2024-09-12T07:08:35.412+0000] {dag.py:3504} INFO - Setting next_dagrun for example_nested_branch_dag to 2024-09-11T00:00:00+00:00, run_after=2024-09-12T00:00:00+00:00
[2024-09-12T07:08:35.440+0000] {processor.py:179} INFO - Processing /home/vscode/.local/lib/python3.10/site-packages/airflow/example_dags/example_nested_branch_dag.py took 0.066 seconds
[2024-09-12T07:09:21.551+0000] {processor.py:157} INFO - Started process (PID=19821) to work on /home/vscode/.local/lib/python3.10/site-packages/airflow/example_dags/example_nested_branch_dag.py
[2024-09-12T07:09:21.552+0000] {processor.py:826} INFO - Processing file /home/vscode/.local/lib/python3.10/site-packages/airflow/example_dags/example_nested_branch_dag.py for tasks to queue
[2024-09-12T07:09:21.552+0000] {logging_mixin.py:150} INFO - [2024-09-12T07:09:21.552+0000] {dagbag.py:541} INFO - Filling up the DagBag from /home/vscode/.local/lib/python3.10/site-packages/airflow/example_dags/example_nested_branch_dag.py
[2024-09-12T07:09:21.560+0000] {processor.py:836} INFO - DAG(s) dict_keys(['example_nested_branch_dag']) retrieved from /home/vscode/.local/lib/python3.10/site-packages/airflow/example_dags/example_nested_branch_dag.py
[2024-09-12T07:09:21.573+0000] {logging_mixin.py:150} INFO - [2024-09-12T07:09:21.573+0000] {dag.py:2742} INFO - Sync 1 DAGs
[2024-09-12T07:09:21.588+0000] {logging_mixin.py:150} INFO - [2024-09-12T07:09:21.587+0000] {dag.py:3504} INFO - Setting next_dagrun for example_nested_branch_dag to 2024-09-11T00:00:00+00:00, run_after=2024-09-12T00:00:00+00:00
[2024-09-12T07:09:21.616+0000] {processor.py:179} INFO - Processing /home/vscode/.local/lib/python3.10/site-packages/airflow/example_dags/example_nested_branch_dag.py took 0.068 seconds
[2024-09-12T07:10:06.728+0000] {processor.py:157} INFO - Started process (PID=20137) to work on /home/vscode/.local/lib/python3.10/site-packages/airflow/example_dags/example_nested_branch_dag.py
[2024-09-12T07:10:06.729+0000] {processor.py:826} INFO - Processing file /home/vscode/.local/lib/python3.10/site-packages/airflow/example_dags/example_nested_branch_dag.py for tasks to queue
[2024-09-12T07:10:06.729+0000] {logging_mixin.py:150} INFO - [2024-09-12T07:10:06.729+0000] {dagbag.py:541} INFO - Filling up the DagBag from /home/vscode/.local/lib/python3.10/site-packages/airflow/example_dags/example_nested_branch_dag.py
[2024-09-12T07:10:06.738+0000] {processor.py:836} INFO - DAG(s) dict_keys(['example_nested_branch_dag']) retrieved from /home/vscode/.local/lib/python3.10/site-packages/airflow/example_dags/example_nested_branch_dag.py
[2024-09-12T07:10:06.751+0000] {logging_mixin.py:150} INFO - [2024-09-12T07:10:06.751+0000] {dag.py:2742} INFO - Sync 1 DAGs
[2024-09-12T07:10:06.766+0000] {logging_mixin.py:150} INFO - [2024-09-12T07:10:06.765+0000] {dag.py:3504} INFO - Setting next_dagrun for example_nested_branch_dag to 2024-09-11T00:00:00+00:00, run_after=2024-09-12T00:00:00+00:00
[2024-09-12T07:10:06.814+0000] {processor.py:179} INFO - Processing /home/vscode/.local/lib/python3.10/site-packages/airflow/example_dags/example_nested_branch_dag.py took 0.088 seconds
