[2024-09-12T06:39:55.754+0000] {processor.py:157} INFO - Started process (PID=7546) to work on /home/vscode/.local/lib/python3.10/site-packages/airflow/example_dags/example_branch_operator_decorator.py
[2024-09-12T06:39:55.754+0000] {processor.py:826} INFO - Processing file /home/vscode/.local/lib/python3.10/site-packages/airflow/example_dags/example_branch_operator_decorator.py for tasks to queue
[2024-09-12T06:39:55.755+0000] {logging_mixin.py:150} INFO - [2024-09-12T06:39:55.754+0000] {dagbag.py:541} INFO - Filling up the DagBag from /home/vscode/.local/lib/python3.10/site-packages/airflow/example_dags/example_branch_operator_decorator.py
[2024-09-12T06:39:55.853+0000] {processor.py:836} INFO - DAG(s) dict_keys(['example_branch_python_operator_decorator']) retrieved from /home/vscode/.local/lib/python3.10/site-packages/airflow/example_dags/example_branch_operator_decorator.py
[2024-09-12T06:39:55.962+0000] {logging_mixin.py:150} INFO - [2024-09-12T06:39:55.962+0000] {manager.py:504} INFO - Created Permission View: can delete on DAG:example_branch_python_operator_decorator
[2024-09-12T06:39:55.986+0000] {logging_mixin.py:150} INFO - [2024-09-12T06:39:55.985+0000] {manager.py:504} INFO - Created Permission View: can read on DAG:example_branch_python_operator_decorator
[2024-09-12T06:39:56.006+0000] {logging_mixin.py:150} INFO - [2024-09-12T06:39:56.006+0000] {manager.py:504} INFO - Created Permission View: can edit on DAG:example_branch_python_operator_decorator
[2024-09-12T06:39:56.014+0000] {logging_mixin.py:150} INFO - [2024-09-12T06:39:56.014+0000] {dag.py:2742} INFO - Sync 1 DAGs
[2024-09-12T06:39:56.020+0000] {logging_mixin.py:150} INFO - [2024-09-12T06:39:56.020+0000] {dag.py:2763} INFO - Creating ORM DAG for example_branch_python_operator_decorator
[2024-09-12T06:39:56.027+0000] {logging_mixin.py:150} INFO - [2024-09-12T06:39:56.027+0000] {dag.py:3504} INFO - Setting next_dagrun for example_branch_python_operator_decorator to 2024-09-11T00:00:00+00:00, run_after=2024-09-12T00:00:00+00:00
[2024-09-12T06:39:56.061+0000] {processor.py:179} INFO - Processing /home/vscode/.local/lib/python3.10/site-packages/airflow/example_dags/example_branch_operator_decorator.py took 0.310 seconds
[2024-09-12T06:40:46.136+0000] {processor.py:157} INFO - Started process (PID=7877) to work on /home/vscode/.local/lib/python3.10/site-packages/airflow/example_dags/example_branch_operator_decorator.py
[2024-09-12T06:40:46.137+0000] {processor.py:826} INFO - Processing file /home/vscode/.local/lib/python3.10/site-packages/airflow/example_dags/example_branch_operator_decorator.py for tasks to queue
[2024-09-12T06:40:46.137+0000] {logging_mixin.py:150} INFO - [2024-09-12T06:40:46.137+0000] {dagbag.py:541} INFO - Filling up the DagBag from /home/vscode/.local/lib/python3.10/site-packages/airflow/example_dags/example_branch_operator_decorator.py
[2024-09-12T06:40:46.144+0000] {processor.py:836} INFO - DAG(s) dict_keys(['example_branch_python_operator_decorator']) retrieved from /home/vscode/.local/lib/python3.10/site-packages/airflow/example_dags/example_branch_operator_decorator.py
[2024-09-12T06:40:46.157+0000] {logging_mixin.py:150} INFO - [2024-09-12T06:40:46.157+0000] {dag.py:2742} INFO - Sync 1 DAGs
[2024-09-12T06:40:46.172+0000] {logging_mixin.py:150} INFO - [2024-09-12T06:40:46.172+0000] {dag.py:3504} INFO - Setting next_dagrun for example_branch_python_operator_decorator to 2024-09-11T00:00:00+00:00, run_after=2024-09-12T00:00:00+00:00
[2024-09-12T06:40:46.204+0000] {processor.py:179} INFO - Processing /home/vscode/.local/lib/python3.10/site-packages/airflow/example_dags/example_branch_operator_decorator.py took 0.070 seconds
[2024-09-12T06:41:30.979+0000] {processor.py:157} INFO - Started process (PID=8189) to work on /home/vscode/.local/lib/python3.10/site-packages/airflow/example_dags/example_branch_operator_decorator.py
[2024-09-12T06:41:30.980+0000] {processor.py:826} INFO - Processing file /home/vscode/.local/lib/python3.10/site-packages/airflow/example_dags/example_branch_operator_decorator.py for tasks to queue
[2024-09-12T06:41:30.980+0000] {logging_mixin.py:150} INFO - [2024-09-12T06:41:30.980+0000] {dagbag.py:541} INFO - Filling up the DagBag from /home/vscode/.local/lib/python3.10/site-packages/airflow/example_dags/example_branch_operator_decorator.py
[2024-09-12T06:41:30.987+0000] {processor.py:836} INFO - DAG(s) dict_keys(['example_branch_python_operator_decorator']) retrieved from /home/vscode/.local/lib/python3.10/site-packages/airflow/example_dags/example_branch_operator_decorator.py
[2024-09-12T06:41:31.001+0000] {logging_mixin.py:150} INFO - [2024-09-12T06:41:31.000+0000] {dag.py:2742} INFO - Sync 1 DAGs
[2024-09-12T06:41:31.020+0000] {logging_mixin.py:150} INFO - [2024-09-12T06:41:31.020+0000] {dag.py:3504} INFO - Setting next_dagrun for example_branch_python_operator_decorator to 2024-09-11T00:00:00+00:00, run_after=2024-09-12T00:00:00+00:00
[2024-09-12T06:41:31.064+0000] {processor.py:179} INFO - Processing /home/vscode/.local/lib/python3.10/site-packages/airflow/example_dags/example_branch_operator_decorator.py took 0.087 seconds
[2024-09-12T06:42:17.293+0000] {processor.py:157} INFO - Started process (PID=8491) to work on /home/vscode/.local/lib/python3.10/site-packages/airflow/example_dags/example_branch_operator_decorator.py
[2024-09-12T06:42:17.293+0000] {processor.py:826} INFO - Processing file /home/vscode/.local/lib/python3.10/site-packages/airflow/example_dags/example_branch_operator_decorator.py for tasks to queue
[2024-09-12T06:42:17.294+0000] {logging_mixin.py:150} INFO - [2024-09-12T06:42:17.294+0000] {dagbag.py:541} INFO - Filling up the DagBag from /home/vscode/.local/lib/python3.10/site-packages/airflow/example_dags/example_branch_operator_decorator.py
[2024-09-12T06:42:17.301+0000] {processor.py:836} INFO - DAG(s) dict_keys(['example_branch_python_operator_decorator']) retrieved from /home/vscode/.local/lib/python3.10/site-packages/airflow/example_dags/example_branch_operator_decorator.py
[2024-09-12T06:42:17.314+0000] {logging_mixin.py:150} INFO - [2024-09-12T06:42:17.314+0000] {dag.py:2742} INFO - Sync 1 DAGs
[2024-09-12T06:42:17.329+0000] {logging_mixin.py:150} INFO - [2024-09-12T06:42:17.328+0000] {dag.py:3504} INFO - Setting next_dagrun for example_branch_python_operator_decorator to 2024-09-11T00:00:00+00:00, run_after=2024-09-12T00:00:00+00:00
[2024-09-12T06:42:17.361+0000] {processor.py:179} INFO - Processing /home/vscode/.local/lib/python3.10/site-packages/airflow/example_dags/example_branch_operator_decorator.py took 0.070 seconds
[2024-09-12T06:43:01.074+0000] {processor.py:157} INFO - Started process (PID=8790) to work on /home/vscode/.local/lib/python3.10/site-packages/airflow/example_dags/example_branch_operator_decorator.py
[2024-09-12T06:43:01.075+0000] {processor.py:826} INFO - Processing file /home/vscode/.local/lib/python3.10/site-packages/airflow/example_dags/example_branch_operator_decorator.py for tasks to queue
[2024-09-12T06:43:01.076+0000] {logging_mixin.py:150} INFO - [2024-09-12T06:43:01.075+0000] {dagbag.py:541} INFO - Filling up the DagBag from /home/vscode/.local/lib/python3.10/site-packages/airflow/example_dags/example_branch_operator_decorator.py
[2024-09-12T06:43:01.083+0000] {processor.py:836} INFO - DAG(s) dict_keys(['example_branch_python_operator_decorator']) retrieved from /home/vscode/.local/lib/python3.10/site-packages/airflow/example_dags/example_branch_operator_decorator.py
[2024-09-12T06:43:01.096+0000] {logging_mixin.py:150} INFO - [2024-09-12T06:43:01.095+0000] {dag.py:2742} INFO - Sync 1 DAGs
[2024-09-12T06:43:01.111+0000] {logging_mixin.py:150} INFO - [2024-09-12T06:43:01.110+0000] {dag.py:3504} INFO - Setting next_dagrun for example_branch_python_operator_decorator to 2024-09-11T00:00:00+00:00, run_after=2024-09-12T00:00:00+00:00
[2024-09-12T06:43:01.141+0000] {processor.py:179} INFO - Processing /home/vscode/.local/lib/python3.10/site-packages/airflow/example_dags/example_branch_operator_decorator.py took 0.069 seconds
[2024-09-12T06:43:43.880+0000] {processor.py:157} INFO - Started process (PID=9077) to work on /home/vscode/.local/lib/python3.10/site-packages/airflow/example_dags/example_branch_operator_decorator.py
[2024-09-12T06:43:43.881+0000] {processor.py:826} INFO - Processing file /home/vscode/.local/lib/python3.10/site-packages/airflow/example_dags/example_branch_operator_decorator.py for tasks to queue
[2024-09-12T06:43:43.881+0000] {logging_mixin.py:150} INFO - [2024-09-12T06:43:43.881+0000] {dagbag.py:541} INFO - Filling up the DagBag from /home/vscode/.local/lib/python3.10/site-packages/airflow/example_dags/example_branch_operator_decorator.py
[2024-09-12T06:43:43.888+0000] {processor.py:836} INFO - DAG(s) dict_keys(['example_branch_python_operator_decorator']) retrieved from /home/vscode/.local/lib/python3.10/site-packages/airflow/example_dags/example_branch_operator_decorator.py
[2024-09-12T06:43:43.901+0000] {logging_mixin.py:150} INFO - [2024-09-12T06:43:43.901+0000] {dag.py:2742} INFO - Sync 1 DAGs
[2024-09-12T06:43:43.916+0000] {logging_mixin.py:150} INFO - [2024-09-12T06:43:43.916+0000] {dag.py:3504} INFO - Setting next_dagrun for example_branch_python_operator_decorator to 2024-09-11T00:00:00+00:00, run_after=2024-09-12T00:00:00+00:00
[2024-09-12T06:43:43.948+0000] {processor.py:179} INFO - Processing /home/vscode/.local/lib/python3.10/site-packages/airflow/example_dags/example_branch_operator_decorator.py took 0.070 seconds
[2024-09-12T06:44:23.884+0000] {processor.py:157} INFO - Started process (PID=9355) to work on /home/vscode/.local/lib/python3.10/site-packages/airflow/example_dags/example_branch_operator_decorator.py
[2024-09-12T06:44:23.885+0000] {processor.py:826} INFO - Processing file /home/vscode/.local/lib/python3.10/site-packages/airflow/example_dags/example_branch_operator_decorator.py for tasks to queue
[2024-09-12T06:44:23.886+0000] {logging_mixin.py:150} INFO - [2024-09-12T06:44:23.885+0000] {dagbag.py:541} INFO - Filling up the DagBag from /home/vscode/.local/lib/python3.10/site-packages/airflow/example_dags/example_branch_operator_decorator.py
[2024-09-12T06:44:23.893+0000] {processor.py:836} INFO - DAG(s) dict_keys(['example_branch_python_operator_decorator']) retrieved from /home/vscode/.local/lib/python3.10/site-packages/airflow/example_dags/example_branch_operator_decorator.py
[2024-09-12T06:44:23.905+0000] {logging_mixin.py:150} INFO - [2024-09-12T06:44:23.905+0000] {dag.py:2742} INFO - Sync 1 DAGs
[2024-09-12T06:44:23.920+0000] {logging_mixin.py:150} INFO - [2024-09-12T06:44:23.920+0000] {dag.py:3504} INFO - Setting next_dagrun for example_branch_python_operator_decorator to 2024-09-11T00:00:00+00:00, run_after=2024-09-12T00:00:00+00:00
[2024-09-12T06:44:23.954+0000] {processor.py:179} INFO - Processing /home/vscode/.local/lib/python3.10/site-packages/airflow/example_dags/example_branch_operator_decorator.py took 0.072 seconds
[2024-09-12T06:45:09.145+0000] {processor.py:157} INFO - Started process (PID=9652) to work on /home/vscode/.local/lib/python3.10/site-packages/airflow/example_dags/example_branch_operator_decorator.py
[2024-09-12T06:45:09.145+0000] {processor.py:826} INFO - Processing file /home/vscode/.local/lib/python3.10/site-packages/airflow/example_dags/example_branch_operator_decorator.py for tasks to queue
[2024-09-12T06:45:09.146+0000] {logging_mixin.py:150} INFO - [2024-09-12T06:45:09.146+0000] {dagbag.py:541} INFO - Filling up the DagBag from /home/vscode/.local/lib/python3.10/site-packages/airflow/example_dags/example_branch_operator_decorator.py
[2024-09-12T06:45:09.153+0000] {processor.py:836} INFO - DAG(s) dict_keys(['example_branch_python_operator_decorator']) retrieved from /home/vscode/.local/lib/python3.10/site-packages/airflow/example_dags/example_branch_operator_decorator.py
[2024-09-12T06:45:09.166+0000] {logging_mixin.py:150} INFO - [2024-09-12T06:45:09.166+0000] {dag.py:2742} INFO - Sync 1 DAGs
[2024-09-12T06:45:09.181+0000] {logging_mixin.py:150} INFO - [2024-09-12T06:45:09.181+0000] {dag.py:3504} INFO - Setting next_dagrun for example_branch_python_operator_decorator to 2024-09-11T00:00:00+00:00, run_after=2024-09-12T00:00:00+00:00
[2024-09-12T06:45:09.209+0000] {processor.py:179} INFO - Processing /home/vscode/.local/lib/python3.10/site-packages/airflow/example_dags/example_branch_operator_decorator.py took 0.066 seconds
[2024-09-12T06:45:55.718+0000] {processor.py:157} INFO - Started process (PID=9962) to work on /home/vscode/.local/lib/python3.10/site-packages/airflow/example_dags/example_branch_operator_decorator.py
[2024-09-12T06:45:55.719+0000] {processor.py:826} INFO - Processing file /home/vscode/.local/lib/python3.10/site-packages/airflow/example_dags/example_branch_operator_decorator.py for tasks to queue
[2024-09-12T06:45:55.719+0000] {logging_mixin.py:150} INFO - [2024-09-12T06:45:55.719+0000] {dagbag.py:541} INFO - Filling up the DagBag from /home/vscode/.local/lib/python3.10/site-packages/airflow/example_dags/example_branch_operator_decorator.py
[2024-09-12T06:45:55.727+0000] {processor.py:836} INFO - DAG(s) dict_keys(['example_branch_python_operator_decorator']) retrieved from /home/vscode/.local/lib/python3.10/site-packages/airflow/example_dags/example_branch_operator_decorator.py
[2024-09-12T06:45:55.739+0000] {logging_mixin.py:150} INFO - [2024-09-12T06:45:55.739+0000] {dag.py:2742} INFO - Sync 1 DAGs
[2024-09-12T06:45:55.754+0000] {logging_mixin.py:150} INFO - [2024-09-12T06:45:55.754+0000] {dag.py:3504} INFO - Setting next_dagrun for example_branch_python_operator_decorator to 2024-09-11T00:00:00+00:00, run_after=2024-09-12T00:00:00+00:00
[2024-09-12T06:45:55.789+0000] {processor.py:179} INFO - Processing /home/vscode/.local/lib/python3.10/site-packages/airflow/example_dags/example_branch_operator_decorator.py took 0.073 seconds
[2024-09-12T06:46:40.650+0000] {processor.py:157} INFO - Started process (PID=10265) to work on /home/vscode/.local/lib/python3.10/site-packages/airflow/example_dags/example_branch_operator_decorator.py
[2024-09-12T06:46:40.651+0000] {processor.py:826} INFO - Processing file /home/vscode/.local/lib/python3.10/site-packages/airflow/example_dags/example_branch_operator_decorator.py for tasks to queue
[2024-09-12T06:46:40.652+0000] {logging_mixin.py:150} INFO - [2024-09-12T06:46:40.651+0000] {dagbag.py:541} INFO - Filling up the DagBag from /home/vscode/.local/lib/python3.10/site-packages/airflow/example_dags/example_branch_operator_decorator.py
[2024-09-12T06:46:40.659+0000] {processor.py:836} INFO - DAG(s) dict_keys(['example_branch_python_operator_decorator']) retrieved from /home/vscode/.local/lib/python3.10/site-packages/airflow/example_dags/example_branch_operator_decorator.py
[2024-09-12T06:46:40.671+0000] {logging_mixin.py:150} INFO - [2024-09-12T06:46:40.671+0000] {dag.py:2742} INFO - Sync 1 DAGs
[2024-09-12T06:46:40.688+0000] {logging_mixin.py:150} INFO - [2024-09-12T06:46:40.688+0000] {dag.py:3504} INFO - Setting next_dagrun for example_branch_python_operator_decorator to 2024-09-11T00:00:00+00:00, run_after=2024-09-12T00:00:00+00:00
[2024-09-12T06:46:40.723+0000] {processor.py:179} INFO - Processing /home/vscode/.local/lib/python3.10/site-packages/airflow/example_dags/example_branch_operator_decorator.py took 0.074 seconds
[2024-09-12T06:47:26.624+0000] {processor.py:157} INFO - Started process (PID=10576) to work on /home/vscode/.local/lib/python3.10/site-packages/airflow/example_dags/example_branch_operator_decorator.py
[2024-09-12T06:47:26.625+0000] {processor.py:826} INFO - Processing file /home/vscode/.local/lib/python3.10/site-packages/airflow/example_dags/example_branch_operator_decorator.py for tasks to queue
[2024-09-12T06:47:26.625+0000] {logging_mixin.py:150} INFO - [2024-09-12T06:47:26.625+0000] {dagbag.py:541} INFO - Filling up the DagBag from /home/vscode/.local/lib/python3.10/site-packages/airflow/example_dags/example_branch_operator_decorator.py
[2024-09-12T06:47:26.633+0000] {processor.py:836} INFO - DAG(s) dict_keys(['example_branch_python_operator_decorator']) retrieved from /home/vscode/.local/lib/python3.10/site-packages/airflow/example_dags/example_branch_operator_decorator.py
[2024-09-12T06:47:26.645+0000] {logging_mixin.py:150} INFO - [2024-09-12T06:47:26.645+0000] {dag.py:2742} INFO - Sync 1 DAGs
[2024-09-12T06:47:26.660+0000] {logging_mixin.py:150} INFO - [2024-09-12T06:47:26.660+0000] {dag.py:3504} INFO - Setting next_dagrun for example_branch_python_operator_decorator to 2024-09-11T00:00:00+00:00, run_after=2024-09-12T00:00:00+00:00
[2024-09-12T06:47:26.697+0000] {processor.py:179} INFO - Processing /home/vscode/.local/lib/python3.10/site-packages/airflow/example_dags/example_branch_operator_decorator.py took 0.075 seconds
[2024-09-12T06:48:11.321+0000] {processor.py:157} INFO - Started process (PID=10868) to work on /home/vscode/.local/lib/python3.10/site-packages/airflow/example_dags/example_branch_operator_decorator.py
[2024-09-12T06:48:11.321+0000] {processor.py:826} INFO - Processing file /home/vscode/.local/lib/python3.10/site-packages/airflow/example_dags/example_branch_operator_decorator.py for tasks to queue
[2024-09-12T06:48:11.322+0000] {logging_mixin.py:150} INFO - [2024-09-12T06:48:11.322+0000] {dagbag.py:541} INFO - Filling up the DagBag from /home/vscode/.local/lib/python3.10/site-packages/airflow/example_dags/example_branch_operator_decorator.py
[2024-09-12T06:48:11.333+0000] {processor.py:836} INFO - DAG(s) dict_keys(['example_branch_python_operator_decorator']) retrieved from /home/vscode/.local/lib/python3.10/site-packages/airflow/example_dags/example_branch_operator_decorator.py
[2024-09-12T06:48:11.346+0000] {logging_mixin.py:150} INFO - [2024-09-12T06:48:11.346+0000] {dag.py:2742} INFO - Sync 1 DAGs
[2024-09-12T06:48:11.361+0000] {logging_mixin.py:150} INFO - [2024-09-12T06:48:11.361+0000] {dag.py:3504} INFO - Setting next_dagrun for example_branch_python_operator_decorator to 2024-09-11T00:00:00+00:00, run_after=2024-09-12T00:00:00+00:00
[2024-09-12T06:48:11.389+0000] {processor.py:179} INFO - Processing /home/vscode/.local/lib/python3.10/site-packages/airflow/example_dags/example_branch_operator_decorator.py took 0.071 seconds
[2024-09-12T06:48:53.745+0000] {processor.py:157} INFO - Started process (PID=11159) to work on /home/vscode/.local/lib/python3.10/site-packages/airflow/example_dags/example_branch_operator_decorator.py
[2024-09-12T06:48:53.746+0000] {processor.py:826} INFO - Processing file /home/vscode/.local/lib/python3.10/site-packages/airflow/example_dags/example_branch_operator_decorator.py for tasks to queue
[2024-09-12T06:48:53.746+0000] {logging_mixin.py:150} INFO - [2024-09-12T06:48:53.746+0000] {dagbag.py:541} INFO - Filling up the DagBag from /home/vscode/.local/lib/python3.10/site-packages/airflow/example_dags/example_branch_operator_decorator.py
[2024-09-12T06:48:53.754+0000] {processor.py:836} INFO - DAG(s) dict_keys(['example_branch_python_operator_decorator']) retrieved from /home/vscode/.local/lib/python3.10/site-packages/airflow/example_dags/example_branch_operator_decorator.py
[2024-09-12T06:48:53.767+0000] {logging_mixin.py:150} INFO - [2024-09-12T06:48:53.766+0000] {dag.py:2742} INFO - Sync 1 DAGs
[2024-09-12T06:48:53.781+0000] {logging_mixin.py:150} INFO - [2024-09-12T06:48:53.781+0000] {dag.py:3504} INFO - Setting next_dagrun for example_branch_python_operator_decorator to 2024-09-11T00:00:00+00:00, run_after=2024-09-12T00:00:00+00:00
[2024-09-12T06:48:53.816+0000] {processor.py:179} INFO - Processing /home/vscode/.local/lib/python3.10/site-packages/airflow/example_dags/example_branch_operator_decorator.py took 0.073 seconds
[2024-09-12T06:49:37.833+0000] {processor.py:157} INFO - Started process (PID=11458) to work on /home/vscode/.local/lib/python3.10/site-packages/airflow/example_dags/example_branch_operator_decorator.py
[2024-09-12T06:49:37.834+0000] {processor.py:826} INFO - Processing file /home/vscode/.local/lib/python3.10/site-packages/airflow/example_dags/example_branch_operator_decorator.py for tasks to queue
[2024-09-12T06:49:37.835+0000] {logging_mixin.py:150} INFO - [2024-09-12T06:49:37.834+0000] {dagbag.py:541} INFO - Filling up the DagBag from /home/vscode/.local/lib/python3.10/site-packages/airflow/example_dags/example_branch_operator_decorator.py
[2024-09-12T06:49:37.842+0000] {processor.py:836} INFO - DAG(s) dict_keys(['example_branch_python_operator_decorator']) retrieved from /home/vscode/.local/lib/python3.10/site-packages/airflow/example_dags/example_branch_operator_decorator.py
[2024-09-12T06:49:37.855+0000] {logging_mixin.py:150} INFO - [2024-09-12T06:49:37.854+0000] {dag.py:2742} INFO - Sync 1 DAGs
[2024-09-12T06:49:37.869+0000] {logging_mixin.py:150} INFO - [2024-09-12T06:49:37.869+0000] {dag.py:3504} INFO - Setting next_dagrun for example_branch_python_operator_decorator to 2024-09-11T00:00:00+00:00, run_after=2024-09-12T00:00:00+00:00
[2024-09-12T06:49:37.900+0000] {processor.py:179} INFO - Processing /home/vscode/.local/lib/python3.10/site-packages/airflow/example_dags/example_branch_operator_decorator.py took 0.068 seconds
[2024-09-12T06:50:18.900+0000] {processor.py:157} INFO - Started process (PID=11740) to work on /home/vscode/.local/lib/python3.10/site-packages/airflow/example_dags/example_branch_operator_decorator.py
[2024-09-12T06:50:18.900+0000] {processor.py:826} INFO - Processing file /home/vscode/.local/lib/python3.10/site-packages/airflow/example_dags/example_branch_operator_decorator.py for tasks to queue
[2024-09-12T06:50:18.901+0000] {logging_mixin.py:150} INFO - [2024-09-12T06:50:18.901+0000] {dagbag.py:541} INFO - Filling up the DagBag from /home/vscode/.local/lib/python3.10/site-packages/airflow/example_dags/example_branch_operator_decorator.py
[2024-09-12T06:50:18.908+0000] {processor.py:836} INFO - DAG(s) dict_keys(['example_branch_python_operator_decorator']) retrieved from /home/vscode/.local/lib/python3.10/site-packages/airflow/example_dags/example_branch_operator_decorator.py
[2024-09-12T06:50:18.921+0000] {logging_mixin.py:150} INFO - [2024-09-12T06:50:18.921+0000] {dag.py:2742} INFO - Sync 1 DAGs
[2024-09-12T06:50:18.936+0000] {logging_mixin.py:150} INFO - [2024-09-12T06:50:18.936+0000] {dag.py:3504} INFO - Setting next_dagrun for example_branch_python_operator_decorator to 2024-09-11T00:00:00+00:00, run_after=2024-09-12T00:00:00+00:00
[2024-09-12T06:50:18.963+0000] {processor.py:179} INFO - Processing /home/vscode/.local/lib/python3.10/site-packages/airflow/example_dags/example_branch_operator_decorator.py took 0.066 seconds
[2024-09-12T06:51:03.886+0000] {processor.py:157} INFO - Started process (PID=12035) to work on /home/vscode/.local/lib/python3.10/site-packages/airflow/example_dags/example_branch_operator_decorator.py
[2024-09-12T06:51:03.887+0000] {processor.py:826} INFO - Processing file /home/vscode/.local/lib/python3.10/site-packages/airflow/example_dags/example_branch_operator_decorator.py for tasks to queue
[2024-09-12T06:51:03.887+0000] {logging_mixin.py:150} INFO - [2024-09-12T06:51:03.887+0000] {dagbag.py:541} INFO - Filling up the DagBag from /home/vscode/.local/lib/python3.10/site-packages/airflow/example_dags/example_branch_operator_decorator.py
[2024-09-12T06:51:03.894+0000] {processor.py:836} INFO - DAG(s) dict_keys(['example_branch_python_operator_decorator']) retrieved from /home/vscode/.local/lib/python3.10/site-packages/airflow/example_dags/example_branch_operator_decorator.py
[2024-09-12T06:51:03.910+0000] {logging_mixin.py:150} INFO - [2024-09-12T06:51:03.910+0000] {dag.py:2742} INFO - Sync 1 DAGs
[2024-09-12T06:51:03.933+0000] {logging_mixin.py:150} INFO - [2024-09-12T06:51:03.933+0000] {dag.py:3504} INFO - Setting next_dagrun for example_branch_python_operator_decorator to 2024-09-11T00:00:00+00:00, run_after=2024-09-12T00:00:00+00:00
[2024-09-12T06:51:03.973+0000] {processor.py:179} INFO - Processing /home/vscode/.local/lib/python3.10/site-packages/airflow/example_dags/example_branch_operator_decorator.py took 0.089 seconds
[2024-09-12T06:51:50.272+0000] {processor.py:157} INFO - Started process (PID=12355) to work on /home/vscode/.local/lib/python3.10/site-packages/airflow/example_dags/example_branch_operator_decorator.py
[2024-09-12T06:51:50.273+0000] {processor.py:826} INFO - Processing file /home/vscode/.local/lib/python3.10/site-packages/airflow/example_dags/example_branch_operator_decorator.py for tasks to queue
[2024-09-12T06:51:50.274+0000] {logging_mixin.py:150} INFO - [2024-09-12T06:51:50.273+0000] {dagbag.py:541} INFO - Filling up the DagBag from /home/vscode/.local/lib/python3.10/site-packages/airflow/example_dags/example_branch_operator_decorator.py
[2024-09-12T06:51:50.281+0000] {processor.py:836} INFO - DAG(s) dict_keys(['example_branch_python_operator_decorator']) retrieved from /home/vscode/.local/lib/python3.10/site-packages/airflow/example_dags/example_branch_operator_decorator.py
[2024-09-12T06:51:50.293+0000] {logging_mixin.py:150} INFO - [2024-09-12T06:51:50.293+0000] {dag.py:2742} INFO - Sync 1 DAGs
[2024-09-12T06:51:50.308+0000] {logging_mixin.py:150} INFO - [2024-09-12T06:51:50.308+0000] {dag.py:3504} INFO - Setting next_dagrun for example_branch_python_operator_decorator to 2024-09-11T00:00:00+00:00, run_after=2024-09-12T00:00:00+00:00
[2024-09-12T06:51:50.342+0000] {processor.py:179} INFO - Processing /home/vscode/.local/lib/python3.10/site-packages/airflow/example_dags/example_branch_operator_decorator.py took 0.072 seconds
[2024-09-12T06:52:38.194+0000] {processor.py:157} INFO - Started process (PID=12675) to work on /home/vscode/.local/lib/python3.10/site-packages/airflow/example_dags/example_branch_operator_decorator.py
[2024-09-12T06:52:38.195+0000] {processor.py:826} INFO - Processing file /home/vscode/.local/lib/python3.10/site-packages/airflow/example_dags/example_branch_operator_decorator.py for tasks to queue
[2024-09-12T06:52:38.195+0000] {logging_mixin.py:150} INFO - [2024-09-12T06:52:38.195+0000] {dagbag.py:541} INFO - Filling up the DagBag from /home/vscode/.local/lib/python3.10/site-packages/airflow/example_dags/example_branch_operator_decorator.py
[2024-09-12T06:52:38.203+0000] {processor.py:836} INFO - DAG(s) dict_keys(['example_branch_python_operator_decorator']) retrieved from /home/vscode/.local/lib/python3.10/site-packages/airflow/example_dags/example_branch_operator_decorator.py
[2024-09-12T06:52:38.215+0000] {logging_mixin.py:150} INFO - [2024-09-12T06:52:38.215+0000] {dag.py:2742} INFO - Sync 1 DAGs
[2024-09-12T06:52:38.230+0000] {logging_mixin.py:150} INFO - [2024-09-12T06:52:38.230+0000] {dag.py:3504} INFO - Setting next_dagrun for example_branch_python_operator_decorator to 2024-09-11T00:00:00+00:00, run_after=2024-09-12T00:00:00+00:00
[2024-09-12T06:52:38.263+0000] {processor.py:179} INFO - Processing /home/vscode/.local/lib/python3.10/site-packages/airflow/example_dags/example_branch_operator_decorator.py took 0.070 seconds
[2024-09-12T06:53:23.403+0000] {processor.py:157} INFO - Started process (PID=12973) to work on /home/vscode/.local/lib/python3.10/site-packages/airflow/example_dags/example_branch_operator_decorator.py
[2024-09-12T06:53:23.404+0000] {processor.py:826} INFO - Processing file /home/vscode/.local/lib/python3.10/site-packages/airflow/example_dags/example_branch_operator_decorator.py for tasks to queue
[2024-09-12T06:53:23.404+0000] {logging_mixin.py:150} INFO - [2024-09-12T06:53:23.404+0000] {dagbag.py:541} INFO - Filling up the DagBag from /home/vscode/.local/lib/python3.10/site-packages/airflow/example_dags/example_branch_operator_decorator.py
[2024-09-12T06:53:23.411+0000] {processor.py:836} INFO - DAG(s) dict_keys(['example_branch_python_operator_decorator']) retrieved from /home/vscode/.local/lib/python3.10/site-packages/airflow/example_dags/example_branch_operator_decorator.py
[2024-09-12T06:53:23.424+0000] {logging_mixin.py:150} INFO - [2024-09-12T06:53:23.424+0000] {dag.py:2742} INFO - Sync 1 DAGs
[2024-09-12T06:53:23.439+0000] {logging_mixin.py:150} INFO - [2024-09-12T06:53:23.438+0000] {dag.py:3504} INFO - Setting next_dagrun for example_branch_python_operator_decorator to 2024-09-11T00:00:00+00:00, run_after=2024-09-12T00:00:00+00:00
[2024-09-12T06:53:23.481+0000] {processor.py:179} INFO - Processing /home/vscode/.local/lib/python3.10/site-packages/airflow/example_dags/example_branch_operator_decorator.py took 0.080 seconds
[2024-09-12T06:54:09.833+0000] {processor.py:157} INFO - Started process (PID=13293) to work on /home/vscode/.local/lib/python3.10/site-packages/airflow/example_dags/example_branch_operator_decorator.py
[2024-09-12T06:54:09.834+0000] {processor.py:826} INFO - Processing file /home/vscode/.local/lib/python3.10/site-packages/airflow/example_dags/example_branch_operator_decorator.py for tasks to queue
[2024-09-12T06:54:09.835+0000] {logging_mixin.py:150} INFO - [2024-09-12T06:54:09.834+0000] {dagbag.py:541} INFO - Filling up the DagBag from /home/vscode/.local/lib/python3.10/site-packages/airflow/example_dags/example_branch_operator_decorator.py
[2024-09-12T06:54:09.843+0000] {processor.py:836} INFO - DAG(s) dict_keys(['example_branch_python_operator_decorator']) retrieved from /home/vscode/.local/lib/python3.10/site-packages/airflow/example_dags/example_branch_operator_decorator.py
[2024-09-12T06:54:09.856+0000] {logging_mixin.py:150} INFO - [2024-09-12T06:54:09.856+0000] {dag.py:2742} INFO - Sync 1 DAGs
[2024-09-12T06:54:09.872+0000] {logging_mixin.py:150} INFO - [2024-09-12T06:54:09.872+0000] {dag.py:3504} INFO - Setting next_dagrun for example_branch_python_operator_decorator to 2024-09-11T00:00:00+00:00, run_after=2024-09-12T00:00:00+00:00
[2024-09-12T06:54:09.911+0000] {processor.py:179} INFO - Processing /home/vscode/.local/lib/python3.10/site-packages/airflow/example_dags/example_branch_operator_decorator.py took 0.081 seconds
[2024-09-12T06:54:54.135+0000] {processor.py:157} INFO - Started process (PID=13590) to work on /home/vscode/.local/lib/python3.10/site-packages/airflow/example_dags/example_branch_operator_decorator.py
[2024-09-12T06:54:54.135+0000] {processor.py:826} INFO - Processing file /home/vscode/.local/lib/python3.10/site-packages/airflow/example_dags/example_branch_operator_decorator.py for tasks to queue
[2024-09-12T06:54:54.136+0000] {logging_mixin.py:150} INFO - [2024-09-12T06:54:54.136+0000] {dagbag.py:541} INFO - Filling up the DagBag from /home/vscode/.local/lib/python3.10/site-packages/airflow/example_dags/example_branch_operator_decorator.py
[2024-09-12T06:54:54.143+0000] {processor.py:836} INFO - DAG(s) dict_keys(['example_branch_python_operator_decorator']) retrieved from /home/vscode/.local/lib/python3.10/site-packages/airflow/example_dags/example_branch_operator_decorator.py
[2024-09-12T06:54:54.156+0000] {logging_mixin.py:150} INFO - [2024-09-12T06:54:54.156+0000] {dag.py:2742} INFO - Sync 1 DAGs
[2024-09-12T06:54:54.171+0000] {logging_mixin.py:150} INFO - [2024-09-12T06:54:54.171+0000] {dag.py:3504} INFO - Setting next_dagrun for example_branch_python_operator_decorator to 2024-09-11T00:00:00+00:00, run_after=2024-09-12T00:00:00+00:00
[2024-09-12T06:54:54.204+0000] {processor.py:179} INFO - Processing /home/vscode/.local/lib/python3.10/site-packages/airflow/example_dags/example_branch_operator_decorator.py took 0.071 seconds
[2024-09-12T06:55:39.289+0000] {processor.py:157} INFO - Started process (PID=13894) to work on /home/vscode/.local/lib/python3.10/site-packages/airflow/example_dags/example_branch_operator_decorator.py
[2024-09-12T06:55:39.290+0000] {processor.py:826} INFO - Processing file /home/vscode/.local/lib/python3.10/site-packages/airflow/example_dags/example_branch_operator_decorator.py for tasks to queue
[2024-09-12T06:55:39.290+0000] {logging_mixin.py:150} INFO - [2024-09-12T06:55:39.290+0000] {dagbag.py:541} INFO - Filling up the DagBag from /home/vscode/.local/lib/python3.10/site-packages/airflow/example_dags/example_branch_operator_decorator.py
[2024-09-12T06:55:39.298+0000] {processor.py:836} INFO - DAG(s) dict_keys(['example_branch_python_operator_decorator']) retrieved from /home/vscode/.local/lib/python3.10/site-packages/airflow/example_dags/example_branch_operator_decorator.py
[2024-09-12T06:55:39.310+0000] {logging_mixin.py:150} INFO - [2024-09-12T06:55:39.310+0000] {dag.py:2742} INFO - Sync 1 DAGs
[2024-09-12T06:55:39.325+0000] {logging_mixin.py:150} INFO - [2024-09-12T06:55:39.325+0000] {dag.py:3504} INFO - Setting next_dagrun for example_branch_python_operator_decorator to 2024-09-11T00:00:00+00:00, run_after=2024-09-12T00:00:00+00:00
[2024-09-12T06:55:39.359+0000] {processor.py:179} INFO - Processing /home/vscode/.local/lib/python3.10/site-packages/airflow/example_dags/example_branch_operator_decorator.py took 0.072 seconds
[2024-09-12T06:56:27.895+0000] {processor.py:157} INFO - Started process (PID=14219) to work on /home/vscode/.local/lib/python3.10/site-packages/airflow/example_dags/example_branch_operator_decorator.py
[2024-09-12T06:56:27.896+0000] {processor.py:826} INFO - Processing file /home/vscode/.local/lib/python3.10/site-packages/airflow/example_dags/example_branch_operator_decorator.py for tasks to queue
[2024-09-12T06:56:27.897+0000] {logging_mixin.py:150} INFO - [2024-09-12T06:56:27.896+0000] {dagbag.py:541} INFO - Filling up the DagBag from /home/vscode/.local/lib/python3.10/site-packages/airflow/example_dags/example_branch_operator_decorator.py
[2024-09-12T06:56:27.904+0000] {processor.py:836} INFO - DAG(s) dict_keys(['example_branch_python_operator_decorator']) retrieved from /home/vscode/.local/lib/python3.10/site-packages/airflow/example_dags/example_branch_operator_decorator.py
[2024-09-12T06:56:27.917+0000] {logging_mixin.py:150} INFO - [2024-09-12T06:56:27.917+0000] {dag.py:2742} INFO - Sync 1 DAGs
[2024-09-12T06:56:27.931+0000] {logging_mixin.py:150} INFO - [2024-09-12T06:56:27.931+0000] {dag.py:3504} INFO - Setting next_dagrun for example_branch_python_operator_decorator to 2024-09-11T00:00:00+00:00, run_after=2024-09-12T00:00:00+00:00
[2024-09-12T06:56:27.972+0000] {processor.py:179} INFO - Processing /home/vscode/.local/lib/python3.10/site-packages/airflow/example_dags/example_branch_operator_decorator.py took 0.079 seconds
[2024-09-12T06:57:17.842+0000] {processor.py:157} INFO - Started process (PID=14552) to work on /home/vscode/.local/lib/python3.10/site-packages/airflow/example_dags/example_branch_operator_decorator.py
[2024-09-12T06:57:17.842+0000] {processor.py:826} INFO - Processing file /home/vscode/.local/lib/python3.10/site-packages/airflow/example_dags/example_branch_operator_decorator.py for tasks to queue
[2024-09-12T06:57:17.843+0000] {logging_mixin.py:150} INFO - [2024-09-12T06:57:17.843+0000] {dagbag.py:541} INFO - Filling up the DagBag from /home/vscode/.local/lib/python3.10/site-packages/airflow/example_dags/example_branch_operator_decorator.py
[2024-09-12T06:57:17.850+0000] {processor.py:836} INFO - DAG(s) dict_keys(['example_branch_python_operator_decorator']) retrieved from /home/vscode/.local/lib/python3.10/site-packages/airflow/example_dags/example_branch_operator_decorator.py
[2024-09-12T06:57:17.863+0000] {logging_mixin.py:150} INFO - [2024-09-12T06:57:17.862+0000] {dag.py:2742} INFO - Sync 1 DAGs
[2024-09-12T06:57:17.877+0000] {logging_mixin.py:150} INFO - [2024-09-12T06:57:17.877+0000] {dag.py:3504} INFO - Setting next_dagrun for example_branch_python_operator_decorator to 2024-09-11T00:00:00+00:00, run_after=2024-09-12T00:00:00+00:00
[2024-09-12T06:57:17.934+0000] {processor.py:179} INFO - Processing /home/vscode/.local/lib/python3.10/site-packages/airflow/example_dags/example_branch_operator_decorator.py took 0.095 seconds
[2024-09-12T06:57:59.072+0000] {processor.py:157} INFO - Started process (PID=14838) to work on /home/vscode/.local/lib/python3.10/site-packages/airflow/example_dags/example_branch_operator_decorator.py
[2024-09-12T06:57:59.072+0000] {processor.py:826} INFO - Processing file /home/vscode/.local/lib/python3.10/site-packages/airflow/example_dags/example_branch_operator_decorator.py for tasks to queue
[2024-09-12T06:57:59.073+0000] {logging_mixin.py:150} INFO - [2024-09-12T06:57:59.073+0000] {dagbag.py:541} INFO - Filling up the DagBag from /home/vscode/.local/lib/python3.10/site-packages/airflow/example_dags/example_branch_operator_decorator.py
[2024-09-12T06:57:59.080+0000] {processor.py:836} INFO - DAG(s) dict_keys(['example_branch_python_operator_decorator']) retrieved from /home/vscode/.local/lib/python3.10/site-packages/airflow/example_dags/example_branch_operator_decorator.py
[2024-09-12T06:57:59.093+0000] {logging_mixin.py:150} INFO - [2024-09-12T06:57:59.093+0000] {dag.py:2742} INFO - Sync 1 DAGs
[2024-09-12T06:57:59.108+0000] {logging_mixin.py:150} INFO - [2024-09-12T06:57:59.107+0000] {dag.py:3504} INFO - Setting next_dagrun for example_branch_python_operator_decorator to 2024-09-11T00:00:00+00:00, run_after=2024-09-12T00:00:00+00:00
[2024-09-12T06:57:59.144+0000] {processor.py:179} INFO - Processing /home/vscode/.local/lib/python3.10/site-packages/airflow/example_dags/example_branch_operator_decorator.py took 0.074 seconds
[2024-09-12T06:58:43.139+0000] {processor.py:157} INFO - Started process (PID=15127) to work on /home/vscode/.local/lib/python3.10/site-packages/airflow/example_dags/example_branch_operator_decorator.py
[2024-09-12T06:58:43.139+0000] {processor.py:826} INFO - Processing file /home/vscode/.local/lib/python3.10/site-packages/airflow/example_dags/example_branch_operator_decorator.py for tasks to queue
[2024-09-12T06:58:43.140+0000] {logging_mixin.py:150} INFO - [2024-09-12T06:58:43.140+0000] {dagbag.py:541} INFO - Filling up the DagBag from /home/vscode/.local/lib/python3.10/site-packages/airflow/example_dags/example_branch_operator_decorator.py
[2024-09-12T06:58:43.147+0000] {processor.py:836} INFO - DAG(s) dict_keys(['example_branch_python_operator_decorator']) retrieved from /home/vscode/.local/lib/python3.10/site-packages/airflow/example_dags/example_branch_operator_decorator.py
[2024-09-12T06:58:43.160+0000] {logging_mixin.py:150} INFO - [2024-09-12T06:58:43.159+0000] {dag.py:2742} INFO - Sync 1 DAGs
[2024-09-12T06:58:43.174+0000] {logging_mixin.py:150} INFO - [2024-09-12T06:58:43.174+0000] {dag.py:3504} INFO - Setting next_dagrun for example_branch_python_operator_decorator to 2024-09-11T00:00:00+00:00, run_after=2024-09-12T00:00:00+00:00
[2024-09-12T06:58:43.233+0000] {processor.py:179} INFO - Processing /home/vscode/.local/lib/python3.10/site-packages/airflow/example_dags/example_branch_operator_decorator.py took 0.096 seconds
[2024-09-12T06:59:28.046+0000] {processor.py:157} INFO - Started process (PID=15430) to work on /home/vscode/.local/lib/python3.10/site-packages/airflow/example_dags/example_branch_operator_decorator.py
[2024-09-12T06:59:28.046+0000] {processor.py:826} INFO - Processing file /home/vscode/.local/lib/python3.10/site-packages/airflow/example_dags/example_branch_operator_decorator.py for tasks to queue
[2024-09-12T06:59:28.047+0000] {logging_mixin.py:150} INFO - [2024-09-12T06:59:28.047+0000] {dagbag.py:541} INFO - Filling up the DagBag from /home/vscode/.local/lib/python3.10/site-packages/airflow/example_dags/example_branch_operator_decorator.py
[2024-09-12T06:59:28.057+0000] {processor.py:836} INFO - DAG(s) dict_keys(['example_branch_python_operator_decorator']) retrieved from /home/vscode/.local/lib/python3.10/site-packages/airflow/example_dags/example_branch_operator_decorator.py
[2024-09-12T06:59:28.071+0000] {logging_mixin.py:150} INFO - [2024-09-12T06:59:28.070+0000] {dag.py:2742} INFO - Sync 1 DAGs
[2024-09-12T06:59:28.085+0000] {logging_mixin.py:150} INFO - [2024-09-12T06:59:28.085+0000] {dag.py:3504} INFO - Setting next_dagrun for example_branch_python_operator_decorator to 2024-09-11T00:00:00+00:00, run_after=2024-09-12T00:00:00+00:00
[2024-09-12T06:59:28.119+0000] {processor.py:179} INFO - Processing /home/vscode/.local/lib/python3.10/site-packages/airflow/example_dags/example_branch_operator_decorator.py took 0.076 seconds
[2024-09-12T07:00:18.148+0000] {processor.py:157} INFO - Started process (PID=15765) to work on /home/vscode/.local/lib/python3.10/site-packages/airflow/example_dags/example_branch_operator_decorator.py
[2024-09-12T07:00:18.149+0000] {processor.py:826} INFO - Processing file /home/vscode/.local/lib/python3.10/site-packages/airflow/example_dags/example_branch_operator_decorator.py for tasks to queue
[2024-09-12T07:00:18.150+0000] {logging_mixin.py:150} INFO - [2024-09-12T07:00:18.149+0000] {dagbag.py:541} INFO - Filling up the DagBag from /home/vscode/.local/lib/python3.10/site-packages/airflow/example_dags/example_branch_operator_decorator.py
[2024-09-12T07:00:18.157+0000] {processor.py:836} INFO - DAG(s) dict_keys(['example_branch_python_operator_decorator']) retrieved from /home/vscode/.local/lib/python3.10/site-packages/airflow/example_dags/example_branch_operator_decorator.py
[2024-09-12T07:00:18.169+0000] {logging_mixin.py:150} INFO - [2024-09-12T07:00:18.169+0000] {dag.py:2742} INFO - Sync 1 DAGs
[2024-09-12T07:00:18.184+0000] {logging_mixin.py:150} INFO - [2024-09-12T07:00:18.184+0000] {dag.py:3504} INFO - Setting next_dagrun for example_branch_python_operator_decorator to 2024-09-11T00:00:00+00:00, run_after=2024-09-12T00:00:00+00:00
[2024-09-12T07:00:18.214+0000] {processor.py:179} INFO - Processing /home/vscode/.local/lib/python3.10/site-packages/airflow/example_dags/example_branch_operator_decorator.py took 0.068 seconds
[2024-09-12T07:01:04.024+0000] {processor.py:157} INFO - Started process (PID=16070) to work on /home/vscode/.local/lib/python3.10/site-packages/airflow/example_dags/example_branch_operator_decorator.py
[2024-09-12T07:01:04.024+0000] {processor.py:826} INFO - Processing file /home/vscode/.local/lib/python3.10/site-packages/airflow/example_dags/example_branch_operator_decorator.py for tasks to queue
[2024-09-12T07:01:04.025+0000] {logging_mixin.py:150} INFO - [2024-09-12T07:01:04.025+0000] {dagbag.py:541} INFO - Filling up the DagBag from /home/vscode/.local/lib/python3.10/site-packages/airflow/example_dags/example_branch_operator_decorator.py
[2024-09-12T07:01:04.032+0000] {processor.py:836} INFO - DAG(s) dict_keys(['example_branch_python_operator_decorator']) retrieved from /home/vscode/.local/lib/python3.10/site-packages/airflow/example_dags/example_branch_operator_decorator.py
[2024-09-12T07:01:04.045+0000] {logging_mixin.py:150} INFO - [2024-09-12T07:01:04.045+0000] {dag.py:2742} INFO - Sync 1 DAGs
[2024-09-12T07:01:04.060+0000] {logging_mixin.py:150} INFO - [2024-09-12T07:01:04.060+0000] {dag.py:3504} INFO - Setting next_dagrun for example_branch_python_operator_decorator to 2024-09-11T00:00:00+00:00, run_after=2024-09-12T00:00:00+00:00
[2024-09-12T07:01:04.091+0000] {processor.py:179} INFO - Processing /home/vscode/.local/lib/python3.10/site-packages/airflow/example_dags/example_branch_operator_decorator.py took 0.070 seconds
[2024-09-12T07:01:45.919+0000] {processor.py:157} INFO - Started process (PID=16361) to work on /home/vscode/.local/lib/python3.10/site-packages/airflow/example_dags/example_branch_operator_decorator.py
[2024-09-12T07:01:45.920+0000] {processor.py:826} INFO - Processing file /home/vscode/.local/lib/python3.10/site-packages/airflow/example_dags/example_branch_operator_decorator.py for tasks to queue
[2024-09-12T07:01:45.921+0000] {logging_mixin.py:150} INFO - [2024-09-12T07:01:45.920+0000] {dagbag.py:541} INFO - Filling up the DagBag from /home/vscode/.local/lib/python3.10/site-packages/airflow/example_dags/example_branch_operator_decorator.py
[2024-09-12T07:01:45.928+0000] {processor.py:836} INFO - DAG(s) dict_keys(['example_branch_python_operator_decorator']) retrieved from /home/vscode/.local/lib/python3.10/site-packages/airflow/example_dags/example_branch_operator_decorator.py
[2024-09-12T07:01:45.941+0000] {logging_mixin.py:150} INFO - [2024-09-12T07:01:45.941+0000] {dag.py:2742} INFO - Sync 1 DAGs
[2024-09-12T07:01:45.956+0000] {logging_mixin.py:150} INFO - [2024-09-12T07:01:45.956+0000] {dag.py:3504} INFO - Setting next_dagrun for example_branch_python_operator_decorator to 2024-09-11T00:00:00+00:00, run_after=2024-09-12T00:00:00+00:00
[2024-09-12T07:01:45.984+0000] {processor.py:179} INFO - Processing /home/vscode/.local/lib/python3.10/site-packages/airflow/example_dags/example_branch_operator_decorator.py took 0.067 seconds
[2024-09-12T07:02:26.434+0000] {processor.py:157} INFO - Started process (PID=16631) to work on /home/vscode/.local/lib/python3.10/site-packages/airflow/example_dags/example_branch_operator_decorator.py
[2024-09-12T07:02:26.435+0000] {processor.py:826} INFO - Processing file /home/vscode/.local/lib/python3.10/site-packages/airflow/example_dags/example_branch_operator_decorator.py for tasks to queue
[2024-09-12T07:02:26.435+0000] {logging_mixin.py:150} INFO - [2024-09-12T07:02:26.435+0000] {dagbag.py:541} INFO - Filling up the DagBag from /home/vscode/.local/lib/python3.10/site-packages/airflow/example_dags/example_branch_operator_decorator.py
[2024-09-12T07:02:26.443+0000] {processor.py:836} INFO - DAG(s) dict_keys(['example_branch_python_operator_decorator']) retrieved from /home/vscode/.local/lib/python3.10/site-packages/airflow/example_dags/example_branch_operator_decorator.py
[2024-09-12T07:02:26.455+0000] {logging_mixin.py:150} INFO - [2024-09-12T07:02:26.455+0000] {dag.py:2742} INFO - Sync 1 DAGs
[2024-09-12T07:02:26.470+0000] {logging_mixin.py:150} INFO - [2024-09-12T07:02:26.470+0000] {dag.py:3504} INFO - Setting next_dagrun for example_branch_python_operator_decorator to 2024-09-11T00:00:00+00:00, run_after=2024-09-12T00:00:00+00:00
[2024-09-12T07:02:26.513+0000] {processor.py:179} INFO - Processing /home/vscode/.local/lib/python3.10/site-packages/airflow/example_dags/example_branch_operator_decorator.py took 0.081 seconds
[2024-09-12T07:03:13.645+0000] {processor.py:157} INFO - Started process (PID=16950) to work on /home/vscode/.local/lib/python3.10/site-packages/airflow/example_dags/example_branch_operator_decorator.py
[2024-09-12T07:03:13.645+0000] {processor.py:826} INFO - Processing file /home/vscode/.local/lib/python3.10/site-packages/airflow/example_dags/example_branch_operator_decorator.py for tasks to queue
[2024-09-12T07:03:13.646+0000] {logging_mixin.py:150} INFO - [2024-09-12T07:03:13.646+0000] {dagbag.py:541} INFO - Filling up the DagBag from /home/vscode/.local/lib/python3.10/site-packages/airflow/example_dags/example_branch_operator_decorator.py
[2024-09-12T07:03:13.653+0000] {processor.py:836} INFO - DAG(s) dict_keys(['example_branch_python_operator_decorator']) retrieved from /home/vscode/.local/lib/python3.10/site-packages/airflow/example_dags/example_branch_operator_decorator.py
[2024-09-12T07:03:13.666+0000] {logging_mixin.py:150} INFO - [2024-09-12T07:03:13.666+0000] {dag.py:2742} INFO - Sync 1 DAGs
[2024-09-12T07:03:13.681+0000] {logging_mixin.py:150} INFO - [2024-09-12T07:03:13.680+0000] {dag.py:3504} INFO - Setting next_dagrun for example_branch_python_operator_decorator to 2024-09-11T00:00:00+00:00, run_after=2024-09-12T00:00:00+00:00
[2024-09-12T07:03:13.717+0000] {processor.py:179} INFO - Processing /home/vscode/.local/lib/python3.10/site-packages/airflow/example_dags/example_branch_operator_decorator.py took 0.075 seconds
[2024-09-12T07:04:04.597+0000] {processor.py:157} INFO - Started process (PID=17346) to work on /home/vscode/.local/lib/python3.10/site-packages/airflow/example_dags/example_branch_operator_decorator.py
[2024-09-12T07:04:04.597+0000] {processor.py:826} INFO - Processing file /home/vscode/.local/lib/python3.10/site-packages/airflow/example_dags/example_branch_operator_decorator.py for tasks to queue
[2024-09-12T07:04:04.598+0000] {logging_mixin.py:150} INFO - [2024-09-12T07:04:04.598+0000] {dagbag.py:541} INFO - Filling up the DagBag from /home/vscode/.local/lib/python3.10/site-packages/airflow/example_dags/example_branch_operator_decorator.py
[2024-09-12T07:04:04.605+0000] {processor.py:836} INFO - DAG(s) dict_keys(['example_branch_python_operator_decorator']) retrieved from /home/vscode/.local/lib/python3.10/site-packages/airflow/example_dags/example_branch_operator_decorator.py
[2024-09-12T07:04:04.618+0000] {logging_mixin.py:150} INFO - [2024-09-12T07:04:04.618+0000] {dag.py:2742} INFO - Sync 1 DAGs
[2024-09-12T07:04:04.633+0000] {logging_mixin.py:150} INFO - [2024-09-12T07:04:04.633+0000] {dag.py:3504} INFO - Setting next_dagrun for example_branch_python_operator_decorator to 2024-09-11T00:00:00+00:00, run_after=2024-09-12T00:00:00+00:00
[2024-09-12T07:04:04.695+0000] {processor.py:179} INFO - Processing /home/vscode/.local/lib/python3.10/site-packages/airflow/example_dags/example_branch_operator_decorator.py took 0.101 seconds
[2024-09-12T07:04:48.894+0000] {processor.py:157} INFO - Started process (PID=17673) to work on /home/vscode/.local/lib/python3.10/site-packages/airflow/example_dags/example_branch_operator_decorator.py
[2024-09-12T07:04:48.895+0000] {processor.py:826} INFO - Processing file /home/vscode/.local/lib/python3.10/site-packages/airflow/example_dags/example_branch_operator_decorator.py for tasks to queue
[2024-09-12T07:04:48.895+0000] {logging_mixin.py:150} INFO - [2024-09-12T07:04:48.895+0000] {dagbag.py:541} INFO - Filling up the DagBag from /home/vscode/.local/lib/python3.10/site-packages/airflow/example_dags/example_branch_operator_decorator.py
[2024-09-12T07:04:48.903+0000] {processor.py:836} INFO - DAG(s) dict_keys(['example_branch_python_operator_decorator']) retrieved from /home/vscode/.local/lib/python3.10/site-packages/airflow/example_dags/example_branch_operator_decorator.py
[2024-09-12T07:04:48.916+0000] {logging_mixin.py:150} INFO - [2024-09-12T07:04:48.916+0000] {dag.py:2742} INFO - Sync 1 DAGs
[2024-09-12T07:04:48.931+0000] {logging_mixin.py:150} INFO - [2024-09-12T07:04:48.930+0000] {dag.py:3504} INFO - Setting next_dagrun for example_branch_python_operator_decorator to 2024-09-11T00:00:00+00:00, run_after=2024-09-12T00:00:00+00:00
[2024-09-12T07:04:48.963+0000] {processor.py:179} INFO - Processing /home/vscode/.local/lib/python3.10/site-packages/airflow/example_dags/example_branch_operator_decorator.py took 0.072 seconds
[2024-09-12T07:05:35.794+0000] {processor.py:157} INFO - Started process (PID=18112) to work on /home/vscode/.local/lib/python3.10/site-packages/airflow/example_dags/example_branch_operator_decorator.py
[2024-09-12T07:05:35.794+0000] {processor.py:826} INFO - Processing file /home/vscode/.local/lib/python3.10/site-packages/airflow/example_dags/example_branch_operator_decorator.py for tasks to queue
[2024-09-12T07:05:35.795+0000] {logging_mixin.py:150} INFO - [2024-09-12T07:05:35.795+0000] {dagbag.py:541} INFO - Filling up the DagBag from /home/vscode/.local/lib/python3.10/site-packages/airflow/example_dags/example_branch_operator_decorator.py
[2024-09-12T07:05:35.802+0000] {processor.py:836} INFO - DAG(s) dict_keys(['example_branch_python_operator_decorator']) retrieved from /home/vscode/.local/lib/python3.10/site-packages/airflow/example_dags/example_branch_operator_decorator.py
[2024-09-12T07:05:35.815+0000] {logging_mixin.py:150} INFO - [2024-09-12T07:05:35.815+0000] {dag.py:2742} INFO - Sync 1 DAGs
[2024-09-12T07:05:35.831+0000] {logging_mixin.py:150} INFO - [2024-09-12T07:05:35.831+0000] {dag.py:3504} INFO - Setting next_dagrun for example_branch_python_operator_decorator to 2024-09-11T00:00:00+00:00, run_after=2024-09-12T00:00:00+00:00
[2024-09-12T07:05:35.860+0000] {processor.py:179} INFO - Processing /home/vscode/.local/lib/python3.10/site-packages/airflow/example_dags/example_branch_operator_decorator.py took 0.069 seconds
[2024-09-12T07:06:18.912+0000] {processor.py:157} INFO - Started process (PID=18450) to work on /home/vscode/.local/lib/python3.10/site-packages/airflow/example_dags/example_branch_operator_decorator.py
[2024-09-12T07:06:18.912+0000] {processor.py:826} INFO - Processing file /home/vscode/.local/lib/python3.10/site-packages/airflow/example_dags/example_branch_operator_decorator.py for tasks to queue
[2024-09-12T07:06:18.913+0000] {logging_mixin.py:150} INFO - [2024-09-12T07:06:18.913+0000] {dagbag.py:541} INFO - Filling up the DagBag from /home/vscode/.local/lib/python3.10/site-packages/airflow/example_dags/example_branch_operator_decorator.py
[2024-09-12T07:06:18.920+0000] {processor.py:836} INFO - DAG(s) dict_keys(['example_branch_python_operator_decorator']) retrieved from /home/vscode/.local/lib/python3.10/site-packages/airflow/example_dags/example_branch_operator_decorator.py
[2024-09-12T07:06:18.932+0000] {logging_mixin.py:150} INFO - [2024-09-12T07:06:18.932+0000] {dag.py:2742} INFO - Sync 1 DAGs
[2024-09-12T07:06:18.947+0000] {logging_mixin.py:150} INFO - [2024-09-12T07:06:18.947+0000] {dag.py:3504} INFO - Setting next_dagrun for example_branch_python_operator_decorator to 2024-09-11T00:00:00+00:00, run_after=2024-09-12T00:00:00+00:00
[2024-09-12T07:06:18.984+0000] {processor.py:179} INFO - Processing /home/vscode/.local/lib/python3.10/site-packages/airflow/example_dags/example_branch_operator_decorator.py took 0.075 seconds
[2024-09-12T07:07:03.979+0000] {processor.py:157} INFO - Started process (PID=18772) to work on /home/vscode/.local/lib/python3.10/site-packages/airflow/example_dags/example_branch_operator_decorator.py
[2024-09-12T07:07:03.980+0000] {processor.py:826} INFO - Processing file /home/vscode/.local/lib/python3.10/site-packages/airflow/example_dags/example_branch_operator_decorator.py for tasks to queue
[2024-09-12T07:07:03.981+0000] {logging_mixin.py:150} INFO - [2024-09-12T07:07:03.980+0000] {dagbag.py:541} INFO - Filling up the DagBag from /home/vscode/.local/lib/python3.10/site-packages/airflow/example_dags/example_branch_operator_decorator.py
[2024-09-12T07:07:03.988+0000] {processor.py:836} INFO - DAG(s) dict_keys(['example_branch_python_operator_decorator']) retrieved from /home/vscode/.local/lib/python3.10/site-packages/airflow/example_dags/example_branch_operator_decorator.py
[2024-09-12T07:07:04.001+0000] {logging_mixin.py:150} INFO - [2024-09-12T07:07:04.001+0000] {dag.py:2742} INFO - Sync 1 DAGs
[2024-09-12T07:07:04.017+0000] {logging_mixin.py:150} INFO - [2024-09-12T07:07:04.016+0000] {dag.py:3504} INFO - Setting next_dagrun for example_branch_python_operator_decorator to 2024-09-11T00:00:00+00:00, run_after=2024-09-12T00:00:00+00:00
[2024-09-12T07:07:04.060+0000] {processor.py:179} INFO - Processing /home/vscode/.local/lib/python3.10/site-packages/airflow/example_dags/example_branch_operator_decorator.py took 0.083 seconds
[2024-09-12T07:07:48.251+0000] {processor.py:157} INFO - Started process (PID=19069) to work on /home/vscode/.local/lib/python3.10/site-packages/airflow/example_dags/example_branch_operator_decorator.py
[2024-09-12T07:07:48.251+0000] {processor.py:826} INFO - Processing file /home/vscode/.local/lib/python3.10/site-packages/airflow/example_dags/example_branch_operator_decorator.py for tasks to queue
[2024-09-12T07:07:48.252+0000] {logging_mixin.py:150} INFO - [2024-09-12T07:07:48.252+0000] {dagbag.py:541} INFO - Filling up the DagBag from /home/vscode/.local/lib/python3.10/site-packages/airflow/example_dags/example_branch_operator_decorator.py
[2024-09-12T07:07:48.259+0000] {processor.py:836} INFO - DAG(s) dict_keys(['example_branch_python_operator_decorator']) retrieved from /home/vscode/.local/lib/python3.10/site-packages/airflow/example_dags/example_branch_operator_decorator.py
[2024-09-12T07:07:48.273+0000] {logging_mixin.py:150} INFO - [2024-09-12T07:07:48.273+0000] {dag.py:2742} INFO - Sync 1 DAGs
[2024-09-12T07:07:48.292+0000] {logging_mixin.py:150} INFO - [2024-09-12T07:07:48.292+0000] {dag.py:3504} INFO - Setting next_dagrun for example_branch_python_operator_decorator to 2024-09-11T00:00:00+00:00, run_after=2024-09-12T00:00:00+00:00
[2024-09-12T07:07:48.324+0000] {processor.py:179} INFO - Processing /home/vscode/.local/lib/python3.10/site-packages/airflow/example_dags/example_branch_operator_decorator.py took 0.075 seconds
[2024-09-12T07:08:32.010+0000] {processor.py:157} INFO - Started process (PID=19416) to work on /home/vscode/.local/lib/python3.10/site-packages/airflow/example_dags/example_branch_operator_decorator.py
[2024-09-12T07:08:32.011+0000] {processor.py:826} INFO - Processing file /home/vscode/.local/lib/python3.10/site-packages/airflow/example_dags/example_branch_operator_decorator.py for tasks to queue
[2024-09-12T07:08:32.011+0000] {logging_mixin.py:150} INFO - [2024-09-12T07:08:32.011+0000] {dagbag.py:541} INFO - Filling up the DagBag from /home/vscode/.local/lib/python3.10/site-packages/airflow/example_dags/example_branch_operator_decorator.py
[2024-09-12T07:08:32.022+0000] {processor.py:836} INFO - DAG(s) dict_keys(['example_branch_python_operator_decorator']) retrieved from /home/vscode/.local/lib/python3.10/site-packages/airflow/example_dags/example_branch_operator_decorator.py
[2024-09-12T07:08:32.041+0000] {logging_mixin.py:150} INFO - [2024-09-12T07:08:32.041+0000] {dag.py:2742} INFO - Sync 1 DAGs
[2024-09-12T07:08:32.061+0000] {logging_mixin.py:150} INFO - [2024-09-12T07:08:32.061+0000] {dag.py:3504} INFO - Setting next_dagrun for example_branch_python_operator_decorator to 2024-09-11T00:00:00+00:00, run_after=2024-09-12T00:00:00+00:00
[2024-09-12T07:08:32.109+0000] {processor.py:179} INFO - Processing /home/vscode/.local/lib/python3.10/site-packages/airflow/example_dags/example_branch_operator_decorator.py took 0.101 seconds
[2024-09-12T07:09:18.275+0000] {processor.py:157} INFO - Started process (PID=19795) to work on /home/vscode/.local/lib/python3.10/site-packages/airflow/example_dags/example_branch_operator_decorator.py
[2024-09-12T07:09:18.275+0000] {processor.py:826} INFO - Processing file /home/vscode/.local/lib/python3.10/site-packages/airflow/example_dags/example_branch_operator_decorator.py for tasks to queue
[2024-09-12T07:09:18.276+0000] {logging_mixin.py:150} INFO - [2024-09-12T07:09:18.276+0000] {dagbag.py:541} INFO - Filling up the DagBag from /home/vscode/.local/lib/python3.10/site-packages/airflow/example_dags/example_branch_operator_decorator.py
[2024-09-12T07:09:18.283+0000] {processor.py:836} INFO - DAG(s) dict_keys(['example_branch_python_operator_decorator']) retrieved from /home/vscode/.local/lib/python3.10/site-packages/airflow/example_dags/example_branch_operator_decorator.py
[2024-09-12T07:09:18.297+0000] {logging_mixin.py:150} INFO - [2024-09-12T07:09:18.297+0000] {dag.py:2742} INFO - Sync 1 DAGs
[2024-09-12T07:09:18.312+0000] {logging_mixin.py:150} INFO - [2024-09-12T07:09:18.312+0000] {dag.py:3504} INFO - Setting next_dagrun for example_branch_python_operator_decorator to 2024-09-11T00:00:00+00:00, run_after=2024-09-12T00:00:00+00:00
[2024-09-12T07:09:18.346+0000] {processor.py:179} INFO - Processing /home/vscode/.local/lib/python3.10/site-packages/airflow/example_dags/example_branch_operator_decorator.py took 0.074 seconds
[2024-09-12T07:10:02.092+0000] {processor.py:157} INFO - Started process (PID=20110) to work on /home/vscode/.local/lib/python3.10/site-packages/airflow/example_dags/example_branch_operator_decorator.py
[2024-09-12T07:10:02.092+0000] {processor.py:826} INFO - Processing file /home/vscode/.local/lib/python3.10/site-packages/airflow/example_dags/example_branch_operator_decorator.py for tasks to queue
[2024-09-12T07:10:02.093+0000] {logging_mixin.py:150} INFO - [2024-09-12T07:10:02.093+0000] {dagbag.py:541} INFO - Filling up the DagBag from /home/vscode/.local/lib/python3.10/site-packages/airflow/example_dags/example_branch_operator_decorator.py
[2024-09-12T07:10:02.101+0000] {processor.py:836} INFO - DAG(s) dict_keys(['example_branch_python_operator_decorator']) retrieved from /home/vscode/.local/lib/python3.10/site-packages/airflow/example_dags/example_branch_operator_decorator.py
[2024-09-12T07:10:02.114+0000] {logging_mixin.py:150} INFO - [2024-09-12T07:10:02.114+0000] {dag.py:2742} INFO - Sync 1 DAGs
[2024-09-12T07:10:02.129+0000] {logging_mixin.py:150} INFO - [2024-09-12T07:10:02.129+0000] {dag.py:3504} INFO - Setting next_dagrun for example_branch_python_operator_decorator to 2024-09-11T00:00:00+00:00, run_after=2024-09-12T00:00:00+00:00
[2024-09-12T07:10:02.163+0000] {processor.py:179} INFO - Processing /home/vscode/.local/lib/python3.10/site-packages/airflow/example_dags/example_branch_operator_decorator.py took 0.073 seconds
