[2024-09-12T06:39:48.822+0000] {processor.py:157} INFO - Started process (PID=7504) to work on /home/vscode/.local/lib/python3.10/site-packages/airflow/example_dags/example_latest_only_with_trigger.py
[2024-09-12T06:39:48.822+0000] {processor.py:826} INFO - Processing file /home/vscode/.local/lib/python3.10/site-packages/airflow/example_dags/example_latest_only_with_trigger.py for tasks to queue
[2024-09-12T06:39:48.823+0000] {logging_mixin.py:150} INFO - [2024-09-12T06:39:48.822+0000] {dagbag.py:541} INFO - Filling up the DagBag from /home/vscode/.local/lib/python3.10/site-packages/airflow/example_dags/example_latest_only_with_trigger.py
[2024-09-12T06:39:48.827+0000] {processor.py:836} INFO - DAG(s) dict_keys(['latest_only_with_trigger']) retrieved from /home/vscode/.local/lib/python3.10/site-packages/airflow/example_dags/example_latest_only_with_trigger.py
[2024-09-12T06:39:49.038+0000] {logging_mixin.py:150} INFO - [2024-09-12T06:39:49.038+0000] {manager.py:504} INFO - Created Permission View: can delete on DAG:latest_only_with_trigger
[2024-09-12T06:39:49.065+0000] {logging_mixin.py:150} INFO - [2024-09-12T06:39:49.064+0000] {manager.py:504} INFO - Created Permission View: can read on DAG:latest_only_with_trigger
[2024-09-12T06:39:49.088+0000] {logging_mixin.py:150} INFO - [2024-09-12T06:39:49.088+0000] {manager.py:504} INFO - Created Permission View: can edit on DAG:latest_only_with_trigger
[2024-09-12T06:39:49.096+0000] {logging_mixin.py:150} INFO - [2024-09-12T06:39:49.096+0000] {dag.py:2742} INFO - Sync 1 DAGs
[2024-09-12T06:39:49.102+0000] {logging_mixin.py:150} INFO - [2024-09-12T06:39:49.102+0000] {dag.py:2763} INFO - Creating ORM DAG for latest_only_with_trigger
[2024-09-12T06:39:49.107+0000] {logging_mixin.py:150} INFO - [2024-09-12T06:39:49.107+0000] {dag.py:3504} INFO - Setting next_dagrun for latest_only_with_trigger to 2024-09-12T02:39:49.107685+00:00, run_after=2024-09-12T06:39:49.107685+00:00
[2024-09-12T06:39:49.144+0000] {processor.py:179} INFO - Processing /home/vscode/.local/lib/python3.10/site-packages/airflow/example_dags/example_latest_only_with_trigger.py took 0.324 seconds
[2024-09-12T06:40:40.981+0000] {processor.py:157} INFO - Started process (PID=7849) to work on /home/vscode/.local/lib/python3.10/site-packages/airflow/example_dags/example_latest_only_with_trigger.py
[2024-09-12T06:40:40.981+0000] {processor.py:826} INFO - Processing file /home/vscode/.local/lib/python3.10/site-packages/airflow/example_dags/example_latest_only_with_trigger.py for tasks to queue
[2024-09-12T06:40:40.982+0000] {logging_mixin.py:150} INFO - [2024-09-12T06:40:40.982+0000] {dagbag.py:541} INFO - Filling up the DagBag from /home/vscode/.local/lib/python3.10/site-packages/airflow/example_dags/example_latest_only_with_trigger.py
[2024-09-12T06:40:40.986+0000] {processor.py:836} INFO - DAG(s) dict_keys(['latest_only_with_trigger']) retrieved from /home/vscode/.local/lib/python3.10/site-packages/airflow/example_dags/example_latest_only_with_trigger.py
[2024-09-12T06:40:40.998+0000] {logging_mixin.py:150} INFO - [2024-09-12T06:40:40.998+0000] {dag.py:2742} INFO - Sync 1 DAGs
[2024-09-12T06:40:41.012+0000] {logging_mixin.py:150} INFO - [2024-09-12T06:40:41.012+0000] {dag.py:3504} INFO - Setting next_dagrun for latest_only_with_trigger to 2024-09-12T02:40:41.012468+00:00, run_after=2024-09-12T06:40:41.012468+00:00
[2024-09-12T06:40:41.066+0000] {processor.py:179} INFO - Processing /home/vscode/.local/lib/python3.10/site-packages/airflow/example_dags/example_latest_only_with_trigger.py took 0.087 seconds
[2024-09-12T06:41:24.458+0000] {processor.py:157} INFO - Started process (PID=8140) to work on /home/vscode/.local/lib/python3.10/site-packages/airflow/example_dags/example_latest_only_with_trigger.py
[2024-09-12T06:41:24.458+0000] {processor.py:826} INFO - Processing file /home/vscode/.local/lib/python3.10/site-packages/airflow/example_dags/example_latest_only_with_trigger.py for tasks to queue
[2024-09-12T06:41:24.459+0000] {logging_mixin.py:150} INFO - [2024-09-12T06:41:24.459+0000] {dagbag.py:541} INFO - Filling up the DagBag from /home/vscode/.local/lib/python3.10/site-packages/airflow/example_dags/example_latest_only_with_trigger.py
[2024-09-12T06:41:24.463+0000] {processor.py:836} INFO - DAG(s) dict_keys(['latest_only_with_trigger']) retrieved from /home/vscode/.local/lib/python3.10/site-packages/airflow/example_dags/example_latest_only_with_trigger.py
[2024-09-12T06:41:24.475+0000] {logging_mixin.py:150} INFO - [2024-09-12T06:41:24.475+0000] {dag.py:2742} INFO - Sync 1 DAGs
[2024-09-12T06:41:24.488+0000] {logging_mixin.py:150} INFO - [2024-09-12T06:41:24.488+0000] {dag.py:3504} INFO - Setting next_dagrun for latest_only_with_trigger to 2024-09-12T02:41:24.488323+00:00, run_after=2024-09-12T06:41:24.488323+00:00
[2024-09-12T06:41:24.527+0000] {processor.py:179} INFO - Processing /home/vscode/.local/lib/python3.10/site-packages/airflow/example_dags/example_latest_only_with_trigger.py took 0.072 seconds
[2024-09-12T06:42:11.743+0000] {processor.py:157} INFO - Started process (PID=8457) to work on /home/vscode/.local/lib/python3.10/site-packages/airflow/example_dags/example_latest_only_with_trigger.py
[2024-09-12T06:42:11.744+0000] {processor.py:826} INFO - Processing file /home/vscode/.local/lib/python3.10/site-packages/airflow/example_dags/example_latest_only_with_trigger.py for tasks to queue
[2024-09-12T06:42:11.745+0000] {logging_mixin.py:150} INFO - [2024-09-12T06:42:11.744+0000] {dagbag.py:541} INFO - Filling up the DagBag from /home/vscode/.local/lib/python3.10/site-packages/airflow/example_dags/example_latest_only_with_trigger.py
[2024-09-12T06:42:11.749+0000] {processor.py:836} INFO - DAG(s) dict_keys(['latest_only_with_trigger']) retrieved from /home/vscode/.local/lib/python3.10/site-packages/airflow/example_dags/example_latest_only_with_trigger.py
[2024-09-12T06:42:11.761+0000] {logging_mixin.py:150} INFO - [2024-09-12T06:42:11.761+0000] {dag.py:2742} INFO - Sync 1 DAGs
[2024-09-12T06:42:11.775+0000] {logging_mixin.py:150} INFO - [2024-09-12T06:42:11.775+0000] {dag.py:3504} INFO - Setting next_dagrun for latest_only_with_trigger to 2024-09-12T02:42:11.775551+00:00, run_after=2024-09-12T06:42:11.775551+00:00
[2024-09-12T06:42:11.817+0000] {processor.py:179} INFO - Processing /home/vscode/.local/lib/python3.10/site-packages/airflow/example_dags/example_latest_only_with_trigger.py took 0.076 seconds
[2024-09-12T06:42:56.106+0000] {processor.py:157} INFO - Started process (PID=8755) to work on /home/vscode/.local/lib/python3.10/site-packages/airflow/example_dags/example_latest_only_with_trigger.py
[2024-09-12T06:42:56.107+0000] {processor.py:826} INFO - Processing file /home/vscode/.local/lib/python3.10/site-packages/airflow/example_dags/example_latest_only_with_trigger.py for tasks to queue
[2024-09-12T06:42:56.107+0000] {logging_mixin.py:150} INFO - [2024-09-12T06:42:56.107+0000] {dagbag.py:541} INFO - Filling up the DagBag from /home/vscode/.local/lib/python3.10/site-packages/airflow/example_dags/example_latest_only_with_trigger.py
[2024-09-12T06:42:56.112+0000] {processor.py:836} INFO - DAG(s) dict_keys(['latest_only_with_trigger']) retrieved from /home/vscode/.local/lib/python3.10/site-packages/airflow/example_dags/example_latest_only_with_trigger.py
[2024-09-12T06:42:56.123+0000] {logging_mixin.py:150} INFO - [2024-09-12T06:42:56.123+0000] {dag.py:2742} INFO - Sync 1 DAGs
[2024-09-12T06:42:56.137+0000] {logging_mixin.py:150} INFO - [2024-09-12T06:42:56.137+0000] {dag.py:3504} INFO - Setting next_dagrun for latest_only_with_trigger to 2024-09-12T02:42:56.137395+00:00, run_after=2024-09-12T06:42:56.137395+00:00
[2024-09-12T06:42:56.171+0000] {processor.py:179} INFO - Processing /home/vscode/.local/lib/python3.10/site-packages/airflow/example_dags/example_latest_only_with_trigger.py took 0.067 seconds
[2024-09-12T06:43:39.633+0000] {processor.py:157} INFO - Started process (PID=9043) to work on /home/vscode/.local/lib/python3.10/site-packages/airflow/example_dags/example_latest_only_with_trigger.py
[2024-09-12T06:43:39.633+0000] {processor.py:826} INFO - Processing file /home/vscode/.local/lib/python3.10/site-packages/airflow/example_dags/example_latest_only_with_trigger.py for tasks to queue
[2024-09-12T06:43:39.634+0000] {logging_mixin.py:150} INFO - [2024-09-12T06:43:39.634+0000] {dagbag.py:541} INFO - Filling up the DagBag from /home/vscode/.local/lib/python3.10/site-packages/airflow/example_dags/example_latest_only_with_trigger.py
[2024-09-12T06:43:39.639+0000] {processor.py:836} INFO - DAG(s) dict_keys(['latest_only_with_trigger']) retrieved from /home/vscode/.local/lib/python3.10/site-packages/airflow/example_dags/example_latest_only_with_trigger.py
[2024-09-12T06:43:39.651+0000] {logging_mixin.py:150} INFO - [2024-09-12T06:43:39.651+0000] {dag.py:2742} INFO - Sync 1 DAGs
[2024-09-12T06:43:39.664+0000] {logging_mixin.py:150} INFO - [2024-09-12T06:43:39.664+0000] {dag.py:3504} INFO - Setting next_dagrun for latest_only_with_trigger to 2024-09-12T02:43:39.664549+00:00, run_after=2024-09-12T06:43:39.664549+00:00
[2024-09-12T06:43:39.696+0000] {processor.py:179} INFO - Processing /home/vscode/.local/lib/python3.10/site-packages/airflow/example_dags/example_latest_only_with_trigger.py took 0.065 seconds
[2024-09-12T06:44:20.243+0000] {processor.py:157} INFO - Started process (PID=9322) to work on /home/vscode/.local/lib/python3.10/site-packages/airflow/example_dags/example_latest_only_with_trigger.py
[2024-09-12T06:44:20.243+0000] {processor.py:826} INFO - Processing file /home/vscode/.local/lib/python3.10/site-packages/airflow/example_dags/example_latest_only_with_trigger.py for tasks to queue
[2024-09-12T06:44:20.244+0000] {logging_mixin.py:150} INFO - [2024-09-12T06:44:20.243+0000] {dagbag.py:541} INFO - Filling up the DagBag from /home/vscode/.local/lib/python3.10/site-packages/airflow/example_dags/example_latest_only_with_trigger.py
[2024-09-12T06:44:20.248+0000] {processor.py:836} INFO - DAG(s) dict_keys(['latest_only_with_trigger']) retrieved from /home/vscode/.local/lib/python3.10/site-packages/airflow/example_dags/example_latest_only_with_trigger.py
[2024-09-12T06:44:20.260+0000] {logging_mixin.py:150} INFO - [2024-09-12T06:44:20.260+0000] {dag.py:2742} INFO - Sync 1 DAGs
[2024-09-12T06:44:20.274+0000] {logging_mixin.py:150} INFO - [2024-09-12T06:44:20.274+0000] {dag.py:3504} INFO - Setting next_dagrun for latest_only_with_trigger to 2024-09-12T02:44:20.273874+00:00, run_after=2024-09-12T06:44:20.273874+00:00
[2024-09-12T06:44:20.307+0000] {processor.py:179} INFO - Processing /home/vscode/.local/lib/python3.10/site-packages/airflow/example_dags/example_latest_only_with_trigger.py took 0.067 seconds
[2024-09-12T06:45:03.992+0000] {processor.py:157} INFO - Started process (PID=9624) to work on /home/vscode/.local/lib/python3.10/site-packages/airflow/example_dags/example_latest_only_with_trigger.py
[2024-09-12T06:45:03.992+0000] {processor.py:826} INFO - Processing file /home/vscode/.local/lib/python3.10/site-packages/airflow/example_dags/example_latest_only_with_trigger.py for tasks to queue
[2024-09-12T06:45:03.993+0000] {logging_mixin.py:150} INFO - [2024-09-12T06:45:03.993+0000] {dagbag.py:541} INFO - Filling up the DagBag from /home/vscode/.local/lib/python3.10/site-packages/airflow/example_dags/example_latest_only_with_trigger.py
[2024-09-12T06:45:03.998+0000] {processor.py:836} INFO - DAG(s) dict_keys(['latest_only_with_trigger']) retrieved from /home/vscode/.local/lib/python3.10/site-packages/airflow/example_dags/example_latest_only_with_trigger.py
[2024-09-12T06:45:04.009+0000] {logging_mixin.py:150} INFO - [2024-09-12T06:45:04.009+0000] {dag.py:2742} INFO - Sync 1 DAGs
[2024-09-12T06:45:04.023+0000] {logging_mixin.py:150} INFO - [2024-09-12T06:45:04.023+0000] {dag.py:3504} INFO - Setting next_dagrun for latest_only_with_trigger to 2024-09-12T02:45:04.022844+00:00, run_after=2024-09-12T06:45:04.022844+00:00
[2024-09-12T06:45:04.054+0000] {processor.py:179} INFO - Processing /home/vscode/.local/lib/python3.10/site-packages/airflow/example_dags/example_latest_only_with_trigger.py took 0.065 seconds
[2024-09-12T06:45:51.262+0000] {processor.py:157} INFO - Started process (PID=9935) to work on /home/vscode/.local/lib/python3.10/site-packages/airflow/example_dags/example_latest_only_with_trigger.py
[2024-09-12T06:45:51.262+0000] {processor.py:826} INFO - Processing file /home/vscode/.local/lib/python3.10/site-packages/airflow/example_dags/example_latest_only_with_trigger.py for tasks to queue
[2024-09-12T06:45:51.263+0000] {logging_mixin.py:150} INFO - [2024-09-12T06:45:51.262+0000] {dagbag.py:541} INFO - Filling up the DagBag from /home/vscode/.local/lib/python3.10/site-packages/airflow/example_dags/example_latest_only_with_trigger.py
[2024-09-12T06:45:51.267+0000] {processor.py:836} INFO - DAG(s) dict_keys(['latest_only_with_trigger']) retrieved from /home/vscode/.local/lib/python3.10/site-packages/airflow/example_dags/example_latest_only_with_trigger.py
[2024-09-12T06:45:51.279+0000] {logging_mixin.py:150} INFO - [2024-09-12T06:45:51.279+0000] {dag.py:2742} INFO - Sync 1 DAGs
[2024-09-12T06:45:51.292+0000] {logging_mixin.py:150} INFO - [2024-09-12T06:45:51.292+0000] {dag.py:3504} INFO - Setting next_dagrun for latest_only_with_trigger to 2024-09-12T02:45:51.292582+00:00, run_after=2024-09-12T06:45:51.292582+00:00
[2024-09-12T06:45:51.328+0000] {processor.py:179} INFO - Processing /home/vscode/.local/lib/python3.10/site-packages/airflow/example_dags/example_latest_only_with_trigger.py took 0.069 seconds
[2024-09-12T06:46:36.031+0000] {processor.py:157} INFO - Started process (PID=10238) to work on /home/vscode/.local/lib/python3.10/site-packages/airflow/example_dags/example_latest_only_with_trigger.py
[2024-09-12T06:46:36.032+0000] {processor.py:826} INFO - Processing file /home/vscode/.local/lib/python3.10/site-packages/airflow/example_dags/example_latest_only_with_trigger.py for tasks to queue
[2024-09-12T06:46:36.032+0000] {logging_mixin.py:150} INFO - [2024-09-12T06:46:36.032+0000] {dagbag.py:541} INFO - Filling up the DagBag from /home/vscode/.local/lib/python3.10/site-packages/airflow/example_dags/example_latest_only_with_trigger.py
[2024-09-12T06:46:36.037+0000] {processor.py:836} INFO - DAG(s) dict_keys(['latest_only_with_trigger']) retrieved from /home/vscode/.local/lib/python3.10/site-packages/airflow/example_dags/example_latest_only_with_trigger.py
[2024-09-12T06:46:36.048+0000] {logging_mixin.py:150} INFO - [2024-09-12T06:46:36.048+0000] {dag.py:2742} INFO - Sync 1 DAGs
[2024-09-12T06:46:36.062+0000] {logging_mixin.py:150} INFO - [2024-09-12T06:46:36.062+0000] {dag.py:3504} INFO - Setting next_dagrun for latest_only_with_trigger to 2024-09-12T02:46:36.062612+00:00, run_after=2024-09-12T06:46:36.062612+00:00
[2024-09-12T06:46:36.098+0000] {processor.py:179} INFO - Processing /home/vscode/.local/lib/python3.10/site-packages/airflow/example_dags/example_latest_only_with_trigger.py took 0.070 seconds
[2024-09-12T06:47:22.002+0000] {processor.py:157} INFO - Started process (PID=10536) to work on /home/vscode/.local/lib/python3.10/site-packages/airflow/example_dags/example_latest_only_with_trigger.py
[2024-09-12T06:47:22.003+0000] {processor.py:826} INFO - Processing file /home/vscode/.local/lib/python3.10/site-packages/airflow/example_dags/example_latest_only_with_trigger.py for tasks to queue
[2024-09-12T06:47:22.003+0000] {logging_mixin.py:150} INFO - [2024-09-12T06:47:22.003+0000] {dagbag.py:541} INFO - Filling up the DagBag from /home/vscode/.local/lib/python3.10/site-packages/airflow/example_dags/example_latest_only_with_trigger.py
[2024-09-12T06:47:22.009+0000] {processor.py:836} INFO - DAG(s) dict_keys(['latest_only_with_trigger']) retrieved from /home/vscode/.local/lib/python3.10/site-packages/airflow/example_dags/example_latest_only_with_trigger.py
[2024-09-12T06:47:22.021+0000] {logging_mixin.py:150} INFO - [2024-09-12T06:47:22.021+0000] {dag.py:2742} INFO - Sync 1 DAGs
[2024-09-12T06:47:22.035+0000] {logging_mixin.py:150} INFO - [2024-09-12T06:47:22.035+0000] {dag.py:3504} INFO - Setting next_dagrun for latest_only_with_trigger to 2024-09-12T02:47:22.035142+00:00, run_after=2024-09-12T06:47:22.035142+00:00
[2024-09-12T06:47:22.068+0000] {processor.py:179} INFO - Processing /home/vscode/.local/lib/python3.10/site-packages/airflow/example_dags/example_latest_only_with_trigger.py took 0.068 seconds
[2024-09-12T06:48:06.165+0000] {processor.py:157} INFO - Started process (PID=10840) to work on /home/vscode/.local/lib/python3.10/site-packages/airflow/example_dags/example_latest_only_with_trigger.py
[2024-09-12T06:48:06.166+0000] {processor.py:826} INFO - Processing file /home/vscode/.local/lib/python3.10/site-packages/airflow/example_dags/example_latest_only_with_trigger.py for tasks to queue
[2024-09-12T06:48:06.166+0000] {logging_mixin.py:150} INFO - [2024-09-12T06:48:06.166+0000] {dagbag.py:541} INFO - Filling up the DagBag from /home/vscode/.local/lib/python3.10/site-packages/airflow/example_dags/example_latest_only_with_trigger.py
[2024-09-12T06:48:06.171+0000] {processor.py:836} INFO - DAG(s) dict_keys(['latest_only_with_trigger']) retrieved from /home/vscode/.local/lib/python3.10/site-packages/airflow/example_dags/example_latest_only_with_trigger.py
[2024-09-12T06:48:06.186+0000] {logging_mixin.py:150} INFO - [2024-09-12T06:48:06.186+0000] {dag.py:2742} INFO - Sync 1 DAGs
[2024-09-12T06:48:06.208+0000] {logging_mixin.py:150} INFO - [2024-09-12T06:48:06.208+0000] {dag.py:3504} INFO - Setting next_dagrun for latest_only_with_trigger to 2024-09-12T02:48:06.208324+00:00, run_after=2024-09-12T06:48:06.208324+00:00
[2024-09-12T06:48:06.251+0000] {processor.py:179} INFO - Processing /home/vscode/.local/lib/python3.10/site-packages/airflow/example_dags/example_latest_only_with_trigger.py took 0.088 seconds
[2024-09-12T06:48:48.583+0000] {processor.py:157} INFO - Started process (PID=11125) to work on /home/vscode/.local/lib/python3.10/site-packages/airflow/example_dags/example_latest_only_with_trigger.py
[2024-09-12T06:48:48.583+0000] {processor.py:826} INFO - Processing file /home/vscode/.local/lib/python3.10/site-packages/airflow/example_dags/example_latest_only_with_trigger.py for tasks to queue
[2024-09-12T06:48:48.584+0000] {logging_mixin.py:150} INFO - [2024-09-12T06:48:48.584+0000] {dagbag.py:541} INFO - Filling up the DagBag from /home/vscode/.local/lib/python3.10/site-packages/airflow/example_dags/example_latest_only_with_trigger.py
[2024-09-12T06:48:48.589+0000] {processor.py:836} INFO - DAG(s) dict_keys(['latest_only_with_trigger']) retrieved from /home/vscode/.local/lib/python3.10/site-packages/airflow/example_dags/example_latest_only_with_trigger.py
[2024-09-12T06:48:48.600+0000] {logging_mixin.py:150} INFO - [2024-09-12T06:48:48.600+0000] {dag.py:2742} INFO - Sync 1 DAGs
[2024-09-12T06:48:48.614+0000] {logging_mixin.py:150} INFO - [2024-09-12T06:48:48.613+0000] {dag.py:3504} INFO - Setting next_dagrun for latest_only_with_trigger to 2024-09-12T02:48:48.613813+00:00, run_after=2024-09-12T06:48:48.613813+00:00
[2024-09-12T06:48:48.653+0000] {processor.py:179} INFO - Processing /home/vscode/.local/lib/python3.10/site-packages/airflow/example_dags/example_latest_only_with_trigger.py took 0.072 seconds
[2024-09-12T06:49:33.834+0000] {processor.py:157} INFO - Started process (PID=11437) to work on /home/vscode/.local/lib/python3.10/site-packages/airflow/example_dags/example_latest_only_with_trigger.py
[2024-09-12T06:49:33.835+0000] {processor.py:826} INFO - Processing file /home/vscode/.local/lib/python3.10/site-packages/airflow/example_dags/example_latest_only_with_trigger.py for tasks to queue
[2024-09-12T06:49:33.836+0000] {logging_mixin.py:150} INFO - [2024-09-12T06:49:33.835+0000] {dagbag.py:541} INFO - Filling up the DagBag from /home/vscode/.local/lib/python3.10/site-packages/airflow/example_dags/example_latest_only_with_trigger.py
[2024-09-12T06:49:33.840+0000] {processor.py:836} INFO - DAG(s) dict_keys(['latest_only_with_trigger']) retrieved from /home/vscode/.local/lib/python3.10/site-packages/airflow/example_dags/example_latest_only_with_trigger.py
[2024-09-12T06:49:33.855+0000] {logging_mixin.py:150} INFO - [2024-09-12T06:49:33.855+0000] {dag.py:2742} INFO - Sync 1 DAGs
[2024-09-12T06:49:33.870+0000] {logging_mixin.py:150} INFO - [2024-09-12T06:49:33.869+0000] {dag.py:3504} INFO - Setting next_dagrun for latest_only_with_trigger to 2024-09-12T02:49:33.869839+00:00, run_after=2024-09-12T06:49:33.869839+00:00
[2024-09-12T06:49:33.903+0000] {processor.py:179} INFO - Processing /home/vscode/.local/lib/python3.10/site-packages/airflow/example_dags/example_latest_only_with_trigger.py took 0.071 seconds
[2024-09-12T06:50:13.967+0000] {processor.py:157} INFO - Started process (PID=11712) to work on /home/vscode/.local/lib/python3.10/site-packages/airflow/example_dags/example_latest_only_with_trigger.py
[2024-09-12T06:50:13.967+0000] {processor.py:826} INFO - Processing file /home/vscode/.local/lib/python3.10/site-packages/airflow/example_dags/example_latest_only_with_trigger.py for tasks to queue
[2024-09-12T06:50:13.968+0000] {logging_mixin.py:150} INFO - [2024-09-12T06:50:13.968+0000] {dagbag.py:541} INFO - Filling up the DagBag from /home/vscode/.local/lib/python3.10/site-packages/airflow/example_dags/example_latest_only_with_trigger.py
[2024-09-12T06:50:13.973+0000] {processor.py:836} INFO - DAG(s) dict_keys(['latest_only_with_trigger']) retrieved from /home/vscode/.local/lib/python3.10/site-packages/airflow/example_dags/example_latest_only_with_trigger.py
[2024-09-12T06:50:13.983+0000] {logging_mixin.py:150} INFO - [2024-09-12T06:50:13.983+0000] {dag.py:2742} INFO - Sync 1 DAGs
[2024-09-12T06:50:13.998+0000] {logging_mixin.py:150} INFO - [2024-09-12T06:50:13.998+0000] {dag.py:3504} INFO - Setting next_dagrun for latest_only_with_trigger to 2024-09-12T02:50:13.998482+00:00, run_after=2024-09-12T06:50:13.998482+00:00
[2024-09-12T06:50:14.033+0000] {processor.py:179} INFO - Processing /home/vscode/.local/lib/python3.10/site-packages/airflow/example_dags/example_latest_only_with_trigger.py took 0.068 seconds
[2024-09-12T06:50:58.531+0000] {processor.py:157} INFO - Started process (PID=12001) to work on /home/vscode/.local/lib/python3.10/site-packages/airflow/example_dags/example_latest_only_with_trigger.py
[2024-09-12T06:50:58.532+0000] {processor.py:826} INFO - Processing file /home/vscode/.local/lib/python3.10/site-packages/airflow/example_dags/example_latest_only_with_trigger.py for tasks to queue
[2024-09-12T06:50:58.532+0000] {logging_mixin.py:150} INFO - [2024-09-12T06:50:58.532+0000] {dagbag.py:541} INFO - Filling up the DagBag from /home/vscode/.local/lib/python3.10/site-packages/airflow/example_dags/example_latest_only_with_trigger.py
[2024-09-12T06:50:58.537+0000] {processor.py:836} INFO - DAG(s) dict_keys(['latest_only_with_trigger']) retrieved from /home/vscode/.local/lib/python3.10/site-packages/airflow/example_dags/example_latest_only_with_trigger.py
[2024-09-12T06:50:58.548+0000] {logging_mixin.py:150} INFO - [2024-09-12T06:50:58.548+0000] {dag.py:2742} INFO - Sync 1 DAGs
[2024-09-12T06:50:58.562+0000] {logging_mixin.py:150} INFO - [2024-09-12T06:50:58.562+0000] {dag.py:3504} INFO - Setting next_dagrun for latest_only_with_trigger to 2024-09-12T02:50:58.561968+00:00, run_after=2024-09-12T06:50:58.561968+00:00
[2024-09-12T06:50:58.592+0000] {processor.py:179} INFO - Processing /home/vscode/.local/lib/python3.10/site-packages/airflow/example_dags/example_latest_only_with_trigger.py took 0.063 seconds
[2024-09-12T06:51:45.381+0000] {processor.py:157} INFO - Started process (PID=12321) to work on /home/vscode/.local/lib/python3.10/site-packages/airflow/example_dags/example_latest_only_with_trigger.py
[2024-09-12T06:51:45.381+0000] {processor.py:826} INFO - Processing file /home/vscode/.local/lib/python3.10/site-packages/airflow/example_dags/example_latest_only_with_trigger.py for tasks to queue
[2024-09-12T06:51:45.382+0000] {logging_mixin.py:150} INFO - [2024-09-12T06:51:45.382+0000] {dagbag.py:541} INFO - Filling up the DagBag from /home/vscode/.local/lib/python3.10/site-packages/airflow/example_dags/example_latest_only_with_trigger.py
[2024-09-12T06:51:45.387+0000] {processor.py:836} INFO - DAG(s) dict_keys(['latest_only_with_trigger']) retrieved from /home/vscode/.local/lib/python3.10/site-packages/airflow/example_dags/example_latest_only_with_trigger.py
[2024-09-12T06:51:45.399+0000] {logging_mixin.py:150} INFO - [2024-09-12T06:51:45.398+0000] {dag.py:2742} INFO - Sync 1 DAGs
[2024-09-12T06:51:45.413+0000] {logging_mixin.py:150} INFO - [2024-09-12T06:51:45.412+0000] {dag.py:3504} INFO - Setting next_dagrun for latest_only_with_trigger to 2024-09-12T02:51:45.412827+00:00, run_after=2024-09-12T06:51:45.412827+00:00
[2024-09-12T06:51:45.448+0000] {processor.py:179} INFO - Processing /home/vscode/.local/lib/python3.10/site-packages/airflow/example_dags/example_latest_only_with_trigger.py took 0.070 seconds
[2024-09-12T06:52:33.290+0000] {processor.py:157} INFO - Started process (PID=12641) to work on /home/vscode/.local/lib/python3.10/site-packages/airflow/example_dags/example_latest_only_with_trigger.py
[2024-09-12T06:52:33.291+0000] {processor.py:826} INFO - Processing file /home/vscode/.local/lib/python3.10/site-packages/airflow/example_dags/example_latest_only_with_trigger.py for tasks to queue
[2024-09-12T06:52:33.291+0000] {logging_mixin.py:150} INFO - [2024-09-12T06:52:33.291+0000] {dagbag.py:541} INFO - Filling up the DagBag from /home/vscode/.local/lib/python3.10/site-packages/airflow/example_dags/example_latest_only_with_trigger.py
[2024-09-12T06:52:33.296+0000] {processor.py:836} INFO - DAG(s) dict_keys(['latest_only_with_trigger']) retrieved from /home/vscode/.local/lib/python3.10/site-packages/airflow/example_dags/example_latest_only_with_trigger.py
[2024-09-12T06:52:33.307+0000] {logging_mixin.py:150} INFO - [2024-09-12T06:52:33.307+0000] {dag.py:2742} INFO - Sync 1 DAGs
[2024-09-12T06:52:33.321+0000] {logging_mixin.py:150} INFO - [2024-09-12T06:52:33.321+0000] {dag.py:3504} INFO - Setting next_dagrun for latest_only_with_trigger to 2024-09-12T02:52:33.321593+00:00, run_after=2024-09-12T06:52:33.321593+00:00
[2024-09-12T06:52:33.352+0000] {processor.py:179} INFO - Processing /home/vscode/.local/lib/python3.10/site-packages/airflow/example_dags/example_latest_only_with_trigger.py took 0.064 seconds
[2024-09-12T06:53:19.303+0000] {processor.py:157} INFO - Started process (PID=12946) to work on /home/vscode/.local/lib/python3.10/site-packages/airflow/example_dags/example_latest_only_with_trigger.py
[2024-09-12T06:53:19.304+0000] {processor.py:826} INFO - Processing file /home/vscode/.local/lib/python3.10/site-packages/airflow/example_dags/example_latest_only_with_trigger.py for tasks to queue
[2024-09-12T06:53:19.305+0000] {logging_mixin.py:150} INFO - [2024-09-12T06:53:19.304+0000] {dagbag.py:541} INFO - Filling up the DagBag from /home/vscode/.local/lib/python3.10/site-packages/airflow/example_dags/example_latest_only_with_trigger.py
[2024-09-12T06:53:19.310+0000] {processor.py:836} INFO - DAG(s) dict_keys(['latest_only_with_trigger']) retrieved from /home/vscode/.local/lib/python3.10/site-packages/airflow/example_dags/example_latest_only_with_trigger.py
[2024-09-12T06:53:19.321+0000] {logging_mixin.py:150} INFO - [2024-09-12T06:53:19.321+0000] {dag.py:2742} INFO - Sync 1 DAGs
[2024-09-12T06:53:19.336+0000] {logging_mixin.py:150} INFO - [2024-09-12T06:53:19.335+0000] {dag.py:3504} INFO - Setting next_dagrun for latest_only_with_trigger to 2024-09-12T02:53:19.335734+00:00, run_after=2024-09-12T06:53:19.335734+00:00
[2024-09-12T06:53:19.367+0000] {processor.py:179} INFO - Processing /home/vscode/.local/lib/python3.10/site-packages/airflow/example_dags/example_latest_only_with_trigger.py took 0.066 seconds
[2024-09-12T06:54:04.669+0000] {processor.py:157} INFO - Started process (PID=13258) to work on /home/vscode/.local/lib/python3.10/site-packages/airflow/example_dags/example_latest_only_with_trigger.py
[2024-09-12T06:54:04.670+0000] {processor.py:826} INFO - Processing file /home/vscode/.local/lib/python3.10/site-packages/airflow/example_dags/example_latest_only_with_trigger.py for tasks to queue
[2024-09-12T06:54:04.670+0000] {logging_mixin.py:150} INFO - [2024-09-12T06:54:04.670+0000] {dagbag.py:541} INFO - Filling up the DagBag from /home/vscode/.local/lib/python3.10/site-packages/airflow/example_dags/example_latest_only_with_trigger.py
[2024-09-12T06:54:04.676+0000] {processor.py:836} INFO - DAG(s) dict_keys(['latest_only_with_trigger']) retrieved from /home/vscode/.local/lib/python3.10/site-packages/airflow/example_dags/example_latest_only_with_trigger.py
[2024-09-12T06:54:04.693+0000] {logging_mixin.py:150} INFO - [2024-09-12T06:54:04.692+0000] {dag.py:2742} INFO - Sync 1 DAGs
[2024-09-12T06:54:04.712+0000] {logging_mixin.py:150} INFO - [2024-09-12T06:54:04.712+0000] {dag.py:3504} INFO - Setting next_dagrun for latest_only_with_trigger to 2024-09-12T02:54:04.711826+00:00, run_after=2024-09-12T06:54:04.711826+00:00
[2024-09-12T06:54:04.749+0000] {processor.py:179} INFO - Processing /home/vscode/.local/lib/python3.10/site-packages/airflow/example_dags/example_latest_only_with_trigger.py took 0.082 seconds
[2024-09-12T06:54:48.965+0000] {processor.py:157} INFO - Started process (PID=13556) to work on /home/vscode/.local/lib/python3.10/site-packages/airflow/example_dags/example_latest_only_with_trigger.py
[2024-09-12T06:54:48.966+0000] {processor.py:826} INFO - Processing file /home/vscode/.local/lib/python3.10/site-packages/airflow/example_dags/example_latest_only_with_trigger.py for tasks to queue
[2024-09-12T06:54:48.966+0000] {logging_mixin.py:150} INFO - [2024-09-12T06:54:48.966+0000] {dagbag.py:541} INFO - Filling up the DagBag from /home/vscode/.local/lib/python3.10/site-packages/airflow/example_dags/example_latest_only_with_trigger.py
[2024-09-12T06:54:48.971+0000] {processor.py:836} INFO - DAG(s) dict_keys(['latest_only_with_trigger']) retrieved from /home/vscode/.local/lib/python3.10/site-packages/airflow/example_dags/example_latest_only_with_trigger.py
[2024-09-12T06:54:48.983+0000] {logging_mixin.py:150} INFO - [2024-09-12T06:54:48.982+0000] {dag.py:2742} INFO - Sync 1 DAGs
[2024-09-12T06:54:48.996+0000] {logging_mixin.py:150} INFO - [2024-09-12T06:54:48.996+0000] {dag.py:3504} INFO - Setting next_dagrun for latest_only_with_trigger to 2024-09-12T02:54:48.996582+00:00, run_after=2024-09-12T06:54:48.996582+00:00
[2024-09-12T06:54:49.028+0000] {processor.py:179} INFO - Processing /home/vscode/.local/lib/python3.10/site-packages/airflow/example_dags/example_latest_only_with_trigger.py took 0.065 seconds
[2024-09-12T06:55:34.121+0000] {processor.py:157} INFO - Started process (PID=13859) to work on /home/vscode/.local/lib/python3.10/site-packages/airflow/example_dags/example_latest_only_with_trigger.py
[2024-09-12T06:55:34.121+0000] {processor.py:826} INFO - Processing file /home/vscode/.local/lib/python3.10/site-packages/airflow/example_dags/example_latest_only_with_trigger.py for tasks to queue
[2024-09-12T06:55:34.122+0000] {logging_mixin.py:150} INFO - [2024-09-12T06:55:34.122+0000] {dagbag.py:541} INFO - Filling up the DagBag from /home/vscode/.local/lib/python3.10/site-packages/airflow/example_dags/example_latest_only_with_trigger.py
[2024-09-12T06:55:34.127+0000] {processor.py:836} INFO - DAG(s) dict_keys(['latest_only_with_trigger']) retrieved from /home/vscode/.local/lib/python3.10/site-packages/airflow/example_dags/example_latest_only_with_trigger.py
[2024-09-12T06:55:34.138+0000] {logging_mixin.py:150} INFO - [2024-09-12T06:55:34.138+0000] {dag.py:2742} INFO - Sync 1 DAGs
[2024-09-12T06:55:34.154+0000] {logging_mixin.py:150} INFO - [2024-09-12T06:55:34.154+0000] {dag.py:3504} INFO - Setting next_dagrun for latest_only_with_trigger to 2024-09-12T02:55:34.154344+00:00, run_after=2024-09-12T06:55:34.154344+00:00
[2024-09-12T06:55:34.185+0000] {processor.py:179} INFO - Processing /home/vscode/.local/lib/python3.10/site-packages/airflow/example_dags/example_latest_only_with_trigger.py took 0.066 seconds
[2024-09-12T06:56:22.994+0000] {processor.py:157} INFO - Started process (PID=14186) to work on /home/vscode/.local/lib/python3.10/site-packages/airflow/example_dags/example_latest_only_with_trigger.py
[2024-09-12T06:56:22.994+0000] {processor.py:826} INFO - Processing file /home/vscode/.local/lib/python3.10/site-packages/airflow/example_dags/example_latest_only_with_trigger.py for tasks to queue
[2024-09-12T06:56:22.995+0000] {logging_mixin.py:150} INFO - [2024-09-12T06:56:22.995+0000] {dagbag.py:541} INFO - Filling up the DagBag from /home/vscode/.local/lib/python3.10/site-packages/airflow/example_dags/example_latest_only_with_trigger.py
[2024-09-12T06:56:23.000+0000] {processor.py:836} INFO - DAG(s) dict_keys(['latest_only_with_trigger']) retrieved from /home/vscode/.local/lib/python3.10/site-packages/airflow/example_dags/example_latest_only_with_trigger.py
[2024-09-12T06:56:23.015+0000] {logging_mixin.py:150} INFO - [2024-09-12T06:56:23.015+0000] {dag.py:2742} INFO - Sync 1 DAGs
[2024-09-12T06:56:23.029+0000] {logging_mixin.py:150} INFO - [2024-09-12T06:56:23.029+0000] {dag.py:3504} INFO - Setting next_dagrun for latest_only_with_trigger to 2024-09-12T02:56:23.029090+00:00, run_after=2024-09-12T06:56:23.029090+00:00
[2024-09-12T06:56:23.081+0000] {processor.py:179} INFO - Processing /home/vscode/.local/lib/python3.10/site-packages/airflow/example_dags/example_latest_only_with_trigger.py took 0.089 seconds
[2024-09-12T06:57:12.575+0000] {processor.py:157} INFO - Started process (PID=14517) to work on /home/vscode/.local/lib/python3.10/site-packages/airflow/example_dags/example_latest_only_with_trigger.py
[2024-09-12T06:57:12.575+0000] {processor.py:826} INFO - Processing file /home/vscode/.local/lib/python3.10/site-packages/airflow/example_dags/example_latest_only_with_trigger.py for tasks to queue
[2024-09-12T06:57:12.576+0000] {logging_mixin.py:150} INFO - [2024-09-12T06:57:12.576+0000] {dagbag.py:541} INFO - Filling up the DagBag from /home/vscode/.local/lib/python3.10/site-packages/airflow/example_dags/example_latest_only_with_trigger.py
[2024-09-12T06:57:12.581+0000] {processor.py:836} INFO - DAG(s) dict_keys(['latest_only_with_trigger']) retrieved from /home/vscode/.local/lib/python3.10/site-packages/airflow/example_dags/example_latest_only_with_trigger.py
[2024-09-12T06:57:12.592+0000] {logging_mixin.py:150} INFO - [2024-09-12T06:57:12.592+0000] {dag.py:2742} INFO - Sync 1 DAGs
[2024-09-12T06:57:12.606+0000] {logging_mixin.py:150} INFO - [2024-09-12T06:57:12.606+0000] {dag.py:3504} INFO - Setting next_dagrun for latest_only_with_trigger to 2024-09-12T02:57:12.606069+00:00, run_after=2024-09-12T06:57:12.606069+00:00
[2024-09-12T06:57:12.690+0000] {processor.py:179} INFO - Processing /home/vscode/.local/lib/python3.10/site-packages/airflow/example_dags/example_latest_only_with_trigger.py took 0.117 seconds
[2024-09-12T06:57:55.073+0000] {processor.py:157} INFO - Started process (PID=14804) to work on /home/vscode/.local/lib/python3.10/site-packages/airflow/example_dags/example_latest_only_with_trigger.py
[2024-09-12T06:57:55.073+0000] {processor.py:826} INFO - Processing file /home/vscode/.local/lib/python3.10/site-packages/airflow/example_dags/example_latest_only_with_trigger.py for tasks to queue
[2024-09-12T06:57:55.074+0000] {logging_mixin.py:150} INFO - [2024-09-12T06:57:55.074+0000] {dagbag.py:541} INFO - Filling up the DagBag from /home/vscode/.local/lib/python3.10/site-packages/airflow/example_dags/example_latest_only_with_trigger.py
[2024-09-12T06:57:55.079+0000] {processor.py:836} INFO - DAG(s) dict_keys(['latest_only_with_trigger']) retrieved from /home/vscode/.local/lib/python3.10/site-packages/airflow/example_dags/example_latest_only_with_trigger.py
[2024-09-12T06:57:55.090+0000] {logging_mixin.py:150} INFO - [2024-09-12T06:57:55.090+0000] {dag.py:2742} INFO - Sync 1 DAGs
[2024-09-12T06:57:55.103+0000] {logging_mixin.py:150} INFO - [2024-09-12T06:57:55.103+0000] {dag.py:3504} INFO - Setting next_dagrun for latest_only_with_trigger to 2024-09-12T02:57:55.103203+00:00, run_after=2024-09-12T06:57:55.103203+00:00
[2024-09-12T06:57:55.150+0000] {processor.py:179} INFO - Processing /home/vscode/.local/lib/python3.10/site-packages/airflow/example_dags/example_latest_only_with_trigger.py took 0.079 seconds
[2024-09-12T06:58:38.792+0000] {processor.py:157} INFO - Started process (PID=15098) to work on /home/vscode/.local/lib/python3.10/site-packages/airflow/example_dags/example_latest_only_with_trigger.py
[2024-09-12T06:58:38.793+0000] {processor.py:826} INFO - Processing file /home/vscode/.local/lib/python3.10/site-packages/airflow/example_dags/example_latest_only_with_trigger.py for tasks to queue
[2024-09-12T06:58:38.794+0000] {logging_mixin.py:150} INFO - [2024-09-12T06:58:38.793+0000] {dagbag.py:541} INFO - Filling up the DagBag from /home/vscode/.local/lib/python3.10/site-packages/airflow/example_dags/example_latest_only_with_trigger.py
[2024-09-12T06:58:38.798+0000] {processor.py:836} INFO - DAG(s) dict_keys(['latest_only_with_trigger']) retrieved from /home/vscode/.local/lib/python3.10/site-packages/airflow/example_dags/example_latest_only_with_trigger.py
[2024-09-12T06:58:38.810+0000] {logging_mixin.py:150} INFO - [2024-09-12T06:58:38.810+0000] {dag.py:2742} INFO - Sync 1 DAGs
[2024-09-12T06:58:38.824+0000] {logging_mixin.py:150} INFO - [2024-09-12T06:58:38.824+0000] {dag.py:3504} INFO - Setting next_dagrun for latest_only_with_trigger to 2024-09-12T02:58:38.824090+00:00, run_after=2024-09-12T06:58:38.824090+00:00
[2024-09-12T06:58:38.856+0000] {processor.py:179} INFO - Processing /home/vscode/.local/lib/python3.10/site-packages/airflow/example_dags/example_latest_only_with_trigger.py took 0.066 seconds
[2024-09-12T06:59:22.891+0000] {processor.py:157} INFO - Started process (PID=15396) to work on /home/vscode/.local/lib/python3.10/site-packages/airflow/example_dags/example_latest_only_with_trigger.py
[2024-09-12T06:59:22.891+0000] {processor.py:826} INFO - Processing file /home/vscode/.local/lib/python3.10/site-packages/airflow/example_dags/example_latest_only_with_trigger.py for tasks to queue
[2024-09-12T06:59:22.892+0000] {logging_mixin.py:150} INFO - [2024-09-12T06:59:22.892+0000] {dagbag.py:541} INFO - Filling up the DagBag from /home/vscode/.local/lib/python3.10/site-packages/airflow/example_dags/example_latest_only_with_trigger.py
[2024-09-12T06:59:22.897+0000] {processor.py:836} INFO - DAG(s) dict_keys(['latest_only_with_trigger']) retrieved from /home/vscode/.local/lib/python3.10/site-packages/airflow/example_dags/example_latest_only_with_trigger.py
[2024-09-12T06:59:22.908+0000] {logging_mixin.py:150} INFO - [2024-09-12T06:59:22.908+0000] {dag.py:2742} INFO - Sync 1 DAGs
[2024-09-12T06:59:22.923+0000] {logging_mixin.py:150} INFO - [2024-09-12T06:59:22.922+0000] {dag.py:3504} INFO - Setting next_dagrun for latest_only_with_trigger to 2024-09-12T02:59:22.922701+00:00, run_after=2024-09-12T06:59:22.922701+00:00
[2024-09-12T06:59:22.961+0000] {processor.py:179} INFO - Processing /home/vscode/.local/lib/python3.10/site-packages/airflow/example_dags/example_latest_only_with_trigger.py took 0.072 seconds
[2024-09-12T07:00:05.751+0000] {processor.py:157} INFO - Started process (PID=15681) to work on /home/vscode/.local/lib/python3.10/site-packages/airflow/example_dags/example_latest_only_with_trigger.py
[2024-09-12T07:00:05.751+0000] {processor.py:826} INFO - Processing file /home/vscode/.local/lib/python3.10/site-packages/airflow/example_dags/example_latest_only_with_trigger.py for tasks to queue
[2024-09-12T07:00:05.752+0000] {logging_mixin.py:150} INFO - [2024-09-12T07:00:05.751+0000] {dagbag.py:541} INFO - Filling up the DagBag from /home/vscode/.local/lib/python3.10/site-packages/airflow/example_dags/example_latest_only_with_trigger.py
[2024-09-12T07:00:05.756+0000] {processor.py:836} INFO - DAG(s) dict_keys(['latest_only_with_trigger']) retrieved from /home/vscode/.local/lib/python3.10/site-packages/airflow/example_dags/example_latest_only_with_trigger.py
[2024-09-12T07:00:05.767+0000] {logging_mixin.py:150} INFO - [2024-09-12T07:00:05.767+0000] {dag.py:2742} INFO - Sync 1 DAGs
[2024-09-12T07:00:05.781+0000] {logging_mixin.py:150} INFO - [2024-09-12T07:00:05.781+0000] {dag.py:3504} INFO - Setting next_dagrun for latest_only_with_trigger to 2024-09-12T03:00:05.781234+00:00, run_after=2024-09-12T07:00:05.781234+00:00
[2024-09-12T07:00:05.821+0000] {processor.py:179} INFO - Processing /home/vscode/.local/lib/python3.10/site-packages/airflow/example_dags/example_latest_only_with_trigger.py took 0.072 seconds
[2024-09-12T07:00:51.495+0000] {processor.py:157} INFO - Started process (PID=15991) to work on /home/vscode/.local/lib/python3.10/site-packages/airflow/example_dags/example_latest_only_with_trigger.py
[2024-09-12T07:00:51.495+0000] {processor.py:826} INFO - Processing file /home/vscode/.local/lib/python3.10/site-packages/airflow/example_dags/example_latest_only_with_trigger.py for tasks to queue
[2024-09-12T07:00:51.496+0000] {logging_mixin.py:150} INFO - [2024-09-12T07:00:51.496+0000] {dagbag.py:541} INFO - Filling up the DagBag from /home/vscode/.local/lib/python3.10/site-packages/airflow/example_dags/example_latest_only_with_trigger.py
[2024-09-12T07:00:51.501+0000] {processor.py:836} INFO - DAG(s) dict_keys(['latest_only_with_trigger']) retrieved from /home/vscode/.local/lib/python3.10/site-packages/airflow/example_dags/example_latest_only_with_trigger.py
[2024-09-12T07:00:51.512+0000] {logging_mixin.py:150} INFO - [2024-09-12T07:00:51.512+0000] {dag.py:2742} INFO - Sync 1 DAGs
[2024-09-12T07:00:51.526+0000] {logging_mixin.py:150} INFO - [2024-09-12T07:00:51.526+0000] {dag.py:3504} INFO - Setting next_dagrun for latest_only_with_trigger to 2024-09-12T03:00:51.525893+00:00, run_after=2024-09-12T07:00:51.525893+00:00
[2024-09-12T07:00:51.571+0000] {processor.py:179} INFO - Processing /home/vscode/.local/lib/python3.10/site-packages/airflow/example_dags/example_latest_only_with_trigger.py took 0.079 seconds
[2024-09-12T07:01:35.599+0000] {processor.py:157} INFO - Started process (PID=16290) to work on /home/vscode/.local/lib/python3.10/site-packages/airflow/example_dags/example_latest_only_with_trigger.py
[2024-09-12T07:01:35.599+0000] {processor.py:826} INFO - Processing file /home/vscode/.local/lib/python3.10/site-packages/airflow/example_dags/example_latest_only_with_trigger.py for tasks to queue
[2024-09-12T07:01:35.600+0000] {logging_mixin.py:150} INFO - [2024-09-12T07:01:35.600+0000] {dagbag.py:541} INFO - Filling up the DagBag from /home/vscode/.local/lib/python3.10/site-packages/airflow/example_dags/example_latest_only_with_trigger.py
[2024-09-12T07:01:35.605+0000] {processor.py:836} INFO - DAG(s) dict_keys(['latest_only_with_trigger']) retrieved from /home/vscode/.local/lib/python3.10/site-packages/airflow/example_dags/example_latest_only_with_trigger.py
[2024-09-12T07:01:35.616+0000] {logging_mixin.py:150} INFO - [2024-09-12T07:01:35.616+0000] {dag.py:2742} INFO - Sync 1 DAGs
[2024-09-12T07:01:35.630+0000] {logging_mixin.py:150} INFO - [2024-09-12T07:01:35.630+0000] {dag.py:3504} INFO - Setting next_dagrun for latest_only_with_trigger to 2024-09-12T03:01:35.630057+00:00, run_after=2024-09-12T07:01:35.630057+00:00
[2024-09-12T07:01:35.657+0000] {processor.py:179} INFO - Processing /home/vscode/.local/lib/python3.10/site-packages/airflow/example_dags/example_latest_only_with_trigger.py took 0.060 seconds
[2024-09-12T07:02:19.293+0000] {processor.py:157} INFO - Started process (PID=16586) to work on /home/vscode/.local/lib/python3.10/site-packages/airflow/example_dags/example_latest_only_with_trigger.py
[2024-09-12T07:02:19.294+0000] {processor.py:826} INFO - Processing file /home/vscode/.local/lib/python3.10/site-packages/airflow/example_dags/example_latest_only_with_trigger.py for tasks to queue
[2024-09-12T07:02:19.295+0000] {logging_mixin.py:150} INFO - [2024-09-12T07:02:19.294+0000] {dagbag.py:541} INFO - Filling up the DagBag from /home/vscode/.local/lib/python3.10/site-packages/airflow/example_dags/example_latest_only_with_trigger.py
[2024-09-12T07:02:19.299+0000] {processor.py:836} INFO - DAG(s) dict_keys(['latest_only_with_trigger']) retrieved from /home/vscode/.local/lib/python3.10/site-packages/airflow/example_dags/example_latest_only_with_trigger.py
[2024-09-12T07:02:19.320+0000] {logging_mixin.py:150} INFO - [2024-09-12T07:02:19.320+0000] {dag.py:2742} INFO - Sync 1 DAGs
[2024-09-12T07:02:19.337+0000] {logging_mixin.py:150} INFO - [2024-09-12T07:02:19.337+0000] {dag.py:3504} INFO - Setting next_dagrun for latest_only_with_trigger to 2024-09-12T03:02:19.337471+00:00, run_after=2024-09-12T07:02:19.337471+00:00
[2024-09-12T07:02:19.388+0000] {processor.py:179} INFO - Processing /home/vscode/.local/lib/python3.10/site-packages/airflow/example_dags/example_latest_only_with_trigger.py took 0.097 seconds
[2024-09-12T07:03:08.468+0000] {processor.py:157} INFO - Started process (PID=16908) to work on /home/vscode/.local/lib/python3.10/site-packages/airflow/example_dags/example_latest_only_with_trigger.py
[2024-09-12T07:03:08.469+0000] {processor.py:826} INFO - Processing file /home/vscode/.local/lib/python3.10/site-packages/airflow/example_dags/example_latest_only_with_trigger.py for tasks to queue
[2024-09-12T07:03:08.469+0000] {logging_mixin.py:150} INFO - [2024-09-12T07:03:08.469+0000] {dagbag.py:541} INFO - Filling up the DagBag from /home/vscode/.local/lib/python3.10/site-packages/airflow/example_dags/example_latest_only_with_trigger.py
[2024-09-12T07:03:08.474+0000] {processor.py:836} INFO - DAG(s) dict_keys(['latest_only_with_trigger']) retrieved from /home/vscode/.local/lib/python3.10/site-packages/airflow/example_dags/example_latest_only_with_trigger.py
[2024-09-12T07:03:08.486+0000] {logging_mixin.py:150} INFO - [2024-09-12T07:03:08.485+0000] {dag.py:2742} INFO - Sync 1 DAGs
[2024-09-12T07:03:08.499+0000] {logging_mixin.py:150} INFO - [2024-09-12T07:03:08.499+0000] {dag.py:3504} INFO - Setting next_dagrun for latest_only_with_trigger to 2024-09-12T03:03:08.499601+00:00, run_after=2024-09-12T07:03:08.499601+00:00
[2024-09-12T07:03:08.532+0000] {processor.py:179} INFO - Processing /home/vscode/.local/lib/python3.10/site-packages/airflow/example_dags/example_latest_only_with_trigger.py took 0.066 seconds
[2024-09-12T07:03:59.555+0000] {processor.py:157} INFO - Started process (PID=17306) to work on /home/vscode/.local/lib/python3.10/site-packages/airflow/example_dags/example_latest_only_with_trigger.py
[2024-09-12T07:03:59.556+0000] {processor.py:826} INFO - Processing file /home/vscode/.local/lib/python3.10/site-packages/airflow/example_dags/example_latest_only_with_trigger.py for tasks to queue
[2024-09-12T07:03:59.556+0000] {logging_mixin.py:150} INFO - [2024-09-12T07:03:59.556+0000] {dagbag.py:541} INFO - Filling up the DagBag from /home/vscode/.local/lib/python3.10/site-packages/airflow/example_dags/example_latest_only_with_trigger.py
[2024-09-12T07:03:59.561+0000] {processor.py:836} INFO - DAG(s) dict_keys(['latest_only_with_trigger']) retrieved from /home/vscode/.local/lib/python3.10/site-packages/airflow/example_dags/example_latest_only_with_trigger.py
[2024-09-12T07:03:59.572+0000] {logging_mixin.py:150} INFO - [2024-09-12T07:03:59.572+0000] {dag.py:2742} INFO - Sync 1 DAGs
[2024-09-12T07:03:59.586+0000] {logging_mixin.py:150} INFO - [2024-09-12T07:03:59.586+0000] {dag.py:3504} INFO - Setting next_dagrun for latest_only_with_trigger to 2024-09-12T03:03:59.585943+00:00, run_after=2024-09-12T07:03:59.585943+00:00
[2024-09-12T07:03:59.622+0000] {processor.py:179} INFO - Processing /home/vscode/.local/lib/python3.10/site-packages/airflow/example_dags/example_latest_only_with_trigger.py took 0.069 seconds
[2024-09-12T07:04:43.710+0000] {processor.py:157} INFO - Started process (PID=17639) to work on /home/vscode/.local/lib/python3.10/site-packages/airflow/example_dags/example_latest_only_with_trigger.py
[2024-09-12T07:04:43.710+0000] {processor.py:826} INFO - Processing file /home/vscode/.local/lib/python3.10/site-packages/airflow/example_dags/example_latest_only_with_trigger.py for tasks to queue
[2024-09-12T07:04:43.711+0000] {logging_mixin.py:150} INFO - [2024-09-12T07:04:43.711+0000] {dagbag.py:541} INFO - Filling up the DagBag from /home/vscode/.local/lib/python3.10/site-packages/airflow/example_dags/example_latest_only_with_trigger.py
[2024-09-12T07:04:43.716+0000] {processor.py:836} INFO - DAG(s) dict_keys(['latest_only_with_trigger']) retrieved from /home/vscode/.local/lib/python3.10/site-packages/airflow/example_dags/example_latest_only_with_trigger.py
[2024-09-12T07:04:43.731+0000] {logging_mixin.py:150} INFO - [2024-09-12T07:04:43.731+0000] {dag.py:2742} INFO - Sync 1 DAGs
[2024-09-12T07:04:43.745+0000] {logging_mixin.py:150} INFO - [2024-09-12T07:04:43.745+0000] {dag.py:3504} INFO - Setting next_dagrun for latest_only_with_trigger to 2024-09-12T03:04:43.745239+00:00, run_after=2024-09-12T07:04:43.745239+00:00
[2024-09-12T07:04:43.777+0000] {processor.py:179} INFO - Processing /home/vscode/.local/lib/python3.10/site-packages/airflow/example_dags/example_latest_only_with_trigger.py took 0.070 seconds
[2024-09-12T07:05:31.654+0000] {processor.py:157} INFO - Started process (PID=18078) to work on /home/vscode/.local/lib/python3.10/site-packages/airflow/example_dags/example_latest_only_with_trigger.py
[2024-09-12T07:05:31.654+0000] {processor.py:826} INFO - Processing file /home/vscode/.local/lib/python3.10/site-packages/airflow/example_dags/example_latest_only_with_trigger.py for tasks to queue
[2024-09-12T07:05:31.655+0000] {logging_mixin.py:150} INFO - [2024-09-12T07:05:31.655+0000] {dagbag.py:541} INFO - Filling up the DagBag from /home/vscode/.local/lib/python3.10/site-packages/airflow/example_dags/example_latest_only_with_trigger.py
[2024-09-12T07:05:31.660+0000] {processor.py:836} INFO - DAG(s) dict_keys(['latest_only_with_trigger']) retrieved from /home/vscode/.local/lib/python3.10/site-packages/airflow/example_dags/example_latest_only_with_trigger.py
[2024-09-12T07:05:31.670+0000] {logging_mixin.py:150} INFO - [2024-09-12T07:05:31.670+0000] {dag.py:2742} INFO - Sync 1 DAGs
[2024-09-12T07:05:31.684+0000] {logging_mixin.py:150} INFO - [2024-09-12T07:05:31.684+0000] {dag.py:3504} INFO - Setting next_dagrun for latest_only_with_trigger to 2024-09-12T03:05:31.683907+00:00, run_after=2024-09-12T07:05:31.683907+00:00
[2024-09-12T07:05:31.720+0000] {processor.py:179} INFO - Processing /home/vscode/.local/lib/python3.10/site-packages/airflow/example_dags/example_latest_only_with_trigger.py took 0.068 seconds
[2024-09-12T07:06:14.887+0000] {processor.py:157} INFO - Started process (PID=18423) to work on /home/vscode/.local/lib/python3.10/site-packages/airflow/example_dags/example_latest_only_with_trigger.py
[2024-09-12T07:06:14.888+0000] {processor.py:826} INFO - Processing file /home/vscode/.local/lib/python3.10/site-packages/airflow/example_dags/example_latest_only_with_trigger.py for tasks to queue
[2024-09-12T07:06:14.888+0000] {logging_mixin.py:150} INFO - [2024-09-12T07:06:14.888+0000] {dagbag.py:541} INFO - Filling up the DagBag from /home/vscode/.local/lib/python3.10/site-packages/airflow/example_dags/example_latest_only_with_trigger.py
[2024-09-12T07:06:14.893+0000] {processor.py:836} INFO - DAG(s) dict_keys(['latest_only_with_trigger']) retrieved from /home/vscode/.local/lib/python3.10/site-packages/airflow/example_dags/example_latest_only_with_trigger.py
[2024-09-12T07:06:14.904+0000] {logging_mixin.py:150} INFO - [2024-09-12T07:06:14.904+0000] {dag.py:2742} INFO - Sync 1 DAGs
[2024-09-12T07:06:14.918+0000] {logging_mixin.py:150} INFO - [2024-09-12T07:06:14.918+0000] {dag.py:3504} INFO - Setting next_dagrun for latest_only_with_trigger to 2024-09-12T03:06:14.918010+00:00, run_after=2024-09-12T07:06:14.918010+00:00
[2024-09-12T07:06:14.965+0000] {processor.py:179} INFO - Processing /home/vscode/.local/lib/python3.10/site-packages/airflow/example_dags/example_latest_only_with_trigger.py took 0.080 seconds
[2024-09-12T07:06:59.549+0000] {processor.py:157} INFO - Started process (PID=18738) to work on /home/vscode/.local/lib/python3.10/site-packages/airflow/example_dags/example_latest_only_with_trigger.py
[2024-09-12T07:06:59.550+0000] {processor.py:826} INFO - Processing file /home/vscode/.local/lib/python3.10/site-packages/airflow/example_dags/example_latest_only_with_trigger.py for tasks to queue
[2024-09-12T07:06:59.550+0000] {logging_mixin.py:150} INFO - [2024-09-12T07:06:59.550+0000] {dagbag.py:541} INFO - Filling up the DagBag from /home/vscode/.local/lib/python3.10/site-packages/airflow/example_dags/example_latest_only_with_trigger.py
[2024-09-12T07:06:59.555+0000] {processor.py:836} INFO - DAG(s) dict_keys(['latest_only_with_trigger']) retrieved from /home/vscode/.local/lib/python3.10/site-packages/airflow/example_dags/example_latest_only_with_trigger.py
[2024-09-12T07:06:59.566+0000] {logging_mixin.py:150} INFO - [2024-09-12T07:06:59.566+0000] {dag.py:2742} INFO - Sync 1 DAGs
[2024-09-12T07:06:59.581+0000] {logging_mixin.py:150} INFO - [2024-09-12T07:06:59.580+0000] {dag.py:3504} INFO - Setting next_dagrun for latest_only_with_trigger to 2024-09-12T03:06:59.580757+00:00, run_after=2024-09-12T07:06:59.580757+00:00
[2024-09-12T07:06:59.626+0000] {processor.py:179} INFO - Processing /home/vscode/.local/lib/python3.10/site-packages/airflow/example_dags/example_latest_only_with_trigger.py took 0.079 seconds
[2024-09-12T07:07:43.929+0000] {processor.py:157} INFO - Started process (PID=19041) to work on /home/vscode/.local/lib/python3.10/site-packages/airflow/example_dags/example_latest_only_with_trigger.py
[2024-09-12T07:07:43.929+0000] {processor.py:826} INFO - Processing file /home/vscode/.local/lib/python3.10/site-packages/airflow/example_dags/example_latest_only_with_trigger.py for tasks to queue
[2024-09-12T07:07:43.930+0000] {logging_mixin.py:150} INFO - [2024-09-12T07:07:43.930+0000] {dagbag.py:541} INFO - Filling up the DagBag from /home/vscode/.local/lib/python3.10/site-packages/airflow/example_dags/example_latest_only_with_trigger.py
[2024-09-12T07:07:43.934+0000] {processor.py:836} INFO - DAG(s) dict_keys(['latest_only_with_trigger']) retrieved from /home/vscode/.local/lib/python3.10/site-packages/airflow/example_dags/example_latest_only_with_trigger.py
[2024-09-12T07:07:43.946+0000] {logging_mixin.py:150} INFO - [2024-09-12T07:07:43.946+0000] {dag.py:2742} INFO - Sync 1 DAGs
[2024-09-12T07:07:43.959+0000] {logging_mixin.py:150} INFO - [2024-09-12T07:07:43.959+0000] {dag.py:3504} INFO - Setting next_dagrun for latest_only_with_trigger to 2024-09-12T03:07:43.959505+00:00, run_after=2024-09-12T07:07:43.959505+00:00
[2024-09-12T07:07:43.994+0000] {processor.py:179} INFO - Processing /home/vscode/.local/lib/python3.10/site-packages/airflow/example_dags/example_latest_only_with_trigger.py took 0.067 seconds
[2024-09-12T07:08:27.322+0000] {processor.py:157} INFO - Started process (PID=19383) to work on /home/vscode/.local/lib/python3.10/site-packages/airflow/example_dags/example_latest_only_with_trigger.py
[2024-09-12T07:08:27.323+0000] {processor.py:826} INFO - Processing file /home/vscode/.local/lib/python3.10/site-packages/airflow/example_dags/example_latest_only_with_trigger.py for tasks to queue
[2024-09-12T07:08:27.323+0000] {logging_mixin.py:150} INFO - [2024-09-12T07:08:27.323+0000] {dagbag.py:541} INFO - Filling up the DagBag from /home/vscode/.local/lib/python3.10/site-packages/airflow/example_dags/example_latest_only_with_trigger.py
[2024-09-12T07:08:27.328+0000] {processor.py:836} INFO - DAG(s) dict_keys(['latest_only_with_trigger']) retrieved from /home/vscode/.local/lib/python3.10/site-packages/airflow/example_dags/example_latest_only_with_trigger.py
[2024-09-12T07:08:27.340+0000] {logging_mixin.py:150} INFO - [2024-09-12T07:08:27.340+0000] {dag.py:2742} INFO - Sync 1 DAGs
[2024-09-12T07:08:27.354+0000] {logging_mixin.py:150} INFO - [2024-09-12T07:08:27.354+0000] {dag.py:3504} INFO - Setting next_dagrun for latest_only_with_trigger to 2024-09-12T03:08:27.353986+00:00, run_after=2024-09-12T07:08:27.353986+00:00
[2024-09-12T07:08:27.395+0000] {processor.py:179} INFO - Processing /home/vscode/.local/lib/python3.10/site-packages/airflow/example_dags/example_latest_only_with_trigger.py took 0.075 seconds
[2024-09-12T07:09:13.683+0000] {processor.py:157} INFO - Started process (PID=19761) to work on /home/vscode/.local/lib/python3.10/site-packages/airflow/example_dags/example_latest_only_with_trigger.py
[2024-09-12T07:09:13.684+0000] {processor.py:826} INFO - Processing file /home/vscode/.local/lib/python3.10/site-packages/airflow/example_dags/example_latest_only_with_trigger.py for tasks to queue
[2024-09-12T07:09:13.684+0000] {logging_mixin.py:150} INFO - [2024-09-12T07:09:13.684+0000] {dagbag.py:541} INFO - Filling up the DagBag from /home/vscode/.local/lib/python3.10/site-packages/airflow/example_dags/example_latest_only_with_trigger.py
[2024-09-12T07:09:13.689+0000] {processor.py:836} INFO - DAG(s) dict_keys(['latest_only_with_trigger']) retrieved from /home/vscode/.local/lib/python3.10/site-packages/airflow/example_dags/example_latest_only_with_trigger.py
[2024-09-12T07:09:13.701+0000] {logging_mixin.py:150} INFO - [2024-09-12T07:09:13.701+0000] {dag.py:2742} INFO - Sync 1 DAGs
[2024-09-12T07:09:13.714+0000] {logging_mixin.py:150} INFO - [2024-09-12T07:09:13.714+0000] {dag.py:3504} INFO - Setting next_dagrun for latest_only_with_trigger to 2024-09-12T03:09:13.714649+00:00, run_after=2024-09-12T07:09:13.714649+00:00
[2024-09-12T07:09:13.742+0000] {processor.py:179} INFO - Processing /home/vscode/.local/lib/python3.10/site-packages/airflow/example_dags/example_latest_only_with_trigger.py took 0.061 seconds
[2024-09-12T07:09:57.834+0000] {processor.py:157} INFO - Started process (PID=20077) to work on /home/vscode/.local/lib/python3.10/site-packages/airflow/example_dags/example_latest_only_with_trigger.py
[2024-09-12T07:09:57.834+0000] {processor.py:826} INFO - Processing file /home/vscode/.local/lib/python3.10/site-packages/airflow/example_dags/example_latest_only_with_trigger.py for tasks to queue
[2024-09-12T07:09:57.835+0000] {logging_mixin.py:150} INFO - [2024-09-12T07:09:57.835+0000] {dagbag.py:541} INFO - Filling up the DagBag from /home/vscode/.local/lib/python3.10/site-packages/airflow/example_dags/example_latest_only_with_trigger.py
[2024-09-12T07:09:57.840+0000] {processor.py:836} INFO - DAG(s) dict_keys(['latest_only_with_trigger']) retrieved from /home/vscode/.local/lib/python3.10/site-packages/airflow/example_dags/example_latest_only_with_trigger.py
[2024-09-12T07:09:57.851+0000] {logging_mixin.py:150} INFO - [2024-09-12T07:09:57.851+0000] {dag.py:2742} INFO - Sync 1 DAGs
[2024-09-12T07:09:57.865+0000] {logging_mixin.py:150} INFO - [2024-09-12T07:09:57.865+0000] {dag.py:3504} INFO - Setting next_dagrun for latest_only_with_trigger to 2024-09-12T03:09:57.865359+00:00, run_after=2024-09-12T07:09:57.865359+00:00
[2024-09-12T07:09:57.896+0000] {processor.py:179} INFO - Processing /home/vscode/.local/lib/python3.10/site-packages/airflow/example_dags/example_latest_only_with_trigger.py took 0.064 seconds
