[2024-09-12T06:39:00.459+0000] {processor.py:157} INFO - Started process (PID=7054) to work on /home/vscode/.local/lib/python3.10/site-packages/airflow/example_dags/example_task_group_decorator.py
[2024-09-12T06:39:00.460+0000] {processor.py:826} INFO - Processing file /home/vscode/.local/lib/python3.10/site-packages/airflow/example_dags/example_task_group_decorator.py for tasks to queue
[2024-09-12T06:39:00.461+0000] {logging_mixin.py:150} INFO - [2024-09-12T06:39:00.460+0000] {dagbag.py:541} INFO - Filling up the DagBag from /home/vscode/.local/lib/python3.10/site-packages/airflow/example_dags/example_task_group_decorator.py
[2024-09-12T06:39:00.477+0000] {processor.py:836} INFO - DAG(s) dict_keys(['example_task_group_decorator']) retrieved from /home/vscode/.local/lib/python3.10/site-packages/airflow/example_dags/example_task_group_decorator.py
[2024-09-12T06:39:00.701+0000] {logging_mixin.py:150} INFO - [2024-09-12T06:39:00.701+0000] {manager.py:504} INFO - Created Permission View: can edit on DAG:example_task_group_decorator
[2024-09-12T06:39:00.752+0000] {logging_mixin.py:150} INFO - [2024-09-12T06:39:00.752+0000] {manager.py:504} INFO - Created Permission View: can read on DAG:example_task_group_decorator
[2024-09-12T06:39:00.779+0000] {logging_mixin.py:150} INFO - [2024-09-12T06:39:00.778+0000] {manager.py:504} INFO - Created Permission View: can delete on DAG:example_task_group_decorator
[2024-09-12T06:39:00.787+0000] {logging_mixin.py:150} INFO - [2024-09-12T06:39:00.787+0000] {dag.py:2742} INFO - Sync 1 DAGs
[2024-09-12T06:39:00.793+0000] {logging_mixin.py:150} INFO - [2024-09-12T06:39:00.793+0000] {dag.py:2763} INFO - Creating ORM DAG for example_task_group_decorator
[2024-09-12T06:39:00.799+0000] {logging_mixin.py:150} INFO - [2024-09-12T06:39:00.799+0000] {dag.py:3504} INFO - Setting next_dagrun for example_task_group_decorator to 2024-09-11T06:39:00.799452+00:00, run_after=2024-09-12T06:39:00.799452+00:00
[2024-09-12T06:39:00.840+0000] {processor.py:179} INFO - Processing /home/vscode/.local/lib/python3.10/site-packages/airflow/example_dags/example_task_group_decorator.py took 0.383 seconds
[2024-09-12T06:39:32.432+0000] {processor.py:157} INFO - Started process (PID=7402) to work on /home/vscode/.local/lib/python3.10/site-packages/airflow/example_dags/example_task_group_decorator.py
[2024-09-12T06:39:32.433+0000] {processor.py:826} INFO - Processing file /home/vscode/.local/lib/python3.10/site-packages/airflow/example_dags/example_task_group_decorator.py for tasks to queue
[2024-09-12T06:39:32.434+0000] {logging_mixin.py:150} INFO - [2024-09-12T06:39:32.433+0000] {dagbag.py:541} INFO - Filling up the DagBag from /home/vscode/.local/lib/python3.10/site-packages/airflow/example_dags/example_task_group_decorator.py
[2024-09-12T06:39:32.446+0000] {processor.py:836} INFO - DAG(s) dict_keys(['example_task_group_decorator']) retrieved from /home/vscode/.local/lib/python3.10/site-packages/airflow/example_dags/example_task_group_decorator.py
[2024-09-12T06:39:32.460+0000] {logging_mixin.py:150} INFO - [2024-09-12T06:39:32.460+0000] {dag.py:2742} INFO - Sync 1 DAGs
[2024-09-12T06:39:32.547+0000] {logging_mixin.py:150} INFO - [2024-09-12T06:39:32.547+0000] {dag.py:3504} INFO - Setting next_dagrun for example_task_group_decorator to 2024-09-11T06:39:32.547352+00:00, run_after=2024-09-12T06:39:32.547352+00:00
[2024-09-12T06:39:32.594+0000] {processor.py:179} INFO - Processing /home/vscode/.local/lib/python3.10/site-packages/airflow/example_dags/example_task_group_decorator.py took 0.164 seconds
[2024-09-12T06:40:26.663+0000] {processor.py:157} INFO - Started process (PID=7755) to work on /home/vscode/.local/lib/python3.10/site-packages/airflow/example_dags/example_task_group_decorator.py
[2024-09-12T06:40:26.663+0000] {processor.py:826} INFO - Processing file /home/vscode/.local/lib/python3.10/site-packages/airflow/example_dags/example_task_group_decorator.py for tasks to queue
[2024-09-12T06:40:26.664+0000] {logging_mixin.py:150} INFO - [2024-09-12T06:40:26.664+0000] {dagbag.py:541} INFO - Filling up the DagBag from /home/vscode/.local/lib/python3.10/site-packages/airflow/example_dags/example_task_group_decorator.py
[2024-09-12T06:40:26.675+0000] {processor.py:836} INFO - DAG(s) dict_keys(['example_task_group_decorator']) retrieved from /home/vscode/.local/lib/python3.10/site-packages/airflow/example_dags/example_task_group_decorator.py
[2024-09-12T06:40:26.688+0000] {logging_mixin.py:150} INFO - [2024-09-12T06:40:26.688+0000] {dag.py:2742} INFO - Sync 1 DAGs
[2024-09-12T06:40:26.701+0000] {logging_mixin.py:150} INFO - [2024-09-12T06:40:26.701+0000] {dag.py:3504} INFO - Setting next_dagrun for example_task_group_decorator to 2024-09-11T06:40:26.701296+00:00, run_after=2024-09-12T06:40:26.701296+00:00
[2024-09-12T06:40:26.745+0000] {processor.py:179} INFO - Processing /home/vscode/.local/lib/python3.10/site-packages/airflow/example_dags/example_task_group_decorator.py took 0.084 seconds
[2024-09-12T06:41:12.999+0000] {processor.py:157} INFO - Started process (PID=8058) to work on /home/vscode/.local/lib/python3.10/site-packages/airflow/example_dags/example_task_group_decorator.py
[2024-09-12T06:41:12.999+0000] {processor.py:826} INFO - Processing file /home/vscode/.local/lib/python3.10/site-packages/airflow/example_dags/example_task_group_decorator.py for tasks to queue
[2024-09-12T06:41:13.000+0000] {logging_mixin.py:150} INFO - [2024-09-12T06:41:13.000+0000] {dagbag.py:541} INFO - Filling up the DagBag from /home/vscode/.local/lib/python3.10/site-packages/airflow/example_dags/example_task_group_decorator.py
[2024-09-12T06:41:13.011+0000] {processor.py:836} INFO - DAG(s) dict_keys(['example_task_group_decorator']) retrieved from /home/vscode/.local/lib/python3.10/site-packages/airflow/example_dags/example_task_group_decorator.py
[2024-09-12T06:41:13.025+0000] {logging_mixin.py:150} INFO - [2024-09-12T06:41:13.025+0000] {dag.py:2742} INFO - Sync 1 DAGs
[2024-09-12T06:41:13.040+0000] {logging_mixin.py:150} INFO - [2024-09-12T06:41:13.039+0000] {dag.py:3504} INFO - Setting next_dagrun for example_task_group_decorator to 2024-09-11T06:41:13.039755+00:00, run_after=2024-09-12T06:41:13.039755+00:00
[2024-09-12T06:41:13.071+0000] {processor.py:179} INFO - Processing /home/vscode/.local/lib/python3.10/site-packages/airflow/example_dags/example_task_group_decorator.py took 0.075 seconds
[2024-09-12T06:41:53.222+0000] {processor.py:157} INFO - Started process (PID=8336) to work on /home/vscode/.local/lib/python3.10/site-packages/airflow/example_dags/example_task_group_decorator.py
[2024-09-12T06:41:53.223+0000] {processor.py:826} INFO - Processing file /home/vscode/.local/lib/python3.10/site-packages/airflow/example_dags/example_task_group_decorator.py for tasks to queue
[2024-09-12T06:41:53.223+0000] {logging_mixin.py:150} INFO - [2024-09-12T06:41:53.223+0000] {dagbag.py:541} INFO - Filling up the DagBag from /home/vscode/.local/lib/python3.10/site-packages/airflow/example_dags/example_task_group_decorator.py
[2024-09-12T06:41:53.234+0000] {processor.py:836} INFO - DAG(s) dict_keys(['example_task_group_decorator']) retrieved from /home/vscode/.local/lib/python3.10/site-packages/airflow/example_dags/example_task_group_decorator.py
[2024-09-12T06:41:53.248+0000] {logging_mixin.py:150} INFO - [2024-09-12T06:41:53.248+0000] {dag.py:2742} INFO - Sync 1 DAGs
[2024-09-12T06:41:53.262+0000] {logging_mixin.py:150} INFO - [2024-09-12T06:41:53.262+0000] {dag.py:3504} INFO - Setting next_dagrun for example_task_group_decorator to 2024-09-11T06:41:53.262138+00:00, run_after=2024-09-12T06:41:53.262138+00:00
[2024-09-12T06:41:53.296+0000] {processor.py:179} INFO - Processing /home/vscode/.local/lib/python3.10/site-packages/airflow/example_dags/example_task_group_decorator.py took 0.076 seconds
[2024-09-12T06:42:35.765+0000] {processor.py:157} INFO - Started process (PID=8623) to work on /home/vscode/.local/lib/python3.10/site-packages/airflow/example_dags/example_task_group_decorator.py
[2024-09-12T06:42:35.766+0000] {processor.py:826} INFO - Processing file /home/vscode/.local/lib/python3.10/site-packages/airflow/example_dags/example_task_group_decorator.py for tasks to queue
[2024-09-12T06:42:35.766+0000] {logging_mixin.py:150} INFO - [2024-09-12T06:42:35.766+0000] {dagbag.py:541} INFO - Filling up the DagBag from /home/vscode/.local/lib/python3.10/site-packages/airflow/example_dags/example_task_group_decorator.py
[2024-09-12T06:42:35.777+0000] {processor.py:836} INFO - DAG(s) dict_keys(['example_task_group_decorator']) retrieved from /home/vscode/.local/lib/python3.10/site-packages/airflow/example_dags/example_task_group_decorator.py
[2024-09-12T06:42:35.792+0000] {logging_mixin.py:150} INFO - [2024-09-12T06:42:35.792+0000] {dag.py:2742} INFO - Sync 1 DAGs
[2024-09-12T06:42:35.806+0000] {logging_mixin.py:150} INFO - [2024-09-12T06:42:35.805+0000] {dag.py:3504} INFO - Setting next_dagrun for example_task_group_decorator to 2024-09-11T06:42:35.805796+00:00, run_after=2024-09-12T06:42:35.805796+00:00
[2024-09-12T06:42:35.836+0000] {processor.py:179} INFO - Processing /home/vscode/.local/lib/python3.10/site-packages/airflow/example_dags/example_task_group_decorator.py took 0.073 seconds
[2024-09-12T06:43:20.072+0000] {processor.py:157} INFO - Started process (PID=8919) to work on /home/vscode/.local/lib/python3.10/site-packages/airflow/example_dags/example_task_group_decorator.py
[2024-09-12T06:43:20.073+0000] {processor.py:826} INFO - Processing file /home/vscode/.local/lib/python3.10/site-packages/airflow/example_dags/example_task_group_decorator.py for tasks to queue
[2024-09-12T06:43:20.074+0000] {logging_mixin.py:150} INFO - [2024-09-12T06:43:20.073+0000] {dagbag.py:541} INFO - Filling up the DagBag from /home/vscode/.local/lib/python3.10/site-packages/airflow/example_dags/example_task_group_decorator.py
[2024-09-12T06:43:20.084+0000] {processor.py:836} INFO - DAG(s) dict_keys(['example_task_group_decorator']) retrieved from /home/vscode/.local/lib/python3.10/site-packages/airflow/example_dags/example_task_group_decorator.py
[2024-09-12T06:43:20.098+0000] {logging_mixin.py:150} INFO - [2024-09-12T06:43:20.098+0000] {dag.py:2742} INFO - Sync 1 DAGs
[2024-09-12T06:43:20.112+0000] {logging_mixin.py:150} INFO - [2024-09-12T06:43:20.112+0000] {dag.py:3504} INFO - Setting next_dagrun for example_task_group_decorator to 2024-09-11T06:43:20.112371+00:00, run_after=2024-09-12T06:43:20.112371+00:00
[2024-09-12T06:43:20.147+0000] {processor.py:179} INFO - Processing /home/vscode/.local/lib/python3.10/site-packages/airflow/example_dags/example_task_group_decorator.py took 0.077 seconds
[2024-09-12T06:44:03.176+0000] {processor.py:157} INFO - Started process (PID=9215) to work on /home/vscode/.local/lib/python3.10/site-packages/airflow/example_dags/example_task_group_decorator.py
[2024-09-12T06:44:03.177+0000] {processor.py:826} INFO - Processing file /home/vscode/.local/lib/python3.10/site-packages/airflow/example_dags/example_task_group_decorator.py for tasks to queue
[2024-09-12T06:44:03.177+0000] {logging_mixin.py:150} INFO - [2024-09-12T06:44:03.177+0000] {dagbag.py:541} INFO - Filling up the DagBag from /home/vscode/.local/lib/python3.10/site-packages/airflow/example_dags/example_task_group_decorator.py
[2024-09-12T06:44:03.188+0000] {processor.py:836} INFO - DAG(s) dict_keys(['example_task_group_decorator']) retrieved from /home/vscode/.local/lib/python3.10/site-packages/airflow/example_dags/example_task_group_decorator.py
[2024-09-12T06:44:03.202+0000] {logging_mixin.py:150} INFO - [2024-09-12T06:44:03.202+0000] {dag.py:2742} INFO - Sync 1 DAGs
[2024-09-12T06:44:03.216+0000] {logging_mixin.py:150} INFO - [2024-09-12T06:44:03.216+0000] {dag.py:3504} INFO - Setting next_dagrun for example_task_group_decorator to 2024-09-11T06:44:03.215949+00:00, run_after=2024-09-12T06:44:03.215949+00:00
[2024-09-12T06:44:03.248+0000] {processor.py:179} INFO - Processing /home/vscode/.local/lib/python3.10/site-packages/airflow/example_dags/example_task_group_decorator.py took 0.074 seconds
[2024-09-12T06:44:48.532+0000] {processor.py:157} INFO - Started process (PID=9513) to work on /home/vscode/.local/lib/python3.10/site-packages/airflow/example_dags/example_task_group_decorator.py
[2024-09-12T06:44:48.533+0000] {processor.py:826} INFO - Processing file /home/vscode/.local/lib/python3.10/site-packages/airflow/example_dags/example_task_group_decorator.py for tasks to queue
[2024-09-12T06:44:48.534+0000] {logging_mixin.py:150} INFO - [2024-09-12T06:44:48.533+0000] {dagbag.py:541} INFO - Filling up the DagBag from /home/vscode/.local/lib/python3.10/site-packages/airflow/example_dags/example_task_group_decorator.py
[2024-09-12T06:44:48.545+0000] {processor.py:836} INFO - DAG(s) dict_keys(['example_task_group_decorator']) retrieved from /home/vscode/.local/lib/python3.10/site-packages/airflow/example_dags/example_task_group_decorator.py
[2024-09-12T06:44:48.561+0000] {logging_mixin.py:150} INFO - [2024-09-12T06:44:48.561+0000] {dag.py:2742} INFO - Sync 1 DAGs
[2024-09-12T06:44:48.574+0000] {logging_mixin.py:150} INFO - [2024-09-12T06:44:48.574+0000] {dag.py:3504} INFO - Setting next_dagrun for example_task_group_decorator to 2024-09-11T06:44:48.574621+00:00, run_after=2024-09-12T06:44:48.574621+00:00
[2024-09-12T06:44:48.620+0000] {processor.py:179} INFO - Processing /home/vscode/.local/lib/python3.10/site-packages/airflow/example_dags/example_task_group_decorator.py took 0.090 seconds
[2024-09-12T06:45:34.094+0000] {processor.py:157} INFO - Started process (PID=9817) to work on /home/vscode/.local/lib/python3.10/site-packages/airflow/example_dags/example_task_group_decorator.py
[2024-09-12T06:45:34.094+0000] {processor.py:826} INFO - Processing file /home/vscode/.local/lib/python3.10/site-packages/airflow/example_dags/example_task_group_decorator.py for tasks to queue
[2024-09-12T06:45:34.095+0000] {logging_mixin.py:150} INFO - [2024-09-12T06:45:34.094+0000] {dagbag.py:541} INFO - Filling up the DagBag from /home/vscode/.local/lib/python3.10/site-packages/airflow/example_dags/example_task_group_decorator.py
[2024-09-12T06:45:34.106+0000] {processor.py:836} INFO - DAG(s) dict_keys(['example_task_group_decorator']) retrieved from /home/vscode/.local/lib/python3.10/site-packages/airflow/example_dags/example_task_group_decorator.py
[2024-09-12T06:45:34.120+0000] {logging_mixin.py:150} INFO - [2024-09-12T06:45:34.119+0000] {dag.py:2742} INFO - Sync 1 DAGs
[2024-09-12T06:45:34.133+0000] {logging_mixin.py:150} INFO - [2024-09-12T06:45:34.133+0000] {dag.py:3504} INFO - Setting next_dagrun for example_task_group_decorator to 2024-09-11T06:45:34.133719+00:00, run_after=2024-09-12T06:45:34.133719+00:00
[2024-09-12T06:45:34.165+0000] {processor.py:179} INFO - Processing /home/vscode/.local/lib/python3.10/site-packages/airflow/example_dags/example_task_group_decorator.py took 0.074 seconds
[2024-09-12T06:46:18.239+0000] {processor.py:157} INFO - Started process (PID=10118) to work on /home/vscode/.local/lib/python3.10/site-packages/airflow/example_dags/example_task_group_decorator.py
[2024-09-12T06:46:18.240+0000] {processor.py:826} INFO - Processing file /home/vscode/.local/lib/python3.10/site-packages/airflow/example_dags/example_task_group_decorator.py for tasks to queue
[2024-09-12T06:46:18.240+0000] {logging_mixin.py:150} INFO - [2024-09-12T06:46:18.240+0000] {dagbag.py:541} INFO - Filling up the DagBag from /home/vscode/.local/lib/python3.10/site-packages/airflow/example_dags/example_task_group_decorator.py
[2024-09-12T06:46:18.251+0000] {processor.py:836} INFO - DAG(s) dict_keys(['example_task_group_decorator']) retrieved from /home/vscode/.local/lib/python3.10/site-packages/airflow/example_dags/example_task_group_decorator.py
[2024-09-12T06:46:18.265+0000] {logging_mixin.py:150} INFO - [2024-09-12T06:46:18.265+0000] {dag.py:2742} INFO - Sync 1 DAGs
[2024-09-12T06:46:18.278+0000] {logging_mixin.py:150} INFO - [2024-09-12T06:46:18.278+0000] {dag.py:3504} INFO - Setting next_dagrun for example_task_group_decorator to 2024-09-11T06:46:18.278522+00:00, run_after=2024-09-12T06:46:18.278522+00:00
[2024-09-12T06:46:18.309+0000] {processor.py:179} INFO - Processing /home/vscode/.local/lib/python3.10/site-packages/airflow/example_dags/example_task_group_decorator.py took 0.072 seconds
[2024-09-12T06:47:03.111+0000] {processor.py:157} INFO - Started process (PID=10420) to work on /home/vscode/.local/lib/python3.10/site-packages/airflow/example_dags/example_task_group_decorator.py
[2024-09-12T06:47:03.111+0000] {processor.py:826} INFO - Processing file /home/vscode/.local/lib/python3.10/site-packages/airflow/example_dags/example_task_group_decorator.py for tasks to queue
[2024-09-12T06:47:03.112+0000] {logging_mixin.py:150} INFO - [2024-09-12T06:47:03.112+0000] {dagbag.py:541} INFO - Filling up the DagBag from /home/vscode/.local/lib/python3.10/site-packages/airflow/example_dags/example_task_group_decorator.py
[2024-09-12T06:47:03.123+0000] {processor.py:836} INFO - DAG(s) dict_keys(['example_task_group_decorator']) retrieved from /home/vscode/.local/lib/python3.10/site-packages/airflow/example_dags/example_task_group_decorator.py
[2024-09-12T06:47:03.137+0000] {logging_mixin.py:150} INFO - [2024-09-12T06:47:03.137+0000] {dag.py:2742} INFO - Sync 1 DAGs
[2024-09-12T06:47:03.150+0000] {logging_mixin.py:150} INFO - [2024-09-12T06:47:03.150+0000] {dag.py:3504} INFO - Setting next_dagrun for example_task_group_decorator to 2024-09-11T06:47:03.150291+00:00, run_after=2024-09-12T06:47:03.150291+00:00
[2024-09-12T06:47:03.184+0000] {processor.py:179} INFO - Processing /home/vscode/.local/lib/python3.10/site-packages/airflow/example_dags/example_task_group_decorator.py took 0.076 seconds
[2024-09-12T06:47:43.779+0000] {processor.py:157} INFO - Started process (PID=10689) to work on /home/vscode/.local/lib/python3.10/site-packages/airflow/example_dags/example_task_group_decorator.py
[2024-09-12T06:47:43.780+0000] {processor.py:826} INFO - Processing file /home/vscode/.local/lib/python3.10/site-packages/airflow/example_dags/example_task_group_decorator.py for tasks to queue
[2024-09-12T06:47:43.780+0000] {logging_mixin.py:150} INFO - [2024-09-12T06:47:43.780+0000] {dagbag.py:541} INFO - Filling up the DagBag from /home/vscode/.local/lib/python3.10/site-packages/airflow/example_dags/example_task_group_decorator.py
[2024-09-12T06:47:43.792+0000] {processor.py:836} INFO - DAG(s) dict_keys(['example_task_group_decorator']) retrieved from /home/vscode/.local/lib/python3.10/site-packages/airflow/example_dags/example_task_group_decorator.py
[2024-09-12T06:47:43.806+0000] {logging_mixin.py:150} INFO - [2024-09-12T06:47:43.806+0000] {dag.py:2742} INFO - Sync 1 DAGs
[2024-09-12T06:47:43.820+0000] {logging_mixin.py:150} INFO - [2024-09-12T06:47:43.820+0000] {dag.py:3504} INFO - Setting next_dagrun for example_task_group_decorator to 2024-09-11T06:47:43.820539+00:00, run_after=2024-09-12T06:47:43.820539+00:00
[2024-09-12T06:47:43.873+0000] {processor.py:179} INFO - Processing /home/vscode/.local/lib/python3.10/site-packages/airflow/example_dags/example_task_group_decorator.py took 0.096 seconds
[2024-09-12T06:48:25.645+0000] {processor.py:157} INFO - Started process (PID=10971) to work on /home/vscode/.local/lib/python3.10/site-packages/airflow/example_dags/example_task_group_decorator.py
[2024-09-12T06:48:25.645+0000] {processor.py:826} INFO - Processing file /home/vscode/.local/lib/python3.10/site-packages/airflow/example_dags/example_task_group_decorator.py for tasks to queue
[2024-09-12T06:48:25.646+0000] {logging_mixin.py:150} INFO - [2024-09-12T06:48:25.646+0000] {dagbag.py:541} INFO - Filling up the DagBag from /home/vscode/.local/lib/python3.10/site-packages/airflow/example_dags/example_task_group_decorator.py
[2024-09-12T06:48:25.657+0000] {processor.py:836} INFO - DAG(s) dict_keys(['example_task_group_decorator']) retrieved from /home/vscode/.local/lib/python3.10/site-packages/airflow/example_dags/example_task_group_decorator.py
[2024-09-12T06:48:25.670+0000] {logging_mixin.py:150} INFO - [2024-09-12T06:48:25.670+0000] {dag.py:2742} INFO - Sync 1 DAGs
[2024-09-12T06:48:25.684+0000] {logging_mixin.py:150} INFO - [2024-09-12T06:48:25.684+0000] {dag.py:3504} INFO - Setting next_dagrun for example_task_group_decorator to 2024-09-11T06:48:25.683962+00:00, run_after=2024-09-12T06:48:25.683962+00:00
[2024-09-12T06:48:25.715+0000] {processor.py:179} INFO - Processing /home/vscode/.local/lib/python3.10/site-packages/airflow/example_dags/example_task_group_decorator.py took 0.072 seconds
[2024-09-12T06:49:07.745+0000] {processor.py:157} INFO - Started process (PID=11254) to work on /home/vscode/.local/lib/python3.10/site-packages/airflow/example_dags/example_task_group_decorator.py
[2024-09-12T06:49:07.745+0000] {processor.py:826} INFO - Processing file /home/vscode/.local/lib/python3.10/site-packages/airflow/example_dags/example_task_group_decorator.py for tasks to queue
[2024-09-12T06:49:07.746+0000] {logging_mixin.py:150} INFO - [2024-09-12T06:49:07.746+0000] {dagbag.py:541} INFO - Filling up the DagBag from /home/vscode/.local/lib/python3.10/site-packages/airflow/example_dags/example_task_group_decorator.py
[2024-09-12T06:49:07.757+0000] {processor.py:836} INFO - DAG(s) dict_keys(['example_task_group_decorator']) retrieved from /home/vscode/.local/lib/python3.10/site-packages/airflow/example_dags/example_task_group_decorator.py
[2024-09-12T06:49:07.770+0000] {logging_mixin.py:150} INFO - [2024-09-12T06:49:07.770+0000] {dag.py:2742} INFO - Sync 1 DAGs
[2024-09-12T06:49:07.784+0000] {logging_mixin.py:150} INFO - [2024-09-12T06:49:07.784+0000] {dag.py:3504} INFO - Setting next_dagrun for example_task_group_decorator to 2024-09-11T06:49:07.784177+00:00, run_after=2024-09-12T06:49:07.784177+00:00
[2024-09-12T06:49:07.819+0000] {processor.py:179} INFO - Processing /home/vscode/.local/lib/python3.10/site-packages/airflow/example_dags/example_task_group_decorator.py took 0.076 seconds
[2024-09-12T06:49:50.458+0000] {processor.py:157} INFO - Started process (PID=11546) to work on /home/vscode/.local/lib/python3.10/site-packages/airflow/example_dags/example_task_group_decorator.py
[2024-09-12T06:49:50.458+0000] {processor.py:826} INFO - Processing file /home/vscode/.local/lib/python3.10/site-packages/airflow/example_dags/example_task_group_decorator.py for tasks to queue
[2024-09-12T06:49:50.459+0000] {logging_mixin.py:150} INFO - [2024-09-12T06:49:50.459+0000] {dagbag.py:541} INFO - Filling up the DagBag from /home/vscode/.local/lib/python3.10/site-packages/airflow/example_dags/example_task_group_decorator.py
[2024-09-12T06:49:50.470+0000] {processor.py:836} INFO - DAG(s) dict_keys(['example_task_group_decorator']) retrieved from /home/vscode/.local/lib/python3.10/site-packages/airflow/example_dags/example_task_group_decorator.py
[2024-09-12T06:49:50.484+0000] {logging_mixin.py:150} INFO - [2024-09-12T06:49:50.484+0000] {dag.py:2742} INFO - Sync 1 DAGs
[2024-09-12T06:49:50.498+0000] {logging_mixin.py:150} INFO - [2024-09-12T06:49:50.497+0000] {dag.py:3504} INFO - Setting next_dagrun for example_task_group_decorator to 2024-09-11T06:49:50.497837+00:00, run_after=2024-09-12T06:49:50.497837+00:00
[2024-09-12T06:49:50.537+0000] {processor.py:179} INFO - Processing /home/vscode/.local/lib/python3.10/site-packages/airflow/example_dags/example_task_group_decorator.py took 0.081 seconds
[2024-09-12T06:50:30.606+0000] {processor.py:157} INFO - Started process (PID=11819) to work on /home/vscode/.local/lib/python3.10/site-packages/airflow/example_dags/example_task_group_decorator.py
[2024-09-12T06:50:30.606+0000] {processor.py:826} INFO - Processing file /home/vscode/.local/lib/python3.10/site-packages/airflow/example_dags/example_task_group_decorator.py for tasks to queue
[2024-09-12T06:50:30.607+0000] {logging_mixin.py:150} INFO - [2024-09-12T06:50:30.607+0000] {dagbag.py:541} INFO - Filling up the DagBag from /home/vscode/.local/lib/python3.10/site-packages/airflow/example_dags/example_task_group_decorator.py
[2024-09-12T06:50:30.618+0000] {processor.py:836} INFO - DAG(s) dict_keys(['example_task_group_decorator']) retrieved from /home/vscode/.local/lib/python3.10/site-packages/airflow/example_dags/example_task_group_decorator.py
[2024-09-12T06:50:30.632+0000] {logging_mixin.py:150} INFO - [2024-09-12T06:50:30.632+0000] {dag.py:2742} INFO - Sync 1 DAGs
[2024-09-12T06:50:30.646+0000] {logging_mixin.py:150} INFO - [2024-09-12T06:50:30.645+0000] {dag.py:3504} INFO - Setting next_dagrun for example_task_group_decorator to 2024-09-11T06:50:30.645809+00:00, run_after=2024-09-12T06:50:30.645809+00:00
[2024-09-12T06:50:30.679+0000] {processor.py:179} INFO - Processing /home/vscode/.local/lib/python3.10/site-packages/airflow/example_dags/example_task_group_decorator.py took 0.075 seconds
[2024-09-12T06:51:16.028+0000] {processor.py:157} INFO - Started process (PID=12120) to work on /home/vscode/.local/lib/python3.10/site-packages/airflow/example_dags/example_task_group_decorator.py
[2024-09-12T06:51:16.029+0000] {processor.py:826} INFO - Processing file /home/vscode/.local/lib/python3.10/site-packages/airflow/example_dags/example_task_group_decorator.py for tasks to queue
[2024-09-12T06:51:16.029+0000] {logging_mixin.py:150} INFO - [2024-09-12T06:51:16.029+0000] {dagbag.py:541} INFO - Filling up the DagBag from /home/vscode/.local/lib/python3.10/site-packages/airflow/example_dags/example_task_group_decorator.py
[2024-09-12T06:51:16.040+0000] {processor.py:836} INFO - DAG(s) dict_keys(['example_task_group_decorator']) retrieved from /home/vscode/.local/lib/python3.10/site-packages/airflow/example_dags/example_task_group_decorator.py
[2024-09-12T06:51:16.054+0000] {logging_mixin.py:150} INFO - [2024-09-12T06:51:16.053+0000] {dag.py:2742} INFO - Sync 1 DAGs
[2024-09-12T06:51:16.067+0000] {logging_mixin.py:150} INFO - [2024-09-12T06:51:16.067+0000] {dag.py:3504} INFO - Setting next_dagrun for example_task_group_decorator to 2024-09-11T06:51:16.067133+00:00, run_after=2024-09-12T06:51:16.067133+00:00
[2024-09-12T06:51:16.100+0000] {processor.py:179} INFO - Processing /home/vscode/.local/lib/python3.10/site-packages/airflow/example_dags/example_task_group_decorator.py took 0.074 seconds
[2024-09-12T06:52:01.653+0000] {processor.py:157} INFO - Started process (PID=12426) to work on /home/vscode/.local/lib/python3.10/site-packages/airflow/example_dags/example_task_group_decorator.py
[2024-09-12T06:52:01.653+0000] {processor.py:826} INFO - Processing file /home/vscode/.local/lib/python3.10/site-packages/airflow/example_dags/example_task_group_decorator.py for tasks to queue
[2024-09-12T06:52:01.654+0000] {logging_mixin.py:150} INFO - [2024-09-12T06:52:01.654+0000] {dagbag.py:541} INFO - Filling up the DagBag from /home/vscode/.local/lib/python3.10/site-packages/airflow/example_dags/example_task_group_decorator.py
[2024-09-12T06:52:01.665+0000] {processor.py:836} INFO - DAG(s) dict_keys(['example_task_group_decorator']) retrieved from /home/vscode/.local/lib/python3.10/site-packages/airflow/example_dags/example_task_group_decorator.py
[2024-09-12T06:52:01.678+0000] {logging_mixin.py:150} INFO - [2024-09-12T06:52:01.678+0000] {dag.py:2742} INFO - Sync 1 DAGs
[2024-09-12T06:52:01.692+0000] {logging_mixin.py:150} INFO - [2024-09-12T06:52:01.692+0000] {dag.py:3504} INFO - Setting next_dagrun for example_task_group_decorator to 2024-09-11T06:52:01.692251+00:00, run_after=2024-09-12T06:52:01.692251+00:00
[2024-09-12T06:52:01.720+0000] {processor.py:179} INFO - Processing /home/vscode/.local/lib/python3.10/site-packages/airflow/example_dags/example_task_group_decorator.py took 0.070 seconds
[2024-09-12T06:52:48.517+0000] {processor.py:157} INFO - Started process (PID=12743) to work on /home/vscode/.local/lib/python3.10/site-packages/airflow/example_dags/example_task_group_decorator.py
[2024-09-12T06:52:48.518+0000] {processor.py:826} INFO - Processing file /home/vscode/.local/lib/python3.10/site-packages/airflow/example_dags/example_task_group_decorator.py for tasks to queue
[2024-09-12T06:52:48.518+0000] {logging_mixin.py:150} INFO - [2024-09-12T06:52:48.518+0000] {dagbag.py:541} INFO - Filling up the DagBag from /home/vscode/.local/lib/python3.10/site-packages/airflow/example_dags/example_task_group_decorator.py
[2024-09-12T06:52:48.529+0000] {processor.py:836} INFO - DAG(s) dict_keys(['example_task_group_decorator']) retrieved from /home/vscode/.local/lib/python3.10/site-packages/airflow/example_dags/example_task_group_decorator.py
[2024-09-12T06:52:48.543+0000] {logging_mixin.py:150} INFO - [2024-09-12T06:52:48.543+0000] {dag.py:2742} INFO - Sync 1 DAGs
[2024-09-12T06:52:48.557+0000] {logging_mixin.py:150} INFO - [2024-09-12T06:52:48.557+0000] {dag.py:3504} INFO - Setting next_dagrun for example_task_group_decorator to 2024-09-11T06:52:48.557092+00:00, run_after=2024-09-12T06:52:48.557092+00:00
[2024-09-12T06:52:48.608+0000] {processor.py:179} INFO - Processing /home/vscode/.local/lib/python3.10/site-packages/airflow/example_dags/example_task_group_decorator.py took 0.093 seconds
[2024-09-12T06:53:33.617+0000] {processor.py:157} INFO - Started process (PID=13044) to work on /home/vscode/.local/lib/python3.10/site-packages/airflow/example_dags/example_task_group_decorator.py
[2024-09-12T06:53:33.618+0000] {processor.py:826} INFO - Processing file /home/vscode/.local/lib/python3.10/site-packages/airflow/example_dags/example_task_group_decorator.py for tasks to queue
[2024-09-12T06:53:33.618+0000] {logging_mixin.py:150} INFO - [2024-09-12T06:53:33.618+0000] {dagbag.py:541} INFO - Filling up the DagBag from /home/vscode/.local/lib/python3.10/site-packages/airflow/example_dags/example_task_group_decorator.py
[2024-09-12T06:53:33.630+0000] {processor.py:836} INFO - DAG(s) dict_keys(['example_task_group_decorator']) retrieved from /home/vscode/.local/lib/python3.10/site-packages/airflow/example_dags/example_task_group_decorator.py
[2024-09-12T06:53:33.643+0000] {logging_mixin.py:150} INFO - [2024-09-12T06:53:33.643+0000] {dag.py:2742} INFO - Sync 1 DAGs
[2024-09-12T06:53:33.657+0000] {logging_mixin.py:150} INFO - [2024-09-12T06:53:33.657+0000] {dag.py:3504} INFO - Setting next_dagrun for example_task_group_decorator to 2024-09-11T06:53:33.657196+00:00, run_after=2024-09-12T06:53:33.657196+00:00
[2024-09-12T06:53:33.690+0000] {processor.py:179} INFO - Processing /home/vscode/.local/lib/python3.10/site-packages/airflow/example_dags/example_task_group_decorator.py took 0.075 seconds
[2024-09-12T06:54:19.437+0000] {processor.py:157} INFO - Started process (PID=13356) to work on /home/vscode/.local/lib/python3.10/site-packages/airflow/example_dags/example_task_group_decorator.py
[2024-09-12T06:54:19.438+0000] {processor.py:826} INFO - Processing file /home/vscode/.local/lib/python3.10/site-packages/airflow/example_dags/example_task_group_decorator.py for tasks to queue
[2024-09-12T06:54:19.439+0000] {logging_mixin.py:150} INFO - [2024-09-12T06:54:19.438+0000] {dagbag.py:541} INFO - Filling up the DagBag from /home/vscode/.local/lib/python3.10/site-packages/airflow/example_dags/example_task_group_decorator.py
[2024-09-12T06:54:19.450+0000] {processor.py:836} INFO - DAG(s) dict_keys(['example_task_group_decorator']) retrieved from /home/vscode/.local/lib/python3.10/site-packages/airflow/example_dags/example_task_group_decorator.py
[2024-09-12T06:54:19.463+0000] {logging_mixin.py:150} INFO - [2024-09-12T06:54:19.463+0000] {dag.py:2742} INFO - Sync 1 DAGs
[2024-09-12T06:54:19.477+0000] {logging_mixin.py:150} INFO - [2024-09-12T06:54:19.477+0000] {dag.py:3504} INFO - Setting next_dagrun for example_task_group_decorator to 2024-09-11T06:54:19.477146+00:00, run_after=2024-09-12T06:54:19.477146+00:00
[2024-09-12T06:54:19.515+0000] {processor.py:179} INFO - Processing /home/vscode/.local/lib/python3.10/site-packages/airflow/example_dags/example_task_group_decorator.py took 0.080 seconds
[2024-09-12T06:55:06.679+0000] {processor.py:157} INFO - Started process (PID=13675) to work on /home/vscode/.local/lib/python3.10/site-packages/airflow/example_dags/example_task_group_decorator.py
[2024-09-12T06:55:06.680+0000] {processor.py:826} INFO - Processing file /home/vscode/.local/lib/python3.10/site-packages/airflow/example_dags/example_task_group_decorator.py for tasks to queue
[2024-09-12T06:55:06.681+0000] {logging_mixin.py:150} INFO - [2024-09-12T06:55:06.680+0000] {dagbag.py:541} INFO - Filling up the DagBag from /home/vscode/.local/lib/python3.10/site-packages/airflow/example_dags/example_task_group_decorator.py
[2024-09-12T06:55:06.692+0000] {processor.py:836} INFO - DAG(s) dict_keys(['example_task_group_decorator']) retrieved from /home/vscode/.local/lib/python3.10/site-packages/airflow/example_dags/example_task_group_decorator.py
[2024-09-12T06:55:06.705+0000] {logging_mixin.py:150} INFO - [2024-09-12T06:55:06.705+0000] {dag.py:2742} INFO - Sync 1 DAGs
[2024-09-12T06:55:06.718+0000] {logging_mixin.py:150} INFO - [2024-09-12T06:55:06.718+0000] {dag.py:3504} INFO - Setting next_dagrun for example_task_group_decorator to 2024-09-11T06:55:06.718691+00:00, run_after=2024-09-12T06:55:06.718691+00:00
[2024-09-12T06:55:06.748+0000] {processor.py:179} INFO - Processing /home/vscode/.local/lib/python3.10/site-packages/airflow/example_dags/example_task_group_decorator.py took 0.071 seconds
[2024-09-12T06:55:50.769+0000] {processor.py:157} INFO - Started process (PID=13970) to work on /home/vscode/.local/lib/python3.10/site-packages/airflow/example_dags/example_task_group_decorator.py
[2024-09-12T06:55:50.769+0000] {processor.py:826} INFO - Processing file /home/vscode/.local/lib/python3.10/site-packages/airflow/example_dags/example_task_group_decorator.py for tasks to queue
[2024-09-12T06:55:50.770+0000] {logging_mixin.py:150} INFO - [2024-09-12T06:55:50.770+0000] {dagbag.py:541} INFO - Filling up the DagBag from /home/vscode/.local/lib/python3.10/site-packages/airflow/example_dags/example_task_group_decorator.py
[2024-09-12T06:55:50.781+0000] {processor.py:836} INFO - DAG(s) dict_keys(['example_task_group_decorator']) retrieved from /home/vscode/.local/lib/python3.10/site-packages/airflow/example_dags/example_task_group_decorator.py
[2024-09-12T06:55:50.794+0000] {logging_mixin.py:150} INFO - [2024-09-12T06:55:50.794+0000] {dag.py:2742} INFO - Sync 1 DAGs
[2024-09-12T06:55:50.808+0000] {logging_mixin.py:150} INFO - [2024-09-12T06:55:50.808+0000] {dag.py:3504} INFO - Setting next_dagrun for example_task_group_decorator to 2024-09-11T06:55:50.807957+00:00, run_after=2024-09-12T06:55:50.807957+00:00
[2024-09-12T06:55:50.839+0000] {processor.py:179} INFO - Processing /home/vscode/.local/lib/python3.10/site-packages/airflow/example_dags/example_task_group_decorator.py took 0.072 seconds
[2024-09-12T06:56:41.257+0000] {processor.py:157} INFO - Started process (PID=14300) to work on /home/vscode/.local/lib/python3.10/site-packages/airflow/example_dags/example_task_group_decorator.py
[2024-09-12T06:56:41.257+0000] {processor.py:826} INFO - Processing file /home/vscode/.local/lib/python3.10/site-packages/airflow/example_dags/example_task_group_decorator.py for tasks to queue
[2024-09-12T06:56:41.258+0000] {logging_mixin.py:150} INFO - [2024-09-12T06:56:41.258+0000] {dagbag.py:541} INFO - Filling up the DagBag from /home/vscode/.local/lib/python3.10/site-packages/airflow/example_dags/example_task_group_decorator.py
[2024-09-12T06:56:41.269+0000] {processor.py:836} INFO - DAG(s) dict_keys(['example_task_group_decorator']) retrieved from /home/vscode/.local/lib/python3.10/site-packages/airflow/example_dags/example_task_group_decorator.py
[2024-09-12T06:56:41.283+0000] {logging_mixin.py:150} INFO - [2024-09-12T06:56:41.283+0000] {dag.py:2742} INFO - Sync 1 DAGs
[2024-09-12T06:56:41.297+0000] {logging_mixin.py:150} INFO - [2024-09-12T06:56:41.297+0000] {dag.py:3504} INFO - Setting next_dagrun for example_task_group_decorator to 2024-09-11T06:56:41.297600+00:00, run_after=2024-09-12T06:56:41.297600+00:00
[2024-09-12T06:56:41.336+0000] {processor.py:179} INFO - Processing /home/vscode/.local/lib/python3.10/site-packages/airflow/example_dags/example_task_group_decorator.py took 0.081 seconds
[2024-09-12T06:57:25.298+0000] {processor.py:157} INFO - Started process (PID=14605) to work on /home/vscode/.local/lib/python3.10/site-packages/airflow/example_dags/example_task_group_decorator.py
[2024-09-12T06:57:25.298+0000] {processor.py:826} INFO - Processing file /home/vscode/.local/lib/python3.10/site-packages/airflow/example_dags/example_task_group_decorator.py for tasks to queue
[2024-09-12T06:57:25.299+0000] {logging_mixin.py:150} INFO - [2024-09-12T06:57:25.299+0000] {dagbag.py:541} INFO - Filling up the DagBag from /home/vscode/.local/lib/python3.10/site-packages/airflow/example_dags/example_task_group_decorator.py
[2024-09-12T06:57:25.310+0000] {processor.py:836} INFO - DAG(s) dict_keys(['example_task_group_decorator']) retrieved from /home/vscode/.local/lib/python3.10/site-packages/airflow/example_dags/example_task_group_decorator.py
[2024-09-12T06:57:25.335+0000] {logging_mixin.py:150} INFO - [2024-09-12T06:57:25.335+0000] {dag.py:2742} INFO - Sync 1 DAGs
[2024-09-12T06:57:25.353+0000] {logging_mixin.py:150} INFO - [2024-09-12T06:57:25.353+0000] {dag.py:3504} INFO - Setting next_dagrun for example_task_group_decorator to 2024-09-11T06:57:25.353375+00:00, run_after=2024-09-12T06:57:25.353375+00:00
[2024-09-12T06:57:25.390+0000] {processor.py:179} INFO - Processing /home/vscode/.local/lib/python3.10/site-packages/airflow/example_dags/example_task_group_decorator.py took 0.095 seconds
[2024-09-12T06:58:07.608+0000] {processor.py:157} INFO - Started process (PID=14891) to work on /home/vscode/.local/lib/python3.10/site-packages/airflow/example_dags/example_task_group_decorator.py
[2024-09-12T06:58:07.608+0000] {processor.py:826} INFO - Processing file /home/vscode/.local/lib/python3.10/site-packages/airflow/example_dags/example_task_group_decorator.py for tasks to queue
[2024-09-12T06:58:07.609+0000] {logging_mixin.py:150} INFO - [2024-09-12T06:58:07.609+0000] {dagbag.py:541} INFO - Filling up the DagBag from /home/vscode/.local/lib/python3.10/site-packages/airflow/example_dags/example_task_group_decorator.py
[2024-09-12T06:58:07.626+0000] {processor.py:836} INFO - DAG(s) dict_keys(['example_task_group_decorator']) retrieved from /home/vscode/.local/lib/python3.10/site-packages/airflow/example_dags/example_task_group_decorator.py
[2024-09-12T06:58:07.647+0000] {logging_mixin.py:150} INFO - [2024-09-12T06:58:07.647+0000] {dag.py:2742} INFO - Sync 1 DAGs
[2024-09-12T06:58:07.661+0000] {logging_mixin.py:150} INFO - [2024-09-12T06:58:07.661+0000] {dag.py:3504} INFO - Setting next_dagrun for example_task_group_decorator to 2024-09-11T06:58:07.661448+00:00, run_after=2024-09-12T06:58:07.661448+00:00
[2024-09-12T06:58:07.690+0000] {processor.py:179} INFO - Processing /home/vscode/.local/lib/python3.10/site-packages/airflow/example_dags/example_task_group_decorator.py took 0.086 seconds
[2024-09-12T06:58:50.144+0000] {processor.py:157} INFO - Started process (PID=15177) to work on /home/vscode/.local/lib/python3.10/site-packages/airflow/example_dags/example_task_group_decorator.py
[2024-09-12T06:58:50.144+0000] {processor.py:826} INFO - Processing file /home/vscode/.local/lib/python3.10/site-packages/airflow/example_dags/example_task_group_decorator.py for tasks to queue
[2024-09-12T06:58:50.145+0000] {logging_mixin.py:150} INFO - [2024-09-12T06:58:50.145+0000] {dagbag.py:541} INFO - Filling up the DagBag from /home/vscode/.local/lib/python3.10/site-packages/airflow/example_dags/example_task_group_decorator.py
[2024-09-12T06:58:50.156+0000] {processor.py:836} INFO - DAG(s) dict_keys(['example_task_group_decorator']) retrieved from /home/vscode/.local/lib/python3.10/site-packages/airflow/example_dags/example_task_group_decorator.py
[2024-09-12T06:58:50.170+0000] {logging_mixin.py:150} INFO - [2024-09-12T06:58:50.169+0000] {dag.py:2742} INFO - Sync 1 DAGs
[2024-09-12T06:58:50.184+0000] {logging_mixin.py:150} INFO - [2024-09-12T06:58:50.184+0000] {dag.py:3504} INFO - Setting next_dagrun for example_task_group_decorator to 2024-09-11T06:58:50.183847+00:00, run_after=2024-09-12T06:58:50.183847+00:00
[2024-09-12T06:58:50.217+0000] {processor.py:179} INFO - Processing /home/vscode/.local/lib/python3.10/site-packages/airflow/example_dags/example_task_group_decorator.py took 0.075 seconds
[2024-09-12T06:59:33.103+0000] {processor.py:157} INFO - Started process (PID=15464) to work on /home/vscode/.local/lib/python3.10/site-packages/airflow/example_dags/example_task_group_decorator.py
[2024-09-12T06:59:33.104+0000] {processor.py:826} INFO - Processing file /home/vscode/.local/lib/python3.10/site-packages/airflow/example_dags/example_task_group_decorator.py for tasks to queue
[2024-09-12T06:59:33.105+0000] {logging_mixin.py:150} INFO - [2024-09-12T06:59:33.105+0000] {dagbag.py:541} INFO - Filling up the DagBag from /home/vscode/.local/lib/python3.10/site-packages/airflow/example_dags/example_task_group_decorator.py
[2024-09-12T06:59:33.116+0000] {processor.py:836} INFO - DAG(s) dict_keys(['example_task_group_decorator']) retrieved from /home/vscode/.local/lib/python3.10/site-packages/airflow/example_dags/example_task_group_decorator.py
[2024-09-12T06:59:33.132+0000] {logging_mixin.py:150} INFO - [2024-09-12T06:59:33.132+0000] {dag.py:2742} INFO - Sync 1 DAGs
[2024-09-12T06:59:33.146+0000] {logging_mixin.py:150} INFO - [2024-09-12T06:59:33.146+0000] {dag.py:3504} INFO - Setting next_dagrun for example_task_group_decorator to 2024-09-11T06:59:33.146129+00:00, run_after=2024-09-12T06:59:33.146129+00:00
[2024-09-12T06:59:33.180+0000] {processor.py:179} INFO - Processing /home/vscode/.local/lib/python3.10/site-packages/airflow/example_dags/example_task_group_decorator.py took 0.080 seconds
[2024-09-12T07:00:15.884+0000] {processor.py:157} INFO - Started process (PID=15749) to work on /home/vscode/.local/lib/python3.10/site-packages/airflow/example_dags/example_task_group_decorator.py
[2024-09-12T07:00:15.884+0000] {processor.py:826} INFO - Processing file /home/vscode/.local/lib/python3.10/site-packages/airflow/example_dags/example_task_group_decorator.py for tasks to queue
[2024-09-12T07:00:15.885+0000] {logging_mixin.py:150} INFO - [2024-09-12T07:00:15.885+0000] {dagbag.py:541} INFO - Filling up the DagBag from /home/vscode/.local/lib/python3.10/site-packages/airflow/example_dags/example_task_group_decorator.py
[2024-09-12T07:00:15.896+0000] {processor.py:836} INFO - DAG(s) dict_keys(['example_task_group_decorator']) retrieved from /home/vscode/.local/lib/python3.10/site-packages/airflow/example_dags/example_task_group_decorator.py
[2024-09-12T07:00:15.909+0000] {logging_mixin.py:150} INFO - [2024-09-12T07:00:15.909+0000] {dag.py:2742} INFO - Sync 1 DAGs
[2024-09-12T07:00:15.923+0000] {logging_mixin.py:150} INFO - [2024-09-12T07:00:15.923+0000] {dag.py:3504} INFO - Setting next_dagrun for example_task_group_decorator to 2024-09-11T07:00:15.923384+00:00, run_after=2024-09-12T07:00:15.923384+00:00
[2024-09-12T07:00:15.953+0000] {processor.py:179} INFO - Processing /home/vscode/.local/lib/python3.10/site-packages/airflow/example_dags/example_task_group_decorator.py took 0.072 seconds
[2024-09-12T07:01:01.758+0000] {processor.py:157} INFO - Started process (PID=16054) to work on /home/vscode/.local/lib/python3.10/site-packages/airflow/example_dags/example_task_group_decorator.py
[2024-09-12T07:01:01.758+0000] {processor.py:826} INFO - Processing file /home/vscode/.local/lib/python3.10/site-packages/airflow/example_dags/example_task_group_decorator.py for tasks to queue
[2024-09-12T07:01:01.759+0000] {logging_mixin.py:150} INFO - [2024-09-12T07:01:01.759+0000] {dagbag.py:541} INFO - Filling up the DagBag from /home/vscode/.local/lib/python3.10/site-packages/airflow/example_dags/example_task_group_decorator.py
[2024-09-12T07:01:01.770+0000] {processor.py:836} INFO - DAG(s) dict_keys(['example_task_group_decorator']) retrieved from /home/vscode/.local/lib/python3.10/site-packages/airflow/example_dags/example_task_group_decorator.py
[2024-09-12T07:01:01.785+0000] {logging_mixin.py:150} INFO - [2024-09-12T07:01:01.785+0000] {dag.py:2742} INFO - Sync 1 DAGs
[2024-09-12T07:01:01.802+0000] {logging_mixin.py:150} INFO - [2024-09-12T07:01:01.802+0000] {dag.py:3504} INFO - Setting next_dagrun for example_task_group_decorator to 2024-09-11T07:01:01.802016+00:00, run_after=2024-09-12T07:01:01.802016+00:00
[2024-09-12T07:01:01.847+0000] {processor.py:179} INFO - Processing /home/vscode/.local/lib/python3.10/site-packages/airflow/example_dags/example_task_group_decorator.py took 0.091 seconds
[2024-09-12T07:01:44.195+0000] {processor.py:157} INFO - Started process (PID=16344) to work on /home/vscode/.local/lib/python3.10/site-packages/airflow/example_dags/example_task_group_decorator.py
[2024-09-12T07:01:44.195+0000] {processor.py:826} INFO - Processing file /home/vscode/.local/lib/python3.10/site-packages/airflow/example_dags/example_task_group_decorator.py for tasks to queue
[2024-09-12T07:01:44.196+0000] {logging_mixin.py:150} INFO - [2024-09-12T07:01:44.196+0000] {dagbag.py:541} INFO - Filling up the DagBag from /home/vscode/.local/lib/python3.10/site-packages/airflow/example_dags/example_task_group_decorator.py
[2024-09-12T07:01:44.207+0000] {processor.py:836} INFO - DAG(s) dict_keys(['example_task_group_decorator']) retrieved from /home/vscode/.local/lib/python3.10/site-packages/airflow/example_dags/example_task_group_decorator.py
[2024-09-12T07:01:44.220+0000] {logging_mixin.py:150} INFO - [2024-09-12T07:01:44.220+0000] {dag.py:2742} INFO - Sync 1 DAGs
[2024-09-12T07:01:44.234+0000] {logging_mixin.py:150} INFO - [2024-09-12T07:01:44.234+0000] {dag.py:3504} INFO - Setting next_dagrun for example_task_group_decorator to 2024-09-11T07:01:44.234193+00:00, run_after=2024-09-12T07:01:44.234193+00:00
[2024-09-12T07:01:44.284+0000] {processor.py:179} INFO - Processing /home/vscode/.local/lib/python3.10/site-packages/airflow/example_dags/example_task_group_decorator.py took 0.092 seconds
[2024-09-12T07:02:22.060+0000] {processor.py:157} INFO - Started process (PID=16605) to work on /home/vscode/.local/lib/python3.10/site-packages/airflow/example_dags/example_task_group_decorator.py
[2024-09-12T07:02:22.061+0000] {processor.py:826} INFO - Processing file /home/vscode/.local/lib/python3.10/site-packages/airflow/example_dags/example_task_group_decorator.py for tasks to queue
[2024-09-12T07:02:22.061+0000] {logging_mixin.py:150} INFO - [2024-09-12T07:02:22.061+0000] {dagbag.py:541} INFO - Filling up the DagBag from /home/vscode/.local/lib/python3.10/site-packages/airflow/example_dags/example_task_group_decorator.py
[2024-09-12T07:02:22.072+0000] {processor.py:836} INFO - DAG(s) dict_keys(['example_task_group_decorator']) retrieved from /home/vscode/.local/lib/python3.10/site-packages/airflow/example_dags/example_task_group_decorator.py
[2024-09-12T07:02:22.090+0000] {logging_mixin.py:150} INFO - [2024-09-12T07:02:22.089+0000] {dag.py:2742} INFO - Sync 1 DAGs
[2024-09-12T07:02:22.109+0000] {logging_mixin.py:150} INFO - [2024-09-12T07:02:22.109+0000] {dag.py:3504} INFO - Setting next_dagrun for example_task_group_decorator to 2024-09-11T07:02:22.108885+00:00, run_after=2024-09-12T07:02:22.108885+00:00
[2024-09-12T07:02:22.143+0000] {processor.py:179} INFO - Processing /home/vscode/.local/lib/python3.10/site-packages/airflow/example_dags/example_task_group_decorator.py took 0.085 seconds
[2024-09-12T07:03:07.873+0000] {processor.py:157} INFO - Started process (PID=16907) to work on /home/vscode/.local/lib/python3.10/site-packages/airflow/example_dags/example_task_group_decorator.py
[2024-09-12T07:03:07.874+0000] {processor.py:826} INFO - Processing file /home/vscode/.local/lib/python3.10/site-packages/airflow/example_dags/example_task_group_decorator.py for tasks to queue
[2024-09-12T07:03:07.874+0000] {logging_mixin.py:150} INFO - [2024-09-12T07:03:07.874+0000] {dagbag.py:541} INFO - Filling up the DagBag from /home/vscode/.local/lib/python3.10/site-packages/airflow/example_dags/example_task_group_decorator.py
[2024-09-12T07:03:07.888+0000] {processor.py:836} INFO - DAG(s) dict_keys(['example_task_group_decorator']) retrieved from /home/vscode/.local/lib/python3.10/site-packages/airflow/example_dags/example_task_group_decorator.py
[2024-09-12T07:03:07.909+0000] {logging_mixin.py:150} INFO - [2024-09-12T07:03:07.908+0000] {dag.py:2742} INFO - Sync 1 DAGs
[2024-09-12T07:03:07.927+0000] {logging_mixin.py:150} INFO - [2024-09-12T07:03:07.926+0000] {dag.py:3504} INFO - Setting next_dagrun for example_task_group_decorator to 2024-09-11T07:03:07.926702+00:00, run_after=2024-09-12T07:03:07.926702+00:00
[2024-09-12T07:03:07.973+0000] {processor.py:179} INFO - Processing /home/vscode/.local/lib/python3.10/site-packages/airflow/example_dags/example_task_group_decorator.py took 0.103 seconds
[2024-09-12T07:03:58.415+0000] {processor.py:157} INFO - Started process (PID=17292) to work on /home/vscode/.local/lib/python3.10/site-packages/airflow/example_dags/example_task_group_decorator.py
[2024-09-12T07:03:58.416+0000] {processor.py:826} INFO - Processing file /home/vscode/.local/lib/python3.10/site-packages/airflow/example_dags/example_task_group_decorator.py for tasks to queue
[2024-09-12T07:03:58.417+0000] {logging_mixin.py:150} INFO - [2024-09-12T07:03:58.416+0000] {dagbag.py:541} INFO - Filling up the DagBag from /home/vscode/.local/lib/python3.10/site-packages/airflow/example_dags/example_task_group_decorator.py
[2024-09-12T07:03:58.427+0000] {processor.py:836} INFO - DAG(s) dict_keys(['example_task_group_decorator']) retrieved from /home/vscode/.local/lib/python3.10/site-packages/airflow/example_dags/example_task_group_decorator.py
[2024-09-12T07:03:58.441+0000] {logging_mixin.py:150} INFO - [2024-09-12T07:03:58.441+0000] {dag.py:2742} INFO - Sync 1 DAGs
[2024-09-12T07:03:58.454+0000] {logging_mixin.py:150} INFO - [2024-09-12T07:03:58.454+0000] {dag.py:3504} INFO - Setting next_dagrun for example_task_group_decorator to 2024-09-11T07:03:58.454114+00:00, run_after=2024-09-12T07:03:58.454114+00:00
[2024-09-12T07:03:58.499+0000] {processor.py:179} INFO - Processing /home/vscode/.local/lib/python3.10/site-packages/airflow/example_dags/example_task_group_decorator.py took 0.086 seconds
[2024-09-12T07:04:42.578+0000] {processor.py:157} INFO - Started process (PID=17630) to work on /home/vscode/.local/lib/python3.10/site-packages/airflow/example_dags/example_task_group_decorator.py
[2024-09-12T07:04:42.579+0000] {processor.py:826} INFO - Processing file /home/vscode/.local/lib/python3.10/site-packages/airflow/example_dags/example_task_group_decorator.py for tasks to queue
[2024-09-12T07:04:42.579+0000] {logging_mixin.py:150} INFO - [2024-09-12T07:04:42.579+0000] {dagbag.py:541} INFO - Filling up the DagBag from /home/vscode/.local/lib/python3.10/site-packages/airflow/example_dags/example_task_group_decorator.py
[2024-09-12T07:04:42.590+0000] {processor.py:836} INFO - DAG(s) dict_keys(['example_task_group_decorator']) retrieved from /home/vscode/.local/lib/python3.10/site-packages/airflow/example_dags/example_task_group_decorator.py
[2024-09-12T07:04:42.605+0000] {logging_mixin.py:150} INFO - [2024-09-12T07:04:42.605+0000] {dag.py:2742} INFO - Sync 1 DAGs
[2024-09-12T07:04:42.624+0000] {logging_mixin.py:150} INFO - [2024-09-12T07:04:42.624+0000] {dag.py:3504} INFO - Setting next_dagrun for example_task_group_decorator to 2024-09-11T07:04:42.624303+00:00, run_after=2024-09-12T07:04:42.624303+00:00
[2024-09-12T07:04:42.660+0000] {processor.py:179} INFO - Processing /home/vscode/.local/lib/python3.10/site-packages/airflow/example_dags/example_task_group_decorator.py took 0.084 seconds
[2024-09-12T07:05:30.523+0000] {processor.py:157} INFO - Started process (PID=18070) to work on /home/vscode/.local/lib/python3.10/site-packages/airflow/example_dags/example_task_group_decorator.py
[2024-09-12T07:05:30.523+0000] {processor.py:826} INFO - Processing file /home/vscode/.local/lib/python3.10/site-packages/airflow/example_dags/example_task_group_decorator.py for tasks to queue
[2024-09-12T07:05:30.524+0000] {logging_mixin.py:150} INFO - [2024-09-12T07:05:30.524+0000] {dagbag.py:541} INFO - Filling up the DagBag from /home/vscode/.local/lib/python3.10/site-packages/airflow/example_dags/example_task_group_decorator.py
[2024-09-12T07:05:30.535+0000] {processor.py:836} INFO - DAG(s) dict_keys(['example_task_group_decorator']) retrieved from /home/vscode/.local/lib/python3.10/site-packages/airflow/example_dags/example_task_group_decorator.py
[2024-09-12T07:05:30.548+0000] {logging_mixin.py:150} INFO - [2024-09-12T07:05:30.548+0000] {dag.py:2742} INFO - Sync 1 DAGs
[2024-09-12T07:05:30.562+0000] {logging_mixin.py:150} INFO - [2024-09-12T07:05:30.562+0000] {dag.py:3504} INFO - Setting next_dagrun for example_task_group_decorator to 2024-09-11T07:05:30.562512+00:00, run_after=2024-09-12T07:05:30.562512+00:00
[2024-09-12T07:05:30.593+0000] {processor.py:179} INFO - Processing /home/vscode/.local/lib/python3.10/site-packages/airflow/example_dags/example_task_group_decorator.py took 0.072 seconds
[2024-09-12T07:06:14.293+0000] {processor.py:157} INFO - Started process (PID=18409) to work on /home/vscode/.local/lib/python3.10/site-packages/airflow/example_dags/example_task_group_decorator.py
[2024-09-12T07:06:14.293+0000] {processor.py:826} INFO - Processing file /home/vscode/.local/lib/python3.10/site-packages/airflow/example_dags/example_task_group_decorator.py for tasks to queue
[2024-09-12T07:06:14.294+0000] {logging_mixin.py:150} INFO - [2024-09-12T07:06:14.294+0000] {dagbag.py:541} INFO - Filling up the DagBag from /home/vscode/.local/lib/python3.10/site-packages/airflow/example_dags/example_task_group_decorator.py
[2024-09-12T07:06:14.306+0000] {processor.py:836} INFO - DAG(s) dict_keys(['example_task_group_decorator']) retrieved from /home/vscode/.local/lib/python3.10/site-packages/airflow/example_dags/example_task_group_decorator.py
[2024-09-12T07:06:14.320+0000] {logging_mixin.py:150} INFO - [2024-09-12T07:06:14.319+0000] {dag.py:2742} INFO - Sync 1 DAGs
[2024-09-12T07:06:14.333+0000] {logging_mixin.py:150} INFO - [2024-09-12T07:06:14.333+0000] {dag.py:3504} INFO - Setting next_dagrun for example_task_group_decorator to 2024-09-11T07:06:14.333197+00:00, run_after=2024-09-12T07:06:14.333197+00:00
[2024-09-12T07:06:14.375+0000] {processor.py:179} INFO - Processing /home/vscode/.local/lib/python3.10/site-packages/airflow/example_dags/example_task_group_decorator.py took 0.084 seconds
[2024-09-12T07:06:58.496+0000] {processor.py:157} INFO - Started process (PID=18730) to work on /home/vscode/.local/lib/python3.10/site-packages/airflow/example_dags/example_task_group_decorator.py
[2024-09-12T07:06:58.497+0000] {processor.py:826} INFO - Processing file /home/vscode/.local/lib/python3.10/site-packages/airflow/example_dags/example_task_group_decorator.py for tasks to queue
[2024-09-12T07:06:58.497+0000] {logging_mixin.py:150} INFO - [2024-09-12T07:06:58.497+0000] {dagbag.py:541} INFO - Filling up the DagBag from /home/vscode/.local/lib/python3.10/site-packages/airflow/example_dags/example_task_group_decorator.py
[2024-09-12T07:06:58.508+0000] {processor.py:836} INFO - DAG(s) dict_keys(['example_task_group_decorator']) retrieved from /home/vscode/.local/lib/python3.10/site-packages/airflow/example_dags/example_task_group_decorator.py
[2024-09-12T07:06:58.522+0000] {logging_mixin.py:150} INFO - [2024-09-12T07:06:58.522+0000] {dag.py:2742} INFO - Sync 1 DAGs
[2024-09-12T07:06:58.536+0000] {logging_mixin.py:150} INFO - [2024-09-12T07:06:58.536+0000] {dag.py:3504} INFO - Setting next_dagrun for example_task_group_decorator to 2024-09-11T07:06:58.536623+00:00, run_after=2024-09-12T07:06:58.536623+00:00
[2024-09-12T07:06:58.576+0000] {processor.py:179} INFO - Processing /home/vscode/.local/lib/python3.10/site-packages/airflow/example_dags/example_task_group_decorator.py took 0.083 seconds
[2024-09-12T07:07:42.772+0000] {processor.py:157} INFO - Started process (PID=19033) to work on /home/vscode/.local/lib/python3.10/site-packages/airflow/example_dags/example_task_group_decorator.py
[2024-09-12T07:07:42.773+0000] {processor.py:826} INFO - Processing file /home/vscode/.local/lib/python3.10/site-packages/airflow/example_dags/example_task_group_decorator.py for tasks to queue
[2024-09-12T07:07:42.773+0000] {logging_mixin.py:150} INFO - [2024-09-12T07:07:42.773+0000] {dagbag.py:541} INFO - Filling up the DagBag from /home/vscode/.local/lib/python3.10/site-packages/airflow/example_dags/example_task_group_decorator.py
[2024-09-12T07:07:42.784+0000] {processor.py:836} INFO - DAG(s) dict_keys(['example_task_group_decorator']) retrieved from /home/vscode/.local/lib/python3.10/site-packages/airflow/example_dags/example_task_group_decorator.py
[2024-09-12T07:07:42.798+0000] {logging_mixin.py:150} INFO - [2024-09-12T07:07:42.798+0000] {dag.py:2742} INFO - Sync 1 DAGs
[2024-09-12T07:07:42.812+0000] {logging_mixin.py:150} INFO - [2024-09-12T07:07:42.811+0000] {dag.py:3504} INFO - Setting next_dagrun for example_task_group_decorator to 2024-09-11T07:07:42.811753+00:00, run_after=2024-09-12T07:07:42.811753+00:00
[2024-09-12T07:07:42.839+0000] {processor.py:179} INFO - Processing /home/vscode/.local/lib/python3.10/site-packages/airflow/example_dags/example_task_group_decorator.py took 0.069 seconds
[2024-09-12T07:08:26.190+0000] {processor.py:157} INFO - Started process (PID=19369) to work on /home/vscode/.local/lib/python3.10/site-packages/airflow/example_dags/example_task_group_decorator.py
[2024-09-12T07:08:26.190+0000] {processor.py:826} INFO - Processing file /home/vscode/.local/lib/python3.10/site-packages/airflow/example_dags/example_task_group_decorator.py for tasks to queue
[2024-09-12T07:08:26.191+0000] {logging_mixin.py:150} INFO - [2024-09-12T07:08:26.191+0000] {dagbag.py:541} INFO - Filling up the DagBag from /home/vscode/.local/lib/python3.10/site-packages/airflow/example_dags/example_task_group_decorator.py
[2024-09-12T07:08:26.202+0000] {processor.py:836} INFO - DAG(s) dict_keys(['example_task_group_decorator']) retrieved from /home/vscode/.local/lib/python3.10/site-packages/airflow/example_dags/example_task_group_decorator.py
[2024-09-12T07:08:26.216+0000] {logging_mixin.py:150} INFO - [2024-09-12T07:08:26.215+0000] {dag.py:2742} INFO - Sync 1 DAGs
[2024-09-12T07:08:26.230+0000] {logging_mixin.py:150} INFO - [2024-09-12T07:08:26.230+0000] {dag.py:3504} INFO - Setting next_dagrun for example_task_group_decorator to 2024-09-11T07:08:26.229882+00:00, run_after=2024-09-12T07:08:26.229882+00:00
[2024-09-12T07:08:26.264+0000] {processor.py:179} INFO - Processing /home/vscode/.local/lib/python3.10/site-packages/airflow/example_dags/example_task_group_decorator.py took 0.076 seconds
[2024-09-12T07:09:12.551+0000] {processor.py:157} INFO - Started process (PID=19759) to work on /home/vscode/.local/lib/python3.10/site-packages/airflow/example_dags/example_task_group_decorator.py
[2024-09-12T07:09:12.552+0000] {processor.py:826} INFO - Processing file /home/vscode/.local/lib/python3.10/site-packages/airflow/example_dags/example_task_group_decorator.py for tasks to queue
[2024-09-12T07:09:12.552+0000] {logging_mixin.py:150} INFO - [2024-09-12T07:09:12.552+0000] {dagbag.py:541} INFO - Filling up the DagBag from /home/vscode/.local/lib/python3.10/site-packages/airflow/example_dags/example_task_group_decorator.py
[2024-09-12T07:09:12.564+0000] {processor.py:836} INFO - DAG(s) dict_keys(['example_task_group_decorator']) retrieved from /home/vscode/.local/lib/python3.10/site-packages/airflow/example_dags/example_task_group_decorator.py
[2024-09-12T07:09:12.577+0000] {logging_mixin.py:150} INFO - [2024-09-12T07:09:12.577+0000] {dag.py:2742} INFO - Sync 1 DAGs
[2024-09-12T07:09:12.591+0000] {logging_mixin.py:150} INFO - [2024-09-12T07:09:12.591+0000] {dag.py:3504} INFO - Setting next_dagrun for example_task_group_decorator to 2024-09-11T07:09:12.591321+00:00, run_after=2024-09-12T07:09:12.591321+00:00
[2024-09-12T07:09:12.638+0000] {processor.py:179} INFO - Processing /home/vscode/.local/lib/python3.10/site-packages/airflow/example_dags/example_task_group_decorator.py took 0.089 seconds
[2024-09-12T07:09:56.678+0000] {processor.py:157} INFO - Started process (PID=20069) to work on /home/vscode/.local/lib/python3.10/site-packages/airflow/example_dags/example_task_group_decorator.py
[2024-09-12T07:09:56.679+0000] {processor.py:826} INFO - Processing file /home/vscode/.local/lib/python3.10/site-packages/airflow/example_dags/example_task_group_decorator.py for tasks to queue
[2024-09-12T07:09:56.679+0000] {logging_mixin.py:150} INFO - [2024-09-12T07:09:56.679+0000] {dagbag.py:541} INFO - Filling up the DagBag from /home/vscode/.local/lib/python3.10/site-packages/airflow/example_dags/example_task_group_decorator.py
[2024-09-12T07:09:56.691+0000] {processor.py:836} INFO - DAG(s) dict_keys(['example_task_group_decorator']) retrieved from /home/vscode/.local/lib/python3.10/site-packages/airflow/example_dags/example_task_group_decorator.py
[2024-09-12T07:09:56.707+0000] {logging_mixin.py:150} INFO - [2024-09-12T07:09:56.707+0000] {dag.py:2742} INFO - Sync 1 DAGs
[2024-09-12T07:09:56.724+0000] {logging_mixin.py:150} INFO - [2024-09-12T07:09:56.724+0000] {dag.py:3504} INFO - Setting next_dagrun for example_task_group_decorator to 2024-09-11T07:09:56.724351+00:00, run_after=2024-09-12T07:09:56.724351+00:00
[2024-09-12T07:09:56.765+0000] {processor.py:179} INFO - Processing /home/vscode/.local/lib/python3.10/site-packages/airflow/example_dags/example_task_group_decorator.py took 0.089 seconds
