[2024-09-12T06:38:51.005+0000] {processor.py:157} INFO - Started process (PID=6959) to work on /home/vscode/.local/lib/python3.10/site-packages/airflow/example_dags/tutorial_taskflow_api.py
[2024-09-12T06:38:51.005+0000] {processor.py:826} INFO - Processing file /home/vscode/.local/lib/python3.10/site-packages/airflow/example_dags/tutorial_taskflow_api.py for tasks to queue
[2024-09-12T06:38:51.006+0000] {logging_mixin.py:150} INFO - [2024-09-12T06:38:51.006+0000] {dagbag.py:541} INFO - Filling up the DagBag from /home/vscode/.local/lib/python3.10/site-packages/airflow/example_dags/tutorial_taskflow_api.py
[2024-09-12T06:38:51.012+0000] {processor.py:836} INFO - DAG(s) dict_keys(['tutorial_taskflow_api']) retrieved from /home/vscode/.local/lib/python3.10/site-packages/airflow/example_dags/tutorial_taskflow_api.py
[2024-09-12T06:38:51.215+0000] {logging_mixin.py:150} INFO - [2024-09-12T06:38:51.214+0000] {manager.py:504} INFO - Created Permission View: can edit on DAG:tutorial_taskflow_api
[2024-09-12T06:38:51.253+0000] {logging_mixin.py:150} INFO - [2024-09-12T06:38:51.253+0000] {manager.py:504} INFO - Created Permission View: can read on DAG:tutorial_taskflow_api
[2024-09-12T06:38:51.275+0000] {logging_mixin.py:150} INFO - [2024-09-12T06:38:51.275+0000] {manager.py:504} INFO - Created Permission View: can delete on DAG:tutorial_taskflow_api
[2024-09-12T06:38:51.286+0000] {logging_mixin.py:150} INFO - [2024-09-12T06:38:51.286+0000] {dag.py:2742} INFO - Sync 1 DAGs
[2024-09-12T06:38:51.297+0000] {logging_mixin.py:150} INFO - [2024-09-12T06:38:51.297+0000] {dag.py:2763} INFO - Creating ORM DAG for tutorial_taskflow_api
[2024-09-12T06:38:51.305+0000] {logging_mixin.py:150} INFO - [2024-09-12T06:38:51.305+0000] {dag.py:3504} INFO - Setting next_dagrun for tutorial_taskflow_api to None, run_after=None
[2024-09-12T06:38:51.369+0000] {processor.py:179} INFO - Processing /home/vscode/.local/lib/python3.10/site-packages/airflow/example_dags/tutorial_taskflow_api.py took 0.366 seconds
[2024-09-12T06:39:23.582+0000] {processor.py:157} INFO - Started process (PID=7337) to work on /home/vscode/.local/lib/python3.10/site-packages/airflow/example_dags/tutorial_taskflow_api.py
[2024-09-12T06:39:23.583+0000] {processor.py:826} INFO - Processing file /home/vscode/.local/lib/python3.10/site-packages/airflow/example_dags/tutorial_taskflow_api.py for tasks to queue
[2024-09-12T06:39:23.584+0000] {logging_mixin.py:150} INFO - [2024-09-12T06:39:23.583+0000] {dagbag.py:541} INFO - Filling up the DagBag from /home/vscode/.local/lib/python3.10/site-packages/airflow/example_dags/tutorial_taskflow_api.py
[2024-09-12T06:39:23.590+0000] {processor.py:836} INFO - DAG(s) dict_keys(['tutorial_taskflow_api']) retrieved from /home/vscode/.local/lib/python3.10/site-packages/airflow/example_dags/tutorial_taskflow_api.py
[2024-09-12T06:39:23.606+0000] {logging_mixin.py:150} INFO - [2024-09-12T06:39:23.606+0000] {dag.py:2742} INFO - Sync 1 DAGs
[2024-09-12T06:39:23.693+0000] {logging_mixin.py:150} INFO - [2024-09-12T06:39:23.693+0000] {dag.py:3504} INFO - Setting next_dagrun for tutorial_taskflow_api to None, run_after=None
[2024-09-12T06:39:23.726+0000] {processor.py:179} INFO - Processing /home/vscode/.local/lib/python3.10/site-packages/airflow/example_dags/tutorial_taskflow_api.py took 0.146 seconds
[2024-09-12T06:40:18.806+0000] {processor.py:157} INFO - Started process (PID=7697) to work on /home/vscode/.local/lib/python3.10/site-packages/airflow/example_dags/tutorial_taskflow_api.py
[2024-09-12T06:40:18.806+0000] {processor.py:826} INFO - Processing file /home/vscode/.local/lib/python3.10/site-packages/airflow/example_dags/tutorial_taskflow_api.py for tasks to queue
[2024-09-12T06:40:18.807+0000] {logging_mixin.py:150} INFO - [2024-09-12T06:40:18.807+0000] {dagbag.py:541} INFO - Filling up the DagBag from /home/vscode/.local/lib/python3.10/site-packages/airflow/example_dags/tutorial_taskflow_api.py
[2024-09-12T06:40:18.811+0000] {processor.py:836} INFO - DAG(s) dict_keys(['tutorial_taskflow_api']) retrieved from /home/vscode/.local/lib/python3.10/site-packages/airflow/example_dags/tutorial_taskflow_api.py
[2024-09-12T06:40:18.823+0000] {logging_mixin.py:150} INFO - [2024-09-12T06:40:18.823+0000] {dag.py:2742} INFO - Sync 1 DAGs
[2024-09-12T06:40:18.837+0000] {logging_mixin.py:150} INFO - [2024-09-12T06:40:18.836+0000] {dag.py:3504} INFO - Setting next_dagrun for tutorial_taskflow_api to None, run_after=None
[2024-09-12T06:40:18.872+0000] {processor.py:179} INFO - Processing /home/vscode/.local/lib/python3.10/site-packages/airflow/example_dags/tutorial_taskflow_api.py took 0.068 seconds
[2024-09-12T06:41:00.567+0000] {processor.py:157} INFO - Started process (PID=7980) to work on /home/vscode/.local/lib/python3.10/site-packages/airflow/example_dags/tutorial_taskflow_api.py
[2024-09-12T06:41:00.568+0000] {processor.py:826} INFO - Processing file /home/vscode/.local/lib/python3.10/site-packages/airflow/example_dags/tutorial_taskflow_api.py for tasks to queue
[2024-09-12T06:41:00.569+0000] {logging_mixin.py:150} INFO - [2024-09-12T06:41:00.568+0000] {dagbag.py:541} INFO - Filling up the DagBag from /home/vscode/.local/lib/python3.10/site-packages/airflow/example_dags/tutorial_taskflow_api.py
[2024-09-12T06:41:00.575+0000] {processor.py:836} INFO - DAG(s) dict_keys(['tutorial_taskflow_api']) retrieved from /home/vscode/.local/lib/python3.10/site-packages/airflow/example_dags/tutorial_taskflow_api.py
[2024-09-12T06:41:00.593+0000] {logging_mixin.py:150} INFO - [2024-09-12T06:41:00.593+0000] {dag.py:2742} INFO - Sync 1 DAGs
[2024-09-12T06:41:00.615+0000] {logging_mixin.py:150} INFO - [2024-09-12T06:41:00.614+0000] {dag.py:3504} INFO - Setting next_dagrun for tutorial_taskflow_api to None, run_after=None
[2024-09-12T06:41:00.660+0000] {processor.py:179} INFO - Processing /home/vscode/.local/lib/python3.10/site-packages/airflow/example_dags/tutorial_taskflow_api.py took 0.096 seconds
[2024-09-12T06:41:42.899+0000] {processor.py:157} INFO - Started process (PID=8268) to work on /home/vscode/.local/lib/python3.10/site-packages/airflow/example_dags/tutorial_taskflow_api.py
[2024-09-12T06:41:42.900+0000] {processor.py:826} INFO - Processing file /home/vscode/.local/lib/python3.10/site-packages/airflow/example_dags/tutorial_taskflow_api.py for tasks to queue
[2024-09-12T06:41:42.900+0000] {logging_mixin.py:150} INFO - [2024-09-12T06:41:42.900+0000] {dagbag.py:541} INFO - Filling up the DagBag from /home/vscode/.local/lib/python3.10/site-packages/airflow/example_dags/tutorial_taskflow_api.py
[2024-09-12T06:41:42.905+0000] {processor.py:836} INFO - DAG(s) dict_keys(['tutorial_taskflow_api']) retrieved from /home/vscode/.local/lib/python3.10/site-packages/airflow/example_dags/tutorial_taskflow_api.py
[2024-09-12T06:41:42.916+0000] {logging_mixin.py:150} INFO - [2024-09-12T06:41:42.916+0000] {dag.py:2742} INFO - Sync 1 DAGs
[2024-09-12T06:41:42.930+0000] {logging_mixin.py:150} INFO - [2024-09-12T06:41:42.930+0000] {dag.py:3504} INFO - Setting next_dagrun for tutorial_taskflow_api to None, run_after=None
[2024-09-12T06:41:42.968+0000] {processor.py:179} INFO - Processing /home/vscode/.local/lib/python3.10/site-packages/airflow/example_dags/tutorial_taskflow_api.py took 0.071 seconds
[2024-09-12T06:42:29.202+0000] {processor.py:157} INFO - Started process (PID=8570) to work on /home/vscode/.local/lib/python3.10/site-packages/airflow/example_dags/tutorial_taskflow_api.py
[2024-09-12T06:42:29.202+0000] {processor.py:826} INFO - Processing file /home/vscode/.local/lib/python3.10/site-packages/airflow/example_dags/tutorial_taskflow_api.py for tasks to queue
[2024-09-12T06:42:29.203+0000] {logging_mixin.py:150} INFO - [2024-09-12T06:42:29.203+0000] {dagbag.py:541} INFO - Filling up the DagBag from /home/vscode/.local/lib/python3.10/site-packages/airflow/example_dags/tutorial_taskflow_api.py
[2024-09-12T06:42:29.207+0000] {processor.py:836} INFO - DAG(s) dict_keys(['tutorial_taskflow_api']) retrieved from /home/vscode/.local/lib/python3.10/site-packages/airflow/example_dags/tutorial_taskflow_api.py
[2024-09-12T06:42:29.218+0000] {logging_mixin.py:150} INFO - [2024-09-12T06:42:29.218+0000] {dag.py:2742} INFO - Sync 1 DAGs
[2024-09-12T06:42:29.232+0000] {logging_mixin.py:150} INFO - [2024-09-12T06:42:29.231+0000] {dag.py:3504} INFO - Setting next_dagrun for tutorial_taskflow_api to None, run_after=None
[2024-09-12T06:42:29.261+0000] {processor.py:179} INFO - Processing /home/vscode/.local/lib/python3.10/site-packages/airflow/example_dags/tutorial_taskflow_api.py took 0.061 seconds
[2024-09-12T06:43:12.344+0000] {processor.py:157} INFO - Started process (PID=8867) to work on /home/vscode/.local/lib/python3.10/site-packages/airflow/example_dags/tutorial_taskflow_api.py
[2024-09-12T06:43:12.345+0000] {processor.py:826} INFO - Processing file /home/vscode/.local/lib/python3.10/site-packages/airflow/example_dags/tutorial_taskflow_api.py for tasks to queue
[2024-09-12T06:43:12.346+0000] {logging_mixin.py:150} INFO - [2024-09-12T06:43:12.345+0000] {dagbag.py:541} INFO - Filling up the DagBag from /home/vscode/.local/lib/python3.10/site-packages/airflow/example_dags/tutorial_taskflow_api.py
[2024-09-12T06:43:12.350+0000] {processor.py:836} INFO - DAG(s) dict_keys(['tutorial_taskflow_api']) retrieved from /home/vscode/.local/lib/python3.10/site-packages/airflow/example_dags/tutorial_taskflow_api.py
[2024-09-12T06:43:12.361+0000] {logging_mixin.py:150} INFO - [2024-09-12T06:43:12.361+0000] {dag.py:2742} INFO - Sync 1 DAGs
[2024-09-12T06:43:12.375+0000] {logging_mixin.py:150} INFO - [2024-09-12T06:43:12.375+0000] {dag.py:3504} INFO - Setting next_dagrun for tutorial_taskflow_api to None, run_after=None
[2024-09-12T06:43:12.449+0000] {processor.py:179} INFO - Processing /home/vscode/.local/lib/python3.10/site-packages/airflow/example_dags/tutorial_taskflow_api.py took 0.107 seconds
[2024-09-12T06:43:56.249+0000] {processor.py:157} INFO - Started process (PID=9158) to work on /home/vscode/.local/lib/python3.10/site-packages/airflow/example_dags/tutorial_taskflow_api.py
[2024-09-12T06:43:56.250+0000] {processor.py:826} INFO - Processing file /home/vscode/.local/lib/python3.10/site-packages/airflow/example_dags/tutorial_taskflow_api.py for tasks to queue
[2024-09-12T06:43:56.251+0000] {logging_mixin.py:150} INFO - [2024-09-12T06:43:56.251+0000] {dagbag.py:541} INFO - Filling up the DagBag from /home/vscode/.local/lib/python3.10/site-packages/airflow/example_dags/tutorial_taskflow_api.py
[2024-09-12T06:43:56.256+0000] {processor.py:836} INFO - DAG(s) dict_keys(['tutorial_taskflow_api']) retrieved from /home/vscode/.local/lib/python3.10/site-packages/airflow/example_dags/tutorial_taskflow_api.py
[2024-09-12T06:43:56.268+0000] {logging_mixin.py:150} INFO - [2024-09-12T06:43:56.268+0000] {dag.py:2742} INFO - Sync 1 DAGs
[2024-09-12T06:43:56.281+0000] {logging_mixin.py:150} INFO - [2024-09-12T06:43:56.281+0000] {dag.py:3504} INFO - Setting next_dagrun for tutorial_taskflow_api to None, run_after=None
[2024-09-12T06:43:56.310+0000] {processor.py:179} INFO - Processing /home/vscode/.local/lib/python3.10/site-packages/airflow/example_dags/tutorial_taskflow_api.py took 0.064 seconds
[2024-09-12T06:44:35.710+0000] {processor.py:157} INFO - Started process (PID=9433) to work on /home/vscode/.local/lib/python3.10/site-packages/airflow/example_dags/tutorial_taskflow_api.py
[2024-09-12T06:44:35.711+0000] {processor.py:826} INFO - Processing file /home/vscode/.local/lib/python3.10/site-packages/airflow/example_dags/tutorial_taskflow_api.py for tasks to queue
[2024-09-12T06:44:35.711+0000] {logging_mixin.py:150} INFO - [2024-09-12T06:44:35.711+0000] {dagbag.py:541} INFO - Filling up the DagBag from /home/vscode/.local/lib/python3.10/site-packages/airflow/example_dags/tutorial_taskflow_api.py
[2024-09-12T06:44:35.716+0000] {processor.py:836} INFO - DAG(s) dict_keys(['tutorial_taskflow_api']) retrieved from /home/vscode/.local/lib/python3.10/site-packages/airflow/example_dags/tutorial_taskflow_api.py
[2024-09-12T06:44:35.727+0000] {logging_mixin.py:150} INFO - [2024-09-12T06:44:35.727+0000] {dag.py:2742} INFO - Sync 1 DAGs
[2024-09-12T06:44:35.741+0000] {logging_mixin.py:150} INFO - [2024-09-12T06:44:35.741+0000] {dag.py:3504} INFO - Setting next_dagrun for tutorial_taskflow_api to None, run_after=None
[2024-09-12T06:44:35.779+0000] {processor.py:179} INFO - Processing /home/vscode/.local/lib/python3.10/site-packages/airflow/example_dags/tutorial_taskflow_api.py took 0.071 seconds
[2024-09-12T06:45:20.648+0000] {processor.py:157} INFO - Started process (PID=9729) to work on /home/vscode/.local/lib/python3.10/site-packages/airflow/example_dags/tutorial_taskflow_api.py
[2024-09-12T06:45:20.648+0000] {processor.py:826} INFO - Processing file /home/vscode/.local/lib/python3.10/site-packages/airflow/example_dags/tutorial_taskflow_api.py for tasks to queue
[2024-09-12T06:45:20.649+0000] {logging_mixin.py:150} INFO - [2024-09-12T06:45:20.649+0000] {dagbag.py:541} INFO - Filling up the DagBag from /home/vscode/.local/lib/python3.10/site-packages/airflow/example_dags/tutorial_taskflow_api.py
[2024-09-12T06:45:20.654+0000] {processor.py:836} INFO - DAG(s) dict_keys(['tutorial_taskflow_api']) retrieved from /home/vscode/.local/lib/python3.10/site-packages/airflow/example_dags/tutorial_taskflow_api.py
[2024-09-12T06:45:20.665+0000] {logging_mixin.py:150} INFO - [2024-09-12T06:45:20.665+0000] {dag.py:2742} INFO - Sync 1 DAGs
[2024-09-12T06:45:20.678+0000] {logging_mixin.py:150} INFO - [2024-09-12T06:45:20.678+0000] {dag.py:3504} INFO - Setting next_dagrun for tutorial_taskflow_api to None, run_after=None
[2024-09-12T06:45:20.713+0000] {processor.py:179} INFO - Processing /home/vscode/.local/lib/python3.10/site-packages/airflow/example_dags/tutorial_taskflow_api.py took 0.067 seconds
[2024-09-12T06:46:06.050+0000] {processor.py:157} INFO - Started process (PID=10032) to work on /home/vscode/.local/lib/python3.10/site-packages/airflow/example_dags/tutorial_taskflow_api.py
[2024-09-12T06:46:06.050+0000] {processor.py:826} INFO - Processing file /home/vscode/.local/lib/python3.10/site-packages/airflow/example_dags/tutorial_taskflow_api.py for tasks to queue
[2024-09-12T06:46:06.051+0000] {logging_mixin.py:150} INFO - [2024-09-12T06:46:06.051+0000] {dagbag.py:541} INFO - Filling up the DagBag from /home/vscode/.local/lib/python3.10/site-packages/airflow/example_dags/tutorial_taskflow_api.py
[2024-09-12T06:46:06.055+0000] {processor.py:836} INFO - DAG(s) dict_keys(['tutorial_taskflow_api']) retrieved from /home/vscode/.local/lib/python3.10/site-packages/airflow/example_dags/tutorial_taskflow_api.py
[2024-09-12T06:46:06.066+0000] {logging_mixin.py:150} INFO - [2024-09-12T06:46:06.066+0000] {dag.py:2742} INFO - Sync 1 DAGs
[2024-09-12T06:46:06.080+0000] {logging_mixin.py:150} INFO - [2024-09-12T06:46:06.080+0000] {dag.py:3504} INFO - Setting next_dagrun for tutorial_taskflow_api to None, run_after=None
[2024-09-12T06:46:06.120+0000] {processor.py:179} INFO - Processing /home/vscode/.local/lib/python3.10/site-packages/airflow/example_dags/tutorial_taskflow_api.py took 0.072 seconds
[2024-09-12T06:46:49.926+0000] {processor.py:157} INFO - Started process (PID=10326) to work on /home/vscode/.local/lib/python3.10/site-packages/airflow/example_dags/tutorial_taskflow_api.py
[2024-09-12T06:46:49.927+0000] {processor.py:826} INFO - Processing file /home/vscode/.local/lib/python3.10/site-packages/airflow/example_dags/tutorial_taskflow_api.py for tasks to queue
[2024-09-12T06:46:49.927+0000] {logging_mixin.py:150} INFO - [2024-09-12T06:46:49.927+0000] {dagbag.py:541} INFO - Filling up the DagBag from /home/vscode/.local/lib/python3.10/site-packages/airflow/example_dags/tutorial_taskflow_api.py
[2024-09-12T06:46:49.932+0000] {processor.py:836} INFO - DAG(s) dict_keys(['tutorial_taskflow_api']) retrieved from /home/vscode/.local/lib/python3.10/site-packages/airflow/example_dags/tutorial_taskflow_api.py
[2024-09-12T06:46:49.943+0000] {logging_mixin.py:150} INFO - [2024-09-12T06:46:49.943+0000] {dag.py:2742} INFO - Sync 1 DAGs
[2024-09-12T06:46:49.958+0000] {logging_mixin.py:150} INFO - [2024-09-12T06:46:49.958+0000] {dag.py:3504} INFO - Setting next_dagrun for tutorial_taskflow_api to None, run_after=None
[2024-09-12T06:46:49.992+0000] {processor.py:179} INFO - Processing /home/vscode/.local/lib/python3.10/site-packages/airflow/example_dags/tutorial_taskflow_api.py took 0.068 seconds
[2024-09-12T06:47:35.625+0000] {processor.py:157} INFO - Started process (PID=10637) to work on /home/vscode/.local/lib/python3.10/site-packages/airflow/example_dags/tutorial_taskflow_api.py
[2024-09-12T06:47:35.626+0000] {processor.py:826} INFO - Processing file /home/vscode/.local/lib/python3.10/site-packages/airflow/example_dags/tutorial_taskflow_api.py for tasks to queue
[2024-09-12T06:47:35.626+0000] {logging_mixin.py:150} INFO - [2024-09-12T06:47:35.626+0000] {dagbag.py:541} INFO - Filling up the DagBag from /home/vscode/.local/lib/python3.10/site-packages/airflow/example_dags/tutorial_taskflow_api.py
[2024-09-12T06:47:35.631+0000] {processor.py:836} INFO - DAG(s) dict_keys(['tutorial_taskflow_api']) retrieved from /home/vscode/.local/lib/python3.10/site-packages/airflow/example_dags/tutorial_taskflow_api.py
[2024-09-12T06:47:35.642+0000] {logging_mixin.py:150} INFO - [2024-09-12T06:47:35.642+0000] {dag.py:2742} INFO - Sync 1 DAGs
[2024-09-12T06:47:35.655+0000] {logging_mixin.py:150} INFO - [2024-09-12T06:47:35.655+0000] {dag.py:3504} INFO - Setting next_dagrun for tutorial_taskflow_api to None, run_after=None
[2024-09-12T06:47:35.687+0000] {processor.py:179} INFO - Processing /home/vscode/.local/lib/python3.10/site-packages/airflow/example_dags/tutorial_taskflow_api.py took 0.065 seconds
[2024-09-12T06:48:18.632+0000] {processor.py:157} INFO - Started process (PID=10926) to work on /home/vscode/.local/lib/python3.10/site-packages/airflow/example_dags/tutorial_taskflow_api.py
[2024-09-12T06:48:18.633+0000] {processor.py:826} INFO - Processing file /home/vscode/.local/lib/python3.10/site-packages/airflow/example_dags/tutorial_taskflow_api.py for tasks to queue
[2024-09-12T06:48:18.633+0000] {logging_mixin.py:150} INFO - [2024-09-12T06:48:18.633+0000] {dagbag.py:541} INFO - Filling up the DagBag from /home/vscode/.local/lib/python3.10/site-packages/airflow/example_dags/tutorial_taskflow_api.py
[2024-09-12T06:48:18.638+0000] {processor.py:836} INFO - DAG(s) dict_keys(['tutorial_taskflow_api']) retrieved from /home/vscode/.local/lib/python3.10/site-packages/airflow/example_dags/tutorial_taskflow_api.py
[2024-09-12T06:48:18.649+0000] {logging_mixin.py:150} INFO - [2024-09-12T06:48:18.649+0000] {dag.py:2742} INFO - Sync 1 DAGs
[2024-09-12T06:48:18.662+0000] {logging_mixin.py:150} INFO - [2024-09-12T06:48:18.662+0000] {dag.py:3504} INFO - Setting next_dagrun for tutorial_taskflow_api to None, run_after=None
[2024-09-12T06:48:18.692+0000] {processor.py:179} INFO - Processing /home/vscode/.local/lib/python3.10/site-packages/airflow/example_dags/tutorial_taskflow_api.py took 0.063 seconds
[2024-09-12T06:49:00.041+0000] {processor.py:157} INFO - Started process (PID=11195) to work on /home/vscode/.local/lib/python3.10/site-packages/airflow/example_dags/tutorial_taskflow_api.py
[2024-09-12T06:49:00.042+0000] {processor.py:826} INFO - Processing file /home/vscode/.local/lib/python3.10/site-packages/airflow/example_dags/tutorial_taskflow_api.py for tasks to queue
[2024-09-12T06:49:00.042+0000] {logging_mixin.py:150} INFO - [2024-09-12T06:49:00.042+0000] {dagbag.py:541} INFO - Filling up the DagBag from /home/vscode/.local/lib/python3.10/site-packages/airflow/example_dags/tutorial_taskflow_api.py
[2024-09-12T06:49:00.047+0000] {processor.py:836} INFO - DAG(s) dict_keys(['tutorial_taskflow_api']) retrieved from /home/vscode/.local/lib/python3.10/site-packages/airflow/example_dags/tutorial_taskflow_api.py
[2024-09-12T06:49:00.058+0000] {logging_mixin.py:150} INFO - [2024-09-12T06:49:00.058+0000] {dag.py:2742} INFO - Sync 1 DAGs
[2024-09-12T06:49:00.072+0000] {logging_mixin.py:150} INFO - [2024-09-12T06:49:00.072+0000] {dag.py:3504} INFO - Setting next_dagrun for tutorial_taskflow_api to None, run_after=None
[2024-09-12T06:49:00.103+0000] {processor.py:179} INFO - Processing /home/vscode/.local/lib/python3.10/site-packages/airflow/example_dags/tutorial_taskflow_api.py took 0.064 seconds
[2024-09-12T06:49:42.754+0000] {processor.py:157} INFO - Started process (PID=11486) to work on /home/vscode/.local/lib/python3.10/site-packages/airflow/example_dags/tutorial_taskflow_api.py
[2024-09-12T06:49:42.754+0000] {processor.py:826} INFO - Processing file /home/vscode/.local/lib/python3.10/site-packages/airflow/example_dags/tutorial_taskflow_api.py for tasks to queue
[2024-09-12T06:49:42.755+0000] {logging_mixin.py:150} INFO - [2024-09-12T06:49:42.755+0000] {dagbag.py:541} INFO - Filling up the DagBag from /home/vscode/.local/lib/python3.10/site-packages/airflow/example_dags/tutorial_taskflow_api.py
[2024-09-12T06:49:42.760+0000] {processor.py:836} INFO - DAG(s) dict_keys(['tutorial_taskflow_api']) retrieved from /home/vscode/.local/lib/python3.10/site-packages/airflow/example_dags/tutorial_taskflow_api.py
[2024-09-12T06:49:42.771+0000] {logging_mixin.py:150} INFO - [2024-09-12T06:49:42.771+0000] {dag.py:2742} INFO - Sync 1 DAGs
[2024-09-12T06:49:42.784+0000] {logging_mixin.py:150} INFO - [2024-09-12T06:49:42.784+0000] {dag.py:3504} INFO - Setting next_dagrun for tutorial_taskflow_api to None, run_after=None
[2024-09-12T06:49:42.817+0000] {processor.py:179} INFO - Processing /home/vscode/.local/lib/python3.10/site-packages/airflow/example_dags/tutorial_taskflow_api.py took 0.066 seconds
[2024-09-12T06:50:23.420+0000] {processor.py:157} INFO - Started process (PID=11768) to work on /home/vscode/.local/lib/python3.10/site-packages/airflow/example_dags/tutorial_taskflow_api.py
[2024-09-12T06:50:23.421+0000] {processor.py:826} INFO - Processing file /home/vscode/.local/lib/python3.10/site-packages/airflow/example_dags/tutorial_taskflow_api.py for tasks to queue
[2024-09-12T06:50:23.421+0000] {logging_mixin.py:150} INFO - [2024-09-12T06:50:23.421+0000] {dagbag.py:541} INFO - Filling up the DagBag from /home/vscode/.local/lib/python3.10/site-packages/airflow/example_dags/tutorial_taskflow_api.py
[2024-09-12T06:50:23.426+0000] {processor.py:836} INFO - DAG(s) dict_keys(['tutorial_taskflow_api']) retrieved from /home/vscode/.local/lib/python3.10/site-packages/airflow/example_dags/tutorial_taskflow_api.py
[2024-09-12T06:50:23.437+0000] {logging_mixin.py:150} INFO - [2024-09-12T06:50:23.437+0000] {dag.py:2742} INFO - Sync 1 DAGs
[2024-09-12T06:50:23.450+0000] {logging_mixin.py:150} INFO - [2024-09-12T06:50:23.450+0000] {dag.py:3504} INFO - Setting next_dagrun for tutorial_taskflow_api to None, run_after=None
[2024-09-12T06:50:23.488+0000] {processor.py:179} INFO - Processing /home/vscode/.local/lib/python3.10/site-packages/airflow/example_dags/tutorial_taskflow_api.py took 0.070 seconds
[2024-09-12T06:51:07.539+0000] {processor.py:157} INFO - Started process (PID=12068) to work on /home/vscode/.local/lib/python3.10/site-packages/airflow/example_dags/tutorial_taskflow_api.py
[2024-09-12T06:51:07.540+0000] {processor.py:826} INFO - Processing file /home/vscode/.local/lib/python3.10/site-packages/airflow/example_dags/tutorial_taskflow_api.py for tasks to queue
[2024-09-12T06:51:07.541+0000] {logging_mixin.py:150} INFO - [2024-09-12T06:51:07.541+0000] {dagbag.py:541} INFO - Filling up the DagBag from /home/vscode/.local/lib/python3.10/site-packages/airflow/example_dags/tutorial_taskflow_api.py
[2024-09-12T06:51:07.547+0000] {processor.py:836} INFO - DAG(s) dict_keys(['tutorial_taskflow_api']) retrieved from /home/vscode/.local/lib/python3.10/site-packages/airflow/example_dags/tutorial_taskflow_api.py
[2024-09-12T06:51:07.563+0000] {logging_mixin.py:150} INFO - [2024-09-12T06:51:07.563+0000] {dag.py:2742} INFO - Sync 1 DAGs
[2024-09-12T06:51:07.582+0000] {logging_mixin.py:150} INFO - [2024-09-12T06:51:07.582+0000] {dag.py:3504} INFO - Setting next_dagrun for tutorial_taskflow_api to None, run_after=None
[2024-09-12T06:51:07.619+0000] {processor.py:179} INFO - Processing /home/vscode/.local/lib/python3.10/site-packages/airflow/example_dags/tutorial_taskflow_api.py took 0.084 seconds
[2024-09-12T06:51:38.940+0000] {processor.py:157} INFO - Started process (PID=12279) to work on /home/vscode/.local/lib/python3.10/site-packages/airflow/example_dags/tutorial_taskflow_api.py
[2024-09-12T06:51:38.940+0000] {processor.py:826} INFO - Processing file /home/vscode/.local/lib/python3.10/site-packages/airflow/example_dags/tutorial_taskflow_api.py for tasks to queue
[2024-09-12T06:51:38.941+0000] {logging_mixin.py:150} INFO - [2024-09-12T06:51:38.941+0000] {dagbag.py:541} INFO - Filling up the DagBag from /home/vscode/.local/lib/python3.10/site-packages/airflow/example_dags/tutorial_taskflow_api.py
[2024-09-12T06:51:38.945+0000] {processor.py:836} INFO - DAG(s) dict_keys(['tutorial_taskflow_api']) retrieved from /home/vscode/.local/lib/python3.10/site-packages/airflow/example_dags/tutorial_taskflow_api.py
[2024-09-12T06:51:38.956+0000] {logging_mixin.py:150} INFO - [2024-09-12T06:51:38.956+0000] {dag.py:2742} INFO - Sync 1 DAGs
[2024-09-12T06:51:38.970+0000] {logging_mixin.py:150} INFO - [2024-09-12T06:51:38.970+0000] {dag.py:3504} INFO - Setting next_dagrun for tutorial_taskflow_api to None, run_after=None
[2024-09-12T06:51:39.013+0000] {processor.py:179} INFO - Processing /home/vscode/.local/lib/python3.10/site-packages/airflow/example_dags/tutorial_taskflow_api.py took 0.075 seconds
[2024-09-12T06:52:14.157+0000] {processor.py:157} INFO - Started process (PID=12505) to work on /home/vscode/.local/lib/python3.10/site-packages/airflow/example_dags/tutorial_taskflow_api.py
[2024-09-12T06:52:14.158+0000] {processor.py:826} INFO - Processing file /home/vscode/.local/lib/python3.10/site-packages/airflow/example_dags/tutorial_taskflow_api.py for tasks to queue
[2024-09-12T06:52:14.158+0000] {logging_mixin.py:150} INFO - [2024-09-12T06:52:14.158+0000] {dagbag.py:541} INFO - Filling up the DagBag from /home/vscode/.local/lib/python3.10/site-packages/airflow/example_dags/tutorial_taskflow_api.py
[2024-09-12T06:52:14.163+0000] {processor.py:836} INFO - DAG(s) dict_keys(['tutorial_taskflow_api']) retrieved from /home/vscode/.local/lib/python3.10/site-packages/airflow/example_dags/tutorial_taskflow_api.py
[2024-09-12T06:52:14.174+0000] {logging_mixin.py:150} INFO - [2024-09-12T06:52:14.174+0000] {dag.py:2742} INFO - Sync 1 DAGs
[2024-09-12T06:52:14.190+0000] {logging_mixin.py:150} INFO - [2024-09-12T06:52:14.190+0000] {dag.py:3504} INFO - Setting next_dagrun for tutorial_taskflow_api to None, run_after=None
[2024-09-12T06:52:14.240+0000] {processor.py:179} INFO - Processing /home/vscode/.local/lib/python3.10/site-packages/airflow/example_dags/tutorial_taskflow_api.py took 0.085 seconds
[2024-09-12T06:53:00.394+0000] {processor.py:157} INFO - Started process (PID=12822) to work on /home/vscode/.local/lib/python3.10/site-packages/airflow/example_dags/tutorial_taskflow_api.py
[2024-09-12T06:53:00.395+0000] {processor.py:826} INFO - Processing file /home/vscode/.local/lib/python3.10/site-packages/airflow/example_dags/tutorial_taskflow_api.py for tasks to queue
[2024-09-12T06:53:00.395+0000] {logging_mixin.py:150} INFO - [2024-09-12T06:53:00.395+0000] {dagbag.py:541} INFO - Filling up the DagBag from /home/vscode/.local/lib/python3.10/site-packages/airflow/example_dags/tutorial_taskflow_api.py
[2024-09-12T06:53:00.400+0000] {processor.py:836} INFO - DAG(s) dict_keys(['tutorial_taskflow_api']) retrieved from /home/vscode/.local/lib/python3.10/site-packages/airflow/example_dags/tutorial_taskflow_api.py
[2024-09-12T06:53:00.411+0000] {logging_mixin.py:150} INFO - [2024-09-12T06:53:00.411+0000] {dag.py:2742} INFO - Sync 1 DAGs
[2024-09-12T06:53:00.425+0000] {logging_mixin.py:150} INFO - [2024-09-12T06:53:00.425+0000] {dag.py:3504} INFO - Setting next_dagrun for tutorial_taskflow_api to None, run_after=None
[2024-09-12T06:53:00.484+0000] {processor.py:179} INFO - Processing /home/vscode/.local/lib/python3.10/site-packages/airflow/example_dags/tutorial_taskflow_api.py took 0.092 seconds
[2024-09-12T06:53:43.931+0000] {processor.py:157} INFO - Started process (PID=13116) to work on /home/vscode/.local/lib/python3.10/site-packages/airflow/example_dags/tutorial_taskflow_api.py
[2024-09-12T06:53:43.932+0000] {processor.py:826} INFO - Processing file /home/vscode/.local/lib/python3.10/site-packages/airflow/example_dags/tutorial_taskflow_api.py for tasks to queue
[2024-09-12T06:53:43.933+0000] {logging_mixin.py:150} INFO - [2024-09-12T06:53:43.932+0000] {dagbag.py:541} INFO - Filling up the DagBag from /home/vscode/.local/lib/python3.10/site-packages/airflow/example_dags/tutorial_taskflow_api.py
[2024-09-12T06:53:43.939+0000] {processor.py:836} INFO - DAG(s) dict_keys(['tutorial_taskflow_api']) retrieved from /home/vscode/.local/lib/python3.10/site-packages/airflow/example_dags/tutorial_taskflow_api.py
[2024-09-12T06:53:43.957+0000] {logging_mixin.py:150} INFO - [2024-09-12T06:53:43.956+0000] {dag.py:2742} INFO - Sync 1 DAGs
[2024-09-12T06:53:43.974+0000] {logging_mixin.py:150} INFO - [2024-09-12T06:53:43.974+0000] {dag.py:3504} INFO - Setting next_dagrun for tutorial_taskflow_api to None, run_after=None
[2024-09-12T06:53:44.008+0000] {processor.py:179} INFO - Processing /home/vscode/.local/lib/python3.10/site-packages/airflow/example_dags/tutorial_taskflow_api.py took 0.080 seconds
[2024-09-12T06:54:28.210+0000] {processor.py:157} INFO - Started process (PID=13418) to work on /home/vscode/.local/lib/python3.10/site-packages/airflow/example_dags/tutorial_taskflow_api.py
[2024-09-12T06:54:28.210+0000] {processor.py:826} INFO - Processing file /home/vscode/.local/lib/python3.10/site-packages/airflow/example_dags/tutorial_taskflow_api.py for tasks to queue
[2024-09-12T06:54:28.211+0000] {logging_mixin.py:150} INFO - [2024-09-12T06:54:28.211+0000] {dagbag.py:541} INFO - Filling up the DagBag from /home/vscode/.local/lib/python3.10/site-packages/airflow/example_dags/tutorial_taskflow_api.py
[2024-09-12T06:54:28.215+0000] {processor.py:836} INFO - DAG(s) dict_keys(['tutorial_taskflow_api']) retrieved from /home/vscode/.local/lib/python3.10/site-packages/airflow/example_dags/tutorial_taskflow_api.py
[2024-09-12T06:54:28.226+0000] {logging_mixin.py:150} INFO - [2024-09-12T06:54:28.226+0000] {dag.py:2742} INFO - Sync 1 DAGs
[2024-09-12T06:54:28.240+0000] {logging_mixin.py:150} INFO - [2024-09-12T06:54:28.240+0000] {dag.py:3504} INFO - Setting next_dagrun for tutorial_taskflow_api to None, run_after=None
[2024-09-12T06:54:28.271+0000] {processor.py:179} INFO - Processing /home/vscode/.local/lib/python3.10/site-packages/airflow/example_dags/tutorial_taskflow_api.py took 0.063 seconds
[2024-09-12T06:55:15.769+0000] {processor.py:157} INFO - Started process (PID=13742) to work on /home/vscode/.local/lib/python3.10/site-packages/airflow/example_dags/tutorial_taskflow_api.py
[2024-09-12T06:55:15.770+0000] {processor.py:826} INFO - Processing file /home/vscode/.local/lib/python3.10/site-packages/airflow/example_dags/tutorial_taskflow_api.py for tasks to queue
[2024-09-12T06:55:15.771+0000] {logging_mixin.py:150} INFO - [2024-09-12T06:55:15.771+0000] {dagbag.py:541} INFO - Filling up the DagBag from /home/vscode/.local/lib/python3.10/site-packages/airflow/example_dags/tutorial_taskflow_api.py
[2024-09-12T06:55:15.777+0000] {processor.py:836} INFO - DAG(s) dict_keys(['tutorial_taskflow_api']) retrieved from /home/vscode/.local/lib/python3.10/site-packages/airflow/example_dags/tutorial_taskflow_api.py
[2024-09-12T06:55:15.795+0000] {logging_mixin.py:150} INFO - [2024-09-12T06:55:15.795+0000] {dag.py:2742} INFO - Sync 1 DAGs
[2024-09-12T06:55:15.809+0000] {logging_mixin.py:150} INFO - [2024-09-12T06:55:15.809+0000] {dag.py:3504} INFO - Setting next_dagrun for tutorial_taskflow_api to None, run_after=None
[2024-09-12T06:55:15.852+0000] {processor.py:179} INFO - Processing /home/vscode/.local/lib/python3.10/site-packages/airflow/example_dags/tutorial_taskflow_api.py took 0.085 seconds
[2024-09-12T06:55:59.896+0000] {processor.py:157} INFO - Started process (PID=14032) to work on /home/vscode/.local/lib/python3.10/site-packages/airflow/example_dags/tutorial_taskflow_api.py
[2024-09-12T06:55:59.897+0000] {processor.py:826} INFO - Processing file /home/vscode/.local/lib/python3.10/site-packages/airflow/example_dags/tutorial_taskflow_api.py for tasks to queue
[2024-09-12T06:55:59.897+0000] {logging_mixin.py:150} INFO - [2024-09-12T06:55:59.897+0000] {dagbag.py:541} INFO - Filling up the DagBag from /home/vscode/.local/lib/python3.10/site-packages/airflow/example_dags/tutorial_taskflow_api.py
[2024-09-12T06:55:59.902+0000] {processor.py:836} INFO - DAG(s) dict_keys(['tutorial_taskflow_api']) retrieved from /home/vscode/.local/lib/python3.10/site-packages/airflow/example_dags/tutorial_taskflow_api.py
[2024-09-12T06:55:59.913+0000] {logging_mixin.py:150} INFO - [2024-09-12T06:55:59.913+0000] {dag.py:2742} INFO - Sync 1 DAGs
[2024-09-12T06:55:59.926+0000] {logging_mixin.py:150} INFO - [2024-09-12T06:55:59.926+0000] {dag.py:3504} INFO - Setting next_dagrun for tutorial_taskflow_api to None, run_after=None
[2024-09-12T06:55:59.981+0000] {processor.py:179} INFO - Processing /home/vscode/.local/lib/python3.10/site-packages/airflow/example_dags/tutorial_taskflow_api.py took 0.088 seconds
[2024-09-12T06:56:34.262+0000] {processor.py:157} INFO - Started process (PID=14256) to work on /home/vscode/.local/lib/python3.10/site-packages/airflow/example_dags/tutorial_taskflow_api.py
[2024-09-12T06:56:34.262+0000] {processor.py:826} INFO - Processing file /home/vscode/.local/lib/python3.10/site-packages/airflow/example_dags/tutorial_taskflow_api.py for tasks to queue
[2024-09-12T06:56:34.263+0000] {logging_mixin.py:150} INFO - [2024-09-12T06:56:34.263+0000] {dagbag.py:541} INFO - Filling up the DagBag from /home/vscode/.local/lib/python3.10/site-packages/airflow/example_dags/tutorial_taskflow_api.py
[2024-09-12T06:56:34.267+0000] {processor.py:836} INFO - DAG(s) dict_keys(['tutorial_taskflow_api']) retrieved from /home/vscode/.local/lib/python3.10/site-packages/airflow/example_dags/tutorial_taskflow_api.py
[2024-09-12T06:56:34.279+0000] {logging_mixin.py:150} INFO - [2024-09-12T06:56:34.279+0000] {dag.py:2742} INFO - Sync 1 DAGs
[2024-09-12T06:56:34.293+0000] {logging_mixin.py:150} INFO - [2024-09-12T06:56:34.293+0000] {dag.py:3504} INFO - Setting next_dagrun for tutorial_taskflow_api to None, run_after=None
[2024-09-12T06:56:34.329+0000] {processor.py:179} INFO - Processing /home/vscode/.local/lib/python3.10/site-packages/airflow/example_dags/tutorial_taskflow_api.py took 0.070 seconds
[2024-09-12T06:57:08.576+0000] {processor.py:157} INFO - Started process (PID=14490) to work on /home/vscode/.local/lib/python3.10/site-packages/airflow/example_dags/tutorial_taskflow_api.py
[2024-09-12T06:57:08.576+0000] {processor.py:826} INFO - Processing file /home/vscode/.local/lib/python3.10/site-packages/airflow/example_dags/tutorial_taskflow_api.py for tasks to queue
[2024-09-12T06:57:08.577+0000] {logging_mixin.py:150} INFO - [2024-09-12T06:57:08.577+0000] {dagbag.py:541} INFO - Filling up the DagBag from /home/vscode/.local/lib/python3.10/site-packages/airflow/example_dags/tutorial_taskflow_api.py
[2024-09-12T06:57:08.582+0000] {processor.py:836} INFO - DAG(s) dict_keys(['tutorial_taskflow_api']) retrieved from /home/vscode/.local/lib/python3.10/site-packages/airflow/example_dags/tutorial_taskflow_api.py
[2024-09-12T06:57:08.593+0000] {logging_mixin.py:150} INFO - [2024-09-12T06:57:08.593+0000] {dag.py:2742} INFO - Sync 1 DAGs
[2024-09-12T06:57:08.606+0000] {logging_mixin.py:150} INFO - [2024-09-12T06:57:08.606+0000] {dag.py:3504} INFO - Setting next_dagrun for tutorial_taskflow_api to None, run_after=None
[2024-09-12T06:57:08.639+0000] {processor.py:179} INFO - Processing /home/vscode/.local/lib/python3.10/site-packages/airflow/example_dags/tutorial_taskflow_api.py took 0.066 seconds
[2024-09-12T06:57:49.959+0000] {processor.py:157} INFO - Started process (PID=14769) to work on /home/vscode/.local/lib/python3.10/site-packages/airflow/example_dags/tutorial_taskflow_api.py
[2024-09-12T06:57:49.959+0000] {processor.py:826} INFO - Processing file /home/vscode/.local/lib/python3.10/site-packages/airflow/example_dags/tutorial_taskflow_api.py for tasks to queue
[2024-09-12T06:57:49.960+0000] {logging_mixin.py:150} INFO - [2024-09-12T06:57:49.960+0000] {dagbag.py:541} INFO - Filling up the DagBag from /home/vscode/.local/lib/python3.10/site-packages/airflow/example_dags/tutorial_taskflow_api.py
[2024-09-12T06:57:49.965+0000] {processor.py:836} INFO - DAG(s) dict_keys(['tutorial_taskflow_api']) retrieved from /home/vscode/.local/lib/python3.10/site-packages/airflow/example_dags/tutorial_taskflow_api.py
[2024-09-12T06:57:49.976+0000] {logging_mixin.py:150} INFO - [2024-09-12T06:57:49.976+0000] {dag.py:2742} INFO - Sync 1 DAGs
[2024-09-12T06:57:49.989+0000] {logging_mixin.py:150} INFO - [2024-09-12T06:57:49.989+0000] {dag.py:3504} INFO - Setting next_dagrun for tutorial_taskflow_api to None, run_after=None
[2024-09-12T06:57:50.020+0000] {processor.py:179} INFO - Processing /home/vscode/.local/lib/python3.10/site-packages/airflow/example_dags/tutorial_taskflow_api.py took 0.063 seconds
[2024-09-12T06:58:33.305+0000] {processor.py:157} INFO - Started process (PID=15058) to work on /home/vscode/.local/lib/python3.10/site-packages/airflow/example_dags/tutorial_taskflow_api.py
[2024-09-12T06:58:33.306+0000] {processor.py:826} INFO - Processing file /home/vscode/.local/lib/python3.10/site-packages/airflow/example_dags/tutorial_taskflow_api.py for tasks to queue
[2024-09-12T06:58:33.306+0000] {logging_mixin.py:150} INFO - [2024-09-12T06:58:33.306+0000] {dagbag.py:541} INFO - Filling up the DagBag from /home/vscode/.local/lib/python3.10/site-packages/airflow/example_dags/tutorial_taskflow_api.py
[2024-09-12T06:58:33.311+0000] {processor.py:836} INFO - DAG(s) dict_keys(['tutorial_taskflow_api']) retrieved from /home/vscode/.local/lib/python3.10/site-packages/airflow/example_dags/tutorial_taskflow_api.py
[2024-09-12T06:58:33.322+0000] {logging_mixin.py:150} INFO - [2024-09-12T06:58:33.322+0000] {dag.py:2742} INFO - Sync 1 DAGs
[2024-09-12T06:58:33.336+0000] {logging_mixin.py:150} INFO - [2024-09-12T06:58:33.335+0000] {dag.py:3504} INFO - Setting next_dagrun for tutorial_taskflow_api to None, run_after=None
[2024-09-12T06:58:33.368+0000] {processor.py:179} INFO - Processing /home/vscode/.local/lib/python3.10/site-packages/airflow/example_dags/tutorial_taskflow_api.py took 0.065 seconds
[2024-09-12T06:59:17.961+0000] {processor.py:157} INFO - Started process (PID=15361) to work on /home/vscode/.local/lib/python3.10/site-packages/airflow/example_dags/tutorial_taskflow_api.py
[2024-09-12T06:59:17.962+0000] {processor.py:826} INFO - Processing file /home/vscode/.local/lib/python3.10/site-packages/airflow/example_dags/tutorial_taskflow_api.py for tasks to queue
[2024-09-12T06:59:17.962+0000] {logging_mixin.py:150} INFO - [2024-09-12T06:59:17.962+0000] {dagbag.py:541} INFO - Filling up the DagBag from /home/vscode/.local/lib/python3.10/site-packages/airflow/example_dags/tutorial_taskflow_api.py
[2024-09-12T06:59:17.969+0000] {processor.py:836} INFO - DAG(s) dict_keys(['tutorial_taskflow_api']) retrieved from /home/vscode/.local/lib/python3.10/site-packages/airflow/example_dags/tutorial_taskflow_api.py
[2024-09-12T06:59:17.982+0000] {logging_mixin.py:150} INFO - [2024-09-12T06:59:17.982+0000] {dag.py:2742} INFO - Sync 1 DAGs
[2024-09-12T06:59:17.996+0000] {logging_mixin.py:150} INFO - [2024-09-12T06:59:17.996+0000] {dag.py:3504} INFO - Setting next_dagrun for tutorial_taskflow_api to None, run_after=None
[2024-09-12T06:59:18.027+0000] {processor.py:179} INFO - Processing /home/vscode/.local/lib/python3.10/site-packages/airflow/example_dags/tutorial_taskflow_api.py took 0.068 seconds
[2024-09-12T07:00:00.050+0000] {processor.py:157} INFO - Started process (PID=15645) to work on /home/vscode/.local/lib/python3.10/site-packages/airflow/example_dags/tutorial_taskflow_api.py
[2024-09-12T07:00:00.050+0000] {processor.py:826} INFO - Processing file /home/vscode/.local/lib/python3.10/site-packages/airflow/example_dags/tutorial_taskflow_api.py for tasks to queue
[2024-09-12T07:00:00.051+0000] {logging_mixin.py:150} INFO - [2024-09-12T07:00:00.051+0000] {dagbag.py:541} INFO - Filling up the DagBag from /home/vscode/.local/lib/python3.10/site-packages/airflow/example_dags/tutorial_taskflow_api.py
[2024-09-12T07:00:00.055+0000] {processor.py:836} INFO - DAG(s) dict_keys(['tutorial_taskflow_api']) retrieved from /home/vscode/.local/lib/python3.10/site-packages/airflow/example_dags/tutorial_taskflow_api.py
[2024-09-12T07:00:00.067+0000] {logging_mixin.py:150} INFO - [2024-09-12T07:00:00.067+0000] {dag.py:2742} INFO - Sync 1 DAGs
[2024-09-12T07:00:00.081+0000] {logging_mixin.py:150} INFO - [2024-09-12T07:00:00.081+0000] {dag.py:3504} INFO - Setting next_dagrun for tutorial_taskflow_api to None, run_after=None
[2024-09-12T07:00:00.417+0000] {processor.py:179} INFO - Processing /home/vscode/.local/lib/python3.10/site-packages/airflow/example_dags/tutorial_taskflow_api.py took 0.369 seconds
[2024-09-12T07:00:44.330+0000] {processor.py:157} INFO - Started process (PID=15941) to work on /home/vscode/.local/lib/python3.10/site-packages/airflow/example_dags/tutorial_taskflow_api.py
[2024-09-12T07:00:44.331+0000] {processor.py:826} INFO - Processing file /home/vscode/.local/lib/python3.10/site-packages/airflow/example_dags/tutorial_taskflow_api.py for tasks to queue
[2024-09-12T07:00:44.331+0000] {logging_mixin.py:150} INFO - [2024-09-12T07:00:44.331+0000] {dagbag.py:541} INFO - Filling up the DagBag from /home/vscode/.local/lib/python3.10/site-packages/airflow/example_dags/tutorial_taskflow_api.py
[2024-09-12T07:00:44.336+0000] {processor.py:836} INFO - DAG(s) dict_keys(['tutorial_taskflow_api']) retrieved from /home/vscode/.local/lib/python3.10/site-packages/airflow/example_dags/tutorial_taskflow_api.py
[2024-09-12T07:00:44.347+0000] {logging_mixin.py:150} INFO - [2024-09-12T07:00:44.347+0000] {dag.py:2742} INFO - Sync 1 DAGs
[2024-09-12T07:00:44.360+0000] {logging_mixin.py:150} INFO - [2024-09-12T07:00:44.360+0000] {dag.py:3504} INFO - Setting next_dagrun for tutorial_taskflow_api to None, run_after=None
[2024-09-12T07:00:44.392+0000] {processor.py:179} INFO - Processing /home/vscode/.local/lib/python3.10/site-packages/airflow/example_dags/tutorial_taskflow_api.py took 0.064 seconds
[2024-09-12T07:01:17.786+0000] {processor.py:157} INFO - Started process (PID=16160) to work on /home/vscode/.local/lib/python3.10/site-packages/airflow/example_dags/tutorial_taskflow_api.py
[2024-09-12T07:01:17.786+0000] {processor.py:826} INFO - Processing file /home/vscode/.local/lib/python3.10/site-packages/airflow/example_dags/tutorial_taskflow_api.py for tasks to queue
[2024-09-12T07:01:17.787+0000] {logging_mixin.py:150} INFO - [2024-09-12T07:01:17.787+0000] {dagbag.py:541} INFO - Filling up the DagBag from /home/vscode/.local/lib/python3.10/site-packages/airflow/example_dags/tutorial_taskflow_api.py
[2024-09-12T07:01:17.791+0000] {processor.py:836} INFO - DAG(s) dict_keys(['tutorial_taskflow_api']) retrieved from /home/vscode/.local/lib/python3.10/site-packages/airflow/example_dags/tutorial_taskflow_api.py
[2024-09-12T07:01:17.802+0000] {logging_mixin.py:150} INFO - [2024-09-12T07:01:17.802+0000] {dag.py:2742} INFO - Sync 1 DAGs
[2024-09-12T07:01:17.815+0000] {logging_mixin.py:150} INFO - [2024-09-12T07:01:17.815+0000] {dag.py:3504} INFO - Setting next_dagrun for tutorial_taskflow_api to None, run_after=None
[2024-09-12T07:01:17.853+0000] {processor.py:179} INFO - Processing /home/vscode/.local/lib/python3.10/site-packages/airflow/example_dags/tutorial_taskflow_api.py took 0.069 seconds
[2024-09-12T07:01:57.412+0000] {processor.py:157} INFO - Started process (PID=16438) to work on /home/vscode/.local/lib/python3.10/site-packages/airflow/example_dags/tutorial_taskflow_api.py
[2024-09-12T07:01:57.413+0000] {processor.py:826} INFO - Processing file /home/vscode/.local/lib/python3.10/site-packages/airflow/example_dags/tutorial_taskflow_api.py for tasks to queue
[2024-09-12T07:01:57.413+0000] {logging_mixin.py:150} INFO - [2024-09-12T07:01:57.413+0000] {dagbag.py:541} INFO - Filling up the DagBag from /home/vscode/.local/lib/python3.10/site-packages/airflow/example_dags/tutorial_taskflow_api.py
[2024-09-12T07:01:57.418+0000] {processor.py:836} INFO - DAG(s) dict_keys(['tutorial_taskflow_api']) retrieved from /home/vscode/.local/lib/python3.10/site-packages/airflow/example_dags/tutorial_taskflow_api.py
[2024-09-12T07:01:57.430+0000] {logging_mixin.py:150} INFO - [2024-09-12T07:01:57.430+0000] {dag.py:2742} INFO - Sync 1 DAGs
[2024-09-12T07:01:57.443+0000] {logging_mixin.py:150} INFO - [2024-09-12T07:01:57.443+0000] {dag.py:3504} INFO - Setting next_dagrun for tutorial_taskflow_api to None, run_after=None
[2024-09-12T07:01:57.483+0000] {processor.py:179} INFO - Processing /home/vscode/.local/lib/python3.10/site-packages/airflow/example_dags/tutorial_taskflow_api.py took 0.074 seconds
[2024-09-12T07:02:37.591+0000] {processor.py:157} INFO - Started process (PID=16702) to work on /home/vscode/.local/lib/python3.10/site-packages/airflow/example_dags/tutorial_taskflow_api.py
[2024-09-12T07:02:37.591+0000] {processor.py:826} INFO - Processing file /home/vscode/.local/lib/python3.10/site-packages/airflow/example_dags/tutorial_taskflow_api.py for tasks to queue
[2024-09-12T07:02:37.592+0000] {logging_mixin.py:150} INFO - [2024-09-12T07:02:37.592+0000] {dagbag.py:541} INFO - Filling up the DagBag from /home/vscode/.local/lib/python3.10/site-packages/airflow/example_dags/tutorial_taskflow_api.py
[2024-09-12T07:02:37.597+0000] {processor.py:836} INFO - DAG(s) dict_keys(['tutorial_taskflow_api']) retrieved from /home/vscode/.local/lib/python3.10/site-packages/airflow/example_dags/tutorial_taskflow_api.py
[2024-09-12T07:02:37.607+0000] {logging_mixin.py:150} INFO - [2024-09-12T07:02:37.607+0000] {dag.py:2742} INFO - Sync 1 DAGs
[2024-09-12T07:02:37.622+0000] {logging_mixin.py:150} INFO - [2024-09-12T07:02:37.622+0000] {dag.py:3504} INFO - Setting next_dagrun for tutorial_taskflow_api to None, run_after=None
[2024-09-12T07:02:37.660+0000] {processor.py:179} INFO - Processing /home/vscode/.local/lib/python3.10/site-packages/airflow/example_dags/tutorial_taskflow_api.py took 0.072 seconds
[2024-09-12T07:03:25.113+0000] {processor.py:157} INFO - Started process (PID=17027) to work on /home/vscode/.local/lib/python3.10/site-packages/airflow/example_dags/tutorial_taskflow_api.py
[2024-09-12T07:03:25.114+0000] {processor.py:826} INFO - Processing file /home/vscode/.local/lib/python3.10/site-packages/airflow/example_dags/tutorial_taskflow_api.py for tasks to queue
[2024-09-12T07:03:25.114+0000] {logging_mixin.py:150} INFO - [2024-09-12T07:03:25.114+0000] {dagbag.py:541} INFO - Filling up the DagBag from /home/vscode/.local/lib/python3.10/site-packages/airflow/example_dags/tutorial_taskflow_api.py
[2024-09-12T07:03:25.119+0000] {processor.py:836} INFO - DAG(s) dict_keys(['tutorial_taskflow_api']) retrieved from /home/vscode/.local/lib/python3.10/site-packages/airflow/example_dags/tutorial_taskflow_api.py
[2024-09-12T07:03:25.130+0000] {logging_mixin.py:150} INFO - [2024-09-12T07:03:25.130+0000] {dag.py:2742} INFO - Sync 1 DAGs
[2024-09-12T07:03:25.143+0000] {logging_mixin.py:150} INFO - [2024-09-12T07:03:25.143+0000] {dag.py:3504} INFO - Setting next_dagrun for tutorial_taskflow_api to None, run_after=None
[2024-09-12T07:03:25.175+0000] {processor.py:179} INFO - Processing /home/vscode/.local/lib/python3.10/site-packages/airflow/example_dags/tutorial_taskflow_api.py took 0.064 seconds
[2024-09-12T07:04:12.810+0000] {processor.py:157} INFO - Started process (PID=17411) to work on /home/vscode/.local/lib/python3.10/site-packages/airflow/example_dags/tutorial_taskflow_api.py
[2024-09-12T07:04:12.811+0000] {processor.py:826} INFO - Processing file /home/vscode/.local/lib/python3.10/site-packages/airflow/example_dags/tutorial_taskflow_api.py for tasks to queue
[2024-09-12T07:04:12.812+0000] {logging_mixin.py:150} INFO - [2024-09-12T07:04:12.811+0000] {dagbag.py:541} INFO - Filling up the DagBag from /home/vscode/.local/lib/python3.10/site-packages/airflow/example_dags/tutorial_taskflow_api.py
[2024-09-12T07:04:12.817+0000] {processor.py:836} INFO - DAG(s) dict_keys(['tutorial_taskflow_api']) retrieved from /home/vscode/.local/lib/python3.10/site-packages/airflow/example_dags/tutorial_taskflow_api.py
[2024-09-12T07:04:12.828+0000] {logging_mixin.py:150} INFO - [2024-09-12T07:04:12.828+0000] {dag.py:2742} INFO - Sync 1 DAGs
[2024-09-12T07:04:12.842+0000] {logging_mixin.py:150} INFO - [2024-09-12T07:04:12.842+0000] {dag.py:3504} INFO - Setting next_dagrun for tutorial_taskflow_api to None, run_after=None
[2024-09-12T07:04:12.884+0000] {processor.py:179} INFO - Processing /home/vscode/.local/lib/python3.10/site-packages/airflow/example_dags/tutorial_taskflow_api.py took 0.076 seconds
[2024-09-12T07:04:57.013+0000] {processor.py:157} INFO - Started process (PID=17731) to work on /home/vscode/.local/lib/python3.10/site-packages/airflow/example_dags/tutorial_taskflow_api.py
[2024-09-12T07:04:57.013+0000] {processor.py:826} INFO - Processing file /home/vscode/.local/lib/python3.10/site-packages/airflow/example_dags/tutorial_taskflow_api.py for tasks to queue
[2024-09-12T07:04:57.014+0000] {logging_mixin.py:150} INFO - [2024-09-12T07:04:57.014+0000] {dagbag.py:541} INFO - Filling up the DagBag from /home/vscode/.local/lib/python3.10/site-packages/airflow/example_dags/tutorial_taskflow_api.py
[2024-09-12T07:04:57.018+0000] {processor.py:836} INFO - DAG(s) dict_keys(['tutorial_taskflow_api']) retrieved from /home/vscode/.local/lib/python3.10/site-packages/airflow/example_dags/tutorial_taskflow_api.py
[2024-09-12T07:04:57.030+0000] {logging_mixin.py:150} INFO - [2024-09-12T07:04:57.030+0000] {dag.py:2742} INFO - Sync 1 DAGs
[2024-09-12T07:04:57.043+0000] {logging_mixin.py:150} INFO - [2024-09-12T07:04:57.043+0000] {dag.py:3504} INFO - Setting next_dagrun for tutorial_taskflow_api to None, run_after=None
[2024-09-12T07:04:57.091+0000] {processor.py:179} INFO - Processing /home/vscode/.local/lib/python3.10/site-packages/airflow/example_dags/tutorial_taskflow_api.py took 0.081 seconds
[2024-09-12T07:05:29.381+0000] {processor.py:157} INFO - Started process (PID=18050) to work on /home/vscode/.local/lib/python3.10/site-packages/airflow/example_dags/tutorial_taskflow_api.py
[2024-09-12T07:05:29.381+0000] {processor.py:826} INFO - Processing file /home/vscode/.local/lib/python3.10/site-packages/airflow/example_dags/tutorial_taskflow_api.py for tasks to queue
[2024-09-12T07:05:29.382+0000] {logging_mixin.py:150} INFO - [2024-09-12T07:05:29.382+0000] {dagbag.py:541} INFO - Filling up the DagBag from /home/vscode/.local/lib/python3.10/site-packages/airflow/example_dags/tutorial_taskflow_api.py
[2024-09-12T07:05:29.387+0000] {processor.py:836} INFO - DAG(s) dict_keys(['tutorial_taskflow_api']) retrieved from /home/vscode/.local/lib/python3.10/site-packages/airflow/example_dags/tutorial_taskflow_api.py
[2024-09-12T07:05:29.398+0000] {logging_mixin.py:150} INFO - [2024-09-12T07:05:29.398+0000] {dag.py:2742} INFO - Sync 1 DAGs
[2024-09-12T07:05:29.411+0000] {logging_mixin.py:150} INFO - [2024-09-12T07:05:29.411+0000] {dag.py:3504} INFO - Setting next_dagrun for tutorial_taskflow_api to None, run_after=None
[2024-09-12T07:05:29.448+0000] {processor.py:179} INFO - Processing /home/vscode/.local/lib/python3.10/site-packages/airflow/example_dags/tutorial_taskflow_api.py took 0.070 seconds
[2024-09-12T07:06:13.152+0000] {processor.py:157} INFO - Started process (PID=18407) to work on /home/vscode/.local/lib/python3.10/site-packages/airflow/example_dags/tutorial_taskflow_api.py
[2024-09-12T07:06:13.152+0000] {processor.py:826} INFO - Processing file /home/vscode/.local/lib/python3.10/site-packages/airflow/example_dags/tutorial_taskflow_api.py for tasks to queue
[2024-09-12T07:06:13.153+0000] {logging_mixin.py:150} INFO - [2024-09-12T07:06:13.153+0000] {dagbag.py:541} INFO - Filling up the DagBag from /home/vscode/.local/lib/python3.10/site-packages/airflow/example_dags/tutorial_taskflow_api.py
[2024-09-12T07:06:13.158+0000] {processor.py:836} INFO - DAG(s) dict_keys(['tutorial_taskflow_api']) retrieved from /home/vscode/.local/lib/python3.10/site-packages/airflow/example_dags/tutorial_taskflow_api.py
[2024-09-12T07:06:13.168+0000] {logging_mixin.py:150} INFO - [2024-09-12T07:06:13.168+0000] {dag.py:2742} INFO - Sync 1 DAGs
[2024-09-12T07:06:13.182+0000] {logging_mixin.py:150} INFO - [2024-09-12T07:06:13.181+0000] {dag.py:3504} INFO - Setting next_dagrun for tutorial_taskflow_api to None, run_after=None
[2024-09-12T07:06:13.216+0000] {processor.py:179} INFO - Processing /home/vscode/.local/lib/python3.10/site-packages/airflow/example_dags/tutorial_taskflow_api.py took 0.066 seconds
[2024-09-12T07:06:57.364+0000] {processor.py:157} INFO - Started process (PID=18728) to work on /home/vscode/.local/lib/python3.10/site-packages/airflow/example_dags/tutorial_taskflow_api.py
[2024-09-12T07:06:57.364+0000] {processor.py:826} INFO - Processing file /home/vscode/.local/lib/python3.10/site-packages/airflow/example_dags/tutorial_taskflow_api.py for tasks to queue
[2024-09-12T07:06:57.365+0000] {logging_mixin.py:150} INFO - [2024-09-12T07:06:57.365+0000] {dagbag.py:541} INFO - Filling up the DagBag from /home/vscode/.local/lib/python3.10/site-packages/airflow/example_dags/tutorial_taskflow_api.py
[2024-09-12T07:06:57.370+0000] {processor.py:836} INFO - DAG(s) dict_keys(['tutorial_taskflow_api']) retrieved from /home/vscode/.local/lib/python3.10/site-packages/airflow/example_dags/tutorial_taskflow_api.py
[2024-09-12T07:06:57.381+0000] {logging_mixin.py:150} INFO - [2024-09-12T07:06:57.381+0000] {dag.py:2742} INFO - Sync 1 DAGs
[2024-09-12T07:06:57.395+0000] {logging_mixin.py:150} INFO - [2024-09-12T07:06:57.394+0000] {dag.py:3504} INFO - Setting next_dagrun for tutorial_taskflow_api to None, run_after=None
[2024-09-12T07:06:57.433+0000] {processor.py:179} INFO - Processing /home/vscode/.local/lib/python3.10/site-packages/airflow/example_dags/tutorial_taskflow_api.py took 0.071 seconds
[2024-09-12T07:07:42.360+0000] {processor.py:157} INFO - Started process (PID=19032) to work on /home/vscode/.local/lib/python3.10/site-packages/airflow/example_dags/tutorial_taskflow_api.py
[2024-09-12T07:07:42.360+0000] {processor.py:826} INFO - Processing file /home/vscode/.local/lib/python3.10/site-packages/airflow/example_dags/tutorial_taskflow_api.py for tasks to queue
[2024-09-12T07:07:42.361+0000] {logging_mixin.py:150} INFO - [2024-09-12T07:07:42.361+0000] {dagbag.py:541} INFO - Filling up the DagBag from /home/vscode/.local/lib/python3.10/site-packages/airflow/example_dags/tutorial_taskflow_api.py
[2024-09-12T07:07:42.366+0000] {processor.py:836} INFO - DAG(s) dict_keys(['tutorial_taskflow_api']) retrieved from /home/vscode/.local/lib/python3.10/site-packages/airflow/example_dags/tutorial_taskflow_api.py
[2024-09-12T07:07:42.377+0000] {logging_mixin.py:150} INFO - [2024-09-12T07:07:42.377+0000] {dag.py:2742} INFO - Sync 1 DAGs
[2024-09-12T07:07:42.390+0000] {logging_mixin.py:150} INFO - [2024-09-12T07:07:42.390+0000] {dag.py:3504} INFO - Setting next_dagrun for tutorial_taskflow_api to None, run_after=None
[2024-09-12T07:07:42.438+0000] {processor.py:179} INFO - Processing /home/vscode/.local/lib/python3.10/site-packages/airflow/example_dags/tutorial_taskflow_api.py took 0.081 seconds
[2024-09-12T07:08:25.058+0000] {processor.py:157} INFO - Started process (PID=19366) to work on /home/vscode/.local/lib/python3.10/site-packages/airflow/example_dags/tutorial_taskflow_api.py
[2024-09-12T07:08:25.059+0000] {processor.py:826} INFO - Processing file /home/vscode/.local/lib/python3.10/site-packages/airflow/example_dags/tutorial_taskflow_api.py for tasks to queue
[2024-09-12T07:08:25.059+0000] {logging_mixin.py:150} INFO - [2024-09-12T07:08:25.059+0000] {dagbag.py:541} INFO - Filling up the DagBag from /home/vscode/.local/lib/python3.10/site-packages/airflow/example_dags/tutorial_taskflow_api.py
[2024-09-12T07:08:25.065+0000] {processor.py:836} INFO - DAG(s) dict_keys(['tutorial_taskflow_api']) retrieved from /home/vscode/.local/lib/python3.10/site-packages/airflow/example_dags/tutorial_taskflow_api.py
[2024-09-12T07:08:25.077+0000] {logging_mixin.py:150} INFO - [2024-09-12T07:08:25.077+0000] {dag.py:2742} INFO - Sync 1 DAGs
[2024-09-12T07:08:25.091+0000] {logging_mixin.py:150} INFO - [2024-09-12T07:08:25.091+0000] {dag.py:3504} INFO - Setting next_dagrun for tutorial_taskflow_api to None, run_after=None
[2024-09-12T07:08:25.123+0000] {processor.py:179} INFO - Processing /home/vscode/.local/lib/python3.10/site-packages/airflow/example_dags/tutorial_taskflow_api.py took 0.067 seconds
[2024-09-12T07:09:10.350+0000] {processor.py:157} INFO - Started process (PID=19736) to work on /home/vscode/.local/lib/python3.10/site-packages/airflow/example_dags/tutorial_taskflow_api.py
[2024-09-12T07:09:10.350+0000] {processor.py:826} INFO - Processing file /home/vscode/.local/lib/python3.10/site-packages/airflow/example_dags/tutorial_taskflow_api.py for tasks to queue
[2024-09-12T07:09:10.351+0000] {logging_mixin.py:150} INFO - [2024-09-12T07:09:10.351+0000] {dagbag.py:541} INFO - Filling up the DagBag from /home/vscode/.local/lib/python3.10/site-packages/airflow/example_dags/tutorial_taskflow_api.py
[2024-09-12T07:09:10.358+0000] {processor.py:836} INFO - DAG(s) dict_keys(['tutorial_taskflow_api']) retrieved from /home/vscode/.local/lib/python3.10/site-packages/airflow/example_dags/tutorial_taskflow_api.py
[2024-09-12T07:09:10.370+0000] {logging_mixin.py:150} INFO - [2024-09-12T07:09:10.370+0000] {dag.py:2742} INFO - Sync 1 DAGs
[2024-09-12T07:09:10.383+0000] {logging_mixin.py:150} INFO - [2024-09-12T07:09:10.383+0000] {dag.py:3504} INFO - Setting next_dagrun for tutorial_taskflow_api to None, run_after=None
[2024-09-12T07:09:10.423+0000] {processor.py:179} INFO - Processing /home/vscode/.local/lib/python3.10/site-packages/airflow/example_dags/tutorial_taskflow_api.py took 0.077 seconds
[2024-09-12T07:09:42.963+0000] {processor.py:157} INFO - Started process (PID=19969) to work on /home/vscode/.local/lib/python3.10/site-packages/airflow/example_dags/tutorial_taskflow_api.py
[2024-09-12T07:09:42.964+0000] {processor.py:826} INFO - Processing file /home/vscode/.local/lib/python3.10/site-packages/airflow/example_dags/tutorial_taskflow_api.py for tasks to queue
[2024-09-12T07:09:42.965+0000] {logging_mixin.py:150} INFO - [2024-09-12T07:09:42.964+0000] {dagbag.py:541} INFO - Filling up the DagBag from /home/vscode/.local/lib/python3.10/site-packages/airflow/example_dags/tutorial_taskflow_api.py
[2024-09-12T07:09:42.971+0000] {processor.py:836} INFO - DAG(s) dict_keys(['tutorial_taskflow_api']) retrieved from /home/vscode/.local/lib/python3.10/site-packages/airflow/example_dags/tutorial_taskflow_api.py
[2024-09-12T07:09:42.988+0000] {logging_mixin.py:150} INFO - [2024-09-12T07:09:42.988+0000] {dag.py:2742} INFO - Sync 1 DAGs
[2024-09-12T07:09:43.003+0000] {logging_mixin.py:150} INFO - [2024-09-12T07:09:43.003+0000] {dag.py:3504} INFO - Setting next_dagrun for tutorial_taskflow_api to None, run_after=None
[2024-09-12T07:09:43.032+0000] {processor.py:179} INFO - Processing /home/vscode/.local/lib/python3.10/site-packages/airflow/example_dags/tutorial_taskflow_api.py took 0.072 seconds
