[2024-09-12T06:38:55.003+0000] {processor.py:157} INFO - Started process (PID=6991) to work on /home/vscode/.local/lib/python3.10/site-packages/airflow/example_dags/tutorial.py
[2024-09-12T06:38:55.004+0000] {processor.py:826} INFO - Processing file /home/vscode/.local/lib/python3.10/site-packages/airflow/example_dags/tutorial.py for tasks to queue
[2024-09-12T06:38:55.005+0000] {logging_mixin.py:150} INFO - [2024-09-12T06:38:55.004+0000] {dagbag.py:541} INFO - Filling up the DagBag from /home/vscode/.local/lib/python3.10/site-packages/airflow/example_dags/tutorial.py
[2024-09-12T06:38:55.011+0000] {processor.py:836} INFO - DAG(s) dict_keys(['tutorial']) retrieved from /home/vscode/.local/lib/python3.10/site-packages/airflow/example_dags/tutorial.py
[2024-09-12T06:38:55.202+0000] {logging_mixin.py:150} INFO - [2024-09-12T06:38:55.201+0000] {manager.py:504} INFO - Created Permission View: can edit on DAG:tutorial
[2024-09-12T06:38:55.228+0000] {logging_mixin.py:150} INFO - [2024-09-12T06:38:55.228+0000] {manager.py:504} INFO - Created Permission View: can read on DAG:tutorial
[2024-09-12T06:38:55.253+0000] {logging_mixin.py:150} INFO - [2024-09-12T06:38:55.253+0000] {manager.py:504} INFO - Created Permission View: can delete on DAG:tutorial
[2024-09-12T06:38:55.262+0000] {logging_mixin.py:150} INFO - [2024-09-12T06:38:55.262+0000] {dag.py:2742} INFO - Sync 1 DAGs
[2024-09-12T06:38:55.268+0000] {logging_mixin.py:150} INFO - [2024-09-12T06:38:55.268+0000] {dag.py:2763} INFO - Creating ORM DAG for tutorial
[2024-09-12T06:38:55.274+0000] {logging_mixin.py:150} INFO - [2024-09-12T06:38:55.274+0000] {dag.py:3504} INFO - Setting next_dagrun for tutorial to 2024-09-11T06:38:55.274104+00:00, run_after=2024-09-12T06:38:55.274104+00:00
[2024-09-12T06:38:55.311+0000] {processor.py:179} INFO - Processing /home/vscode/.local/lib/python3.10/site-packages/airflow/example_dags/tutorial.py took 0.310 seconds
[2024-09-12T06:39:27.576+0000] {processor.py:157} INFO - Started process (PID=7369) to work on /home/vscode/.local/lib/python3.10/site-packages/airflow/example_dags/tutorial.py
[2024-09-12T06:39:27.577+0000] {processor.py:826} INFO - Processing file /home/vscode/.local/lib/python3.10/site-packages/airflow/example_dags/tutorial.py for tasks to queue
[2024-09-12T06:39:27.578+0000] {logging_mixin.py:150} INFO - [2024-09-12T06:39:27.577+0000] {dagbag.py:541} INFO - Filling up the DagBag from /home/vscode/.local/lib/python3.10/site-packages/airflow/example_dags/tutorial.py
[2024-09-12T06:39:27.584+0000] {processor.py:836} INFO - DAG(s) dict_keys(['tutorial']) retrieved from /home/vscode/.local/lib/python3.10/site-packages/airflow/example_dags/tutorial.py
[2024-09-12T06:39:27.596+0000] {logging_mixin.py:150} INFO - [2024-09-12T06:39:27.596+0000] {dag.py:2742} INFO - Sync 1 DAGs
[2024-09-12T06:39:27.691+0000] {logging_mixin.py:150} INFO - [2024-09-12T06:39:27.691+0000] {dag.py:3504} INFO - Setting next_dagrun for tutorial to 2024-09-11T06:39:27.690958+00:00, run_after=2024-09-12T06:39:27.690958+00:00
[2024-09-12T06:39:27.722+0000] {processor.py:179} INFO - Processing /home/vscode/.local/lib/python3.10/site-packages/airflow/example_dags/tutorial.py took 0.148 seconds
[2024-09-12T06:40:22.638+0000] {processor.py:157} INFO - Started process (PID=7729) to work on /home/vscode/.local/lib/python3.10/site-packages/airflow/example_dags/tutorial.py
[2024-09-12T06:40:22.638+0000] {processor.py:826} INFO - Processing file /home/vscode/.local/lib/python3.10/site-packages/airflow/example_dags/tutorial.py for tasks to queue
[2024-09-12T06:40:22.639+0000] {logging_mixin.py:150} INFO - [2024-09-12T06:40:22.639+0000] {dagbag.py:541} INFO - Filling up the DagBag from /home/vscode/.local/lib/python3.10/site-packages/airflow/example_dags/tutorial.py
[2024-09-12T06:40:22.644+0000] {processor.py:836} INFO - DAG(s) dict_keys(['tutorial']) retrieved from /home/vscode/.local/lib/python3.10/site-packages/airflow/example_dags/tutorial.py
[2024-09-12T06:40:22.654+0000] {logging_mixin.py:150} INFO - [2024-09-12T06:40:22.654+0000] {dag.py:2742} INFO - Sync 1 DAGs
[2024-09-12T06:40:22.668+0000] {logging_mixin.py:150} INFO - [2024-09-12T06:40:22.668+0000] {dag.py:3504} INFO - Setting next_dagrun for tutorial to 2024-09-11T06:40:22.668103+00:00, run_after=2024-09-12T06:40:22.668103+00:00
[2024-09-12T06:40:22.715+0000] {processor.py:179} INFO - Processing /home/vscode/.local/lib/python3.10/site-packages/airflow/example_dags/tutorial.py took 0.079 seconds
[2024-09-12T06:41:05.022+0000] {processor.py:157} INFO - Started process (PID=8006) to work on /home/vscode/.local/lib/python3.10/site-packages/airflow/example_dags/tutorial.py
[2024-09-12T06:41:05.023+0000] {processor.py:826} INFO - Processing file /home/vscode/.local/lib/python3.10/site-packages/airflow/example_dags/tutorial.py for tasks to queue
[2024-09-12T06:41:05.023+0000] {logging_mixin.py:150} INFO - [2024-09-12T06:41:05.023+0000] {dagbag.py:541} INFO - Filling up the DagBag from /home/vscode/.local/lib/python3.10/site-packages/airflow/example_dags/tutorial.py
[2024-09-12T06:41:05.028+0000] {processor.py:836} INFO - DAG(s) dict_keys(['tutorial']) retrieved from /home/vscode/.local/lib/python3.10/site-packages/airflow/example_dags/tutorial.py
[2024-09-12T06:41:05.040+0000] {logging_mixin.py:150} INFO - [2024-09-12T06:41:05.039+0000] {dag.py:2742} INFO - Sync 1 DAGs
[2024-09-12T06:41:05.053+0000] {logging_mixin.py:150} INFO - [2024-09-12T06:41:05.053+0000] {dag.py:3504} INFO - Setting next_dagrun for tutorial to 2024-09-11T06:41:05.053349+00:00, run_after=2024-09-12T06:41:05.053349+00:00
[2024-09-12T06:41:05.091+0000] {processor.py:179} INFO - Processing /home/vscode/.local/lib/python3.10/site-packages/airflow/example_dags/tutorial.py took 0.071 seconds
[2024-09-12T06:41:47.459+0000] {processor.py:157} INFO - Started process (PID=8294) to work on /home/vscode/.local/lib/python3.10/site-packages/airflow/example_dags/tutorial.py
[2024-09-12T06:41:47.460+0000] {processor.py:826} INFO - Processing file /home/vscode/.local/lib/python3.10/site-packages/airflow/example_dags/tutorial.py for tasks to queue
[2024-09-12T06:41:47.460+0000] {logging_mixin.py:150} INFO - [2024-09-12T06:41:47.460+0000] {dagbag.py:541} INFO - Filling up the DagBag from /home/vscode/.local/lib/python3.10/site-packages/airflow/example_dags/tutorial.py
[2024-09-12T06:41:47.465+0000] {processor.py:836} INFO - DAG(s) dict_keys(['tutorial']) retrieved from /home/vscode/.local/lib/python3.10/site-packages/airflow/example_dags/tutorial.py
[2024-09-12T06:41:47.476+0000] {logging_mixin.py:150} INFO - [2024-09-12T06:41:47.476+0000] {dag.py:2742} INFO - Sync 1 DAGs
[2024-09-12T06:41:47.490+0000] {logging_mixin.py:150} INFO - [2024-09-12T06:41:47.490+0000] {dag.py:3504} INFO - Setting next_dagrun for tutorial to 2024-09-11T06:41:47.489940+00:00, run_after=2024-09-12T06:41:47.489940+00:00
[2024-09-12T06:41:47.524+0000] {processor.py:179} INFO - Processing /home/vscode/.local/lib/python3.10/site-packages/airflow/example_dags/tutorial.py took 0.068 seconds
[2024-09-12T06:42:33.038+0000] {processor.py:157} INFO - Started process (PID=8603) to work on /home/vscode/.local/lib/python3.10/site-packages/airflow/example_dags/tutorial.py
[2024-09-12T06:42:33.038+0000] {processor.py:826} INFO - Processing file /home/vscode/.local/lib/python3.10/site-packages/airflow/example_dags/tutorial.py for tasks to queue
[2024-09-12T06:42:33.039+0000] {logging_mixin.py:150} INFO - [2024-09-12T06:42:33.039+0000] {dagbag.py:541} INFO - Filling up the DagBag from /home/vscode/.local/lib/python3.10/site-packages/airflow/example_dags/tutorial.py
[2024-09-12T06:42:33.044+0000] {processor.py:836} INFO - DAG(s) dict_keys(['tutorial']) retrieved from /home/vscode/.local/lib/python3.10/site-packages/airflow/example_dags/tutorial.py
[2024-09-12T06:42:33.055+0000] {logging_mixin.py:150} INFO - [2024-09-12T06:42:33.055+0000] {dag.py:2742} INFO - Sync 1 DAGs
[2024-09-12T06:42:33.069+0000] {logging_mixin.py:150} INFO - [2024-09-12T06:42:33.069+0000] {dag.py:3504} INFO - Setting next_dagrun for tutorial to 2024-09-11T06:42:33.069354+00:00, run_after=2024-09-12T06:42:33.069354+00:00
[2024-09-12T06:42:33.100+0000] {processor.py:179} INFO - Processing /home/vscode/.local/lib/python3.10/site-packages/airflow/example_dags/tutorial.py took 0.064 seconds
[2024-09-12T06:43:16.751+0000] {processor.py:157} INFO - Started process (PID=8894) to work on /home/vscode/.local/lib/python3.10/site-packages/airflow/example_dags/tutorial.py
[2024-09-12T06:43:16.751+0000] {processor.py:826} INFO - Processing file /home/vscode/.local/lib/python3.10/site-packages/airflow/example_dags/tutorial.py for tasks to queue
[2024-09-12T06:43:16.752+0000] {logging_mixin.py:150} INFO - [2024-09-12T06:43:16.752+0000] {dagbag.py:541} INFO - Filling up the DagBag from /home/vscode/.local/lib/python3.10/site-packages/airflow/example_dags/tutorial.py
[2024-09-12T06:43:16.757+0000] {processor.py:836} INFO - DAG(s) dict_keys(['tutorial']) retrieved from /home/vscode/.local/lib/python3.10/site-packages/airflow/example_dags/tutorial.py
[2024-09-12T06:43:16.767+0000] {logging_mixin.py:150} INFO - [2024-09-12T06:43:16.767+0000] {dag.py:2742} INFO - Sync 1 DAGs
[2024-09-12T06:43:16.781+0000] {logging_mixin.py:150} INFO - [2024-09-12T06:43:16.781+0000] {dag.py:3504} INFO - Setting next_dagrun for tutorial to 2024-09-11T06:43:16.781320+00:00, run_after=2024-09-12T06:43:16.781320+00:00
[2024-09-12T06:43:16.812+0000] {processor.py:179} INFO - Processing /home/vscode/.local/lib/python3.10/site-packages/airflow/example_dags/tutorial.py took 0.063 seconds
[2024-09-12T06:44:00.270+0000] {processor.py:157} INFO - Started process (PID=9184) to work on /home/vscode/.local/lib/python3.10/site-packages/airflow/example_dags/tutorial.py
[2024-09-12T06:44:00.270+0000] {processor.py:826} INFO - Processing file /home/vscode/.local/lib/python3.10/site-packages/airflow/example_dags/tutorial.py for tasks to queue
[2024-09-12T06:44:00.271+0000] {logging_mixin.py:150} INFO - [2024-09-12T06:44:00.271+0000] {dagbag.py:541} INFO - Filling up the DagBag from /home/vscode/.local/lib/python3.10/site-packages/airflow/example_dags/tutorial.py
[2024-09-12T06:44:00.276+0000] {processor.py:836} INFO - DAG(s) dict_keys(['tutorial']) retrieved from /home/vscode/.local/lib/python3.10/site-packages/airflow/example_dags/tutorial.py
[2024-09-12T06:44:00.290+0000] {logging_mixin.py:150} INFO - [2024-09-12T06:44:00.290+0000] {dag.py:2742} INFO - Sync 1 DAGs
[2024-09-12T06:44:00.305+0000] {logging_mixin.py:150} INFO - [2024-09-12T06:44:00.305+0000] {dag.py:3504} INFO - Setting next_dagrun for tutorial to 2024-09-11T06:44:00.304853+00:00, run_after=2024-09-12T06:44:00.304853+00:00
[2024-09-12T06:44:00.339+0000] {processor.py:179} INFO - Processing /home/vscode/.local/lib/python3.10/site-packages/airflow/example_dags/tutorial.py took 0.072 seconds
[2024-09-12T06:44:39.372+0000] {processor.py:157} INFO - Started process (PID=9453) to work on /home/vscode/.local/lib/python3.10/site-packages/airflow/example_dags/tutorial.py
[2024-09-12T06:44:39.373+0000] {processor.py:826} INFO - Processing file /home/vscode/.local/lib/python3.10/site-packages/airflow/example_dags/tutorial.py for tasks to queue
[2024-09-12T06:44:39.373+0000] {logging_mixin.py:150} INFO - [2024-09-12T06:44:39.373+0000] {dagbag.py:541} INFO - Filling up the DagBag from /home/vscode/.local/lib/python3.10/site-packages/airflow/example_dags/tutorial.py
[2024-09-12T06:44:39.378+0000] {processor.py:836} INFO - DAG(s) dict_keys(['tutorial']) retrieved from /home/vscode/.local/lib/python3.10/site-packages/airflow/example_dags/tutorial.py
[2024-09-12T06:44:39.389+0000] {logging_mixin.py:150} INFO - [2024-09-12T06:44:39.389+0000] {dag.py:2742} INFO - Sync 1 DAGs
[2024-09-12T06:44:39.403+0000] {logging_mixin.py:150} INFO - [2024-09-12T06:44:39.403+0000] {dag.py:3504} INFO - Setting next_dagrun for tutorial to 2024-09-11T06:44:39.402934+00:00, run_after=2024-09-12T06:44:39.402934+00:00
[2024-09-12T06:44:39.432+0000] {processor.py:179} INFO - Processing /home/vscode/.local/lib/python3.10/site-packages/airflow/example_dags/tutorial.py took 0.062 seconds
[2024-09-12T06:45:23.956+0000] {processor.py:157} INFO - Started process (PID=9755) to work on /home/vscode/.local/lib/python3.10/site-packages/airflow/example_dags/tutorial.py
[2024-09-12T06:45:23.956+0000] {processor.py:826} INFO - Processing file /home/vscode/.local/lib/python3.10/site-packages/airflow/example_dags/tutorial.py for tasks to queue
[2024-09-12T06:45:23.957+0000] {logging_mixin.py:150} INFO - [2024-09-12T06:45:23.957+0000] {dagbag.py:541} INFO - Filling up the DagBag from /home/vscode/.local/lib/python3.10/site-packages/airflow/example_dags/tutorial.py
[2024-09-12T06:45:23.962+0000] {processor.py:836} INFO - DAG(s) dict_keys(['tutorial']) retrieved from /home/vscode/.local/lib/python3.10/site-packages/airflow/example_dags/tutorial.py
[2024-09-12T06:45:23.973+0000] {logging_mixin.py:150} INFO - [2024-09-12T06:45:23.972+0000] {dag.py:2742} INFO - Sync 1 DAGs
[2024-09-12T06:45:23.991+0000] {logging_mixin.py:150} INFO - [2024-09-12T06:45:23.990+0000] {dag.py:3504} INFO - Setting next_dagrun for tutorial to 2024-09-11T06:45:23.990679+00:00, run_after=2024-09-12T06:45:23.990679+00:00
[2024-09-12T06:45:24.044+0000] {processor.py:179} INFO - Processing /home/vscode/.local/lib/python3.10/site-packages/airflow/example_dags/tutorial.py took 0.091 seconds
[2024-09-12T06:46:09.799+0000] {processor.py:157} INFO - Started process (PID=10058) to work on /home/vscode/.local/lib/python3.10/site-packages/airflow/example_dags/tutorial.py
[2024-09-12T06:46:09.799+0000] {processor.py:826} INFO - Processing file /home/vscode/.local/lib/python3.10/site-packages/airflow/example_dags/tutorial.py for tasks to queue
[2024-09-12T06:46:09.800+0000] {logging_mixin.py:150} INFO - [2024-09-12T06:46:09.800+0000] {dagbag.py:541} INFO - Filling up the DagBag from /home/vscode/.local/lib/python3.10/site-packages/airflow/example_dags/tutorial.py
[2024-09-12T06:46:09.805+0000] {processor.py:836} INFO - DAG(s) dict_keys(['tutorial']) retrieved from /home/vscode/.local/lib/python3.10/site-packages/airflow/example_dags/tutorial.py
[2024-09-12T06:46:09.816+0000] {logging_mixin.py:150} INFO - [2024-09-12T06:46:09.816+0000] {dag.py:2742} INFO - Sync 1 DAGs
[2024-09-12T06:46:09.830+0000] {logging_mixin.py:150} INFO - [2024-09-12T06:46:09.829+0000] {dag.py:3504} INFO - Setting next_dagrun for tutorial to 2024-09-11T06:46:09.829793+00:00, run_after=2024-09-12T06:46:09.829793+00:00
[2024-09-12T06:46:09.860+0000] {processor.py:179} INFO - Processing /home/vscode/.local/lib/python3.10/site-packages/airflow/example_dags/tutorial.py took 0.064 seconds
[2024-09-12T06:46:53.952+0000] {processor.py:157} INFO - Started process (PID=10359) to work on /home/vscode/.local/lib/python3.10/site-packages/airflow/example_dags/tutorial.py
[2024-09-12T06:46:53.952+0000] {processor.py:826} INFO - Processing file /home/vscode/.local/lib/python3.10/site-packages/airflow/example_dags/tutorial.py for tasks to queue
[2024-09-12T06:46:53.953+0000] {logging_mixin.py:150} INFO - [2024-09-12T06:46:53.953+0000] {dagbag.py:541} INFO - Filling up the DagBag from /home/vscode/.local/lib/python3.10/site-packages/airflow/example_dags/tutorial.py
[2024-09-12T06:46:53.958+0000] {processor.py:836} INFO - DAG(s) dict_keys(['tutorial']) retrieved from /home/vscode/.local/lib/python3.10/site-packages/airflow/example_dags/tutorial.py
[2024-09-12T06:46:53.970+0000] {logging_mixin.py:150} INFO - [2024-09-12T06:46:53.970+0000] {dag.py:2742} INFO - Sync 1 DAGs
[2024-09-12T06:46:53.985+0000] {logging_mixin.py:150} INFO - [2024-09-12T06:46:53.985+0000] {dag.py:3504} INFO - Setting next_dagrun for tutorial to 2024-09-11T06:46:53.984946+00:00, run_after=2024-09-12T06:46:53.984946+00:00
[2024-09-12T06:46:54.040+0000] {processor.py:179} INFO - Processing /home/vscode/.local/lib/python3.10/site-packages/airflow/example_dags/tutorial.py took 0.091 seconds
[2024-09-12T06:47:39.225+0000] {processor.py:157} INFO - Started process (PID=10663) to work on /home/vscode/.local/lib/python3.10/site-packages/airflow/example_dags/tutorial.py
[2024-09-12T06:47:39.225+0000] {processor.py:826} INFO - Processing file /home/vscode/.local/lib/python3.10/site-packages/airflow/example_dags/tutorial.py for tasks to queue
[2024-09-12T06:47:39.226+0000] {logging_mixin.py:150} INFO - [2024-09-12T06:47:39.226+0000] {dagbag.py:541} INFO - Filling up the DagBag from /home/vscode/.local/lib/python3.10/site-packages/airflow/example_dags/tutorial.py
[2024-09-12T06:47:39.231+0000] {processor.py:836} INFO - DAG(s) dict_keys(['tutorial']) retrieved from /home/vscode/.local/lib/python3.10/site-packages/airflow/example_dags/tutorial.py
[2024-09-12T06:47:39.242+0000] {logging_mixin.py:150} INFO - [2024-09-12T06:47:39.242+0000] {dag.py:2742} INFO - Sync 1 DAGs
[2024-09-12T06:47:39.255+0000] {logging_mixin.py:150} INFO - [2024-09-12T06:47:39.255+0000] {dag.py:3504} INFO - Setting next_dagrun for tutorial to 2024-09-11T06:47:39.255612+00:00, run_after=2024-09-12T06:47:39.255612+00:00
[2024-09-12T06:47:39.295+0000] {processor.py:179} INFO - Processing /home/vscode/.local/lib/python3.10/site-packages/airflow/example_dags/tutorial.py took 0.073 seconds
[2024-09-12T06:48:22.431+0000] {processor.py:157} INFO - Started process (PID=10946) to work on /home/vscode/.local/lib/python3.10/site-packages/airflow/example_dags/tutorial.py
[2024-09-12T06:48:22.432+0000] {processor.py:826} INFO - Processing file /home/vscode/.local/lib/python3.10/site-packages/airflow/example_dags/tutorial.py for tasks to queue
[2024-09-12T06:48:22.433+0000] {logging_mixin.py:150} INFO - [2024-09-12T06:48:22.432+0000] {dagbag.py:541} INFO - Filling up the DagBag from /home/vscode/.local/lib/python3.10/site-packages/airflow/example_dags/tutorial.py
[2024-09-12T06:48:22.440+0000] {processor.py:836} INFO - DAG(s) dict_keys(['tutorial']) retrieved from /home/vscode/.local/lib/python3.10/site-packages/airflow/example_dags/tutorial.py
[2024-09-12T06:48:22.453+0000] {logging_mixin.py:150} INFO - [2024-09-12T06:48:22.452+0000] {dag.py:2742} INFO - Sync 1 DAGs
[2024-09-12T06:48:22.466+0000] {logging_mixin.py:150} INFO - [2024-09-12T06:48:22.466+0000] {dag.py:3504} INFO - Setting next_dagrun for tutorial to 2024-09-11T06:48:22.466283+00:00, run_after=2024-09-12T06:48:22.466283+00:00
[2024-09-12T06:48:22.513+0000] {processor.py:179} INFO - Processing /home/vscode/.local/lib/python3.10/site-packages/airflow/example_dags/tutorial.py took 0.084 seconds
[2024-09-12T06:49:04.070+0000] {processor.py:157} INFO - Started process (PID=11228) to work on /home/vscode/.local/lib/python3.10/site-packages/airflow/example_dags/tutorial.py
[2024-09-12T06:49:04.070+0000] {processor.py:826} INFO - Processing file /home/vscode/.local/lib/python3.10/site-packages/airflow/example_dags/tutorial.py for tasks to queue
[2024-09-12T06:49:04.071+0000] {logging_mixin.py:150} INFO - [2024-09-12T06:49:04.071+0000] {dagbag.py:541} INFO - Filling up the DagBag from /home/vscode/.local/lib/python3.10/site-packages/airflow/example_dags/tutorial.py
[2024-09-12T06:49:04.076+0000] {processor.py:836} INFO - DAG(s) dict_keys(['tutorial']) retrieved from /home/vscode/.local/lib/python3.10/site-packages/airflow/example_dags/tutorial.py
[2024-09-12T06:49:04.091+0000] {logging_mixin.py:150} INFO - [2024-09-12T06:49:04.091+0000] {dag.py:2742} INFO - Sync 1 DAGs
[2024-09-12T06:49:04.113+0000] {logging_mixin.py:150} INFO - [2024-09-12T06:49:04.112+0000] {dag.py:3504} INFO - Setting next_dagrun for tutorial to 2024-09-11T06:49:04.112673+00:00, run_after=2024-09-12T06:49:04.112673+00:00
[2024-09-12T06:49:04.156+0000] {processor.py:179} INFO - Processing /home/vscode/.local/lib/python3.10/site-packages/airflow/example_dags/tutorial.py took 0.089 seconds
[2024-09-12T06:49:46.422+0000] {processor.py:157} INFO - Started process (PID=11520) to work on /home/vscode/.local/lib/python3.10/site-packages/airflow/example_dags/tutorial.py
[2024-09-12T06:49:46.422+0000] {processor.py:826} INFO - Processing file /home/vscode/.local/lib/python3.10/site-packages/airflow/example_dags/tutorial.py for tasks to queue
[2024-09-12T06:49:46.423+0000] {logging_mixin.py:150} INFO - [2024-09-12T06:49:46.423+0000] {dagbag.py:541} INFO - Filling up the DagBag from /home/vscode/.local/lib/python3.10/site-packages/airflow/example_dags/tutorial.py
[2024-09-12T06:49:46.428+0000] {processor.py:836} INFO - DAG(s) dict_keys(['tutorial']) retrieved from /home/vscode/.local/lib/python3.10/site-packages/airflow/example_dags/tutorial.py
[2024-09-12T06:49:46.440+0000] {logging_mixin.py:150} INFO - [2024-09-12T06:49:46.439+0000] {dag.py:2742} INFO - Sync 1 DAGs
[2024-09-12T06:49:46.453+0000] {logging_mixin.py:150} INFO - [2024-09-12T06:49:46.453+0000] {dag.py:3504} INFO - Setting next_dagrun for tutorial to 2024-09-11T06:49:46.453433+00:00, run_after=2024-09-12T06:49:46.453433+00:00
[2024-09-12T06:49:46.485+0000] {processor.py:179} INFO - Processing /home/vscode/.local/lib/python3.10/site-packages/airflow/example_dags/tutorial.py took 0.065 seconds
[2024-09-12T06:50:26.978+0000] {processor.py:157} INFO - Started process (PID=11793) to work on /home/vscode/.local/lib/python3.10/site-packages/airflow/example_dags/tutorial.py
[2024-09-12T06:50:26.979+0000] {processor.py:826} INFO - Processing file /home/vscode/.local/lib/python3.10/site-packages/airflow/example_dags/tutorial.py for tasks to queue
[2024-09-12T06:50:26.979+0000] {logging_mixin.py:150} INFO - [2024-09-12T06:50:26.979+0000] {dagbag.py:541} INFO - Filling up the DagBag from /home/vscode/.local/lib/python3.10/site-packages/airflow/example_dags/tutorial.py
[2024-09-12T06:50:26.984+0000] {processor.py:836} INFO - DAG(s) dict_keys(['tutorial']) retrieved from /home/vscode/.local/lib/python3.10/site-packages/airflow/example_dags/tutorial.py
[2024-09-12T06:50:26.995+0000] {logging_mixin.py:150} INFO - [2024-09-12T06:50:26.995+0000] {dag.py:2742} INFO - Sync 1 DAGs
[2024-09-12T06:50:27.009+0000] {logging_mixin.py:150} INFO - [2024-09-12T06:50:27.009+0000] {dag.py:3504} INFO - Setting next_dagrun for tutorial to 2024-09-11T06:50:27.008963+00:00, run_after=2024-09-12T06:50:27.008963+00:00
[2024-09-12T06:50:27.042+0000] {processor.py:179} INFO - Processing /home/vscode/.local/lib/python3.10/site-packages/airflow/example_dags/tutorial.py took 0.066 seconds
[2024-09-12T06:51:12.028+0000] {processor.py:157} INFO - Started process (PID=12094) to work on /home/vscode/.local/lib/python3.10/site-packages/airflow/example_dags/tutorial.py
[2024-09-12T06:51:12.029+0000] {processor.py:826} INFO - Processing file /home/vscode/.local/lib/python3.10/site-packages/airflow/example_dags/tutorial.py for tasks to queue
[2024-09-12T06:51:12.030+0000] {logging_mixin.py:150} INFO - [2024-09-12T06:51:12.029+0000] {dagbag.py:541} INFO - Filling up the DagBag from /home/vscode/.local/lib/python3.10/site-packages/airflow/example_dags/tutorial.py
[2024-09-12T06:51:12.035+0000] {processor.py:836} INFO - DAG(s) dict_keys(['tutorial']) retrieved from /home/vscode/.local/lib/python3.10/site-packages/airflow/example_dags/tutorial.py
[2024-09-12T06:51:12.046+0000] {logging_mixin.py:150} INFO - [2024-09-12T06:51:12.046+0000] {dag.py:2742} INFO - Sync 1 DAGs
[2024-09-12T06:51:12.060+0000] {logging_mixin.py:150} INFO - [2024-09-12T06:51:12.060+0000] {dag.py:3504} INFO - Setting next_dagrun for tutorial to 2024-09-11T06:51:12.059875+00:00, run_after=2024-09-12T06:51:12.059875+00:00
[2024-09-12T06:51:12.093+0000] {processor.py:179} INFO - Processing /home/vscode/.local/lib/python3.10/site-packages/airflow/example_dags/tutorial.py took 0.066 seconds
[2024-09-12T06:51:57.326+0000] {processor.py:157} INFO - Started process (PID=12399) to work on /home/vscode/.local/lib/python3.10/site-packages/airflow/example_dags/tutorial.py
[2024-09-12T06:51:57.327+0000] {processor.py:826} INFO - Processing file /home/vscode/.local/lib/python3.10/site-packages/airflow/example_dags/tutorial.py for tasks to queue
[2024-09-12T06:51:57.328+0000] {logging_mixin.py:150} INFO - [2024-09-12T06:51:57.327+0000] {dagbag.py:541} INFO - Filling up the DagBag from /home/vscode/.local/lib/python3.10/site-packages/airflow/example_dags/tutorial.py
[2024-09-12T06:51:57.332+0000] {processor.py:836} INFO - DAG(s) dict_keys(['tutorial']) retrieved from /home/vscode/.local/lib/python3.10/site-packages/airflow/example_dags/tutorial.py
[2024-09-12T06:51:57.343+0000] {logging_mixin.py:150} INFO - [2024-09-12T06:51:57.343+0000] {dag.py:2742} INFO - Sync 1 DAGs
[2024-09-12T06:51:57.357+0000] {logging_mixin.py:150} INFO - [2024-09-12T06:51:57.357+0000] {dag.py:3504} INFO - Setting next_dagrun for tutorial to 2024-09-11T06:51:57.357168+00:00, run_after=2024-09-12T06:51:57.357168+00:00
[2024-09-12T06:51:57.388+0000] {processor.py:179} INFO - Processing /home/vscode/.local/lib/python3.10/site-packages/airflow/example_dags/tutorial.py took 0.064 seconds
[2024-09-12T06:52:43.965+0000] {processor.py:157} INFO - Started process (PID=12711) to work on /home/vscode/.local/lib/python3.10/site-packages/airflow/example_dags/tutorial.py
[2024-09-12T06:52:43.965+0000] {processor.py:826} INFO - Processing file /home/vscode/.local/lib/python3.10/site-packages/airflow/example_dags/tutorial.py for tasks to queue
[2024-09-12T06:52:43.966+0000] {logging_mixin.py:150} INFO - [2024-09-12T06:52:43.966+0000] {dagbag.py:541} INFO - Filling up the DagBag from /home/vscode/.local/lib/python3.10/site-packages/airflow/example_dags/tutorial.py
[2024-09-12T06:52:43.971+0000] {processor.py:836} INFO - DAG(s) dict_keys(['tutorial']) retrieved from /home/vscode/.local/lib/python3.10/site-packages/airflow/example_dags/tutorial.py
[2024-09-12T06:52:43.981+0000] {logging_mixin.py:150} INFO - [2024-09-12T06:52:43.981+0000] {dag.py:2742} INFO - Sync 1 DAGs
[2024-09-12T06:52:43.995+0000] {logging_mixin.py:150} INFO - [2024-09-12T06:52:43.995+0000] {dag.py:3504} INFO - Setting next_dagrun for tutorial to 2024-09-11T06:52:43.994887+00:00, run_after=2024-09-12T06:52:43.994887+00:00
[2024-09-12T06:52:44.031+0000] {processor.py:179} INFO - Processing /home/vscode/.local/lib/python3.10/site-packages/airflow/example_dags/tutorial.py took 0.069 seconds
[2024-09-12T06:53:29.599+0000] {processor.py:157} INFO - Started process (PID=13016) to work on /home/vscode/.local/lib/python3.10/site-packages/airflow/example_dags/tutorial.py
[2024-09-12T06:53:29.600+0000] {processor.py:826} INFO - Processing file /home/vscode/.local/lib/python3.10/site-packages/airflow/example_dags/tutorial.py for tasks to queue
[2024-09-12T06:53:29.600+0000] {logging_mixin.py:150} INFO - [2024-09-12T06:53:29.600+0000] {dagbag.py:541} INFO - Filling up the DagBag from /home/vscode/.local/lib/python3.10/site-packages/airflow/example_dags/tutorial.py
[2024-09-12T06:53:29.606+0000] {processor.py:836} INFO - DAG(s) dict_keys(['tutorial']) retrieved from /home/vscode/.local/lib/python3.10/site-packages/airflow/example_dags/tutorial.py
[2024-09-12T06:53:29.617+0000] {logging_mixin.py:150} INFO - [2024-09-12T06:53:29.616+0000] {dag.py:2742} INFO - Sync 1 DAGs
[2024-09-12T06:53:29.630+0000] {logging_mixin.py:150} INFO - [2024-09-12T06:53:29.630+0000] {dag.py:3504} INFO - Setting next_dagrun for tutorial to 2024-09-11T06:53:29.630325+00:00, run_after=2024-09-12T06:53:29.630325+00:00
[2024-09-12T06:53:29.678+0000] {processor.py:179} INFO - Processing /home/vscode/.local/lib/python3.10/site-packages/airflow/example_dags/tutorial.py took 0.082 seconds
[2024-09-12T06:54:16.137+0000] {processor.py:157} INFO - Started process (PID=13337) to work on /home/vscode/.local/lib/python3.10/site-packages/airflow/example_dags/tutorial.py
[2024-09-12T06:54:16.137+0000] {processor.py:826} INFO - Processing file /home/vscode/.local/lib/python3.10/site-packages/airflow/example_dags/tutorial.py for tasks to queue
[2024-09-12T06:54:16.138+0000] {logging_mixin.py:150} INFO - [2024-09-12T06:54:16.138+0000] {dagbag.py:541} INFO - Filling up the DagBag from /home/vscode/.local/lib/python3.10/site-packages/airflow/example_dags/tutorial.py
[2024-09-12T06:54:16.143+0000] {processor.py:836} INFO - DAG(s) dict_keys(['tutorial']) retrieved from /home/vscode/.local/lib/python3.10/site-packages/airflow/example_dags/tutorial.py
[2024-09-12T06:54:16.154+0000] {logging_mixin.py:150} INFO - [2024-09-12T06:54:16.154+0000] {dag.py:2742} INFO - Sync 1 DAGs
[2024-09-12T06:54:16.172+0000] {logging_mixin.py:150} INFO - [2024-09-12T06:54:16.172+0000] {dag.py:3504} INFO - Setting next_dagrun for tutorial to 2024-09-11T06:54:16.172515+00:00, run_after=2024-09-12T06:54:16.172515+00:00
[2024-09-12T06:54:16.207+0000] {processor.py:179} INFO - Processing /home/vscode/.local/lib/python3.10/site-packages/airflow/example_dags/tutorial.py took 0.072 seconds
[2024-09-12T06:55:02.016+0000] {processor.py:157} INFO - Started process (PID=13642) to work on /home/vscode/.local/lib/python3.10/site-packages/airflow/example_dags/tutorial.py
[2024-09-12T06:55:02.016+0000] {processor.py:826} INFO - Processing file /home/vscode/.local/lib/python3.10/site-packages/airflow/example_dags/tutorial.py for tasks to queue
[2024-09-12T06:55:02.017+0000] {logging_mixin.py:150} INFO - [2024-09-12T06:55:02.017+0000] {dagbag.py:541} INFO - Filling up the DagBag from /home/vscode/.local/lib/python3.10/site-packages/airflow/example_dags/tutorial.py
[2024-09-12T06:55:02.022+0000] {processor.py:836} INFO - DAG(s) dict_keys(['tutorial']) retrieved from /home/vscode/.local/lib/python3.10/site-packages/airflow/example_dags/tutorial.py
[2024-09-12T06:55:02.033+0000] {logging_mixin.py:150} INFO - [2024-09-12T06:55:02.033+0000] {dag.py:2742} INFO - Sync 1 DAGs
[2024-09-12T06:55:02.047+0000] {logging_mixin.py:150} INFO - [2024-09-12T06:55:02.046+0000] {dag.py:3504} INFO - Setting next_dagrun for tutorial to 2024-09-11T06:55:02.046720+00:00, run_after=2024-09-12T06:55:02.046720+00:00
[2024-09-12T06:55:02.083+0000] {processor.py:179} INFO - Processing /home/vscode/.local/lib/python3.10/site-packages/airflow/example_dags/tutorial.py took 0.070 seconds
[2024-09-12T06:55:46.748+0000] {processor.py:157} INFO - Started process (PID=13944) to work on /home/vscode/.local/lib/python3.10/site-packages/airflow/example_dags/tutorial.py
[2024-09-12T06:55:46.749+0000] {processor.py:826} INFO - Processing file /home/vscode/.local/lib/python3.10/site-packages/airflow/example_dags/tutorial.py for tasks to queue
[2024-09-12T06:55:46.750+0000] {logging_mixin.py:150} INFO - [2024-09-12T06:55:46.750+0000] {dagbag.py:541} INFO - Filling up the DagBag from /home/vscode/.local/lib/python3.10/site-packages/airflow/example_dags/tutorial.py
[2024-09-12T06:55:46.755+0000] {processor.py:836} INFO - DAG(s) dict_keys(['tutorial']) retrieved from /home/vscode/.local/lib/python3.10/site-packages/airflow/example_dags/tutorial.py
[2024-09-12T06:55:46.767+0000] {logging_mixin.py:150} INFO - [2024-09-12T06:55:46.767+0000] {dag.py:2742} INFO - Sync 1 DAGs
[2024-09-12T06:55:46.781+0000] {logging_mixin.py:150} INFO - [2024-09-12T06:55:46.781+0000] {dag.py:3504} INFO - Setting next_dagrun for tutorial to 2024-09-11T06:55:46.781458+00:00, run_after=2024-09-12T06:55:46.781458+00:00
[2024-09-12T06:55:46.812+0000] {processor.py:179} INFO - Processing /home/vscode/.local/lib/python3.10/site-packages/airflow/example_dags/tutorial.py took 0.067 seconds
[2024-09-12T06:56:37.263+0000] {processor.py:157} INFO - Started process (PID=14286) to work on /home/vscode/.local/lib/python3.10/site-packages/airflow/example_dags/tutorial.py
[2024-09-12T06:56:37.263+0000] {processor.py:826} INFO - Processing file /home/vscode/.local/lib/python3.10/site-packages/airflow/example_dags/tutorial.py for tasks to queue
[2024-09-12T06:56:37.264+0000] {logging_mixin.py:150} INFO - [2024-09-12T06:56:37.264+0000] {dagbag.py:541} INFO - Filling up the DagBag from /home/vscode/.local/lib/python3.10/site-packages/airflow/example_dags/tutorial.py
[2024-09-12T06:56:37.269+0000] {processor.py:836} INFO - DAG(s) dict_keys(['tutorial']) retrieved from /home/vscode/.local/lib/python3.10/site-packages/airflow/example_dags/tutorial.py
[2024-09-12T06:56:37.280+0000] {logging_mixin.py:150} INFO - [2024-09-12T06:56:37.280+0000] {dag.py:2742} INFO - Sync 1 DAGs
[2024-09-12T06:56:37.294+0000] {logging_mixin.py:150} INFO - [2024-09-12T06:56:37.294+0000] {dag.py:3504} INFO - Setting next_dagrun for tutorial to 2024-09-11T06:56:37.294148+00:00, run_after=2024-09-12T06:56:37.294148+00:00
[2024-09-12T06:56:37.329+0000] {processor.py:179} INFO - Processing /home/vscode/.local/lib/python3.10/site-packages/airflow/example_dags/tutorial.py took 0.069 seconds
[2024-09-12T06:57:22.207+0000] {processor.py:157} INFO - Started process (PID=14586) to work on /home/vscode/.local/lib/python3.10/site-packages/airflow/example_dags/tutorial.py
[2024-09-12T06:57:22.208+0000] {processor.py:826} INFO - Processing file /home/vscode/.local/lib/python3.10/site-packages/airflow/example_dags/tutorial.py for tasks to queue
[2024-09-12T06:57:22.208+0000] {logging_mixin.py:150} INFO - [2024-09-12T06:57:22.208+0000] {dagbag.py:541} INFO - Filling up the DagBag from /home/vscode/.local/lib/python3.10/site-packages/airflow/example_dags/tutorial.py
[2024-09-12T06:57:22.213+0000] {processor.py:836} INFO - DAG(s) dict_keys(['tutorial']) retrieved from /home/vscode/.local/lib/python3.10/site-packages/airflow/example_dags/tutorial.py
[2024-09-12T06:57:22.224+0000] {logging_mixin.py:150} INFO - [2024-09-12T06:57:22.224+0000] {dag.py:2742} INFO - Sync 1 DAGs
[2024-09-12T06:57:22.238+0000] {logging_mixin.py:150} INFO - [2024-09-12T06:57:22.238+0000] {dag.py:3504} INFO - Setting next_dagrun for tutorial to 2024-09-11T06:57:22.238454+00:00, run_after=2024-09-12T06:57:22.238454+00:00
[2024-09-12T06:57:22.275+0000] {processor.py:179} INFO - Processing /home/vscode/.local/lib/python3.10/site-packages/airflow/example_dags/tutorial.py took 0.070 seconds
[2024-09-12T06:58:04.035+0000] {processor.py:157} INFO - Started process (PID=14865) to work on /home/vscode/.local/lib/python3.10/site-packages/airflow/example_dags/tutorial.py
[2024-09-12T06:58:04.036+0000] {processor.py:826} INFO - Processing file /home/vscode/.local/lib/python3.10/site-packages/airflow/example_dags/tutorial.py for tasks to queue
[2024-09-12T06:58:04.036+0000] {logging_mixin.py:150} INFO - [2024-09-12T06:58:04.036+0000] {dagbag.py:541} INFO - Filling up the DagBag from /home/vscode/.local/lib/python3.10/site-packages/airflow/example_dags/tutorial.py
[2024-09-12T06:58:04.041+0000] {processor.py:836} INFO - DAG(s) dict_keys(['tutorial']) retrieved from /home/vscode/.local/lib/python3.10/site-packages/airflow/example_dags/tutorial.py
[2024-09-12T06:58:04.053+0000] {logging_mixin.py:150} INFO - [2024-09-12T06:58:04.053+0000] {dag.py:2742} INFO - Sync 1 DAGs
[2024-09-12T06:58:04.066+0000] {logging_mixin.py:150} INFO - [2024-09-12T06:58:04.066+0000] {dag.py:3504} INFO - Setting next_dagrun for tutorial to 2024-09-11T06:58:04.066615+00:00, run_after=2024-09-12T06:58:04.066615+00:00
[2024-09-12T06:58:04.096+0000] {processor.py:179} INFO - Processing /home/vscode/.local/lib/python3.10/site-packages/airflow/example_dags/tutorial.py took 0.063 seconds
[2024-09-12T06:58:45.586+0000] {processor.py:157} INFO - Started process (PID=15138) to work on /home/vscode/.local/lib/python3.10/site-packages/airflow/example_dags/tutorial.py
[2024-09-12T06:58:45.586+0000] {processor.py:826} INFO - Processing file /home/vscode/.local/lib/python3.10/site-packages/airflow/example_dags/tutorial.py for tasks to queue
[2024-09-12T06:58:45.587+0000] {logging_mixin.py:150} INFO - [2024-09-12T06:58:45.587+0000] {dagbag.py:541} INFO - Filling up the DagBag from /home/vscode/.local/lib/python3.10/site-packages/airflow/example_dags/tutorial.py
[2024-09-12T06:58:45.592+0000] {processor.py:836} INFO - DAG(s) dict_keys(['tutorial']) retrieved from /home/vscode/.local/lib/python3.10/site-packages/airflow/example_dags/tutorial.py
[2024-09-12T06:58:45.603+0000] {logging_mixin.py:150} INFO - [2024-09-12T06:58:45.603+0000] {dag.py:2742} INFO - Sync 1 DAGs
[2024-09-12T06:58:45.617+0000] {logging_mixin.py:150} INFO - [2024-09-12T06:58:45.617+0000] {dag.py:3504} INFO - Setting next_dagrun for tutorial to 2024-09-11T06:58:45.616872+00:00, run_after=2024-09-12T06:58:45.616872+00:00
[2024-09-12T06:58:45.651+0000] {processor.py:179} INFO - Processing /home/vscode/.local/lib/python3.10/site-packages/airflow/example_dags/tutorial.py took 0.067 seconds
[2024-09-12T06:59:20.205+0000] {processor.py:157} INFO - Started process (PID=15379) to work on /home/vscode/.local/lib/python3.10/site-packages/airflow/example_dags/tutorial.py
[2024-09-12T06:59:20.206+0000] {processor.py:826} INFO - Processing file /home/vscode/.local/lib/python3.10/site-packages/airflow/example_dags/tutorial.py for tasks to queue
[2024-09-12T06:59:20.206+0000] {logging_mixin.py:150} INFO - [2024-09-12T06:59:20.206+0000] {dagbag.py:541} INFO - Filling up the DagBag from /home/vscode/.local/lib/python3.10/site-packages/airflow/example_dags/tutorial.py
[2024-09-12T06:59:20.211+0000] {processor.py:836} INFO - DAG(s) dict_keys(['tutorial']) retrieved from /home/vscode/.local/lib/python3.10/site-packages/airflow/example_dags/tutorial.py
[2024-09-12T06:59:20.222+0000] {logging_mixin.py:150} INFO - [2024-09-12T06:59:20.222+0000] {dag.py:2742} INFO - Sync 1 DAGs
[2024-09-12T06:59:20.236+0000] {logging_mixin.py:150} INFO - [2024-09-12T06:59:20.236+0000] {dag.py:3504} INFO - Setting next_dagrun for tutorial to 2024-09-11T06:59:20.235847+00:00, run_after=2024-09-12T06:59:20.235847+00:00
[2024-09-12T06:59:20.267+0000] {processor.py:179} INFO - Processing /home/vscode/.local/lib/python3.10/site-packages/airflow/example_dags/tutorial.py took 0.064 seconds
[2024-09-12T07:00:02.891+0000] {processor.py:157} INFO - Started process (PID=15663) to work on /home/vscode/.local/lib/python3.10/site-packages/airflow/example_dags/tutorial.py
[2024-09-12T07:00:02.892+0000] {processor.py:826} INFO - Processing file /home/vscode/.local/lib/python3.10/site-packages/airflow/example_dags/tutorial.py for tasks to queue
[2024-09-12T07:00:02.893+0000] {logging_mixin.py:150} INFO - [2024-09-12T07:00:02.892+0000] {dagbag.py:541} INFO - Filling up the DagBag from /home/vscode/.local/lib/python3.10/site-packages/airflow/example_dags/tutorial.py
[2024-09-12T07:00:02.898+0000] {processor.py:836} INFO - DAG(s) dict_keys(['tutorial']) retrieved from /home/vscode/.local/lib/python3.10/site-packages/airflow/example_dags/tutorial.py
[2024-09-12T07:00:02.909+0000] {logging_mixin.py:150} INFO - [2024-09-12T07:00:02.909+0000] {dag.py:2742} INFO - Sync 1 DAGs
[2024-09-12T07:00:02.923+0000] {logging_mixin.py:150} INFO - [2024-09-12T07:00:02.923+0000] {dag.py:3504} INFO - Setting next_dagrun for tutorial to 2024-09-11T07:00:02.923359+00:00, run_after=2024-09-12T07:00:02.923359+00:00
[2024-09-12T07:00:02.955+0000] {processor.py:179} INFO - Processing /home/vscode/.local/lib/python3.10/site-packages/airflow/example_dags/tutorial.py took 0.065 seconds
[2024-09-12T07:00:47.288+0000] {processor.py:157} INFO - Started process (PID=15958) to work on /home/vscode/.local/lib/python3.10/site-packages/airflow/example_dags/tutorial.py
[2024-09-12T07:00:47.288+0000] {processor.py:826} INFO - Processing file /home/vscode/.local/lib/python3.10/site-packages/airflow/example_dags/tutorial.py for tasks to queue
[2024-09-12T07:00:47.289+0000] {logging_mixin.py:150} INFO - [2024-09-12T07:00:47.288+0000] {dagbag.py:541} INFO - Filling up the DagBag from /home/vscode/.local/lib/python3.10/site-packages/airflow/example_dags/tutorial.py
[2024-09-12T07:00:47.294+0000] {processor.py:836} INFO - DAG(s) dict_keys(['tutorial']) retrieved from /home/vscode/.local/lib/python3.10/site-packages/airflow/example_dags/tutorial.py
[2024-09-12T07:00:47.305+0000] {logging_mixin.py:150} INFO - [2024-09-12T07:00:47.305+0000] {dag.py:2742} INFO - Sync 1 DAGs
[2024-09-12T07:00:47.318+0000] {logging_mixin.py:150} INFO - [2024-09-12T07:00:47.318+0000] {dag.py:3504} INFO - Setting next_dagrun for tutorial to 2024-09-11T07:00:47.318377+00:00, run_after=2024-09-12T07:00:47.318377+00:00
[2024-09-12T07:00:47.359+0000] {processor.py:179} INFO - Processing /home/vscode/.local/lib/python3.10/site-packages/airflow/example_dags/tutorial.py took 0.073 seconds
[2024-09-12T07:01:31.599+0000] {processor.py:157} INFO - Started process (PID=16264) to work on /home/vscode/.local/lib/python3.10/site-packages/airflow/example_dags/tutorial.py
[2024-09-12T07:01:31.600+0000] {processor.py:826} INFO - Processing file /home/vscode/.local/lib/python3.10/site-packages/airflow/example_dags/tutorial.py for tasks to queue
[2024-09-12T07:01:31.600+0000] {logging_mixin.py:150} INFO - [2024-09-12T07:01:31.600+0000] {dagbag.py:541} INFO - Filling up the DagBag from /home/vscode/.local/lib/python3.10/site-packages/airflow/example_dags/tutorial.py
[2024-09-12T07:01:31.605+0000] {processor.py:836} INFO - DAG(s) dict_keys(['tutorial']) retrieved from /home/vscode/.local/lib/python3.10/site-packages/airflow/example_dags/tutorial.py
[2024-09-12T07:01:31.616+0000] {logging_mixin.py:150} INFO - [2024-09-12T07:01:31.616+0000] {dag.py:2742} INFO - Sync 1 DAGs
[2024-09-12T07:01:31.630+0000] {logging_mixin.py:150} INFO - [2024-09-12T07:01:31.630+0000] {dag.py:3504} INFO - Setting next_dagrun for tutorial to 2024-09-11T07:01:31.629994+00:00, run_after=2024-09-12T07:01:31.629994+00:00
[2024-09-12T07:01:31.663+0000] {processor.py:179} INFO - Processing /home/vscode/.local/lib/python3.10/site-packages/airflow/example_dags/tutorial.py took 0.066 seconds
[2024-09-12T07:02:10.000+0000] {processor.py:157} INFO - Started process (PID=16526) to work on /home/vscode/.local/lib/python3.10/site-packages/airflow/example_dags/tutorial.py
[2024-09-12T07:02:10.000+0000] {processor.py:826} INFO - Processing file /home/vscode/.local/lib/python3.10/site-packages/airflow/example_dags/tutorial.py for tasks to queue
[2024-09-12T07:02:10.001+0000] {logging_mixin.py:150} INFO - [2024-09-12T07:02:10.001+0000] {dagbag.py:541} INFO - Filling up the DagBag from /home/vscode/.local/lib/python3.10/site-packages/airflow/example_dags/tutorial.py
[2024-09-12T07:02:10.006+0000] {processor.py:836} INFO - DAG(s) dict_keys(['tutorial']) retrieved from /home/vscode/.local/lib/python3.10/site-packages/airflow/example_dags/tutorial.py
[2024-09-12T07:02:10.017+0000] {logging_mixin.py:150} INFO - [2024-09-12T07:02:10.016+0000] {dag.py:2742} INFO - Sync 1 DAGs
[2024-09-12T07:02:10.032+0000] {logging_mixin.py:150} INFO - [2024-09-12T07:02:10.032+0000] {dag.py:3504} INFO - Setting next_dagrun for tutorial to 2024-09-11T07:02:10.031911+00:00, run_after=2024-09-12T07:02:10.031911+00:00
[2024-09-12T07:02:10.076+0000] {processor.py:179} INFO - Processing /home/vscode/.local/lib/python3.10/site-packages/airflow/example_dags/tutorial.py took 0.079 seconds
[2024-09-12T07:02:52.371+0000] {processor.py:157} INFO - Started process (PID=16809) to work on /home/vscode/.local/lib/python3.10/site-packages/airflow/example_dags/tutorial.py
[2024-09-12T07:02:52.371+0000] {processor.py:826} INFO - Processing file /home/vscode/.local/lib/python3.10/site-packages/airflow/example_dags/tutorial.py for tasks to queue
[2024-09-12T07:02:52.372+0000] {logging_mixin.py:150} INFO - [2024-09-12T07:02:52.372+0000] {dagbag.py:541} INFO - Filling up the DagBag from /home/vscode/.local/lib/python3.10/site-packages/airflow/example_dags/tutorial.py
[2024-09-12T07:02:52.378+0000] {processor.py:836} INFO - DAG(s) dict_keys(['tutorial']) retrieved from /home/vscode/.local/lib/python3.10/site-packages/airflow/example_dags/tutorial.py
[2024-09-12T07:02:52.389+0000] {logging_mixin.py:150} INFO - [2024-09-12T07:02:52.389+0000] {dag.py:2742} INFO - Sync 1 DAGs
[2024-09-12T07:02:52.403+0000] {logging_mixin.py:150} INFO - [2024-09-12T07:02:52.403+0000] {dag.py:3504} INFO - Setting next_dagrun for tutorial to 2024-09-11T07:02:52.403049+00:00, run_after=2024-09-12T07:02:52.403049+00:00
[2024-09-12T07:02:52.448+0000] {processor.py:179} INFO - Processing /home/vscode/.local/lib/python3.10/site-packages/airflow/example_dags/tutorial.py took 0.080 seconds
[2024-09-12T07:03:39.422+0000] {processor.py:157} INFO - Started process (PID=17149) to work on /home/vscode/.local/lib/python3.10/site-packages/airflow/example_dags/tutorial.py
[2024-09-12T07:03:39.423+0000] {processor.py:826} INFO - Processing file /home/vscode/.local/lib/python3.10/site-packages/airflow/example_dags/tutorial.py for tasks to queue
[2024-09-12T07:03:39.424+0000] {logging_mixin.py:150} INFO - [2024-09-12T07:03:39.424+0000] {dagbag.py:541} INFO - Filling up the DagBag from /home/vscode/.local/lib/python3.10/site-packages/airflow/example_dags/tutorial.py
[2024-09-12T07:03:39.432+0000] {processor.py:836} INFO - DAG(s) dict_keys(['tutorial']) retrieved from /home/vscode/.local/lib/python3.10/site-packages/airflow/example_dags/tutorial.py
[2024-09-12T07:03:39.449+0000] {logging_mixin.py:150} INFO - [2024-09-12T07:03:39.449+0000] {dag.py:2742} INFO - Sync 1 DAGs
[2024-09-12T07:03:39.466+0000] {logging_mixin.py:150} INFO - [2024-09-12T07:03:39.466+0000] {dag.py:3504} INFO - Setting next_dagrun for tutorial to 2024-09-11T07:03:39.466276+00:00, run_after=2024-09-12T07:03:39.466276+00:00
[2024-09-12T07:03:39.504+0000] {processor.py:179} INFO - Processing /home/vscode/.local/lib/python3.10/site-packages/airflow/example_dags/tutorial.py took 0.085 seconds
[2024-09-12T07:04:16.330+0000] {processor.py:157} INFO - Started process (PID=17436) to work on /home/vscode/.local/lib/python3.10/site-packages/airflow/example_dags/tutorial.py
[2024-09-12T07:04:16.330+0000] {processor.py:826} INFO - Processing file /home/vscode/.local/lib/python3.10/site-packages/airflow/example_dags/tutorial.py for tasks to queue
[2024-09-12T07:04:16.331+0000] {logging_mixin.py:150} INFO - [2024-09-12T07:04:16.331+0000] {dagbag.py:541} INFO - Filling up the DagBag from /home/vscode/.local/lib/python3.10/site-packages/airflow/example_dags/tutorial.py
[2024-09-12T07:04:16.336+0000] {processor.py:836} INFO - DAG(s) dict_keys(['tutorial']) retrieved from /home/vscode/.local/lib/python3.10/site-packages/airflow/example_dags/tutorial.py
[2024-09-12T07:04:16.346+0000] {logging_mixin.py:150} INFO - [2024-09-12T07:04:16.346+0000] {dag.py:2742} INFO - Sync 1 DAGs
[2024-09-12T07:04:16.360+0000] {logging_mixin.py:150} INFO - [2024-09-12T07:04:16.360+0000] {dag.py:3504} INFO - Setting next_dagrun for tutorial to 2024-09-11T07:04:16.360093+00:00, run_after=2024-09-12T07:04:16.360093+00:00
[2024-09-12T07:04:16.411+0000] {processor.py:179} INFO - Processing /home/vscode/.local/lib/python3.10/site-packages/airflow/example_dags/tutorial.py took 0.083 seconds
[2024-09-12T07:05:01.298+0000] {processor.py:157} INFO - Started process (PID=17764) to work on /home/vscode/.local/lib/python3.10/site-packages/airflow/example_dags/tutorial.py
[2024-09-12T07:05:01.298+0000] {processor.py:826} INFO - Processing file /home/vscode/.local/lib/python3.10/site-packages/airflow/example_dags/tutorial.py for tasks to queue
[2024-09-12T07:05:01.299+0000] {logging_mixin.py:150} INFO - [2024-09-12T07:05:01.299+0000] {dagbag.py:541} INFO - Filling up the DagBag from /home/vscode/.local/lib/python3.10/site-packages/airflow/example_dags/tutorial.py
[2024-09-12T07:05:01.306+0000] {processor.py:836} INFO - DAG(s) dict_keys(['tutorial']) retrieved from /home/vscode/.local/lib/python3.10/site-packages/airflow/example_dags/tutorial.py
[2024-09-12T07:05:01.322+0000] {logging_mixin.py:150} INFO - [2024-09-12T07:05:01.321+0000] {dag.py:2742} INFO - Sync 1 DAGs
[2024-09-12T07:05:01.338+0000] {logging_mixin.py:150} INFO - [2024-09-12T07:05:01.337+0000] {dag.py:3504} INFO - Setting next_dagrun for tutorial to 2024-09-11T07:05:01.337803+00:00, run_after=2024-09-12T07:05:01.337803+00:00
[2024-09-12T07:05:01.384+0000] {processor.py:179} INFO - Processing /home/vscode/.local/lib/python3.10/site-packages/airflow/example_dags/tutorial.py took 0.089 seconds
[2024-09-12T07:05:46.103+0000] {processor.py:157} INFO - Started process (PID=18193) to work on /home/vscode/.local/lib/python3.10/site-packages/airflow/example_dags/tutorial.py
[2024-09-12T07:05:46.103+0000] {processor.py:826} INFO - Processing file /home/vscode/.local/lib/python3.10/site-packages/airflow/example_dags/tutorial.py for tasks to queue
[2024-09-12T07:05:46.104+0000] {logging_mixin.py:150} INFO - [2024-09-12T07:05:46.104+0000] {dagbag.py:541} INFO - Filling up the DagBag from /home/vscode/.local/lib/python3.10/site-packages/airflow/example_dags/tutorial.py
[2024-09-12T07:05:46.109+0000] {processor.py:836} INFO - DAG(s) dict_keys(['tutorial']) retrieved from /home/vscode/.local/lib/python3.10/site-packages/airflow/example_dags/tutorial.py
[2024-09-12T07:05:46.120+0000] {logging_mixin.py:150} INFO - [2024-09-12T07:05:46.120+0000] {dag.py:2742} INFO - Sync 1 DAGs
[2024-09-12T07:05:46.134+0000] {logging_mixin.py:150} INFO - [2024-09-12T07:05:46.134+0000] {dag.py:3504} INFO - Setting next_dagrun for tutorial to 2024-09-11T07:05:46.134320+00:00, run_after=2024-09-12T07:05:46.134320+00:00
[2024-09-12T07:05:46.168+0000] {processor.py:179} INFO - Processing /home/vscode/.local/lib/python3.10/site-packages/airflow/example_dags/tutorial.py took 0.067 seconds
[2024-09-12T07:06:30.289+0000] {processor.py:157} INFO - Started process (PID=18540) to work on /home/vscode/.local/lib/python3.10/site-packages/airflow/example_dags/tutorial.py
[2024-09-12T07:06:30.290+0000] {processor.py:826} INFO - Processing file /home/vscode/.local/lib/python3.10/site-packages/airflow/example_dags/tutorial.py for tasks to queue
[2024-09-12T07:06:30.291+0000] {logging_mixin.py:150} INFO - [2024-09-12T07:06:30.290+0000] {dagbag.py:541} INFO - Filling up the DagBag from /home/vscode/.local/lib/python3.10/site-packages/airflow/example_dags/tutorial.py
[2024-09-12T07:06:30.296+0000] {processor.py:836} INFO - DAG(s) dict_keys(['tutorial']) retrieved from /home/vscode/.local/lib/python3.10/site-packages/airflow/example_dags/tutorial.py
[2024-09-12T07:06:30.308+0000] {logging_mixin.py:150} INFO - [2024-09-12T07:06:30.308+0000] {dag.py:2742} INFO - Sync 1 DAGs
[2024-09-12T07:06:30.327+0000] {logging_mixin.py:150} INFO - [2024-09-12T07:06:30.327+0000] {dag.py:3504} INFO - Setting next_dagrun for tutorial to 2024-09-11T07:06:30.327064+00:00, run_after=2024-09-12T07:06:30.327064+00:00
[2024-09-12T07:06:30.369+0000] {processor.py:179} INFO - Processing /home/vscode/.local/lib/python3.10/site-packages/airflow/example_dags/tutorial.py took 0.083 seconds
[2024-09-12T07:07:15.122+0000] {processor.py:157} INFO - Started process (PID=18843) to work on /home/vscode/.local/lib/python3.10/site-packages/airflow/example_dags/tutorial.py
[2024-09-12T07:07:15.123+0000] {processor.py:826} INFO - Processing file /home/vscode/.local/lib/python3.10/site-packages/airflow/example_dags/tutorial.py for tasks to queue
[2024-09-12T07:07:15.123+0000] {logging_mixin.py:150} INFO - [2024-09-12T07:07:15.123+0000] {dagbag.py:541} INFO - Filling up the DagBag from /home/vscode/.local/lib/python3.10/site-packages/airflow/example_dags/tutorial.py
[2024-09-12T07:07:15.128+0000] {processor.py:836} INFO - DAG(s) dict_keys(['tutorial']) retrieved from /home/vscode/.local/lib/python3.10/site-packages/airflow/example_dags/tutorial.py
[2024-09-12T07:07:15.139+0000] {logging_mixin.py:150} INFO - [2024-09-12T07:07:15.139+0000] {dag.py:2742} INFO - Sync 1 DAGs
[2024-09-12T07:07:15.153+0000] {logging_mixin.py:150} INFO - [2024-09-12T07:07:15.153+0000] {dag.py:3504} INFO - Setting next_dagrun for tutorial to 2024-09-11T07:07:15.153200+00:00, run_after=2024-09-12T07:07:15.153200+00:00
[2024-09-12T07:07:15.200+0000] {processor.py:179} INFO - Processing /home/vscode/.local/lib/python3.10/site-packages/airflow/example_dags/tutorial.py took 0.080 seconds
[2024-09-12T07:07:58.244+0000] {processor.py:157} INFO - Started process (PID=19131) to work on /home/vscode/.local/lib/python3.10/site-packages/airflow/example_dags/tutorial.py
[2024-09-12T07:07:58.245+0000] {processor.py:826} INFO - Processing file /home/vscode/.local/lib/python3.10/site-packages/airflow/example_dags/tutorial.py for tasks to queue
[2024-09-12T07:07:58.246+0000] {logging_mixin.py:150} INFO - [2024-09-12T07:07:58.245+0000] {dagbag.py:541} INFO - Filling up the DagBag from /home/vscode/.local/lib/python3.10/site-packages/airflow/example_dags/tutorial.py
[2024-09-12T07:07:58.250+0000] {processor.py:836} INFO - DAG(s) dict_keys(['tutorial']) retrieved from /home/vscode/.local/lib/python3.10/site-packages/airflow/example_dags/tutorial.py
[2024-09-12T07:07:58.261+0000] {logging_mixin.py:150} INFO - [2024-09-12T07:07:58.261+0000] {dag.py:2742} INFO - Sync 1 DAGs
[2024-09-12T07:07:58.275+0000] {logging_mixin.py:150} INFO - [2024-09-12T07:07:58.275+0000] {dag.py:3504} INFO - Setting next_dagrun for tutorial to 2024-09-11T07:07:58.275001+00:00, run_after=2024-09-12T07:07:58.275001+00:00
[2024-09-12T07:07:58.305+0000] {processor.py:179} INFO - Processing /home/vscode/.local/lib/python3.10/site-packages/airflow/example_dags/tutorial.py took 0.063 seconds
[2024-09-12T07:08:42.146+0000] {processor.py:157} INFO - Started process (PID=19523) to work on /home/vscode/.local/lib/python3.10/site-packages/airflow/example_dags/tutorial.py
[2024-09-12T07:08:42.147+0000] {processor.py:826} INFO - Processing file /home/vscode/.local/lib/python3.10/site-packages/airflow/example_dags/tutorial.py for tasks to queue
[2024-09-12T07:08:42.148+0000] {logging_mixin.py:150} INFO - [2024-09-12T07:08:42.147+0000] {dagbag.py:541} INFO - Filling up the DagBag from /home/vscode/.local/lib/python3.10/site-packages/airflow/example_dags/tutorial.py
[2024-09-12T07:08:42.155+0000] {processor.py:836} INFO - DAG(s) dict_keys(['tutorial']) retrieved from /home/vscode/.local/lib/python3.10/site-packages/airflow/example_dags/tutorial.py
[2024-09-12T07:08:42.170+0000] {logging_mixin.py:150} INFO - [2024-09-12T07:08:42.170+0000] {dag.py:2742} INFO - Sync 1 DAGs
[2024-09-12T07:08:42.191+0000] {logging_mixin.py:150} INFO - [2024-09-12T07:08:42.190+0000] {dag.py:3504} INFO - Setting next_dagrun for tutorial to 2024-09-11T07:08:42.190715+00:00, run_after=2024-09-12T07:08:42.190715+00:00
[2024-09-12T07:08:42.257+0000] {processor.py:179} INFO - Processing /home/vscode/.local/lib/python3.10/site-packages/airflow/example_dags/tutorial.py took 0.114 seconds
[2024-09-12T07:09:29.244+0000] {processor.py:157} INFO - Started process (PID=19868) to work on /home/vscode/.local/lib/python3.10/site-packages/airflow/example_dags/tutorial.py
[2024-09-12T07:09:29.245+0000] {processor.py:826} INFO - Processing file /home/vscode/.local/lib/python3.10/site-packages/airflow/example_dags/tutorial.py for tasks to queue
[2024-09-12T07:09:29.245+0000] {logging_mixin.py:150} INFO - [2024-09-12T07:09:29.245+0000] {dagbag.py:541} INFO - Filling up the DagBag from /home/vscode/.local/lib/python3.10/site-packages/airflow/example_dags/tutorial.py
[2024-09-12T07:09:29.251+0000] {processor.py:836} INFO - DAG(s) dict_keys(['tutorial']) retrieved from /home/vscode/.local/lib/python3.10/site-packages/airflow/example_dags/tutorial.py
[2024-09-12T07:09:29.262+0000] {logging_mixin.py:150} INFO - [2024-09-12T07:09:29.262+0000] {dag.py:2742} INFO - Sync 1 DAGs
[2024-09-12T07:09:29.276+0000] {logging_mixin.py:150} INFO - [2024-09-12T07:09:29.276+0000] {dag.py:3504} INFO - Setting next_dagrun for tutorial to 2024-09-11T07:09:29.276349+00:00, run_after=2024-09-12T07:09:29.276349+00:00
[2024-09-12T07:09:29.307+0000] {processor.py:179} INFO - Processing /home/vscode/.local/lib/python3.10/site-packages/airflow/example_dags/tutorial.py took 0.065 seconds
[2024-09-12T07:10:13.309+0000] {processor.py:157} INFO - Started process (PID=20193) to work on /home/vscode/.local/lib/python3.10/site-packages/airflow/example_dags/tutorial.py
[2024-09-12T07:10:13.310+0000] {processor.py:826} INFO - Processing file /home/vscode/.local/lib/python3.10/site-packages/airflow/example_dags/tutorial.py for tasks to queue
[2024-09-12T07:10:13.310+0000] {logging_mixin.py:150} INFO - [2024-09-12T07:10:13.310+0000] {dagbag.py:541} INFO - Filling up the DagBag from /home/vscode/.local/lib/python3.10/site-packages/airflow/example_dags/tutorial.py
[2024-09-12T07:10:13.315+0000] {processor.py:836} INFO - DAG(s) dict_keys(['tutorial']) retrieved from /home/vscode/.local/lib/python3.10/site-packages/airflow/example_dags/tutorial.py
[2024-09-12T07:10:13.326+0000] {logging_mixin.py:150} INFO - [2024-09-12T07:10:13.326+0000] {dag.py:2742} INFO - Sync 1 DAGs
[2024-09-12T07:10:13.340+0000] {logging_mixin.py:150} INFO - [2024-09-12T07:10:13.340+0000] {dag.py:3504} INFO - Setting next_dagrun for tutorial to 2024-09-11T07:10:13.340571+00:00, run_after=2024-09-12T07:10:13.340571+00:00
[2024-09-12T07:10:13.375+0000] {processor.py:179} INFO - Processing /home/vscode/.local/lib/python3.10/site-packages/airflow/example_dags/tutorial.py took 0.068 seconds
