[2024-09-12T06:38:47.503+0000] {processor.py:157} INFO - Started process (PID=6921) to work on /home/vscode/.local/lib/python3.10/site-packages/airflow/example_dags/tutorial_taskflow_api_virtualenv.py
[2024-09-12T06:38:47.504+0000] {processor.py:826} INFO - Processing file /home/vscode/.local/lib/python3.10/site-packages/airflow/example_dags/tutorial_taskflow_api_virtualenv.py for tasks to queue
[2024-09-12T06:38:47.504+0000] {logging_mixin.py:150} INFO - [2024-09-12T06:38:47.504+0000] {dagbag.py:541} INFO - Filling up the DagBag from /home/vscode/.local/lib/python3.10/site-packages/airflow/example_dags/tutorial_taskflow_api_virtualenv.py
[2024-09-12T06:38:47.511+0000] {processor.py:836} INFO - DAG(s) dict_keys(['tutorial_taskflow_api_virtualenv']) retrieved from /home/vscode/.local/lib/python3.10/site-packages/airflow/example_dags/tutorial_taskflow_api_virtualenv.py
[2024-09-12T06:38:47.717+0000] {logging_mixin.py:150} INFO - [2024-09-12T06:38:47.717+0000] {manager.py:504} INFO - Created Permission View: can edit on DAG:tutorial_taskflow_api_virtualenv
[2024-09-12T06:38:47.745+0000] {logging_mixin.py:150} INFO - [2024-09-12T06:38:47.745+0000] {manager.py:504} INFO - Created Permission View: can read on DAG:tutorial_taskflow_api_virtualenv
[2024-09-12T06:38:47.774+0000] {logging_mixin.py:150} INFO - [2024-09-12T06:38:47.774+0000] {manager.py:504} INFO - Created Permission View: can delete on DAG:tutorial_taskflow_api_virtualenv
[2024-09-12T06:38:47.782+0000] {logging_mixin.py:150} INFO - [2024-09-12T06:38:47.782+0000] {dag.py:2742} INFO - Sync 1 DAGs
[2024-09-12T06:38:47.790+0000] {logging_mixin.py:150} INFO - [2024-09-12T06:38:47.790+0000] {dag.py:2763} INFO - Creating ORM DAG for tutorial_taskflow_api_virtualenv
[2024-09-12T06:38:47.796+0000] {logging_mixin.py:150} INFO - [2024-09-12T06:38:47.796+0000] {dag.py:3504} INFO - Setting next_dagrun for tutorial_taskflow_api_virtualenv to None, run_after=None
[2024-09-12T06:38:47.852+0000] {processor.py:179} INFO - Processing /home/vscode/.local/lib/python3.10/site-packages/airflow/example_dags/tutorial_taskflow_api_virtualenv.py took 0.351 seconds
[2024-09-12T06:39:19.861+0000] {processor.py:157} INFO - Started process (PID=7300) to work on /home/vscode/.local/lib/python3.10/site-packages/airflow/example_dags/tutorial_taskflow_api_virtualenv.py
[2024-09-12T06:39:19.862+0000] {processor.py:826} INFO - Processing file /home/vscode/.local/lib/python3.10/site-packages/airflow/example_dags/tutorial_taskflow_api_virtualenv.py for tasks to queue
[2024-09-12T06:39:19.863+0000] {logging_mixin.py:150} INFO - [2024-09-12T06:39:19.862+0000] {dagbag.py:541} INFO - Filling up the DagBag from /home/vscode/.local/lib/python3.10/site-packages/airflow/example_dags/tutorial_taskflow_api_virtualenv.py
[2024-09-12T06:39:19.869+0000] {processor.py:836} INFO - DAG(s) dict_keys(['tutorial_taskflow_api_virtualenv']) retrieved from /home/vscode/.local/lib/python3.10/site-packages/airflow/example_dags/tutorial_taskflow_api_virtualenv.py
[2024-09-12T06:39:19.886+0000] {logging_mixin.py:150} INFO - [2024-09-12T06:39:19.885+0000] {dag.py:2742} INFO - Sync 1 DAGs
[2024-09-12T06:39:19.975+0000] {logging_mixin.py:150} INFO - [2024-09-12T06:39:19.975+0000] {dag.py:3504} INFO - Setting next_dagrun for tutorial_taskflow_api_virtualenv to None, run_after=None
[2024-09-12T06:39:20.013+0000] {processor.py:179} INFO - Processing /home/vscode/.local/lib/python3.10/site-packages/airflow/example_dags/tutorial_taskflow_api_virtualenv.py took 0.153 seconds
[2024-09-12T06:40:16.344+0000] {processor.py:157} INFO - Started process (PID=7686) to work on /home/vscode/.local/lib/python3.10/site-packages/airflow/example_dags/tutorial_taskflow_api_virtualenv.py
[2024-09-12T06:40:16.344+0000] {processor.py:826} INFO - Processing file /home/vscode/.local/lib/python3.10/site-packages/airflow/example_dags/tutorial_taskflow_api_virtualenv.py for tasks to queue
[2024-09-12T06:40:16.345+0000] {logging_mixin.py:150} INFO - [2024-09-12T06:40:16.344+0000] {dagbag.py:541} INFO - Filling up the DagBag from /home/vscode/.local/lib/python3.10/site-packages/airflow/example_dags/tutorial_taskflow_api_virtualenv.py
[2024-09-12T06:40:16.350+0000] {processor.py:836} INFO - DAG(s) dict_keys(['tutorial_taskflow_api_virtualenv']) retrieved from /home/vscode/.local/lib/python3.10/site-packages/airflow/example_dags/tutorial_taskflow_api_virtualenv.py
[2024-09-12T06:40:16.361+0000] {logging_mixin.py:150} INFO - [2024-09-12T06:40:16.361+0000] {dag.py:2742} INFO - Sync 1 DAGs
[2024-09-12T06:40:16.375+0000] {logging_mixin.py:150} INFO - [2024-09-12T06:40:16.375+0000] {dag.py:3504} INFO - Setting next_dagrun for tutorial_taskflow_api_virtualenv to None, run_after=None
[2024-09-12T06:40:16.406+0000] {processor.py:179} INFO - Processing /home/vscode/.local/lib/python3.10/site-packages/airflow/example_dags/tutorial_taskflow_api_virtualenv.py took 0.064 seconds
[2024-09-12T06:40:57.610+0000] {processor.py:157} INFO - Started process (PID=7956) to work on /home/vscode/.local/lib/python3.10/site-packages/airflow/example_dags/tutorial_taskflow_api_virtualenv.py
[2024-09-12T06:40:57.611+0000] {processor.py:826} INFO - Processing file /home/vscode/.local/lib/python3.10/site-packages/airflow/example_dags/tutorial_taskflow_api_virtualenv.py for tasks to queue
[2024-09-12T06:40:57.611+0000] {logging_mixin.py:150} INFO - [2024-09-12T06:40:57.611+0000] {dagbag.py:541} INFO - Filling up the DagBag from /home/vscode/.local/lib/python3.10/site-packages/airflow/example_dags/tutorial_taskflow_api_virtualenv.py
[2024-09-12T06:40:57.616+0000] {processor.py:836} INFO - DAG(s) dict_keys(['tutorial_taskflow_api_virtualenv']) retrieved from /home/vscode/.local/lib/python3.10/site-packages/airflow/example_dags/tutorial_taskflow_api_virtualenv.py
[2024-09-12T06:40:57.628+0000] {logging_mixin.py:150} INFO - [2024-09-12T06:40:57.628+0000] {dag.py:2742} INFO - Sync 1 DAGs
[2024-09-12T06:40:57.641+0000] {logging_mixin.py:150} INFO - [2024-09-12T06:40:57.641+0000] {dag.py:3504} INFO - Setting next_dagrun for tutorial_taskflow_api_virtualenv to None, run_after=None
[2024-09-12T06:40:57.677+0000] {processor.py:179} INFO - Processing /home/vscode/.local/lib/python3.10/site-packages/airflow/example_dags/tutorial_taskflow_api_virtualenv.py took 0.069 seconds
[2024-09-12T06:41:39.980+0000] {processor.py:157} INFO - Started process (PID=8244) to work on /home/vscode/.local/lib/python3.10/site-packages/airflow/example_dags/tutorial_taskflow_api_virtualenv.py
[2024-09-12T06:41:39.980+0000] {processor.py:826} INFO - Processing file /home/vscode/.local/lib/python3.10/site-packages/airflow/example_dags/tutorial_taskflow_api_virtualenv.py for tasks to queue
[2024-09-12T06:41:39.981+0000] {logging_mixin.py:150} INFO - [2024-09-12T06:41:39.980+0000] {dagbag.py:541} INFO - Filling up the DagBag from /home/vscode/.local/lib/python3.10/site-packages/airflow/example_dags/tutorial_taskflow_api_virtualenv.py
[2024-09-12T06:41:39.986+0000] {processor.py:836} INFO - DAG(s) dict_keys(['tutorial_taskflow_api_virtualenv']) retrieved from /home/vscode/.local/lib/python3.10/site-packages/airflow/example_dags/tutorial_taskflow_api_virtualenv.py
[2024-09-12T06:41:39.997+0000] {logging_mixin.py:150} INFO - [2024-09-12T06:41:39.997+0000] {dag.py:2742} INFO - Sync 1 DAGs
[2024-09-12T06:41:40.010+0000] {logging_mixin.py:150} INFO - [2024-09-12T06:41:40.010+0000] {dag.py:3504} INFO - Setting next_dagrun for tutorial_taskflow_api_virtualenv to None, run_after=None
[2024-09-12T06:41:40.044+0000] {processor.py:179} INFO - Processing /home/vscode/.local/lib/python3.10/site-packages/airflow/example_dags/tutorial_taskflow_api_virtualenv.py took 0.066 seconds
[2024-09-12T06:42:26.335+0000] {processor.py:157} INFO - Started process (PID=8552) to work on /home/vscode/.local/lib/python3.10/site-packages/airflow/example_dags/tutorial_taskflow_api_virtualenv.py
[2024-09-12T06:42:26.336+0000] {processor.py:826} INFO - Processing file /home/vscode/.local/lib/python3.10/site-packages/airflow/example_dags/tutorial_taskflow_api_virtualenv.py for tasks to queue
[2024-09-12T06:42:26.336+0000] {logging_mixin.py:150} INFO - [2024-09-12T06:42:26.336+0000] {dagbag.py:541} INFO - Filling up the DagBag from /home/vscode/.local/lib/python3.10/site-packages/airflow/example_dags/tutorial_taskflow_api_virtualenv.py
[2024-09-12T06:42:26.341+0000] {processor.py:836} INFO - DAG(s) dict_keys(['tutorial_taskflow_api_virtualenv']) retrieved from /home/vscode/.local/lib/python3.10/site-packages/airflow/example_dags/tutorial_taskflow_api_virtualenv.py
[2024-09-12T06:42:26.352+0000] {logging_mixin.py:150} INFO - [2024-09-12T06:42:26.352+0000] {dag.py:2742} INFO - Sync 1 DAGs
[2024-09-12T06:42:26.366+0000] {logging_mixin.py:150} INFO - [2024-09-12T06:42:26.365+0000] {dag.py:3504} INFO - Setting next_dagrun for tutorial_taskflow_api_virtualenv to None, run_after=None
[2024-09-12T06:42:26.409+0000] {processor.py:179} INFO - Processing /home/vscode/.local/lib/python3.10/site-packages/airflow/example_dags/tutorial_taskflow_api_virtualenv.py took 0.076 seconds
[2024-09-12T06:43:09.824+0000] {processor.py:157} INFO - Started process (PID=8850) to work on /home/vscode/.local/lib/python3.10/site-packages/airflow/example_dags/tutorial_taskflow_api_virtualenv.py
[2024-09-12T06:43:09.824+0000] {processor.py:826} INFO - Processing file /home/vscode/.local/lib/python3.10/site-packages/airflow/example_dags/tutorial_taskflow_api_virtualenv.py for tasks to queue
[2024-09-12T06:43:09.825+0000] {logging_mixin.py:150} INFO - [2024-09-12T06:43:09.825+0000] {dagbag.py:541} INFO - Filling up the DagBag from /home/vscode/.local/lib/python3.10/site-packages/airflow/example_dags/tutorial_taskflow_api_virtualenv.py
[2024-09-12T06:43:09.830+0000] {processor.py:836} INFO - DAG(s) dict_keys(['tutorial_taskflow_api_virtualenv']) retrieved from /home/vscode/.local/lib/python3.10/site-packages/airflow/example_dags/tutorial_taskflow_api_virtualenv.py
[2024-09-12T06:43:09.841+0000] {logging_mixin.py:150} INFO - [2024-09-12T06:43:09.841+0000] {dag.py:2742} INFO - Sync 1 DAGs
[2024-09-12T06:43:09.855+0000] {logging_mixin.py:150} INFO - [2024-09-12T06:43:09.855+0000] {dag.py:3504} INFO - Setting next_dagrun for tutorial_taskflow_api_virtualenv to None, run_after=None
[2024-09-12T06:43:09.896+0000] {processor.py:179} INFO - Processing /home/vscode/.local/lib/python3.10/site-packages/airflow/example_dags/tutorial_taskflow_api_virtualenv.py took 0.074 seconds
[2024-09-12T06:43:52.850+0000] {processor.py:157} INFO - Started process (PID=9146) to work on /home/vscode/.local/lib/python3.10/site-packages/airflow/example_dags/tutorial_taskflow_api_virtualenv.py
[2024-09-12T06:43:52.851+0000] {processor.py:826} INFO - Processing file /home/vscode/.local/lib/python3.10/site-packages/airflow/example_dags/tutorial_taskflow_api_virtualenv.py for tasks to queue
[2024-09-12T06:43:52.851+0000] {logging_mixin.py:150} INFO - [2024-09-12T06:43:52.851+0000] {dagbag.py:541} INFO - Filling up the DagBag from /home/vscode/.local/lib/python3.10/site-packages/airflow/example_dags/tutorial_taskflow_api_virtualenv.py
[2024-09-12T06:43:52.856+0000] {processor.py:836} INFO - DAG(s) dict_keys(['tutorial_taskflow_api_virtualenv']) retrieved from /home/vscode/.local/lib/python3.10/site-packages/airflow/example_dags/tutorial_taskflow_api_virtualenv.py
[2024-09-12T06:43:52.867+0000] {logging_mixin.py:150} INFO - [2024-09-12T06:43:52.867+0000] {dag.py:2742} INFO - Sync 1 DAGs
[2024-09-12T06:43:52.881+0000] {logging_mixin.py:150} INFO - [2024-09-12T06:43:52.880+0000] {dag.py:3504} INFO - Setting next_dagrun for tutorial_taskflow_api_virtualenv to None, run_after=None
[2024-09-12T06:43:52.936+0000] {processor.py:179} INFO - Processing /home/vscode/.local/lib/python3.10/site-packages/airflow/example_dags/tutorial_taskflow_api_virtualenv.py took 0.088 seconds
[2024-09-12T06:44:33.063+0000] {processor.py:157} INFO - Started process (PID=9410) to work on /home/vscode/.local/lib/python3.10/site-packages/airflow/example_dags/tutorial_taskflow_api_virtualenv.py
[2024-09-12T06:44:33.064+0000] {processor.py:826} INFO - Processing file /home/vscode/.local/lib/python3.10/site-packages/airflow/example_dags/tutorial_taskflow_api_virtualenv.py for tasks to queue
[2024-09-12T06:44:33.065+0000] {logging_mixin.py:150} INFO - [2024-09-12T06:44:33.065+0000] {dagbag.py:541} INFO - Filling up the DagBag from /home/vscode/.local/lib/python3.10/site-packages/airflow/example_dags/tutorial_taskflow_api_virtualenv.py
[2024-09-12T06:44:33.071+0000] {processor.py:836} INFO - DAG(s) dict_keys(['tutorial_taskflow_api_virtualenv']) retrieved from /home/vscode/.local/lib/python3.10/site-packages/airflow/example_dags/tutorial_taskflow_api_virtualenv.py
[2024-09-12T06:44:33.087+0000] {logging_mixin.py:150} INFO - [2024-09-12T06:44:33.086+0000] {dag.py:2742} INFO - Sync 1 DAGs
[2024-09-12T06:44:33.105+0000] {logging_mixin.py:150} INFO - [2024-09-12T06:44:33.104+0000] {dag.py:3504} INFO - Setting next_dagrun for tutorial_taskflow_api_virtualenv to None, run_after=None
[2024-09-12T06:44:33.142+0000] {processor.py:179} INFO - Processing /home/vscode/.local/lib/python3.10/site-packages/airflow/example_dags/tutorial_taskflow_api_virtualenv.py took 0.082 seconds
[2024-09-12T06:45:18.105+0000] {processor.py:157} INFO - Started process (PID=9718) to work on /home/vscode/.local/lib/python3.10/site-packages/airflow/example_dags/tutorial_taskflow_api_virtualenv.py
[2024-09-12T06:45:18.106+0000] {processor.py:826} INFO - Processing file /home/vscode/.local/lib/python3.10/site-packages/airflow/example_dags/tutorial_taskflow_api_virtualenv.py for tasks to queue
[2024-09-12T06:45:18.106+0000] {logging_mixin.py:150} INFO - [2024-09-12T06:45:18.106+0000] {dagbag.py:541} INFO - Filling up the DagBag from /home/vscode/.local/lib/python3.10/site-packages/airflow/example_dags/tutorial_taskflow_api_virtualenv.py
[2024-09-12T06:45:18.111+0000] {processor.py:836} INFO - DAG(s) dict_keys(['tutorial_taskflow_api_virtualenv']) retrieved from /home/vscode/.local/lib/python3.10/site-packages/airflow/example_dags/tutorial_taskflow_api_virtualenv.py
[2024-09-12T06:45:18.122+0000] {logging_mixin.py:150} INFO - [2024-09-12T06:45:18.122+0000] {dag.py:2742} INFO - Sync 1 DAGs
[2024-09-12T06:45:18.135+0000] {logging_mixin.py:150} INFO - [2024-09-12T06:45:18.135+0000] {dag.py:3504} INFO - Setting next_dagrun for tutorial_taskflow_api_virtualenv to None, run_after=None
[2024-09-12T06:45:18.180+0000] {processor.py:179} INFO - Processing /home/vscode/.local/lib/python3.10/site-packages/airflow/example_dags/tutorial_taskflow_api_virtualenv.py took 0.078 seconds
[2024-09-12T06:45:49.865+0000] {processor.py:157} INFO - Started process (PID=9920) to work on /home/vscode/.local/lib/python3.10/site-packages/airflow/example_dags/tutorial_taskflow_api_virtualenv.py
[2024-09-12T06:45:49.866+0000] {processor.py:826} INFO - Processing file /home/vscode/.local/lib/python3.10/site-packages/airflow/example_dags/tutorial_taskflow_api_virtualenv.py for tasks to queue
[2024-09-12T06:45:49.866+0000] {logging_mixin.py:150} INFO - [2024-09-12T06:45:49.866+0000] {dagbag.py:541} INFO - Filling up the DagBag from /home/vscode/.local/lib/python3.10/site-packages/airflow/example_dags/tutorial_taskflow_api_virtualenv.py
[2024-09-12T06:45:49.871+0000] {processor.py:836} INFO - DAG(s) dict_keys(['tutorial_taskflow_api_virtualenv']) retrieved from /home/vscode/.local/lib/python3.10/site-packages/airflow/example_dags/tutorial_taskflow_api_virtualenv.py
[2024-09-12T06:45:49.882+0000] {logging_mixin.py:150} INFO - [2024-09-12T06:45:49.882+0000] {dag.py:2742} INFO - Sync 1 DAGs
[2024-09-12T06:45:49.896+0000] {logging_mixin.py:150} INFO - [2024-09-12T06:45:49.896+0000] {dag.py:3504} INFO - Setting next_dagrun for tutorial_taskflow_api_virtualenv to None, run_after=None
[2024-09-12T06:45:49.927+0000] {processor.py:179} INFO - Processing /home/vscode/.local/lib/python3.10/site-packages/airflow/example_dags/tutorial_taskflow_api_virtualenv.py took 0.064 seconds
[2024-09-12T06:46:33.761+0000] {processor.py:157} INFO - Started process (PID=10220) to work on /home/vscode/.local/lib/python3.10/site-packages/airflow/example_dags/tutorial_taskflow_api_virtualenv.py
[2024-09-12T06:46:33.761+0000] {processor.py:826} INFO - Processing file /home/vscode/.local/lib/python3.10/site-packages/airflow/example_dags/tutorial_taskflow_api_virtualenv.py for tasks to queue
[2024-09-12T06:46:33.762+0000] {logging_mixin.py:150} INFO - [2024-09-12T06:46:33.762+0000] {dagbag.py:541} INFO - Filling up the DagBag from /home/vscode/.local/lib/python3.10/site-packages/airflow/example_dags/tutorial_taskflow_api_virtualenv.py
[2024-09-12T06:46:33.767+0000] {processor.py:836} INFO - DAG(s) dict_keys(['tutorial_taskflow_api_virtualenv']) retrieved from /home/vscode/.local/lib/python3.10/site-packages/airflow/example_dags/tutorial_taskflow_api_virtualenv.py
[2024-09-12T06:46:33.779+0000] {logging_mixin.py:150} INFO - [2024-09-12T06:46:33.778+0000] {dag.py:2742} INFO - Sync 1 DAGs
[2024-09-12T06:46:33.792+0000] {logging_mixin.py:150} INFO - [2024-09-12T06:46:33.792+0000] {dag.py:3504} INFO - Setting next_dagrun for tutorial_taskflow_api_virtualenv to None, run_after=None
[2024-09-12T06:46:33.825+0000] {processor.py:179} INFO - Processing /home/vscode/.local/lib/python3.10/site-packages/airflow/example_dags/tutorial_taskflow_api_virtualenv.py took 0.067 seconds
[2024-09-12T06:47:19.636+0000] {processor.py:157} INFO - Started process (PID=10526) to work on /home/vscode/.local/lib/python3.10/site-packages/airflow/example_dags/tutorial_taskflow_api_virtualenv.py
[2024-09-12T06:47:19.637+0000] {processor.py:826} INFO - Processing file /home/vscode/.local/lib/python3.10/site-packages/airflow/example_dags/tutorial_taskflow_api_virtualenv.py for tasks to queue
[2024-09-12T06:47:19.638+0000] {logging_mixin.py:150} INFO - [2024-09-12T06:47:19.637+0000] {dagbag.py:541} INFO - Filling up the DagBag from /home/vscode/.local/lib/python3.10/site-packages/airflow/example_dags/tutorial_taskflow_api_virtualenv.py
[2024-09-12T06:47:19.643+0000] {processor.py:836} INFO - DAG(s) dict_keys(['tutorial_taskflow_api_virtualenv']) retrieved from /home/vscode/.local/lib/python3.10/site-packages/airflow/example_dags/tutorial_taskflow_api_virtualenv.py
[2024-09-12T06:47:19.654+0000] {logging_mixin.py:150} INFO - [2024-09-12T06:47:19.654+0000] {dag.py:2742} INFO - Sync 1 DAGs
[2024-09-12T06:47:19.667+0000] {logging_mixin.py:150} INFO - [2024-09-12T06:47:19.667+0000] {dag.py:3504} INFO - Setting next_dagrun for tutorial_taskflow_api_virtualenv to None, run_after=None
[2024-09-12T06:47:19.702+0000] {processor.py:179} INFO - Processing /home/vscode/.local/lib/python3.10/site-packages/airflow/example_dags/tutorial_taskflow_api_virtualenv.py took 0.068 seconds
[2024-09-12T06:48:04.531+0000] {processor.py:157} INFO - Started process (PID=10829) to work on /home/vscode/.local/lib/python3.10/site-packages/airflow/example_dags/tutorial_taskflow_api_virtualenv.py
[2024-09-12T06:48:04.531+0000] {processor.py:826} INFO - Processing file /home/vscode/.local/lib/python3.10/site-packages/airflow/example_dags/tutorial_taskflow_api_virtualenv.py for tasks to queue
[2024-09-12T06:48:04.532+0000] {logging_mixin.py:150} INFO - [2024-09-12T06:48:04.532+0000] {dagbag.py:541} INFO - Filling up the DagBag from /home/vscode/.local/lib/python3.10/site-packages/airflow/example_dags/tutorial_taskflow_api_virtualenv.py
[2024-09-12T06:48:04.537+0000] {processor.py:836} INFO - DAG(s) dict_keys(['tutorial_taskflow_api_virtualenv']) retrieved from /home/vscode/.local/lib/python3.10/site-packages/airflow/example_dags/tutorial_taskflow_api_virtualenv.py
[2024-09-12T06:48:04.548+0000] {logging_mixin.py:150} INFO - [2024-09-12T06:48:04.548+0000] {dag.py:2742} INFO - Sync 1 DAGs
[2024-09-12T06:48:04.562+0000] {logging_mixin.py:150} INFO - [2024-09-12T06:48:04.562+0000] {dag.py:3504} INFO - Setting next_dagrun for tutorial_taskflow_api_virtualenv to None, run_after=None
[2024-09-12T06:48:04.600+0000] {processor.py:179} INFO - Processing /home/vscode/.local/lib/python3.10/site-packages/airflow/example_dags/tutorial_taskflow_api_virtualenv.py took 0.072 seconds
[2024-09-12T06:48:44.568+0000] {processor.py:157} INFO - Started process (PID=11105) to work on /home/vscode/.local/lib/python3.10/site-packages/airflow/example_dags/tutorial_taskflow_api_virtualenv.py
[2024-09-12T06:48:44.569+0000] {processor.py:826} INFO - Processing file /home/vscode/.local/lib/python3.10/site-packages/airflow/example_dags/tutorial_taskflow_api_virtualenv.py for tasks to queue
[2024-09-12T06:48:44.570+0000] {logging_mixin.py:150} INFO - [2024-09-12T06:48:44.569+0000] {dagbag.py:541} INFO - Filling up the DagBag from /home/vscode/.local/lib/python3.10/site-packages/airflow/example_dags/tutorial_taskflow_api_virtualenv.py
[2024-09-12T06:48:44.577+0000] {processor.py:836} INFO - DAG(s) dict_keys(['tutorial_taskflow_api_virtualenv']) retrieved from /home/vscode/.local/lib/python3.10/site-packages/airflow/example_dags/tutorial_taskflow_api_virtualenv.py
[2024-09-12T06:48:44.594+0000] {logging_mixin.py:150} INFO - [2024-09-12T06:48:44.594+0000] {dag.py:2742} INFO - Sync 1 DAGs
[2024-09-12T06:48:44.614+0000] {logging_mixin.py:150} INFO - [2024-09-12T06:48:44.614+0000] {dag.py:3504} INFO - Setting next_dagrun for tutorial_taskflow_api_virtualenv to None, run_after=None
[2024-09-12T06:48:44.646+0000] {processor.py:179} INFO - Processing /home/vscode/.local/lib/python3.10/site-packages/airflow/example_dags/tutorial_taskflow_api_virtualenv.py took 0.081 seconds
[2024-09-12T06:49:17.172+0000] {processor.py:157} INFO - Started process (PID=11321) to work on /home/vscode/.local/lib/python3.10/site-packages/airflow/example_dags/tutorial_taskflow_api_virtualenv.py
[2024-09-12T06:49:17.172+0000] {processor.py:826} INFO - Processing file /home/vscode/.local/lib/python3.10/site-packages/airflow/example_dags/tutorial_taskflow_api_virtualenv.py for tasks to queue
[2024-09-12T06:49:17.173+0000] {logging_mixin.py:150} INFO - [2024-09-12T06:49:17.173+0000] {dagbag.py:541} INFO - Filling up the DagBag from /home/vscode/.local/lib/python3.10/site-packages/airflow/example_dags/tutorial_taskflow_api_virtualenv.py
[2024-09-12T06:49:17.178+0000] {processor.py:836} INFO - DAG(s) dict_keys(['tutorial_taskflow_api_virtualenv']) retrieved from /home/vscode/.local/lib/python3.10/site-packages/airflow/example_dags/tutorial_taskflow_api_virtualenv.py
[2024-09-12T06:49:17.190+0000] {logging_mixin.py:150} INFO - [2024-09-12T06:49:17.190+0000] {dag.py:2742} INFO - Sync 1 DAGs
[2024-09-12T06:49:17.205+0000] {logging_mixin.py:150} INFO - [2024-09-12T06:49:17.205+0000] {dag.py:3504} INFO - Setting next_dagrun for tutorial_taskflow_api_virtualenv to None, run_after=None
[2024-09-12T06:49:17.237+0000] {processor.py:179} INFO - Processing /home/vscode/.local/lib/python3.10/site-packages/airflow/example_dags/tutorial_taskflow_api_virtualenv.py took 0.067 seconds
[2024-09-12T06:49:56.556+0000] {processor.py:157} INFO - Started process (PID=11591) to work on /home/vscode/.local/lib/python3.10/site-packages/airflow/example_dags/tutorial_taskflow_api_virtualenv.py
[2024-09-12T06:49:56.556+0000] {processor.py:826} INFO - Processing file /home/vscode/.local/lib/python3.10/site-packages/airflow/example_dags/tutorial_taskflow_api_virtualenv.py for tasks to queue
[2024-09-12T06:49:56.557+0000] {logging_mixin.py:150} INFO - [2024-09-12T06:49:56.556+0000] {dagbag.py:541} INFO - Filling up the DagBag from /home/vscode/.local/lib/python3.10/site-packages/airflow/example_dags/tutorial_taskflow_api_virtualenv.py
[2024-09-12T06:49:56.561+0000] {processor.py:836} INFO - DAG(s) dict_keys(['tutorial_taskflow_api_virtualenv']) retrieved from /home/vscode/.local/lib/python3.10/site-packages/airflow/example_dags/tutorial_taskflow_api_virtualenv.py
[2024-09-12T06:49:56.572+0000] {logging_mixin.py:150} INFO - [2024-09-12T06:49:56.572+0000] {dag.py:2742} INFO - Sync 1 DAGs
[2024-09-12T06:49:56.586+0000] {logging_mixin.py:150} INFO - [2024-09-12T06:49:56.586+0000] {dag.py:3504} INFO - Setting next_dagrun for tutorial_taskflow_api_virtualenv to None, run_after=None
[2024-09-12T06:49:56.621+0000] {processor.py:179} INFO - Processing /home/vscode/.local/lib/python3.10/site-packages/airflow/example_dags/tutorial_taskflow_api_virtualenv.py took 0.068 seconds
[2024-09-12T06:50:39.693+0000] {processor.py:157} INFO - Started process (PID=11880) to work on /home/vscode/.local/lib/python3.10/site-packages/airflow/example_dags/tutorial_taskflow_api_virtualenv.py
[2024-09-12T06:50:39.694+0000] {processor.py:826} INFO - Processing file /home/vscode/.local/lib/python3.10/site-packages/airflow/example_dags/tutorial_taskflow_api_virtualenv.py for tasks to queue
[2024-09-12T06:50:39.694+0000] {logging_mixin.py:150} INFO - [2024-09-12T06:50:39.694+0000] {dagbag.py:541} INFO - Filling up the DagBag from /home/vscode/.local/lib/python3.10/site-packages/airflow/example_dags/tutorial_taskflow_api_virtualenv.py
[2024-09-12T06:50:39.699+0000] {processor.py:836} INFO - DAG(s) dict_keys(['tutorial_taskflow_api_virtualenv']) retrieved from /home/vscode/.local/lib/python3.10/site-packages/airflow/example_dags/tutorial_taskflow_api_virtualenv.py
[2024-09-12T06:50:39.711+0000] {logging_mixin.py:150} INFO - [2024-09-12T06:50:39.711+0000] {dag.py:2742} INFO - Sync 1 DAGs
[2024-09-12T06:50:39.725+0000] {logging_mixin.py:150} INFO - [2024-09-12T06:50:39.725+0000] {dag.py:3504} INFO - Setting next_dagrun for tutorial_taskflow_api_virtualenv to None, run_after=None
[2024-09-12T06:50:39.768+0000] {processor.py:179} INFO - Processing /home/vscode/.local/lib/python3.10/site-packages/airflow/example_dags/tutorial_taskflow_api_virtualenv.py took 0.077 seconds
[2024-09-12T06:51:26.081+0000] {processor.py:157} INFO - Started process (PID=12191) to work on /home/vscode/.local/lib/python3.10/site-packages/airflow/example_dags/tutorial_taskflow_api_virtualenv.py
[2024-09-12T06:51:26.082+0000] {processor.py:826} INFO - Processing file /home/vscode/.local/lib/python3.10/site-packages/airflow/example_dags/tutorial_taskflow_api_virtualenv.py for tasks to queue
[2024-09-12T06:51:26.082+0000] {logging_mixin.py:150} INFO - [2024-09-12T06:51:26.082+0000] {dagbag.py:541} INFO - Filling up the DagBag from /home/vscode/.local/lib/python3.10/site-packages/airflow/example_dags/tutorial_taskflow_api_virtualenv.py
[2024-09-12T06:51:26.088+0000] {processor.py:836} INFO - DAG(s) dict_keys(['tutorial_taskflow_api_virtualenv']) retrieved from /home/vscode/.local/lib/python3.10/site-packages/airflow/example_dags/tutorial_taskflow_api_virtualenv.py
[2024-09-12T06:51:26.100+0000] {logging_mixin.py:150} INFO - [2024-09-12T06:51:26.100+0000] {dag.py:2742} INFO - Sync 1 DAGs
[2024-09-12T06:51:26.113+0000] {logging_mixin.py:150} INFO - [2024-09-12T06:51:26.113+0000] {dag.py:3504} INFO - Setting next_dagrun for tutorial_taskflow_api_virtualenv to None, run_after=None
[2024-09-12T06:51:26.141+0000] {processor.py:179} INFO - Processing /home/vscode/.local/lib/python3.10/site-packages/airflow/example_dags/tutorial_taskflow_api_virtualenv.py took 0.062 seconds
[2024-09-12T06:52:11.594+0000] {processor.py:157} INFO - Started process (PID=12494) to work on /home/vscode/.local/lib/python3.10/site-packages/airflow/example_dags/tutorial_taskflow_api_virtualenv.py
[2024-09-12T06:52:11.595+0000] {processor.py:826} INFO - Processing file /home/vscode/.local/lib/python3.10/site-packages/airflow/example_dags/tutorial_taskflow_api_virtualenv.py for tasks to queue
[2024-09-12T06:52:11.596+0000] {logging_mixin.py:150} INFO - [2024-09-12T06:52:11.595+0000] {dagbag.py:541} INFO - Filling up the DagBag from /home/vscode/.local/lib/python3.10/site-packages/airflow/example_dags/tutorial_taskflow_api_virtualenv.py
[2024-09-12T06:52:11.601+0000] {processor.py:836} INFO - DAG(s) dict_keys(['tutorial_taskflow_api_virtualenv']) retrieved from /home/vscode/.local/lib/python3.10/site-packages/airflow/example_dags/tutorial_taskflow_api_virtualenv.py
[2024-09-12T06:52:11.612+0000] {logging_mixin.py:150} INFO - [2024-09-12T06:52:11.612+0000] {dag.py:2742} INFO - Sync 1 DAGs
[2024-09-12T06:52:11.625+0000] {logging_mixin.py:150} INFO - [2024-09-12T06:52:11.625+0000] {dag.py:3504} INFO - Setting next_dagrun for tutorial_taskflow_api_virtualenv to None, run_after=None
[2024-09-12T06:52:11.659+0000] {processor.py:179} INFO - Processing /home/vscode/.local/lib/python3.10/site-packages/airflow/example_dags/tutorial_taskflow_api_virtualenv.py took 0.067 seconds
[2024-09-12T06:52:43.104+0000] {processor.py:157} INFO - Started process (PID=12709) to work on /home/vscode/.local/lib/python3.10/site-packages/airflow/example_dags/tutorial_taskflow_api_virtualenv.py
[2024-09-12T06:52:43.105+0000] {processor.py:826} INFO - Processing file /home/vscode/.local/lib/python3.10/site-packages/airflow/example_dags/tutorial_taskflow_api_virtualenv.py for tasks to queue
[2024-09-12T06:52:43.105+0000] {logging_mixin.py:150} INFO - [2024-09-12T06:52:43.105+0000] {dagbag.py:541} INFO - Filling up the DagBag from /home/vscode/.local/lib/python3.10/site-packages/airflow/example_dags/tutorial_taskflow_api_virtualenv.py
[2024-09-12T06:52:43.110+0000] {processor.py:836} INFO - DAG(s) dict_keys(['tutorial_taskflow_api_virtualenv']) retrieved from /home/vscode/.local/lib/python3.10/site-packages/airflow/example_dags/tutorial_taskflow_api_virtualenv.py
[2024-09-12T06:52:43.122+0000] {logging_mixin.py:150} INFO - [2024-09-12T06:52:43.121+0000] {dag.py:2742} INFO - Sync 1 DAGs
[2024-09-12T06:52:43.147+0000] {logging_mixin.py:150} INFO - [2024-09-12T06:52:43.146+0000] {dag.py:3504} INFO - Setting next_dagrun for tutorial_taskflow_api_virtualenv to None, run_after=None
[2024-09-12T06:52:43.181+0000] {processor.py:179} INFO - Processing /home/vscode/.local/lib/python3.10/site-packages/airflow/example_dags/tutorial_taskflow_api_virtualenv.py took 0.079 seconds
[2024-09-12T06:53:28.467+0000] {processor.py:157} INFO - Started process (PID=13014) to work on /home/vscode/.local/lib/python3.10/site-packages/airflow/example_dags/tutorial_taskflow_api_virtualenv.py
[2024-09-12T06:53:28.468+0000] {processor.py:826} INFO - Processing file /home/vscode/.local/lib/python3.10/site-packages/airflow/example_dags/tutorial_taskflow_api_virtualenv.py for tasks to queue
[2024-09-12T06:53:28.468+0000] {logging_mixin.py:150} INFO - [2024-09-12T06:53:28.468+0000] {dagbag.py:541} INFO - Filling up the DagBag from /home/vscode/.local/lib/python3.10/site-packages/airflow/example_dags/tutorial_taskflow_api_virtualenv.py
[2024-09-12T06:53:28.473+0000] {processor.py:836} INFO - DAG(s) dict_keys(['tutorial_taskflow_api_virtualenv']) retrieved from /home/vscode/.local/lib/python3.10/site-packages/airflow/example_dags/tutorial_taskflow_api_virtualenv.py
[2024-09-12T06:53:28.485+0000] {logging_mixin.py:150} INFO - [2024-09-12T06:53:28.485+0000] {dag.py:2742} INFO - Sync 1 DAGs
[2024-09-12T06:53:28.498+0000] {logging_mixin.py:150} INFO - [2024-09-12T06:53:28.498+0000] {dag.py:3504} INFO - Setting next_dagrun for tutorial_taskflow_api_virtualenv to None, run_after=None
[2024-09-12T06:53:28.528+0000] {processor.py:179} INFO - Processing /home/vscode/.local/lib/python3.10/site-packages/airflow/example_dags/tutorial_taskflow_api_virtualenv.py took 0.063 seconds
[2024-09-12T06:54:13.866+0000] {processor.py:157} INFO - Started process (PID=13314) to work on /home/vscode/.local/lib/python3.10/site-packages/airflow/example_dags/tutorial_taskflow_api_virtualenv.py
[2024-09-12T06:54:13.867+0000] {processor.py:826} INFO - Processing file /home/vscode/.local/lib/python3.10/site-packages/airflow/example_dags/tutorial_taskflow_api_virtualenv.py for tasks to queue
[2024-09-12T06:54:13.867+0000] {logging_mixin.py:150} INFO - [2024-09-12T06:54:13.867+0000] {dagbag.py:541} INFO - Filling up the DagBag from /home/vscode/.local/lib/python3.10/site-packages/airflow/example_dags/tutorial_taskflow_api_virtualenv.py
[2024-09-12T06:54:13.872+0000] {processor.py:836} INFO - DAG(s) dict_keys(['tutorial_taskflow_api_virtualenv']) retrieved from /home/vscode/.local/lib/python3.10/site-packages/airflow/example_dags/tutorial_taskflow_api_virtualenv.py
[2024-09-12T06:54:13.883+0000] {logging_mixin.py:150} INFO - [2024-09-12T06:54:13.883+0000] {dag.py:2742} INFO - Sync 1 DAGs
[2024-09-12T06:54:13.896+0000] {logging_mixin.py:150} INFO - [2024-09-12T06:54:13.896+0000] {dag.py:3504} INFO - Setting next_dagrun for tutorial_taskflow_api_virtualenv to None, run_after=None
[2024-09-12T06:54:13.927+0000] {processor.py:179} INFO - Processing /home/vscode/.local/lib/python3.10/site-packages/airflow/example_dags/tutorial_taskflow_api_virtualenv.py took 0.063 seconds
[2024-09-12T06:54:59.170+0000] {processor.py:157} INFO - Started process (PID=13624) to work on /home/vscode/.local/lib/python3.10/site-packages/airflow/example_dags/tutorial_taskflow_api_virtualenv.py
[2024-09-12T06:54:59.170+0000] {processor.py:826} INFO - Processing file /home/vscode/.local/lib/python3.10/site-packages/airflow/example_dags/tutorial_taskflow_api_virtualenv.py for tasks to queue
[2024-09-12T06:54:59.171+0000] {logging_mixin.py:150} INFO - [2024-09-12T06:54:59.171+0000] {dagbag.py:541} INFO - Filling up the DagBag from /home/vscode/.local/lib/python3.10/site-packages/airflow/example_dags/tutorial_taskflow_api_virtualenv.py
[2024-09-12T06:54:59.176+0000] {processor.py:836} INFO - DAG(s) dict_keys(['tutorial_taskflow_api_virtualenv']) retrieved from /home/vscode/.local/lib/python3.10/site-packages/airflow/example_dags/tutorial_taskflow_api_virtualenv.py
[2024-09-12T06:54:59.187+0000] {logging_mixin.py:150} INFO - [2024-09-12T06:54:59.187+0000] {dag.py:2742} INFO - Sync 1 DAGs
[2024-09-12T06:54:59.200+0000] {logging_mixin.py:150} INFO - [2024-09-12T06:54:59.200+0000] {dag.py:3504} INFO - Setting next_dagrun for tutorial_taskflow_api_virtualenv to None, run_after=None
[2024-09-12T06:54:59.236+0000] {processor.py:179} INFO - Processing /home/vscode/.local/lib/python3.10/site-packages/airflow/example_dags/tutorial_taskflow_api_virtualenv.py took 0.068 seconds
[2024-09-12T06:55:43.524+0000] {processor.py:157} INFO - Started process (PID=13920) to work on /home/vscode/.local/lib/python3.10/site-packages/airflow/example_dags/tutorial_taskflow_api_virtualenv.py
[2024-09-12T06:55:43.525+0000] {processor.py:826} INFO - Processing file /home/vscode/.local/lib/python3.10/site-packages/airflow/example_dags/tutorial_taskflow_api_virtualenv.py for tasks to queue
[2024-09-12T06:55:43.526+0000] {logging_mixin.py:150} INFO - [2024-09-12T06:55:43.525+0000] {dagbag.py:541} INFO - Filling up the DagBag from /home/vscode/.local/lib/python3.10/site-packages/airflow/example_dags/tutorial_taskflow_api_virtualenv.py
[2024-09-12T06:55:43.531+0000] {processor.py:836} INFO - DAG(s) dict_keys(['tutorial_taskflow_api_virtualenv']) retrieved from /home/vscode/.local/lib/python3.10/site-packages/airflow/example_dags/tutorial_taskflow_api_virtualenv.py
[2024-09-12T06:55:43.542+0000] {logging_mixin.py:150} INFO - [2024-09-12T06:55:43.542+0000] {dag.py:2742} INFO - Sync 1 DAGs
[2024-09-12T06:55:43.556+0000] {logging_mixin.py:150} INFO - [2024-09-12T06:55:43.555+0000] {dag.py:3504} INFO - Setting next_dagrun for tutorial_taskflow_api_virtualenv to None, run_after=None
[2024-09-12T06:55:43.594+0000] {processor.py:179} INFO - Processing /home/vscode/.local/lib/python3.10/site-packages/airflow/example_dags/tutorial_taskflow_api_virtualenv.py took 0.072 seconds
[2024-09-12T06:56:16.568+0000] {processor.py:157} INFO - Started process (PID=14143) to work on /home/vscode/.local/lib/python3.10/site-packages/airflow/example_dags/tutorial_taskflow_api_virtualenv.py
[2024-09-12T06:56:16.569+0000] {processor.py:826} INFO - Processing file /home/vscode/.local/lib/python3.10/site-packages/airflow/example_dags/tutorial_taskflow_api_virtualenv.py for tasks to queue
[2024-09-12T06:56:16.569+0000] {logging_mixin.py:150} INFO - [2024-09-12T06:56:16.569+0000] {dagbag.py:541} INFO - Filling up the DagBag from /home/vscode/.local/lib/python3.10/site-packages/airflow/example_dags/tutorial_taskflow_api_virtualenv.py
[2024-09-12T06:56:16.574+0000] {processor.py:836} INFO - DAG(s) dict_keys(['tutorial_taskflow_api_virtualenv']) retrieved from /home/vscode/.local/lib/python3.10/site-packages/airflow/example_dags/tutorial_taskflow_api_virtualenv.py
[2024-09-12T06:56:16.586+0000] {logging_mixin.py:150} INFO - [2024-09-12T06:56:16.585+0000] {dag.py:2742} INFO - Sync 1 DAGs
[2024-09-12T06:56:16.599+0000] {logging_mixin.py:150} INFO - [2024-09-12T06:56:16.599+0000] {dag.py:3504} INFO - Setting next_dagrun for tutorial_taskflow_api_virtualenv to None, run_after=None
[2024-09-12T06:56:16.649+0000] {processor.py:179} INFO - Processing /home/vscode/.local/lib/python3.10/site-packages/airflow/example_dags/tutorial_taskflow_api_virtualenv.py took 0.083 seconds
[2024-09-12T06:56:51.113+0000] {processor.py:157} INFO - Started process (PID=14369) to work on /home/vscode/.local/lib/python3.10/site-packages/airflow/example_dags/tutorial_taskflow_api_virtualenv.py
[2024-09-12T06:56:51.114+0000] {processor.py:826} INFO - Processing file /home/vscode/.local/lib/python3.10/site-packages/airflow/example_dags/tutorial_taskflow_api_virtualenv.py for tasks to queue
[2024-09-12T06:56:51.114+0000] {logging_mixin.py:150} INFO - [2024-09-12T06:56:51.114+0000] {dagbag.py:541} INFO - Filling up the DagBag from /home/vscode/.local/lib/python3.10/site-packages/airflow/example_dags/tutorial_taskflow_api_virtualenv.py
[2024-09-12T06:56:51.119+0000] {processor.py:836} INFO - DAG(s) dict_keys(['tutorial_taskflow_api_virtualenv']) retrieved from /home/vscode/.local/lib/python3.10/site-packages/airflow/example_dags/tutorial_taskflow_api_virtualenv.py
[2024-09-12T06:56:51.130+0000] {logging_mixin.py:150} INFO - [2024-09-12T06:56:51.130+0000] {dag.py:2742} INFO - Sync 1 DAGs
[2024-09-12T06:56:51.143+0000] {logging_mixin.py:150} INFO - [2024-09-12T06:56:51.143+0000] {dag.py:3504} INFO - Setting next_dagrun for tutorial_taskflow_api_virtualenv to None, run_after=None
[2024-09-12T06:56:51.219+0000] {processor.py:179} INFO - Processing /home/vscode/.local/lib/python3.10/site-packages/airflow/example_dags/tutorial_taskflow_api_virtualenv.py took 0.108 seconds
[2024-09-12T06:57:33.325+0000] {processor.py:157} INFO - Started process (PID=14657) to work on /home/vscode/.local/lib/python3.10/site-packages/airflow/example_dags/tutorial_taskflow_api_virtualenv.py
[2024-09-12T06:57:33.326+0000] {processor.py:826} INFO - Processing file /home/vscode/.local/lib/python3.10/site-packages/airflow/example_dags/tutorial_taskflow_api_virtualenv.py for tasks to queue
[2024-09-12T06:57:33.326+0000] {logging_mixin.py:150} INFO - [2024-09-12T06:57:33.326+0000] {dagbag.py:541} INFO - Filling up the DagBag from /home/vscode/.local/lib/python3.10/site-packages/airflow/example_dags/tutorial_taskflow_api_virtualenv.py
[2024-09-12T06:57:33.331+0000] {processor.py:836} INFO - DAG(s) dict_keys(['tutorial_taskflow_api_virtualenv']) retrieved from /home/vscode/.local/lib/python3.10/site-packages/airflow/example_dags/tutorial_taskflow_api_virtualenv.py
[2024-09-12T06:57:33.343+0000] {logging_mixin.py:150} INFO - [2024-09-12T06:57:33.343+0000] {dag.py:2742} INFO - Sync 1 DAGs
[2024-09-12T06:57:33.356+0000] {logging_mixin.py:150} INFO - [2024-09-12T06:57:33.356+0000] {dag.py:3504} INFO - Setting next_dagrun for tutorial_taskflow_api_virtualenv to None, run_after=None
[2024-09-12T06:57:33.388+0000] {processor.py:179} INFO - Processing /home/vscode/.local/lib/python3.10/site-packages/airflow/example_dags/tutorial_taskflow_api_virtualenv.py took 0.065 seconds
[2024-09-12T06:58:18.032+0000] {processor.py:157} INFO - Started process (PID=14960) to work on /home/vscode/.local/lib/python3.10/site-packages/airflow/example_dags/tutorial_taskflow_api_virtualenv.py
[2024-09-12T06:58:18.032+0000] {processor.py:826} INFO - Processing file /home/vscode/.local/lib/python3.10/site-packages/airflow/example_dags/tutorial_taskflow_api_virtualenv.py for tasks to queue
[2024-09-12T06:58:18.033+0000] {logging_mixin.py:150} INFO - [2024-09-12T06:58:18.033+0000] {dagbag.py:541} INFO - Filling up the DagBag from /home/vscode/.local/lib/python3.10/site-packages/airflow/example_dags/tutorial_taskflow_api_virtualenv.py
[2024-09-12T06:58:18.038+0000] {processor.py:836} INFO - DAG(s) dict_keys(['tutorial_taskflow_api_virtualenv']) retrieved from /home/vscode/.local/lib/python3.10/site-packages/airflow/example_dags/tutorial_taskflow_api_virtualenv.py
[2024-09-12T06:58:18.049+0000] {logging_mixin.py:150} INFO - [2024-09-12T06:58:18.049+0000] {dag.py:2742} INFO - Sync 1 DAGs
[2024-09-12T06:58:18.062+0000] {logging_mixin.py:150} INFO - [2024-09-12T06:58:18.062+0000] {dag.py:3504} INFO - Setting next_dagrun for tutorial_taskflow_api_virtualenv to None, run_after=None
[2024-09-12T06:58:18.096+0000] {processor.py:179} INFO - Processing /home/vscode/.local/lib/python3.10/site-packages/airflow/example_dags/tutorial_taskflow_api_virtualenv.py took 0.066 seconds
[2024-09-12T06:59:00.501+0000] {processor.py:157} INFO - Started process (PID=15246) to work on /home/vscode/.local/lib/python3.10/site-packages/airflow/example_dags/tutorial_taskflow_api_virtualenv.py
[2024-09-12T06:59:00.502+0000] {processor.py:826} INFO - Processing file /home/vscode/.local/lib/python3.10/site-packages/airflow/example_dags/tutorial_taskflow_api_virtualenv.py for tasks to queue
[2024-09-12T06:59:00.503+0000] {logging_mixin.py:150} INFO - [2024-09-12T06:59:00.502+0000] {dagbag.py:541} INFO - Filling up the DagBag from /home/vscode/.local/lib/python3.10/site-packages/airflow/example_dags/tutorial_taskflow_api_virtualenv.py
[2024-09-12T06:59:00.507+0000] {processor.py:836} INFO - DAG(s) dict_keys(['tutorial_taskflow_api_virtualenv']) retrieved from /home/vscode/.local/lib/python3.10/site-packages/airflow/example_dags/tutorial_taskflow_api_virtualenv.py
[2024-09-12T06:59:00.519+0000] {logging_mixin.py:150} INFO - [2024-09-12T06:59:00.519+0000] {dag.py:2742} INFO - Sync 1 DAGs
[2024-09-12T06:59:00.532+0000] {logging_mixin.py:150} INFO - [2024-09-12T06:59:00.532+0000] {dag.py:3504} INFO - Setting next_dagrun for tutorial_taskflow_api_virtualenv to None, run_after=None
[2024-09-12T06:59:00.564+0000] {processor.py:179} INFO - Processing /home/vscode/.local/lib/python3.10/site-packages/airflow/example_dags/tutorial_taskflow_api_virtualenv.py took 0.064 seconds
[2024-09-12T06:59:43.404+0000] {processor.py:157} INFO - Started process (PID=15533) to work on /home/vscode/.local/lib/python3.10/site-packages/airflow/example_dags/tutorial_taskflow_api_virtualenv.py
[2024-09-12T06:59:43.405+0000] {processor.py:826} INFO - Processing file /home/vscode/.local/lib/python3.10/site-packages/airflow/example_dags/tutorial_taskflow_api_virtualenv.py for tasks to queue
[2024-09-12T06:59:43.405+0000] {logging_mixin.py:150} INFO - [2024-09-12T06:59:43.405+0000] {dagbag.py:541} INFO - Filling up the DagBag from /home/vscode/.local/lib/python3.10/site-packages/airflow/example_dags/tutorial_taskflow_api_virtualenv.py
[2024-09-12T06:59:43.410+0000] {processor.py:836} INFO - DAG(s) dict_keys(['tutorial_taskflow_api_virtualenv']) retrieved from /home/vscode/.local/lib/python3.10/site-packages/airflow/example_dags/tutorial_taskflow_api_virtualenv.py
[2024-09-12T06:59:43.421+0000] {logging_mixin.py:150} INFO - [2024-09-12T06:59:43.421+0000] {dag.py:2742} INFO - Sync 1 DAGs
[2024-09-12T06:59:43.434+0000] {logging_mixin.py:150} INFO - [2024-09-12T06:59:43.434+0000] {dag.py:3504} INFO - Setting next_dagrun for tutorial_taskflow_api_virtualenv to None, run_after=None
[2024-09-12T06:59:43.468+0000] {processor.py:179} INFO - Processing /home/vscode/.local/lib/python3.10/site-packages/airflow/example_dags/tutorial_taskflow_api_virtualenv.py took 0.067 seconds
[2024-09-12T07:00:29.192+0000] {processor.py:157} INFO - Started process (PID=15837) to work on /home/vscode/.local/lib/python3.10/site-packages/airflow/example_dags/tutorial_taskflow_api_virtualenv.py
[2024-09-12T07:00:29.192+0000] {processor.py:826} INFO - Processing file /home/vscode/.local/lib/python3.10/site-packages/airflow/example_dags/tutorial_taskflow_api_virtualenv.py for tasks to queue
[2024-09-12T07:00:29.193+0000] {logging_mixin.py:150} INFO - [2024-09-12T07:00:29.193+0000] {dagbag.py:541} INFO - Filling up the DagBag from /home/vscode/.local/lib/python3.10/site-packages/airflow/example_dags/tutorial_taskflow_api_virtualenv.py
[2024-09-12T07:00:29.198+0000] {processor.py:836} INFO - DAG(s) dict_keys(['tutorial_taskflow_api_virtualenv']) retrieved from /home/vscode/.local/lib/python3.10/site-packages/airflow/example_dags/tutorial_taskflow_api_virtualenv.py
[2024-09-12T07:00:29.209+0000] {logging_mixin.py:150} INFO - [2024-09-12T07:00:29.209+0000] {dag.py:2742} INFO - Sync 1 DAGs
[2024-09-12T07:00:29.222+0000] {logging_mixin.py:150} INFO - [2024-09-12T07:00:29.222+0000] {dag.py:3504} INFO - Setting next_dagrun for tutorial_taskflow_api_virtualenv to None, run_after=None
[2024-09-12T07:00:29.257+0000] {processor.py:179} INFO - Processing /home/vscode/.local/lib/python3.10/site-packages/airflow/example_dags/tutorial_taskflow_api_virtualenv.py took 0.067 seconds
[2024-09-12T07:01:14.943+0000] {processor.py:157} INFO - Started process (PID=16148) to work on /home/vscode/.local/lib/python3.10/site-packages/airflow/example_dags/tutorial_taskflow_api_virtualenv.py
[2024-09-12T07:01:14.943+0000] {processor.py:826} INFO - Processing file /home/vscode/.local/lib/python3.10/site-packages/airflow/example_dags/tutorial_taskflow_api_virtualenv.py for tasks to queue
[2024-09-12T07:01:14.944+0000] {logging_mixin.py:150} INFO - [2024-09-12T07:01:14.944+0000] {dagbag.py:541} INFO - Filling up the DagBag from /home/vscode/.local/lib/python3.10/site-packages/airflow/example_dags/tutorial_taskflow_api_virtualenv.py
[2024-09-12T07:01:14.949+0000] {processor.py:836} INFO - DAG(s) dict_keys(['tutorial_taskflow_api_virtualenv']) retrieved from /home/vscode/.local/lib/python3.10/site-packages/airflow/example_dags/tutorial_taskflow_api_virtualenv.py
[2024-09-12T07:01:14.960+0000] {logging_mixin.py:150} INFO - [2024-09-12T07:01:14.960+0000] {dag.py:2742} INFO - Sync 1 DAGs
[2024-09-12T07:01:14.973+0000] {logging_mixin.py:150} INFO - [2024-09-12T07:01:14.973+0000] {dag.py:3504} INFO - Setting next_dagrun for tutorial_taskflow_api_virtualenv to None, run_after=None
[2024-09-12T07:01:15.009+0000] {processor.py:179} INFO - Processing /home/vscode/.local/lib/python3.10/site-packages/airflow/example_dags/tutorial_taskflow_api_virtualenv.py took 0.069 seconds
[2024-09-12T07:01:55.645+0000] {processor.py:157} INFO - Started process (PID=16422) to work on /home/vscode/.local/lib/python3.10/site-packages/airflow/example_dags/tutorial_taskflow_api_virtualenv.py
[2024-09-12T07:01:55.646+0000] {processor.py:826} INFO - Processing file /home/vscode/.local/lib/python3.10/site-packages/airflow/example_dags/tutorial_taskflow_api_virtualenv.py for tasks to queue
[2024-09-12T07:01:55.647+0000] {logging_mixin.py:150} INFO - [2024-09-12T07:01:55.646+0000] {dagbag.py:541} INFO - Filling up the DagBag from /home/vscode/.local/lib/python3.10/site-packages/airflow/example_dags/tutorial_taskflow_api_virtualenv.py
[2024-09-12T07:01:55.652+0000] {processor.py:836} INFO - DAG(s) dict_keys(['tutorial_taskflow_api_virtualenv']) retrieved from /home/vscode/.local/lib/python3.10/site-packages/airflow/example_dags/tutorial_taskflow_api_virtualenv.py
[2024-09-12T07:01:55.663+0000] {logging_mixin.py:150} INFO - [2024-09-12T07:01:55.663+0000] {dag.py:2742} INFO - Sync 1 DAGs
[2024-09-12T07:01:55.677+0000] {logging_mixin.py:150} INFO - [2024-09-12T07:01:55.677+0000] {dag.py:3504} INFO - Setting next_dagrun for tutorial_taskflow_api_virtualenv to None, run_after=None
[2024-09-12T07:01:55.709+0000] {processor.py:179} INFO - Processing /home/vscode/.local/lib/python3.10/site-packages/airflow/example_dags/tutorial_taskflow_api_virtualenv.py took 0.066 seconds
[2024-09-12T07:02:34.727+0000] {processor.py:157} INFO - Started process (PID=16690) to work on /home/vscode/.local/lib/python3.10/site-packages/airflow/example_dags/tutorial_taskflow_api_virtualenv.py
[2024-09-12T07:02:34.728+0000] {processor.py:826} INFO - Processing file /home/vscode/.local/lib/python3.10/site-packages/airflow/example_dags/tutorial_taskflow_api_virtualenv.py for tasks to queue
[2024-09-12T07:02:34.728+0000] {logging_mixin.py:150} INFO - [2024-09-12T07:02:34.728+0000] {dagbag.py:541} INFO - Filling up the DagBag from /home/vscode/.local/lib/python3.10/site-packages/airflow/example_dags/tutorial_taskflow_api_virtualenv.py
[2024-09-12T07:02:34.733+0000] {processor.py:836} INFO - DAG(s) dict_keys(['tutorial_taskflow_api_virtualenv']) retrieved from /home/vscode/.local/lib/python3.10/site-packages/airflow/example_dags/tutorial_taskflow_api_virtualenv.py
[2024-09-12T07:02:34.744+0000] {logging_mixin.py:150} INFO - [2024-09-12T07:02:34.744+0000] {dag.py:2742} INFO - Sync 1 DAGs
[2024-09-12T07:02:34.758+0000] {logging_mixin.py:150} INFO - [2024-09-12T07:02:34.758+0000] {dag.py:3504} INFO - Setting next_dagrun for tutorial_taskflow_api_virtualenv to None, run_after=None
[2024-09-12T07:02:34.794+0000] {processor.py:179} INFO - Processing /home/vscode/.local/lib/python3.10/site-packages/airflow/example_dags/tutorial_taskflow_api_virtualenv.py took 0.069 seconds
[2024-09-12T07:03:21.881+0000] {processor.py:157} INFO - Started process (PID=17002) to work on /home/vscode/.local/lib/python3.10/site-packages/airflow/example_dags/tutorial_taskflow_api_virtualenv.py
[2024-09-12T07:03:21.881+0000] {processor.py:826} INFO - Processing file /home/vscode/.local/lib/python3.10/site-packages/airflow/example_dags/tutorial_taskflow_api_virtualenv.py for tasks to queue
[2024-09-12T07:03:21.882+0000] {logging_mixin.py:150} INFO - [2024-09-12T07:03:21.882+0000] {dagbag.py:541} INFO - Filling up the DagBag from /home/vscode/.local/lib/python3.10/site-packages/airflow/example_dags/tutorial_taskflow_api_virtualenv.py
[2024-09-12T07:03:21.887+0000] {processor.py:836} INFO - DAG(s) dict_keys(['tutorial_taskflow_api_virtualenv']) retrieved from /home/vscode/.local/lib/python3.10/site-packages/airflow/example_dags/tutorial_taskflow_api_virtualenv.py
[2024-09-12T07:03:21.898+0000] {logging_mixin.py:150} INFO - [2024-09-12T07:03:21.898+0000] {dag.py:2742} INFO - Sync 1 DAGs
[2024-09-12T07:03:21.911+0000] {logging_mixin.py:150} INFO - [2024-09-12T07:03:21.911+0000] {dag.py:3504} INFO - Setting next_dagrun for tutorial_taskflow_api_virtualenv to None, run_after=None
[2024-09-12T07:03:21.945+0000] {processor.py:179} INFO - Processing /home/vscode/.local/lib/python3.10/site-packages/airflow/example_dags/tutorial_taskflow_api_virtualenv.py took 0.066 seconds
[2024-09-12T07:03:54.998+0000] {processor.py:157} INFO - Started process (PID=17268) to work on /home/vscode/.local/lib/python3.10/site-packages/airflow/example_dags/tutorial_taskflow_api_virtualenv.py
[2024-09-12T07:03:54.999+0000] {processor.py:826} INFO - Processing file /home/vscode/.local/lib/python3.10/site-packages/airflow/example_dags/tutorial_taskflow_api_virtualenv.py for tasks to queue
[2024-09-12T07:03:54.999+0000] {logging_mixin.py:150} INFO - [2024-09-12T07:03:54.999+0000] {dagbag.py:541} INFO - Filling up the DagBag from /home/vscode/.local/lib/python3.10/site-packages/airflow/example_dags/tutorial_taskflow_api_virtualenv.py
[2024-09-12T07:03:55.004+0000] {processor.py:836} INFO - DAG(s) dict_keys(['tutorial_taskflow_api_virtualenv']) retrieved from /home/vscode/.local/lib/python3.10/site-packages/airflow/example_dags/tutorial_taskflow_api_virtualenv.py
[2024-09-12T07:03:55.015+0000] {logging_mixin.py:150} INFO - [2024-09-12T07:03:55.015+0000] {dag.py:2742} INFO - Sync 1 DAGs
[2024-09-12T07:03:55.028+0000] {logging_mixin.py:150} INFO - [2024-09-12T07:03:55.028+0000] {dag.py:3504} INFO - Setting next_dagrun for tutorial_taskflow_api_virtualenv to None, run_after=None
[2024-09-12T07:03:55.062+0000] {processor.py:179} INFO - Processing /home/vscode/.local/lib/python3.10/site-packages/airflow/example_dags/tutorial_taskflow_api_virtualenv.py took 0.066 seconds
[2024-09-12T07:04:27.601+0000] {processor.py:157} INFO - Started process (PID=17520) to work on /home/vscode/.local/lib/python3.10/site-packages/airflow/example_dags/tutorial_taskflow_api_virtualenv.py
[2024-09-12T07:04:27.602+0000] {processor.py:826} INFO - Processing file /home/vscode/.local/lib/python3.10/site-packages/airflow/example_dags/tutorial_taskflow_api_virtualenv.py for tasks to queue
[2024-09-12T07:04:27.603+0000] {logging_mixin.py:150} INFO - [2024-09-12T07:04:27.602+0000] {dagbag.py:541} INFO - Filling up the DagBag from /home/vscode/.local/lib/python3.10/site-packages/airflow/example_dags/tutorial_taskflow_api_virtualenv.py
[2024-09-12T07:04:27.609+0000] {processor.py:836} INFO - DAG(s) dict_keys(['tutorial_taskflow_api_virtualenv']) retrieved from /home/vscode/.local/lib/python3.10/site-packages/airflow/example_dags/tutorial_taskflow_api_virtualenv.py
[2024-09-12T07:04:27.621+0000] {logging_mixin.py:150} INFO - [2024-09-12T07:04:27.620+0000] {dag.py:2742} INFO - Sync 1 DAGs
[2024-09-12T07:04:27.635+0000] {logging_mixin.py:150} INFO - [2024-09-12T07:04:27.635+0000] {dag.py:3504} INFO - Setting next_dagrun for tutorial_taskflow_api_virtualenv to None, run_after=None
[2024-09-12T07:04:27.677+0000] {processor.py:179} INFO - Processing /home/vscode/.local/lib/python3.10/site-packages/airflow/example_dags/tutorial_taskflow_api_virtualenv.py took 0.078 seconds
[2024-09-12T07:05:12.531+0000] {processor.py:157} INFO - Started process (PID=17894) to work on /home/vscode/.local/lib/python3.10/site-packages/airflow/example_dags/tutorial_taskflow_api_virtualenv.py
[2024-09-12T07:05:12.532+0000] {processor.py:826} INFO - Processing file /home/vscode/.local/lib/python3.10/site-packages/airflow/example_dags/tutorial_taskflow_api_virtualenv.py for tasks to queue
[2024-09-12T07:05:12.533+0000] {logging_mixin.py:150} INFO - [2024-09-12T07:05:12.533+0000] {dagbag.py:541} INFO - Filling up the DagBag from /home/vscode/.local/lib/python3.10/site-packages/airflow/example_dags/tutorial_taskflow_api_virtualenv.py
[2024-09-12T07:05:12.548+0000] {processor.py:836} INFO - DAG(s) dict_keys(['tutorial_taskflow_api_virtualenv']) retrieved from /home/vscode/.local/lib/python3.10/site-packages/airflow/example_dags/tutorial_taskflow_api_virtualenv.py
[2024-09-12T07:05:12.576+0000] {logging_mixin.py:150} INFO - [2024-09-12T07:05:12.576+0000] {dag.py:2742} INFO - Sync 1 DAGs
[2024-09-12T07:05:12.611+0000] {logging_mixin.py:150} INFO - [2024-09-12T07:05:12.611+0000] {dag.py:3504} INFO - Setting next_dagrun for tutorial_taskflow_api_virtualenv to None, run_after=None
[2024-09-12T07:05:12.655+0000] {processor.py:179} INFO - Processing /home/vscode/.local/lib/python3.10/site-packages/airflow/example_dags/tutorial_taskflow_api_virtualenv.py took 0.135 seconds
[2024-09-12T07:05:56.448+0000] {processor.py:157} INFO - Started process (PID=18275) to work on /home/vscode/.local/lib/python3.10/site-packages/airflow/example_dags/tutorial_taskflow_api_virtualenv.py
[2024-09-12T07:05:56.449+0000] {processor.py:826} INFO - Processing file /home/vscode/.local/lib/python3.10/site-packages/airflow/example_dags/tutorial_taskflow_api_virtualenv.py for tasks to queue
[2024-09-12T07:05:56.449+0000] {logging_mixin.py:150} INFO - [2024-09-12T07:05:56.449+0000] {dagbag.py:541} INFO - Filling up the DagBag from /home/vscode/.local/lib/python3.10/site-packages/airflow/example_dags/tutorial_taskflow_api_virtualenv.py
[2024-09-12T07:05:56.454+0000] {processor.py:836} INFO - DAG(s) dict_keys(['tutorial_taskflow_api_virtualenv']) retrieved from /home/vscode/.local/lib/python3.10/site-packages/airflow/example_dags/tutorial_taskflow_api_virtualenv.py
[2024-09-12T07:05:56.465+0000] {logging_mixin.py:150} INFO - [2024-09-12T07:05:56.465+0000] {dag.py:2742} INFO - Sync 1 DAGs
[2024-09-12T07:05:56.479+0000] {logging_mixin.py:150} INFO - [2024-09-12T07:05:56.479+0000] {dag.py:3504} INFO - Setting next_dagrun for tutorial_taskflow_api_virtualenv to None, run_after=None
[2024-09-12T07:05:56.511+0000] {processor.py:179} INFO - Processing /home/vscode/.local/lib/python3.10/site-packages/airflow/example_dags/tutorial_taskflow_api_virtualenv.py took 0.066 seconds
[2024-09-12T07:06:43.022+0000] {processor.py:157} INFO - Started process (PID=18632) to work on /home/vscode/.local/lib/python3.10/site-packages/airflow/example_dags/tutorial_taskflow_api_virtualenv.py
[2024-09-12T07:06:43.022+0000] {processor.py:826} INFO - Processing file /home/vscode/.local/lib/python3.10/site-packages/airflow/example_dags/tutorial_taskflow_api_virtualenv.py for tasks to queue
[2024-09-12T07:06:43.023+0000] {logging_mixin.py:150} INFO - [2024-09-12T07:06:43.023+0000] {dagbag.py:541} INFO - Filling up the DagBag from /home/vscode/.local/lib/python3.10/site-packages/airflow/example_dags/tutorial_taskflow_api_virtualenv.py
[2024-09-12T07:06:43.028+0000] {processor.py:836} INFO - DAG(s) dict_keys(['tutorial_taskflow_api_virtualenv']) retrieved from /home/vscode/.local/lib/python3.10/site-packages/airflow/example_dags/tutorial_taskflow_api_virtualenv.py
[2024-09-12T07:06:43.039+0000] {logging_mixin.py:150} INFO - [2024-09-12T07:06:43.039+0000] {dag.py:2742} INFO - Sync 1 DAGs
[2024-09-12T07:06:43.053+0000] {logging_mixin.py:150} INFO - [2024-09-12T07:06:43.052+0000] {dag.py:3504} INFO - Setting next_dagrun for tutorial_taskflow_api_virtualenv to None, run_after=None
[2024-09-12T07:06:43.089+0000] {processor.py:179} INFO - Processing /home/vscode/.local/lib/python3.10/site-packages/airflow/example_dags/tutorial_taskflow_api_virtualenv.py took 0.069 seconds
[2024-09-12T07:07:27.283+0000] {processor.py:157} INFO - Started process (PID=18923) to work on /home/vscode/.local/lib/python3.10/site-packages/airflow/example_dags/tutorial_taskflow_api_virtualenv.py
[2024-09-12T07:07:27.284+0000] {processor.py:826} INFO - Processing file /home/vscode/.local/lib/python3.10/site-packages/airflow/example_dags/tutorial_taskflow_api_virtualenv.py for tasks to queue
[2024-09-12T07:07:27.285+0000] {logging_mixin.py:150} INFO - [2024-09-12T07:07:27.284+0000] {dagbag.py:541} INFO - Filling up the DagBag from /home/vscode/.local/lib/python3.10/site-packages/airflow/example_dags/tutorial_taskflow_api_virtualenv.py
[2024-09-12T07:07:27.290+0000] {processor.py:836} INFO - DAG(s) dict_keys(['tutorial_taskflow_api_virtualenv']) retrieved from /home/vscode/.local/lib/python3.10/site-packages/airflow/example_dags/tutorial_taskflow_api_virtualenv.py
[2024-09-12T07:07:27.301+0000] {logging_mixin.py:150} INFO - [2024-09-12T07:07:27.301+0000] {dag.py:2742} INFO - Sync 1 DAGs
[2024-09-12T07:07:27.314+0000] {logging_mixin.py:150} INFO - [2024-09-12T07:07:27.314+0000] {dag.py:3504} INFO - Setting next_dagrun for tutorial_taskflow_api_virtualenv to None, run_after=None
[2024-09-12T07:07:27.353+0000] {processor.py:179} INFO - Processing /home/vscode/.local/lib/python3.10/site-packages/airflow/example_dags/tutorial_taskflow_api_virtualenv.py took 0.072 seconds
[2024-09-12T07:08:10.596+0000] {processor.py:157} INFO - Started process (PID=19240) to work on /home/vscode/.local/lib/python3.10/site-packages/airflow/example_dags/tutorial_taskflow_api_virtualenv.py
[2024-09-12T07:08:10.596+0000] {processor.py:826} INFO - Processing file /home/vscode/.local/lib/python3.10/site-packages/airflow/example_dags/tutorial_taskflow_api_virtualenv.py for tasks to queue
[2024-09-12T07:08:10.597+0000] {logging_mixin.py:150} INFO - [2024-09-12T07:08:10.597+0000] {dagbag.py:541} INFO - Filling up the DagBag from /home/vscode/.local/lib/python3.10/site-packages/airflow/example_dags/tutorial_taskflow_api_virtualenv.py
[2024-09-12T07:08:10.603+0000] {processor.py:836} INFO - DAG(s) dict_keys(['tutorial_taskflow_api_virtualenv']) retrieved from /home/vscode/.local/lib/python3.10/site-packages/airflow/example_dags/tutorial_taskflow_api_virtualenv.py
[2024-09-12T07:08:10.614+0000] {logging_mixin.py:150} INFO - [2024-09-12T07:08:10.614+0000] {dag.py:2742} INFO - Sync 1 DAGs
[2024-09-12T07:08:10.628+0000] {logging_mixin.py:150} INFO - [2024-09-12T07:08:10.628+0000] {dag.py:3504} INFO - Setting next_dagrun for tutorial_taskflow_api_virtualenv to None, run_after=None
[2024-09-12T07:08:10.666+0000] {processor.py:179} INFO - Processing /home/vscode/.local/lib/python3.10/site-packages/airflow/example_dags/tutorial_taskflow_api_virtualenv.py took 0.072 seconds
[2024-09-12T07:08:56.016+0000] {processor.py:157} INFO - Started process (PID=19646) to work on /home/vscode/.local/lib/python3.10/site-packages/airflow/example_dags/tutorial_taskflow_api_virtualenv.py
[2024-09-12T07:08:56.017+0000] {processor.py:826} INFO - Processing file /home/vscode/.local/lib/python3.10/site-packages/airflow/example_dags/tutorial_taskflow_api_virtualenv.py for tasks to queue
[2024-09-12T07:08:56.017+0000] {logging_mixin.py:150} INFO - [2024-09-12T07:08:56.017+0000] {dagbag.py:541} INFO - Filling up the DagBag from /home/vscode/.local/lib/python3.10/site-packages/airflow/example_dags/tutorial_taskflow_api_virtualenv.py
[2024-09-12T07:08:56.023+0000] {processor.py:836} INFO - DAG(s) dict_keys(['tutorial_taskflow_api_virtualenv']) retrieved from /home/vscode/.local/lib/python3.10/site-packages/airflow/example_dags/tutorial_taskflow_api_virtualenv.py
[2024-09-12T07:08:56.039+0000] {logging_mixin.py:150} INFO - [2024-09-12T07:08:56.039+0000] {dag.py:2742} INFO - Sync 1 DAGs
[2024-09-12T07:08:56.059+0000] {logging_mixin.py:150} INFO - [2024-09-12T07:08:56.058+0000] {dag.py:3504} INFO - Setting next_dagrun for tutorial_taskflow_api_virtualenv to None, run_after=None
[2024-09-12T07:08:56.091+0000] {processor.py:179} INFO - Processing /home/vscode/.local/lib/python3.10/site-packages/airflow/example_dags/tutorial_taskflow_api_virtualenv.py took 0.077 seconds
[2024-09-12T07:09:40.684+0000] {processor.py:157} INFO - Started process (PID=19946) to work on /home/vscode/.local/lib/python3.10/site-packages/airflow/example_dags/tutorial_taskflow_api_virtualenv.py
[2024-09-12T07:09:40.684+0000] {processor.py:826} INFO - Processing file /home/vscode/.local/lib/python3.10/site-packages/airflow/example_dags/tutorial_taskflow_api_virtualenv.py for tasks to queue
[2024-09-12T07:09:40.685+0000] {logging_mixin.py:150} INFO - [2024-09-12T07:09:40.685+0000] {dagbag.py:541} INFO - Filling up the DagBag from /home/vscode/.local/lib/python3.10/site-packages/airflow/example_dags/tutorial_taskflow_api_virtualenv.py
[2024-09-12T07:09:40.690+0000] {processor.py:836} INFO - DAG(s) dict_keys(['tutorial_taskflow_api_virtualenv']) retrieved from /home/vscode/.local/lib/python3.10/site-packages/airflow/example_dags/tutorial_taskflow_api_virtualenv.py
[2024-09-12T07:09:40.701+0000] {logging_mixin.py:150} INFO - [2024-09-12T07:09:40.701+0000] {dag.py:2742} INFO - Sync 1 DAGs
[2024-09-12T07:09:40.717+0000] {logging_mixin.py:150} INFO - [2024-09-12T07:09:40.717+0000] {dag.py:3504} INFO - Setting next_dagrun for tutorial_taskflow_api_virtualenv to None, run_after=None
[2024-09-12T07:09:40.748+0000] {processor.py:179} INFO - Processing /home/vscode/.local/lib/python3.10/site-packages/airflow/example_dags/tutorial_taskflow_api_virtualenv.py took 0.066 seconds
