[2024-09-12T06:38:49.566+0000] {processor.py:157} INFO - Started process (PID=6951) to work on /home/vscode/.local/lib/python3.10/site-packages/airflow/example_dags/tutorial_dag.py
[2024-09-12T06:38:49.567+0000] {processor.py:826} INFO - Processing file /home/vscode/.local/lib/python3.10/site-packages/airflow/example_dags/tutorial_dag.py for tasks to queue
[2024-09-12T06:38:49.567+0000] {logging_mixin.py:150} INFO - [2024-09-12T06:38:49.567+0000] {dagbag.py:541} INFO - Filling up the DagBag from /home/vscode/.local/lib/python3.10/site-packages/airflow/example_dags/tutorial_dag.py
[2024-09-12T06:38:49.573+0000] {processor.py:836} INFO - DAG(s) dict_keys(['tutorial_dag']) retrieved from /home/vscode/.local/lib/python3.10/site-packages/airflow/example_dags/tutorial_dag.py
[2024-09-12T06:38:49.766+0000] {logging_mixin.py:150} INFO - [2024-09-12T06:38:49.766+0000] {manager.py:504} INFO - Created Permission View: can edit on DAG:tutorial_dag
[2024-09-12T06:38:49.796+0000] {logging_mixin.py:150} INFO - [2024-09-12T06:38:49.796+0000] {manager.py:504} INFO - Created Permission View: can read on DAG:tutorial_dag
[2024-09-12T06:38:49.818+0000] {logging_mixin.py:150} INFO - [2024-09-12T06:38:49.818+0000] {manager.py:504} INFO - Created Permission View: can delete on DAG:tutorial_dag
[2024-09-12T06:38:49.826+0000] {logging_mixin.py:150} INFO - [2024-09-12T06:38:49.826+0000] {dag.py:2742} INFO - Sync 1 DAGs
[2024-09-12T06:38:49.833+0000] {logging_mixin.py:150} INFO - [2024-09-12T06:38:49.833+0000] {dag.py:2763} INFO - Creating ORM DAG for tutorial_dag
[2024-09-12T06:38:49.839+0000] {logging_mixin.py:150} INFO - [2024-09-12T06:38:49.839+0000] {dag.py:3504} INFO - Setting next_dagrun for tutorial_dag to None, run_after=None
[2024-09-12T06:38:49.880+0000] {processor.py:179} INFO - Processing /home/vscode/.local/lib/python3.10/site-packages/airflow/example_dags/tutorial_dag.py took 0.316 seconds
[2024-09-12T06:39:22.340+0000] {processor.py:157} INFO - Started process (PID=7329) to work on /home/vscode/.local/lib/python3.10/site-packages/airflow/example_dags/tutorial_dag.py
[2024-09-12T06:39:22.340+0000] {processor.py:826} INFO - Processing file /home/vscode/.local/lib/python3.10/site-packages/airflow/example_dags/tutorial_dag.py for tasks to queue
[2024-09-12T06:39:22.341+0000] {logging_mixin.py:150} INFO - [2024-09-12T06:39:22.341+0000] {dagbag.py:541} INFO - Filling up the DagBag from /home/vscode/.local/lib/python3.10/site-packages/airflow/example_dags/tutorial_dag.py
[2024-09-12T06:39:22.349+0000] {processor.py:836} INFO - DAG(s) dict_keys(['tutorial_dag']) retrieved from /home/vscode/.local/lib/python3.10/site-packages/airflow/example_dags/tutorial_dag.py
[2024-09-12T06:39:22.368+0000] {logging_mixin.py:150} INFO - [2024-09-12T06:39:22.368+0000] {dag.py:2742} INFO - Sync 1 DAGs
[2024-09-12T06:39:22.455+0000] {logging_mixin.py:150} INFO - [2024-09-12T06:39:22.455+0000] {dag.py:3504} INFO - Setting next_dagrun for tutorial_dag to None, run_after=None
[2024-09-12T06:39:22.495+0000] {processor.py:179} INFO - Processing /home/vscode/.local/lib/python3.10/site-packages/airflow/example_dags/tutorial_dag.py took 0.158 seconds
[2024-09-12T06:40:18.475+0000] {processor.py:157} INFO - Started process (PID=7696) to work on /home/vscode/.local/lib/python3.10/site-packages/airflow/example_dags/tutorial_dag.py
[2024-09-12T06:40:18.476+0000] {processor.py:826} INFO - Processing file /home/vscode/.local/lib/python3.10/site-packages/airflow/example_dags/tutorial_dag.py for tasks to queue
[2024-09-12T06:40:18.476+0000] {logging_mixin.py:150} INFO - [2024-09-12T06:40:18.476+0000] {dagbag.py:541} INFO - Filling up the DagBag from /home/vscode/.local/lib/python3.10/site-packages/airflow/example_dags/tutorial_dag.py
[2024-09-12T06:40:18.480+0000] {processor.py:836} INFO - DAG(s) dict_keys(['tutorial_dag']) retrieved from /home/vscode/.local/lib/python3.10/site-packages/airflow/example_dags/tutorial_dag.py
[2024-09-12T06:40:18.491+0000] {logging_mixin.py:150} INFO - [2024-09-12T06:40:18.491+0000] {dag.py:2742} INFO - Sync 1 DAGs
[2024-09-12T06:40:18.505+0000] {logging_mixin.py:150} INFO - [2024-09-12T06:40:18.505+0000] {dag.py:3504} INFO - Setting next_dagrun for tutorial_dag to None, run_after=None
[2024-09-12T06:40:18.548+0000] {processor.py:179} INFO - Processing /home/vscode/.local/lib/python3.10/site-packages/airflow/example_dags/tutorial_dag.py took 0.075 seconds
[2024-09-12T06:40:59.331+0000] {processor.py:157} INFO - Started process (PID=7971) to work on /home/vscode/.local/lib/python3.10/site-packages/airflow/example_dags/tutorial_dag.py
[2024-09-12T06:40:59.334+0000] {processor.py:826} INFO - Processing file /home/vscode/.local/lib/python3.10/site-packages/airflow/example_dags/tutorial_dag.py for tasks to queue
[2024-09-12T06:40:59.335+0000] {logging_mixin.py:150} INFO - [2024-09-12T06:40:59.335+0000] {dagbag.py:541} INFO - Filling up the DagBag from /home/vscode/.local/lib/python3.10/site-packages/airflow/example_dags/tutorial_dag.py
[2024-09-12T06:40:59.340+0000] {processor.py:836} INFO - DAG(s) dict_keys(['tutorial_dag']) retrieved from /home/vscode/.local/lib/python3.10/site-packages/airflow/example_dags/tutorial_dag.py
[2024-09-12T06:40:59.353+0000] {logging_mixin.py:150} INFO - [2024-09-12T06:40:59.353+0000] {dag.py:2742} INFO - Sync 1 DAGs
[2024-09-12T06:40:59.367+0000] {logging_mixin.py:150} INFO - [2024-09-12T06:40:59.367+0000] {dag.py:3504} INFO - Setting next_dagrun for tutorial_dag to None, run_after=None
[2024-09-12T06:40:59.428+0000] {processor.py:179} INFO - Processing /home/vscode/.local/lib/python3.10/site-packages/airflow/example_dags/tutorial_dag.py took 0.100 seconds
[2024-09-12T06:41:42.362+0000] {processor.py:157} INFO - Started process (PID=8266) to work on /home/vscode/.local/lib/python3.10/site-packages/airflow/example_dags/tutorial_dag.py
[2024-09-12T06:41:42.363+0000] {processor.py:826} INFO - Processing file /home/vscode/.local/lib/python3.10/site-packages/airflow/example_dags/tutorial_dag.py for tasks to queue
[2024-09-12T06:41:42.363+0000] {logging_mixin.py:150} INFO - [2024-09-12T06:41:42.363+0000] {dagbag.py:541} INFO - Filling up the DagBag from /home/vscode/.local/lib/python3.10/site-packages/airflow/example_dags/tutorial_dag.py
[2024-09-12T06:41:42.367+0000] {processor.py:836} INFO - DAG(s) dict_keys(['tutorial_dag']) retrieved from /home/vscode/.local/lib/python3.10/site-packages/airflow/example_dags/tutorial_dag.py
[2024-09-12T06:41:42.378+0000] {logging_mixin.py:150} INFO - [2024-09-12T06:41:42.378+0000] {dag.py:2742} INFO - Sync 1 DAGs
[2024-09-12T06:41:42.391+0000] {logging_mixin.py:150} INFO - [2024-09-12T06:41:42.391+0000] {dag.py:3504} INFO - Setting next_dagrun for tutorial_dag to None, run_after=None
[2024-09-12T06:41:42.428+0000] {processor.py:179} INFO - Processing /home/vscode/.local/lib/python3.10/site-packages/airflow/example_dags/tutorial_dag.py took 0.068 seconds
[2024-09-12T06:42:28.601+0000] {processor.py:157} INFO - Started process (PID=8563) to work on /home/vscode/.local/lib/python3.10/site-packages/airflow/example_dags/tutorial_dag.py
[2024-09-12T06:42:28.602+0000] {processor.py:826} INFO - Processing file /home/vscode/.local/lib/python3.10/site-packages/airflow/example_dags/tutorial_dag.py for tasks to queue
[2024-09-12T06:42:28.603+0000] {logging_mixin.py:150} INFO - [2024-09-12T06:42:28.602+0000] {dagbag.py:541} INFO - Filling up the DagBag from /home/vscode/.local/lib/python3.10/site-packages/airflow/example_dags/tutorial_dag.py
[2024-09-12T06:42:28.606+0000] {processor.py:836} INFO - DAG(s) dict_keys(['tutorial_dag']) retrieved from /home/vscode/.local/lib/python3.10/site-packages/airflow/example_dags/tutorial_dag.py
[2024-09-12T06:42:28.618+0000] {logging_mixin.py:150} INFO - [2024-09-12T06:42:28.617+0000] {dag.py:2742} INFO - Sync 1 DAGs
[2024-09-12T06:42:28.631+0000] {logging_mixin.py:150} INFO - [2024-09-12T06:42:28.631+0000] {dag.py:3504} INFO - Setting next_dagrun for tutorial_dag to None, run_after=None
[2024-09-12T06:42:28.665+0000] {processor.py:179} INFO - Processing /home/vscode/.local/lib/python3.10/site-packages/airflow/example_dags/tutorial_dag.py took 0.066 seconds
[2024-09-12T06:43:11.209+0000] {processor.py:157} INFO - Started process (PID=8859) to work on /home/vscode/.local/lib/python3.10/site-packages/airflow/example_dags/tutorial_dag.py
[2024-09-12T06:43:11.209+0000] {processor.py:826} INFO - Processing file /home/vscode/.local/lib/python3.10/site-packages/airflow/example_dags/tutorial_dag.py for tasks to queue
[2024-09-12T06:43:11.210+0000] {logging_mixin.py:150} INFO - [2024-09-12T06:43:11.210+0000] {dagbag.py:541} INFO - Filling up the DagBag from /home/vscode/.local/lib/python3.10/site-packages/airflow/example_dags/tutorial_dag.py
[2024-09-12T06:43:11.214+0000] {processor.py:836} INFO - DAG(s) dict_keys(['tutorial_dag']) retrieved from /home/vscode/.local/lib/python3.10/site-packages/airflow/example_dags/tutorial_dag.py
[2024-09-12T06:43:11.225+0000] {logging_mixin.py:150} INFO - [2024-09-12T06:43:11.225+0000] {dag.py:2742} INFO - Sync 1 DAGs
[2024-09-12T06:43:11.239+0000] {logging_mixin.py:150} INFO - [2024-09-12T06:43:11.239+0000] {dag.py:3504} INFO - Setting next_dagrun for tutorial_dag to None, run_after=None
[2024-09-12T06:43:11.273+0000] {processor.py:179} INFO - Processing /home/vscode/.local/lib/python3.10/site-packages/airflow/example_dags/tutorial_dag.py took 0.066 seconds
[2024-09-12T06:43:55.114+0000] {processor.py:157} INFO - Started process (PID=9156) to work on /home/vscode/.local/lib/python3.10/site-packages/airflow/example_dags/tutorial_dag.py
[2024-09-12T06:43:55.115+0000] {processor.py:826} INFO - Processing file /home/vscode/.local/lib/python3.10/site-packages/airflow/example_dags/tutorial_dag.py for tasks to queue
[2024-09-12T06:43:55.115+0000] {logging_mixin.py:150} INFO - [2024-09-12T06:43:55.115+0000] {dagbag.py:541} INFO - Filling up the DagBag from /home/vscode/.local/lib/python3.10/site-packages/airflow/example_dags/tutorial_dag.py
[2024-09-12T06:43:55.119+0000] {processor.py:836} INFO - DAG(s) dict_keys(['tutorial_dag']) retrieved from /home/vscode/.local/lib/python3.10/site-packages/airflow/example_dags/tutorial_dag.py
[2024-09-12T06:43:55.130+0000] {logging_mixin.py:150} INFO - [2024-09-12T06:43:55.130+0000] {dag.py:2742} INFO - Sync 1 DAGs
[2024-09-12T06:43:55.144+0000] {logging_mixin.py:150} INFO - [2024-09-12T06:43:55.144+0000] {dag.py:3504} INFO - Setting next_dagrun for tutorial_dag to None, run_after=None
[2024-09-12T06:43:55.185+0000] {processor.py:179} INFO - Processing /home/vscode/.local/lib/python3.10/site-packages/airflow/example_dags/tutorial_dag.py took 0.073 seconds
[2024-09-12T06:44:35.351+0000] {processor.py:157} INFO - Started process (PID=9432) to work on /home/vscode/.local/lib/python3.10/site-packages/airflow/example_dags/tutorial_dag.py
[2024-09-12T06:44:35.352+0000] {processor.py:826} INFO - Processing file /home/vscode/.local/lib/python3.10/site-packages/airflow/example_dags/tutorial_dag.py for tasks to queue
[2024-09-12T06:44:35.352+0000] {logging_mixin.py:150} INFO - [2024-09-12T06:44:35.352+0000] {dagbag.py:541} INFO - Filling up the DagBag from /home/vscode/.local/lib/python3.10/site-packages/airflow/example_dags/tutorial_dag.py
[2024-09-12T06:44:35.356+0000] {processor.py:836} INFO - DAG(s) dict_keys(['tutorial_dag']) retrieved from /home/vscode/.local/lib/python3.10/site-packages/airflow/example_dags/tutorial_dag.py
[2024-09-12T06:44:35.367+0000] {logging_mixin.py:150} INFO - [2024-09-12T06:44:35.367+0000] {dag.py:2742} INFO - Sync 1 DAGs
[2024-09-12T06:44:35.381+0000] {logging_mixin.py:150} INFO - [2024-09-12T06:44:35.380+0000] {dag.py:3504} INFO - Setting next_dagrun for tutorial_dag to None, run_after=None
[2024-09-12T06:44:35.420+0000] {processor.py:179} INFO - Processing /home/vscode/.local/lib/python3.10/site-packages/airflow/example_dags/tutorial_dag.py took 0.071 seconds
[2024-09-12T06:45:19.485+0000] {processor.py:157} INFO - Started process (PID=9721) to work on /home/vscode/.local/lib/python3.10/site-packages/airflow/example_dags/tutorial_dag.py
[2024-09-12T06:45:19.486+0000] {processor.py:826} INFO - Processing file /home/vscode/.local/lib/python3.10/site-packages/airflow/example_dags/tutorial_dag.py for tasks to queue
[2024-09-12T06:45:19.487+0000] {logging_mixin.py:150} INFO - [2024-09-12T06:45:19.486+0000] {dagbag.py:541} INFO - Filling up the DagBag from /home/vscode/.local/lib/python3.10/site-packages/airflow/example_dags/tutorial_dag.py
[2024-09-12T06:45:19.492+0000] {processor.py:836} INFO - DAG(s) dict_keys(['tutorial_dag']) retrieved from /home/vscode/.local/lib/python3.10/site-packages/airflow/example_dags/tutorial_dag.py
[2024-09-12T06:45:19.503+0000] {logging_mixin.py:150} INFO - [2024-09-12T06:45:19.503+0000] {dag.py:2742} INFO - Sync 1 DAGs
[2024-09-12T06:45:19.517+0000] {logging_mixin.py:150} INFO - [2024-09-12T06:45:19.516+0000] {dag.py:3504} INFO - Setting next_dagrun for tutorial_dag to None, run_after=None
[2024-09-12T06:45:19.559+0000] {processor.py:179} INFO - Processing /home/vscode/.local/lib/python3.10/site-packages/airflow/example_dags/tutorial_dag.py took 0.077 seconds
[2024-09-12T06:46:05.625+0000] {processor.py:157} INFO - Started process (PID=10030) to work on /home/vscode/.local/lib/python3.10/site-packages/airflow/example_dags/tutorial_dag.py
[2024-09-12T06:46:05.625+0000] {processor.py:826} INFO - Processing file /home/vscode/.local/lib/python3.10/site-packages/airflow/example_dags/tutorial_dag.py for tasks to queue
[2024-09-12T06:46:05.626+0000] {logging_mixin.py:150} INFO - [2024-09-12T06:46:05.626+0000] {dagbag.py:541} INFO - Filling up the DagBag from /home/vscode/.local/lib/python3.10/site-packages/airflow/example_dags/tutorial_dag.py
[2024-09-12T06:46:05.630+0000] {processor.py:836} INFO - DAG(s) dict_keys(['tutorial_dag']) retrieved from /home/vscode/.local/lib/python3.10/site-packages/airflow/example_dags/tutorial_dag.py
[2024-09-12T06:46:05.641+0000] {logging_mixin.py:150} INFO - [2024-09-12T06:46:05.641+0000] {dag.py:2742} INFO - Sync 1 DAGs
[2024-09-12T06:46:05.654+0000] {logging_mixin.py:150} INFO - [2024-09-12T06:46:05.654+0000] {dag.py:3504} INFO - Setting next_dagrun for tutorial_dag to None, run_after=None
[2024-09-12T06:46:05.684+0000] {processor.py:179} INFO - Processing /home/vscode/.local/lib/python3.10/site-packages/airflow/example_dags/tutorial_dag.py took 0.061 seconds
[2024-09-12T06:46:48.794+0000] {processor.py:157} INFO - Started process (PID=10318) to work on /home/vscode/.local/lib/python3.10/site-packages/airflow/example_dags/tutorial_dag.py
[2024-09-12T06:46:48.794+0000] {processor.py:826} INFO - Processing file /home/vscode/.local/lib/python3.10/site-packages/airflow/example_dags/tutorial_dag.py for tasks to queue
[2024-09-12T06:46:48.795+0000] {logging_mixin.py:150} INFO - [2024-09-12T06:46:48.795+0000] {dagbag.py:541} INFO - Filling up the DagBag from /home/vscode/.local/lib/python3.10/site-packages/airflow/example_dags/tutorial_dag.py
[2024-09-12T06:46:48.799+0000] {processor.py:836} INFO - DAG(s) dict_keys(['tutorial_dag']) retrieved from /home/vscode/.local/lib/python3.10/site-packages/airflow/example_dags/tutorial_dag.py
[2024-09-12T06:46:48.810+0000] {logging_mixin.py:150} INFO - [2024-09-12T06:46:48.810+0000] {dag.py:2742} INFO - Sync 1 DAGs
[2024-09-12T06:46:48.823+0000] {logging_mixin.py:150} INFO - [2024-09-12T06:46:48.823+0000] {dag.py:3504} INFO - Setting next_dagrun for tutorial_dag to None, run_after=None
[2024-09-12T06:46:48.856+0000] {processor.py:179} INFO - Processing /home/vscode/.local/lib/python3.10/site-packages/airflow/example_dags/tutorial_dag.py took 0.064 seconds
[2024-09-12T06:47:34.491+0000] {processor.py:157} INFO - Started process (PID=10629) to work on /home/vscode/.local/lib/python3.10/site-packages/airflow/example_dags/tutorial_dag.py
[2024-09-12T06:47:34.492+0000] {processor.py:826} INFO - Processing file /home/vscode/.local/lib/python3.10/site-packages/airflow/example_dags/tutorial_dag.py for tasks to queue
[2024-09-12T06:47:34.493+0000] {logging_mixin.py:150} INFO - [2024-09-12T06:47:34.492+0000] {dagbag.py:541} INFO - Filling up the DagBag from /home/vscode/.local/lib/python3.10/site-packages/airflow/example_dags/tutorial_dag.py
[2024-09-12T06:47:34.497+0000] {processor.py:836} INFO - DAG(s) dict_keys(['tutorial_dag']) retrieved from /home/vscode/.local/lib/python3.10/site-packages/airflow/example_dags/tutorial_dag.py
[2024-09-12T06:47:34.508+0000] {logging_mixin.py:150} INFO - [2024-09-12T06:47:34.508+0000] {dag.py:2742} INFO - Sync 1 DAGs
[2024-09-12T06:47:34.522+0000] {logging_mixin.py:150} INFO - [2024-09-12T06:47:34.521+0000] {dag.py:3504} INFO - Setting next_dagrun for tutorial_dag to None, run_after=None
[2024-09-12T06:47:34.580+0000] {processor.py:179} INFO - Processing /home/vscode/.local/lib/python3.10/site-packages/airflow/example_dags/tutorial_dag.py took 0.091 seconds
[2024-09-12T06:48:17.614+0000] {processor.py:157} INFO - Started process (PID=10924) to work on /home/vscode/.local/lib/python3.10/site-packages/airflow/example_dags/tutorial_dag.py
[2024-09-12T06:48:17.615+0000] {processor.py:826} INFO - Processing file /home/vscode/.local/lib/python3.10/site-packages/airflow/example_dags/tutorial_dag.py for tasks to queue
[2024-09-12T06:48:17.615+0000] {logging_mixin.py:150} INFO - [2024-09-12T06:48:17.615+0000] {dagbag.py:541} INFO - Filling up the DagBag from /home/vscode/.local/lib/python3.10/site-packages/airflow/example_dags/tutorial_dag.py
[2024-09-12T06:48:17.619+0000] {processor.py:836} INFO - DAG(s) dict_keys(['tutorial_dag']) retrieved from /home/vscode/.local/lib/python3.10/site-packages/airflow/example_dags/tutorial_dag.py
[2024-09-12T06:48:17.631+0000] {logging_mixin.py:150} INFO - [2024-09-12T06:48:17.631+0000] {dag.py:2742} INFO - Sync 1 DAGs
[2024-09-12T06:48:17.644+0000] {logging_mixin.py:150} INFO - [2024-09-12T06:48:17.644+0000] {dag.py:3504} INFO - Setting next_dagrun for tutorial_dag to None, run_after=None
[2024-09-12T06:48:17.689+0000] {processor.py:179} INFO - Processing /home/vscode/.local/lib/python3.10/site-packages/airflow/example_dags/tutorial_dag.py took 0.077 seconds
[2024-09-12T06:48:58.908+0000] {processor.py:157} INFO - Started process (PID=11193) to work on /home/vscode/.local/lib/python3.10/site-packages/airflow/example_dags/tutorial_dag.py
[2024-09-12T06:48:58.909+0000] {processor.py:826} INFO - Processing file /home/vscode/.local/lib/python3.10/site-packages/airflow/example_dags/tutorial_dag.py for tasks to queue
[2024-09-12T06:48:58.910+0000] {logging_mixin.py:150} INFO - [2024-09-12T06:48:58.910+0000] {dagbag.py:541} INFO - Filling up the DagBag from /home/vscode/.local/lib/python3.10/site-packages/airflow/example_dags/tutorial_dag.py
[2024-09-12T06:48:58.915+0000] {processor.py:836} INFO - DAG(s) dict_keys(['tutorial_dag']) retrieved from /home/vscode/.local/lib/python3.10/site-packages/airflow/example_dags/tutorial_dag.py
[2024-09-12T06:48:58.931+0000] {logging_mixin.py:150} INFO - [2024-09-12T06:48:58.930+0000] {dag.py:2742} INFO - Sync 1 DAGs
[2024-09-12T06:48:58.949+0000] {logging_mixin.py:150} INFO - [2024-09-12T06:48:58.949+0000] {dag.py:3504} INFO - Setting next_dagrun for tutorial_dag to None, run_after=None
[2024-09-12T06:48:58.997+0000] {processor.py:179} INFO - Processing /home/vscode/.local/lib/python3.10/site-packages/airflow/example_dags/tutorial_dag.py took 0.091 seconds
[2024-09-12T06:49:30.931+0000] {processor.py:157} INFO - Started process (PID=11413) to work on /home/vscode/.local/lib/python3.10/site-packages/airflow/example_dags/tutorial_dag.py
[2024-09-12T06:49:30.931+0000] {processor.py:826} INFO - Processing file /home/vscode/.local/lib/python3.10/site-packages/airflow/example_dags/tutorial_dag.py for tasks to queue
[2024-09-12T06:49:30.932+0000] {logging_mixin.py:150} INFO - [2024-09-12T06:49:30.931+0000] {dagbag.py:541} INFO - Filling up the DagBag from /home/vscode/.local/lib/python3.10/site-packages/airflow/example_dags/tutorial_dag.py
[2024-09-12T06:49:30.936+0000] {processor.py:836} INFO - DAG(s) dict_keys(['tutorial_dag']) retrieved from /home/vscode/.local/lib/python3.10/site-packages/airflow/example_dags/tutorial_dag.py
[2024-09-12T06:49:30.947+0000] {logging_mixin.py:150} INFO - [2024-09-12T06:49:30.947+0000] {dag.py:2742} INFO - Sync 1 DAGs
[2024-09-12T06:49:30.960+0000] {logging_mixin.py:150} INFO - [2024-09-12T06:49:30.960+0000] {dag.py:3504} INFO - Setting next_dagrun for tutorial_dag to None, run_after=None
[2024-09-12T06:49:30.992+0000] {processor.py:179} INFO - Processing /home/vscode/.local/lib/python3.10/site-packages/airflow/example_dags/tutorial_dag.py took 0.064 seconds
[2024-09-12T06:50:08.810+0000] {processor.py:157} INFO - Started process (PID=11672) to work on /home/vscode/.local/lib/python3.10/site-packages/airflow/example_dags/tutorial_dag.py
[2024-09-12T06:50:08.810+0000] {processor.py:826} INFO - Processing file /home/vscode/.local/lib/python3.10/site-packages/airflow/example_dags/tutorial_dag.py for tasks to queue
[2024-09-12T06:50:08.811+0000] {logging_mixin.py:150} INFO - [2024-09-12T06:50:08.811+0000] {dagbag.py:541} INFO - Filling up the DagBag from /home/vscode/.local/lib/python3.10/site-packages/airflow/example_dags/tutorial_dag.py
[2024-09-12T06:50:08.815+0000] {processor.py:836} INFO - DAG(s) dict_keys(['tutorial_dag']) retrieved from /home/vscode/.local/lib/python3.10/site-packages/airflow/example_dags/tutorial_dag.py
[2024-09-12T06:50:08.826+0000] {logging_mixin.py:150} INFO - [2024-09-12T06:50:08.826+0000] {dag.py:2742} INFO - Sync 1 DAGs
[2024-09-12T06:50:08.840+0000] {logging_mixin.py:150} INFO - [2024-09-12T06:50:08.839+0000] {dag.py:3504} INFO - Setting next_dagrun for tutorial_dag to None, run_after=None
[2024-09-12T06:50:08.874+0000] {processor.py:179} INFO - Processing /home/vscode/.local/lib/python3.10/site-packages/airflow/example_dags/tutorial_dag.py took 0.066 seconds
[2024-09-12T06:50:53.571+0000] {processor.py:157} INFO - Started process (PID=11967) to work on /home/vscode/.local/lib/python3.10/site-packages/airflow/example_dags/tutorial_dag.py
[2024-09-12T06:50:53.571+0000] {processor.py:826} INFO - Processing file /home/vscode/.local/lib/python3.10/site-packages/airflow/example_dags/tutorial_dag.py for tasks to queue
[2024-09-12T06:50:53.572+0000] {logging_mixin.py:150} INFO - [2024-09-12T06:50:53.572+0000] {dagbag.py:541} INFO - Filling up the DagBag from /home/vscode/.local/lib/python3.10/site-packages/airflow/example_dags/tutorial_dag.py
[2024-09-12T06:50:53.575+0000] {processor.py:836} INFO - DAG(s) dict_keys(['tutorial_dag']) retrieved from /home/vscode/.local/lib/python3.10/site-packages/airflow/example_dags/tutorial_dag.py
[2024-09-12T06:50:53.587+0000] {logging_mixin.py:150} INFO - [2024-09-12T06:50:53.587+0000] {dag.py:2742} INFO - Sync 1 DAGs
[2024-09-12T06:50:53.600+0000] {logging_mixin.py:150} INFO - [2024-09-12T06:50:53.600+0000] {dag.py:3504} INFO - Setting next_dagrun for tutorial_dag to None, run_after=None
[2024-09-12T06:50:53.644+0000] {processor.py:179} INFO - Processing /home/vscode/.local/lib/python3.10/site-packages/airflow/example_dags/tutorial_dag.py took 0.076 seconds
[2024-09-12T06:51:27.533+0000] {processor.py:157} INFO - Started process (PID=12207) to work on /home/vscode/.local/lib/python3.10/site-packages/airflow/example_dags/tutorial_dag.py
[2024-09-12T06:51:27.533+0000] {processor.py:826} INFO - Processing file /home/vscode/.local/lib/python3.10/site-packages/airflow/example_dags/tutorial_dag.py for tasks to queue
[2024-09-12T06:51:27.534+0000] {logging_mixin.py:150} INFO - [2024-09-12T06:51:27.534+0000] {dagbag.py:541} INFO - Filling up the DagBag from /home/vscode/.local/lib/python3.10/site-packages/airflow/example_dags/tutorial_dag.py
[2024-09-12T06:51:27.538+0000] {processor.py:836} INFO - DAG(s) dict_keys(['tutorial_dag']) retrieved from /home/vscode/.local/lib/python3.10/site-packages/airflow/example_dags/tutorial_dag.py
[2024-09-12T06:51:27.549+0000] {logging_mixin.py:150} INFO - [2024-09-12T06:51:27.549+0000] {dag.py:2742} INFO - Sync 1 DAGs
[2024-09-12T06:51:27.564+0000] {logging_mixin.py:150} INFO - [2024-09-12T06:51:27.564+0000] {dag.py:3504} INFO - Setting next_dagrun for tutorial_dag to None, run_after=None
[2024-09-12T06:51:27.604+0000] {processor.py:179} INFO - Processing /home/vscode/.local/lib/python3.10/site-packages/airflow/example_dags/tutorial_dag.py took 0.074 seconds
[2024-09-12T06:52:13.003+0000] {processor.py:157} INFO - Started process (PID=12503) to work on /home/vscode/.local/lib/python3.10/site-packages/airflow/example_dags/tutorial_dag.py
[2024-09-12T06:52:13.003+0000] {processor.py:826} INFO - Processing file /home/vscode/.local/lib/python3.10/site-packages/airflow/example_dags/tutorial_dag.py for tasks to queue
[2024-09-12T06:52:13.004+0000] {logging_mixin.py:150} INFO - [2024-09-12T06:52:13.004+0000] {dagbag.py:541} INFO - Filling up the DagBag from /home/vscode/.local/lib/python3.10/site-packages/airflow/example_dags/tutorial_dag.py
[2024-09-12T06:52:13.008+0000] {processor.py:836} INFO - DAG(s) dict_keys(['tutorial_dag']) retrieved from /home/vscode/.local/lib/python3.10/site-packages/airflow/example_dags/tutorial_dag.py
[2024-09-12T06:52:13.020+0000] {logging_mixin.py:150} INFO - [2024-09-12T06:52:13.020+0000] {dag.py:2742} INFO - Sync 1 DAGs
[2024-09-12T06:52:13.033+0000] {logging_mixin.py:150} INFO - [2024-09-12T06:52:13.033+0000] {dag.py:3504} INFO - Setting next_dagrun for tutorial_dag to None, run_after=None
[2024-09-12T06:52:13.060+0000] {processor.py:179} INFO - Processing /home/vscode/.local/lib/python3.10/site-packages/airflow/example_dags/tutorial_dag.py took 0.059 seconds
[2024-09-12T06:52:59.230+0000] {processor.py:157} INFO - Started process (PID=12814) to work on /home/vscode/.local/lib/python3.10/site-packages/airflow/example_dags/tutorial_dag.py
[2024-09-12T06:52:59.230+0000] {processor.py:826} INFO - Processing file /home/vscode/.local/lib/python3.10/site-packages/airflow/example_dags/tutorial_dag.py for tasks to queue
[2024-09-12T06:52:59.231+0000] {logging_mixin.py:150} INFO - [2024-09-12T06:52:59.231+0000] {dagbag.py:541} INFO - Filling up the DagBag from /home/vscode/.local/lib/python3.10/site-packages/airflow/example_dags/tutorial_dag.py
[2024-09-12T06:52:59.236+0000] {processor.py:836} INFO - DAG(s) dict_keys(['tutorial_dag']) retrieved from /home/vscode/.local/lib/python3.10/site-packages/airflow/example_dags/tutorial_dag.py
[2024-09-12T06:52:59.252+0000] {logging_mixin.py:150} INFO - [2024-09-12T06:52:59.252+0000] {dag.py:2742} INFO - Sync 1 DAGs
[2024-09-12T06:52:59.268+0000] {logging_mixin.py:150} INFO - [2024-09-12T06:52:59.268+0000] {dag.py:3504} INFO - Setting next_dagrun for tutorial_dag to None, run_after=None
[2024-09-12T06:52:59.304+0000] {processor.py:179} INFO - Processing /home/vscode/.local/lib/python3.10/site-packages/airflow/example_dags/tutorial_dag.py took 0.077 seconds
[2024-09-12T06:53:42.794+0000] {processor.py:157} INFO - Started process (PID=13111) to work on /home/vscode/.local/lib/python3.10/site-packages/airflow/example_dags/tutorial_dag.py
[2024-09-12T06:53:42.794+0000] {processor.py:826} INFO - Processing file /home/vscode/.local/lib/python3.10/site-packages/airflow/example_dags/tutorial_dag.py for tasks to queue
[2024-09-12T06:53:42.795+0000] {logging_mixin.py:150} INFO - [2024-09-12T06:53:42.795+0000] {dagbag.py:541} INFO - Filling up the DagBag from /home/vscode/.local/lib/python3.10/site-packages/airflow/example_dags/tutorial_dag.py
[2024-09-12T06:53:42.799+0000] {processor.py:836} INFO - DAG(s) dict_keys(['tutorial_dag']) retrieved from /home/vscode/.local/lib/python3.10/site-packages/airflow/example_dags/tutorial_dag.py
[2024-09-12T06:53:42.810+0000] {logging_mixin.py:150} INFO - [2024-09-12T06:53:42.810+0000] {dag.py:2742} INFO - Sync 1 DAGs
[2024-09-12T06:53:42.823+0000] {logging_mixin.py:150} INFO - [2024-09-12T06:53:42.823+0000] {dag.py:3504} INFO - Setting next_dagrun for tutorial_dag to None, run_after=None
[2024-09-12T06:53:42.849+0000] {processor.py:179} INFO - Processing /home/vscode/.local/lib/python3.10/site-packages/airflow/example_dags/tutorial_dag.py took 0.057 seconds
[2024-09-12T06:54:27.058+0000] {processor.py:157} INFO - Started process (PID=13416) to work on /home/vscode/.local/lib/python3.10/site-packages/airflow/example_dags/tutorial_dag.py
[2024-09-12T06:54:27.059+0000] {processor.py:826} INFO - Processing file /home/vscode/.local/lib/python3.10/site-packages/airflow/example_dags/tutorial_dag.py for tasks to queue
[2024-09-12T06:54:27.060+0000] {logging_mixin.py:150} INFO - [2024-09-12T06:54:27.059+0000] {dagbag.py:541} INFO - Filling up the DagBag from /home/vscode/.local/lib/python3.10/site-packages/airflow/example_dags/tutorial_dag.py
[2024-09-12T06:54:27.063+0000] {processor.py:836} INFO - DAG(s) dict_keys(['tutorial_dag']) retrieved from /home/vscode/.local/lib/python3.10/site-packages/airflow/example_dags/tutorial_dag.py
[2024-09-12T06:54:27.075+0000] {logging_mixin.py:150} INFO - [2024-09-12T06:54:27.075+0000] {dag.py:2742} INFO - Sync 1 DAGs
[2024-09-12T06:54:27.089+0000] {logging_mixin.py:150} INFO - [2024-09-12T06:54:27.089+0000] {dag.py:3504} INFO - Setting next_dagrun for tutorial_dag to None, run_after=None
[2024-09-12T06:54:27.124+0000] {processor.py:179} INFO - Processing /home/vscode/.local/lib/python3.10/site-packages/airflow/example_dags/tutorial_dag.py took 0.068 seconds
[2024-09-12T06:55:00.882+0000] {processor.py:157} INFO - Started process (PID=13634) to work on /home/vscode/.local/lib/python3.10/site-packages/airflow/example_dags/tutorial_dag.py
[2024-09-12T06:55:00.882+0000] {processor.py:826} INFO - Processing file /home/vscode/.local/lib/python3.10/site-packages/airflow/example_dags/tutorial_dag.py for tasks to queue
[2024-09-12T06:55:00.883+0000] {logging_mixin.py:150} INFO - [2024-09-12T06:55:00.883+0000] {dagbag.py:541} INFO - Filling up the DagBag from /home/vscode/.local/lib/python3.10/site-packages/airflow/example_dags/tutorial_dag.py
[2024-09-12T06:55:00.887+0000] {processor.py:836} INFO - DAG(s) dict_keys(['tutorial_dag']) retrieved from /home/vscode/.local/lib/python3.10/site-packages/airflow/example_dags/tutorial_dag.py
[2024-09-12T06:55:00.898+0000] {logging_mixin.py:150} INFO - [2024-09-12T06:55:00.898+0000] {dag.py:2742} INFO - Sync 1 DAGs
[2024-09-12T06:55:00.911+0000] {logging_mixin.py:150} INFO - [2024-09-12T06:55:00.911+0000] {dag.py:3504} INFO - Setting next_dagrun for tutorial_dag to None, run_after=None
[2024-09-12T06:55:00.955+0000] {processor.py:179} INFO - Processing /home/vscode/.local/lib/python3.10/site-packages/airflow/example_dags/tutorial_dag.py took 0.076 seconds
[2024-09-12T06:55:45.611+0000] {processor.py:157} INFO - Started process (PID=13930) to work on /home/vscode/.local/lib/python3.10/site-packages/airflow/example_dags/tutorial_dag.py
[2024-09-12T06:55:45.612+0000] {processor.py:826} INFO - Processing file /home/vscode/.local/lib/python3.10/site-packages/airflow/example_dags/tutorial_dag.py for tasks to queue
[2024-09-12T06:55:45.612+0000] {logging_mixin.py:150} INFO - [2024-09-12T06:55:45.612+0000] {dagbag.py:541} INFO - Filling up the DagBag from /home/vscode/.local/lib/python3.10/site-packages/airflow/example_dags/tutorial_dag.py
[2024-09-12T06:55:45.616+0000] {processor.py:836} INFO - DAG(s) dict_keys(['tutorial_dag']) retrieved from /home/vscode/.local/lib/python3.10/site-packages/airflow/example_dags/tutorial_dag.py
[2024-09-12T06:55:45.627+0000] {logging_mixin.py:150} INFO - [2024-09-12T06:55:45.627+0000] {dag.py:2742} INFO - Sync 1 DAGs
[2024-09-12T06:55:45.641+0000] {logging_mixin.py:150} INFO - [2024-09-12T06:55:45.641+0000] {dag.py:3504} INFO - Setting next_dagrun for tutorial_dag to None, run_after=None
[2024-09-12T06:55:45.671+0000] {processor.py:179} INFO - Processing /home/vscode/.local/lib/python3.10/site-packages/airflow/example_dags/tutorial_dag.py took 0.062 seconds
[2024-09-12T06:56:33.130+0000] {processor.py:157} INFO - Started process (PID=14248) to work on /home/vscode/.local/lib/python3.10/site-packages/airflow/example_dags/tutorial_dag.py
[2024-09-12T06:56:33.130+0000] {processor.py:826} INFO - Processing file /home/vscode/.local/lib/python3.10/site-packages/airflow/example_dags/tutorial_dag.py for tasks to queue
[2024-09-12T06:56:33.131+0000] {logging_mixin.py:150} INFO - [2024-09-12T06:56:33.131+0000] {dagbag.py:541} INFO - Filling up the DagBag from /home/vscode/.local/lib/python3.10/site-packages/airflow/example_dags/tutorial_dag.py
[2024-09-12T06:56:33.135+0000] {processor.py:836} INFO - DAG(s) dict_keys(['tutorial_dag']) retrieved from /home/vscode/.local/lib/python3.10/site-packages/airflow/example_dags/tutorial_dag.py
[2024-09-12T06:56:33.151+0000] {logging_mixin.py:150} INFO - [2024-09-12T06:56:33.151+0000] {dag.py:2742} INFO - Sync 1 DAGs
[2024-09-12T06:56:33.171+0000] {logging_mixin.py:150} INFO - [2024-09-12T06:56:33.171+0000] {dag.py:3504} INFO - Setting next_dagrun for tutorial_dag to None, run_after=None
[2024-09-12T06:56:33.209+0000] {processor.py:179} INFO - Processing /home/vscode/.local/lib/python3.10/site-packages/airflow/example_dags/tutorial_dag.py took 0.081 seconds
[2024-09-12T06:57:07.278+0000] {processor.py:157} INFO - Started process (PID=14482) to work on /home/vscode/.local/lib/python3.10/site-packages/airflow/example_dags/tutorial_dag.py
[2024-09-12T06:57:07.278+0000] {processor.py:826} INFO - Processing file /home/vscode/.local/lib/python3.10/site-packages/airflow/example_dags/tutorial_dag.py for tasks to queue
[2024-09-12T06:57:07.279+0000] {logging_mixin.py:150} INFO - [2024-09-12T06:57:07.279+0000] {dagbag.py:541} INFO - Filling up the DagBag from /home/vscode/.local/lib/python3.10/site-packages/airflow/example_dags/tutorial_dag.py
[2024-09-12T06:57:07.283+0000] {processor.py:836} INFO - DAG(s) dict_keys(['tutorial_dag']) retrieved from /home/vscode/.local/lib/python3.10/site-packages/airflow/example_dags/tutorial_dag.py
[2024-09-12T06:57:07.294+0000] {logging_mixin.py:150} INFO - [2024-09-12T06:57:07.294+0000] {dag.py:2742} INFO - Sync 1 DAGs
[2024-09-12T06:57:07.308+0000] {logging_mixin.py:150} INFO - [2024-09-12T06:57:07.308+0000] {dag.py:3504} INFO - Setting next_dagrun for tutorial_dag to None, run_after=None
[2024-09-12T06:57:07.418+0000] {processor.py:179} INFO - Processing /home/vscode/.local/lib/python3.10/site-packages/airflow/example_dags/tutorial_dag.py took 0.143 seconds
[2024-09-12T06:57:48.804+0000] {processor.py:157} INFO - Started process (PID=14767) to work on /home/vscode/.local/lib/python3.10/site-packages/airflow/example_dags/tutorial_dag.py
[2024-09-12T06:57:48.805+0000] {processor.py:826} INFO - Processing file /home/vscode/.local/lib/python3.10/site-packages/airflow/example_dags/tutorial_dag.py for tasks to queue
[2024-09-12T06:57:48.805+0000] {logging_mixin.py:150} INFO - [2024-09-12T06:57:48.805+0000] {dagbag.py:541} INFO - Filling up the DagBag from /home/vscode/.local/lib/python3.10/site-packages/airflow/example_dags/tutorial_dag.py
[2024-09-12T06:57:48.809+0000] {processor.py:836} INFO - DAG(s) dict_keys(['tutorial_dag']) retrieved from /home/vscode/.local/lib/python3.10/site-packages/airflow/example_dags/tutorial_dag.py
[2024-09-12T06:57:48.821+0000] {logging_mixin.py:150} INFO - [2024-09-12T06:57:48.821+0000] {dag.py:2742} INFO - Sync 1 DAGs
[2024-09-12T06:57:48.834+0000] {logging_mixin.py:150} INFO - [2024-09-12T06:57:48.834+0000] {dag.py:3504} INFO - Setting next_dagrun for tutorial_dag to None, run_after=None
[2024-09-12T06:57:48.861+0000] {processor.py:179} INFO - Processing /home/vscode/.local/lib/python3.10/site-packages/airflow/example_dags/tutorial_dag.py took 0.059 seconds
[2024-09-12T06:58:32.406+0000] {processor.py:157} INFO - Started process (PID=15056) to work on /home/vscode/.local/lib/python3.10/site-packages/airflow/example_dags/tutorial_dag.py
[2024-09-12T06:58:32.407+0000] {processor.py:826} INFO - Processing file /home/vscode/.local/lib/python3.10/site-packages/airflow/example_dags/tutorial_dag.py for tasks to queue
[2024-09-12T06:58:32.407+0000] {logging_mixin.py:150} INFO - [2024-09-12T06:58:32.407+0000] {dagbag.py:541} INFO - Filling up the DagBag from /home/vscode/.local/lib/python3.10/site-packages/airflow/example_dags/tutorial_dag.py
[2024-09-12T06:58:32.411+0000] {processor.py:836} INFO - DAG(s) dict_keys(['tutorial_dag']) retrieved from /home/vscode/.local/lib/python3.10/site-packages/airflow/example_dags/tutorial_dag.py
[2024-09-12T06:58:32.422+0000] {logging_mixin.py:150} INFO - [2024-09-12T06:58:32.422+0000] {dag.py:2742} INFO - Sync 1 DAGs
[2024-09-12T06:58:32.436+0000] {logging_mixin.py:150} INFO - [2024-09-12T06:58:32.436+0000] {dag.py:3504} INFO - Setting next_dagrun for tutorial_dag to None, run_after=None
[2024-09-12T06:58:32.470+0000] {processor.py:179} INFO - Processing /home/vscode/.local/lib/python3.10/site-packages/airflow/example_dags/tutorial_dag.py took 0.066 seconds
[2024-09-12T06:59:17.635+0000] {processor.py:157} INFO - Started process (PID=15360) to work on /home/vscode/.local/lib/python3.10/site-packages/airflow/example_dags/tutorial_dag.py
[2024-09-12T06:59:17.636+0000] {processor.py:826} INFO - Processing file /home/vscode/.local/lib/python3.10/site-packages/airflow/example_dags/tutorial_dag.py for tasks to queue
[2024-09-12T06:59:17.637+0000] {logging_mixin.py:150} INFO - [2024-09-12T06:59:17.636+0000] {dagbag.py:541} INFO - Filling up the DagBag from /home/vscode/.local/lib/python3.10/site-packages/airflow/example_dags/tutorial_dag.py
[2024-09-12T06:59:17.641+0000] {processor.py:836} INFO - DAG(s) dict_keys(['tutorial_dag']) retrieved from /home/vscode/.local/lib/python3.10/site-packages/airflow/example_dags/tutorial_dag.py
[2024-09-12T06:59:17.653+0000] {logging_mixin.py:150} INFO - [2024-09-12T06:59:17.652+0000] {dag.py:2742} INFO - Sync 1 DAGs
[2024-09-12T06:59:17.666+0000] {logging_mixin.py:150} INFO - [2024-09-12T06:59:17.666+0000] {dag.py:3504} INFO - Setting next_dagrun for tutorial_dag to None, run_after=None
[2024-09-12T06:59:17.693+0000] {processor.py:179} INFO - Processing /home/vscode/.local/lib/python3.10/site-packages/airflow/example_dags/tutorial_dag.py took 0.059 seconds
[2024-09-12T06:59:58.795+0000] {processor.py:157} INFO - Started process (PID=15637) to work on /home/vscode/.local/lib/python3.10/site-packages/airflow/example_dags/tutorial_dag.py
[2024-09-12T06:59:58.796+0000] {processor.py:826} INFO - Processing file /home/vscode/.local/lib/python3.10/site-packages/airflow/example_dags/tutorial_dag.py for tasks to queue
[2024-09-12T06:59:58.797+0000] {logging_mixin.py:150} INFO - [2024-09-12T06:59:58.796+0000] {dagbag.py:541} INFO - Filling up the DagBag from /home/vscode/.local/lib/python3.10/site-packages/airflow/example_dags/tutorial_dag.py
[2024-09-12T06:59:58.801+0000] {processor.py:836} INFO - DAG(s) dict_keys(['tutorial_dag']) retrieved from /home/vscode/.local/lib/python3.10/site-packages/airflow/example_dags/tutorial_dag.py
[2024-09-12T06:59:58.817+0000] {logging_mixin.py:150} INFO - [2024-09-12T06:59:58.817+0000] {dag.py:2742} INFO - Sync 1 DAGs
[2024-09-12T06:59:58.840+0000] {logging_mixin.py:150} INFO - [2024-09-12T06:59:58.840+0000] {dag.py:3504} INFO - Setting next_dagrun for tutorial_dag to None, run_after=None
[2024-09-12T06:59:58.898+0000] {processor.py:179} INFO - Processing /home/vscode/.local/lib/python3.10/site-packages/airflow/example_dags/tutorial_dag.py took 0.104 seconds
[2024-09-12T07:00:44.041+0000] {processor.py:157} INFO - Started process (PID=15939) to work on /home/vscode/.local/lib/python3.10/site-packages/airflow/example_dags/tutorial_dag.py
[2024-09-12T07:00:44.041+0000] {processor.py:826} INFO - Processing file /home/vscode/.local/lib/python3.10/site-packages/airflow/example_dags/tutorial_dag.py for tasks to queue
[2024-09-12T07:00:44.042+0000] {logging_mixin.py:150} INFO - [2024-09-12T07:00:44.042+0000] {dagbag.py:541} INFO - Filling up the DagBag from /home/vscode/.local/lib/python3.10/site-packages/airflow/example_dags/tutorial_dag.py
[2024-09-12T07:00:44.046+0000] {processor.py:836} INFO - DAG(s) dict_keys(['tutorial_dag']) retrieved from /home/vscode/.local/lib/python3.10/site-packages/airflow/example_dags/tutorial_dag.py
[2024-09-12T07:00:44.058+0000] {logging_mixin.py:150} INFO - [2024-09-12T07:00:44.057+0000] {dag.py:2742} INFO - Sync 1 DAGs
[2024-09-12T07:00:44.074+0000] {logging_mixin.py:150} INFO - [2024-09-12T07:00:44.074+0000] {dag.py:3504} INFO - Setting next_dagrun for tutorial_dag to None, run_after=None
[2024-09-12T07:00:44.115+0000] {processor.py:179} INFO - Processing /home/vscode/.local/lib/python3.10/site-packages/airflow/example_dags/tutorial_dag.py took 0.076 seconds
[2024-09-12T07:01:16.654+0000] {processor.py:157} INFO - Started process (PID=16158) to work on /home/vscode/.local/lib/python3.10/site-packages/airflow/example_dags/tutorial_dag.py
[2024-09-12T07:01:16.654+0000] {processor.py:826} INFO - Processing file /home/vscode/.local/lib/python3.10/site-packages/airflow/example_dags/tutorial_dag.py for tasks to queue
[2024-09-12T07:01:16.655+0000] {logging_mixin.py:150} INFO - [2024-09-12T07:01:16.655+0000] {dagbag.py:541} INFO - Filling up the DagBag from /home/vscode/.local/lib/python3.10/site-packages/airflow/example_dags/tutorial_dag.py
[2024-09-12T07:01:16.659+0000] {processor.py:836} INFO - DAG(s) dict_keys(['tutorial_dag']) retrieved from /home/vscode/.local/lib/python3.10/site-packages/airflow/example_dags/tutorial_dag.py
[2024-09-12T07:01:16.670+0000] {logging_mixin.py:150} INFO - [2024-09-12T07:01:16.670+0000] {dag.py:2742} INFO - Sync 1 DAGs
[2024-09-12T07:01:16.684+0000] {logging_mixin.py:150} INFO - [2024-09-12T07:01:16.684+0000] {dag.py:3504} INFO - Setting next_dagrun for tutorial_dag to None, run_after=None
[2024-09-12T07:01:16.719+0000] {processor.py:179} INFO - Processing /home/vscode/.local/lib/python3.10/site-packages/airflow/example_dags/tutorial_dag.py took 0.067 seconds
[2024-09-12T07:01:56.246+0000] {processor.py:157} INFO - Started process (PID=16424) to work on /home/vscode/.local/lib/python3.10/site-packages/airflow/example_dags/tutorial_dag.py
[2024-09-12T07:01:56.246+0000] {processor.py:826} INFO - Processing file /home/vscode/.local/lib/python3.10/site-packages/airflow/example_dags/tutorial_dag.py for tasks to queue
[2024-09-12T07:01:56.247+0000] {logging_mixin.py:150} INFO - [2024-09-12T07:01:56.247+0000] {dagbag.py:541} INFO - Filling up the DagBag from /home/vscode/.local/lib/python3.10/site-packages/airflow/example_dags/tutorial_dag.py
[2024-09-12T07:01:56.251+0000] {processor.py:836} INFO - DAG(s) dict_keys(['tutorial_dag']) retrieved from /home/vscode/.local/lib/python3.10/site-packages/airflow/example_dags/tutorial_dag.py
[2024-09-12T07:01:56.262+0000] {logging_mixin.py:150} INFO - [2024-09-12T07:01:56.262+0000] {dag.py:2742} INFO - Sync 1 DAGs
[2024-09-12T07:01:56.280+0000] {logging_mixin.py:150} INFO - [2024-09-12T07:01:56.279+0000] {dag.py:3504} INFO - Setting next_dagrun for tutorial_dag to None, run_after=None
[2024-09-12T07:01:56.322+0000] {processor.py:179} INFO - Processing /home/vscode/.local/lib/python3.10/site-packages/airflow/example_dags/tutorial_dag.py took 0.079 seconds
[2024-09-12T07:02:36.568+0000] {processor.py:157} INFO - Started process (PID=16700) to work on /home/vscode/.local/lib/python3.10/site-packages/airflow/example_dags/tutorial_dag.py
[2024-09-12T07:02:36.568+0000] {processor.py:826} INFO - Processing file /home/vscode/.local/lib/python3.10/site-packages/airflow/example_dags/tutorial_dag.py for tasks to queue
[2024-09-12T07:02:36.569+0000] {logging_mixin.py:150} INFO - [2024-09-12T07:02:36.569+0000] {dagbag.py:541} INFO - Filling up the DagBag from /home/vscode/.local/lib/python3.10/site-packages/airflow/example_dags/tutorial_dag.py
[2024-09-12T07:02:36.573+0000] {processor.py:836} INFO - DAG(s) dict_keys(['tutorial_dag']) retrieved from /home/vscode/.local/lib/python3.10/site-packages/airflow/example_dags/tutorial_dag.py
[2024-09-12T07:02:36.584+0000] {logging_mixin.py:150} INFO - [2024-09-12T07:02:36.584+0000] {dag.py:2742} INFO - Sync 1 DAGs
[2024-09-12T07:02:36.598+0000] {logging_mixin.py:150} INFO - [2024-09-12T07:02:36.597+0000] {dag.py:3504} INFO - Setting next_dagrun for tutorial_dag to None, run_after=None
[2024-09-12T07:02:36.632+0000] {processor.py:179} INFO - Processing /home/vscode/.local/lib/python3.10/site-packages/airflow/example_dags/tutorial_dag.py took 0.067 seconds
[2024-09-12T07:03:23.957+0000] {processor.py:157} INFO - Started process (PID=17019) to work on /home/vscode/.local/lib/python3.10/site-packages/airflow/example_dags/tutorial_dag.py
[2024-09-12T07:03:23.958+0000] {processor.py:826} INFO - Processing file /home/vscode/.local/lib/python3.10/site-packages/airflow/example_dags/tutorial_dag.py for tasks to queue
[2024-09-12T07:03:23.958+0000] {logging_mixin.py:150} INFO - [2024-09-12T07:03:23.958+0000] {dagbag.py:541} INFO - Filling up the DagBag from /home/vscode/.local/lib/python3.10/site-packages/airflow/example_dags/tutorial_dag.py
[2024-09-12T07:03:23.963+0000] {processor.py:836} INFO - DAG(s) dict_keys(['tutorial_dag']) retrieved from /home/vscode/.local/lib/python3.10/site-packages/airflow/example_dags/tutorial_dag.py
[2024-09-12T07:03:23.974+0000] {logging_mixin.py:150} INFO - [2024-09-12T07:03:23.974+0000] {dag.py:2742} INFO - Sync 1 DAGs
[2024-09-12T07:03:23.987+0000] {logging_mixin.py:150} INFO - [2024-09-12T07:03:23.987+0000] {dag.py:3504} INFO - Setting next_dagrun for tutorial_dag to None, run_after=None
[2024-09-12T07:03:24.026+0000] {processor.py:179} INFO - Processing /home/vscode/.local/lib/python3.10/site-packages/airflow/example_dags/tutorial_dag.py took 0.070 seconds
[2024-09-12T07:03:57.282+0000] {processor.py:157} INFO - Started process (PID=17284) to work on /home/vscode/.local/lib/python3.10/site-packages/airflow/example_dags/tutorial_dag.py
[2024-09-12T07:03:57.282+0000] {processor.py:826} INFO - Processing file /home/vscode/.local/lib/python3.10/site-packages/airflow/example_dags/tutorial_dag.py for tasks to queue
[2024-09-12T07:03:57.283+0000] {logging_mixin.py:150} INFO - [2024-09-12T07:03:57.283+0000] {dagbag.py:541} INFO - Filling up the DagBag from /home/vscode/.local/lib/python3.10/site-packages/airflow/example_dags/tutorial_dag.py
[2024-09-12T07:03:57.287+0000] {processor.py:836} INFO - DAG(s) dict_keys(['tutorial_dag']) retrieved from /home/vscode/.local/lib/python3.10/site-packages/airflow/example_dags/tutorial_dag.py
[2024-09-12T07:03:57.299+0000] {logging_mixin.py:150} INFO - [2024-09-12T07:03:57.299+0000] {dag.py:2742} INFO - Sync 1 DAGs
[2024-09-12T07:03:57.312+0000] {logging_mixin.py:150} INFO - [2024-09-12T07:03:57.312+0000] {dag.py:3504} INFO - Setting next_dagrun for tutorial_dag to None, run_after=None
[2024-09-12T07:03:57.344+0000] {processor.py:179} INFO - Processing /home/vscode/.local/lib/python3.10/site-packages/airflow/example_dags/tutorial_dag.py took 0.064 seconds
[2024-09-12T07:04:41.421+0000] {processor.py:157} INFO - Started process (PID=17628) to work on /home/vscode/.local/lib/python3.10/site-packages/airflow/example_dags/tutorial_dag.py
[2024-09-12T07:04:41.422+0000] {processor.py:826} INFO - Processing file /home/vscode/.local/lib/python3.10/site-packages/airflow/example_dags/tutorial_dag.py for tasks to queue
[2024-09-12T07:04:41.422+0000] {logging_mixin.py:150} INFO - [2024-09-12T07:04:41.422+0000] {dagbag.py:541} INFO - Filling up the DagBag from /home/vscode/.local/lib/python3.10/site-packages/airflow/example_dags/tutorial_dag.py
[2024-09-12T07:04:41.426+0000] {processor.py:836} INFO - DAG(s) dict_keys(['tutorial_dag']) retrieved from /home/vscode/.local/lib/python3.10/site-packages/airflow/example_dags/tutorial_dag.py
[2024-09-12T07:04:41.438+0000] {logging_mixin.py:150} INFO - [2024-09-12T07:04:41.437+0000] {dag.py:2742} INFO - Sync 1 DAGs
[2024-09-12T07:04:41.451+0000] {logging_mixin.py:150} INFO - [2024-09-12T07:04:41.451+0000] {dag.py:3504} INFO - Setting next_dagrun for tutorial_dag to None, run_after=None
[2024-09-12T07:04:41.484+0000] {processor.py:179} INFO - Processing /home/vscode/.local/lib/python3.10/site-packages/airflow/example_dags/tutorial_dag.py took 0.065 seconds
[2024-09-12T07:05:28.213+0000] {processor.py:157} INFO - Started process (PID=18048) to work on /home/vscode/.local/lib/python3.10/site-packages/airflow/example_dags/tutorial_dag.py
[2024-09-12T07:05:28.213+0000] {processor.py:826} INFO - Processing file /home/vscode/.local/lib/python3.10/site-packages/airflow/example_dags/tutorial_dag.py for tasks to queue
[2024-09-12T07:05:28.214+0000] {logging_mixin.py:150} INFO - [2024-09-12T07:05:28.214+0000] {dagbag.py:541} INFO - Filling up the DagBag from /home/vscode/.local/lib/python3.10/site-packages/airflow/example_dags/tutorial_dag.py
[2024-09-12T07:05:28.218+0000] {processor.py:836} INFO - DAG(s) dict_keys(['tutorial_dag']) retrieved from /home/vscode/.local/lib/python3.10/site-packages/airflow/example_dags/tutorial_dag.py
[2024-09-12T07:05:28.229+0000] {logging_mixin.py:150} INFO - [2024-09-12T07:05:28.229+0000] {dag.py:2742} INFO - Sync 1 DAGs
[2024-09-12T07:05:28.243+0000] {logging_mixin.py:150} INFO - [2024-09-12T07:05:28.243+0000] {dag.py:3504} INFO - Setting next_dagrun for tutorial_dag to None, run_after=None
[2024-09-12T07:05:28.278+0000] {processor.py:179} INFO - Processing /home/vscode/.local/lib/python3.10/site-packages/airflow/example_dags/tutorial_dag.py took 0.068 seconds
[2024-09-12T07:06:12.020+0000] {processor.py:157} INFO - Started process (PID=18399) to work on /home/vscode/.local/lib/python3.10/site-packages/airflow/example_dags/tutorial_dag.py
[2024-09-12T07:06:12.021+0000] {processor.py:826} INFO - Processing file /home/vscode/.local/lib/python3.10/site-packages/airflow/example_dags/tutorial_dag.py for tasks to queue
[2024-09-12T07:06:12.021+0000] {logging_mixin.py:150} INFO - [2024-09-12T07:06:12.021+0000] {dagbag.py:541} INFO - Filling up the DagBag from /home/vscode/.local/lib/python3.10/site-packages/airflow/example_dags/tutorial_dag.py
[2024-09-12T07:06:12.025+0000] {processor.py:836} INFO - DAG(s) dict_keys(['tutorial_dag']) retrieved from /home/vscode/.local/lib/python3.10/site-packages/airflow/example_dags/tutorial_dag.py
[2024-09-12T07:06:12.037+0000] {logging_mixin.py:150} INFO - [2024-09-12T07:06:12.037+0000] {dag.py:2742} INFO - Sync 1 DAGs
[2024-09-12T07:06:12.050+0000] {logging_mixin.py:150} INFO - [2024-09-12T07:06:12.050+0000] {dag.py:3504} INFO - Setting next_dagrun for tutorial_dag to None, run_after=None
[2024-09-12T07:06:12.079+0000] {processor.py:179} INFO - Processing /home/vscode/.local/lib/python3.10/site-packages/airflow/example_dags/tutorial_dag.py took 0.061 seconds
[2024-09-12T07:06:56.208+0000] {processor.py:157} INFO - Started process (PID=18720) to work on /home/vscode/.local/lib/python3.10/site-packages/airflow/example_dags/tutorial_dag.py
[2024-09-12T07:06:56.209+0000] {processor.py:826} INFO - Processing file /home/vscode/.local/lib/python3.10/site-packages/airflow/example_dags/tutorial_dag.py for tasks to queue
[2024-09-12T07:06:56.210+0000] {logging_mixin.py:150} INFO - [2024-09-12T07:06:56.209+0000] {dagbag.py:541} INFO - Filling up the DagBag from /home/vscode/.local/lib/python3.10/site-packages/airflow/example_dags/tutorial_dag.py
[2024-09-12T07:06:56.213+0000] {processor.py:836} INFO - DAG(s) dict_keys(['tutorial_dag']) retrieved from /home/vscode/.local/lib/python3.10/site-packages/airflow/example_dags/tutorial_dag.py
[2024-09-12T07:06:56.225+0000] {logging_mixin.py:150} INFO - [2024-09-12T07:06:56.225+0000] {dag.py:2742} INFO - Sync 1 DAGs
[2024-09-12T07:06:56.239+0000] {logging_mixin.py:150} INFO - [2024-09-12T07:06:56.239+0000] {dag.py:3504} INFO - Setting next_dagrun for tutorial_dag to None, run_after=None
[2024-09-12T07:06:56.271+0000] {processor.py:179} INFO - Processing /home/vscode/.local/lib/python3.10/site-packages/airflow/example_dags/tutorial_dag.py took 0.065 seconds
[2024-09-12T07:07:29.589+0000] {processor.py:157} INFO - Started process (PID=18939) to work on /home/vscode/.local/lib/python3.10/site-packages/airflow/example_dags/tutorial_dag.py
[2024-09-12T07:07:29.589+0000] {processor.py:826} INFO - Processing file /home/vscode/.local/lib/python3.10/site-packages/airflow/example_dags/tutorial_dag.py for tasks to queue
[2024-09-12T07:07:29.590+0000] {logging_mixin.py:150} INFO - [2024-09-12T07:07:29.590+0000] {dagbag.py:541} INFO - Filling up the DagBag from /home/vscode/.local/lib/python3.10/site-packages/airflow/example_dags/tutorial_dag.py
[2024-09-12T07:07:29.594+0000] {processor.py:836} INFO - DAG(s) dict_keys(['tutorial_dag']) retrieved from /home/vscode/.local/lib/python3.10/site-packages/airflow/example_dags/tutorial_dag.py
[2024-09-12T07:07:29.605+0000] {logging_mixin.py:150} INFO - [2024-09-12T07:07:29.605+0000] {dag.py:2742} INFO - Sync 1 DAGs
[2024-09-12T07:07:29.618+0000] {logging_mixin.py:150} INFO - [2024-09-12T07:07:29.618+0000] {dag.py:3504} INFO - Setting next_dagrun for tutorial_dag to None, run_after=None
[2024-09-12T07:07:29.651+0000] {processor.py:179} INFO - Processing /home/vscode/.local/lib/python3.10/site-packages/airflow/example_dags/tutorial_dag.py took 0.064 seconds
[2024-09-12T07:08:12.869+0000] {processor.py:157} INFO - Started process (PID=19268) to work on /home/vscode/.local/lib/python3.10/site-packages/airflow/example_dags/tutorial_dag.py
[2024-09-12T07:08:12.870+0000] {processor.py:826} INFO - Processing file /home/vscode/.local/lib/python3.10/site-packages/airflow/example_dags/tutorial_dag.py for tasks to queue
[2024-09-12T07:08:12.870+0000] {logging_mixin.py:150} INFO - [2024-09-12T07:08:12.870+0000] {dagbag.py:541} INFO - Filling up the DagBag from /home/vscode/.local/lib/python3.10/site-packages/airflow/example_dags/tutorial_dag.py
[2024-09-12T07:08:12.874+0000] {processor.py:836} INFO - DAG(s) dict_keys(['tutorial_dag']) retrieved from /home/vscode/.local/lib/python3.10/site-packages/airflow/example_dags/tutorial_dag.py
[2024-09-12T07:08:12.885+0000] {logging_mixin.py:150} INFO - [2024-09-12T07:08:12.885+0000] {dag.py:2742} INFO - Sync 1 DAGs
[2024-09-12T07:08:12.899+0000] {logging_mixin.py:150} INFO - [2024-09-12T07:08:12.899+0000] {dag.py:3504} INFO - Setting next_dagrun for tutorial_dag to None, run_after=None
[2024-09-12T07:08:12.936+0000] {processor.py:179} INFO - Processing /home/vscode/.local/lib/python3.10/site-packages/airflow/example_dags/tutorial_dag.py took 0.069 seconds
[2024-09-12T07:08:58.281+0000] {processor.py:157} INFO - Started process (PID=19657) to work on /home/vscode/.local/lib/python3.10/site-packages/airflow/example_dags/tutorial_dag.py
[2024-09-12T07:08:58.282+0000] {processor.py:826} INFO - Processing file /home/vscode/.local/lib/python3.10/site-packages/airflow/example_dags/tutorial_dag.py for tasks to queue
[2024-09-12T07:08:58.283+0000] {logging_mixin.py:150} INFO - [2024-09-12T07:08:58.282+0000] {dagbag.py:541} INFO - Filling up the DagBag from /home/vscode/.local/lib/python3.10/site-packages/airflow/example_dags/tutorial_dag.py
[2024-09-12T07:08:58.287+0000] {processor.py:836} INFO - DAG(s) dict_keys(['tutorial_dag']) retrieved from /home/vscode/.local/lib/python3.10/site-packages/airflow/example_dags/tutorial_dag.py
[2024-09-12T07:08:58.299+0000] {logging_mixin.py:150} INFO - [2024-09-12T07:08:58.299+0000] {dag.py:2742} INFO - Sync 1 DAGs
[2024-09-12T07:08:58.312+0000] {logging_mixin.py:150} INFO - [2024-09-12T07:08:58.312+0000] {dag.py:3504} INFO - Setting next_dagrun for tutorial_dag to None, run_after=None
[2024-09-12T07:08:58.351+0000] {processor.py:179} INFO - Processing /home/vscode/.local/lib/python3.10/site-packages/airflow/example_dags/tutorial_dag.py took 0.072 seconds
[2024-09-12T07:09:41.825+0000] {processor.py:157} INFO - Started process (PID=19955) to work on /home/vscode/.local/lib/python3.10/site-packages/airflow/example_dags/tutorial_dag.py
[2024-09-12T07:09:41.826+0000] {processor.py:826} INFO - Processing file /home/vscode/.local/lib/python3.10/site-packages/airflow/example_dags/tutorial_dag.py for tasks to queue
[2024-09-12T07:09:41.826+0000] {logging_mixin.py:150} INFO - [2024-09-12T07:09:41.826+0000] {dagbag.py:541} INFO - Filling up the DagBag from /home/vscode/.local/lib/python3.10/site-packages/airflow/example_dags/tutorial_dag.py
[2024-09-12T07:09:41.830+0000] {processor.py:836} INFO - DAG(s) dict_keys(['tutorial_dag']) retrieved from /home/vscode/.local/lib/python3.10/site-packages/airflow/example_dags/tutorial_dag.py
[2024-09-12T07:09:41.842+0000] {logging_mixin.py:150} INFO - [2024-09-12T07:09:41.842+0000] {dag.py:2742} INFO - Sync 1 DAGs
[2024-09-12T07:09:41.856+0000] {logging_mixin.py:150} INFO - [2024-09-12T07:09:41.856+0000] {dag.py:3504} INFO - Setting next_dagrun for tutorial_dag to None, run_after=None
[2024-09-12T07:09:41.888+0000] {processor.py:179} INFO - Processing /home/vscode/.local/lib/python3.10/site-packages/airflow/example_dags/tutorial_dag.py took 0.066 seconds
