[2024-09-12T08:57:35.783+0000] {processor.py:157} INFO - Started process (PID=17080) to work on /workspaces/hands-on-introduction-data-engineering-4395021/airflow/dags/one_task_dag.py
[2024-09-12T08:57:35.784+0000] {processor.py:826} INFO - Processing file /workspaces/hands-on-introduction-data-engineering-4395021/airflow/dags/one_task_dag.py for tasks to queue
[2024-09-12T08:57:35.785+0000] {logging_mixin.py:150} INFO - [2024-09-12T08:57:35.785+0000] {dagbag.py:541} INFO - Filling up the DagBag from /workspaces/hands-on-introduction-data-engineering-4395021/airflow/dags/one_task_dag.py
[2024-09-12T08:57:35.793+0000] {processor.py:836} INFO - DAG(s) dict_keys(['one_task_dag']) retrieved from /workspaces/hands-on-introduction-data-engineering-4395021/airflow/dags/one_task_dag.py
[2024-09-12T08:57:35.875+0000] {logging_mixin.py:150} INFO - [2024-09-12T08:57:35.875+0000] {dag.py:2742} INFO - Sync 1 DAGs
[2024-09-12T08:57:35.889+0000] {logging_mixin.py:150} INFO - [2024-09-12T08:57:35.889+0000] {dag.py:3504} INFO - Setting next_dagrun for one_task_dag to None, run_after=None
[2024-09-12T08:57:35.935+0000] {processor.py:179} INFO - Processing /workspaces/hands-on-introduction-data-engineering-4395021/airflow/dags/one_task_dag.py took 0.153 seconds
[2024-09-12T08:58:06.453+0000] {processor.py:157} INFO - Started process (PID=17511) to work on /workspaces/hands-on-introduction-data-engineering-4395021/airflow/dags/one_task_dag.py
[2024-09-12T08:58:06.454+0000] {processor.py:826} INFO - Processing file /workspaces/hands-on-introduction-data-engineering-4395021/airflow/dags/one_task_dag.py for tasks to queue
[2024-09-12T08:58:06.454+0000] {logging_mixin.py:150} INFO - [2024-09-12T08:58:06.454+0000] {dagbag.py:541} INFO - Filling up the DagBag from /workspaces/hands-on-introduction-data-engineering-4395021/airflow/dags/one_task_dag.py
[2024-09-12T08:58:06.462+0000] {processor.py:836} INFO - DAG(s) dict_keys(['one_task_dag']) retrieved from /workspaces/hands-on-introduction-data-engineering-4395021/airflow/dags/one_task_dag.py
[2024-09-12T08:58:06.478+0000] {logging_mixin.py:150} INFO - [2024-09-12T08:58:06.478+0000] {dag.py:2742} INFO - Sync 1 DAGs
[2024-09-12T08:58:06.492+0000] {logging_mixin.py:150} INFO - [2024-09-12T08:58:06.492+0000] {dag.py:3504} INFO - Setting next_dagrun for one_task_dag to None, run_after=None
[2024-09-12T08:58:06.526+0000] {processor.py:179} INFO - Processing /workspaces/hands-on-introduction-data-engineering-4395021/airflow/dags/one_task_dag.py took 0.076 seconds
[2024-09-12T08:58:37.181+0000] {processor.py:157} INFO - Started process (PID=17743) to work on /workspaces/hands-on-introduction-data-engineering-4395021/airflow/dags/one_task_dag.py
[2024-09-12T08:58:37.182+0000] {processor.py:826} INFO - Processing file /workspaces/hands-on-introduction-data-engineering-4395021/airflow/dags/one_task_dag.py for tasks to queue
[2024-09-12T08:58:37.183+0000] {logging_mixin.py:150} INFO - [2024-09-12T08:58:37.183+0000] {dagbag.py:541} INFO - Filling up the DagBag from /workspaces/hands-on-introduction-data-engineering-4395021/airflow/dags/one_task_dag.py
[2024-09-12T08:58:37.190+0000] {processor.py:836} INFO - DAG(s) dict_keys(['one_task_dag']) retrieved from /workspaces/hands-on-introduction-data-engineering-4395021/airflow/dags/one_task_dag.py
[2024-09-12T08:58:37.206+0000] {logging_mixin.py:150} INFO - [2024-09-12T08:58:37.206+0000] {dag.py:2742} INFO - Sync 1 DAGs
[2024-09-12T08:58:37.220+0000] {logging_mixin.py:150} INFO - [2024-09-12T08:58:37.219+0000] {dag.py:3504} INFO - Setting next_dagrun for one_task_dag to None, run_after=None
[2024-09-12T08:58:37.255+0000] {processor.py:179} INFO - Processing /workspaces/hands-on-introduction-data-engineering-4395021/airflow/dags/one_task_dag.py took 0.076 seconds
[2024-09-12T08:59:07.507+0000] {processor.py:157} INFO - Started process (PID=18074) to work on /workspaces/hands-on-introduction-data-engineering-4395021/airflow/dags/one_task_dag.py
[2024-09-12T08:59:07.508+0000] {processor.py:826} INFO - Processing file /workspaces/hands-on-introduction-data-engineering-4395021/airflow/dags/one_task_dag.py for tasks to queue
[2024-09-12T08:59:07.509+0000] {logging_mixin.py:150} INFO - [2024-09-12T08:59:07.508+0000] {dagbag.py:541} INFO - Filling up the DagBag from /workspaces/hands-on-introduction-data-engineering-4395021/airflow/dags/one_task_dag.py
[2024-09-12T08:59:07.516+0000] {processor.py:836} INFO - DAG(s) dict_keys(['one_task_dag']) retrieved from /workspaces/hands-on-introduction-data-engineering-4395021/airflow/dags/one_task_dag.py
[2024-09-12T08:59:07.532+0000] {logging_mixin.py:150} INFO - [2024-09-12T08:59:07.532+0000] {dag.py:2742} INFO - Sync 1 DAGs
[2024-09-12T08:59:07.547+0000] {logging_mixin.py:150} INFO - [2024-09-12T08:59:07.546+0000] {dag.py:3504} INFO - Setting next_dagrun for one_task_dag to None, run_after=None
[2024-09-12T08:59:07.596+0000] {processor.py:179} INFO - Processing /workspaces/hands-on-introduction-data-engineering-4395021/airflow/dags/one_task_dag.py took 0.091 seconds
[2024-09-12T08:59:37.665+0000] {processor.py:157} INFO - Started process (PID=18396) to work on /workspaces/hands-on-introduction-data-engineering-4395021/airflow/dags/one_task_dag.py
[2024-09-12T08:59:37.665+0000] {processor.py:826} INFO - Processing file /workspaces/hands-on-introduction-data-engineering-4395021/airflow/dags/one_task_dag.py for tasks to queue
[2024-09-12T08:59:37.666+0000] {logging_mixin.py:150} INFO - [2024-09-12T08:59:37.666+0000] {dagbag.py:541} INFO - Filling up the DagBag from /workspaces/hands-on-introduction-data-engineering-4395021/airflow/dags/one_task_dag.py
[2024-09-12T08:59:37.675+0000] {processor.py:836} INFO - DAG(s) dict_keys(['one_task_dag']) retrieved from /workspaces/hands-on-introduction-data-engineering-4395021/airflow/dags/one_task_dag.py
[2024-09-12T08:59:37.696+0000] {logging_mixin.py:150} INFO - [2024-09-12T08:59:37.695+0000] {dag.py:2742} INFO - Sync 1 DAGs
[2024-09-12T08:59:37.712+0000] {logging_mixin.py:150} INFO - [2024-09-12T08:59:37.711+0000] {dag.py:3504} INFO - Setting next_dagrun for one_task_dag to None, run_after=None
[2024-09-12T08:59:37.748+0000] {processor.py:179} INFO - Processing /workspaces/hands-on-introduction-data-engineering-4395021/airflow/dags/one_task_dag.py took 0.085 seconds
[2024-09-12T09:00:07.823+0000] {processor.py:157} INFO - Started process (PID=18657) to work on /workspaces/hands-on-introduction-data-engineering-4395021/airflow/dags/one_task_dag.py
[2024-09-12T09:00:07.824+0000] {processor.py:826} INFO - Processing file /workspaces/hands-on-introduction-data-engineering-4395021/airflow/dags/one_task_dag.py for tasks to queue
[2024-09-12T09:00:07.825+0000] {logging_mixin.py:150} INFO - [2024-09-12T09:00:07.825+0000] {dagbag.py:541} INFO - Filling up the DagBag from /workspaces/hands-on-introduction-data-engineering-4395021/airflow/dags/one_task_dag.py
[2024-09-12T09:00:07.833+0000] {processor.py:836} INFO - DAG(s) dict_keys(['one_task_dag']) retrieved from /workspaces/hands-on-introduction-data-engineering-4395021/airflow/dags/one_task_dag.py
[2024-09-12T09:00:07.849+0000] {logging_mixin.py:150} INFO - [2024-09-12T09:00:07.849+0000] {dag.py:2742} INFO - Sync 1 DAGs
[2024-09-12T09:00:07.864+0000] {logging_mixin.py:150} INFO - [2024-09-12T09:00:07.864+0000] {dag.py:3504} INFO - Setting next_dagrun for one_task_dag to None, run_after=None
[2024-09-12T09:00:07.930+0000] {processor.py:179} INFO - Processing /workspaces/hands-on-introduction-data-engineering-4395021/airflow/dags/one_task_dag.py took 0.109 seconds
[2024-09-12T09:00:38.084+0000] {processor.py:157} INFO - Started process (PID=18833) to work on /workspaces/hands-on-introduction-data-engineering-4395021/airflow/dags/one_task_dag.py
[2024-09-12T09:00:38.085+0000] {processor.py:826} INFO - Processing file /workspaces/hands-on-introduction-data-engineering-4395021/airflow/dags/one_task_dag.py for tasks to queue
[2024-09-12T09:00:38.085+0000] {logging_mixin.py:150} INFO - [2024-09-12T09:00:38.085+0000] {dagbag.py:541} INFO - Filling up the DagBag from /workspaces/hands-on-introduction-data-engineering-4395021/airflow/dags/one_task_dag.py
[2024-09-12T09:00:38.093+0000] {processor.py:836} INFO - DAG(s) dict_keys(['one_task_dag']) retrieved from /workspaces/hands-on-introduction-data-engineering-4395021/airflow/dags/one_task_dag.py
[2024-09-12T09:00:38.111+0000] {logging_mixin.py:150} INFO - [2024-09-12T09:00:38.110+0000] {dag.py:2742} INFO - Sync 1 DAGs
[2024-09-12T09:00:38.126+0000] {logging_mixin.py:150} INFO - [2024-09-12T09:00:38.126+0000] {dag.py:3504} INFO - Setting next_dagrun for one_task_dag to None, run_after=None
[2024-09-12T09:00:38.180+0000] {processor.py:179} INFO - Processing /workspaces/hands-on-introduction-data-engineering-4395021/airflow/dags/one_task_dag.py took 0.098 seconds
[2024-09-12T09:01:08.236+0000] {processor.py:157} INFO - Started process (PID=19038) to work on /workspaces/hands-on-introduction-data-engineering-4395021/airflow/dags/one_task_dag.py
[2024-09-12T09:01:08.236+0000] {processor.py:826} INFO - Processing file /workspaces/hands-on-introduction-data-engineering-4395021/airflow/dags/one_task_dag.py for tasks to queue
[2024-09-12T09:01:08.237+0000] {logging_mixin.py:150} INFO - [2024-09-12T09:01:08.237+0000] {dagbag.py:541} INFO - Filling up the DagBag from /workspaces/hands-on-introduction-data-engineering-4395021/airflow/dags/one_task_dag.py
[2024-09-12T09:01:08.245+0000] {processor.py:836} INFO - DAG(s) dict_keys(['one_task_dag']) retrieved from /workspaces/hands-on-introduction-data-engineering-4395021/airflow/dags/one_task_dag.py
[2024-09-12T09:01:08.262+0000] {logging_mixin.py:150} INFO - [2024-09-12T09:01:08.262+0000] {dag.py:2742} INFO - Sync 1 DAGs
[2024-09-12T09:01:08.276+0000] {logging_mixin.py:150} INFO - [2024-09-12T09:01:08.276+0000] {dag.py:3504} INFO - Setting next_dagrun for one_task_dag to None, run_after=None
[2024-09-12T09:01:08.326+0000] {processor.py:179} INFO - Processing /workspaces/hands-on-introduction-data-engineering-4395021/airflow/dags/one_task_dag.py took 0.093 seconds
[2024-09-12T09:01:12.871+0000] {processor.py:157} INFO - Started process (PID=19074) to work on /workspaces/hands-on-introduction-data-engineering-4395021/airflow/dags/one_task_dag.py
[2024-09-12T09:01:12.873+0000] {processor.py:826} INFO - Processing file /workspaces/hands-on-introduction-data-engineering-4395021/airflow/dags/one_task_dag.py for tasks to queue
[2024-09-12T09:01:12.874+0000] {logging_mixin.py:150} INFO - [2024-09-12T09:01:12.873+0000] {dagbag.py:541} INFO - Filling up the DagBag from /workspaces/hands-on-introduction-data-engineering-4395021/airflow/dags/one_task_dag.py
[2024-09-12T09:01:12.884+0000] {processor.py:836} INFO - DAG(s) dict_keys(['one_task_dag']) retrieved from /workspaces/hands-on-introduction-data-engineering-4395021/airflow/dags/one_task_dag.py
[2024-09-12T09:01:12.968+0000] {logging_mixin.py:150} INFO - [2024-09-12T09:01:12.968+0000] {dag.py:2742} INFO - Sync 1 DAGs
[2024-09-12T09:01:12.981+0000] {logging_mixin.py:150} INFO - [2024-09-12T09:01:12.981+0000] {dag.py:3504} INFO - Setting next_dagrun for one_task_dag to None, run_after=None
[2024-09-12T09:01:13.023+0000] {processor.py:179} INFO - Processing /workspaces/hands-on-introduction-data-engineering-4395021/airflow/dags/one_task_dag.py took 0.155 seconds
[2024-09-12T09:01:43.374+0000] {processor.py:157} INFO - Started process (PID=19501) to work on /workspaces/hands-on-introduction-data-engineering-4395021/airflow/dags/one_task_dag.py
[2024-09-12T09:01:43.375+0000] {processor.py:826} INFO - Processing file /workspaces/hands-on-introduction-data-engineering-4395021/airflow/dags/one_task_dag.py for tasks to queue
[2024-09-12T09:01:43.375+0000] {logging_mixin.py:150} INFO - [2024-09-12T09:01:43.375+0000] {dagbag.py:541} INFO - Filling up the DagBag from /workspaces/hands-on-introduction-data-engineering-4395021/airflow/dags/one_task_dag.py
[2024-09-12T09:01:43.384+0000] {processor.py:836} INFO - DAG(s) dict_keys(['one_task_dag']) retrieved from /workspaces/hands-on-introduction-data-engineering-4395021/airflow/dags/one_task_dag.py
[2024-09-12T09:01:43.400+0000] {logging_mixin.py:150} INFO - [2024-09-12T09:01:43.400+0000] {dag.py:2742} INFO - Sync 1 DAGs
[2024-09-12T09:01:43.414+0000] {logging_mixin.py:150} INFO - [2024-09-12T09:01:43.414+0000] {dag.py:3504} INFO - Setting next_dagrun for one_task_dag to None, run_after=None
[2024-09-12T09:01:43.465+0000] {processor.py:179} INFO - Processing /workspaces/hands-on-introduction-data-engineering-4395021/airflow/dags/one_task_dag.py took 0.093 seconds
[2024-09-12T09:02:13.952+0000] {processor.py:157} INFO - Started process (PID=19782) to work on /workspaces/hands-on-introduction-data-engineering-4395021/airflow/dags/one_task_dag.py
[2024-09-12T09:02:13.952+0000] {processor.py:826} INFO - Processing file /workspaces/hands-on-introduction-data-engineering-4395021/airflow/dags/one_task_dag.py for tasks to queue
[2024-09-12T09:02:13.953+0000] {logging_mixin.py:150} INFO - [2024-09-12T09:02:13.953+0000] {dagbag.py:541} INFO - Filling up the DagBag from /workspaces/hands-on-introduction-data-engineering-4395021/airflow/dags/one_task_dag.py
[2024-09-12T09:02:13.961+0000] {processor.py:836} INFO - DAG(s) dict_keys(['one_task_dag']) retrieved from /workspaces/hands-on-introduction-data-engineering-4395021/airflow/dags/one_task_dag.py
[2024-09-12T09:02:13.977+0000] {logging_mixin.py:150} INFO - [2024-09-12T09:02:13.977+0000] {dag.py:2742} INFO - Sync 1 DAGs
[2024-09-12T09:02:13.991+0000] {logging_mixin.py:150} INFO - [2024-09-12T09:02:13.991+0000] {dag.py:3504} INFO - Setting next_dagrun for one_task_dag to None, run_after=None
[2024-09-12T09:02:14.042+0000] {processor.py:179} INFO - Processing /workspaces/hands-on-introduction-data-engineering-4395021/airflow/dags/one_task_dag.py took 0.093 seconds
[2024-09-12T09:02:15.092+0000] {processor.py:157} INFO - Started process (PID=19784) to work on /workspaces/hands-on-introduction-data-engineering-4395021/airflow/dags/one_task_dag.py
[2024-09-12T09:02:15.093+0000] {processor.py:826} INFO - Processing file /workspaces/hands-on-introduction-data-engineering-4395021/airflow/dags/one_task_dag.py for tasks to queue
[2024-09-12T09:02:15.095+0000] {logging_mixin.py:150} INFO - [2024-09-12T09:02:15.094+0000] {dagbag.py:541} INFO - Filling up the DagBag from /workspaces/hands-on-introduction-data-engineering-4395021/airflow/dags/one_task_dag.py
[2024-09-12T09:02:15.107+0000] {processor.py:836} INFO - DAG(s) dict_keys(['one_task_dag']) retrieved from /workspaces/hands-on-introduction-data-engineering-4395021/airflow/dags/one_task_dag.py
[2024-09-12T09:02:15.257+0000] {logging_mixin.py:150} INFO - [2024-09-12T09:02:15.257+0000] {dag.py:2742} INFO - Sync 1 DAGs
[2024-09-12T09:02:15.304+0000] {logging_mixin.py:150} INFO - [2024-09-12T09:02:15.304+0000] {dag.py:3504} INFO - Setting next_dagrun for one_task_dag to None, run_after=None
[2024-09-12T09:02:15.429+0000] {processor.py:179} INFO - Processing /workspaces/hands-on-introduction-data-engineering-4395021/airflow/dags/one_task_dag.py took 0.339 seconds
[2024-09-12T09:02:23.696+0000] {processor.py:157} INFO - Started process (PID=19847) to work on /workspaces/hands-on-introduction-data-engineering-4395021/airflow/dags/one_task_dag.py
[2024-09-12T09:02:23.697+0000] {processor.py:826} INFO - Processing file /workspaces/hands-on-introduction-data-engineering-4395021/airflow/dags/one_task_dag.py for tasks to queue
[2024-09-12T09:02:23.698+0000] {logging_mixin.py:150} INFO - [2024-09-12T09:02:23.698+0000] {dagbag.py:541} INFO - Filling up the DagBag from /workspaces/hands-on-introduction-data-engineering-4395021/airflow/dags/one_task_dag.py
[2024-09-12T09:02:23.711+0000] {processor.py:836} INFO - DAG(s) dict_keys(['one_task_dag']) retrieved from /workspaces/hands-on-introduction-data-engineering-4395021/airflow/dags/one_task_dag.py
[2024-09-12T09:02:23.719+0000] {logging_mixin.py:150} INFO - [2024-09-12T09:02:23.719+0000] {dag.py:2742} INFO - Sync 1 DAGs
[2024-09-12T09:02:23.733+0000] {logging_mixin.py:150} INFO - [2024-09-12T09:02:23.733+0000] {dag.py:3504} INFO - Setting next_dagrun for one_task_dag to None, run_after=None
[2024-09-12T09:02:23.770+0000] {processor.py:179} INFO - Processing /workspaces/hands-on-introduction-data-engineering-4395021/airflow/dags/one_task_dag.py took 0.077 seconds
[2024-09-12T09:02:54.256+0000] {processor.py:157} INFO - Started process (PID=20279) to work on /workspaces/hands-on-introduction-data-engineering-4395021/airflow/dags/one_task_dag.py
[2024-09-12T09:02:54.257+0000] {processor.py:826} INFO - Processing file /workspaces/hands-on-introduction-data-engineering-4395021/airflow/dags/one_task_dag.py for tasks to queue
[2024-09-12T09:02:54.258+0000] {logging_mixin.py:150} INFO - [2024-09-12T09:02:54.257+0000] {dagbag.py:541} INFO - Filling up the DagBag from /workspaces/hands-on-introduction-data-engineering-4395021/airflow/dags/one_task_dag.py
[2024-09-12T09:02:54.266+0000] {processor.py:836} INFO - DAG(s) dict_keys(['one_task_dag']) retrieved from /workspaces/hands-on-introduction-data-engineering-4395021/airflow/dags/one_task_dag.py
[2024-09-12T09:02:54.347+0000] {logging_mixin.py:150} INFO - [2024-09-12T09:02:54.346+0000] {dag.py:2742} INFO - Sync 1 DAGs
[2024-09-12T09:02:54.360+0000] {logging_mixin.py:150} INFO - [2024-09-12T09:02:54.360+0000] {dag.py:3504} INFO - Setting next_dagrun for one_task_dag to None, run_after=None
[2024-09-12T09:02:54.438+0000] {processor.py:179} INFO - Processing /workspaces/hands-on-introduction-data-engineering-4395021/airflow/dags/one_task_dag.py took 0.185 seconds
[2024-09-12T09:03:25.197+0000] {processor.py:157} INFO - Started process (PID=20608) to work on /workspaces/hands-on-introduction-data-engineering-4395021/airflow/dags/one_task_dag.py
[2024-09-12T09:03:25.198+0000] {processor.py:826} INFO - Processing file /workspaces/hands-on-introduction-data-engineering-4395021/airflow/dags/one_task_dag.py for tasks to queue
[2024-09-12T09:03:25.199+0000] {logging_mixin.py:150} INFO - [2024-09-12T09:03:25.198+0000] {dagbag.py:541} INFO - Filling up the DagBag from /workspaces/hands-on-introduction-data-engineering-4395021/airflow/dags/one_task_dag.py
[2024-09-12T09:03:25.206+0000] {processor.py:836} INFO - DAG(s) dict_keys(['one_task_dag']) retrieved from /workspaces/hands-on-introduction-data-engineering-4395021/airflow/dags/one_task_dag.py
[2024-09-12T09:03:25.225+0000] {logging_mixin.py:150} INFO - [2024-09-12T09:03:25.224+0000] {dag.py:2742} INFO - Sync 1 DAGs
[2024-09-12T09:03:25.239+0000] {logging_mixin.py:150} INFO - [2024-09-12T09:03:25.239+0000] {dag.py:3504} INFO - Setting next_dagrun for one_task_dag to None, run_after=None
[2024-09-12T09:03:25.275+0000] {processor.py:179} INFO - Processing /workspaces/hands-on-introduction-data-engineering-4395021/airflow/dags/one_task_dag.py took 0.081 seconds
[2024-09-12T09:03:55.364+0000] {processor.py:157} INFO - Started process (PID=20793) to work on /workspaces/hands-on-introduction-data-engineering-4395021/airflow/dags/one_task_dag.py
[2024-09-12T09:03:55.365+0000] {processor.py:826} INFO - Processing file /workspaces/hands-on-introduction-data-engineering-4395021/airflow/dags/one_task_dag.py for tasks to queue
[2024-09-12T09:03:55.366+0000] {logging_mixin.py:150} INFO - [2024-09-12T09:03:55.365+0000] {dagbag.py:541} INFO - Filling up the DagBag from /workspaces/hands-on-introduction-data-engineering-4395021/airflow/dags/one_task_dag.py
[2024-09-12T09:03:55.373+0000] {processor.py:836} INFO - DAG(s) dict_keys(['one_task_dag']) retrieved from /workspaces/hands-on-introduction-data-engineering-4395021/airflow/dags/one_task_dag.py
[2024-09-12T09:03:55.390+0000] {logging_mixin.py:150} INFO - [2024-09-12T09:03:55.390+0000] {dag.py:2742} INFO - Sync 1 DAGs
[2024-09-12T09:03:55.404+0000] {logging_mixin.py:150} INFO - [2024-09-12T09:03:55.404+0000] {dag.py:3504} INFO - Setting next_dagrun for one_task_dag to None, run_after=None
[2024-09-12T09:03:55.444+0000] {processor.py:179} INFO - Processing /workspaces/hands-on-introduction-data-engineering-4395021/airflow/dags/one_task_dag.py took 0.082 seconds
[2024-09-12T09:04:25.523+0000] {processor.py:157} INFO - Started process (PID=20962) to work on /workspaces/hands-on-introduction-data-engineering-4395021/airflow/dags/one_task_dag.py
[2024-09-12T09:04:25.524+0000] {processor.py:826} INFO - Processing file /workspaces/hands-on-introduction-data-engineering-4395021/airflow/dags/one_task_dag.py for tasks to queue
[2024-09-12T09:04:25.525+0000] {logging_mixin.py:150} INFO - [2024-09-12T09:04:25.525+0000] {dagbag.py:541} INFO - Filling up the DagBag from /workspaces/hands-on-introduction-data-engineering-4395021/airflow/dags/one_task_dag.py
[2024-09-12T09:04:25.532+0000] {processor.py:836} INFO - DAG(s) dict_keys(['one_task_dag']) retrieved from /workspaces/hands-on-introduction-data-engineering-4395021/airflow/dags/one_task_dag.py
[2024-09-12T09:04:25.548+0000] {logging_mixin.py:150} INFO - [2024-09-12T09:04:25.548+0000] {dag.py:2742} INFO - Sync 1 DAGs
[2024-09-12T09:04:25.562+0000] {logging_mixin.py:150} INFO - [2024-09-12T09:04:25.562+0000] {dag.py:3504} INFO - Setting next_dagrun for one_task_dag to None, run_after=None
[2024-09-12T09:04:25.598+0000] {processor.py:179} INFO - Processing /workspaces/hands-on-introduction-data-engineering-4395021/airflow/dags/one_task_dag.py took 0.078 seconds
[2024-09-12T09:04:55.682+0000] {processor.py:157} INFO - Started process (PID=21170) to work on /workspaces/hands-on-introduction-data-engineering-4395021/airflow/dags/one_task_dag.py
[2024-09-12T09:04:55.683+0000] {processor.py:826} INFO - Processing file /workspaces/hands-on-introduction-data-engineering-4395021/airflow/dags/one_task_dag.py for tasks to queue
[2024-09-12T09:04:55.684+0000] {logging_mixin.py:150} INFO - [2024-09-12T09:04:55.684+0000] {dagbag.py:541} INFO - Filling up the DagBag from /workspaces/hands-on-introduction-data-engineering-4395021/airflow/dags/one_task_dag.py
[2024-09-12T09:04:55.692+0000] {processor.py:836} INFO - DAG(s) dict_keys(['one_task_dag']) retrieved from /workspaces/hands-on-introduction-data-engineering-4395021/airflow/dags/one_task_dag.py
[2024-09-12T09:04:55.708+0000] {logging_mixin.py:150} INFO - [2024-09-12T09:04:55.708+0000] {dag.py:2742} INFO - Sync 1 DAGs
[2024-09-12T09:04:55.723+0000] {logging_mixin.py:150} INFO - [2024-09-12T09:04:55.723+0000] {dag.py:3504} INFO - Setting next_dagrun for one_task_dag to None, run_after=None
[2024-09-12T09:04:55.772+0000] {processor.py:179} INFO - Processing /workspaces/hands-on-introduction-data-engineering-4395021/airflow/dags/one_task_dag.py took 0.092 seconds
[2024-09-12T09:05:25.790+0000] {processor.py:157} INFO - Started process (PID=21458) to work on /workspaces/hands-on-introduction-data-engineering-4395021/airflow/dags/one_task_dag.py
[2024-09-12T09:05:25.791+0000] {processor.py:826} INFO - Processing file /workspaces/hands-on-introduction-data-engineering-4395021/airflow/dags/one_task_dag.py for tasks to queue
[2024-09-12T09:05:25.791+0000] {logging_mixin.py:150} INFO - [2024-09-12T09:05:25.791+0000] {dagbag.py:541} INFO - Filling up the DagBag from /workspaces/hands-on-introduction-data-engineering-4395021/airflow/dags/one_task_dag.py
[2024-09-12T09:05:25.799+0000] {processor.py:836} INFO - DAG(s) dict_keys(['one_task_dag']) retrieved from /workspaces/hands-on-introduction-data-engineering-4395021/airflow/dags/one_task_dag.py
[2024-09-12T09:05:25.816+0000] {logging_mixin.py:150} INFO - [2024-09-12T09:05:25.816+0000] {dag.py:2742} INFO - Sync 1 DAGs
[2024-09-12T09:05:25.838+0000] {logging_mixin.py:150} INFO - [2024-09-12T09:05:25.837+0000] {dag.py:3504} INFO - Setting next_dagrun for one_task_dag to None, run_after=None
[2024-09-12T09:05:25.892+0000] {processor.py:179} INFO - Processing /workspaces/hands-on-introduction-data-engineering-4395021/airflow/dags/one_task_dag.py took 0.104 seconds
[2024-09-12T09:05:56.013+0000] {processor.py:157} INFO - Started process (PID=21747) to work on /workspaces/hands-on-introduction-data-engineering-4395021/airflow/dags/one_task_dag.py
[2024-09-12T09:05:56.014+0000] {processor.py:826} INFO - Processing file /workspaces/hands-on-introduction-data-engineering-4395021/airflow/dags/one_task_dag.py for tasks to queue
[2024-09-12T09:05:56.015+0000] {logging_mixin.py:150} INFO - [2024-09-12T09:05:56.014+0000] {dagbag.py:541} INFO - Filling up the DagBag from /workspaces/hands-on-introduction-data-engineering-4395021/airflow/dags/one_task_dag.py
[2024-09-12T09:05:56.022+0000] {processor.py:836} INFO - DAG(s) dict_keys(['one_task_dag']) retrieved from /workspaces/hands-on-introduction-data-engineering-4395021/airflow/dags/one_task_dag.py
[2024-09-12T09:05:56.038+0000] {logging_mixin.py:150} INFO - [2024-09-12T09:05:56.038+0000] {dag.py:2742} INFO - Sync 1 DAGs
[2024-09-12T09:05:56.051+0000] {logging_mixin.py:150} INFO - [2024-09-12T09:05:56.051+0000] {dag.py:3504} INFO - Setting next_dagrun for one_task_dag to None, run_after=None
[2024-09-12T09:05:56.104+0000] {processor.py:179} INFO - Processing /workspaces/hands-on-introduction-data-engineering-4395021/airflow/dags/one_task_dag.py took 0.093 seconds
[2024-09-12T09:06:26.172+0000] {processor.py:157} INFO - Started process (PID=21995) to work on /workspaces/hands-on-introduction-data-engineering-4395021/airflow/dags/one_task_dag.py
[2024-09-12T09:06:26.173+0000] {processor.py:826} INFO - Processing file /workspaces/hands-on-introduction-data-engineering-4395021/airflow/dags/one_task_dag.py for tasks to queue
[2024-09-12T09:06:26.174+0000] {logging_mixin.py:150} INFO - [2024-09-12T09:06:26.174+0000] {dagbag.py:541} INFO - Filling up the DagBag from /workspaces/hands-on-introduction-data-engineering-4395021/airflow/dags/one_task_dag.py
[2024-09-12T09:06:26.183+0000] {processor.py:836} INFO - DAG(s) dict_keys(['one_task_dag']) retrieved from /workspaces/hands-on-introduction-data-engineering-4395021/airflow/dags/one_task_dag.py
[2024-09-12T09:06:26.200+0000] {logging_mixin.py:150} INFO - [2024-09-12T09:06:26.199+0000] {dag.py:2742} INFO - Sync 1 DAGs
[2024-09-12T09:06:26.214+0000] {logging_mixin.py:150} INFO - [2024-09-12T09:06:26.214+0000] {dag.py:3504} INFO - Setting next_dagrun for one_task_dag to None, run_after=None
[2024-09-12T09:06:26.259+0000] {processor.py:179} INFO - Processing /workspaces/hands-on-introduction-data-engineering-4395021/airflow/dags/one_task_dag.py took 0.089 seconds
[2024-09-12T09:06:56.331+0000] {processor.py:157} INFO - Started process (PID=22332) to work on /workspaces/hands-on-introduction-data-engineering-4395021/airflow/dags/one_task_dag.py
[2024-09-12T09:06:56.331+0000] {processor.py:826} INFO - Processing file /workspaces/hands-on-introduction-data-engineering-4395021/airflow/dags/one_task_dag.py for tasks to queue
[2024-09-12T09:06:56.332+0000] {logging_mixin.py:150} INFO - [2024-09-12T09:06:56.332+0000] {dagbag.py:541} INFO - Filling up the DagBag from /workspaces/hands-on-introduction-data-engineering-4395021/airflow/dags/one_task_dag.py
[2024-09-12T09:06:56.340+0000] {processor.py:836} INFO - DAG(s) dict_keys(['one_task_dag']) retrieved from /workspaces/hands-on-introduction-data-engineering-4395021/airflow/dags/one_task_dag.py
[2024-09-12T09:06:56.356+0000] {logging_mixin.py:150} INFO - [2024-09-12T09:06:56.356+0000] {dag.py:2742} INFO - Sync 1 DAGs
[2024-09-12T09:06:56.371+0000] {logging_mixin.py:150} INFO - [2024-09-12T09:06:56.371+0000] {dag.py:3504} INFO - Setting next_dagrun for one_task_dag to None, run_after=None
[2024-09-12T09:06:56.416+0000] {processor.py:179} INFO - Processing /workspaces/hands-on-introduction-data-engineering-4395021/airflow/dags/one_task_dag.py took 0.088 seconds
[2024-09-12T09:07:26.488+0000] {processor.py:157} INFO - Started process (PID=22608) to work on /workspaces/hands-on-introduction-data-engineering-4395021/airflow/dags/one_task_dag.py
[2024-09-12T09:07:26.489+0000] {processor.py:826} INFO - Processing file /workspaces/hands-on-introduction-data-engineering-4395021/airflow/dags/one_task_dag.py for tasks to queue
[2024-09-12T09:07:26.490+0000] {logging_mixin.py:150} INFO - [2024-09-12T09:07:26.490+0000] {dagbag.py:541} INFO - Filling up the DagBag from /workspaces/hands-on-introduction-data-engineering-4395021/airflow/dags/one_task_dag.py
[2024-09-12T09:07:26.497+0000] {processor.py:836} INFO - DAG(s) dict_keys(['one_task_dag']) retrieved from /workspaces/hands-on-introduction-data-engineering-4395021/airflow/dags/one_task_dag.py
[2024-09-12T09:07:26.513+0000] {logging_mixin.py:150} INFO - [2024-09-12T09:07:26.513+0000] {dag.py:2742} INFO - Sync 1 DAGs
[2024-09-12T09:07:26.531+0000] {logging_mixin.py:150} INFO - [2024-09-12T09:07:26.531+0000] {dag.py:3504} INFO - Setting next_dagrun for one_task_dag to None, run_after=None
[2024-09-12T09:07:26.564+0000] {processor.py:179} INFO - Processing /workspaces/hands-on-introduction-data-engineering-4395021/airflow/dags/one_task_dag.py took 0.078 seconds
[2024-09-12T09:07:56.604+0000] {processor.py:157} INFO - Started process (PID=22890) to work on /workspaces/hands-on-introduction-data-engineering-4395021/airflow/dags/one_task_dag.py
[2024-09-12T09:07:56.605+0000] {processor.py:826} INFO - Processing file /workspaces/hands-on-introduction-data-engineering-4395021/airflow/dags/one_task_dag.py for tasks to queue
[2024-09-12T09:07:56.606+0000] {logging_mixin.py:150} INFO - [2024-09-12T09:07:56.606+0000] {dagbag.py:541} INFO - Filling up the DagBag from /workspaces/hands-on-introduction-data-engineering-4395021/airflow/dags/one_task_dag.py
[2024-09-12T09:07:56.614+0000] {processor.py:836} INFO - DAG(s) dict_keys(['one_task_dag']) retrieved from /workspaces/hands-on-introduction-data-engineering-4395021/airflow/dags/one_task_dag.py
[2024-09-12T09:07:56.630+0000] {logging_mixin.py:150} INFO - [2024-09-12T09:07:56.629+0000] {dag.py:2742} INFO - Sync 1 DAGs
[2024-09-12T09:07:56.643+0000] {logging_mixin.py:150} INFO - [2024-09-12T09:07:56.643+0000] {dag.py:3504} INFO - Setting next_dagrun for one_task_dag to None, run_after=None
[2024-09-12T09:07:56.690+0000] {processor.py:179} INFO - Processing /workspaces/hands-on-introduction-data-engineering-4395021/airflow/dags/one_task_dag.py took 0.088 seconds
[2024-09-12T09:08:26.767+0000] {processor.py:157} INFO - Started process (PID=23129) to work on /workspaces/hands-on-introduction-data-engineering-4395021/airflow/dags/one_task_dag.py
[2024-09-12T09:08:26.769+0000] {processor.py:826} INFO - Processing file /workspaces/hands-on-introduction-data-engineering-4395021/airflow/dags/one_task_dag.py for tasks to queue
[2024-09-12T09:08:26.770+0000] {logging_mixin.py:150} INFO - [2024-09-12T09:08:26.769+0000] {dagbag.py:541} INFO - Filling up the DagBag from /workspaces/hands-on-introduction-data-engineering-4395021/airflow/dags/one_task_dag.py
[2024-09-12T09:08:26.780+0000] {processor.py:836} INFO - DAG(s) dict_keys(['one_task_dag']) retrieved from /workspaces/hands-on-introduction-data-engineering-4395021/airflow/dags/one_task_dag.py
[2024-09-12T09:08:26.800+0000] {logging_mixin.py:150} INFO - [2024-09-12T09:08:26.799+0000] {dag.py:2742} INFO - Sync 1 DAGs
[2024-09-12T09:08:26.813+0000] {logging_mixin.py:150} INFO - [2024-09-12T09:08:26.813+0000] {dag.py:3504} INFO - Setting next_dagrun for one_task_dag to None, run_after=None
[2024-09-12T09:08:26.862+0000] {processor.py:179} INFO - Processing /workspaces/hands-on-introduction-data-engineering-4395021/airflow/dags/one_task_dag.py took 0.097 seconds
[2024-09-12T09:08:57.024+0000] {processor.py:157} INFO - Started process (PID=23552) to work on /workspaces/hands-on-introduction-data-engineering-4395021/airflow/dags/one_task_dag.py
[2024-09-12T09:08:57.025+0000] {processor.py:826} INFO - Processing file /workspaces/hands-on-introduction-data-engineering-4395021/airflow/dags/one_task_dag.py for tasks to queue
[2024-09-12T09:08:57.026+0000] {logging_mixin.py:150} INFO - [2024-09-12T09:08:57.026+0000] {dagbag.py:541} INFO - Filling up the DagBag from /workspaces/hands-on-introduction-data-engineering-4395021/airflow/dags/one_task_dag.py
[2024-09-12T09:08:57.034+0000] {processor.py:836} INFO - DAG(s) dict_keys(['one_task_dag']) retrieved from /workspaces/hands-on-introduction-data-engineering-4395021/airflow/dags/one_task_dag.py
[2024-09-12T09:08:57.056+0000] {logging_mixin.py:150} INFO - [2024-09-12T09:08:57.056+0000] {dag.py:2742} INFO - Sync 1 DAGs
[2024-09-12T09:08:57.078+0000] {logging_mixin.py:150} INFO - [2024-09-12T09:08:57.078+0000] {dag.py:3504} INFO - Setting next_dagrun for one_task_dag to None, run_after=None
[2024-09-12T09:08:57.119+0000] {processor.py:179} INFO - Processing /workspaces/hands-on-introduction-data-engineering-4395021/airflow/dags/one_task_dag.py took 0.097 seconds
[2024-09-12T09:09:28.126+0000] {processor.py:157} INFO - Started process (PID=23956) to work on /workspaces/hands-on-introduction-data-engineering-4395021/airflow/dags/one_task_dag.py
[2024-09-12T09:09:28.127+0000] {processor.py:826} INFO - Processing file /workspaces/hands-on-introduction-data-engineering-4395021/airflow/dags/one_task_dag.py for tasks to queue
[2024-09-12T09:09:28.128+0000] {logging_mixin.py:150} INFO - [2024-09-12T09:09:28.128+0000] {dagbag.py:541} INFO - Filling up the DagBag from /workspaces/hands-on-introduction-data-engineering-4395021/airflow/dags/one_task_dag.py
[2024-09-12T09:09:28.137+0000] {processor.py:836} INFO - DAG(s) dict_keys(['one_task_dag']) retrieved from /workspaces/hands-on-introduction-data-engineering-4395021/airflow/dags/one_task_dag.py
[2024-09-12T09:09:28.154+0000] {logging_mixin.py:150} INFO - [2024-09-12T09:09:28.154+0000] {dag.py:2742} INFO - Sync 1 DAGs
[2024-09-12T09:09:28.168+0000] {logging_mixin.py:150} INFO - [2024-09-12T09:09:28.168+0000] {dag.py:3504} INFO - Setting next_dagrun for one_task_dag to None, run_after=None
[2024-09-12T09:09:28.205+0000] {processor.py:179} INFO - Processing /workspaces/hands-on-introduction-data-engineering-4395021/airflow/dags/one_task_dag.py took 0.081 seconds
[2024-09-12T09:09:58.475+0000] {processor.py:157} INFO - Started process (PID=24283) to work on /workspaces/hands-on-introduction-data-engineering-4395021/airflow/dags/one_task_dag.py
[2024-09-12T09:09:58.476+0000] {processor.py:826} INFO - Processing file /workspaces/hands-on-introduction-data-engineering-4395021/airflow/dags/one_task_dag.py for tasks to queue
[2024-09-12T09:09:58.476+0000] {logging_mixin.py:150} INFO - [2024-09-12T09:09:58.476+0000] {dagbag.py:541} INFO - Filling up the DagBag from /workspaces/hands-on-introduction-data-engineering-4395021/airflow/dags/one_task_dag.py
[2024-09-12T09:09:58.484+0000] {processor.py:836} INFO - DAG(s) dict_keys(['one_task_dag']) retrieved from /workspaces/hands-on-introduction-data-engineering-4395021/airflow/dags/one_task_dag.py
[2024-09-12T09:09:58.500+0000] {logging_mixin.py:150} INFO - [2024-09-12T09:09:58.500+0000] {dag.py:2742} INFO - Sync 1 DAGs
[2024-09-12T09:09:58.513+0000] {logging_mixin.py:150} INFO - [2024-09-12T09:09:58.513+0000] {dag.py:3504} INFO - Setting next_dagrun for one_task_dag to None, run_after=None
[2024-09-12T09:09:58.552+0000] {processor.py:179} INFO - Processing /workspaces/hands-on-introduction-data-engineering-4395021/airflow/dags/one_task_dag.py took 0.079 seconds
[2024-09-12T09:10:28.859+0000] {processor.py:157} INFO - Started process (PID=24600) to work on /workspaces/hands-on-introduction-data-engineering-4395021/airflow/dags/one_task_dag.py
[2024-09-12T09:10:28.860+0000] {processor.py:826} INFO - Processing file /workspaces/hands-on-introduction-data-engineering-4395021/airflow/dags/one_task_dag.py for tasks to queue
[2024-09-12T09:10:28.860+0000] {logging_mixin.py:150} INFO - [2024-09-12T09:10:28.860+0000] {dagbag.py:541} INFO - Filling up the DagBag from /workspaces/hands-on-introduction-data-engineering-4395021/airflow/dags/one_task_dag.py
[2024-09-12T09:10:28.868+0000] {processor.py:836} INFO - DAG(s) dict_keys(['one_task_dag']) retrieved from /workspaces/hands-on-introduction-data-engineering-4395021/airflow/dags/one_task_dag.py
[2024-09-12T09:10:28.883+0000] {logging_mixin.py:150} INFO - [2024-09-12T09:10:28.883+0000] {dag.py:2742} INFO - Sync 1 DAGs
[2024-09-12T09:10:28.896+0000] {logging_mixin.py:150} INFO - [2024-09-12T09:10:28.896+0000] {dag.py:3504} INFO - Setting next_dagrun for one_task_dag to None, run_after=None
[2024-09-12T09:10:28.930+0000] {processor.py:179} INFO - Processing /workspaces/hands-on-introduction-data-engineering-4395021/airflow/dags/one_task_dag.py took 0.074 seconds
[2024-09-12T09:10:59.282+0000] {processor.py:157} INFO - Started process (PID=24778) to work on /workspaces/hands-on-introduction-data-engineering-4395021/airflow/dags/one_task_dag.py
[2024-09-12T09:10:59.283+0000] {processor.py:826} INFO - Processing file /workspaces/hands-on-introduction-data-engineering-4395021/airflow/dags/one_task_dag.py for tasks to queue
[2024-09-12T09:10:59.284+0000] {logging_mixin.py:150} INFO - [2024-09-12T09:10:59.284+0000] {dagbag.py:541} INFO - Filling up the DagBag from /workspaces/hands-on-introduction-data-engineering-4395021/airflow/dags/one_task_dag.py
[2024-09-12T09:10:59.292+0000] {processor.py:836} INFO - DAG(s) dict_keys(['one_task_dag']) retrieved from /workspaces/hands-on-introduction-data-engineering-4395021/airflow/dags/one_task_dag.py
[2024-09-12T09:10:59.307+0000] {logging_mixin.py:150} INFO - [2024-09-12T09:10:59.307+0000] {dag.py:2742} INFO - Sync 1 DAGs
[2024-09-12T09:10:59.321+0000] {logging_mixin.py:150} INFO - [2024-09-12T09:10:59.321+0000] {dag.py:3504} INFO - Setting next_dagrun for one_task_dag to None, run_after=None
[2024-09-12T09:10:59.359+0000] {processor.py:179} INFO - Processing /workspaces/hands-on-introduction-data-engineering-4395021/airflow/dags/one_task_dag.py took 0.078 seconds
[2024-09-12T09:11:29.443+0000] {processor.py:157} INFO - Started process (PID=24951) to work on /workspaces/hands-on-introduction-data-engineering-4395021/airflow/dags/one_task_dag.py
[2024-09-12T09:11:29.444+0000] {processor.py:826} INFO - Processing file /workspaces/hands-on-introduction-data-engineering-4395021/airflow/dags/one_task_dag.py for tasks to queue
[2024-09-12T09:11:29.445+0000] {logging_mixin.py:150} INFO - [2024-09-12T09:11:29.444+0000] {dagbag.py:541} INFO - Filling up the DagBag from /workspaces/hands-on-introduction-data-engineering-4395021/airflow/dags/one_task_dag.py
[2024-09-12T09:11:29.453+0000] {processor.py:836} INFO - DAG(s) dict_keys(['one_task_dag']) retrieved from /workspaces/hands-on-introduction-data-engineering-4395021/airflow/dags/one_task_dag.py
[2024-09-12T09:11:29.470+0000] {logging_mixin.py:150} INFO - [2024-09-12T09:11:29.469+0000] {dag.py:2742} INFO - Sync 1 DAGs
[2024-09-12T09:11:29.484+0000] {logging_mixin.py:150} INFO - [2024-09-12T09:11:29.484+0000] {dag.py:3504} INFO - Setting next_dagrun for one_task_dag to None, run_after=None
[2024-09-12T09:11:29.525+0000] {processor.py:179} INFO - Processing /workspaces/hands-on-introduction-data-engineering-4395021/airflow/dags/one_task_dag.py took 0.084 seconds
[2024-09-12T09:11:59.610+0000] {processor.py:157} INFO - Started process (PID=25127) to work on /workspaces/hands-on-introduction-data-engineering-4395021/airflow/dags/one_task_dag.py
[2024-09-12T09:11:59.611+0000] {processor.py:826} INFO - Processing file /workspaces/hands-on-introduction-data-engineering-4395021/airflow/dags/one_task_dag.py for tasks to queue
[2024-09-12T09:11:59.612+0000] {logging_mixin.py:150} INFO - [2024-09-12T09:11:59.612+0000] {dagbag.py:541} INFO - Filling up the DagBag from /workspaces/hands-on-introduction-data-engineering-4395021/airflow/dags/one_task_dag.py
[2024-09-12T09:11:59.619+0000] {processor.py:836} INFO - DAG(s) dict_keys(['one_task_dag']) retrieved from /workspaces/hands-on-introduction-data-engineering-4395021/airflow/dags/one_task_dag.py
[2024-09-12T09:11:59.635+0000] {logging_mixin.py:150} INFO - [2024-09-12T09:11:59.635+0000] {dag.py:2742} INFO - Sync 1 DAGs
[2024-09-12T09:11:59.649+0000] {logging_mixin.py:150} INFO - [2024-09-12T09:11:59.649+0000] {dag.py:3504} INFO - Setting next_dagrun for one_task_dag to None, run_after=None
[2024-09-12T09:11:59.688+0000] {processor.py:179} INFO - Processing /workspaces/hands-on-introduction-data-engineering-4395021/airflow/dags/one_task_dag.py took 0.080 seconds
[2024-09-12T09:12:29.769+0000] {processor.py:157} INFO - Started process (PID=25301) to work on /workspaces/hands-on-introduction-data-engineering-4395021/airflow/dags/one_task_dag.py
[2024-09-12T09:12:29.770+0000] {processor.py:826} INFO - Processing file /workspaces/hands-on-introduction-data-engineering-4395021/airflow/dags/one_task_dag.py for tasks to queue
[2024-09-12T09:12:29.771+0000] {logging_mixin.py:150} INFO - [2024-09-12T09:12:29.771+0000] {dagbag.py:541} INFO - Filling up the DagBag from /workspaces/hands-on-introduction-data-engineering-4395021/airflow/dags/one_task_dag.py
[2024-09-12T09:12:29.778+0000] {processor.py:836} INFO - DAG(s) dict_keys(['one_task_dag']) retrieved from /workspaces/hands-on-introduction-data-engineering-4395021/airflow/dags/one_task_dag.py
[2024-09-12T09:12:29.794+0000] {logging_mixin.py:150} INFO - [2024-09-12T09:12:29.794+0000] {dag.py:2742} INFO - Sync 1 DAGs
[2024-09-12T09:12:29.809+0000] {logging_mixin.py:150} INFO - [2024-09-12T09:12:29.809+0000] {dag.py:3504} INFO - Setting next_dagrun for one_task_dag to None, run_after=None
[2024-09-12T09:12:29.852+0000] {processor.py:179} INFO - Processing /workspaces/hands-on-introduction-data-engineering-4395021/airflow/dags/one_task_dag.py took 0.085 seconds
[2024-09-12T09:12:59.930+0000] {processor.py:157} INFO - Started process (PID=25502) to work on /workspaces/hands-on-introduction-data-engineering-4395021/airflow/dags/one_task_dag.py
[2024-09-12T09:12:59.931+0000] {processor.py:826} INFO - Processing file /workspaces/hands-on-introduction-data-engineering-4395021/airflow/dags/one_task_dag.py for tasks to queue
[2024-09-12T09:12:59.932+0000] {logging_mixin.py:150} INFO - [2024-09-12T09:12:59.931+0000] {dagbag.py:541} INFO - Filling up the DagBag from /workspaces/hands-on-introduction-data-engineering-4395021/airflow/dags/one_task_dag.py
[2024-09-12T09:12:59.940+0000] {processor.py:836} INFO - DAG(s) dict_keys(['one_task_dag']) retrieved from /workspaces/hands-on-introduction-data-engineering-4395021/airflow/dags/one_task_dag.py
[2024-09-12T09:12:59.956+0000] {logging_mixin.py:150} INFO - [2024-09-12T09:12:59.956+0000] {dag.py:2742} INFO - Sync 1 DAGs
[2024-09-12T09:12:59.971+0000] {logging_mixin.py:150} INFO - [2024-09-12T09:12:59.971+0000] {dag.py:3504} INFO - Setting next_dagrun for one_task_dag to None, run_after=None
[2024-09-12T09:13:00.020+0000] {processor.py:179} INFO - Processing /workspaces/hands-on-introduction-data-engineering-4395021/airflow/dags/one_task_dag.py took 0.092 seconds
[2024-09-12T09:13:30.088+0000] {processor.py:157} INFO - Started process (PID=25681) to work on /workspaces/hands-on-introduction-data-engineering-4395021/airflow/dags/one_task_dag.py
[2024-09-12T09:13:30.089+0000] {processor.py:826} INFO - Processing file /workspaces/hands-on-introduction-data-engineering-4395021/airflow/dags/one_task_dag.py for tasks to queue
[2024-09-12T09:13:30.090+0000] {logging_mixin.py:150} INFO - [2024-09-12T09:13:30.090+0000] {dagbag.py:541} INFO - Filling up the DagBag from /workspaces/hands-on-introduction-data-engineering-4395021/airflow/dags/one_task_dag.py
[2024-09-12T09:13:30.098+0000] {processor.py:836} INFO - DAG(s) dict_keys(['one_task_dag']) retrieved from /workspaces/hands-on-introduction-data-engineering-4395021/airflow/dags/one_task_dag.py
[2024-09-12T09:13:30.115+0000] {logging_mixin.py:150} INFO - [2024-09-12T09:13:30.114+0000] {dag.py:2742} INFO - Sync 1 DAGs
[2024-09-12T09:13:30.129+0000] {logging_mixin.py:150} INFO - [2024-09-12T09:13:30.129+0000] {dag.py:3504} INFO - Setting next_dagrun for one_task_dag to None, run_after=None
[2024-09-12T09:13:30.174+0000] {processor.py:179} INFO - Processing /workspaces/hands-on-introduction-data-engineering-4395021/airflow/dags/one_task_dag.py took 0.088 seconds
[2024-09-12T09:14:00.249+0000] {processor.py:157} INFO - Started process (PID=25895) to work on /workspaces/hands-on-introduction-data-engineering-4395021/airflow/dags/one_task_dag.py
[2024-09-12T09:14:00.250+0000] {processor.py:826} INFO - Processing file /workspaces/hands-on-introduction-data-engineering-4395021/airflow/dags/one_task_dag.py for tasks to queue
[2024-09-12T09:14:00.251+0000] {logging_mixin.py:150} INFO - [2024-09-12T09:14:00.251+0000] {dagbag.py:541} INFO - Filling up the DagBag from /workspaces/hands-on-introduction-data-engineering-4395021/airflow/dags/one_task_dag.py
[2024-09-12T09:14:00.262+0000] {processor.py:836} INFO - DAG(s) dict_keys(['one_task_dag']) retrieved from /workspaces/hands-on-introduction-data-engineering-4395021/airflow/dags/one_task_dag.py
[2024-09-12T09:14:00.278+0000] {logging_mixin.py:150} INFO - [2024-09-12T09:14:00.278+0000] {dag.py:2742} INFO - Sync 1 DAGs
[2024-09-12T09:14:00.292+0000] {logging_mixin.py:150} INFO - [2024-09-12T09:14:00.292+0000] {dag.py:3504} INFO - Setting next_dagrun for one_task_dag to None, run_after=None
[2024-09-12T09:14:00.341+0000] {processor.py:179} INFO - Processing /workspaces/hands-on-introduction-data-engineering-4395021/airflow/dags/one_task_dag.py took 0.094 seconds
[2024-09-12T09:14:30.411+0000] {processor.py:157} INFO - Started process (PID=26097) to work on /workspaces/hands-on-introduction-data-engineering-4395021/airflow/dags/one_task_dag.py
[2024-09-12T09:14:30.412+0000] {processor.py:826} INFO - Processing file /workspaces/hands-on-introduction-data-engineering-4395021/airflow/dags/one_task_dag.py for tasks to queue
[2024-09-12T09:14:30.413+0000] {logging_mixin.py:150} INFO - [2024-09-12T09:14:30.412+0000] {dagbag.py:541} INFO - Filling up the DagBag from /workspaces/hands-on-introduction-data-engineering-4395021/airflow/dags/one_task_dag.py
[2024-09-12T09:14:30.421+0000] {processor.py:836} INFO - DAG(s) dict_keys(['one_task_dag']) retrieved from /workspaces/hands-on-introduction-data-engineering-4395021/airflow/dags/one_task_dag.py
[2024-09-12T09:14:30.436+0000] {logging_mixin.py:150} INFO - [2024-09-12T09:14:30.436+0000] {dag.py:2742} INFO - Sync 1 DAGs
[2024-09-12T09:14:30.450+0000] {logging_mixin.py:150} INFO - [2024-09-12T09:14:30.450+0000] {dag.py:3504} INFO - Setting next_dagrun for one_task_dag to None, run_after=None
[2024-09-12T09:14:30.492+0000] {processor.py:179} INFO - Processing /workspaces/hands-on-introduction-data-engineering-4395021/airflow/dags/one_task_dag.py took 0.083 seconds
[2024-09-12T09:15:00.573+0000] {processor.py:157} INFO - Started process (PID=26263) to work on /workspaces/hands-on-introduction-data-engineering-4395021/airflow/dags/one_task_dag.py
[2024-09-12T09:15:00.574+0000] {processor.py:826} INFO - Processing file /workspaces/hands-on-introduction-data-engineering-4395021/airflow/dags/one_task_dag.py for tasks to queue
[2024-09-12T09:15:00.574+0000] {logging_mixin.py:150} INFO - [2024-09-12T09:15:00.574+0000] {dagbag.py:541} INFO - Filling up the DagBag from /workspaces/hands-on-introduction-data-engineering-4395021/airflow/dags/one_task_dag.py
[2024-09-12T09:15:00.582+0000] {processor.py:836} INFO - DAG(s) dict_keys(['one_task_dag']) retrieved from /workspaces/hands-on-introduction-data-engineering-4395021/airflow/dags/one_task_dag.py
[2024-09-12T09:15:00.598+0000] {logging_mixin.py:150} INFO - [2024-09-12T09:15:00.598+0000] {dag.py:2742} INFO - Sync 1 DAGs
[2024-09-12T09:15:00.613+0000] {logging_mixin.py:150} INFO - [2024-09-12T09:15:00.613+0000] {dag.py:3504} INFO - Setting next_dagrun for one_task_dag to None, run_after=None
[2024-09-12T09:15:00.653+0000] {processor.py:179} INFO - Processing /workspaces/hands-on-introduction-data-engineering-4395021/airflow/dags/one_task_dag.py took 0.082 seconds
[2024-09-12T09:15:30.739+0000] {processor.py:157} INFO - Started process (PID=26439) to work on /workspaces/hands-on-introduction-data-engineering-4395021/airflow/dags/one_task_dag.py
[2024-09-12T09:15:30.740+0000] {processor.py:826} INFO - Processing file /workspaces/hands-on-introduction-data-engineering-4395021/airflow/dags/one_task_dag.py for tasks to queue
[2024-09-12T09:15:30.741+0000] {logging_mixin.py:150} INFO - [2024-09-12T09:15:30.740+0000] {dagbag.py:541} INFO - Filling up the DagBag from /workspaces/hands-on-introduction-data-engineering-4395021/airflow/dags/one_task_dag.py
[2024-09-12T09:15:30.748+0000] {processor.py:836} INFO - DAG(s) dict_keys(['one_task_dag']) retrieved from /workspaces/hands-on-introduction-data-engineering-4395021/airflow/dags/one_task_dag.py
[2024-09-12T09:15:30.764+0000] {logging_mixin.py:150} INFO - [2024-09-12T09:15:30.763+0000] {dag.py:2742} INFO - Sync 1 DAGs
[2024-09-12T09:15:30.777+0000] {logging_mixin.py:150} INFO - [2024-09-12T09:15:30.777+0000] {dag.py:3504} INFO - Setting next_dagrun for one_task_dag to None, run_after=None
[2024-09-12T09:15:30.814+0000] {processor.py:179} INFO - Processing /workspaces/hands-on-introduction-data-engineering-4395021/airflow/dags/one_task_dag.py took 0.078 seconds
[2024-09-12T09:16:00.933+0000] {processor.py:157} INFO - Started process (PID=26610) to work on /workspaces/hands-on-introduction-data-engineering-4395021/airflow/dags/one_task_dag.py
[2024-09-12T09:16:00.934+0000] {processor.py:826} INFO - Processing file /workspaces/hands-on-introduction-data-engineering-4395021/airflow/dags/one_task_dag.py for tasks to queue
[2024-09-12T09:16:00.935+0000] {logging_mixin.py:150} INFO - [2024-09-12T09:16:00.935+0000] {dagbag.py:541} INFO - Filling up the DagBag from /workspaces/hands-on-introduction-data-engineering-4395021/airflow/dags/one_task_dag.py
[2024-09-12T09:16:00.943+0000] {processor.py:836} INFO - DAG(s) dict_keys(['one_task_dag']) retrieved from /workspaces/hands-on-introduction-data-engineering-4395021/airflow/dags/one_task_dag.py
[2024-09-12T09:16:00.958+0000] {logging_mixin.py:150} INFO - [2024-09-12T09:16:00.958+0000] {dag.py:2742} INFO - Sync 1 DAGs
[2024-09-12T09:16:00.972+0000] {logging_mixin.py:150} INFO - [2024-09-12T09:16:00.972+0000] {dag.py:3504} INFO - Setting next_dagrun for one_task_dag to None, run_after=None
[2024-09-12T09:16:01.014+0000] {processor.py:179} INFO - Processing /workspaces/hands-on-introduction-data-engineering-4395021/airflow/dags/one_task_dag.py took 0.083 seconds
[2024-09-12T09:16:31.092+0000] {processor.py:157} INFO - Started process (PID=26790) to work on /workspaces/hands-on-introduction-data-engineering-4395021/airflow/dags/one_task_dag.py
[2024-09-12T09:16:31.092+0000] {processor.py:826} INFO - Processing file /workspaces/hands-on-introduction-data-engineering-4395021/airflow/dags/one_task_dag.py for tasks to queue
[2024-09-12T09:16:31.093+0000] {logging_mixin.py:150} INFO - [2024-09-12T09:16:31.093+0000] {dagbag.py:541} INFO - Filling up the DagBag from /workspaces/hands-on-introduction-data-engineering-4395021/airflow/dags/one_task_dag.py
[2024-09-12T09:16:31.101+0000] {processor.py:836} INFO - DAG(s) dict_keys(['one_task_dag']) retrieved from /workspaces/hands-on-introduction-data-engineering-4395021/airflow/dags/one_task_dag.py
[2024-09-12T09:16:31.117+0000] {logging_mixin.py:150} INFO - [2024-09-12T09:16:31.116+0000] {dag.py:2742} INFO - Sync 1 DAGs
[2024-09-12T09:16:31.130+0000] {logging_mixin.py:150} INFO - [2024-09-12T09:16:31.130+0000] {dag.py:3504} INFO - Setting next_dagrun for one_task_dag to None, run_after=None
[2024-09-12T09:16:31.167+0000] {processor.py:179} INFO - Processing /workspaces/hands-on-introduction-data-engineering-4395021/airflow/dags/one_task_dag.py took 0.077 seconds
[2024-09-12T09:17:01.252+0000] {processor.py:157} INFO - Started process (PID=26962) to work on /workspaces/hands-on-introduction-data-engineering-4395021/airflow/dags/one_task_dag.py
[2024-09-12T09:17:01.253+0000] {processor.py:826} INFO - Processing file /workspaces/hands-on-introduction-data-engineering-4395021/airflow/dags/one_task_dag.py for tasks to queue
[2024-09-12T09:17:01.254+0000] {logging_mixin.py:150} INFO - [2024-09-12T09:17:01.253+0000] {dagbag.py:541} INFO - Filling up the DagBag from /workspaces/hands-on-introduction-data-engineering-4395021/airflow/dags/one_task_dag.py
[2024-09-12T09:17:01.262+0000] {processor.py:836} INFO - DAG(s) dict_keys(['one_task_dag']) retrieved from /workspaces/hands-on-introduction-data-engineering-4395021/airflow/dags/one_task_dag.py
[2024-09-12T09:17:01.278+0000] {logging_mixin.py:150} INFO - [2024-09-12T09:17:01.277+0000] {dag.py:2742} INFO - Sync 1 DAGs
[2024-09-12T09:17:01.291+0000] {logging_mixin.py:150} INFO - [2024-09-12T09:17:01.291+0000] {dag.py:3504} INFO - Setting next_dagrun for one_task_dag to None, run_after=None
[2024-09-12T09:17:01.363+0000] {processor.py:179} INFO - Processing /workspaces/hands-on-introduction-data-engineering-4395021/airflow/dags/one_task_dag.py took 0.113 seconds
[2024-09-12T09:17:31.509+0000] {processor.py:157} INFO - Started process (PID=27134) to work on /workspaces/hands-on-introduction-data-engineering-4395021/airflow/dags/one_task_dag.py
[2024-09-12T09:17:31.510+0000] {processor.py:826} INFO - Processing file /workspaces/hands-on-introduction-data-engineering-4395021/airflow/dags/one_task_dag.py for tasks to queue
[2024-09-12T09:17:31.511+0000] {logging_mixin.py:150} INFO - [2024-09-12T09:17:31.510+0000] {dagbag.py:541} INFO - Filling up the DagBag from /workspaces/hands-on-introduction-data-engineering-4395021/airflow/dags/one_task_dag.py
[2024-09-12T09:17:31.518+0000] {processor.py:836} INFO - DAG(s) dict_keys(['one_task_dag']) retrieved from /workspaces/hands-on-introduction-data-engineering-4395021/airflow/dags/one_task_dag.py
[2024-09-12T09:17:31.535+0000] {logging_mixin.py:150} INFO - [2024-09-12T09:17:31.535+0000] {dag.py:2742} INFO - Sync 1 DAGs
[2024-09-12T09:17:31.549+0000] {logging_mixin.py:150} INFO - [2024-09-12T09:17:31.549+0000] {dag.py:3504} INFO - Setting next_dagrun for one_task_dag to None, run_after=None
[2024-09-12T09:17:31.589+0000] {processor.py:179} INFO - Processing /workspaces/hands-on-introduction-data-engineering-4395021/airflow/dags/one_task_dag.py took 0.083 seconds
[2024-09-12T09:18:01.668+0000] {processor.py:157} INFO - Started process (PID=27341) to work on /workspaces/hands-on-introduction-data-engineering-4395021/airflow/dags/one_task_dag.py
[2024-09-12T09:18:01.669+0000] {processor.py:826} INFO - Processing file /workspaces/hands-on-introduction-data-engineering-4395021/airflow/dags/one_task_dag.py for tasks to queue
[2024-09-12T09:18:01.670+0000] {logging_mixin.py:150} INFO - [2024-09-12T09:18:01.670+0000] {dagbag.py:541} INFO - Filling up the DagBag from /workspaces/hands-on-introduction-data-engineering-4395021/airflow/dags/one_task_dag.py
[2024-09-12T09:18:01.678+0000] {processor.py:836} INFO - DAG(s) dict_keys(['one_task_dag']) retrieved from /workspaces/hands-on-introduction-data-engineering-4395021/airflow/dags/one_task_dag.py
[2024-09-12T09:18:01.694+0000] {logging_mixin.py:150} INFO - [2024-09-12T09:18:01.694+0000] {dag.py:2742} INFO - Sync 1 DAGs
[2024-09-12T09:18:01.710+0000] {logging_mixin.py:150} INFO - [2024-09-12T09:18:01.710+0000] {dag.py:3504} INFO - Setting next_dagrun for one_task_dag to None, run_after=None
[2024-09-12T09:18:01.748+0000] {processor.py:179} INFO - Processing /workspaces/hands-on-introduction-data-engineering-4395021/airflow/dags/one_task_dag.py took 0.082 seconds
[2024-09-12T09:18:31.832+0000] {processor.py:157} INFO - Started process (PID=27512) to work on /workspaces/hands-on-introduction-data-engineering-4395021/airflow/dags/one_task_dag.py
[2024-09-12T09:18:31.833+0000] {processor.py:826} INFO - Processing file /workspaces/hands-on-introduction-data-engineering-4395021/airflow/dags/one_task_dag.py for tasks to queue
[2024-09-12T09:18:31.833+0000] {logging_mixin.py:150} INFO - [2024-09-12T09:18:31.833+0000] {dagbag.py:541} INFO - Filling up the DagBag from /workspaces/hands-on-introduction-data-engineering-4395021/airflow/dags/one_task_dag.py
[2024-09-12T09:18:31.840+0000] {processor.py:836} INFO - DAG(s) dict_keys(['one_task_dag']) retrieved from /workspaces/hands-on-introduction-data-engineering-4395021/airflow/dags/one_task_dag.py
[2024-09-12T09:18:31.856+0000] {logging_mixin.py:150} INFO - [2024-09-12T09:18:31.856+0000] {dag.py:2742} INFO - Sync 1 DAGs
[2024-09-12T09:18:31.870+0000] {logging_mixin.py:150} INFO - [2024-09-12T09:18:31.870+0000] {dag.py:3504} INFO - Setting next_dagrun for one_task_dag to None, run_after=None
[2024-09-12T09:18:31.902+0000] {processor.py:179} INFO - Processing /workspaces/hands-on-introduction-data-engineering-4395021/airflow/dags/one_task_dag.py took 0.073 seconds
[2024-09-12T09:19:01.989+0000] {processor.py:157} INFO - Started process (PID=27692) to work on /workspaces/hands-on-introduction-data-engineering-4395021/airflow/dags/one_task_dag.py
[2024-09-12T09:19:01.990+0000] {processor.py:826} INFO - Processing file /workspaces/hands-on-introduction-data-engineering-4395021/airflow/dags/one_task_dag.py for tasks to queue
[2024-09-12T09:19:01.990+0000] {logging_mixin.py:150} INFO - [2024-09-12T09:19:01.990+0000] {dagbag.py:541} INFO - Filling up the DagBag from /workspaces/hands-on-introduction-data-engineering-4395021/airflow/dags/one_task_dag.py
[2024-09-12T09:19:01.998+0000] {processor.py:836} INFO - DAG(s) dict_keys(['one_task_dag']) retrieved from /workspaces/hands-on-introduction-data-engineering-4395021/airflow/dags/one_task_dag.py
[2024-09-12T09:19:02.014+0000] {logging_mixin.py:150} INFO - [2024-09-12T09:19:02.014+0000] {dag.py:2742} INFO - Sync 1 DAGs
[2024-09-12T09:19:02.028+0000] {logging_mixin.py:150} INFO - [2024-09-12T09:19:02.028+0000] {dag.py:3504} INFO - Setting next_dagrun for one_task_dag to None, run_after=None
[2024-09-12T09:19:02.063+0000] {processor.py:179} INFO - Processing /workspaces/hands-on-introduction-data-engineering-4395021/airflow/dags/one_task_dag.py took 0.077 seconds
[2024-09-12T09:19:32.126+0000] {processor.py:157} INFO - Started process (PID=27858) to work on /workspaces/hands-on-introduction-data-engineering-4395021/airflow/dags/one_task_dag.py
[2024-09-12T09:19:32.126+0000] {processor.py:826} INFO - Processing file /workspaces/hands-on-introduction-data-engineering-4395021/airflow/dags/one_task_dag.py for tasks to queue
[2024-09-12T09:19:32.127+0000] {logging_mixin.py:150} INFO - [2024-09-12T09:19:32.127+0000] {dagbag.py:541} INFO - Filling up the DagBag from /workspaces/hands-on-introduction-data-engineering-4395021/airflow/dags/one_task_dag.py
[2024-09-12T09:19:32.135+0000] {processor.py:836} INFO - DAG(s) dict_keys(['one_task_dag']) retrieved from /workspaces/hands-on-introduction-data-engineering-4395021/airflow/dags/one_task_dag.py
[2024-09-12T09:19:32.152+0000] {logging_mixin.py:150} INFO - [2024-09-12T09:19:32.152+0000] {dag.py:2742} INFO - Sync 1 DAGs
[2024-09-12T09:19:32.165+0000] {logging_mixin.py:150} INFO - [2024-09-12T09:19:32.165+0000] {dag.py:3504} INFO - Setting next_dagrun for one_task_dag to None, run_after=None
[2024-09-12T09:19:32.209+0000] {processor.py:179} INFO - Processing /workspaces/hands-on-introduction-data-engineering-4395021/airflow/dags/one_task_dag.py took 0.086 seconds
[2024-09-12T09:20:02.286+0000] {processor.py:157} INFO - Started process (PID=28035) to work on /workspaces/hands-on-introduction-data-engineering-4395021/airflow/dags/one_task_dag.py
[2024-09-12T09:20:02.287+0000] {processor.py:826} INFO - Processing file /workspaces/hands-on-introduction-data-engineering-4395021/airflow/dags/one_task_dag.py for tasks to queue
[2024-09-12T09:20:02.288+0000] {logging_mixin.py:150} INFO - [2024-09-12T09:20:02.287+0000] {dagbag.py:541} INFO - Filling up the DagBag from /workspaces/hands-on-introduction-data-engineering-4395021/airflow/dags/one_task_dag.py
[2024-09-12T09:20:02.295+0000] {processor.py:836} INFO - DAG(s) dict_keys(['one_task_dag']) retrieved from /workspaces/hands-on-introduction-data-engineering-4395021/airflow/dags/one_task_dag.py
[2024-09-12T09:20:02.311+0000] {logging_mixin.py:150} INFO - [2024-09-12T09:20:02.311+0000] {dag.py:2742} INFO - Sync 1 DAGs
[2024-09-12T09:20:02.324+0000] {logging_mixin.py:150} INFO - [2024-09-12T09:20:02.324+0000] {dag.py:3504} INFO - Setting next_dagrun for one_task_dag to None, run_after=None
[2024-09-12T09:20:02.356+0000] {processor.py:179} INFO - Processing /workspaces/hands-on-introduction-data-engineering-4395021/airflow/dags/one_task_dag.py took 0.073 seconds
[2024-09-12T09:20:32.444+0000] {processor.py:157} INFO - Started process (PID=28206) to work on /workspaces/hands-on-introduction-data-engineering-4395021/airflow/dags/one_task_dag.py
[2024-09-12T09:20:32.445+0000] {processor.py:826} INFO - Processing file /workspaces/hands-on-introduction-data-engineering-4395021/airflow/dags/one_task_dag.py for tasks to queue
[2024-09-12T09:20:32.446+0000] {logging_mixin.py:150} INFO - [2024-09-12T09:20:32.446+0000] {dagbag.py:541} INFO - Filling up the DagBag from /workspaces/hands-on-introduction-data-engineering-4395021/airflow/dags/one_task_dag.py
[2024-09-12T09:20:32.453+0000] {processor.py:836} INFO - DAG(s) dict_keys(['one_task_dag']) retrieved from /workspaces/hands-on-introduction-data-engineering-4395021/airflow/dags/one_task_dag.py
[2024-09-12T09:20:32.469+0000] {logging_mixin.py:150} INFO - [2024-09-12T09:20:32.468+0000] {dag.py:2742} INFO - Sync 1 DAGs
[2024-09-12T09:20:32.482+0000] {logging_mixin.py:150} INFO - [2024-09-12T09:20:32.482+0000] {dag.py:3504} INFO - Setting next_dagrun for one_task_dag to None, run_after=None
[2024-09-12T09:20:32.528+0000] {processor.py:179} INFO - Processing /workspaces/hands-on-introduction-data-engineering-4395021/airflow/dags/one_task_dag.py took 0.086 seconds
[2024-09-12T09:21:02.602+0000] {processor.py:157} INFO - Started process (PID=28384) to work on /workspaces/hands-on-introduction-data-engineering-4395021/airflow/dags/one_task_dag.py
[2024-09-12T09:21:02.603+0000] {processor.py:826} INFO - Processing file /workspaces/hands-on-introduction-data-engineering-4395021/airflow/dags/one_task_dag.py for tasks to queue
[2024-09-12T09:21:02.604+0000] {logging_mixin.py:150} INFO - [2024-09-12T09:21:02.604+0000] {dagbag.py:541} INFO - Filling up the DagBag from /workspaces/hands-on-introduction-data-engineering-4395021/airflow/dags/one_task_dag.py
[2024-09-12T09:21:02.612+0000] {processor.py:836} INFO - DAG(s) dict_keys(['one_task_dag']) retrieved from /workspaces/hands-on-introduction-data-engineering-4395021/airflow/dags/one_task_dag.py
[2024-09-12T09:21:02.627+0000] {logging_mixin.py:150} INFO - [2024-09-12T09:21:02.627+0000] {dag.py:2742} INFO - Sync 1 DAGs
[2024-09-12T09:21:02.640+0000] {logging_mixin.py:150} INFO - [2024-09-12T09:21:02.640+0000] {dag.py:3504} INFO - Setting next_dagrun for one_task_dag to None, run_after=None
[2024-09-12T09:21:02.674+0000] {processor.py:179} INFO - Processing /workspaces/hands-on-introduction-data-engineering-4395021/airflow/dags/one_task_dag.py took 0.074 seconds
[2024-09-12T09:21:32.745+0000] {processor.py:157} INFO - Started process (PID=28558) to work on /workspaces/hands-on-introduction-data-engineering-4395021/airflow/dags/one_task_dag.py
[2024-09-12T09:21:32.746+0000] {processor.py:826} INFO - Processing file /workspaces/hands-on-introduction-data-engineering-4395021/airflow/dags/one_task_dag.py for tasks to queue
[2024-09-12T09:21:32.746+0000] {logging_mixin.py:150} INFO - [2024-09-12T09:21:32.746+0000] {dagbag.py:541} INFO - Filling up the DagBag from /workspaces/hands-on-introduction-data-engineering-4395021/airflow/dags/one_task_dag.py
[2024-09-12T09:21:32.754+0000] {processor.py:836} INFO - DAG(s) dict_keys(['one_task_dag']) retrieved from /workspaces/hands-on-introduction-data-engineering-4395021/airflow/dags/one_task_dag.py
[2024-09-12T09:21:32.777+0000] {logging_mixin.py:150} INFO - [2024-09-12T09:21:32.777+0000] {dag.py:2742} INFO - Sync 1 DAGs
[2024-09-12T09:21:32.799+0000] {logging_mixin.py:150} INFO - [2024-09-12T09:21:32.799+0000] {dag.py:3504} INFO - Setting next_dagrun for one_task_dag to None, run_after=None
[2024-09-12T09:21:32.846+0000] {processor.py:179} INFO - Processing /workspaces/hands-on-introduction-data-engineering-4395021/airflow/dags/one_task_dag.py took 0.103 seconds
[2024-09-12T09:22:03.009+0000] {processor.py:157} INFO - Started process (PID=28731) to work on /workspaces/hands-on-introduction-data-engineering-4395021/airflow/dags/one_task_dag.py
[2024-09-12T09:22:03.010+0000] {processor.py:826} INFO - Processing file /workspaces/hands-on-introduction-data-engineering-4395021/airflow/dags/one_task_dag.py for tasks to queue
[2024-09-12T09:22:03.011+0000] {logging_mixin.py:150} INFO - [2024-09-12T09:22:03.010+0000] {dagbag.py:541} INFO - Filling up the DagBag from /workspaces/hands-on-introduction-data-engineering-4395021/airflow/dags/one_task_dag.py
[2024-09-12T09:22:03.018+0000] {processor.py:836} INFO - DAG(s) dict_keys(['one_task_dag']) retrieved from /workspaces/hands-on-introduction-data-engineering-4395021/airflow/dags/one_task_dag.py
[2024-09-12T09:22:03.034+0000] {logging_mixin.py:150} INFO - [2024-09-12T09:22:03.034+0000] {dag.py:2742} INFO - Sync 1 DAGs
[2024-09-12T09:22:03.047+0000] {logging_mixin.py:150} INFO - [2024-09-12T09:22:03.047+0000] {dag.py:3504} INFO - Setting next_dagrun for one_task_dag to None, run_after=None
[2024-09-12T09:22:03.089+0000] {processor.py:179} INFO - Processing /workspaces/hands-on-introduction-data-engineering-4395021/airflow/dags/one_task_dag.py took 0.082 seconds
[2024-09-12T09:22:33.167+0000] {processor.py:157} INFO - Started process (PID=28914) to work on /workspaces/hands-on-introduction-data-engineering-4395021/airflow/dags/one_task_dag.py
[2024-09-12T09:22:33.168+0000] {processor.py:826} INFO - Processing file /workspaces/hands-on-introduction-data-engineering-4395021/airflow/dags/one_task_dag.py for tasks to queue
[2024-09-12T09:22:33.169+0000] {logging_mixin.py:150} INFO - [2024-09-12T09:22:33.169+0000] {dagbag.py:541} INFO - Filling up the DagBag from /workspaces/hands-on-introduction-data-engineering-4395021/airflow/dags/one_task_dag.py
[2024-09-12T09:22:33.177+0000] {processor.py:836} INFO - DAG(s) dict_keys(['one_task_dag']) retrieved from /workspaces/hands-on-introduction-data-engineering-4395021/airflow/dags/one_task_dag.py
[2024-09-12T09:22:33.193+0000] {logging_mixin.py:150} INFO - [2024-09-12T09:22:33.193+0000] {dag.py:2742} INFO - Sync 1 DAGs
[2024-09-12T09:22:33.207+0000] {logging_mixin.py:150} INFO - [2024-09-12T09:22:33.207+0000] {dag.py:3504} INFO - Setting next_dagrun for one_task_dag to None, run_after=None
[2024-09-12T09:22:33.257+0000] {processor.py:179} INFO - Processing /workspaces/hands-on-introduction-data-engineering-4395021/airflow/dags/one_task_dag.py took 0.092 seconds
[2024-09-12T09:23:03.327+0000] {processor.py:157} INFO - Started process (PID=29113) to work on /workspaces/hands-on-introduction-data-engineering-4395021/airflow/dags/one_task_dag.py
[2024-09-12T09:23:03.327+0000] {processor.py:826} INFO - Processing file /workspaces/hands-on-introduction-data-engineering-4395021/airflow/dags/one_task_dag.py for tasks to queue
[2024-09-12T09:23:03.328+0000] {logging_mixin.py:150} INFO - [2024-09-12T09:23:03.328+0000] {dagbag.py:541} INFO - Filling up the DagBag from /workspaces/hands-on-introduction-data-engineering-4395021/airflow/dags/one_task_dag.py
[2024-09-12T09:23:03.337+0000] {processor.py:836} INFO - DAG(s) dict_keys(['one_task_dag']) retrieved from /workspaces/hands-on-introduction-data-engineering-4395021/airflow/dags/one_task_dag.py
[2024-09-12T09:23:03.354+0000] {logging_mixin.py:150} INFO - [2024-09-12T09:23:03.353+0000] {dag.py:2742} INFO - Sync 1 DAGs
[2024-09-12T09:23:03.368+0000] {logging_mixin.py:150} INFO - [2024-09-12T09:23:03.368+0000] {dag.py:3504} INFO - Setting next_dagrun for one_task_dag to None, run_after=None
[2024-09-12T09:23:03.407+0000] {processor.py:179} INFO - Processing /workspaces/hands-on-introduction-data-engineering-4395021/airflow/dags/one_task_dag.py took 0.082 seconds
[2024-09-12T09:23:33.487+0000] {processor.py:157} INFO - Started process (PID=29284) to work on /workspaces/hands-on-introduction-data-engineering-4395021/airflow/dags/one_task_dag.py
[2024-09-12T09:23:33.488+0000] {processor.py:826} INFO - Processing file /workspaces/hands-on-introduction-data-engineering-4395021/airflow/dags/one_task_dag.py for tasks to queue
[2024-09-12T09:23:33.488+0000] {logging_mixin.py:150} INFO - [2024-09-12T09:23:33.488+0000] {dagbag.py:541} INFO - Filling up the DagBag from /workspaces/hands-on-introduction-data-engineering-4395021/airflow/dags/one_task_dag.py
[2024-09-12T09:23:33.496+0000] {processor.py:836} INFO - DAG(s) dict_keys(['one_task_dag']) retrieved from /workspaces/hands-on-introduction-data-engineering-4395021/airflow/dags/one_task_dag.py
[2024-09-12T09:23:33.512+0000] {logging_mixin.py:150} INFO - [2024-09-12T09:23:33.512+0000] {dag.py:2742} INFO - Sync 1 DAGs
[2024-09-12T09:23:33.526+0000] {logging_mixin.py:150} INFO - [2024-09-12T09:23:33.526+0000] {dag.py:3504} INFO - Setting next_dagrun for one_task_dag to None, run_after=None
[2024-09-12T09:23:33.559+0000] {processor.py:179} INFO - Processing /workspaces/hands-on-introduction-data-engineering-4395021/airflow/dags/one_task_dag.py took 0.074 seconds
[2024-09-12T09:24:03.658+0000] {processor.py:157} INFO - Started process (PID=29457) to work on /workspaces/hands-on-introduction-data-engineering-4395021/airflow/dags/one_task_dag.py
[2024-09-12T09:24:03.659+0000] {processor.py:826} INFO - Processing file /workspaces/hands-on-introduction-data-engineering-4395021/airflow/dags/one_task_dag.py for tasks to queue
[2024-09-12T09:24:03.659+0000] {logging_mixin.py:150} INFO - [2024-09-12T09:24:03.659+0000] {dagbag.py:541} INFO - Filling up the DagBag from /workspaces/hands-on-introduction-data-engineering-4395021/airflow/dags/one_task_dag.py
[2024-09-12T09:24:03.667+0000] {processor.py:836} INFO - DAG(s) dict_keys(['one_task_dag']) retrieved from /workspaces/hands-on-introduction-data-engineering-4395021/airflow/dags/one_task_dag.py
[2024-09-12T09:24:03.684+0000] {logging_mixin.py:150} INFO - [2024-09-12T09:24:03.684+0000] {dag.py:2742} INFO - Sync 1 DAGs
[2024-09-12T09:24:03.697+0000] {logging_mixin.py:150} INFO - [2024-09-12T09:24:03.697+0000] {dag.py:3504} INFO - Setting next_dagrun for one_task_dag to None, run_after=None
[2024-09-12T09:24:03.747+0000] {processor.py:179} INFO - Processing /workspaces/hands-on-introduction-data-engineering-4395021/airflow/dags/one_task_dag.py took 0.091 seconds
[2024-09-12T09:24:33.785+0000] {processor.py:157} INFO - Started process (PID=29635) to work on /workspaces/hands-on-introduction-data-engineering-4395021/airflow/dags/one_task_dag.py
[2024-09-12T09:24:33.786+0000] {processor.py:826} INFO - Processing file /workspaces/hands-on-introduction-data-engineering-4395021/airflow/dags/one_task_dag.py for tasks to queue
[2024-09-12T09:24:33.787+0000] {logging_mixin.py:150} INFO - [2024-09-12T09:24:33.787+0000] {dagbag.py:541} INFO - Filling up the DagBag from /workspaces/hands-on-introduction-data-engineering-4395021/airflow/dags/one_task_dag.py
[2024-09-12T09:24:33.802+0000] {processor.py:836} INFO - DAG(s) dict_keys(['one_task_dag']) retrieved from /workspaces/hands-on-introduction-data-engineering-4395021/airflow/dags/one_task_dag.py
[2024-09-12T09:24:33.830+0000] {logging_mixin.py:150} INFO - [2024-09-12T09:24:33.830+0000] {dag.py:2742} INFO - Sync 1 DAGs
[2024-09-12T09:24:33.862+0000] {logging_mixin.py:150} INFO - [2024-09-12T09:24:33.862+0000] {dag.py:3504} INFO - Setting next_dagrun for one_task_dag to None, run_after=None
[2024-09-12T09:24:34.247+0000] {processor.py:179} INFO - Processing /workspaces/hands-on-introduction-data-engineering-4395021/airflow/dags/one_task_dag.py took 0.464 seconds
[2024-09-12T09:25:04.352+0000] {processor.py:157} INFO - Started process (PID=29893) to work on /workspaces/hands-on-introduction-data-engineering-4395021/airflow/dags/one_task_dag.py
[2024-09-12T09:25:04.353+0000] {processor.py:826} INFO - Processing file /workspaces/hands-on-introduction-data-engineering-4395021/airflow/dags/one_task_dag.py for tasks to queue
[2024-09-12T09:25:04.354+0000] {logging_mixin.py:150} INFO - [2024-09-12T09:25:04.354+0000] {dagbag.py:541} INFO - Filling up the DagBag from /workspaces/hands-on-introduction-data-engineering-4395021/airflow/dags/one_task_dag.py
[2024-09-12T09:25:04.363+0000] {processor.py:836} INFO - DAG(s) dict_keys(['one_task_dag']) retrieved from /workspaces/hands-on-introduction-data-engineering-4395021/airflow/dags/one_task_dag.py
[2024-09-12T09:25:04.380+0000] {logging_mixin.py:150} INFO - [2024-09-12T09:25:04.379+0000] {dag.py:2742} INFO - Sync 1 DAGs
[2024-09-12T09:25:04.394+0000] {logging_mixin.py:150} INFO - [2024-09-12T09:25:04.394+0000] {dag.py:3504} INFO - Setting next_dagrun for one_task_dag to None, run_after=None
[2024-09-12T09:25:04.428+0000] {processor.py:179} INFO - Processing /workspaces/hands-on-introduction-data-engineering-4395021/airflow/dags/one_task_dag.py took 0.078 seconds
[2024-09-12T09:25:34.614+0000] {processor.py:157} INFO - Started process (PID=30203) to work on /workspaces/hands-on-introduction-data-engineering-4395021/airflow/dags/one_task_dag.py
[2024-09-12T09:25:34.615+0000] {processor.py:826} INFO - Processing file /workspaces/hands-on-introduction-data-engineering-4395021/airflow/dags/one_task_dag.py for tasks to queue
[2024-09-12T09:25:34.616+0000] {logging_mixin.py:150} INFO - [2024-09-12T09:25:34.616+0000] {dagbag.py:541} INFO - Filling up the DagBag from /workspaces/hands-on-introduction-data-engineering-4395021/airflow/dags/one_task_dag.py
[2024-09-12T09:25:34.624+0000] {processor.py:836} INFO - DAG(s) dict_keys(['one_task_dag']) retrieved from /workspaces/hands-on-introduction-data-engineering-4395021/airflow/dags/one_task_dag.py
[2024-09-12T09:25:34.639+0000] {logging_mixin.py:150} INFO - [2024-09-12T09:25:34.639+0000] {dag.py:2742} INFO - Sync 1 DAGs
[2024-09-12T09:25:34.653+0000] {logging_mixin.py:150} INFO - [2024-09-12T09:25:34.653+0000] {dag.py:3504} INFO - Setting next_dagrun for one_task_dag to None, run_after=None
[2024-09-12T09:25:34.690+0000] {processor.py:179} INFO - Processing /workspaces/hands-on-introduction-data-engineering-4395021/airflow/dags/one_task_dag.py took 0.078 seconds
[2024-09-12T09:26:04.807+0000] {processor.py:157} INFO - Started process (PID=30440) to work on /workspaces/hands-on-introduction-data-engineering-4395021/airflow/dags/one_task_dag.py
[2024-09-12T09:26:04.808+0000] {processor.py:826} INFO - Processing file /workspaces/hands-on-introduction-data-engineering-4395021/airflow/dags/one_task_dag.py for tasks to queue
[2024-09-12T09:26:04.812+0000] {logging_mixin.py:150} INFO - [2024-09-12T09:26:04.811+0000] {dagbag.py:541} INFO - Filling up the DagBag from /workspaces/hands-on-introduction-data-engineering-4395021/airflow/dags/one_task_dag.py
[2024-09-12T09:26:04.830+0000] {processor.py:836} INFO - DAG(s) dict_keys(['one_task_dag']) retrieved from /workspaces/hands-on-introduction-data-engineering-4395021/airflow/dags/one_task_dag.py
[2024-09-12T09:26:04.877+0000] {logging_mixin.py:150} INFO - [2024-09-12T09:26:04.876+0000] {dag.py:2742} INFO - Sync 1 DAGs
[2024-09-12T09:26:04.919+0000] {logging_mixin.py:150} INFO - [2024-09-12T09:26:04.918+0000] {dag.py:3504} INFO - Setting next_dagrun for one_task_dag to None, run_after=None
[2024-09-12T09:26:04.978+0000] {processor.py:179} INFO - Processing /workspaces/hands-on-introduction-data-engineering-4395021/airflow/dags/one_task_dag.py took 0.174 seconds
[2024-09-12T09:26:35.176+0000] {processor.py:157} INFO - Started process (PID=30713) to work on /workspaces/hands-on-introduction-data-engineering-4395021/airflow/dags/one_task_dag.py
[2024-09-12T09:26:35.176+0000] {processor.py:826} INFO - Processing file /workspaces/hands-on-introduction-data-engineering-4395021/airflow/dags/one_task_dag.py for tasks to queue
[2024-09-12T09:26:35.177+0000] {logging_mixin.py:150} INFO - [2024-09-12T09:26:35.177+0000] {dagbag.py:541} INFO - Filling up the DagBag from /workspaces/hands-on-introduction-data-engineering-4395021/airflow/dags/one_task_dag.py
[2024-09-12T09:26:35.186+0000] {processor.py:836} INFO - DAG(s) dict_keys(['one_task_dag']) retrieved from /workspaces/hands-on-introduction-data-engineering-4395021/airflow/dags/one_task_dag.py
[2024-09-12T09:26:35.202+0000] {logging_mixin.py:150} INFO - [2024-09-12T09:26:35.202+0000] {dag.py:2742} INFO - Sync 1 DAGs
[2024-09-12T09:26:35.215+0000] {logging_mixin.py:150} INFO - [2024-09-12T09:26:35.215+0000] {dag.py:3504} INFO - Setting next_dagrun for one_task_dag to None, run_after=None
[2024-09-12T09:26:35.273+0000] {processor.py:179} INFO - Processing /workspaces/hands-on-introduction-data-engineering-4395021/airflow/dags/one_task_dag.py took 0.099 seconds
[2024-09-12T09:27:05.592+0000] {processor.py:157} INFO - Started process (PID=31026) to work on /workspaces/hands-on-introduction-data-engineering-4395021/airflow/dags/one_task_dag.py
[2024-09-12T09:27:05.593+0000] {processor.py:826} INFO - Processing file /workspaces/hands-on-introduction-data-engineering-4395021/airflow/dags/one_task_dag.py for tasks to queue
[2024-09-12T09:27:05.595+0000] {logging_mixin.py:150} INFO - [2024-09-12T09:27:05.594+0000] {dagbag.py:541} INFO - Filling up the DagBag from /workspaces/hands-on-introduction-data-engineering-4395021/airflow/dags/one_task_dag.py
[2024-09-12T09:27:05.610+0000] {processor.py:836} INFO - DAG(s) dict_keys(['one_task_dag']) retrieved from /workspaces/hands-on-introduction-data-engineering-4395021/airflow/dags/one_task_dag.py
[2024-09-12T09:27:05.649+0000] {logging_mixin.py:150} INFO - [2024-09-12T09:27:05.649+0000] {dag.py:2742} INFO - Sync 1 DAGs
[2024-09-12T09:27:05.690+0000] {logging_mixin.py:150} INFO - [2024-09-12T09:27:05.690+0000] {dag.py:3504} INFO - Setting next_dagrun for one_task_dag to None, run_after=None
[2024-09-12T09:27:05.766+0000] {processor.py:179} INFO - Processing /workspaces/hands-on-introduction-data-engineering-4395021/airflow/dags/one_task_dag.py took 0.176 seconds
[2024-09-12T09:27:35.862+0000] {processor.py:157} INFO - Started process (PID=31340) to work on /workspaces/hands-on-introduction-data-engineering-4395021/airflow/dags/one_task_dag.py
[2024-09-12T09:27:35.869+0000] {processor.py:826} INFO - Processing file /workspaces/hands-on-introduction-data-engineering-4395021/airflow/dags/one_task_dag.py for tasks to queue
[2024-09-12T09:27:35.880+0000] {logging_mixin.py:150} INFO - [2024-09-12T09:27:35.871+0000] {dagbag.py:541} INFO - Filling up the DagBag from /workspaces/hands-on-introduction-data-engineering-4395021/airflow/dags/one_task_dag.py
[2024-09-12T09:27:35.908+0000] {processor.py:836} INFO - DAG(s) dict_keys(['one_task_dag']) retrieved from /workspaces/hands-on-introduction-data-engineering-4395021/airflow/dags/one_task_dag.py
[2024-09-12T09:27:35.935+0000] {logging_mixin.py:150} INFO - [2024-09-12T09:27:35.935+0000] {dag.py:2742} INFO - Sync 1 DAGs
[2024-09-12T09:27:35.950+0000] {logging_mixin.py:150} INFO - [2024-09-12T09:27:35.949+0000] {dag.py:3504} INFO - Setting next_dagrun for one_task_dag to None, run_after=None
[2024-09-12T09:27:35.982+0000] {processor.py:179} INFO - Processing /workspaces/hands-on-introduction-data-engineering-4395021/airflow/dags/one_task_dag.py took 0.123 seconds
[2024-09-12T09:28:06.123+0000] {processor.py:157} INFO - Started process (PID=31625) to work on /workspaces/hands-on-introduction-data-engineering-4395021/airflow/dags/one_task_dag.py
[2024-09-12T09:28:06.124+0000] {processor.py:826} INFO - Processing file /workspaces/hands-on-introduction-data-engineering-4395021/airflow/dags/one_task_dag.py for tasks to queue
[2024-09-12T09:28:06.125+0000] {logging_mixin.py:150} INFO - [2024-09-12T09:28:06.124+0000] {dagbag.py:541} INFO - Filling up the DagBag from /workspaces/hands-on-introduction-data-engineering-4395021/airflow/dags/one_task_dag.py
[2024-09-12T09:28:06.136+0000] {processor.py:836} INFO - DAG(s) dict_keys(['one_task_dag']) retrieved from /workspaces/hands-on-introduction-data-engineering-4395021/airflow/dags/one_task_dag.py
[2024-09-12T09:28:06.158+0000] {logging_mixin.py:150} INFO - [2024-09-12T09:28:06.158+0000] {dag.py:2742} INFO - Sync 1 DAGs
[2024-09-12T09:28:06.176+0000] {logging_mixin.py:150} INFO - [2024-09-12T09:28:06.176+0000] {dag.py:3504} INFO - Setting next_dagrun for one_task_dag to None, run_after=None
[2024-09-12T09:28:06.212+0000] {processor.py:179} INFO - Processing /workspaces/hands-on-introduction-data-engineering-4395021/airflow/dags/one_task_dag.py took 0.092 seconds
[2024-09-12T09:28:36.280+0000] {processor.py:157} INFO - Started process (PID=31836) to work on /workspaces/hands-on-introduction-data-engineering-4395021/airflow/dags/one_task_dag.py
[2024-09-12T09:28:36.281+0000] {processor.py:826} INFO - Processing file /workspaces/hands-on-introduction-data-engineering-4395021/airflow/dags/one_task_dag.py for tasks to queue
[2024-09-12T09:28:36.282+0000] {logging_mixin.py:150} INFO - [2024-09-12T09:28:36.282+0000] {dagbag.py:541} INFO - Filling up the DagBag from /workspaces/hands-on-introduction-data-engineering-4395021/airflow/dags/one_task_dag.py
[2024-09-12T09:28:36.291+0000] {processor.py:836} INFO - DAG(s) dict_keys(['one_task_dag']) retrieved from /workspaces/hands-on-introduction-data-engineering-4395021/airflow/dags/one_task_dag.py
[2024-09-12T09:28:36.312+0000] {logging_mixin.py:150} INFO - [2024-09-12T09:28:36.312+0000] {dag.py:2742} INFO - Sync 1 DAGs
[2024-09-12T09:28:36.333+0000] {logging_mixin.py:150} INFO - [2024-09-12T09:28:36.332+0000] {dag.py:3504} INFO - Setting next_dagrun for one_task_dag to None, run_after=None
[2024-09-12T09:28:36.385+0000] {processor.py:179} INFO - Processing /workspaces/hands-on-introduction-data-engineering-4395021/airflow/dags/one_task_dag.py took 0.107 seconds
[2024-09-12T09:29:06.550+0000] {processor.py:157} INFO - Started process (PID=32100) to work on /workspaces/hands-on-introduction-data-engineering-4395021/airflow/dags/one_task_dag.py
[2024-09-12T09:29:06.551+0000] {processor.py:826} INFO - Processing file /workspaces/hands-on-introduction-data-engineering-4395021/airflow/dags/one_task_dag.py for tasks to queue
[2024-09-12T09:29:06.551+0000] {logging_mixin.py:150} INFO - [2024-09-12T09:29:06.551+0000] {dagbag.py:541} INFO - Filling up the DagBag from /workspaces/hands-on-introduction-data-engineering-4395021/airflow/dags/one_task_dag.py
[2024-09-12T09:29:06.559+0000] {processor.py:836} INFO - DAG(s) dict_keys(['one_task_dag']) retrieved from /workspaces/hands-on-introduction-data-engineering-4395021/airflow/dags/one_task_dag.py
[2024-09-12T09:29:06.575+0000] {logging_mixin.py:150} INFO - [2024-09-12T09:29:06.575+0000] {dag.py:2742} INFO - Sync 1 DAGs
[2024-09-12T09:29:06.589+0000] {logging_mixin.py:150} INFO - [2024-09-12T09:29:06.589+0000] {dag.py:3504} INFO - Setting next_dagrun for one_task_dag to None, run_after=None
[2024-09-12T09:29:06.629+0000] {processor.py:179} INFO - Processing /workspaces/hands-on-introduction-data-engineering-4395021/airflow/dags/one_task_dag.py took 0.081 seconds
[2024-09-12T09:29:36.658+0000] {processor.py:157} INFO - Started process (PID=32425) to work on /workspaces/hands-on-introduction-data-engineering-4395021/airflow/dags/one_task_dag.py
[2024-09-12T09:29:36.660+0000] {processor.py:826} INFO - Processing file /workspaces/hands-on-introduction-data-engineering-4395021/airflow/dags/one_task_dag.py for tasks to queue
[2024-09-12T09:29:36.661+0000] {logging_mixin.py:150} INFO - [2024-09-12T09:29:36.660+0000] {dagbag.py:541} INFO - Filling up the DagBag from /workspaces/hands-on-introduction-data-engineering-4395021/airflow/dags/one_task_dag.py
[2024-09-12T09:29:36.669+0000] {processor.py:836} INFO - DAG(s) dict_keys(['one_task_dag']) retrieved from /workspaces/hands-on-introduction-data-engineering-4395021/airflow/dags/one_task_dag.py
[2024-09-12T09:29:36.687+0000] {logging_mixin.py:150} INFO - [2024-09-12T09:29:36.687+0000] {dag.py:2742} INFO - Sync 1 DAGs
[2024-09-12T09:29:36.701+0000] {logging_mixin.py:150} INFO - [2024-09-12T09:29:36.701+0000] {dag.py:3504} INFO - Setting next_dagrun for one_task_dag to None, run_after=None
[2024-09-12T09:29:36.741+0000] {processor.py:179} INFO - Processing /workspaces/hands-on-introduction-data-engineering-4395021/airflow/dags/one_task_dag.py took 0.085 seconds
[2024-09-12T09:30:06.847+0000] {processor.py:157} INFO - Started process (PID=32725) to work on /workspaces/hands-on-introduction-data-engineering-4395021/airflow/dags/one_task_dag.py
[2024-09-12T09:30:06.848+0000] {processor.py:826} INFO - Processing file /workspaces/hands-on-introduction-data-engineering-4395021/airflow/dags/one_task_dag.py for tasks to queue
[2024-09-12T09:30:06.849+0000] {logging_mixin.py:150} INFO - [2024-09-12T09:30:06.849+0000] {dagbag.py:541} INFO - Filling up the DagBag from /workspaces/hands-on-introduction-data-engineering-4395021/airflow/dags/one_task_dag.py
[2024-09-12T09:30:06.857+0000] {processor.py:836} INFO - DAG(s) dict_keys(['one_task_dag']) retrieved from /workspaces/hands-on-introduction-data-engineering-4395021/airflow/dags/one_task_dag.py
[2024-09-12T09:30:06.872+0000] {logging_mixin.py:150} INFO - [2024-09-12T09:30:06.872+0000] {dag.py:2742} INFO - Sync 1 DAGs
[2024-09-12T09:30:06.891+0000] {logging_mixin.py:150} INFO - [2024-09-12T09:30:06.891+0000] {dag.py:3504} INFO - Setting next_dagrun for one_task_dag to None, run_after=None
[2024-09-12T09:30:06.931+0000] {processor.py:179} INFO - Processing /workspaces/hands-on-introduction-data-engineering-4395021/airflow/dags/one_task_dag.py took 0.085 seconds
[2024-09-12T09:30:37.014+0000] {processor.py:157} INFO - Started process (PID=33011) to work on /workspaces/hands-on-introduction-data-engineering-4395021/airflow/dags/one_task_dag.py
[2024-09-12T09:30:37.015+0000] {processor.py:826} INFO - Processing file /workspaces/hands-on-introduction-data-engineering-4395021/airflow/dags/one_task_dag.py for tasks to queue
[2024-09-12T09:30:37.015+0000] {logging_mixin.py:150} INFO - [2024-09-12T09:30:37.015+0000] {dagbag.py:541} INFO - Filling up the DagBag from /workspaces/hands-on-introduction-data-engineering-4395021/airflow/dags/one_task_dag.py
[2024-09-12T09:30:37.023+0000] {processor.py:836} INFO - DAG(s) dict_keys(['one_task_dag']) retrieved from /workspaces/hands-on-introduction-data-engineering-4395021/airflow/dags/one_task_dag.py
[2024-09-12T09:30:37.038+0000] {logging_mixin.py:150} INFO - [2024-09-12T09:30:37.038+0000] {dag.py:2742} INFO - Sync 1 DAGs
[2024-09-12T09:30:37.052+0000] {logging_mixin.py:150} INFO - [2024-09-12T09:30:37.052+0000] {dag.py:3504} INFO - Setting next_dagrun for one_task_dag to None, run_after=None
[2024-09-12T09:30:37.095+0000] {processor.py:179} INFO - Processing /workspaces/hands-on-introduction-data-engineering-4395021/airflow/dags/one_task_dag.py took 0.083 seconds
