[2024-09-12T09:07:36.069+0000] {processor.py:157} INFO - Started process (PID=22702) to work on /workspaces/hands-on-introduction-data-engineering-4395021/airflow/dags/two_task_dag.py
[2024-09-12T09:07:36.070+0000] {processor.py:826} INFO - Processing file /workspaces/hands-on-introduction-data-engineering-4395021/airflow/dags/two_task_dag.py for tasks to queue
[2024-09-12T09:07:36.071+0000] {logging_mixin.py:150} INFO - [2024-09-12T09:07:36.070+0000] {dagbag.py:541} INFO - Filling up the DagBag from /workspaces/hands-on-introduction-data-engineering-4395021/airflow/dags/two_task_dag.py
[2024-09-12T09:07:36.079+0000] {processor.py:836} INFO - DAG(s) dict_keys(['two_task_dag']) retrieved from /workspaces/hands-on-introduction-data-engineering-4395021/airflow/dags/two_task_dag.py
[2024-09-12T09:07:36.227+0000] {logging_mixin.py:150} INFO - [2024-09-12T09:07:36.227+0000] {manager.py:504} INFO - Created Permission View: can edit on DAG:two_task_dag
[2024-09-12T09:07:36.264+0000] {logging_mixin.py:150} INFO - [2024-09-12T09:07:36.264+0000] {manager.py:504} INFO - Created Permission View: can read on DAG:two_task_dag
[2024-09-12T09:07:36.299+0000] {logging_mixin.py:150} INFO - [2024-09-12T09:07:36.299+0000] {manager.py:504} INFO - Created Permission View: can delete on DAG:two_task_dag
[2024-09-12T09:07:36.309+0000] {logging_mixin.py:150} INFO - [2024-09-12T09:07:36.309+0000] {dag.py:2742} INFO - Sync 1 DAGs
[2024-09-12T09:07:36.316+0000] {logging_mixin.py:150} INFO - [2024-09-12T09:07:36.315+0000] {dag.py:2763} INFO - Creating ORM DAG for two_task_dag
[2024-09-12T09:07:36.322+0000] {logging_mixin.py:150} INFO - [2024-09-12T09:07:36.322+0000] {dag.py:3504} INFO - Setting next_dagrun for two_task_dag to None, run_after=None
[2024-09-12T09:07:36.368+0000] {processor.py:179} INFO - Processing /workspaces/hands-on-introduction-data-engineering-4395021/airflow/dags/two_task_dag.py took 0.301 seconds
[2024-09-12T09:08:06.749+0000] {processor.py:157} INFO - Started process (PID=22962) to work on /workspaces/hands-on-introduction-data-engineering-4395021/airflow/dags/two_task_dag.py
[2024-09-12T09:08:06.749+0000] {processor.py:826} INFO - Processing file /workspaces/hands-on-introduction-data-engineering-4395021/airflow/dags/two_task_dag.py for tasks to queue
[2024-09-12T09:08:06.750+0000] {logging_mixin.py:150} INFO - [2024-09-12T09:08:06.750+0000] {dagbag.py:541} INFO - Filling up the DagBag from /workspaces/hands-on-introduction-data-engineering-4395021/airflow/dags/two_task_dag.py
[2024-09-12T09:08:06.759+0000] {processor.py:836} INFO - DAG(s) dict_keys(['two_task_dag']) retrieved from /workspaces/hands-on-introduction-data-engineering-4395021/airflow/dags/two_task_dag.py
[2024-09-12T09:08:06.775+0000] {logging_mixin.py:150} INFO - [2024-09-12T09:08:06.775+0000] {dag.py:2742} INFO - Sync 1 DAGs
[2024-09-12T09:08:06.790+0000] {logging_mixin.py:150} INFO - [2024-09-12T09:08:06.790+0000] {dag.py:3504} INFO - Setting next_dagrun for two_task_dag to None, run_after=None
[2024-09-12T09:08:06.830+0000] {processor.py:179} INFO - Processing /workspaces/hands-on-introduction-data-engineering-4395021/airflow/dags/two_task_dag.py took 0.083 seconds
[2024-09-12T09:08:37.307+0000] {processor.py:157} INFO - Started process (PID=23243) to work on /workspaces/hands-on-introduction-data-engineering-4395021/airflow/dags/two_task_dag.py
[2024-09-12T09:08:37.308+0000] {processor.py:826} INFO - Processing file /workspaces/hands-on-introduction-data-engineering-4395021/airflow/dags/two_task_dag.py for tasks to queue
[2024-09-12T09:08:37.309+0000] {logging_mixin.py:150} INFO - [2024-09-12T09:08:37.309+0000] {dagbag.py:541} INFO - Filling up the DagBag from /workspaces/hands-on-introduction-data-engineering-4395021/airflow/dags/two_task_dag.py
[2024-09-12T09:08:37.317+0000] {processor.py:836} INFO - DAG(s) dict_keys(['two_task_dag']) retrieved from /workspaces/hands-on-introduction-data-engineering-4395021/airflow/dags/two_task_dag.py
[2024-09-12T09:08:37.337+0000] {logging_mixin.py:150} INFO - [2024-09-12T09:08:37.337+0000] {dag.py:2742} INFO - Sync 1 DAGs
[2024-09-12T09:08:37.390+0000] {logging_mixin.py:150} INFO - [2024-09-12T09:08:37.390+0000] {dag.py:3504} INFO - Setting next_dagrun for two_task_dag to None, run_after=None
[2024-09-12T09:08:37.433+0000] {processor.py:179} INFO - Processing /workspaces/hands-on-introduction-data-engineering-4395021/airflow/dags/two_task_dag.py took 0.127 seconds
[2024-09-12T09:09:07.736+0000] {processor.py:157} INFO - Started process (PID=23700) to work on /workspaces/hands-on-introduction-data-engineering-4395021/airflow/dags/two_task_dag.py
[2024-09-12T09:09:07.737+0000] {processor.py:826} INFO - Processing file /workspaces/hands-on-introduction-data-engineering-4395021/airflow/dags/two_task_dag.py for tasks to queue
[2024-09-12T09:09:07.738+0000] {logging_mixin.py:150} INFO - [2024-09-12T09:09:07.737+0000] {dagbag.py:541} INFO - Filling up the DagBag from /workspaces/hands-on-introduction-data-engineering-4395021/airflow/dags/two_task_dag.py
[2024-09-12T09:09:07.746+0000] {processor.py:836} INFO - DAG(s) dict_keys(['two_task_dag']) retrieved from /workspaces/hands-on-introduction-data-engineering-4395021/airflow/dags/two_task_dag.py
[2024-09-12T09:09:07.762+0000] {logging_mixin.py:150} INFO - [2024-09-12T09:09:07.762+0000] {dag.py:2742} INFO - Sync 1 DAGs
[2024-09-12T09:09:07.776+0000] {logging_mixin.py:150} INFO - [2024-09-12T09:09:07.776+0000] {dag.py:3504} INFO - Setting next_dagrun for two_task_dag to None, run_after=None
[2024-09-12T09:09:07.817+0000] {processor.py:179} INFO - Processing /workspaces/hands-on-introduction-data-engineering-4395021/airflow/dags/two_task_dag.py took 0.084 seconds
[2024-09-12T09:09:38.424+0000] {processor.py:157} INFO - Started process (PID=24045) to work on /workspaces/hands-on-introduction-data-engineering-4395021/airflow/dags/two_task_dag.py
[2024-09-12T09:09:38.425+0000] {processor.py:826} INFO - Processing file /workspaces/hands-on-introduction-data-engineering-4395021/airflow/dags/two_task_dag.py for tasks to queue
[2024-09-12T09:09:38.426+0000] {logging_mixin.py:150} INFO - [2024-09-12T09:09:38.425+0000] {dagbag.py:541} INFO - Filling up the DagBag from /workspaces/hands-on-introduction-data-engineering-4395021/airflow/dags/two_task_dag.py
[2024-09-12T09:09:38.434+0000] {processor.py:836} INFO - DAG(s) dict_keys(['two_task_dag']) retrieved from /workspaces/hands-on-introduction-data-engineering-4395021/airflow/dags/two_task_dag.py
[2024-09-12T09:09:38.450+0000] {logging_mixin.py:150} INFO - [2024-09-12T09:09:38.450+0000] {dag.py:2742} INFO - Sync 1 DAGs
[2024-09-12T09:09:38.463+0000] {logging_mixin.py:150} INFO - [2024-09-12T09:09:38.463+0000] {dag.py:3504} INFO - Setting next_dagrun for two_task_dag to None, run_after=None
[2024-09-12T09:09:38.499+0000] {processor.py:179} INFO - Processing /workspaces/hands-on-introduction-data-engineering-4395021/airflow/dags/two_task_dag.py took 0.078 seconds
[2024-09-12T09:10:08.605+0000] {processor.py:157} INFO - Started process (PID=24396) to work on /workspaces/hands-on-introduction-data-engineering-4395021/airflow/dags/two_task_dag.py
[2024-09-12T09:10:08.606+0000] {processor.py:826} INFO - Processing file /workspaces/hands-on-introduction-data-engineering-4395021/airflow/dags/two_task_dag.py for tasks to queue
[2024-09-12T09:10:08.607+0000] {logging_mixin.py:150} INFO - [2024-09-12T09:10:08.607+0000] {dagbag.py:541} INFO - Filling up the DagBag from /workspaces/hands-on-introduction-data-engineering-4395021/airflow/dags/two_task_dag.py
[2024-09-12T09:10:08.615+0000] {processor.py:836} INFO - DAG(s) dict_keys(['two_task_dag']) retrieved from /workspaces/hands-on-introduction-data-engineering-4395021/airflow/dags/two_task_dag.py
[2024-09-12T09:10:08.631+0000] {logging_mixin.py:150} INFO - [2024-09-12T09:10:08.630+0000] {dag.py:2742} INFO - Sync 1 DAGs
[2024-09-12T09:10:08.644+0000] {logging_mixin.py:150} INFO - [2024-09-12T09:10:08.644+0000] {dag.py:3504} INFO - Setting next_dagrun for two_task_dag to None, run_after=None
[2024-09-12T09:10:08.679+0000] {processor.py:179} INFO - Processing /workspaces/hands-on-introduction-data-engineering-4395021/airflow/dags/two_task_dag.py took 0.076 seconds
[2024-09-12T09:10:38.996+0000] {processor.py:157} INFO - Started process (PID=24660) to work on /workspaces/hands-on-introduction-data-engineering-4395021/airflow/dags/two_task_dag.py
[2024-09-12T09:10:38.997+0000] {processor.py:826} INFO - Processing file /workspaces/hands-on-introduction-data-engineering-4395021/airflow/dags/two_task_dag.py for tasks to queue
[2024-09-12T09:10:38.998+0000] {logging_mixin.py:150} INFO - [2024-09-12T09:10:38.998+0000] {dagbag.py:541} INFO - Filling up the DagBag from /workspaces/hands-on-introduction-data-engineering-4395021/airflow/dags/two_task_dag.py
[2024-09-12T09:10:39.006+0000] {processor.py:836} INFO - DAG(s) dict_keys(['two_task_dag']) retrieved from /workspaces/hands-on-introduction-data-engineering-4395021/airflow/dags/two_task_dag.py
[2024-09-12T09:10:39.022+0000] {logging_mixin.py:150} INFO - [2024-09-12T09:10:39.021+0000] {dag.py:2742} INFO - Sync 1 DAGs
[2024-09-12T09:10:39.035+0000] {logging_mixin.py:150} INFO - [2024-09-12T09:10:39.035+0000] {dag.py:3504} INFO - Setting next_dagrun for two_task_dag to None, run_after=None
[2024-09-12T09:10:39.075+0000] {processor.py:179} INFO - Processing /workspaces/hands-on-introduction-data-engineering-4395021/airflow/dags/two_task_dag.py took 0.081 seconds
[2024-09-12T09:11:09.404+0000] {processor.py:157} INFO - Started process (PID=24839) to work on /workspaces/hands-on-introduction-data-engineering-4395021/airflow/dags/two_task_dag.py
[2024-09-12T09:11:09.404+0000] {processor.py:826} INFO - Processing file /workspaces/hands-on-introduction-data-engineering-4395021/airflow/dags/two_task_dag.py for tasks to queue
[2024-09-12T09:11:09.405+0000] {logging_mixin.py:150} INFO - [2024-09-12T09:11:09.405+0000] {dagbag.py:541} INFO - Filling up the DagBag from /workspaces/hands-on-introduction-data-engineering-4395021/airflow/dags/two_task_dag.py
[2024-09-12T09:11:09.413+0000] {processor.py:836} INFO - DAG(s) dict_keys(['two_task_dag']) retrieved from /workspaces/hands-on-introduction-data-engineering-4395021/airflow/dags/two_task_dag.py
[2024-09-12T09:11:09.429+0000] {logging_mixin.py:150} INFO - [2024-09-12T09:11:09.429+0000] {dag.py:2742} INFO - Sync 1 DAGs
[2024-09-12T09:11:09.443+0000] {logging_mixin.py:150} INFO - [2024-09-12T09:11:09.443+0000] {dag.py:3504} INFO - Setting next_dagrun for two_task_dag to None, run_after=None
[2024-09-12T09:11:09.483+0000] {processor.py:179} INFO - Processing /workspaces/hands-on-introduction-data-engineering-4395021/airflow/dags/two_task_dag.py took 0.082 seconds
[2024-09-12T09:11:39.810+0000] {processor.py:157} INFO - Started process (PID=25010) to work on /workspaces/hands-on-introduction-data-engineering-4395021/airflow/dags/two_task_dag.py
[2024-09-12T09:11:39.811+0000] {processor.py:826} INFO - Processing file /workspaces/hands-on-introduction-data-engineering-4395021/airflow/dags/two_task_dag.py for tasks to queue
[2024-09-12T09:11:39.812+0000] {logging_mixin.py:150} INFO - [2024-09-12T09:11:39.812+0000] {dagbag.py:541} INFO - Filling up the DagBag from /workspaces/hands-on-introduction-data-engineering-4395021/airflow/dags/two_task_dag.py
[2024-09-12T09:11:39.820+0000] {processor.py:836} INFO - DAG(s) dict_keys(['two_task_dag']) retrieved from /workspaces/hands-on-introduction-data-engineering-4395021/airflow/dags/two_task_dag.py
[2024-09-12T09:11:39.837+0000] {logging_mixin.py:150} INFO - [2024-09-12T09:11:39.836+0000] {dag.py:2742} INFO - Sync 1 DAGs
[2024-09-12T09:11:39.852+0000] {logging_mixin.py:150} INFO - [2024-09-12T09:11:39.851+0000] {dag.py:3504} INFO - Setting next_dagrun for two_task_dag to None, run_after=None
[2024-09-12T09:11:39.921+0000] {processor.py:179} INFO - Processing /workspaces/hands-on-introduction-data-engineering-4395021/airflow/dags/two_task_dag.py took 0.113 seconds
[2024-09-12T09:12:10.266+0000] {processor.py:157} INFO - Started process (PID=25189) to work on /workspaces/hands-on-introduction-data-engineering-4395021/airflow/dags/two_task_dag.py
[2024-09-12T09:12:10.266+0000] {processor.py:826} INFO - Processing file /workspaces/hands-on-introduction-data-engineering-4395021/airflow/dags/two_task_dag.py for tasks to queue
[2024-09-12T09:12:10.267+0000] {logging_mixin.py:150} INFO - [2024-09-12T09:12:10.267+0000] {dagbag.py:541} INFO - Filling up the DagBag from /workspaces/hands-on-introduction-data-engineering-4395021/airflow/dags/two_task_dag.py
[2024-09-12T09:12:10.275+0000] {processor.py:836} INFO - DAG(s) dict_keys(['two_task_dag']) retrieved from /workspaces/hands-on-introduction-data-engineering-4395021/airflow/dags/two_task_dag.py
[2024-09-12T09:12:10.291+0000] {logging_mixin.py:150} INFO - [2024-09-12T09:12:10.291+0000] {dag.py:2742} INFO - Sync 1 DAGs
[2024-09-12T09:12:10.306+0000] {logging_mixin.py:150} INFO - [2024-09-12T09:12:10.305+0000] {dag.py:3504} INFO - Setting next_dagrun for two_task_dag to None, run_after=None
[2024-09-12T09:12:10.340+0000] {processor.py:179} INFO - Processing /workspaces/hands-on-introduction-data-engineering-4395021/airflow/dags/two_task_dag.py took 0.076 seconds
[2024-09-12T09:12:40.372+0000] {processor.py:157} INFO - Started process (PID=25390) to work on /workspaces/hands-on-introduction-data-engineering-4395021/airflow/dags/two_task_dag.py
[2024-09-12T09:12:40.373+0000] {processor.py:826} INFO - Processing file /workspaces/hands-on-introduction-data-engineering-4395021/airflow/dags/two_task_dag.py for tasks to queue
[2024-09-12T09:12:40.374+0000] {logging_mixin.py:150} INFO - [2024-09-12T09:12:40.373+0000] {dagbag.py:541} INFO - Filling up the DagBag from /workspaces/hands-on-introduction-data-engineering-4395021/airflow/dags/two_task_dag.py
[2024-09-12T09:12:40.382+0000] {processor.py:836} INFO - DAG(s) dict_keys(['two_task_dag']) retrieved from /workspaces/hands-on-introduction-data-engineering-4395021/airflow/dags/two_task_dag.py
[2024-09-12T09:12:40.398+0000] {logging_mixin.py:150} INFO - [2024-09-12T09:12:40.398+0000] {dag.py:2742} INFO - Sync 1 DAGs
[2024-09-12T09:12:40.412+0000] {logging_mixin.py:150} INFO - [2024-09-12T09:12:40.412+0000] {dag.py:3504} INFO - Setting next_dagrun for two_task_dag to None, run_after=None
[2024-09-12T09:12:40.452+0000] {processor.py:179} INFO - Processing /workspaces/hands-on-introduction-data-engineering-4395021/airflow/dags/two_task_dag.py took 0.082 seconds
[2024-09-12T09:13:11.090+0000] {processor.py:157} INFO - Started process (PID=25570) to work on /workspaces/hands-on-introduction-data-engineering-4395021/airflow/dags/two_task_dag.py
[2024-09-12T09:13:11.090+0000] {processor.py:826} INFO - Processing file /workspaces/hands-on-introduction-data-engineering-4395021/airflow/dags/two_task_dag.py for tasks to queue
[2024-09-12T09:13:11.091+0000] {logging_mixin.py:150} INFO - [2024-09-12T09:13:11.091+0000] {dagbag.py:541} INFO - Filling up the DagBag from /workspaces/hands-on-introduction-data-engineering-4395021/airflow/dags/two_task_dag.py
[2024-09-12T09:13:11.099+0000] {processor.py:836} INFO - DAG(s) dict_keys(['two_task_dag']) retrieved from /workspaces/hands-on-introduction-data-engineering-4395021/airflow/dags/two_task_dag.py
[2024-09-12T09:13:11.117+0000] {logging_mixin.py:150} INFO - [2024-09-12T09:13:11.116+0000] {dag.py:2742} INFO - Sync 1 DAGs
[2024-09-12T09:13:11.130+0000] {logging_mixin.py:150} INFO - [2024-09-12T09:13:11.130+0000] {dag.py:3504} INFO - Setting next_dagrun for two_task_dag to None, run_after=None
[2024-09-12T09:13:11.169+0000] {processor.py:179} INFO - Processing /workspaces/hands-on-introduction-data-engineering-4395021/airflow/dags/two_task_dag.py took 0.082 seconds
[2024-09-12T09:13:41.533+0000] {processor.py:157} INFO - Started process (PID=25748) to work on /workspaces/hands-on-introduction-data-engineering-4395021/airflow/dags/two_task_dag.py
[2024-09-12T09:13:41.533+0000] {processor.py:826} INFO - Processing file /workspaces/hands-on-introduction-data-engineering-4395021/airflow/dags/two_task_dag.py for tasks to queue
[2024-09-12T09:13:41.534+0000] {logging_mixin.py:150} INFO - [2024-09-12T09:13:41.534+0000] {dagbag.py:541} INFO - Filling up the DagBag from /workspaces/hands-on-introduction-data-engineering-4395021/airflow/dags/two_task_dag.py
[2024-09-12T09:13:41.542+0000] {processor.py:836} INFO - DAG(s) dict_keys(['two_task_dag']) retrieved from /workspaces/hands-on-introduction-data-engineering-4395021/airflow/dags/two_task_dag.py
[2024-09-12T09:13:41.558+0000] {logging_mixin.py:150} INFO - [2024-09-12T09:13:41.558+0000] {dag.py:2742} INFO - Sync 1 DAGs
[2024-09-12T09:13:41.573+0000] {logging_mixin.py:150} INFO - [2024-09-12T09:13:41.573+0000] {dag.py:3504} INFO - Setting next_dagrun for two_task_dag to None, run_after=None
[2024-09-12T09:13:41.636+0000] {processor.py:179} INFO - Processing /workspaces/hands-on-introduction-data-engineering-4395021/airflow/dags/two_task_dag.py took 0.105 seconds
[2024-09-12T09:14:11.887+0000] {processor.py:157} INFO - Started process (PID=25980) to work on /workspaces/hands-on-introduction-data-engineering-4395021/airflow/dags/two_task_dag.py
[2024-09-12T09:14:11.888+0000] {processor.py:826} INFO - Processing file /workspaces/hands-on-introduction-data-engineering-4395021/airflow/dags/two_task_dag.py for tasks to queue
[2024-09-12T09:14:11.889+0000] {logging_mixin.py:150} INFO - [2024-09-12T09:14:11.888+0000] {dagbag.py:541} INFO - Filling up the DagBag from /workspaces/hands-on-introduction-data-engineering-4395021/airflow/dags/two_task_dag.py
[2024-09-12T09:14:11.898+0000] {processor.py:836} INFO - DAG(s) dict_keys(['two_task_dag']) retrieved from /workspaces/hands-on-introduction-data-engineering-4395021/airflow/dags/two_task_dag.py
[2024-09-12T09:14:11.917+0000] {logging_mixin.py:150} INFO - [2024-09-12T09:14:11.917+0000] {dag.py:2742} INFO - Sync 1 DAGs
[2024-09-12T09:14:11.933+0000] {logging_mixin.py:150} INFO - [2024-09-12T09:14:11.933+0000] {dag.py:3504} INFO - Setting next_dagrun for two_task_dag to None, run_after=None
[2024-09-12T09:14:11.975+0000] {processor.py:179} INFO - Processing /workspaces/hands-on-introduction-data-engineering-4395021/airflow/dags/two_task_dag.py took 0.090 seconds
[2024-09-12T09:14:42.072+0000] {processor.py:157} INFO - Started process (PID=26158) to work on /workspaces/hands-on-introduction-data-engineering-4395021/airflow/dags/two_task_dag.py
[2024-09-12T09:14:42.073+0000] {processor.py:826} INFO - Processing file /workspaces/hands-on-introduction-data-engineering-4395021/airflow/dags/two_task_dag.py for tasks to queue
[2024-09-12T09:14:42.073+0000] {logging_mixin.py:150} INFO - [2024-09-12T09:14:42.073+0000] {dagbag.py:541} INFO - Filling up the DagBag from /workspaces/hands-on-introduction-data-engineering-4395021/airflow/dags/two_task_dag.py
[2024-09-12T09:14:42.081+0000] {processor.py:836} INFO - DAG(s) dict_keys(['two_task_dag']) retrieved from /workspaces/hands-on-introduction-data-engineering-4395021/airflow/dags/two_task_dag.py
[2024-09-12T09:14:42.098+0000] {logging_mixin.py:150} INFO - [2024-09-12T09:14:42.098+0000] {dag.py:2742} INFO - Sync 1 DAGs
[2024-09-12T09:14:42.112+0000] {logging_mixin.py:150} INFO - [2024-09-12T09:14:42.112+0000] {dag.py:3504} INFO - Setting next_dagrun for two_task_dag to None, run_after=None
[2024-09-12T09:14:42.149+0000] {processor.py:179} INFO - Processing /workspaces/hands-on-introduction-data-engineering-4395021/airflow/dags/two_task_dag.py took 0.079 seconds
[2024-09-12T09:15:12.256+0000] {processor.py:157} INFO - Started process (PID=26330) to work on /workspaces/hands-on-introduction-data-engineering-4395021/airflow/dags/two_task_dag.py
[2024-09-12T09:15:12.258+0000] {processor.py:826} INFO - Processing file /workspaces/hands-on-introduction-data-engineering-4395021/airflow/dags/two_task_dag.py for tasks to queue
[2024-09-12T09:15:12.258+0000] {logging_mixin.py:150} INFO - [2024-09-12T09:15:12.258+0000] {dagbag.py:541} INFO - Filling up the DagBag from /workspaces/hands-on-introduction-data-engineering-4395021/airflow/dags/two_task_dag.py
[2024-09-12T09:15:12.266+0000] {processor.py:836} INFO - DAG(s) dict_keys(['two_task_dag']) retrieved from /workspaces/hands-on-introduction-data-engineering-4395021/airflow/dags/two_task_dag.py
[2024-09-12T09:15:12.284+0000] {logging_mixin.py:150} INFO - [2024-09-12T09:15:12.284+0000] {dag.py:2742} INFO - Sync 1 DAGs
[2024-09-12T09:15:12.298+0000] {logging_mixin.py:150} INFO - [2024-09-12T09:15:12.298+0000] {dag.py:3504} INFO - Setting next_dagrun for two_task_dag to None, run_after=None
[2024-09-12T09:15:12.351+0000] {processor.py:179} INFO - Processing /workspaces/hands-on-introduction-data-engineering-4395021/airflow/dags/two_task_dag.py took 0.097 seconds
[2024-09-12T09:15:42.444+0000] {processor.py:157} INFO - Started process (PID=26506) to work on /workspaces/hands-on-introduction-data-engineering-4395021/airflow/dags/two_task_dag.py
[2024-09-12T09:15:42.445+0000] {processor.py:826} INFO - Processing file /workspaces/hands-on-introduction-data-engineering-4395021/airflow/dags/two_task_dag.py for tasks to queue
[2024-09-12T09:15:42.446+0000] {logging_mixin.py:150} INFO - [2024-09-12T09:15:42.445+0000] {dagbag.py:541} INFO - Filling up the DagBag from /workspaces/hands-on-introduction-data-engineering-4395021/airflow/dags/two_task_dag.py
[2024-09-12T09:15:42.454+0000] {processor.py:836} INFO - DAG(s) dict_keys(['two_task_dag']) retrieved from /workspaces/hands-on-introduction-data-engineering-4395021/airflow/dags/two_task_dag.py
[2024-09-12T09:15:42.470+0000] {logging_mixin.py:150} INFO - [2024-09-12T09:15:42.470+0000] {dag.py:2742} INFO - Sync 1 DAGs
[2024-09-12T09:15:42.484+0000] {logging_mixin.py:150} INFO - [2024-09-12T09:15:42.483+0000] {dag.py:3504} INFO - Setting next_dagrun for two_task_dag to None, run_after=None
[2024-09-12T09:15:42.520+0000] {processor.py:179} INFO - Processing /workspaces/hands-on-introduction-data-engineering-4395021/airflow/dags/two_task_dag.py took 0.078 seconds
[2024-09-12T09:16:12.626+0000] {processor.py:157} INFO - Started process (PID=26684) to work on /workspaces/hands-on-introduction-data-engineering-4395021/airflow/dags/two_task_dag.py
[2024-09-12T09:16:12.627+0000] {processor.py:826} INFO - Processing file /workspaces/hands-on-introduction-data-engineering-4395021/airflow/dags/two_task_dag.py for tasks to queue
[2024-09-12T09:16:12.627+0000] {logging_mixin.py:150} INFO - [2024-09-12T09:16:12.627+0000] {dagbag.py:541} INFO - Filling up the DagBag from /workspaces/hands-on-introduction-data-engineering-4395021/airflow/dags/two_task_dag.py
[2024-09-12T09:16:12.635+0000] {processor.py:836} INFO - DAG(s) dict_keys(['two_task_dag']) retrieved from /workspaces/hands-on-introduction-data-engineering-4395021/airflow/dags/two_task_dag.py
[2024-09-12T09:16:12.652+0000] {logging_mixin.py:150} INFO - [2024-09-12T09:16:12.651+0000] {dag.py:2742} INFO - Sync 1 DAGs
[2024-09-12T09:16:12.665+0000] {logging_mixin.py:150} INFO - [2024-09-12T09:16:12.665+0000] {dag.py:3504} INFO - Setting next_dagrun for two_task_dag to None, run_after=None
[2024-09-12T09:16:12.718+0000] {processor.py:179} INFO - Processing /workspaces/hands-on-introduction-data-engineering-4395021/airflow/dags/two_task_dag.py took 0.094 seconds
[2024-09-12T09:16:42.821+0000] {processor.py:157} INFO - Started process (PID=26855) to work on /workspaces/hands-on-introduction-data-engineering-4395021/airflow/dags/two_task_dag.py
[2024-09-12T09:16:42.822+0000] {processor.py:826} INFO - Processing file /workspaces/hands-on-introduction-data-engineering-4395021/airflow/dags/two_task_dag.py for tasks to queue
[2024-09-12T09:16:42.823+0000] {logging_mixin.py:150} INFO - [2024-09-12T09:16:42.823+0000] {dagbag.py:541} INFO - Filling up the DagBag from /workspaces/hands-on-introduction-data-engineering-4395021/airflow/dags/two_task_dag.py
[2024-09-12T09:16:42.836+0000] {processor.py:836} INFO - DAG(s) dict_keys(['two_task_dag']) retrieved from /workspaces/hands-on-introduction-data-engineering-4395021/airflow/dags/two_task_dag.py
[2024-09-12T09:16:42.861+0000] {logging_mixin.py:150} INFO - [2024-09-12T09:16:42.861+0000] {dag.py:2742} INFO - Sync 1 DAGs
[2024-09-12T09:16:42.875+0000] {logging_mixin.py:150} INFO - [2024-09-12T09:16:42.875+0000] {dag.py:3504} INFO - Setting next_dagrun for two_task_dag to None, run_after=None
[2024-09-12T09:16:42.915+0000] {processor.py:179} INFO - Processing /workspaces/hands-on-introduction-data-engineering-4395021/airflow/dags/two_task_dag.py took 0.098 seconds
[2024-09-12T09:17:13.109+0000] {processor.py:157} INFO - Started process (PID=27030) to work on /workspaces/hands-on-introduction-data-engineering-4395021/airflow/dags/two_task_dag.py
[2024-09-12T09:17:13.110+0000] {processor.py:826} INFO - Processing file /workspaces/hands-on-introduction-data-engineering-4395021/airflow/dags/two_task_dag.py for tasks to queue
[2024-09-12T09:17:13.111+0000] {logging_mixin.py:150} INFO - [2024-09-12T09:17:13.110+0000] {dagbag.py:541} INFO - Filling up the DagBag from /workspaces/hands-on-introduction-data-engineering-4395021/airflow/dags/two_task_dag.py
[2024-09-12T09:17:13.119+0000] {processor.py:836} INFO - DAG(s) dict_keys(['two_task_dag']) retrieved from /workspaces/hands-on-introduction-data-engineering-4395021/airflow/dags/two_task_dag.py
[2024-09-12T09:17:13.135+0000] {logging_mixin.py:150} INFO - [2024-09-12T09:17:13.135+0000] {dag.py:2742} INFO - Sync 1 DAGs
[2024-09-12T09:17:13.149+0000] {logging_mixin.py:150} INFO - [2024-09-12T09:17:13.148+0000] {dag.py:3504} INFO - Setting next_dagrun for two_task_dag to None, run_after=None
[2024-09-12T09:17:13.180+0000] {processor.py:179} INFO - Processing /workspaces/hands-on-introduction-data-engineering-4395021/airflow/dags/two_task_dag.py took 0.074 seconds
[2024-09-12T09:17:43.294+0000] {processor.py:157} INFO - Started process (PID=27230) to work on /workspaces/hands-on-introduction-data-engineering-4395021/airflow/dags/two_task_dag.py
[2024-09-12T09:17:43.295+0000] {processor.py:826} INFO - Processing file /workspaces/hands-on-introduction-data-engineering-4395021/airflow/dags/two_task_dag.py for tasks to queue
[2024-09-12T09:17:43.296+0000] {logging_mixin.py:150} INFO - [2024-09-12T09:17:43.295+0000] {dagbag.py:541} INFO - Filling up the DagBag from /workspaces/hands-on-introduction-data-engineering-4395021/airflow/dags/two_task_dag.py
[2024-09-12T09:17:43.304+0000] {processor.py:836} INFO - DAG(s) dict_keys(['two_task_dag']) retrieved from /workspaces/hands-on-introduction-data-engineering-4395021/airflow/dags/two_task_dag.py
[2024-09-12T09:17:43.320+0000] {logging_mixin.py:150} INFO - [2024-09-12T09:17:43.320+0000] {dag.py:2742} INFO - Sync 1 DAGs
[2024-09-12T09:17:43.333+0000] {logging_mixin.py:150} INFO - [2024-09-12T09:17:43.333+0000] {dag.py:3504} INFO - Setting next_dagrun for two_task_dag to None, run_after=None
[2024-09-12T09:17:43.369+0000] {processor.py:179} INFO - Processing /workspaces/hands-on-introduction-data-engineering-4395021/airflow/dags/two_task_dag.py took 0.078 seconds
[2024-09-12T09:18:13.480+0000] {processor.py:157} INFO - Started process (PID=27409) to work on /workspaces/hands-on-introduction-data-engineering-4395021/airflow/dags/two_task_dag.py
[2024-09-12T09:18:13.481+0000] {processor.py:826} INFO - Processing file /workspaces/hands-on-introduction-data-engineering-4395021/airflow/dags/two_task_dag.py for tasks to queue
[2024-09-12T09:18:13.482+0000] {logging_mixin.py:150} INFO - [2024-09-12T09:18:13.482+0000] {dagbag.py:541} INFO - Filling up the DagBag from /workspaces/hands-on-introduction-data-engineering-4395021/airflow/dags/two_task_dag.py
[2024-09-12T09:18:13.489+0000] {processor.py:836} INFO - DAG(s) dict_keys(['two_task_dag']) retrieved from /workspaces/hands-on-introduction-data-engineering-4395021/airflow/dags/two_task_dag.py
[2024-09-12T09:18:13.506+0000] {logging_mixin.py:150} INFO - [2024-09-12T09:18:13.506+0000] {dag.py:2742} INFO - Sync 1 DAGs
[2024-09-12T09:18:13.521+0000] {logging_mixin.py:150} INFO - [2024-09-12T09:18:13.521+0000] {dag.py:3504} INFO - Setting next_dagrun for two_task_dag to None, run_after=None
[2024-09-12T09:18:13.556+0000] {processor.py:179} INFO - Processing /workspaces/hands-on-introduction-data-engineering-4395021/airflow/dags/two_task_dag.py took 0.079 seconds
[2024-09-12T09:18:43.673+0000] {processor.py:157} INFO - Started process (PID=27580) to work on /workspaces/hands-on-introduction-data-engineering-4395021/airflow/dags/two_task_dag.py
[2024-09-12T09:18:43.674+0000] {processor.py:826} INFO - Processing file /workspaces/hands-on-introduction-data-engineering-4395021/airflow/dags/two_task_dag.py for tasks to queue
[2024-09-12T09:18:43.674+0000] {logging_mixin.py:150} INFO - [2024-09-12T09:18:43.674+0000] {dagbag.py:541} INFO - Filling up the DagBag from /workspaces/hands-on-introduction-data-engineering-4395021/airflow/dags/two_task_dag.py
[2024-09-12T09:18:43.683+0000] {processor.py:836} INFO - DAG(s) dict_keys(['two_task_dag']) retrieved from /workspaces/hands-on-introduction-data-engineering-4395021/airflow/dags/two_task_dag.py
[2024-09-12T09:18:43.699+0000] {logging_mixin.py:150} INFO - [2024-09-12T09:18:43.699+0000] {dag.py:2742} INFO - Sync 1 DAGs
[2024-09-12T09:18:43.717+0000] {logging_mixin.py:150} INFO - [2024-09-12T09:18:43.717+0000] {dag.py:3504} INFO - Setting next_dagrun for two_task_dag to None, run_after=None
[2024-09-12T09:18:43.768+0000] {processor.py:179} INFO - Processing /workspaces/hands-on-introduction-data-engineering-4395021/airflow/dags/two_task_dag.py took 0.097 seconds
[2024-09-12T09:19:13.864+0000] {processor.py:157} INFO - Started process (PID=27753) to work on /workspaces/hands-on-introduction-data-engineering-4395021/airflow/dags/two_task_dag.py
[2024-09-12T09:19:13.865+0000] {processor.py:826} INFO - Processing file /workspaces/hands-on-introduction-data-engineering-4395021/airflow/dags/two_task_dag.py for tasks to queue
[2024-09-12T09:19:13.865+0000] {logging_mixin.py:150} INFO - [2024-09-12T09:19:13.865+0000] {dagbag.py:541} INFO - Filling up the DagBag from /workspaces/hands-on-introduction-data-engineering-4395021/airflow/dags/two_task_dag.py
[2024-09-12T09:19:13.876+0000] {processor.py:836} INFO - DAG(s) dict_keys(['two_task_dag']) retrieved from /workspaces/hands-on-introduction-data-engineering-4395021/airflow/dags/two_task_dag.py
[2024-09-12T09:19:13.892+0000] {logging_mixin.py:150} INFO - [2024-09-12T09:19:13.892+0000] {dag.py:2742} INFO - Sync 1 DAGs
[2024-09-12T09:19:13.905+0000] {logging_mixin.py:150} INFO - [2024-09-12T09:19:13.905+0000] {dag.py:3504} INFO - Setting next_dagrun for two_task_dag to None, run_after=None
[2024-09-12T09:19:13.955+0000] {processor.py:179} INFO - Processing /workspaces/hands-on-introduction-data-engineering-4395021/airflow/dags/two_task_dag.py took 0.094 seconds
[2024-09-12T09:19:44.096+0000] {processor.py:157} INFO - Started process (PID=27926) to work on /workspaces/hands-on-introduction-data-engineering-4395021/airflow/dags/two_task_dag.py
[2024-09-12T09:19:44.097+0000] {processor.py:826} INFO - Processing file /workspaces/hands-on-introduction-data-engineering-4395021/airflow/dags/two_task_dag.py for tasks to queue
[2024-09-12T09:19:44.098+0000] {logging_mixin.py:150} INFO - [2024-09-12T09:19:44.098+0000] {dagbag.py:541} INFO - Filling up the DagBag from /workspaces/hands-on-introduction-data-engineering-4395021/airflow/dags/two_task_dag.py
[2024-09-12T09:19:44.108+0000] {processor.py:836} INFO - DAG(s) dict_keys(['two_task_dag']) retrieved from /workspaces/hands-on-introduction-data-engineering-4395021/airflow/dags/two_task_dag.py
[2024-09-12T09:19:44.141+0000] {logging_mixin.py:150} INFO - [2024-09-12T09:19:44.141+0000] {dag.py:2742} INFO - Sync 1 DAGs
[2024-09-12T09:19:44.157+0000] {logging_mixin.py:150} INFO - [2024-09-12T09:19:44.156+0000] {dag.py:3504} INFO - Setting next_dagrun for two_task_dag to None, run_after=None
[2024-09-12T09:19:44.192+0000] {processor.py:179} INFO - Processing /workspaces/hands-on-introduction-data-engineering-4395021/airflow/dags/two_task_dag.py took 0.098 seconds
[2024-09-12T09:20:14.285+0000] {processor.py:157} INFO - Started process (PID=28102) to work on /workspaces/hands-on-introduction-data-engineering-4395021/airflow/dags/two_task_dag.py
[2024-09-12T09:20:14.286+0000] {processor.py:826} INFO - Processing file /workspaces/hands-on-introduction-data-engineering-4395021/airflow/dags/two_task_dag.py for tasks to queue
[2024-09-12T09:20:14.286+0000] {logging_mixin.py:150} INFO - [2024-09-12T09:20:14.286+0000] {dagbag.py:541} INFO - Filling up the DagBag from /workspaces/hands-on-introduction-data-engineering-4395021/airflow/dags/two_task_dag.py
[2024-09-12T09:20:14.294+0000] {processor.py:836} INFO - DAG(s) dict_keys(['two_task_dag']) retrieved from /workspaces/hands-on-introduction-data-engineering-4395021/airflow/dags/two_task_dag.py
[2024-09-12T09:20:14.310+0000] {logging_mixin.py:150} INFO - [2024-09-12T09:20:14.310+0000] {dag.py:2742} INFO - Sync 1 DAGs
[2024-09-12T09:20:14.324+0000] {logging_mixin.py:150} INFO - [2024-09-12T09:20:14.324+0000] {dag.py:3504} INFO - Setting next_dagrun for two_task_dag to None, run_after=None
[2024-09-12T09:20:14.367+0000] {processor.py:179} INFO - Processing /workspaces/hands-on-introduction-data-engineering-4395021/airflow/dags/two_task_dag.py took 0.085 seconds
[2024-09-12T09:20:44.471+0000] {processor.py:157} INFO - Started process (PID=28281) to work on /workspaces/hands-on-introduction-data-engineering-4395021/airflow/dags/two_task_dag.py
[2024-09-12T09:20:44.472+0000] {processor.py:826} INFO - Processing file /workspaces/hands-on-introduction-data-engineering-4395021/airflow/dags/two_task_dag.py for tasks to queue
[2024-09-12T09:20:44.473+0000] {logging_mixin.py:150} INFO - [2024-09-12T09:20:44.473+0000] {dagbag.py:541} INFO - Filling up the DagBag from /workspaces/hands-on-introduction-data-engineering-4395021/airflow/dags/two_task_dag.py
[2024-09-12T09:20:44.484+0000] {processor.py:836} INFO - DAG(s) dict_keys(['two_task_dag']) retrieved from /workspaces/hands-on-introduction-data-engineering-4395021/airflow/dags/two_task_dag.py
[2024-09-12T09:20:44.506+0000] {logging_mixin.py:150} INFO - [2024-09-12T09:20:44.506+0000] {dag.py:2742} INFO - Sync 1 DAGs
[2024-09-12T09:20:44.524+0000] {logging_mixin.py:150} INFO - [2024-09-12T09:20:44.524+0000] {dag.py:3504} INFO - Setting next_dagrun for two_task_dag to None, run_after=None
[2024-09-12T09:20:44.572+0000] {processor.py:179} INFO - Processing /workspaces/hands-on-introduction-data-engineering-4395021/airflow/dags/two_task_dag.py took 0.104 seconds
[2024-09-12T09:21:14.691+0000] {processor.py:157} INFO - Started process (PID=28452) to work on /workspaces/hands-on-introduction-data-engineering-4395021/airflow/dags/two_task_dag.py
[2024-09-12T09:21:14.692+0000] {processor.py:826} INFO - Processing file /workspaces/hands-on-introduction-data-engineering-4395021/airflow/dags/two_task_dag.py for tasks to queue
[2024-09-12T09:21:14.693+0000] {logging_mixin.py:150} INFO - [2024-09-12T09:21:14.693+0000] {dagbag.py:541} INFO - Filling up the DagBag from /workspaces/hands-on-introduction-data-engineering-4395021/airflow/dags/two_task_dag.py
[2024-09-12T09:21:14.701+0000] {processor.py:836} INFO - DAG(s) dict_keys(['two_task_dag']) retrieved from /workspaces/hands-on-introduction-data-engineering-4395021/airflow/dags/two_task_dag.py
[2024-09-12T09:21:14.716+0000] {logging_mixin.py:150} INFO - [2024-09-12T09:21:14.716+0000] {dag.py:2742} INFO - Sync 1 DAGs
[2024-09-12T09:21:14.730+0000] {logging_mixin.py:150} INFO - [2024-09-12T09:21:14.730+0000] {dag.py:3504} INFO - Setting next_dagrun for two_task_dag to None, run_after=None
[2024-09-12T09:21:14.763+0000] {processor.py:179} INFO - Processing /workspaces/hands-on-introduction-data-engineering-4395021/airflow/dags/two_task_dag.py took 0.074 seconds
[2024-09-12T09:21:44.875+0000] {processor.py:157} INFO - Started process (PID=28628) to work on /workspaces/hands-on-introduction-data-engineering-4395021/airflow/dags/two_task_dag.py
[2024-09-12T09:21:44.876+0000] {processor.py:826} INFO - Processing file /workspaces/hands-on-introduction-data-engineering-4395021/airflow/dags/two_task_dag.py for tasks to queue
[2024-09-12T09:21:44.877+0000] {logging_mixin.py:150} INFO - [2024-09-12T09:21:44.876+0000] {dagbag.py:541} INFO - Filling up the DagBag from /workspaces/hands-on-introduction-data-engineering-4395021/airflow/dags/two_task_dag.py
[2024-09-12T09:21:44.885+0000] {processor.py:836} INFO - DAG(s) dict_keys(['two_task_dag']) retrieved from /workspaces/hands-on-introduction-data-engineering-4395021/airflow/dags/two_task_dag.py
[2024-09-12T09:21:44.901+0000] {logging_mixin.py:150} INFO - [2024-09-12T09:21:44.900+0000] {dag.py:2742} INFO - Sync 1 DAGs
[2024-09-12T09:21:44.914+0000] {logging_mixin.py:150} INFO - [2024-09-12T09:21:44.914+0000] {dag.py:3504} INFO - Setting next_dagrun for two_task_dag to None, run_after=None
[2024-09-12T09:21:44.950+0000] {processor.py:179} INFO - Processing /workspaces/hands-on-introduction-data-engineering-4395021/airflow/dags/two_task_dag.py took 0.077 seconds
[2024-09-12T09:22:15.059+0000] {processor.py:157} INFO - Started process (PID=28800) to work on /workspaces/hands-on-introduction-data-engineering-4395021/airflow/dags/two_task_dag.py
[2024-09-12T09:22:15.060+0000] {processor.py:826} INFO - Processing file /workspaces/hands-on-introduction-data-engineering-4395021/airflow/dags/two_task_dag.py for tasks to queue
[2024-09-12T09:22:15.061+0000] {logging_mixin.py:150} INFO - [2024-09-12T09:22:15.060+0000] {dagbag.py:541} INFO - Filling up the DagBag from /workspaces/hands-on-introduction-data-engineering-4395021/airflow/dags/two_task_dag.py
[2024-09-12T09:22:15.069+0000] {processor.py:836} INFO - DAG(s) dict_keys(['two_task_dag']) retrieved from /workspaces/hands-on-introduction-data-engineering-4395021/airflow/dags/two_task_dag.py
[2024-09-12T09:22:15.085+0000] {logging_mixin.py:150} INFO - [2024-09-12T09:22:15.084+0000] {dag.py:2742} INFO - Sync 1 DAGs
[2024-09-12T09:22:15.099+0000] {logging_mixin.py:150} INFO - [2024-09-12T09:22:15.099+0000] {dag.py:3504} INFO - Setting next_dagrun for two_task_dag to None, run_after=None
[2024-09-12T09:22:15.145+0000] {processor.py:179} INFO - Processing /workspaces/hands-on-introduction-data-engineering-4395021/airflow/dags/two_task_dag.py took 0.088 seconds
[2024-09-12T09:22:45.245+0000] {processor.py:157} INFO - Started process (PID=29008) to work on /workspaces/hands-on-introduction-data-engineering-4395021/airflow/dags/two_task_dag.py
[2024-09-12T09:22:45.246+0000] {processor.py:826} INFO - Processing file /workspaces/hands-on-introduction-data-engineering-4395021/airflow/dags/two_task_dag.py for tasks to queue
[2024-09-12T09:22:45.247+0000] {logging_mixin.py:150} INFO - [2024-09-12T09:22:45.247+0000] {dagbag.py:541} INFO - Filling up the DagBag from /workspaces/hands-on-introduction-data-engineering-4395021/airflow/dags/two_task_dag.py
[2024-09-12T09:22:45.255+0000] {processor.py:836} INFO - DAG(s) dict_keys(['two_task_dag']) retrieved from /workspaces/hands-on-introduction-data-engineering-4395021/airflow/dags/two_task_dag.py
[2024-09-12T09:22:45.273+0000] {logging_mixin.py:150} INFO - [2024-09-12T09:22:45.272+0000] {dag.py:2742} INFO - Sync 1 DAGs
[2024-09-12T09:22:45.287+0000] {logging_mixin.py:150} INFO - [2024-09-12T09:22:45.287+0000] {dag.py:3504} INFO - Setting next_dagrun for two_task_dag to None, run_after=None
[2024-09-12T09:22:45.333+0000] {processor.py:179} INFO - Processing /workspaces/hands-on-introduction-data-engineering-4395021/airflow/dags/two_task_dag.py took 0.090 seconds
[2024-09-12T09:23:15.428+0000] {processor.py:157} INFO - Started process (PID=29181) to work on /workspaces/hands-on-introduction-data-engineering-4395021/airflow/dags/two_task_dag.py
[2024-09-12T09:23:15.429+0000] {processor.py:826} INFO - Processing file /workspaces/hands-on-introduction-data-engineering-4395021/airflow/dags/two_task_dag.py for tasks to queue
[2024-09-12T09:23:15.430+0000] {logging_mixin.py:150} INFO - [2024-09-12T09:23:15.429+0000] {dagbag.py:541} INFO - Filling up the DagBag from /workspaces/hands-on-introduction-data-engineering-4395021/airflow/dags/two_task_dag.py
[2024-09-12T09:23:15.438+0000] {processor.py:836} INFO - DAG(s) dict_keys(['two_task_dag']) retrieved from /workspaces/hands-on-introduction-data-engineering-4395021/airflow/dags/two_task_dag.py
[2024-09-12T09:23:15.454+0000] {logging_mixin.py:150} INFO - [2024-09-12T09:23:15.454+0000] {dag.py:2742} INFO - Sync 1 DAGs
[2024-09-12T09:23:15.468+0000] {logging_mixin.py:150} INFO - [2024-09-12T09:23:15.468+0000] {dag.py:3504} INFO - Setting next_dagrun for two_task_dag to None, run_after=None
[2024-09-12T09:23:15.513+0000] {processor.py:179} INFO - Processing /workspaces/hands-on-introduction-data-engineering-4395021/airflow/dags/two_task_dag.py took 0.086 seconds
[2024-09-12T09:23:45.614+0000] {processor.py:157} INFO - Started process (PID=29352) to work on /workspaces/hands-on-introduction-data-engineering-4395021/airflow/dags/two_task_dag.py
[2024-09-12T09:23:45.615+0000] {processor.py:826} INFO - Processing file /workspaces/hands-on-introduction-data-engineering-4395021/airflow/dags/two_task_dag.py for tasks to queue
[2024-09-12T09:23:45.616+0000] {logging_mixin.py:150} INFO - [2024-09-12T09:23:45.615+0000] {dagbag.py:541} INFO - Filling up the DagBag from /workspaces/hands-on-introduction-data-engineering-4395021/airflow/dags/two_task_dag.py
[2024-09-12T09:23:45.625+0000] {processor.py:836} INFO - DAG(s) dict_keys(['two_task_dag']) retrieved from /workspaces/hands-on-introduction-data-engineering-4395021/airflow/dags/two_task_dag.py
[2024-09-12T09:23:45.642+0000] {logging_mixin.py:150} INFO - [2024-09-12T09:23:45.641+0000] {dag.py:2742} INFO - Sync 1 DAGs
[2024-09-12T09:23:45.655+0000] {logging_mixin.py:150} INFO - [2024-09-12T09:23:45.655+0000] {dag.py:3504} INFO - Setting next_dagrun for two_task_dag to None, run_after=None
[2024-09-12T09:23:45.694+0000] {processor.py:179} INFO - Processing /workspaces/hands-on-introduction-data-engineering-4395021/airflow/dags/two_task_dag.py took 0.082 seconds
[2024-09-12T09:24:15.799+0000] {processor.py:157} INFO - Started process (PID=29530) to work on /workspaces/hands-on-introduction-data-engineering-4395021/airflow/dags/two_task_dag.py
[2024-09-12T09:24:15.800+0000] {processor.py:826} INFO - Processing file /workspaces/hands-on-introduction-data-engineering-4395021/airflow/dags/two_task_dag.py for tasks to queue
[2024-09-12T09:24:15.801+0000] {logging_mixin.py:150} INFO - [2024-09-12T09:24:15.800+0000] {dagbag.py:541} INFO - Filling up the DagBag from /workspaces/hands-on-introduction-data-engineering-4395021/airflow/dags/two_task_dag.py
[2024-09-12T09:24:15.809+0000] {processor.py:836} INFO - DAG(s) dict_keys(['two_task_dag']) retrieved from /workspaces/hands-on-introduction-data-engineering-4395021/airflow/dags/two_task_dag.py
[2024-09-12T09:24:15.826+0000] {logging_mixin.py:150} INFO - [2024-09-12T09:24:15.826+0000] {dag.py:2742} INFO - Sync 1 DAGs
[2024-09-12T09:24:15.840+0000] {logging_mixin.py:150} INFO - [2024-09-12T09:24:15.840+0000] {dag.py:3504} INFO - Setting next_dagrun for two_task_dag to None, run_after=None
[2024-09-12T09:24:15.874+0000] {processor.py:179} INFO - Processing /workspaces/hands-on-introduction-data-engineering-4395021/airflow/dags/two_task_dag.py took 0.077 seconds
[2024-09-12T09:24:46.174+0000] {processor.py:157} INFO - Started process (PID=29761) to work on /workspaces/hands-on-introduction-data-engineering-4395021/airflow/dags/two_task_dag.py
[2024-09-12T09:24:46.175+0000] {processor.py:826} INFO - Processing file /workspaces/hands-on-introduction-data-engineering-4395021/airflow/dags/two_task_dag.py for tasks to queue
[2024-09-12T09:24:46.176+0000] {logging_mixin.py:150} INFO - [2024-09-12T09:24:46.176+0000] {dagbag.py:541} INFO - Filling up the DagBag from /workspaces/hands-on-introduction-data-engineering-4395021/airflow/dags/two_task_dag.py
[2024-09-12T09:24:46.185+0000] {processor.py:836} INFO - DAG(s) dict_keys(['two_task_dag']) retrieved from /workspaces/hands-on-introduction-data-engineering-4395021/airflow/dags/two_task_dag.py
[2024-09-12T09:24:46.208+0000] {logging_mixin.py:150} INFO - [2024-09-12T09:24:46.207+0000] {dag.py:2742} INFO - Sync 1 DAGs
[2024-09-12T09:24:46.222+0000] {logging_mixin.py:150} INFO - [2024-09-12T09:24:46.222+0000] {dag.py:3504} INFO - Setting next_dagrun for two_task_dag to None, run_after=None
[2024-09-12T09:24:46.257+0000] {processor.py:179} INFO - Processing /workspaces/hands-on-introduction-data-engineering-4395021/airflow/dags/two_task_dag.py took 0.086 seconds
[2024-09-12T09:25:08.953+0000] {processor.py:157} INFO - Started process (PID=29916) to work on /workspaces/hands-on-introduction-data-engineering-4395021/airflow/dags/two_task_dag.py
[2024-09-12T09:25:08.954+0000] {processor.py:826} INFO - Processing file /workspaces/hands-on-introduction-data-engineering-4395021/airflow/dags/two_task_dag.py for tasks to queue
[2024-09-12T09:25:08.955+0000] {logging_mixin.py:150} INFO - [2024-09-12T09:25:08.955+0000] {dagbag.py:541} INFO - Filling up the DagBag from /workspaces/hands-on-introduction-data-engineering-4395021/airflow/dags/two_task_dag.py
[2024-09-12T09:25:08.964+0000] {processor.py:836} INFO - DAG(s) dict_keys(['two_task_dag']) retrieved from /workspaces/hands-on-introduction-data-engineering-4395021/airflow/dags/two_task_dag.py
[2024-09-12T09:25:09.039+0000] {logging_mixin.py:150} INFO - [2024-09-12T09:25:09.039+0000] {dag.py:2742} INFO - Sync 1 DAGs
[2024-09-12T09:25:09.051+0000] {logging_mixin.py:150} INFO - [2024-09-12T09:25:09.051+0000] {dag.py:3504} INFO - Setting next_dagrun for two_task_dag to None, run_after=None
[2024-09-12T09:25:09.091+0000] {processor.py:179} INFO - Processing /workspaces/hands-on-introduction-data-engineering-4395021/airflow/dags/two_task_dag.py took 0.139 seconds
[2024-09-12T09:25:10.189+0000] {processor.py:157} INFO - Started process (PID=29931) to work on /workspaces/hands-on-introduction-data-engineering-4395021/airflow/dags/two_task_dag.py
[2024-09-12T09:25:10.190+0000] {processor.py:826} INFO - Processing file /workspaces/hands-on-introduction-data-engineering-4395021/airflow/dags/two_task_dag.py for tasks to queue
[2024-09-12T09:25:10.191+0000] {logging_mixin.py:150} INFO - [2024-09-12T09:25:10.191+0000] {dagbag.py:541} INFO - Filling up the DagBag from /workspaces/hands-on-introduction-data-engineering-4395021/airflow/dags/two_task_dag.py
[2024-09-12T09:25:10.192+0000] {logging_mixin.py:150} INFO - [2024-09-12T09:25:10.192+0000] {dagbag.py:327} INFO - File /workspaces/hands-on-introduction-data-engineering-4395021/airflow/dags/two_task_dag.py assumed to contain no DAGs. Skipping.
[2024-09-12T09:25:10.193+0000] {processor.py:838} WARNING - No viable dags retrieved from /workspaces/hands-on-introduction-data-engineering-4395021/airflow/dags/two_task_dag.py
[2024-09-12T09:25:10.200+0000] {processor.py:179} INFO - Processing /workspaces/hands-on-introduction-data-engineering-4395021/airflow/dags/two_task_dag.py took 0.014 seconds
[2024-09-12T09:25:17.979+0000] {processor.py:157} INFO - Started process (PID=30013) to work on /workspaces/hands-on-introduction-data-engineering-4395021/airflow/dags/two_task_dag.py
[2024-09-12T09:25:17.979+0000] {processor.py:826} INFO - Processing file /workspaces/hands-on-introduction-data-engineering-4395021/airflow/dags/two_task_dag.py for tasks to queue
[2024-09-12T09:25:17.980+0000] {logging_mixin.py:150} INFO - [2024-09-12T09:25:17.980+0000] {dagbag.py:541} INFO - Filling up the DagBag from /workspaces/hands-on-introduction-data-engineering-4395021/airflow/dags/two_task_dag.py
[2024-09-12T09:25:17.981+0000] {logging_mixin.py:150} INFO - [2024-09-12T09:25:17.981+0000] {dagbag.py:327} INFO - File /workspaces/hands-on-introduction-data-engineering-4395021/airflow/dags/two_task_dag.py assumed to contain no DAGs. Skipping.
[2024-09-12T09:25:17.982+0000] {processor.py:838} WARNING - No viable dags retrieved from /workspaces/hands-on-introduction-data-engineering-4395021/airflow/dags/two_task_dag.py
[2024-09-12T09:25:17.989+0000] {processor.py:179} INFO - Processing /workspaces/hands-on-introduction-data-engineering-4395021/airflow/dags/two_task_dag.py took 0.012 seconds
[2024-09-12T09:25:19.483+0000] {processor.py:157} INFO - Started process (PID=30016) to work on /workspaces/hands-on-introduction-data-engineering-4395021/airflow/dags/two_task_dag.py
[2024-09-12T09:25:19.483+0000] {processor.py:826} INFO - Processing file /workspaces/hands-on-introduction-data-engineering-4395021/airflow/dags/two_task_dag.py for tasks to queue
[2024-09-12T09:25:19.484+0000] {logging_mixin.py:150} INFO - [2024-09-12T09:25:19.484+0000] {dagbag.py:541} INFO - Filling up the DagBag from /workspaces/hands-on-introduction-data-engineering-4395021/airflow/dags/two_task_dag.py
[2024-09-12T09:25:19.486+0000] {logging_mixin.py:150} INFO - [2024-09-12T09:25:19.486+0000] {dagbag.py:327} INFO - File /workspaces/hands-on-introduction-data-engineering-4395021/airflow/dags/two_task_dag.py assumed to contain no DAGs. Skipping.
[2024-09-12T09:25:19.486+0000] {processor.py:838} WARNING - No viable dags retrieved from /workspaces/hands-on-introduction-data-engineering-4395021/airflow/dags/two_task_dag.py
[2024-09-12T09:25:19.493+0000] {processor.py:179} INFO - Processing /workspaces/hands-on-introduction-data-engineering-4395021/airflow/dags/two_task_dag.py took 0.012 seconds
[2024-09-12T09:25:49.663+0000] {processor.py:157} INFO - Started process (PID=30303) to work on /workspaces/hands-on-introduction-data-engineering-4395021/airflow/dags/two_task_dag.py
[2024-09-12T09:25:49.664+0000] {processor.py:826} INFO - Processing file /workspaces/hands-on-introduction-data-engineering-4395021/airflow/dags/two_task_dag.py for tasks to queue
[2024-09-12T09:25:49.665+0000] {logging_mixin.py:150} INFO - [2024-09-12T09:25:49.665+0000] {dagbag.py:541} INFO - Filling up the DagBag from /workspaces/hands-on-introduction-data-engineering-4395021/airflow/dags/two_task_dag.py
[2024-09-12T09:25:49.666+0000] {logging_mixin.py:150} INFO - [2024-09-12T09:25:49.666+0000] {dagbag.py:327} INFO - File /workspaces/hands-on-introduction-data-engineering-4395021/airflow/dags/two_task_dag.py assumed to contain no DAGs. Skipping.
[2024-09-12T09:25:49.666+0000] {processor.py:838} WARNING - No viable dags retrieved from /workspaces/hands-on-introduction-data-engineering-4395021/airflow/dags/two_task_dag.py
[2024-09-12T09:25:49.674+0000] {processor.py:179} INFO - Processing /workspaces/hands-on-introduction-data-engineering-4395021/airflow/dags/two_task_dag.py took 0.012 seconds
[2024-09-12T09:26:20.039+0000] {processor.py:157} INFO - Started process (PID=30610) to work on /workspaces/hands-on-introduction-data-engineering-4395021/airflow/dags/two_task_dag.py
[2024-09-12T09:26:20.040+0000] {processor.py:826} INFO - Processing file /workspaces/hands-on-introduction-data-engineering-4395021/airflow/dags/two_task_dag.py for tasks to queue
[2024-09-12T09:26:20.041+0000] {logging_mixin.py:150} INFO - [2024-09-12T09:26:20.041+0000] {dagbag.py:541} INFO - Filling up the DagBag from /workspaces/hands-on-introduction-data-engineering-4395021/airflow/dags/two_task_dag.py
[2024-09-12T09:26:20.042+0000] {logging_mixin.py:150} INFO - [2024-09-12T09:26:20.042+0000] {dagbag.py:327} INFO - File /workspaces/hands-on-introduction-data-engineering-4395021/airflow/dags/two_task_dag.py assumed to contain no DAGs. Skipping.
[2024-09-12T09:26:20.042+0000] {processor.py:838} WARNING - No viable dags retrieved from /workspaces/hands-on-introduction-data-engineering-4395021/airflow/dags/two_task_dag.py
[2024-09-12T09:26:20.049+0000] {processor.py:179} INFO - Processing /workspaces/hands-on-introduction-data-engineering-4395021/airflow/dags/two_task_dag.py took 0.013 seconds
[2024-09-12T09:26:50.447+0000] {processor.py:157} INFO - Started process (PID=30809) to work on /workspaces/hands-on-introduction-data-engineering-4395021/airflow/dags/two_task_dag.py
[2024-09-12T09:26:50.448+0000] {processor.py:826} INFO - Processing file /workspaces/hands-on-introduction-data-engineering-4395021/airflow/dags/two_task_dag.py for tasks to queue
[2024-09-12T09:26:50.448+0000] {logging_mixin.py:150} INFO - [2024-09-12T09:26:50.448+0000] {dagbag.py:541} INFO - Filling up the DagBag from /workspaces/hands-on-introduction-data-engineering-4395021/airflow/dags/two_task_dag.py
[2024-09-12T09:26:50.449+0000] {logging_mixin.py:150} INFO - [2024-09-12T09:26:50.449+0000] {dagbag.py:327} INFO - File /workspaces/hands-on-introduction-data-engineering-4395021/airflow/dags/two_task_dag.py assumed to contain no DAGs. Skipping.
[2024-09-12T09:26:50.450+0000] {processor.py:838} WARNING - No viable dags retrieved from /workspaces/hands-on-introduction-data-engineering-4395021/airflow/dags/two_task_dag.py
[2024-09-12T09:26:50.456+0000] {processor.py:179} INFO - Processing /workspaces/hands-on-introduction-data-engineering-4395021/airflow/dags/two_task_dag.py took 0.012 seconds
[2024-09-12T09:26:53.630+0000] {processor.py:157} INFO - Started process (PID=30865) to work on /workspaces/hands-on-introduction-data-engineering-4395021/airflow/dags/two_task_dag.py
[2024-09-12T09:26:53.631+0000] {processor.py:826} INFO - Processing file /workspaces/hands-on-introduction-data-engineering-4395021/airflow/dags/two_task_dag.py for tasks to queue
[2024-09-12T09:26:53.631+0000] {logging_mixin.py:150} INFO - [2024-09-12T09:26:53.631+0000] {dagbag.py:541} INFO - Filling up the DagBag from /workspaces/hands-on-introduction-data-engineering-4395021/airflow/dags/two_task_dag.py
[2024-09-12T09:26:53.640+0000] {processor.py:836} INFO - DAG(s) dict_keys(['two_task_dag']) retrieved from /workspaces/hands-on-introduction-data-engineering-4395021/airflow/dags/two_task_dag.py
[2024-09-12T09:26:53.722+0000] {logging_mixin.py:150} INFO - [2024-09-12T09:26:53.722+0000] {dag.py:2742} INFO - Sync 1 DAGs
[2024-09-12T09:26:53.736+0000] {logging_mixin.py:150} INFO - [2024-09-12T09:26:53.736+0000] {dag.py:3504} INFO - Setting next_dagrun for two_task_dag to None, run_after=None
[2024-09-12T09:26:53.780+0000] {processor.py:179} INFO - Processing /workspaces/hands-on-introduction-data-engineering-4395021/airflow/dags/two_task_dag.py took 0.153 seconds
[2024-09-12T09:27:23.904+0000] {processor.py:157} INFO - Started process (PID=31175) to work on /workspaces/hands-on-introduction-data-engineering-4395021/airflow/dags/two_task_dag.py
[2024-09-12T09:27:23.905+0000] {processor.py:826} INFO - Processing file /workspaces/hands-on-introduction-data-engineering-4395021/airflow/dags/two_task_dag.py for tasks to queue
[2024-09-12T09:27:23.906+0000] {logging_mixin.py:150} INFO - [2024-09-12T09:27:23.905+0000] {dagbag.py:541} INFO - Filling up the DagBag from /workspaces/hands-on-introduction-data-engineering-4395021/airflow/dags/two_task_dag.py
[2024-09-12T09:27:23.914+0000] {processor.py:836} INFO - DAG(s) dict_keys(['two_task_dag']) retrieved from /workspaces/hands-on-introduction-data-engineering-4395021/airflow/dags/two_task_dag.py
[2024-09-12T09:27:23.929+0000] {logging_mixin.py:150} INFO - [2024-09-12T09:27:23.929+0000] {dag.py:2742} INFO - Sync 1 DAGs
[2024-09-12T09:27:23.944+0000] {logging_mixin.py:150} INFO - [2024-09-12T09:27:23.944+0000] {dag.py:3504} INFO - Setting next_dagrun for two_task_dag to None, run_after=None
[2024-09-12T09:27:23.996+0000] {processor.py:179} INFO - Processing /workspaces/hands-on-introduction-data-engineering-4395021/airflow/dags/two_task_dag.py took 0.094 seconds
[2024-09-12T09:27:54.171+0000] {processor.py:157} INFO - Started process (PID=31551) to work on /workspaces/hands-on-introduction-data-engineering-4395021/airflow/dags/two_task_dag.py
[2024-09-12T09:27:54.171+0000] {processor.py:826} INFO - Processing file /workspaces/hands-on-introduction-data-engineering-4395021/airflow/dags/two_task_dag.py for tasks to queue
[2024-09-12T09:27:54.172+0000] {logging_mixin.py:150} INFO - [2024-09-12T09:27:54.172+0000] {dagbag.py:541} INFO - Filling up the DagBag from /workspaces/hands-on-introduction-data-engineering-4395021/airflow/dags/two_task_dag.py
[2024-09-12T09:27:54.180+0000] {processor.py:836} INFO - DAG(s) dict_keys(['two_task_dag']) retrieved from /workspaces/hands-on-introduction-data-engineering-4395021/airflow/dags/two_task_dag.py
[2024-09-12T09:27:54.196+0000] {logging_mixin.py:150} INFO - [2024-09-12T09:27:54.196+0000] {dag.py:2742} INFO - Sync 1 DAGs
[2024-09-12T09:27:54.210+0000] {logging_mixin.py:150} INFO - [2024-09-12T09:27:54.210+0000] {dag.py:3504} INFO - Setting next_dagrun for two_task_dag to None, run_after=None
[2024-09-12T09:27:54.244+0000] {processor.py:179} INFO - Processing /workspaces/hands-on-introduction-data-engineering-4395021/airflow/dags/two_task_dag.py took 0.076 seconds
[2024-09-12T09:28:24.330+0000] {processor.py:157} INFO - Started process (PID=31754) to work on /workspaces/hands-on-introduction-data-engineering-4395021/airflow/dags/two_task_dag.py
[2024-09-12T09:28:24.331+0000] {processor.py:826} INFO - Processing file /workspaces/hands-on-introduction-data-engineering-4395021/airflow/dags/two_task_dag.py for tasks to queue
[2024-09-12T09:28:24.332+0000] {logging_mixin.py:150} INFO - [2024-09-12T09:28:24.331+0000] {dagbag.py:541} INFO - Filling up the DagBag from /workspaces/hands-on-introduction-data-engineering-4395021/airflow/dags/two_task_dag.py
[2024-09-12T09:28:24.342+0000] {processor.py:836} INFO - DAG(s) dict_keys(['two_task_dag']) retrieved from /workspaces/hands-on-introduction-data-engineering-4395021/airflow/dags/two_task_dag.py
[2024-09-12T09:28:24.358+0000] {logging_mixin.py:150} INFO - [2024-09-12T09:28:24.358+0000] {dag.py:2742} INFO - Sync 1 DAGs
[2024-09-12T09:28:24.373+0000] {logging_mixin.py:150} INFO - [2024-09-12T09:28:24.373+0000] {dag.py:3504} INFO - Setting next_dagrun for two_task_dag to None, run_after=None
[2024-09-12T09:28:24.409+0000] {processor.py:179} INFO - Processing /workspaces/hands-on-introduction-data-engineering-4395021/airflow/dags/two_task_dag.py took 0.081 seconds
[2024-09-12T09:28:54.604+0000] {processor.py:157} INFO - Started process (PID=31991) to work on /workspaces/hands-on-introduction-data-engineering-4395021/airflow/dags/two_task_dag.py
[2024-09-12T09:28:54.605+0000] {processor.py:826} INFO - Processing file /workspaces/hands-on-introduction-data-engineering-4395021/airflow/dags/two_task_dag.py for tasks to queue
[2024-09-12T09:28:54.606+0000] {logging_mixin.py:150} INFO - [2024-09-12T09:28:54.605+0000] {dagbag.py:541} INFO - Filling up the DagBag from /workspaces/hands-on-introduction-data-engineering-4395021/airflow/dags/two_task_dag.py
[2024-09-12T09:28:54.613+0000] {processor.py:836} INFO - DAG(s) dict_keys(['two_task_dag']) retrieved from /workspaces/hands-on-introduction-data-engineering-4395021/airflow/dags/two_task_dag.py
[2024-09-12T09:28:54.630+0000] {logging_mixin.py:150} INFO - [2024-09-12T09:28:54.630+0000] {dag.py:2742} INFO - Sync 1 DAGs
[2024-09-12T09:28:54.644+0000] {logging_mixin.py:150} INFO - [2024-09-12T09:28:54.644+0000] {dag.py:3504} INFO - Setting next_dagrun for two_task_dag to None, run_after=None
[2024-09-12T09:28:54.677+0000] {processor.py:179} INFO - Processing /workspaces/hands-on-introduction-data-engineering-4395021/airflow/dags/two_task_dag.py took 0.075 seconds
[2024-09-12T09:29:24.760+0000] {processor.py:157} INFO - Started process (PID=32260) to work on /workspaces/hands-on-introduction-data-engineering-4395021/airflow/dags/two_task_dag.py
[2024-09-12T09:29:24.761+0000] {processor.py:826} INFO - Processing file /workspaces/hands-on-introduction-data-engineering-4395021/airflow/dags/two_task_dag.py for tasks to queue
[2024-09-12T09:29:24.761+0000] {logging_mixin.py:150} INFO - [2024-09-12T09:29:24.761+0000] {dagbag.py:541} INFO - Filling up the DagBag from /workspaces/hands-on-introduction-data-engineering-4395021/airflow/dags/two_task_dag.py
[2024-09-12T09:29:24.769+0000] {processor.py:836} INFO - DAG(s) dict_keys(['two_task_dag']) retrieved from /workspaces/hands-on-introduction-data-engineering-4395021/airflow/dags/two_task_dag.py
[2024-09-12T09:29:24.786+0000] {logging_mixin.py:150} INFO - [2024-09-12T09:29:24.785+0000] {dag.py:2742} INFO - Sync 1 DAGs
[2024-09-12T09:29:24.799+0000] {logging_mixin.py:150} INFO - [2024-09-12T09:29:24.799+0000] {dag.py:3504} INFO - Setting next_dagrun for two_task_dag to None, run_after=None
[2024-09-12T09:29:24.836+0000] {processor.py:179} INFO - Processing /workspaces/hands-on-introduction-data-engineering-4395021/airflow/dags/two_task_dag.py took 0.079 seconds
[2024-09-12T09:29:55.090+0000] {processor.py:157} INFO - Started process (PID=32605) to work on /workspaces/hands-on-introduction-data-engineering-4395021/airflow/dags/two_task_dag.py
[2024-09-12T09:29:55.091+0000] {processor.py:826} INFO - Processing file /workspaces/hands-on-introduction-data-engineering-4395021/airflow/dags/two_task_dag.py for tasks to queue
[2024-09-12T09:29:55.092+0000] {logging_mixin.py:150} INFO - [2024-09-12T09:29:55.092+0000] {dagbag.py:541} INFO - Filling up the DagBag from /workspaces/hands-on-introduction-data-engineering-4395021/airflow/dags/two_task_dag.py
[2024-09-12T09:29:55.100+0000] {processor.py:836} INFO - DAG(s) dict_keys(['two_task_dag']) retrieved from /workspaces/hands-on-introduction-data-engineering-4395021/airflow/dags/two_task_dag.py
[2024-09-12T09:29:55.115+0000] {logging_mixin.py:150} INFO - [2024-09-12T09:29:55.115+0000] {dag.py:2742} INFO - Sync 1 DAGs
[2024-09-12T09:29:55.129+0000] {logging_mixin.py:150} INFO - [2024-09-12T09:29:55.129+0000] {dag.py:3504} INFO - Setting next_dagrun for two_task_dag to None, run_after=None
[2024-09-12T09:29:55.168+0000] {processor.py:179} INFO - Processing /workspaces/hands-on-introduction-data-engineering-4395021/airflow/dags/two_task_dag.py took 0.080 seconds
[2024-09-12T09:30:25.457+0000] {processor.py:157} INFO - Started process (PID=32942) to work on /workspaces/hands-on-introduction-data-engineering-4395021/airflow/dags/two_task_dag.py
[2024-09-12T09:30:25.458+0000] {processor.py:826} INFO - Processing file /workspaces/hands-on-introduction-data-engineering-4395021/airflow/dags/two_task_dag.py for tasks to queue
[2024-09-12T09:30:25.458+0000] {logging_mixin.py:150} INFO - [2024-09-12T09:30:25.458+0000] {dagbag.py:541} INFO - Filling up the DagBag from /workspaces/hands-on-introduction-data-engineering-4395021/airflow/dags/two_task_dag.py
[2024-09-12T09:30:25.466+0000] {processor.py:836} INFO - DAG(s) dict_keys(['two_task_dag']) retrieved from /workspaces/hands-on-introduction-data-engineering-4395021/airflow/dags/two_task_dag.py
[2024-09-12T09:30:25.486+0000] {logging_mixin.py:150} INFO - [2024-09-12T09:30:25.486+0000] {dag.py:2742} INFO - Sync 1 DAGs
[2024-09-12T09:30:25.509+0000] {logging_mixin.py:150} INFO - [2024-09-12T09:30:25.509+0000] {dag.py:3504} INFO - Setting next_dagrun for two_task_dag to None, run_after=None
[2024-09-12T09:30:25.549+0000] {processor.py:179} INFO - Processing /workspaces/hands-on-introduction-data-engineering-4395021/airflow/dags/two_task_dag.py took 0.095 seconds
[2024-09-12T09:30:55.869+0000] {processor.py:157} INFO - Started process (PID=33189) to work on /workspaces/hands-on-introduction-data-engineering-4395021/airflow/dags/two_task_dag.py
[2024-09-12T09:30:55.870+0000] {processor.py:826} INFO - Processing file /workspaces/hands-on-introduction-data-engineering-4395021/airflow/dags/two_task_dag.py for tasks to queue
[2024-09-12T09:30:55.871+0000] {logging_mixin.py:150} INFO - [2024-09-12T09:30:55.871+0000] {dagbag.py:541} INFO - Filling up the DagBag from /workspaces/hands-on-introduction-data-engineering-4395021/airflow/dags/two_task_dag.py
[2024-09-12T09:30:55.880+0000] {processor.py:836} INFO - DAG(s) dict_keys(['two_task_dag']) retrieved from /workspaces/hands-on-introduction-data-engineering-4395021/airflow/dags/two_task_dag.py
[2024-09-12T09:30:55.897+0000] {logging_mixin.py:150} INFO - [2024-09-12T09:30:55.897+0000] {dag.py:2742} INFO - Sync 1 DAGs
[2024-09-12T09:30:55.911+0000] {logging_mixin.py:150} INFO - [2024-09-12T09:30:55.911+0000] {dag.py:3504} INFO - Setting next_dagrun for two_task_dag to None, run_after=None
[2024-09-12T09:30:55.948+0000] {processor.py:179} INFO - Processing /workspaces/hands-on-introduction-data-engineering-4395021/airflow/dags/two_task_dag.py took 0.081 seconds
[2024-09-12T09:31:26.303+0000] {processor.py:157} INFO - Started process (PID=33466) to work on /workspaces/hands-on-introduction-data-engineering-4395021/airflow/dags/two_task_dag.py
[2024-09-12T09:31:26.304+0000] {processor.py:826} INFO - Processing file /workspaces/hands-on-introduction-data-engineering-4395021/airflow/dags/two_task_dag.py for tasks to queue
[2024-09-12T09:31:26.305+0000] {logging_mixin.py:150} INFO - [2024-09-12T09:31:26.305+0000] {dagbag.py:541} INFO - Filling up the DagBag from /workspaces/hands-on-introduction-data-engineering-4395021/airflow/dags/two_task_dag.py
[2024-09-12T09:31:26.313+0000] {processor.py:836} INFO - DAG(s) dict_keys(['two_task_dag']) retrieved from /workspaces/hands-on-introduction-data-engineering-4395021/airflow/dags/two_task_dag.py
[2024-09-12T09:31:26.329+0000] {logging_mixin.py:150} INFO - [2024-09-12T09:31:26.328+0000] {dag.py:2742} INFO - Sync 1 DAGs
[2024-09-12T09:31:26.342+0000] {logging_mixin.py:150} INFO - [2024-09-12T09:31:26.342+0000] {dag.py:3504} INFO - Setting next_dagrun for two_task_dag to None, run_after=None
[2024-09-12T09:31:26.385+0000] {processor.py:179} INFO - Processing /workspaces/hands-on-introduction-data-engineering-4395021/airflow/dags/two_task_dag.py took 0.084 seconds
[2024-09-12T09:31:56.726+0000] {processor.py:157} INFO - Started process (PID=33758) to work on /workspaces/hands-on-introduction-data-engineering-4395021/airflow/dags/two_task_dag.py
[2024-09-12T09:31:56.726+0000] {processor.py:826} INFO - Processing file /workspaces/hands-on-introduction-data-engineering-4395021/airflow/dags/two_task_dag.py for tasks to queue
[2024-09-12T09:31:56.727+0000] {logging_mixin.py:150} INFO - [2024-09-12T09:31:56.727+0000] {dagbag.py:541} INFO - Filling up the DagBag from /workspaces/hands-on-introduction-data-engineering-4395021/airflow/dags/two_task_dag.py
[2024-09-12T09:31:56.736+0000] {processor.py:836} INFO - DAG(s) dict_keys(['two_task_dag']) retrieved from /workspaces/hands-on-introduction-data-engineering-4395021/airflow/dags/two_task_dag.py
[2024-09-12T09:31:56.751+0000] {logging_mixin.py:150} INFO - [2024-09-12T09:31:56.751+0000] {dag.py:2742} INFO - Sync 1 DAGs
[2024-09-12T09:31:56.765+0000] {logging_mixin.py:150} INFO - [2024-09-12T09:31:56.765+0000] {dag.py:3504} INFO - Setting next_dagrun for two_task_dag to None, run_after=None
[2024-09-12T09:31:56.807+0000] {processor.py:179} INFO - Processing /workspaces/hands-on-introduction-data-engineering-4395021/airflow/dags/two_task_dag.py took 0.084 seconds
