[2024-09-12T06:39:05.914+0000] {processor.py:157} INFO - Started process (PID=7121) to work on /home/vscode/.local/lib/python3.10/site-packages/airflow/example_dags/subdags/subdag.py
[2024-09-12T06:39:05.915+0000] {processor.py:826} INFO - Processing file /home/vscode/.local/lib/python3.10/site-packages/airflow/example_dags/subdags/subdag.py for tasks to queue
[2024-09-12T06:39:05.916+0000] {logging_mixin.py:150} INFO - [2024-09-12T06:39:05.915+0000] {dagbag.py:541} INFO - Filling up the DagBag from /home/vscode/.local/lib/python3.10/site-packages/airflow/example_dags/subdags/subdag.py
[2024-09-12T06:39:05.917+0000] {processor.py:838} WARNING - No viable dags retrieved from /home/vscode/.local/lib/python3.10/site-packages/airflow/example_dags/subdags/subdag.py
[2024-09-12T06:39:05.924+0000] {processor.py:179} INFO - Processing /home/vscode/.local/lib/python3.10/site-packages/airflow/example_dags/subdags/subdag.py took 0.011 seconds
[2024-09-12T06:39:37.493+0000] {processor.py:157} INFO - Started process (PID=7436) to work on /home/vscode/.local/lib/python3.10/site-packages/airflow/example_dags/subdags/subdag.py
[2024-09-12T06:39:37.494+0000] {processor.py:826} INFO - Processing file /home/vscode/.local/lib/python3.10/site-packages/airflow/example_dags/subdags/subdag.py for tasks to queue
[2024-09-12T06:39:37.495+0000] {logging_mixin.py:150} INFO - [2024-09-12T06:39:37.494+0000] {dagbag.py:541} INFO - Filling up the DagBag from /home/vscode/.local/lib/python3.10/site-packages/airflow/example_dags/subdags/subdag.py
[2024-09-12T06:39:37.496+0000] {processor.py:838} WARNING - No viable dags retrieved from /home/vscode/.local/lib/python3.10/site-packages/airflow/example_dags/subdags/subdag.py
[2024-09-12T06:39:37.503+0000] {processor.py:179} INFO - Processing /home/vscode/.local/lib/python3.10/site-packages/airflow/example_dags/subdags/subdag.py took 0.012 seconds
[2024-09-12T06:40:31.822+0000] {processor.py:157} INFO - Started process (PID=7789) to work on /home/vscode/.local/lib/python3.10/site-packages/airflow/example_dags/subdags/subdag.py
[2024-09-12T06:40:31.823+0000] {processor.py:826} INFO - Processing file /home/vscode/.local/lib/python3.10/site-packages/airflow/example_dags/subdags/subdag.py for tasks to queue
[2024-09-12T06:40:31.823+0000] {logging_mixin.py:150} INFO - [2024-09-12T06:40:31.823+0000] {dagbag.py:541} INFO - Filling up the DagBag from /home/vscode/.local/lib/python3.10/site-packages/airflow/example_dags/subdags/subdag.py
[2024-09-12T06:40:31.825+0000] {processor.py:838} WARNING - No viable dags retrieved from /home/vscode/.local/lib/python3.10/site-packages/airflow/example_dags/subdags/subdag.py
[2024-09-12T06:40:31.831+0000] {processor.py:179} INFO - Processing /home/vscode/.local/lib/python3.10/site-packages/airflow/example_dags/subdags/subdag.py took 0.012 seconds
[2024-09-12T06:41:17.432+0000] {processor.py:157} INFO - Started process (PID=8093) to work on /home/vscode/.local/lib/python3.10/site-packages/airflow/example_dags/subdags/subdag.py
[2024-09-12T06:41:17.433+0000] {processor.py:826} INFO - Processing file /home/vscode/.local/lib/python3.10/site-packages/airflow/example_dags/subdags/subdag.py for tasks to queue
[2024-09-12T06:41:17.433+0000] {logging_mixin.py:150} INFO - [2024-09-12T06:41:17.433+0000] {dagbag.py:541} INFO - Filling up the DagBag from /home/vscode/.local/lib/python3.10/site-packages/airflow/example_dags/subdags/subdag.py
[2024-09-12T06:41:17.435+0000] {processor.py:838} WARNING - No viable dags retrieved from /home/vscode/.local/lib/python3.10/site-packages/airflow/example_dags/subdags/subdag.py
[2024-09-12T06:41:17.442+0000] {processor.py:179} INFO - Processing /home/vscode/.local/lib/python3.10/site-packages/airflow/example_dags/subdags/subdag.py took 0.012 seconds
[2024-09-12T06:41:58.379+0000] {processor.py:157} INFO - Started process (PID=8370) to work on /home/vscode/.local/lib/python3.10/site-packages/airflow/example_dags/subdags/subdag.py
[2024-09-12T06:41:58.379+0000] {processor.py:826} INFO - Processing file /home/vscode/.local/lib/python3.10/site-packages/airflow/example_dags/subdags/subdag.py for tasks to queue
[2024-09-12T06:41:58.380+0000] {logging_mixin.py:150} INFO - [2024-09-12T06:41:58.380+0000] {dagbag.py:541} INFO - Filling up the DagBag from /home/vscode/.local/lib/python3.10/site-packages/airflow/example_dags/subdags/subdag.py
[2024-09-12T06:41:58.382+0000] {processor.py:838} WARNING - No viable dags retrieved from /home/vscode/.local/lib/python3.10/site-packages/airflow/example_dags/subdags/subdag.py
[2024-09-12T06:41:58.388+0000] {processor.py:179} INFO - Processing /home/vscode/.local/lib/python3.10/site-packages/airflow/example_dags/subdags/subdag.py took 0.012 seconds
[2024-09-12T06:42:44.667+0000] {processor.py:157} INFO - Started process (PID=8679) to work on /home/vscode/.local/lib/python3.10/site-packages/airflow/example_dags/subdags/subdag.py
[2024-09-12T06:42:44.668+0000] {processor.py:826} INFO - Processing file /home/vscode/.local/lib/python3.10/site-packages/airflow/example_dags/subdags/subdag.py for tasks to queue
[2024-09-12T06:42:44.668+0000] {logging_mixin.py:150} INFO - [2024-09-12T06:42:44.668+0000] {dagbag.py:541} INFO - Filling up the DagBag from /home/vscode/.local/lib/python3.10/site-packages/airflow/example_dags/subdags/subdag.py
[2024-09-12T06:42:44.670+0000] {processor.py:838} WARNING - No viable dags retrieved from /home/vscode/.local/lib/python3.10/site-packages/airflow/example_dags/subdags/subdag.py
[2024-09-12T06:42:44.676+0000] {processor.py:179} INFO - Processing /home/vscode/.local/lib/python3.10/site-packages/airflow/example_dags/subdags/subdag.py took 0.011 seconds
[2024-09-12T06:43:29.306+0000] {processor.py:157} INFO - Started process (PID=8973) to work on /home/vscode/.local/lib/python3.10/site-packages/airflow/example_dags/subdags/subdag.py
[2024-09-12T06:43:29.306+0000] {processor.py:826} INFO - Processing file /home/vscode/.local/lib/python3.10/site-packages/airflow/example_dags/subdags/subdag.py for tasks to queue
[2024-09-12T06:43:29.307+0000] {logging_mixin.py:150} INFO - [2024-09-12T06:43:29.307+0000] {dagbag.py:541} INFO - Filling up the DagBag from /home/vscode/.local/lib/python3.10/site-packages/airflow/example_dags/subdags/subdag.py
[2024-09-12T06:43:29.309+0000] {processor.py:838} WARNING - No viable dags retrieved from /home/vscode/.local/lib/python3.10/site-packages/airflow/example_dags/subdags/subdag.py
[2024-09-12T06:43:29.315+0000] {processor.py:179} INFO - Processing /home/vscode/.local/lib/python3.10/site-packages/airflow/example_dags/subdags/subdag.py took 0.011 seconds
[2024-09-12T06:44:11.726+0000] {processor.py:157} INFO - Started process (PID=9268) to work on /home/vscode/.local/lib/python3.10/site-packages/airflow/example_dags/subdags/subdag.py
[2024-09-12T06:44:11.726+0000] {processor.py:826} INFO - Processing file /home/vscode/.local/lib/python3.10/site-packages/airflow/example_dags/subdags/subdag.py for tasks to queue
[2024-09-12T06:44:11.727+0000] {logging_mixin.py:150} INFO - [2024-09-12T06:44:11.727+0000] {dagbag.py:541} INFO - Filling up the DagBag from /home/vscode/.local/lib/python3.10/site-packages/airflow/example_dags/subdags/subdag.py
[2024-09-12T06:44:11.728+0000] {processor.py:838} WARNING - No viable dags retrieved from /home/vscode/.local/lib/python3.10/site-packages/airflow/example_dags/subdags/subdag.py
[2024-09-12T06:44:11.735+0000] {processor.py:179} INFO - Processing /home/vscode/.local/lib/python3.10/site-packages/airflow/example_dags/subdags/subdag.py took 0.012 seconds
[2024-09-12T06:44:53.669+0000] {processor.py:157} INFO - Started process (PID=9554) to work on /home/vscode/.local/lib/python3.10/site-packages/airflow/example_dags/subdags/subdag.py
[2024-09-12T06:44:53.670+0000] {processor.py:826} INFO - Processing file /home/vscode/.local/lib/python3.10/site-packages/airflow/example_dags/subdags/subdag.py for tasks to queue
[2024-09-12T06:44:53.670+0000] {logging_mixin.py:150} INFO - [2024-09-12T06:44:53.670+0000] {dagbag.py:541} INFO - Filling up the DagBag from /home/vscode/.local/lib/python3.10/site-packages/airflow/example_dags/subdags/subdag.py
[2024-09-12T06:44:53.672+0000] {processor.py:838} WARNING - No viable dags retrieved from /home/vscode/.local/lib/python3.10/site-packages/airflow/example_dags/subdags/subdag.py
[2024-09-12T06:44:53.679+0000] {processor.py:179} INFO - Processing /home/vscode/.local/lib/python3.10/site-packages/airflow/example_dags/subdags/subdag.py took 0.012 seconds
[2024-09-12T06:45:39.527+0000] {processor.py:157} INFO - Started process (PID=9851) to work on /home/vscode/.local/lib/python3.10/site-packages/airflow/example_dags/subdags/subdag.py
[2024-09-12T06:45:39.527+0000] {processor.py:826} INFO - Processing file /home/vscode/.local/lib/python3.10/site-packages/airflow/example_dags/subdags/subdag.py for tasks to queue
[2024-09-12T06:45:39.528+0000] {logging_mixin.py:150} INFO - [2024-09-12T06:45:39.528+0000] {dagbag.py:541} INFO - Filling up the DagBag from /home/vscode/.local/lib/python3.10/site-packages/airflow/example_dags/subdags/subdag.py
[2024-09-12T06:45:39.530+0000] {processor.py:838} WARNING - No viable dags retrieved from /home/vscode/.local/lib/python3.10/site-packages/airflow/example_dags/subdags/subdag.py
[2024-09-12T06:45:39.536+0000] {processor.py:179} INFO - Processing /home/vscode/.local/lib/python3.10/site-packages/airflow/example_dags/subdags/subdag.py took 0.012 seconds
[2024-09-12T06:46:23.627+0000] {processor.py:157} INFO - Started process (PID=10158) to work on /home/vscode/.local/lib/python3.10/site-packages/airflow/example_dags/subdags/subdag.py
[2024-09-12T06:46:23.628+0000] {processor.py:826} INFO - Processing file /home/vscode/.local/lib/python3.10/site-packages/airflow/example_dags/subdags/subdag.py for tasks to queue
[2024-09-12T06:46:23.628+0000] {logging_mixin.py:150} INFO - [2024-09-12T06:46:23.628+0000] {dagbag.py:541} INFO - Filling up the DagBag from /home/vscode/.local/lib/python3.10/site-packages/airflow/example_dags/subdags/subdag.py
[2024-09-12T06:46:23.630+0000] {processor.py:838} WARNING - No viable dags retrieved from /home/vscode/.local/lib/python3.10/site-packages/airflow/example_dags/subdags/subdag.py
[2024-09-12T06:46:23.637+0000] {processor.py:179} INFO - Processing /home/vscode/.local/lib/python3.10/site-packages/airflow/example_dags/subdags/subdag.py took 0.012 seconds
[2024-09-12T06:47:08.101+0000] {processor.py:157} INFO - Started process (PID=10448) to work on /home/vscode/.local/lib/python3.10/site-packages/airflow/example_dags/subdags/subdag.py
[2024-09-12T06:47:08.101+0000] {processor.py:826} INFO - Processing file /home/vscode/.local/lib/python3.10/site-packages/airflow/example_dags/subdags/subdag.py for tasks to queue
[2024-09-12T06:47:08.102+0000] {logging_mixin.py:150} INFO - [2024-09-12T06:47:08.102+0000] {dagbag.py:541} INFO - Filling up the DagBag from /home/vscode/.local/lib/python3.10/site-packages/airflow/example_dags/subdags/subdag.py
[2024-09-12T06:47:08.103+0000] {processor.py:838} WARNING - No viable dags retrieved from /home/vscode/.local/lib/python3.10/site-packages/airflow/example_dags/subdags/subdag.py
[2024-09-12T06:47:08.110+0000] {processor.py:179} INFO - Processing /home/vscode/.local/lib/python3.10/site-packages/airflow/example_dags/subdags/subdag.py took 0.012 seconds
[2024-09-12T06:47:54.539+0000] {processor.py:157} INFO - Started process (PID=10760) to work on /home/vscode/.local/lib/python3.10/site-packages/airflow/example_dags/subdags/subdag.py
[2024-09-12T06:47:54.539+0000] {processor.py:826} INFO - Processing file /home/vscode/.local/lib/python3.10/site-packages/airflow/example_dags/subdags/subdag.py for tasks to queue
[2024-09-12T06:47:54.540+0000] {logging_mixin.py:150} INFO - [2024-09-12T06:47:54.540+0000] {dagbag.py:541} INFO - Filling up the DagBag from /home/vscode/.local/lib/python3.10/site-packages/airflow/example_dags/subdags/subdag.py
[2024-09-12T06:47:54.542+0000] {processor.py:838} WARNING - No viable dags retrieved from /home/vscode/.local/lib/python3.10/site-packages/airflow/example_dags/subdags/subdag.py
[2024-09-12T06:47:54.548+0000] {processor.py:179} INFO - Processing /home/vscode/.local/lib/python3.10/site-packages/airflow/example_dags/subdags/subdag.py took 0.011 seconds
[2024-09-12T06:48:37.145+0000] {processor.py:157} INFO - Started process (PID=11048) to work on /home/vscode/.local/lib/python3.10/site-packages/airflow/example_dags/subdags/subdag.py
[2024-09-12T06:48:37.146+0000] {processor.py:826} INFO - Processing file /home/vscode/.local/lib/python3.10/site-packages/airflow/example_dags/subdags/subdag.py for tasks to queue
[2024-09-12T06:48:37.146+0000] {logging_mixin.py:150} INFO - [2024-09-12T06:48:37.146+0000] {dagbag.py:541} INFO - Filling up the DagBag from /home/vscode/.local/lib/python3.10/site-packages/airflow/example_dags/subdags/subdag.py
[2024-09-12T06:48:37.148+0000] {processor.py:838} WARNING - No viable dags retrieved from /home/vscode/.local/lib/python3.10/site-packages/airflow/example_dags/subdags/subdag.py
[2024-09-12T06:48:37.154+0000] {processor.py:179} INFO - Processing /home/vscode/.local/lib/python3.10/site-packages/airflow/example_dags/subdags/subdag.py took 0.011 seconds
[2024-09-12T06:49:21.034+0000] {processor.py:157} INFO - Started process (PID=11342) to work on /home/vscode/.local/lib/python3.10/site-packages/airflow/example_dags/subdags/subdag.py
[2024-09-12T06:49:21.035+0000] {processor.py:826} INFO - Processing file /home/vscode/.local/lib/python3.10/site-packages/airflow/example_dags/subdags/subdag.py for tasks to queue
[2024-09-12T06:49:21.036+0000] {logging_mixin.py:150} INFO - [2024-09-12T06:49:21.035+0000] {dagbag.py:541} INFO - Filling up the DagBag from /home/vscode/.local/lib/python3.10/site-packages/airflow/example_dags/subdags/subdag.py
[2024-09-12T06:49:21.037+0000] {processor.py:838} WARNING - No viable dags retrieved from /home/vscode/.local/lib/python3.10/site-packages/airflow/example_dags/subdags/subdag.py
[2024-09-12T06:49:21.044+0000] {processor.py:179} INFO - Processing /home/vscode/.local/lib/python3.10/site-packages/airflow/example_dags/subdags/subdag.py took 0.011 seconds
[2024-09-12T06:50:01.916+0000] {processor.py:157} INFO - Started process (PID=11625) to work on /home/vscode/.local/lib/python3.10/site-packages/airflow/example_dags/subdags/subdag.py
[2024-09-12T06:50:01.916+0000] {processor.py:826} INFO - Processing file /home/vscode/.local/lib/python3.10/site-packages/airflow/example_dags/subdags/subdag.py for tasks to queue
[2024-09-12T06:50:01.917+0000] {logging_mixin.py:150} INFO - [2024-09-12T06:50:01.916+0000] {dagbag.py:541} INFO - Filling up the DagBag from /home/vscode/.local/lib/python3.10/site-packages/airflow/example_dags/subdags/subdag.py
[2024-09-12T06:50:01.918+0000] {processor.py:838} WARNING - No viable dags retrieved from /home/vscode/.local/lib/python3.10/site-packages/airflow/example_dags/subdags/subdag.py
[2024-09-12T06:50:01.925+0000] {processor.py:179} INFO - Processing /home/vscode/.local/lib/python3.10/site-packages/airflow/example_dags/subdags/subdag.py took 0.011 seconds
[2024-09-12T06:50:44.858+0000] {processor.py:157} INFO - Started process (PID=11920) to work on /home/vscode/.local/lib/python3.10/site-packages/airflow/example_dags/subdags/subdag.py
[2024-09-12T06:50:44.859+0000] {processor.py:826} INFO - Processing file /home/vscode/.local/lib/python3.10/site-packages/airflow/example_dags/subdags/subdag.py for tasks to queue
[2024-09-12T06:50:44.860+0000] {logging_mixin.py:150} INFO - [2024-09-12T06:50:44.859+0000] {dagbag.py:541} INFO - Filling up the DagBag from /home/vscode/.local/lib/python3.10/site-packages/airflow/example_dags/subdags/subdag.py
[2024-09-12T06:50:44.861+0000] {processor.py:838} WARNING - No viable dags retrieved from /home/vscode/.local/lib/python3.10/site-packages/airflow/example_dags/subdags/subdag.py
[2024-09-12T06:50:44.868+0000] {processor.py:179} INFO - Processing /home/vscode/.local/lib/python3.10/site-packages/airflow/example_dags/subdags/subdag.py took 0.012 seconds
[2024-09-12T06:51:31.532+0000] {processor.py:157} INFO - Started process (PID=12228) to work on /home/vscode/.local/lib/python3.10/site-packages/airflow/example_dags/subdags/subdag.py
[2024-09-12T06:51:31.532+0000] {processor.py:826} INFO - Processing file /home/vscode/.local/lib/python3.10/site-packages/airflow/example_dags/subdags/subdag.py for tasks to queue
[2024-09-12T06:51:31.533+0000] {logging_mixin.py:150} INFO - [2024-09-12T06:51:31.533+0000] {dagbag.py:541} INFO - Filling up the DagBag from /home/vscode/.local/lib/python3.10/site-packages/airflow/example_dags/subdags/subdag.py
[2024-09-12T06:51:31.535+0000] {processor.py:838} WARNING - No viable dags retrieved from /home/vscode/.local/lib/python3.10/site-packages/airflow/example_dags/subdags/subdag.py
[2024-09-12T06:51:31.542+0000] {processor.py:179} INFO - Processing /home/vscode/.local/lib/python3.10/site-packages/airflow/example_dags/subdags/subdag.py took 0.012 seconds
[2024-09-12T06:52:19.168+0000] {processor.py:157} INFO - Started process (PID=12546) to work on /home/vscode/.local/lib/python3.10/site-packages/airflow/example_dags/subdags/subdag.py
[2024-09-12T06:52:19.169+0000] {processor.py:826} INFO - Processing file /home/vscode/.local/lib/python3.10/site-packages/airflow/example_dags/subdags/subdag.py for tasks to queue
[2024-09-12T06:52:19.170+0000] {logging_mixin.py:150} INFO - [2024-09-12T06:52:19.169+0000] {dagbag.py:541} INFO - Filling up the DagBag from /home/vscode/.local/lib/python3.10/site-packages/airflow/example_dags/subdags/subdag.py
[2024-09-12T06:52:19.171+0000] {processor.py:838} WARNING - No viable dags retrieved from /home/vscode/.local/lib/python3.10/site-packages/airflow/example_dags/subdags/subdag.py
[2024-09-12T06:52:19.178+0000] {processor.py:179} INFO - Processing /home/vscode/.local/lib/python3.10/site-packages/airflow/example_dags/subdags/subdag.py took 0.012 seconds
[2024-09-12T06:53:06.693+0000] {processor.py:157} INFO - Started process (PID=12865) to work on /home/vscode/.local/lib/python3.10/site-packages/airflow/example_dags/subdags/subdag.py
[2024-09-12T06:53:06.694+0000] {processor.py:826} INFO - Processing file /home/vscode/.local/lib/python3.10/site-packages/airflow/example_dags/subdags/subdag.py for tasks to queue
[2024-09-12T06:53:06.694+0000] {logging_mixin.py:150} INFO - [2024-09-12T06:53:06.694+0000] {dagbag.py:541} INFO - Filling up the DagBag from /home/vscode/.local/lib/python3.10/site-packages/airflow/example_dags/subdags/subdag.py
[2024-09-12T06:53:06.696+0000] {processor.py:838} WARNING - No viable dags retrieved from /home/vscode/.local/lib/python3.10/site-packages/airflow/example_dags/subdags/subdag.py
[2024-09-12T06:53:06.702+0000] {processor.py:179} INFO - Processing /home/vscode/.local/lib/python3.10/site-packages/airflow/example_dags/subdags/subdag.py took 0.011 seconds
[2024-09-12T06:53:49.869+0000] {processor.py:157} INFO - Started process (PID=13155) to work on /home/vscode/.local/lib/python3.10/site-packages/airflow/example_dags/subdags/subdag.py
[2024-09-12T06:53:49.870+0000] {processor.py:826} INFO - Processing file /home/vscode/.local/lib/python3.10/site-packages/airflow/example_dags/subdags/subdag.py for tasks to queue
[2024-09-12T06:53:49.871+0000] {logging_mixin.py:150} INFO - [2024-09-12T06:53:49.870+0000] {dagbag.py:541} INFO - Filling up the DagBag from /home/vscode/.local/lib/python3.10/site-packages/airflow/example_dags/subdags/subdag.py
[2024-09-12T06:53:49.872+0000] {processor.py:838} WARNING - No viable dags retrieved from /home/vscode/.local/lib/python3.10/site-packages/airflow/example_dags/subdags/subdag.py
[2024-09-12T06:53:49.879+0000] {processor.py:179} INFO - Processing /home/vscode/.local/lib/python3.10/site-packages/airflow/example_dags/subdags/subdag.py took 0.011 seconds
[2024-09-12T06:54:34.495+0000] {processor.py:157} INFO - Started process (PID=13454) to work on /home/vscode/.local/lib/python3.10/site-packages/airflow/example_dags/subdags/subdag.py
[2024-09-12T06:54:34.495+0000] {processor.py:826} INFO - Processing file /home/vscode/.local/lib/python3.10/site-packages/airflow/example_dags/subdags/subdag.py for tasks to queue
[2024-09-12T06:54:34.496+0000] {logging_mixin.py:150} INFO - [2024-09-12T06:54:34.496+0000] {dagbag.py:541} INFO - Filling up the DagBag from /home/vscode/.local/lib/python3.10/site-packages/airflow/example_dags/subdags/subdag.py
[2024-09-12T06:54:34.498+0000] {processor.py:838} WARNING - No viable dags retrieved from /home/vscode/.local/lib/python3.10/site-packages/airflow/example_dags/subdags/subdag.py
[2024-09-12T06:54:34.505+0000] {processor.py:179} INFO - Processing /home/vscode/.local/lib/python3.10/site-packages/airflow/example_dags/subdags/subdag.py took 0.012 seconds
[2024-09-12T06:55:22.158+0000] {processor.py:157} INFO - Started process (PID=13781) to work on /home/vscode/.local/lib/python3.10/site-packages/airflow/example_dags/subdags/subdag.py
[2024-09-12T06:55:22.159+0000] {processor.py:826} INFO - Processing file /home/vscode/.local/lib/python3.10/site-packages/airflow/example_dags/subdags/subdag.py for tasks to queue
[2024-09-12T06:55:22.159+0000] {logging_mixin.py:150} INFO - [2024-09-12T06:55:22.159+0000] {dagbag.py:541} INFO - Filling up the DagBag from /home/vscode/.local/lib/python3.10/site-packages/airflow/example_dags/subdags/subdag.py
[2024-09-12T06:55:22.161+0000] {processor.py:838} WARNING - No viable dags retrieved from /home/vscode/.local/lib/python3.10/site-packages/airflow/example_dags/subdags/subdag.py
[2024-09-12T06:55:22.167+0000] {processor.py:179} INFO - Processing /home/vscode/.local/lib/python3.10/site-packages/airflow/example_dags/subdags/subdag.py took 0.012 seconds
[2024-09-12T06:56:08.489+0000] {processor.py:157} INFO - Started process (PID=14084) to work on /home/vscode/.local/lib/python3.10/site-packages/airflow/example_dags/subdags/subdag.py
[2024-09-12T06:56:08.489+0000] {processor.py:826} INFO - Processing file /home/vscode/.local/lib/python3.10/site-packages/airflow/example_dags/subdags/subdag.py for tasks to queue
[2024-09-12T06:56:08.490+0000] {logging_mixin.py:150} INFO - [2024-09-12T06:56:08.490+0000] {dagbag.py:541} INFO - Filling up the DagBag from /home/vscode/.local/lib/python3.10/site-packages/airflow/example_dags/subdags/subdag.py
[2024-09-12T06:56:08.491+0000] {processor.py:838} WARNING - No viable dags retrieved from /home/vscode/.local/lib/python3.10/site-packages/airflow/example_dags/subdags/subdag.py
[2024-09-12T06:56:08.498+0000] {processor.py:179} INFO - Processing /home/vscode/.local/lib/python3.10/site-packages/airflow/example_dags/subdags/subdag.py took 0.012 seconds
[2024-09-12T06:56:56.895+0000] {processor.py:157} INFO - Started process (PID=14411) to work on /home/vscode/.local/lib/python3.10/site-packages/airflow/example_dags/subdags/subdag.py
[2024-09-12T06:56:56.895+0000] {processor.py:826} INFO - Processing file /home/vscode/.local/lib/python3.10/site-packages/airflow/example_dags/subdags/subdag.py for tasks to queue
[2024-09-12T06:56:56.896+0000] {logging_mixin.py:150} INFO - [2024-09-12T06:56:56.896+0000] {dagbag.py:541} INFO - Filling up the DagBag from /home/vscode/.local/lib/python3.10/site-packages/airflow/example_dags/subdags/subdag.py
[2024-09-12T06:56:56.897+0000] {processor.py:838} WARNING - No viable dags retrieved from /home/vscode/.local/lib/python3.10/site-packages/airflow/example_dags/subdags/subdag.py
[2024-09-12T06:56:56.904+0000] {processor.py:179} INFO - Processing /home/vscode/.local/lib/python3.10/site-packages/airflow/example_dags/subdags/subdag.py took 0.011 seconds
[2024-09-12T06:57:40.777+0000] {processor.py:157} INFO - Started process (PID=14708) to work on /home/vscode/.local/lib/python3.10/site-packages/airflow/example_dags/subdags/subdag.py
[2024-09-12T06:57:40.777+0000] {processor.py:826} INFO - Processing file /home/vscode/.local/lib/python3.10/site-packages/airflow/example_dags/subdags/subdag.py for tasks to queue
[2024-09-12T06:57:40.778+0000] {logging_mixin.py:150} INFO - [2024-09-12T06:57:40.778+0000] {dagbag.py:541} INFO - Filling up the DagBag from /home/vscode/.local/lib/python3.10/site-packages/airflow/example_dags/subdags/subdag.py
[2024-09-12T06:57:40.779+0000] {processor.py:838} WARNING - No viable dags retrieved from /home/vscode/.local/lib/python3.10/site-packages/airflow/example_dags/subdags/subdag.py
[2024-09-12T06:57:40.786+0000] {processor.py:179} INFO - Processing /home/vscode/.local/lib/python3.10/site-packages/airflow/example_dags/subdags/subdag.py took 0.011 seconds
[2024-09-12T06:58:24.307+0000] {processor.py:157} INFO - Started process (PID=14998) to work on /home/vscode/.local/lib/python3.10/site-packages/airflow/example_dags/subdags/subdag.py
[2024-09-12T06:58:24.307+0000] {processor.py:826} INFO - Processing file /home/vscode/.local/lib/python3.10/site-packages/airflow/example_dags/subdags/subdag.py for tasks to queue
[2024-09-12T06:58:24.308+0000] {logging_mixin.py:150} INFO - [2024-09-12T06:58:24.308+0000] {dagbag.py:541} INFO - Filling up the DagBag from /home/vscode/.local/lib/python3.10/site-packages/airflow/example_dags/subdags/subdag.py
[2024-09-12T06:58:24.309+0000] {processor.py:838} WARNING - No viable dags retrieved from /home/vscode/.local/lib/python3.10/site-packages/airflow/example_dags/subdags/subdag.py
[2024-09-12T06:58:24.316+0000] {processor.py:179} INFO - Processing /home/vscode/.local/lib/python3.10/site-packages/airflow/example_dags/subdags/subdag.py took 0.011 seconds
[2024-09-12T06:59:06.158+0000] {processor.py:157} INFO - Started process (PID=15281) to work on /home/vscode/.local/lib/python3.10/site-packages/airflow/example_dags/subdags/subdag.py
[2024-09-12T06:59:06.159+0000] {processor.py:826} INFO - Processing file /home/vscode/.local/lib/python3.10/site-packages/airflow/example_dags/subdags/subdag.py for tasks to queue
[2024-09-12T06:59:06.160+0000] {logging_mixin.py:150} INFO - [2024-09-12T06:59:06.160+0000] {dagbag.py:541} INFO - Filling up the DagBag from /home/vscode/.local/lib/python3.10/site-packages/airflow/example_dags/subdags/subdag.py
[2024-09-12T06:59:06.162+0000] {processor.py:838} WARNING - No viable dags retrieved from /home/vscode/.local/lib/python3.10/site-packages/airflow/example_dags/subdags/subdag.py
[2024-09-12T06:59:06.170+0000] {processor.py:179} INFO - Processing /home/vscode/.local/lib/python3.10/site-packages/airflow/example_dags/subdags/subdag.py took 0.014 seconds
[2024-09-12T06:59:49.689+0000] {processor.py:157} INFO - Started process (PID=15576) to work on /home/vscode/.local/lib/python3.10/site-packages/airflow/example_dags/subdags/subdag.py
[2024-09-12T06:59:49.690+0000] {processor.py:826} INFO - Processing file /home/vscode/.local/lib/python3.10/site-packages/airflow/example_dags/subdags/subdag.py for tasks to queue
[2024-09-12T06:59:49.690+0000] {logging_mixin.py:150} INFO - [2024-09-12T06:59:49.690+0000] {dagbag.py:541} INFO - Filling up the DagBag from /home/vscode/.local/lib/python3.10/site-packages/airflow/example_dags/subdags/subdag.py
[2024-09-12T06:59:49.692+0000] {processor.py:838} WARNING - No viable dags retrieved from /home/vscode/.local/lib/python3.10/site-packages/airflow/example_dags/subdags/subdag.py
[2024-09-12T06:59:49.698+0000] {processor.py:179} INFO - Processing /home/vscode/.local/lib/python3.10/site-packages/airflow/example_dags/subdags/subdag.py took 0.011 seconds
[2024-09-12T07:00:37.151+0000] {processor.py:157} INFO - Started process (PID=15888) to work on /home/vscode/.local/lib/python3.10/site-packages/airflow/example_dags/subdags/subdag.py
[2024-09-12T07:00:37.152+0000] {processor.py:826} INFO - Processing file /home/vscode/.local/lib/python3.10/site-packages/airflow/example_dags/subdags/subdag.py for tasks to queue
[2024-09-12T07:00:37.152+0000] {logging_mixin.py:150} INFO - [2024-09-12T07:00:37.152+0000] {dagbag.py:541} INFO - Filling up the DagBag from /home/vscode/.local/lib/python3.10/site-packages/airflow/example_dags/subdags/subdag.py
[2024-09-12T07:00:37.154+0000] {processor.py:838} WARNING - No viable dags retrieved from /home/vscode/.local/lib/python3.10/site-packages/airflow/example_dags/subdags/subdag.py
[2024-09-12T07:00:37.161+0000] {processor.py:179} INFO - Processing /home/vscode/.local/lib/python3.10/site-packages/airflow/example_dags/subdags/subdag.py took 0.012 seconds
[2024-09-12T07:01:22.741+0000] {processor.py:157} INFO - Started process (PID=16202) to work on /home/vscode/.local/lib/python3.10/site-packages/airflow/example_dags/subdags/subdag.py
[2024-09-12T07:01:22.742+0000] {processor.py:826} INFO - Processing file /home/vscode/.local/lib/python3.10/site-packages/airflow/example_dags/subdags/subdag.py for tasks to queue
[2024-09-12T07:01:22.742+0000] {logging_mixin.py:150} INFO - [2024-09-12T07:01:22.742+0000] {dagbag.py:541} INFO - Filling up the DagBag from /home/vscode/.local/lib/python3.10/site-packages/airflow/example_dags/subdags/subdag.py
[2024-09-12T07:01:22.744+0000] {processor.py:838} WARNING - No viable dags retrieved from /home/vscode/.local/lib/python3.10/site-packages/airflow/example_dags/subdags/subdag.py
[2024-09-12T07:01:22.751+0000] {processor.py:179} INFO - Processing /home/vscode/.local/lib/python3.10/site-packages/airflow/example_dags/subdags/subdag.py took 0.012 seconds
[2024-09-12T07:02:02.576+0000] {processor.py:157} INFO - Started process (PID=16475) to work on /home/vscode/.local/lib/python3.10/site-packages/airflow/example_dags/subdags/subdag.py
[2024-09-12T07:02:02.576+0000] {processor.py:826} INFO - Processing file /home/vscode/.local/lib/python3.10/site-packages/airflow/example_dags/subdags/subdag.py for tasks to queue
[2024-09-12T07:02:02.577+0000] {logging_mixin.py:150} INFO - [2024-09-12T07:02:02.577+0000] {dagbag.py:541} INFO - Filling up the DagBag from /home/vscode/.local/lib/python3.10/site-packages/airflow/example_dags/subdags/subdag.py
[2024-09-12T07:02:02.578+0000] {processor.py:838} WARNING - No viable dags retrieved from /home/vscode/.local/lib/python3.10/site-packages/airflow/example_dags/subdags/subdag.py
[2024-09-12T07:02:02.585+0000] {processor.py:179} INFO - Processing /home/vscode/.local/lib/python3.10/site-packages/airflow/example_dags/subdags/subdag.py took 0.011 seconds
[2024-09-12T07:02:43.929+0000] {processor.py:157} INFO - Started process (PID=16745) to work on /home/vscode/.local/lib/python3.10/site-packages/airflow/example_dags/subdags/subdag.py
[2024-09-12T07:02:43.929+0000] {processor.py:826} INFO - Processing file /home/vscode/.local/lib/python3.10/site-packages/airflow/example_dags/subdags/subdag.py for tasks to queue
[2024-09-12T07:02:43.930+0000] {logging_mixin.py:150} INFO - [2024-09-12T07:02:43.930+0000] {dagbag.py:541} INFO - Filling up the DagBag from /home/vscode/.local/lib/python3.10/site-packages/airflow/example_dags/subdags/subdag.py
[2024-09-12T07:02:43.931+0000] {processor.py:838} WARNING - No viable dags retrieved from /home/vscode/.local/lib/python3.10/site-packages/airflow/example_dags/subdags/subdag.py
[2024-09-12T07:02:43.938+0000] {processor.py:179} INFO - Processing /home/vscode/.local/lib/python3.10/site-packages/airflow/example_dags/subdags/subdag.py took 0.012 seconds
[2024-09-12T07:03:32.051+0000] {processor.py:157} INFO - Started process (PID=17071) to work on /home/vscode/.local/lib/python3.10/site-packages/airflow/example_dags/subdags/subdag.py
[2024-09-12T07:03:32.051+0000] {processor.py:826} INFO - Processing file /home/vscode/.local/lib/python3.10/site-packages/airflow/example_dags/subdags/subdag.py for tasks to queue
[2024-09-12T07:03:32.052+0000] {logging_mixin.py:150} INFO - [2024-09-12T07:03:32.052+0000] {dagbag.py:541} INFO - Filling up the DagBag from /home/vscode/.local/lib/python3.10/site-packages/airflow/example_dags/subdags/subdag.py
[2024-09-12T07:03:32.054+0000] {processor.py:838} WARNING - No viable dags retrieved from /home/vscode/.local/lib/python3.10/site-packages/airflow/example_dags/subdags/subdag.py
[2024-09-12T07:03:32.060+0000] {processor.py:179} INFO - Processing /home/vscode/.local/lib/python3.10/site-packages/airflow/example_dags/subdags/subdag.py took 0.011 seconds
[2024-09-12T07:04:22.018+0000] {processor.py:157} INFO - Started process (PID=17478) to work on /home/vscode/.local/lib/python3.10/site-packages/airflow/example_dags/subdags/subdag.py
[2024-09-12T07:04:22.018+0000] {processor.py:826} INFO - Processing file /home/vscode/.local/lib/python3.10/site-packages/airflow/example_dags/subdags/subdag.py for tasks to queue
[2024-09-12T07:04:22.019+0000] {logging_mixin.py:150} INFO - [2024-09-12T07:04:22.019+0000] {dagbag.py:541} INFO - Filling up the DagBag from /home/vscode/.local/lib/python3.10/site-packages/airflow/example_dags/subdags/subdag.py
[2024-09-12T07:04:22.021+0000] {processor.py:838} WARNING - No viable dags retrieved from /home/vscode/.local/lib/python3.10/site-packages/airflow/example_dags/subdags/subdag.py
[2024-09-12T07:04:22.028+0000] {processor.py:179} INFO - Processing /home/vscode/.local/lib/python3.10/site-packages/airflow/example_dags/subdags/subdag.py took 0.012 seconds
[2024-09-12T07:05:06.732+0000] {processor.py:157} INFO - Started process (PID=17800) to work on /home/vscode/.local/lib/python3.10/site-packages/airflow/example_dags/subdags/subdag.py
[2024-09-12T07:05:06.733+0000] {processor.py:826} INFO - Processing file /home/vscode/.local/lib/python3.10/site-packages/airflow/example_dags/subdags/subdag.py for tasks to queue
[2024-09-12T07:05:06.733+0000] {logging_mixin.py:150} INFO - [2024-09-12T07:05:06.733+0000] {dagbag.py:541} INFO - Filling up the DagBag from /home/vscode/.local/lib/python3.10/site-packages/airflow/example_dags/subdags/subdag.py
[2024-09-12T07:05:06.735+0000] {processor.py:838} WARNING - No viable dags retrieved from /home/vscode/.local/lib/python3.10/site-packages/airflow/example_dags/subdags/subdag.py
[2024-09-12T07:05:06.745+0000] {processor.py:179} INFO - Processing /home/vscode/.local/lib/python3.10/site-packages/airflow/example_dags/subdags/subdag.py took 0.016 seconds
[2024-09-12T07:05:51.267+0000] {processor.py:157} INFO - Started process (PID=18234) to work on /home/vscode/.local/lib/python3.10/site-packages/airflow/example_dags/subdags/subdag.py
[2024-09-12T07:05:51.268+0000] {processor.py:826} INFO - Processing file /home/vscode/.local/lib/python3.10/site-packages/airflow/example_dags/subdags/subdag.py for tasks to queue
[2024-09-12T07:05:51.269+0000] {logging_mixin.py:150} INFO - [2024-09-12T07:05:51.268+0000] {dagbag.py:541} INFO - Filling up the DagBag from /home/vscode/.local/lib/python3.10/site-packages/airflow/example_dags/subdags/subdag.py
[2024-09-12T07:05:51.270+0000] {processor.py:838} WARNING - No viable dags retrieved from /home/vscode/.local/lib/python3.10/site-packages/airflow/example_dags/subdags/subdag.py
[2024-09-12T07:05:51.277+0000] {processor.py:179} INFO - Processing /home/vscode/.local/lib/python3.10/site-packages/airflow/example_dags/subdags/subdag.py took 0.011 seconds
[2024-09-12T07:06:36.600+0000] {processor.py:157} INFO - Started process (PID=18582) to work on /home/vscode/.local/lib/python3.10/site-packages/airflow/example_dags/subdags/subdag.py
[2024-09-12T07:06:36.600+0000] {processor.py:826} INFO - Processing file /home/vscode/.local/lib/python3.10/site-packages/airflow/example_dags/subdags/subdag.py for tasks to queue
[2024-09-12T07:06:36.601+0000] {logging_mixin.py:150} INFO - [2024-09-12T07:06:36.601+0000] {dagbag.py:541} INFO - Filling up the DagBag from /home/vscode/.local/lib/python3.10/site-packages/airflow/example_dags/subdags/subdag.py
[2024-09-12T07:06:36.602+0000] {processor.py:838} WARNING - No viable dags retrieved from /home/vscode/.local/lib/python3.10/site-packages/airflow/example_dags/subdags/subdag.py
[2024-09-12T07:06:36.609+0000] {processor.py:179} INFO - Processing /home/vscode/.local/lib/python3.10/site-packages/airflow/example_dags/subdags/subdag.py took 0.011 seconds
[2024-09-12T07:07:20.956+0000] {processor.py:157} INFO - Started process (PID=18885) to work on /home/vscode/.local/lib/python3.10/site-packages/airflow/example_dags/subdags/subdag.py
[2024-09-12T07:07:20.956+0000] {processor.py:826} INFO - Processing file /home/vscode/.local/lib/python3.10/site-packages/airflow/example_dags/subdags/subdag.py for tasks to queue
[2024-09-12T07:07:20.957+0000] {logging_mixin.py:150} INFO - [2024-09-12T07:07:20.957+0000] {dagbag.py:541} INFO - Filling up the DagBag from /home/vscode/.local/lib/python3.10/site-packages/airflow/example_dags/subdags/subdag.py
[2024-09-12T07:07:20.958+0000] {processor.py:838} WARNING - No viable dags retrieved from /home/vscode/.local/lib/python3.10/site-packages/airflow/example_dags/subdags/subdag.py
[2024-09-12T07:07:20.965+0000] {processor.py:179} INFO - Processing /home/vscode/.local/lib/python3.10/site-packages/airflow/example_dags/subdags/subdag.py took 0.012 seconds
[2024-09-12T07:08:04.577+0000] {processor.py:157} INFO - Started process (PID=19184) to work on /home/vscode/.local/lib/python3.10/site-packages/airflow/example_dags/subdags/subdag.py
[2024-09-12T07:08:04.577+0000] {processor.py:826} INFO - Processing file /home/vscode/.local/lib/python3.10/site-packages/airflow/example_dags/subdags/subdag.py for tasks to queue
[2024-09-12T07:08:04.578+0000] {logging_mixin.py:150} INFO - [2024-09-12T07:08:04.578+0000] {dagbag.py:541} INFO - Filling up the DagBag from /home/vscode/.local/lib/python3.10/site-packages/airflow/example_dags/subdags/subdag.py
[2024-09-12T07:08:04.580+0000] {processor.py:838} WARNING - No viable dags retrieved from /home/vscode/.local/lib/python3.10/site-packages/airflow/example_dags/subdags/subdag.py
[2024-09-12T07:08:04.595+0000] {processor.py:179} INFO - Processing /home/vscode/.local/lib/python3.10/site-packages/airflow/example_dags/subdags/subdag.py took 0.028 seconds
[2024-09-12T07:08:48.913+0000] {processor.py:157} INFO - Started process (PID=19583) to work on /home/vscode/.local/lib/python3.10/site-packages/airflow/example_dags/subdags/subdag.py
[2024-09-12T07:08:48.913+0000] {processor.py:826} INFO - Processing file /home/vscode/.local/lib/python3.10/site-packages/airflow/example_dags/subdags/subdag.py for tasks to queue
[2024-09-12T07:08:48.914+0000] {logging_mixin.py:150} INFO - [2024-09-12T07:08:48.914+0000] {dagbag.py:541} INFO - Filling up the DagBag from /home/vscode/.local/lib/python3.10/site-packages/airflow/example_dags/subdags/subdag.py
[2024-09-12T07:08:48.916+0000] {processor.py:838} WARNING - No viable dags retrieved from /home/vscode/.local/lib/python3.10/site-packages/airflow/example_dags/subdags/subdag.py
[2024-09-12T07:08:48.923+0000] {processor.py:179} INFO - Processing /home/vscode/.local/lib/python3.10/site-packages/airflow/example_dags/subdags/subdag.py took 0.012 seconds
[2024-09-12T07:09:34.319+0000] {processor.py:157} INFO - Started process (PID=19910) to work on /home/vscode/.local/lib/python3.10/site-packages/airflow/example_dags/subdags/subdag.py
[2024-09-12T07:09:34.320+0000] {processor.py:826} INFO - Processing file /home/vscode/.local/lib/python3.10/site-packages/airflow/example_dags/subdags/subdag.py for tasks to queue
[2024-09-12T07:09:34.320+0000] {logging_mixin.py:150} INFO - [2024-09-12T07:09:34.320+0000] {dagbag.py:541} INFO - Filling up the DagBag from /home/vscode/.local/lib/python3.10/site-packages/airflow/example_dags/subdags/subdag.py
[2024-09-12T07:09:34.322+0000] {processor.py:838} WARNING - No viable dags retrieved from /home/vscode/.local/lib/python3.10/site-packages/airflow/example_dags/subdags/subdag.py
[2024-09-12T07:09:34.329+0000] {processor.py:179} INFO - Processing /home/vscode/.local/lib/python3.10/site-packages/airflow/example_dags/subdags/subdag.py took 0.013 seconds
